TIME: 05-06-2012 10:21:45 
 MESSAGE: Uncaught TypeError: Cannot call method 'submit' of undefined 
 URL: http://www.yourdelivery.local/ 
 LINE: 118 
 PARENTURL: http://www.yourdelivery.local/ 
 USERAGENT: Mozilla/5.0 (X11; Linux x86_64) AppleWebKit/536.5 (KHTML, like Gecko) Chrome/19.0.1084.52 Safari/536.5 

TIME: 05-06-2012 10:22:44 
 MESSAGE: Uncaught TypeError: Cannot call method 'submit' of undefined 
 URL: http://www.yourdelivery.local/ 
 LINE: 118 
 PARENTURL: http://www.yourdelivery.local/# 
 USERAGENT: Mozilla/5.0 (X11; Linux x86_64) AppleWebKit/536.5 (KHTML, like Gecko) Chrome/19.0.1084.52 Safari/536.5 

TIME: 05-06-2012 10:35:13 
 MESSAGE: document.cep_form is undefined 
 URL: http://www.yourdelivery.local/ 
 LINE: 1 
 PARENTURL: http://www.yourdelivery.local/ 
 USERAGENT: Mozilla/5.0 (X11; Ubuntu; Linux x86_64; rv:12.0) Gecko/20100101 Firefox/12.0 

TIME: 05-06-2012 10:35:41 
 MESSAGE: document.cep_form is undefined 
 URL: http://www.yourdelivery.local/ 
 LINE: 1 
 PARENTURL: http://www.yourdelivery.local/# 
 USERAGENT: Mozilla/5.0 (X11; Ubuntu; Linux x86_64; rv:12.0) Gecko/20100101 Firefox/12.0 

TIME: 05-06-2012 10:42:37 
 MESSAGE: document.cep_form is undefined 
 URL: http://www.yourdelivery.local/# 
 LINE: 1 
 PARENTURL: http://www.yourdelivery.local/# 
 USERAGENT: Mozilla/5.0 (X11; Ubuntu; Linux x86_64; rv:12.0) Gecko/20100101 Firefox/12.0 

