TIME: 12-09-2012 10:07:18 
 MESSAGE: ReferenceError: todo is not defined 
 URL: http://www.yourdelivery.local/media/javascript/library/can/can.jquery-1.0.7.min.js 
 LINE: 42 
 PARENTURL: http://www.yourdelivery.local/phoneorder#!1198/2349 
 USERAGENT: Mozilla/5.0 (X11; Ubuntu; Linux x86_64; rv:15.0) Gecko/20100101 Firefox/15.0 

TIME: 12-09-2012 10:07:30 
 MESSAGE: ReferenceError: todo is not defined 
 URL: http://www.yourdelivery.local/media/javascript/library/can/can.jquery-1.0.7.min.js 
 LINE: 42 
 PARENTURL: http://www.yourdelivery.local/phoneorder#!1198/2349 
 USERAGENT: Mozilla/5.0 (X11; Ubuntu; Linux x86_64; rv:15.0) Gecko/20100101 Firefox/15.0 

TIME: 12-09-2012 10:46:02 
 MESSAGE: ReferenceError: todo is not defined 
 URL: http://www.yourdelivery.local/media/javascript/library/can/can.jquery-1.0.7.min.js 
 LINE: 42 
 PARENTURL: http://www.yourdelivery.local/phoneorder#!1198/2349 
 USERAGENT: Mozilla/5.0 (X11; Ubuntu; Linux x86_64; rv:15.0) Gecko/20100101 Firefox/15.0.1 

TIME: 12-09-2012 13:33:53 
 MESSAGE: ReferenceError: todo is not defined 
 URL: http://www.yourdelivery.local/media/javascript/library/can/can.jquery-1.0.7.min.js 
 LINE: 42 
 PARENTURL: http://www.yourdelivery.local/phoneorder#!1198/2349 
 USERAGENT: Mozilla/5.0 (X11; Ubuntu; Linux x86_64; rv:15.0) Gecko/20100101 Firefox/15.0.1 

TIME: 12-09-2012 13:39:02 
 MESSAGE: TypeError: Meals.findOne is not a function 
 URL: http://www.yourdelivery.local/phoneorder#!1198/2349 
 LINE: 82 
 PARENTURL: http://www.yourdelivery.local/phoneorder#!1198/2349 
 USERAGENT: Mozilla/5.0 (X11; Ubuntu; Linux x86_64; rv:15.0) Gecko/20100101 Firefox/15.0.1 

TIME: 12-09-2012 13:40:00 
 MESSAGE: TypeError: Meals.findOne is not a function 
 URL: http://www.yourdelivery.local/phoneorder#!1198/2349 
 LINE: 82 
 PARENTURL: http://www.yourdelivery.local/phoneorder#!1198/2349 
 USERAGENT: Mozilla/5.0 (X11; Ubuntu; Linux x86_64; rv:15.0) Gecko/20100101 Firefox/15.0.1 

TIME: 12-09-2012 13:40:14 
 MESSAGE: TypeError: Meals.findOne is not a function 
 URL: http://www.yourdelivery.local/phoneorder#!1198/2349 
 LINE: 82 
 PARENTURL: http://www.yourdelivery.local/phoneorder#!1198/2349 
 USERAGENT: Mozilla/5.0 (X11; Ubuntu; Linux x86_64; rv:15.0) Gecko/20100101 Firefox/15.0.1 

TIME: 12-09-2012 13:40:39 
 MESSAGE: TypeError: Meals.findOne is not a function 
 URL: http://www.yourdelivery.local/phoneorder#!1198/2349 
 LINE: 82 
 PARENTURL: http://www.yourdelivery.local/phoneorder#!1198/2349 
 USERAGENT: Mozilla/5.0 (X11; Ubuntu; Linux x86_64; rv:15.0) Gecko/20100101 Firefox/15.0.1 

TIME: 12-09-2012 13:41:03 
 MESSAGE: TypeError: second argument to Function.prototype.apply must be an array 
 URL: http://www.yourdelivery.local/media/javascript/compiled/frontend-296a86beed286a4f6ab63f9243937c31d3b9e55e.js 
 LINE: 11 
 PARENTURL: http://www.yourdelivery.local/phoneorder#!1198/2349 
 USERAGENT: Mozilla/5.0 (X11; Ubuntu; Linux x86_64; rv:15.0) Gecko/20100101 Firefox/15.0.1 

TIME: 12-09-2012 13:44:09 
 MESSAGE: TypeError: second argument to Function.prototype.apply must be an array 
 URL: http://www.yourdelivery.local/media/javascript/compiled/frontend-296a86beed286a4f6ab63f9243937c31d3b9e55e.js 
 LINE: 11 
 PARENTURL: http://www.yourdelivery.local/phoneorder#!1198/2349 
 USERAGENT: Mozilla/5.0 (X11; Ubuntu; Linux x86_64; rv:15.0) Gecko/20100101 Firefox/15.0.1 

TIME: 12-09-2012 13:45:13 
 MESSAGE: TypeError: second argument to Function.prototype.apply must be an array 
 URL: http://www.yourdelivery.local/media/javascript/compiled/frontend-296a86beed286a4f6ab63f9243937c31d3b9e55e.js 
 LINE: 11 
 PARENTURL: http://www.yourdelivery.local/phoneorder#!1198/2349 
 USERAGENT: Mozilla/5.0 (X11; Ubuntu; Linux x86_64; rv:15.0) Gecko/20100101 Firefox/15.0.1 

TIME: 12-09-2012 13:46:34 
 MESSAGE: TypeError: second argument to Function.prototype.apply must be an array 
 URL: http://www.yourdelivery.local/media/javascript/compiled/frontend-296a86beed286a4f6ab63f9243937c31d3b9e55e.js 
 LINE: 11 
 PARENTURL: http://www.yourdelivery.local/phoneorder#!1198/2349 
 USERAGENT: Mozilla/5.0 (X11; Ubuntu; Linux x86_64; rv:15.0) Gecko/20100101 Firefox/15.0.1 

TIME: 12-09-2012 13:47:16 
 MESSAGE: TypeError: second argument to Function.prototype.apply must be an array 
 URL: http://www.yourdelivery.local/media/javascript/compiled/frontend-296a86beed286a4f6ab63f9243937c31d3b9e55e.js 
 LINE: 11 
 PARENTURL: http://www.yourdelivery.local/phoneorder#!1198/2349 
 USERAGENT: Mozilla/5.0 (X11; Ubuntu; Linux x86_64; rv:15.0) Gecko/20100101 Firefox/15.0.1 

TIME: 12-09-2012 13:47:43 
 MESSAGE: TypeError: second argument to Function.prototype.apply must be an array 
 URL: http://www.yourdelivery.local/media/javascript/compiled/frontend-296a86beed286a4f6ab63f9243937c31d3b9e55e.js 
 LINE: 11 
 PARENTURL: http://www.yourdelivery.local/phoneorder#!1198/2349 
 USERAGENT: Mozilla/5.0 (X11; Ubuntu; Linux x86_64; rv:15.0) Gecko/20100101 Firefox/15.0.1 

TIME: 12-09-2012 13:48:34 
 MESSAGE: TypeError: second argument to Function.prototype.apply must be an array 
 URL: http://www.yourdelivery.local/media/javascript/compiled/frontend-296a86beed286a4f6ab63f9243937c31d3b9e55e.js 
 LINE: 11 
 PARENTURL: http://www.yourdelivery.local/phoneorder#!1198/2349 
 USERAGENT: Mozilla/5.0 (X11; Ubuntu; Linux x86_64; rv:15.0) Gecko/20100101 Firefox/15.0.1 

TIME: 12-09-2012 13:48:52 
 MESSAGE: ReferenceError: todo is not defined 
 URL: http://www.yourdelivery.local/media/javascript/library/can/can.jquery-1.0.7.min.js 
 LINE: 42 
 PARENTURL: http://www.yourdelivery.local/phoneorder#!1198/2349 
 USERAGENT: Mozilla/5.0 (X11; Ubuntu; Linux x86_64; rv:15.0) Gecko/20100101 Firefox/15.0.1 

TIME: 12-09-2012 13:54:54 
 MESSAGE: ReferenceError: todo is not defined 
 URL: http://www.yourdelivery.local/media/javascript/library/can/can.jquery-1.0.7.min.js 
 LINE: 42 
 PARENTURL: http://www.yourdelivery.local/phoneorder#!1198/2349 
 USERAGENT: Mozilla/5.0 (X11; Ubuntu; Linux x86_64; rv:15.0) Gecko/20100101 Firefox/15.0.1 

TIME: 12-09-2012 14:08:28 
 MESSAGE: ReferenceError: todo is not defined 
 URL: http://www.yourdelivery.local/media/javascript/library/can/can.jquery-1.0.7.min.js 
 LINE: 42 
 PARENTURL: http://www.yourdelivery.local/phoneorder#!1198/2349 
 USERAGENT: Mozilla/5.0 (X11; Ubuntu; Linux x86_64; rv:15.0) Gecko/20100101 Firefox/15.0.1 

TIME: 12-09-2012 14:10:25 
 MESSAGE: ReferenceError: todo is not defined 
 URL: http://www.yourdelivery.local/media/javascript/library/can/can.jquery-1.0.7.min.js 
 LINE: 42 
 PARENTURL: http://www.yourdelivery.local/phoneorder#!1198/2349 
 USERAGENT: Mozilla/5.0 (X11; Ubuntu; Linux x86_64; rv:15.0) Gecko/20100101 Firefox/15.0.1 

TIME: 12-09-2012 16:27:25 
 MESSAGE: TypeError: this.each is not a function 
 URL: http://www.yourdelivery.local/media/javascript/library/can/can.jquery-1.0.7.min.js 
 LINE: 42 
 PARENTURL: http://www.yourdelivery.local/phoneorder#!1198/2349 
 USERAGENT: Mozilla/5.0 (X11; Ubuntu; Linux x86_64; rv:15.0) Gecko/20100101 Firefox/15.0.1 

TIME: 12-09-2012 16:27:56 
 MESSAGE: TypeError: this.each is not a function 
 URL: http://www.yourdelivery.local/media/javascript/library/can/can.jquery-1.0.7.min.js 
 LINE: 42 
 PARENTURL: http://www.yourdelivery.local/phoneorder#!1198/2349 
 USERAGENT: Mozilla/5.0 (X11; Ubuntu; Linux x86_64; rv:15.0) Gecko/20100101 Firefox/15.0.1 

TIME: 12-09-2012 16:29:14 
 MESSAGE: TypeError: this.each is not a function 
 URL: http://www.yourdelivery.local/media/javascript/library/can/can.jquery-1.0.7.min.js 
 LINE: 42 
 PARENTURL: http://www.yourdelivery.local/phoneorder#!1198/2349 
 USERAGENT: Mozilla/5.0 (X11; Ubuntu; Linux x86_64; rv:15.0) Gecko/20100101 Firefox/15.0.1 

