TIME: 05-07-2012 17:06:19 
 MESSAGE: syntax error 
 URL: http://www.yourdelivery.local/ 
 LINE: 107 
 PARENTURL: http://www.yourdelivery.local/ 
 USERAGENT: Mozilla/5.0 (X11; Ubuntu; Linux x86_64; rv:13.0) Gecko/20100101 Firefox/13.0.1 

TIME: 05-07-2012 17:06:19 
 MESSAGE: missing ) after argument list 
 URL: http://www.yourdelivery.local/ 
 LINE: 127 
 PARENTURL: http://www.yourdelivery.local/ 
 USERAGENT: Mozilla/5.0 (X11; Ubuntu; Linux x86_64; rv:13.0) Gecko/20100101 Firefox/13.0.1 

TIME: 05-07-2012 17:08:54 
 MESSAGE: syntax error 
 URL: http://www.yourdelivery.local/ 
 LINE: 107 
 PARENTURL: http://www.yourdelivery.local/ 
 USERAGENT: Mozilla/5.0 (X11; Ubuntu; Linux x86_64; rv:13.0) Gecko/20100101 Firefox/13.0.1 

TIME: 05-07-2012 17:08:54 
 MESSAGE: missing ) after argument list 
 URL: http://www.yourdelivery.local/ 
 LINE: 127 
 PARENTURL: http://www.yourdelivery.local/ 
 USERAGENT: Mozilla/5.0 (X11; Ubuntu; Linux x86_64; rv:13.0) Gecko/20100101 Firefox/13.0.1 

TIME: 05-07-2012 17:12:54 
 MESSAGE: document.getElementById("fb-root") is null 
 URL: http://www.yourdelivery.local/ 
 LINE: 137 
 PARENTURL: http://www.yourdelivery.local/ 
 USERAGENT: Mozilla/5.0 (X11; Ubuntu; Linux x86_64; rv:13.0) Gecko/20100101 Firefox/13.0.1 

TIME: 05-07-2012 17:14:17 
 MESSAGE: document.getElementById("fb-root") is null 
 URL: http://www.yourdelivery.local/ 
 LINE: 137 
 PARENTURL: http://www.yourdelivery.local/ 
 USERAGENT: Mozilla/5.0 (X11; Ubuntu; Linux x86_64; rv:13.0) Gecko/20100101 Firefox/13.0.1 

TIME: 05-07-2012 17:58:37 
 MESSAGE: syntax error 
 URL: http://www.yourdelivery.local/ 
 LINE: 145 
 PARENTURL: http://www.yourdelivery.local/ 
 USERAGENT: Mozilla/5.0 (X11; Ubuntu; Linux x86_64; rv:13.0) Gecko/20100101 Firefox/13.0.1 

TIME: 05-07-2012 18:06:32 
 MESSAGE: responso is not defined 
 URL: http://www.yourdelivery.local/ 
 LINE: 141 
 PARENTURL: http://www.yourdelivery.local/ 
 USERAGENT: Mozilla/5.0 (X11; Ubuntu; Linux x86_64; rv:13.0) Gecko/20100101 Firefox/13.0.1 

TIME: 05-07-2012 18:06:48 
 MESSAGE: responso is not defined 
 URL: http://www.yourdelivery.local/ 
 LINE: 141 
 PARENTURL: http://www.yourdelivery.local/ 
 USERAGENT: Mozilla/5.0 (X11; Ubuntu; Linux x86_64; rv:13.0) Gecko/20100101 Firefox/13.0.1 

