TIME: 02-08-2012 07:35:25 
 MESSAGE: TypeError: this.val is not a function 
 URL: http://www.yourdelivery.local/static/public/janamesa.com.br/slider.shtml 
 LINE: 33 
 PARENTURL: http://www.yourdelivery.local/static/public/janamesa.com.br/slider.shtml 
 USERAGENT: Mozilla/5.0 (X11; Ubuntu; Linux x86_64; rv:14.0) Gecko/20100101 Firefox/14.0.1 

TIME: 02-08-2012 07:35:32 
 MESSAGE: TypeError: this.val is not a function 
 URL: http://www.yourdelivery.local/static/public/janamesa.com.br/slider.shtml 
 LINE: 33 
 PARENTURL: http://www.yourdelivery.local/static/public/janamesa.com.br/slider.shtml 
 USERAGENT: Mozilla/5.0 (X11; Ubuntu; Linux x86_64; rv:14.0) Gecko/20100101 Firefox/14.0.1 

TIME: 02-08-2012 08:22:11 
 MESSAGE: TypeError: XML descendants internal method called on incompatible Object 
 URL: http://www.yourdelivery.local/media/javascript/compiled/frontend-296a86beed286a4f6ab63f9243937c31d3b9e55e.js 
 LINE: 22875 
 PARENTURL: http://www.yourdelivery.local/user/register 
 USERAGENT: Mozilla/5.0 (X11; Ubuntu; Linux x86_64; rv:14.0) Gecko/20100101 Firefox/14.0.1 

TIME: 02-08-2012 08:22:14 
 MESSAGE: TypeError: XML descendants internal method called on incompatible Object 
 URL: http://www.yourdelivery.local/media/javascript/compiled/frontend-296a86beed286a4f6ab63f9243937c31d3b9e55e.js 
 LINE: 22875 
 PARENTURL: http://www.yourdelivery.local/user/register 
 USERAGENT: Mozilla/5.0 (X11; Ubuntu; Linux x86_64; rv:14.0) Gecko/20100101 Firefox/14.0.1 

TIME: 02-08-2012 08:22:16 
 MESSAGE: TypeError: XML descendants internal method called on incompatible Object 
 URL: http://www.yourdelivery.local/media/javascript/compiled/frontend-296a86beed286a4f6ab63f9243937c31d3b9e55e.js 
 LINE: 22875 
 PARENTURL: http://www.yourdelivery.local/user/register 
 USERAGENT: Mozilla/5.0 (X11; Ubuntu; Linux x86_64; rv:14.0) Gecko/20100101 Firefox/14.0.1 

TIME: 02-08-2012 08:22:17 
 MESSAGE: TypeError: XML descendants internal method called on incompatible Object 
 URL: http://www.yourdelivery.local/media/javascript/compiled/frontend-296a86beed286a4f6ab63f9243937c31d3b9e55e.js 
 LINE: 22875 
 PARENTURL: http://www.yourdelivery.local/user/register 
 USERAGENT: Mozilla/5.0 (X11; Ubuntu; Linux x86_64; rv:14.0) Gecko/20100101 Firefox/14.0.1 

TIME: 02-08-2012 08:22:19 
 MESSAGE: TypeError: XML descendants internal method called on incompatible Object 
 URL: http://www.yourdelivery.local/media/javascript/compiled/frontend-296a86beed286a4f6ab63f9243937c31d3b9e55e.js 
 LINE: 22875 
 PARENTURL: http://www.yourdelivery.local/user/register 
 USERAGENT: Mozilla/5.0 (X11; Ubuntu; Linux x86_64; rv:14.0) Gecko/20100101 Firefox/14.0.1 

TIME: 02-08-2012 08:22:20 
 MESSAGE: TypeError: XML descendants internal method called on incompatible Object 
 URL: http://www.yourdelivery.local/media/javascript/compiled/frontend-296a86beed286a4f6ab63f9243937c31d3b9e55e.js 
 LINE: 22875 
 PARENTURL: http://www.yourdelivery.local/user/register 
 USERAGENT: Mozilla/5.0 (X11; Ubuntu; Linux x86_64; rv:14.0) Gecko/20100101 Firefox/14.0.1 

TIME: 02-08-2012 08:23:29 
 MESSAGE: TypeError: XML descendants internal method called on incompatible Object 
 URL: http://www.yourdelivery.local/media/javascript/compiled/frontend-296a86beed286a4f6ab63f9243937c31d3b9e55e.js 
 LINE: 22875 
 PARENTURL: http://www.yourdelivery.local/user/register 
 USERAGENT: Mozilla/5.0 (X11; Ubuntu; Linux x86_64; rv:14.0) Gecko/20100101 Firefox/14.0.1 

TIME: 02-08-2012 08:23:31 
 MESSAGE: TypeError: XML descendants internal method called on incompatible Object 
 URL: http://www.yourdelivery.local/media/javascript/compiled/frontend-296a86beed286a4f6ab63f9243937c31d3b9e55e.js 
 LINE: 22875 
 PARENTURL: http://www.yourdelivery.local/user/register 
 USERAGENT: Mozilla/5.0 (X11; Ubuntu; Linux x86_64; rv:14.0) Gecko/20100101 Firefox/14.0.1 

TIME: 02-08-2012 08:23:33 
 MESSAGE: TypeError: XML descendants internal method called on incompatible Object 
 URL: http://www.yourdelivery.local/media/javascript/compiled/frontend-296a86beed286a4f6ab63f9243937c31d3b9e55e.js 
 LINE: 22875 
 PARENTURL: http://www.yourdelivery.local/user/register 
 USERAGENT: Mozilla/5.0 (X11; Ubuntu; Linux x86_64; rv:14.0) Gecko/20100101 Firefox/14.0.1 

TIME: 02-08-2012 08:23:34 
 MESSAGE: TypeError: XML descendants internal method called on incompatible Object 
 URL: http://www.yourdelivery.local/media/javascript/compiled/frontend-296a86beed286a4f6ab63f9243937c31d3b9e55e.js 
 LINE: 22875 
 PARENTURL: http://www.yourdelivery.local/user/register 
 USERAGENT: Mozilla/5.0 (X11; Ubuntu; Linux x86_64; rv:14.0) Gecko/20100101 Firefox/14.0.1 

TIME: 02-08-2012 08:23:39 
 MESSAGE: TypeError: XML descendants internal method called on incompatible Object 
 URL: http://www.yourdelivery.local/media/javascript/compiled/frontend-296a86beed286a4f6ab63f9243937c31d3b9e55e.js 
 LINE: 22875 
 PARENTURL: http://www.yourdelivery.local/user/register 
 USERAGENT: Mozilla/5.0 (X11; Ubuntu; Linux x86_64; rv:14.0) Gecko/20100101 Firefox/14.0.1 

TIME: 02-08-2012 08:24:27 
 MESSAGE: TypeError: XML descendants internal method called on incompatible Object 
 URL: http://www.yourdelivery.local/media/javascript/compiled/frontend-296a86beed286a4f6ab63f9243937c31d3b9e55e.js 
 LINE: 22875 
 PARENTURL: http://www.yourdelivery.local/user/register 
 USERAGENT: Mozilla/5.0 (X11; Ubuntu; Linux x86_64; rv:14.0) Gecko/20100101 Firefox/14.0.1 

TIME: 02-08-2012 08:24:29 
 MESSAGE: TypeError: XML descendants internal method called on incompatible Object 
 URL: http://www.yourdelivery.local/media/javascript/compiled/frontend-296a86beed286a4f6ab63f9243937c31d3b9e55e.js 
 LINE: 22875 
 PARENTURL: http://www.yourdelivery.local/user/register 
 USERAGENT: Mozilla/5.0 (X11; Ubuntu; Linux x86_64; rv:14.0) Gecko/20100101 Firefox/14.0.1 

TIME: 02-08-2012 09:44:05 
 MESSAGE: ReferenceError: mask is not defined 
 URL: http://www.yourdelivery.local/media/javascript/compiled/frontend-test.js 
 LINE: 22869 
 PARENTURL: http://www.yourdelivery.local/user/settings 
 USERAGENT: Mozilla/5.0 (X11; Ubuntu; Linux x86_64; rv:14.0) Gecko/20100101 Firefox/14.0.1 

