TIME: 04-06-2012 18:32:27 
 MESSAGE: document.cep_form is undefined 
 URL: http://www.yourdelivery.local/ 
 LINE: 1 
 PARENTURL: http://www.yourdelivery.local/ 
 USERAGENT: Mozilla/5.0 (X11; Ubuntu; Linux x86_64; rv:12.0) Gecko/20100101 Firefox/12.0 

TIME: 04-06-2012 18:32:32 
 MESSAGE: document.cep_form is undefined 
 URL: http://www.yourdelivery.local/ 
 LINE: 1 
 PARENTURL: http://www.yourdelivery.local/# 
 USERAGENT: Mozilla/5.0 (X11; Ubuntu; Linux x86_64; rv:12.0) Gecko/20100101 Firefox/12.0 

TIME: 04-06-2012 18:32:46 
 MESSAGE: document.cep_form is undefined 
 URL: http://www.yourdelivery.local/ 
 LINE: 1 
 PARENTURL: http://www.yourdelivery.local/# 
 USERAGENT: Mozilla/5.0 (X11; Ubuntu; Linux x86_64; rv:12.0) Gecko/20100101 Firefox/12.0 

TIME: 04-06-2012 18:33:00 
 MESSAGE: document.cep_form is undefined 
 URL: http://www.yourdelivery.local/ 
 LINE: 1 
 PARENTURL: http://www.yourdelivery.local/# 
 USERAGENT: Mozilla/5.0 (X11; Ubuntu; Linux x86_64; rv:12.0) Gecko/20100101 Firefox/12.0 

TIME: 04-06-2012 18:33:07 
 MESSAGE: document.cep_form is undefined 
 URL: http://www.yourdelivery.local/ 
 LINE: 1 
 PARENTURL: http://www.yourdelivery.local/# 
 USERAGENT: Mozilla/5.0 (X11; Ubuntu; Linux x86_64; rv:12.0) Gecko/20100101 Firefox/12.0 

