TIME: 30-08-2012 08:40:38 
 MESSAGE: TypeError: form["options_"   optionRowId   "_"   optionId   "_cost"] is undefined 
 URL: http://www.yourdelivery.local/media/javascript/compiled/frontend-296a86beed286a4f6ab63f9243937c31d3b9e55e.js 
 LINE: 19587 
 PARENTURL: http://www.yourdelivery.local/servico-de-entrega-funny-pizzas-sao-paulo 
 USERAGENT: Mozilla/5.0 (X11; Ubuntu; Linux x86_64; rv:15.0) Gecko/20100101 Firefox/15.0 

TIME: 30-08-2012 08:40:41 
 MESSAGE: TypeError: form["options_"   optionRowId   "_"   optionId   "_cost"] is undefined 
 URL: http://www.yourdelivery.local/media/javascript/compiled/frontend-296a86beed286a4f6ab63f9243937c31d3b9e55e.js 
 LINE: 19587 
 PARENTURL: http://www.yourdelivery.local/servico-de-entrega-funny-pizzas-sao-paulo 
 USERAGENT: Mozilla/5.0 (X11; Ubuntu; Linux x86_64; rv:15.0) Gecko/20100101 Firefox/15.0 

TIME: 30-08-2012 09:15:54 
 MESSAGE: TypeError: $("row-"   parts[2]   "-"   parts[3]   "-"   sizeId   "-"   parts[5]).get(0) is undefined 
 URL: http://www.yourdelivery.local/media/javascript/compiled/frontend-296a86beed286a4f6ab63f9243937c31d3b9e55e.js 
 LINE: 19521 
 PARENTURL: http://www.yourdelivery.local/servico-de-entrega-funny-pizzas-sao-paulo 
 USERAGENT: Mozilla/5.0 (X11; Ubuntu; Linux x86_64; rv:15.0) Gecko/20100101 Firefox/15.0 

TIME: 30-08-2012 09:16:41 
 MESSAGE: TypeError: $("#row-"   parts[2]   "-"   parts[3]   "-"   sizeId   "-"   parts[5]).get(0) is undefined 
 URL: http://www.yourdelivery.local/media/javascript/compiled/frontend-296a86beed286a4f6ab63f9243937c31d3b9e55e.js 
 LINE: 19521 
 PARENTURL: http://www.yourdelivery.local/servico-de-entrega-funny-pizzas-sao-paulo 
 USERAGENT: Mozilla/5.0 (X11; Ubuntu; Linux x86_64; rv:15.0) Gecko/20100101 Firefox/15.0 

TIME: 30-08-2012 09:17:47 
 MESSAGE: TypeError: $("#row-"   parts[2]   "-"   parts[3]   "-"   sizeId   "-"   parts[5]).get(0) is undefined 
 URL: http://www.yourdelivery.local/media/javascript/compiled/frontend-296a86beed286a4f6ab63f9243937c31d3b9e55e.js 
 LINE: 19522 
 PARENTURL: http://www.yourdelivery.local/servico-de-entrega-funny-pizzas-sao-paulo 
 USERAGENT: Mozilla/5.0 (X11; Ubuntu; Linux x86_64; rv:15.0) Gecko/20100101 Firefox/15.0 

TIME: 30-08-2012 10:14:12 
 MESSAGE: ReferenceError: $optionRow is not defined 
 URL: http://www.yourdelivery.local/media/javascript/compiled/frontend-296a86beed286a4f6ab63f9243937c31d3b9e55e.js 
 LINE: 19507 
 PARENTURL: http://www.yourdelivery.local/servico-de-entrega-funny-pizzas-sao-paulo 
 USERAGENT: Mozilla/5.0 (X11; Ubuntu; Linux x86_64; rv:15.0) Gecko/20100101 Firefox/15.0 

TIME: 30-08-2012 10:14:15 
 MESSAGE: ReferenceError: $optionRow is not defined 
 URL: http://www.yourdelivery.local/media/javascript/compiled/frontend-296a86beed286a4f6ab63f9243937c31d3b9e55e.js 
 LINE: 19507 
 PARENTURL: http://www.yourdelivery.local/servico-de-entrega-funny-pizzas-sao-paulo 
 USERAGENT: Mozilla/5.0 (X11; Ubuntu; Linux x86_64; rv:15.0) Gecko/20100101 Firefox/15.0 

TIME: 30-08-2012 10:14:16 
 MESSAGE: ReferenceError: $optionRow is not defined 
 URL: http://www.yourdelivery.local/media/javascript/compiled/frontend-296a86beed286a4f6ab63f9243937c31d3b9e55e.js 
 LINE: 19507 
 PARENTURL: http://www.yourdelivery.local/servico-de-entrega-funny-pizzas-sao-paulo 
 USERAGENT: Mozilla/5.0 (X11; Ubuntu; Linux x86_64; rv:15.0) Gecko/20100101 Firefox/15.0 

TIME: 30-08-2012 10:14:18 
 MESSAGE: ReferenceError: $optionRow is not defined 
 URL: http://www.yourdelivery.local/media/javascript/compiled/frontend-296a86beed286a4f6ab63f9243937c31d3b9e55e.js 
 LINE: 19507 
 PARENTURL: http://www.yourdelivery.local/servico-de-entrega-funny-pizzas-sao-paulo 
 USERAGENT: Mozilla/5.0 (X11; Ubuntu; Linux x86_64; rv:15.0) Gecko/20100101 Firefox/15.0 

TIME: 30-08-2012 10:21:19 
 MESSAGE: TypeError: form["options_"   groupId   "_"   optionId   "_cost"] is undefined 
 URL: http://www.yourdelivery.local/media/javascript/compiled/frontend-296a86beed286a4f6ab63f9243937c31d3b9e55e.js 
 LINE: 19384 
 PARENTURL: http://www.yourdelivery.local/servico-de-entrega-funny-pizzas-sao-paulo 
 USERAGENT: Mozilla/5.0 (X11; Ubuntu; Linux x86_64; rv:15.0) Gecko/20100101 Firefox/15.0 

TIME: 30-08-2012 10:23:39 
 MESSAGE: TypeError: form["options_"   groupId   "_"   optionId   "_"   sizeId   "_cost"] is undefined 
 URL: http://www.yourdelivery.local/media/javascript/compiled/frontend-296a86beed286a4f6ab63f9243937c31d3b9e55e.js 
 LINE: 19384 
 PARENTURL: http://www.yourdelivery.local/servico-de-entrega-funny-pizzas-sao-paulo 
 USERAGENT: Mozilla/5.0 (X11; Ubuntu; Linux x86_64; rv:15.0) Gecko/20100101 Firefox/15.0 

TIME: 30-08-2012 10:27:36 
 MESSAGE: TypeError: form["options_"   groupId   "_"   optionId   "_"   sizeId   "_cost"] is undefined 
 URL: http://www.yourdelivery.local/media/javascript/compiled/frontend-296a86beed286a4f6ab63f9243937c31d3b9e55e.js 
 LINE: 19385 
 PARENTURL: http://www.yourdelivery.local/servico-de-entrega-funny-pizzas-sao-paulo 
 USERAGENT: Mozilla/5.0 (X11; Ubuntu; Linux x86_64; rv:15.0) Gecko/20100101 Firefox/15.0 

TIME: 30-08-2012 10:29:52 
 MESSAGE: TypeError: form["options_"   groupId   "_"   optionId   "_"   sizeId   "_cost"] is undefined 
 URL: http://www.yourdelivery.local/media/javascript/compiled/frontend-296a86beed286a4f6ab63f9243937c31d3b9e55e.js 
 LINE: 19385 
 PARENTURL: http://www.yourdelivery.local/servico-de-entrega-funny-pizzas-sao-paulo 
 USERAGENT: Mozilla/5.0 (X11; Ubuntu; Linux x86_64; rv:15.0) Gecko/20100101 Firefox/15.0 

TIME: 30-08-2012 15:47:05 
 MESSAGE: TypeError: form["options_"   optionRowId   "_"   optionId   "_"   sizeId   "_cost"] is undefined 
 URL: http://www.yourdelivery.local/media/javascript/compiled/frontend-296a86beed286a4f6ab63f9243937c31d3b9e55e.js 
 LINE: 19626 
 PARENTURL: http://www.yourdelivery.local/servico-de-entrega-funny-pizzas-sao-paulo 
 USERAGENT: Mozilla/5.0 (X11; Ubuntu; Linux x86_64; rv:15.0) Gecko/20100101 Firefox/15.0 

TIME: 30-08-2012 15:47:06 
 MESSAGE: TypeError: form["options_"   optionRowId   "_"   optionId   "_"   sizeId   "_cost"] is undefined 
 URL: http://www.yourdelivery.local/media/javascript/compiled/frontend-296a86beed286a4f6ab63f9243937c31d3b9e55e.js 
 LINE: 19626 
 PARENTURL: http://www.yourdelivery.local/servico-de-entrega-funny-pizzas-sao-paulo 
 USERAGENT: Mozilla/5.0 (X11; Ubuntu; Linux x86_64; rv:15.0) Gecko/20100101 Firefox/15.0 

TIME: 30-08-2012 15:47:09 
 MESSAGE: TypeError: form["options_"   optionRowId   "_"   optionId   "_"   sizeId   "_cost"] is undefined 
 URL: http://www.yourdelivery.local/media/javascript/compiled/frontend-296a86beed286a4f6ab63f9243937c31d3b9e55e.js 
 LINE: 19626 
 PARENTURL: http://www.yourdelivery.local/servico-de-entrega-funny-pizzas-sao-paulo 
 USERAGENT: Mozilla/5.0 (X11; Ubuntu; Linux x86_64; rv:15.0) Gecko/20100101 Firefox/15.0 

TIME: 30-08-2012 15:47:26 
 MESSAGE: TypeError: form["options_"   optionRowId   "_"   optionId   "_"   sizeId   "_cost"] is undefined 
 URL: http://www.yourdelivery.local/media/javascript/compiled/frontend-296a86beed286a4f6ab63f9243937c31d3b9e55e.js 
 LINE: 19626 
 PARENTURL: http://www.yourdelivery.local/servico-de-entrega-funny-pizzas-sao-paulo 
 USERAGENT: Mozilla/5.0 (X11; Ubuntu; Linux x86_64; rv:15.0) Gecko/20100101 Firefox/15.0 

TIME: 30-08-2012 15:47:30 
 MESSAGE: TypeError: form["options_"   optionRowId   "_"   optionId   "_"   sizeId   "_cost"] is undefined 
 URL: http://www.yourdelivery.local/media/javascript/compiled/frontend-296a86beed286a4f6ab63f9243937c31d3b9e55e.js 
 LINE: 19626 
 PARENTURL: http://www.yourdelivery.local/servico-de-entrega-funny-pizzas-sao-paulo 
 USERAGENT: Mozilla/5.0 (X11; Ubuntu; Linux x86_64; rv:15.0) Gecko/20100101 Firefox/15.0 

