TIME: 24-07-2012 08:05:49 
 MESSAGE: ReferenceError: midnightTimestamp is not defined 
 URL: http://www.yourdelivery.local/media/javascript/compiled/frontend-296a86beed286a4f6ab63f9243937c31d3b9e55e.js 
 LINE: 12240 
 PARENTURL: http://www.yourdelivery.local/servico-de-entega-sabores-mix-sao-paulo 
 USERAGENT: Mozilla/5.0 (X11; Ubuntu; Linux x86_64; rv:14.0) Gecko/20100101 Firefox/14.0.1 

TIME: 24-07-2012 08:06:05 
 MESSAGE: ReferenceError: midnightTimestamp is not defined 
 URL: http://www.yourdelivery.local/media/javascript/compiled/frontend-296a86beed286a4f6ab63f9243937c31d3b9e55e.js 
 LINE: 12240 
 PARENTURL: http://www.yourdelivery.local/servico-de-entega-sabores-mix-sao-paulo 
 USERAGENT: Mozilla/5.0 (X11; Ubuntu; Linux x86_64; rv:14.0) Gecko/20100101 Firefox/14.0.1 

TIME: 24-07-2012 08:07:10 
 MESSAGE: ReferenceError: midnightTimestamp is not defined 
 URL: http://www.yourdelivery.local/media/javascript/compiled/frontend-296a86beed286a4f6ab63f9243937c31d3b9e55e.js 
 LINE: 12240 
 PARENTURL: http://www.yourdelivery.local/servico-de-entega-burdega-sao-paulo 
 USERAGENT: Mozilla/5.0 (X11; Ubuntu; Linux x86_64; rv:14.0) Gecko/20100101 Firefox/14.0.1 

TIME: 24-07-2012 08:08:26 
 MESSAGE: ReferenceError: midnightTimestamp is not defined 
 URL: http://www.yourdelivery.local/media/javascript/compiled/frontend-296a86beed286a4f6ab63f9243937c31d3b9e55e.js 
 LINE: 12240 
 PARENTURL: http://www.yourdelivery.local/servico-de-entega-burdega-sao-paulo 
 USERAGENT: Mozilla/5.0 (X11; Ubuntu; Linux x86_64; rv:14.0) Gecko/20100101 Firefox/14.0.1 

TIME: 24-07-2012 08:08:53 
 MESSAGE: ReferenceError: useNoHistoryBack is not defined 
 URL: http://www.yourdelivery.local/media/javascript/compiled/frontend-296a86beed286a4f6ab63f9243937c31d3b9e55e.js 
 LINE: 9567 
 PARENTURL: http://www.yourdelivery.local/servico-de-entrega-sao-paulo-04616-002 
 USERAGENT: Mozilla/5.0 (X11; Ubuntu; Linux x86_64; rv:14.0) Gecko/20100101 Firefox/14.0.1 

TIME: 24-07-2012 08:10:06 
 MESSAGE: ReferenceError: useNoHistoryBack is not defined 
 URL: http://www.yourdelivery.local/media/javascript/compiled/frontend-296a86beed286a4f6ab63f9243937c31d3b9e55e.js 
 LINE: 9568 
 PARENTURL: http://www.yourdelivery.local/servico-de-entrega-sao-paulo-04616-002 
 USERAGENT: Mozilla/5.0 (X11; Ubuntu; Linux x86_64; rv:14.0) Gecko/20100101 Firefox/14.0.1 

TIME: 24-07-2012 08:11:22 
 MESSAGE: ReferenceError: useNoHistoryBack is not defined 
 URL: http://www.yourdelivery.local/media/javascript/compiled/frontend-296a86beed286a4f6ab63f9243937c31d3b9e55e.js 
 LINE: 9568 
 PARENTURL: http://www.yourdelivery.local/servico-de-entrega-sao-paulo-04616-002 
 USERAGENT: Mozilla/5.0 (X11; Ubuntu; Linux x86_64; rv:14.0) Gecko/20100101 Firefox/14.0.1 

TIME: 24-07-2012 08:12:08 
 MESSAGE: ReferenceError: useNoHistoryBack is not defined 
 URL: http://www.yourdelivery.local/media/javascript/compiled/frontend-296a86beed286a4f6ab63f9243937c31d3b9e55e.js 
 LINE: 9568 
 PARENTURL: http://www.yourdelivery.local/servico-de-entrega-sao-paulo-04616-002 
 USERAGENT: Mozilla/5.0 (X11; Ubuntu; Linux x86_64; rv:14.0) Gecko/20100101 Firefox/14.0.1 

TIME: 24-07-2012 08:12:20 
 MESSAGE: ReferenceError: useNoHistoryBack is not defined 
 URL: http://www.yourdelivery.local/media/javascript/compiled/frontend-296a86beed286a4f6ab63f9243937c31d3b9e55e.js 
 LINE: 9568 
 PARENTURL: http://www.yourdelivery.local/servico-de-entrega-sao-paulo-04616-002 
 USERAGENT: Mozilla/5.0 (X11; Ubuntu; Linux x86_64; rv:14.0) Gecko/20100101 Firefox/14.0.1 

TIME: 24-07-2012 08:13:41 
 MESSAGE: ReferenceError: midnightTimestamp is not defined 
 URL: http://www.yourdelivery.local/media/javascript/compiled/frontend-296a86beed286a4f6ab63f9243937c31d3b9e55e.js 
 LINE: 12241 
 PARENTURL: http://www.yourdelivery.local/servico-de-entega-chopp-fast-sao-paulo 
 USERAGENT: Mozilla/5.0 (X11; Ubuntu; Linux x86_64; rv:14.0) Gecko/20100101 Firefox/14.0.1 

TIME: 24-07-2012 08:13:53 
 MESSAGE: ReferenceError: midnightTimestamp is not defined 
 URL: http://www.yourdelivery.local/media/javascript/compiled/frontend-296a86beed286a4f6ab63f9243937c31d3b9e55e.js 
 LINE: 12241 
 PARENTURL: http://www.yourdelivery.local/servico-de-entega-chopp-fast-sao-paulo 
 USERAGENT: Mozilla/5.0 (X11; Ubuntu; Linux x86_64; rv:14.0) Gecko/20100101 Firefox/14.0.1 

TIME: 24-07-2012 08:14:34 
 MESSAGE: ReferenceError: midnightTimestamp is not defined 
 URL: http://www.yourdelivery.local/media/javascript/compiled/frontend-296a86beed286a4f6ab63f9243937c31d3b9e55e.js 
 LINE: 12241 
 PARENTURL: http://www.yourdelivery.local/servico-de-entrega-china-boy-campo-belo-sao-paulo 
 USERAGENT: Mozilla/5.0 (X11; Ubuntu; Linux x86_64; rv:14.0) Gecko/20100101 Firefox/14.0.1 

TIME: 24-07-2012 08:15:25 
 MESSAGE: ReferenceError: useNoHistoryBack is not defined 
 URL: http://www.yourdelivery.local/media/javascript/compiled/frontend-296a86beed286a4f6ab63f9243937c31d3b9e55e.js 
 LINE: 9568 
 PARENTURL: http://www.yourdelivery.local/servico-de-entrega-sao-paulo-04616-002 
 USERAGENT: Mozilla/5.0 (X11; Ubuntu; Linux x86_64; rv:14.0) Gecko/20100101 Firefox/14.0.1 

TIME: 24-07-2012 08:15:42 
 MESSAGE: ReferenceError: useNoHistoryBack is not defined 
 URL: http://www.yourdelivery.local/media/javascript/compiled/frontend-296a86beed286a4f6ab63f9243937c31d3b9e55e.js 
 LINE: 9568 
 PARENTURL: http://www.yourdelivery.local/servico-de-entrega-sao-paulo-04616-002 
 USERAGENT: Mozilla/5.0 (X11; Ubuntu; Linux x86_64; rv:14.0) Gecko/20100101 Firefox/14.0.1 

TIME: 24-07-2012 08:16:48 
 MESSAGE: ReferenceError: useNoHistoryBack is not defined 
 URL: http://www.yourdelivery.local/media/javascript/compiled/frontend-296a86beed286a4f6ab63f9243937c31d3b9e55e.js 
 LINE: 9568 
 PARENTURL: http://www.yourdelivery.local/servico-de-entrega-sao-paulo-04616-002 
 USERAGENT: Mozilla/5.0 (X11; Ubuntu; Linux x86_64; rv:14.0) Gecko/20100101 Firefox/14.0.1 

TIME: 24-07-2012 08:17:27 
 MESSAGE: ReferenceError: useNoHistoryBack is not defined 
 URL: http://www.yourdelivery.local/media/javascript/compiled/frontend-296a86beed286a4f6ab63f9243937c31d3b9e55e.js 
 LINE: 9568 
 PARENTURL: http://www.yourdelivery.local/servico-de-entrega-sao-paulo-04616-002 
 USERAGENT: Mozilla/5.0 (X11; Ubuntu; Linux x86_64; rv:14.0) Gecko/20100101 Firefox/14.0.1 

TIME: 24-07-2012 08:19:14 
 MESSAGE: ReferenceError: useNoHistoryBack is not defined 
 URL: http://www.yourdelivery.local/media/javascript/compiled/frontend-296a86beed286a4f6ab63f9243937c31d3b9e55e.js 
 LINE: 9568 
 PARENTURL: http://www.yourdelivery.local/servico-de-entrega-sao-paulo-04616-002 
 USERAGENT: Mozilla/5.0 (X11; Ubuntu; Linux x86_64; rv:14.0) Gecko/20100101 Firefox/14.0.1 

TIME: 24-07-2012 08:19:31 
 MESSAGE: ReferenceError: useNoHistoryBack is not defined 
 URL: http://www.yourdelivery.local/media/javascript/compiled/frontend-296a86beed286a4f6ab63f9243937c31d3b9e55e.js 
 LINE: 9568 
 PARENTURL: http://www.yourdelivery.local/servico-de-entrega-sao-paulo-04616-002 
 USERAGENT: Mozilla/5.0 (X11; Ubuntu; Linux x86_64; rv:14.0) Gecko/20100101 Firefox/14.0.1 

TIME: 24-07-2012 08:21:26 
 MESSAGE: ReferenceError: useNoHistoryBack is not defined 
 URL: http://www.yourdelivery.local/media/javascript/compiled/frontend-296a86beed286a4f6ab63f9243937c31d3b9e55e.js 
 LINE: 9568 
 PARENTURL: http://www.yourdelivery.local/servico-de-entrega-sao-paulo-04616-002 
 USERAGENT: Mozilla/5.0 (X11; Ubuntu; Linux x86_64; rv:14.0) Gecko/20100101 Firefox/14.0.1 

TIME: 24-07-2012 08:22:51 
 MESSAGE: ReferenceError: useNoHistoryBack is not defined 
 URL: http://www.yourdelivery.local/media/javascript/compiled/frontend-296a86beed286a4f6ab63f9243937c31d3b9e55e.js 
 LINE: 9568 
 PARENTURL: http://www.yourdelivery.local/servico-de-entrega-sao-paulo-04616-002 
 USERAGENT: Mozilla/5.0 (X11; Ubuntu; Linux x86_64; rv:14.0) Gecko/20100101 Firefox/14.0.1 

TIME: 24-07-2012 08:24:19 
 MESSAGE: ReferenceError: useNoHistoryBack is not defined 
 URL: http://www.yourdelivery.local/media/javascript/compiled/frontend-296a86beed286a4f6ab63f9243937c31d3b9e55e.js 
 LINE: 9568 
 PARENTURL: http://www.yourdelivery.local/servico-de-entrega-sao-paulo-04616-002 
 USERAGENT: Mozilla/5.0 (X11; Ubuntu; Linux x86_64; rv:14.0) Gecko/20100101 Firefox/14.0.1 

TIME: 24-07-2012 08:24:27 
 MESSAGE: ReferenceError: useNoHistoryBack is not defined 
 URL: http://www.yourdelivery.local/media/javascript/compiled/frontend-296a86beed286a4f6ab63f9243937c31d3b9e55e.js 
 LINE: 9568 
 PARENTURL: http://www.yourdelivery.local/servico-de-entrega-sao-paulo-04616-002 
 USERAGENT: Mozilla/5.0 (X11; Ubuntu; Linux x86_64; rv:14.0) Gecko/20100101 Firefox/14.0.1 

TIME: 24-07-2012 08:25:39 
 MESSAGE: ReferenceError: useNoHistoryBack is not defined 
 URL: http://www.yourdelivery.local/media/javascript/compiled/frontend-296a86beed286a4f6ab63f9243937c31d3b9e55e.js 
 LINE: 9568 
 PARENTURL: http://www.yourdelivery.local/servico-de-entrega-sao-paulo-04616-002 
 USERAGENT: Mozilla/5.0 (X11; Ubuntu; Linux x86_64; rv:14.0) Gecko/20100101 Firefox/14.0.1 

TIME: 24-07-2012 08:25:46 
 MESSAGE: ReferenceError: useNoHistoryBack is not defined 
 URL: http://www.yourdelivery.local/media/javascript/compiled/frontend-296a86beed286a4f6ab63f9243937c31d3b9e55e.js 
 LINE: 9568 
 PARENTURL: http://www.yourdelivery.local/servico-de-entrega-sao-paulo-04616-002 
 USERAGENT: Mozilla/5.0 (X11; Ubuntu; Linux x86_64; rv:14.0) Gecko/20100101 Firefox/14.0.1 

TIME: 24-07-2012 09:21:28 
 MESSAGE: ReferenceError: useNoHistoryBack is not defined 
 URL: http://www.yourdelivery.local/media/javascript/compiled/frontend-296a86beed286a4f6ab63f9243937c31d3b9e55e.js 
 LINE: 9551 
 PARENTURL: http://www.yourdelivery.local/servico-de-entega-chopp-fast-sao-paulo 
 USERAGENT: Mozilla/5.0 (X11; Ubuntu; Linux x86_64; rv:14.0) Gecko/20100101 Firefox/14.0.1 

TIME: 24-07-2012 09:21:30 
 MESSAGE: ReferenceError: useNoHistoryBack is not defined 
 URL: http://www.yourdelivery.local/media/javascript/compiled/frontend-296a86beed286a4f6ab63f9243937c31d3b9e55e.js 
 LINE: 9551 
 PARENTURL: http://www.yourdelivery.local/servico-de-entega-chopp-fast-sao-paulo 
 USERAGENT: Mozilla/5.0 (X11; Ubuntu; Linux x86_64; rv:14.0) Gecko/20100101 Firefox/14.0.1 

TIME: 24-07-2012 09:21:46 
 MESSAGE: ReferenceError: useNoHistoryBack is not defined 
 URL: http://www.yourdelivery.local/media/javascript/compiled/frontend-296a86beed286a4f6ab63f9243937c31d3b9e55e.js 
 LINE: 9551 
 PARENTURL: http://www.yourdelivery.local/servico-de-entrega-sao-paulo-04616-002 
 USERAGENT: Mozilla/5.0 (X11; Ubuntu; Linux x86_64; rv:14.0) Gecko/20100101 Firefox/14.0.1 

TIME: 24-07-2012 09:22:34 
 MESSAGE: ReferenceError: useNoHistoryBack is not defined 
 URL: http://www.yourdelivery.local/media/javascript/compiled/frontend-296a86beed286a4f6ab63f9243937c31d3b9e55e.js 
 LINE: 9551 
 PARENTURL: http://www.yourdelivery.local/servico-de-entrega-sao-paulo-01305-000 
 USERAGENT: Mozilla/5.0 (X11; Ubuntu; Linux x86_64; rv:14.0) Gecko/20100101 Firefox/14.0.1 

TIME: 24-07-2012 09:22:38 
 MESSAGE: ReferenceError: useNoHistoryBack is not defined 
 URL: http://www.yourdelivery.local/media/javascript/compiled/frontend-296a86beed286a4f6ab63f9243937c31d3b9e55e.js 
 LINE: 9551 
 PARENTURL: http://www.yourdelivery.local/servico-de-entrega-sao-paulo-01305-000 
 USERAGENT: Mozilla/5.0 (X11; Ubuntu; Linux x86_64; rv:14.0) Gecko/20100101 Firefox/14.0.1 

