TIME: 06-11-2012 17:26:38 
 MESSAGE: Unerwarteter Aufruf oder Zugriff. 
 URL: http://www.yourdelivery.test/media/javascript/compiled/frontend-296a86beed286a4f6ab63f9243937c31d3b9e55e.js 
 LINE: 12 
 PARENTURL: http://www.yourdelivery.test/user/loginfailed 
 USERAGENT: Mozilla/4.0 (compatible; MSIE 8.0; Windows NT 6.2; WOW64; Trident/4.0; .NET4.0E; .NET4.0C) 

TIME: 06-11-2012 17:27:58 
 MESSAGE: Unerwarteter Aufruf oder Zugriff. 
 URL: http://www.yourdelivery.test/media/javascript/compiled/frontend-296a86beed286a4f6ab63f9243937c31d3b9e55e.js 
 LINE: 12 
 PARENTURL: http://www.yourdelivery.test/user/loginfailed 
 USERAGENT: Mozilla/4.0 (compatible; MSIE 8.0; Windows NT 6.2; WOW64; Trident/4.0; .NET4.0E; .NET4.0C) 

TIME: 06-11-2012 17:29:38 
 MESSAGE:  
 URL: http://www.yourdelivery.test/media/javascript/compiled/frontend-296a86beed286a4f6ab63f9243937c31d3b9e55e.js 
 LINE: 12 
 PARENTURL: http://www.yourdelivery.test/user/loginfailed 
 USERAGENT: Mozilla/4.0 (compatible; MSIE 8.0; Windows NT 6.2; WOW64; Trident/4.0; .NET4.0E; .NET4.0C) 

TIME: 06-11-2012 17:31:12 
 MESSAGE:  
 URL: http://www.yourdelivery.test/media/javascript/compiled/frontend-296a86beed286a4f6ab63f9243937c31d3b9e55e.js 
 LINE: 12 
 PARENTURL: http://www.yourdelivery.test/user/loginfailed 
 USERAGENT: Mozilla/4.0 (compatible; MSIE 8.0; Windows NT 6.2; WOW64; Trident/4.0; .NET4.0E; .NET4.0C) 

TIME: 06-11-2012 17:33:49 
 MESSAGE:  
 URL: http://www.yourdelivery.test/media/javascript/compiled/frontend-296a86beed286a4f6ab63f9243937c31d3b9e55e.js 
 LINE: 12 
 PARENTURL: http://www.yourdelivery.test/user/loginfailed 
 USERAGENT: Mozilla/4.0 (compatible; MSIE 8.0; Windows NT 6.2; WOW64; Trident/4.0; .NET4.0E; .NET4.0C) 

TIME: 06-11-2012 17:34:16 
 MESSAGE:  
 URL: http://www.yourdelivery.test/media/javascript/compiled/frontend-296a86beed286a4f6ab63f9243937c31d3b9e55e.js 
 LINE: 12 
 PARENTURL: http://www.yourdelivery.test/user/loginfailed 
 USERAGENT: Mozilla/4.0 (compatible; MSIE 8.0; Windows NT 6.2; WOW64; Trident/4.0; .NET4.0E; .NET4.0C) 

TIME: 06-11-2012 17:35:21 
 MESSAGE: Unerwarteter Aufruf oder Zugriff. 
 URL: http://www.yourdelivery.test/media/javascript/compiled/frontend-296a86beed286a4f6ab63f9243937c31d3b9e55e.js 
 LINE: 12 
 PARENTURL: http://www.yourdelivery.test/user/loginfailed 
 USERAGENT: Mozilla/4.0 (compatible; MSIE 8.0; Windows NT 6.2; WOW64; Trident/4.0; .NET4.0E; .NET4.0C) 

TIME: 06-11-2012 17:42:42 
 MESSAGE:  
 URL: http://www.yourdelivery.test/media/javascript/compiled/frontend-296a86beed286a4f6ab63f9243937c31d3b9e55e.js 
 LINE: 12 
 PARENTURL: http://www.yourdelivery.test/user/loginfailed 
 USERAGENT: Mozilla/4.0 (compatible; MSIE 8.0; Windows NT 6.2; WOW64; Trident/4.0; .NET4.0E; .NET4.0C) 

TIME: 06-11-2012 17:49:19 
 MESSAGE:  
 URL: http://www.yourdelivery.test/media/javascript/compiled/frontend-296a86beed286a4f6ab63f9243937c31d3b9e55e.js 
 LINE: 12 
 PARENTURL: http://www.yourdelivery.test/user/loginfailed 
 USERAGENT: Mozilla/4.0 (compatible; MSIE 8.0; Windows NT 6.2; WOW64; Trident/4.0; .NET4.0E; .NET4.0C) 

TIME: 06-11-2012 17:52:43 
 MESSAGE:  
 URL: http://www.yourdelivery.test/media/javascript/compiled/frontend-296a86beed286a4f6ab63f9243937c31d3b9e55e.js 
 LINE: 12 
 PARENTURL: http://www.yourdelivery.test/user/loginfailed 
 USERAGENT: Mozilla/4.0 (compatible; MSIE 8.0; Windows NT 6.2; WOW64; Trident/4.0; .NET4.0E; .NET4.0C) 

TIME: 06-11-2012 17:53:21 
 MESSAGE:  
 URL: http://www.yourdelivery.test/media/javascript/compiled/frontend-296a86beed286a4f6ab63f9243937c31d3b9e55e.js 
 LINE: 12 
 PARENTURL: http://www.yourdelivery.test/user/loginfailed 
 USERAGENT: Mozilla/4.0 (compatible; MSIE 8.0; Windows NT 6.2; WOW64; Trident/4.0; .NET4.0E; .NET4.0C) 

TIME: 06-11-2012 17:54:57 
 MESSAGE:  
 URL: http://www.yourdelivery.test/media/javascript/compiled/frontend-296a86beed286a4f6ab63f9243937c31d3b9e55e.js 
 LINE: 12 
 PARENTURL: http://www.yourdelivery.test/user/loginfailed 
 USERAGENT: Mozilla/4.0 (compatible; MSIE 8.0; Windows NT 6.2; WOW64; Trident/4.0; .NET4.0E; .NET4.0C) 

TIME: 06-11-2012 17:56:00 
 MESSAGE: Unerwarteter Aufruf oder Zugriff. 
 URL: http://www.yourdelivery.test/media/javascript/compiled/frontend-296a86beed286a4f6ab63f9243937c31d3b9e55e.js 
 LINE: 12 
 PARENTURL: http://www.yourdelivery.test/user/loginfailed 
 USERAGENT: Mozilla/4.0 (compatible; MSIE 8.0; Windows NT 6.2; WOW64; Trident/4.0; .NET4.0E; .NET4.0C) 

TIME: 06-11-2012 17:56:54 
 MESSAGE: Unerwarteter Aufruf oder Zugriff. 
 URL: http://www.yourdelivery.test/media/javascript/compiled/frontend-296a86beed286a4f6ab63f9243937c31d3b9e55e.js 
 LINE: 12 
 PARENTURL: http://www.yourdelivery.test/user/loginfailed 
 USERAGENT: Mozilla/4.0 (compatible; MSIE 8.0; Windows NT 6.2; WOW64; Trident/4.0; .NET4.0E; .NET4.0C) 

TIME: 06-11-2012 17:57:17 
 MESSAGE: Unerwarteter Aufruf oder Zugriff. 
 URL: http://www.yourdelivery.test/media/javascript/compiled/frontend-296a86beed286a4f6ab63f9243937c31d3b9e55e.js 
 LINE: 12 
 PARENTURL: http://www.yourdelivery.test/user/loginfailed 
 USERAGENT: Mozilla/4.0 (compatible; MSIE 8.0; Windows NT 6.2; WOW64; Trident/4.0; .NET4.0E; .NET4.0C) 

TIME: 06-11-2012 17:57:58 
 MESSAGE: Unerwarteter Aufruf oder Zugriff. 
 URL: http://www.yourdelivery.test/media/javascript/compiled/frontend-296a86beed286a4f6ab63f9243937c31d3b9e55e.js 
 LINE: 12 
 PARENTURL: http://www.yourdelivery.test/user/loginfailed 
 USERAGENT: Mozilla/4.0 (compatible; MSIE 8.0; Windows NT 6.2; WOW64; Trident/4.0; .NET4.0E; .NET4.0C) 

TIME: 06-11-2012 17:58:45 
 MESSAGE: Unerwarteter Aufruf oder Zugriff. 
 URL: http://www.yourdelivery.test/media/javascript/compiled/frontend-296a86beed286a4f6ab63f9243937c31d3b9e55e.js 
 LINE: 12 
 PARENTURL: http://www.yourdelivery.test/user/loginfailed 
 USERAGENT: Mozilla/4.0 (compatible; MSIE 8.0; Windows NT 6.2; WOW64; Trident/4.0; .NET4.0E; .NET4.0C) 

TIME: 06-11-2012 17:59:45 
 MESSAGE: Unerwarteter Aufruf oder Zugriff. 
 URL: http://www.yourdelivery.test/media/javascript/compiled/frontend-296a86beed286a4f6ab63f9243937c31d3b9e55e.js 
 LINE: 12 
 PARENTURL: http://www.yourdelivery.test/user/loginfailed 
 USERAGENT: Mozilla/4.0 (compatible; MSIE 8.0; Windows NT 6.2; WOW64; Trident/4.0; .NET4.0E; .NET4.0C) 

TIME: 06-11-2012 18:00:13 
 MESSAGE: Unerwarteter Aufruf oder Zugriff. 
 URL: http://www.yourdelivery.test/media/javascript/compiled/frontend-296a86beed286a4f6ab63f9243937c31d3b9e55e.js 
 LINE: 12 
 PARENTURL: http://www.yourdelivery.test/user/loginfailed 
 USERAGENT: Mozilla/4.0 (compatible; MSIE 8.0; Windows NT 6.2; WOW64; Trident/4.0; .NET4.0E; .NET4.0C) 

TIME: 06-11-2012 18:00:21 
 MESSAGE: Unerwarteter Aufruf oder Zugriff. 
 URL: http://www.yourdelivery.test/media/javascript/compiled/frontend-296a86beed286a4f6ab63f9243937c31d3b9e55e.js 
 LINE: 12 
 PARENTURL: http://www.yourdelivery.test/user/loginfailed 
 USERAGENT: Mozilla/4.0 (compatible; MSIE 8.0; Windows NT 6.2; WOW64; Trident/4.0; .NET4.0E; .NET4.0C) 

TIME: 06-11-2012 18:02:31 
 MESSAGE: Unerwarteter Aufruf oder Zugriff. 
 URL: http://www.yourdelivery.test/media/javascript/compiled/frontend-296a86beed286a4f6ab63f9243937c31d3b9e55e.js 
 LINE: 12 
 PARENTURL: http://www.yourdelivery.test/user/loginfailed 
 USERAGENT: Mozilla/4.0 (compatible; MSIE 8.0; Windows NT 6.2; WOW64; Trident/4.0; .NET4.0E; .NET4.0C) 

TIME: 06-11-2012 18:06:01 
 MESSAGE: Unerwarteter Aufruf oder Zugriff. 
 URL: http://www.yourdelivery.test/media/javascript/compiled/frontend-296a86beed286a4f6ab63f9243937c31d3b9e55e.js 
 LINE: 12 
 PARENTURL: http://www.yourdelivery.test/user/loginfailed 
 USERAGENT: Mozilla/4.0 (compatible; MSIE 8.0; Windows NT 6.2; WOW64; Trident/4.0; .NET4.0E; .NET4.0C) 

