TIME: 17-07-2012 08:56:50 
 MESSAGE: product is not defined 
 URL: http://www.yourdelivery.local/lieferservice-berlin-baumschulenweg-12437 
 LINE: 3882 
 PARENTURL: http://www.yourdelivery.local/lieferservice-berlin-baumschulenweg-12437 
 USERAGENT: Mozilla/5.0 (X11; Ubuntu; Linux x86_64; rv:13.0) Gecko/20100101 Firefox/13.0.1 

TIME: 17-07-2012 08:57:07 
 MESSAGE: missing } after property list 
 URL: http://www.yourdelivery.local/lieferservice-valentino-berlin 
 LINE: 10244 
 PARENTURL: http://www.yourdelivery.local/lieferservice-valentino-berlin 
 USERAGENT: Mozilla/5.0 (X11; Ubuntu; Linux x86_64; rv:13.0) Gecko/20100101 Firefox/13.0.1 

TIME: 17-07-2012 08:58:07 
 MESSAGE: product is not defined 
 URL: http://www.yourdelivery.local/lieferservice-berlin-baumschulenweg-12437 
 LINE: 3882 
 PARENTURL: http://www.yourdelivery.local/lieferservice-berlin-baumschulenweg-12437 
 USERAGENT: Mozilla/5.0 (X11; Ubuntu; Linux x86_64; rv:13.0) Gecko/20100101 Firefox/13.0.1 

TIME: 17-07-2012 08:58:24 
 MESSAGE: product is not defined 
 URL: http://www.yourdelivery.local/lieferservice-berlin-baumschulenweg-12437 
 LINE: 3882 
 PARENTURL: http://www.yourdelivery.local/lieferservice-berlin-baumschulenweg-12437 
 USERAGENT: Mozilla/5.0 (X11; Ubuntu; Linux x86_64; rv:13.0) Gecko/20100101 Firefox/13.0.1 

TIME: 17-07-2012 08:59:04 
 MESSAGE: missing } after property list 
 URL: http://www.yourdelivery.local/lieferservice-quick-burger-berlin-harzer-str- 
 LINE: 14351 
 PARENTURL: http://www.yourdelivery.local/lieferservice-quick-burger-berlin-harzer-str- 
 USERAGENT: Mozilla/5.0 (X11; Ubuntu; Linux x86_64; rv:13.0) Gecko/20100101 Firefox/13.0.1 

TIME: 17-07-2012 09:03:20 
 MESSAGE: missing } after property list 
 URL: http://www.yourdelivery.local/lieferservice-quick-burger-berlin-harzer-str- 
 LINE: 14351 
 PARENTURL: http://www.yourdelivery.local/lieferservice-quick-burger-berlin-harzer-str- 
 USERAGENT: Mozilla/5.0 (X11; Ubuntu; Linux x86_64; rv:13.0) Gecko/20100101 Firefox/13.0.1 

TIME: 17-07-2012 09:05:01 
 MESSAGE: product is not defined 
 URL: http://www.yourdelivery.local/lieferservice-berlin-baumschulenweg-12437 
 LINE: 3882 
 PARENTURL: http://www.yourdelivery.local/lieferservice-berlin-baumschulenweg-12437 
 USERAGENT: Mozilla/5.0 (X11; Ubuntu; Linux x86_64; rv:13.0) Gecko/20100101 Firefox/13.0.1 

TIME: 17-07-2012 09:05:28 
 MESSAGE: missing } after property list 
 URL: http://www.yourdelivery.local/lieferservice-causto-italia-berlin 
 LINE: 4252 
 PARENTURL: http://www.yourdelivery.local/lieferservice-causto-italia-berlin 
 USERAGENT: Mozilla/5.0 (X11; Ubuntu; Linux x86_64; rv:13.0) Gecko/20100101 Firefox/13.0.1 

TIME: 17-07-2012 09:14:29 
 MESSAGE: product is not defined 
 URL: http://www.yourdelivery.local/lieferservice-berlin-baumschulenweg-12437 
 LINE: 3882 
 PARENTURL: http://www.yourdelivery.local/lieferservice-berlin-baumschulenweg-12437 
 USERAGENT: Mozilla/5.0 (X11; Ubuntu; Linux x86_64; rv:13.0) Gecko/20100101 Firefox/13.0.1 

TIME: 17-07-2012 09:14:42 
 MESSAGE: missing } after property list 
 URL: http://www.yourdelivery.local/lieferservice-don-danielo-berlin 
 LINE: 5892 
 PARENTURL: http://www.yourdelivery.local/lieferservice-don-danielo-berlin 
 USERAGENT: Mozilla/5.0 (X11; Ubuntu; Linux x86_64; rv:13.0) Gecko/20100101 Firefox/13.0.1 

TIME: 17-07-2012 09:18:16 
 MESSAGE: missing } after property list 
 URL: http://www.yourdelivery.local/lieferservice-mona-lisa-berlin 
 LINE: 15892 
 PARENTURL: http://www.yourdelivery.local/lieferservice-mona-lisa-berlin 
 USERAGENT: Mozilla/5.0 (X11; Ubuntu; Linux x86_64; rv:13.0) Gecko/20100101 Firefox/13.0.1 

TIME: 17-07-2012 12:14:28 
 MESSAGE: missing } after property list 
 URL: http://www.yourdelivery.local/lieferservice-mona-lisa-berlin 
 LINE: 15892 
 PARENTURL: http://www.yourdelivery.local/lieferservice-mona-lisa-berlin 
 USERAGENT: Mozilla/5.0 (X11; Ubuntu; Linux x86_64; rv:13.0) Gecko/20100101 Firefox/13.0.1 

