TIME: 23-08-2012 16:38:44 
 MESSAGE: TypeError: form["options_"   optionRowId   "_"   optionId   "_cost"] is undefined 
 URL: http://www.yourdelivery.local/media/javascript/compiled/frontend-296a86beed286a4f6ab63f9243937c31d3b9e55e.js 
 LINE: 19492 
 PARENTURL: http://www.yourdelivery.local/servico-de-entrega-funny-pizzas-sao-paulo 
 USERAGENT: Mozilla/5.0 (X11; Ubuntu; Linux x86_64; rv:14.0) Gecko/20100101 Firefox/14.0.1 

TIME: 23-08-2012 16:38:47 
 MESSAGE: TypeError: form["options_"   optionRowId   "_"   optionId   "_cost"] is undefined 
 URL: http://www.yourdelivery.local/media/javascript/compiled/frontend-296a86beed286a4f6ab63f9243937c31d3b9e55e.js 
 LINE: 19492 
 PARENTURL: http://www.yourdelivery.local/servico-de-entrega-funny-pizzas-sao-paulo 
 USERAGENT: Mozilla/5.0 (X11; Ubuntu; Linux x86_64; rv:14.0) Gecko/20100101 Firefox/14.0.1 

TIME: 23-08-2012 16:38:48 
 MESSAGE: TypeError: form["options_"   optionRowId   "_"   optionId   "_cost"] is undefined 
 URL: http://www.yourdelivery.local/media/javascript/compiled/frontend-296a86beed286a4f6ab63f9243937c31d3b9e55e.js 
 LINE: 19492 
 PARENTURL: http://www.yourdelivery.local/servico-de-entrega-funny-pizzas-sao-paulo 
 USERAGENT: Mozilla/5.0 (X11; Ubuntu; Linux x86_64; rv:14.0) Gecko/20100101 Firefox/14.0.1 

TIME: 23-08-2012 16:38:50 
 MESSAGE: TypeError: form["options_"   optionRowId   "_"   optionId   "_cost"] is undefined 
 URL: http://www.yourdelivery.local/media/javascript/compiled/frontend-296a86beed286a4f6ab63f9243937c31d3b9e55e.js 
 LINE: 19492 
 PARENTURL: http://www.yourdelivery.local/servico-de-entrega-funny-pizzas-sao-paulo 
 USERAGENT: Mozilla/5.0 (X11; Ubuntu; Linux x86_64; rv:14.0) Gecko/20100101 Firefox/14.0.1 

TIME: 23-08-2012 16:38:51 
 MESSAGE: TypeError: form["options_"   optionRowId   "_"   optionId   "_cost"] is undefined 
 URL: http://www.yourdelivery.local/media/javascript/compiled/frontend-296a86beed286a4f6ab63f9243937c31d3b9e55e.js 
 LINE: 19492 
 PARENTURL: http://www.yourdelivery.local/servico-de-entrega-funny-pizzas-sao-paulo 
 USERAGENT: Mozilla/5.0 (X11; Ubuntu; Linux x86_64; rv:14.0) Gecko/20100101 Firefox/14.0.1 

TIME: 23-08-2012 16:38:53 
 MESSAGE: TypeError: form["options_"   optionRowId   "_"   optionId   "_cost"] is undefined 
 URL: http://www.yourdelivery.local/media/javascript/compiled/frontend-296a86beed286a4f6ab63f9243937c31d3b9e55e.js 
 LINE: 19492 
 PARENTURL: http://www.yourdelivery.local/servico-de-entrega-funny-pizzas-sao-paulo 
 USERAGENT: Mozilla/5.0 (X11; Ubuntu; Linux x86_64; rv:14.0) Gecko/20100101 Firefox/14.0.1 

TIME: 23-08-2012 16:47:32 
 MESSAGE: TypeError: form["options_"   optionRowId   "_"   optionId   "_cost"] is undefined 
 URL: http://www.yourdelivery.local/media/javascript/compiled/frontend-296a86beed286a4f6ab63f9243937c31d3b9e55e.js 
 LINE: 19492 
 PARENTURL: http://www.yourdelivery.local/servico-de-entrega-funny-pizzas-sao-paulo 
 USERAGENT: Mozilla/5.0 (X11; Ubuntu; Linux x86_64; rv:14.0) Gecko/20100101 Firefox/14.0.1 

TIME: 23-08-2012 16:47:33 
 MESSAGE: TypeError: form["options_"   optionRowId   "_"   optionId   "_cost"] is undefined 
 URL: http://www.yourdelivery.local/media/javascript/compiled/frontend-296a86beed286a4f6ab63f9243937c31d3b9e55e.js 
 LINE: 19492 
 PARENTURL: http://www.yourdelivery.local/servico-de-entrega-funny-pizzas-sao-paulo 
 USERAGENT: Mozilla/5.0 (X11; Ubuntu; Linux x86_64; rv:14.0) Gecko/20100101 Firefox/14.0.1 

TIME: 23-08-2012 16:47:33 
 MESSAGE: TypeError: form["options_"   optionRowId   "_"   optionId   "_cost"] is undefined 
 URL: http://www.yourdelivery.local/media/javascript/compiled/frontend-296a86beed286a4f6ab63f9243937c31d3b9e55e.js 
 LINE: 19492 
 PARENTURL: http://www.yourdelivery.local/servico-de-entrega-funny-pizzas-sao-paulo 
 USERAGENT: Mozilla/5.0 (X11; Ubuntu; Linux x86_64; rv:14.0) Gecko/20100101 Firefox/14.0.1 

TIME: 23-08-2012 16:47:34 
 MESSAGE: TypeError: form["options_"   optionRowId   "_"   optionId   "_cost"] is undefined 
 URL: http://www.yourdelivery.local/media/javascript/compiled/frontend-296a86beed286a4f6ab63f9243937c31d3b9e55e.js 
 LINE: 19492 
 PARENTURL: http://www.yourdelivery.local/servico-de-entrega-funny-pizzas-sao-paulo 
 USERAGENT: Mozilla/5.0 (X11; Ubuntu; Linux x86_64; rv:14.0) Gecko/20100101 Firefox/14.0.1 

TIME: 23-08-2012 16:47:35 
 MESSAGE: TypeError: form["options_"   optionRowId   "_"   optionId   "_cost"] is undefined 
 URL: http://www.yourdelivery.local/media/javascript/compiled/frontend-296a86beed286a4f6ab63f9243937c31d3b9e55e.js 
 LINE: 19492 
 PARENTURL: http://www.yourdelivery.local/servico-de-entrega-funny-pizzas-sao-paulo 
 USERAGENT: Mozilla/5.0 (X11; Ubuntu; Linux x86_64; rv:14.0) Gecko/20100101 Firefox/14.0.1 

TIME: 23-08-2012 16:47:35 
 MESSAGE: TypeError: form["options_"   optionRowId   "_"   optionId   "_cost"] is undefined 
 URL: http://www.yourdelivery.local/media/javascript/compiled/frontend-296a86beed286a4f6ab63f9243937c31d3b9e55e.js 
 LINE: 19492 
 PARENTURL: http://www.yourdelivery.local/servico-de-entrega-funny-pizzas-sao-paulo 
 USERAGENT: Mozilla/5.0 (X11; Ubuntu; Linux x86_64; rv:14.0) Gecko/20100101 Firefox/14.0.1 

TIME: 23-08-2012 16:58:50 
 MESSAGE: TypeError: form["options_"   optionRowId   "_"   optionId   "_cost"] is undefined 
 URL: http://www.yourdelivery.local/media/javascript/compiled/frontend-296a86beed286a4f6ab63f9243937c31d3b9e55e.js 
 LINE: 19492 
 PARENTURL: http://www.yourdelivery.local/servico-de-entrega-funny-pizzas-sao-paulo 
 USERAGENT: Mozilla/5.0 (X11; Ubuntu; Linux x86_64; rv:14.0) Gecko/20100101 Firefox/14.0.1 

TIME: 23-08-2012 17:06:27 
 MESSAGE: TypeError: form["options_"   optionRowId   "_"   optionId   "_cost"] is undefined 
 URL: http://www.yourdelivery.local/media/javascript/compiled/frontend-296a86beed286a4f6ab63f9243937c31d3b9e55e.js 
 LINE: 19492 
 PARENTURL: http://www.yourdelivery.local/servico-de-entrega-funny-pizzas-sao-paulo 
 USERAGENT: Mozilla/5.0 (X11; Ubuntu; Linux x86_64; rv:14.0) Gecko/20100101 Firefox/14.0.1 

TIME: 23-08-2012 17:13:06 
 MESSAGE: TypeError: form["options_"   optionRowId   "_"   optionId   "_cost"] is undefined 
 URL: http://www.yourdelivery.local/media/javascript/compiled/frontend-296a86beed286a4f6ab63f9243937c31d3b9e55e.js 
 LINE: 19492 
 PARENTURL: http://www.yourdelivery.local/servico-de-entrega-funny-pizzas-sao-paulo 
 USERAGENT: Mozilla/5.0 (X11; Ubuntu; Linux x86_64; rv:14.0) Gecko/20100101 Firefox/14.0.1 

TIME: 23-08-2012 17:17:16 
 MESSAGE: ReferenceError: row is not defined 
 URL: http://www.yourdelivery.local/media/javascript/compiled/frontend-296a86beed286a4f6ab63f9243937c31d3b9e55e.js 
 LINE: 19517 
 PARENTURL: http://www.yourdelivery.local/servico-de-entrega-funny-pizzas-sao-paulo 
 USERAGENT: Mozilla/5.0 (X11; Ubuntu; Linux x86_64; rv:14.0) Gecko/20100101 Firefox/14.0.1 

TIME: 23-08-2012 17:18:54 
 MESSAGE: ReferenceError: checkboxes is not defined 
 URL: http://www.yourdelivery.local/media/javascript/compiled/frontend-296a86beed286a4f6ab63f9243937c31d3b9e55e.js 
 LINE: 19517 
 PARENTURL: http://www.yourdelivery.local/servico-de-entrega-funny-pizzas-sao-paulo 
 USERAGENT: Mozilla/5.0 (X11; Ubuntu; Linux x86_64; rv:14.0) Gecko/20100101 Firefox/14.0.1 

TIME: 23-08-2012 17:19:03 
 MESSAGE: ReferenceError: checkboxes is not defined 
 URL: http://www.yourdelivery.local/media/javascript/compiled/frontend-296a86beed286a4f6ab63f9243937c31d3b9e55e.js 
 LINE: 19517 
 PARENTURL: http://www.yourdelivery.local/servico-de-entrega-funny-pizzas-sao-paulo 
 USERAGENT: Mozilla/5.0 (X11; Ubuntu; Linux x86_64; rv:14.0) Gecko/20100101 Firefox/14.0.1 

TIME: 23-08-2012 17:19:06 
 MESSAGE: ReferenceError: checkboxes is not defined 
 URL: http://www.yourdelivery.local/media/javascript/compiled/frontend-296a86beed286a4f6ab63f9243937c31d3b9e55e.js 
 LINE: 19517 
 PARENTURL: http://www.yourdelivery.local/servico-de-entrega-funny-pizzas-sao-paulo 
 USERAGENT: Mozilla/5.0 (X11; Ubuntu; Linux x86_64; rv:14.0) Gecko/20100101 Firefox/14.0.1 

TIME: 23-08-2012 17:19:08 
 MESSAGE: ReferenceError: checkboxes is not defined 
 URL: http://www.yourdelivery.local/media/javascript/compiled/frontend-296a86beed286a4f6ab63f9243937c31d3b9e55e.js 
 LINE: 19517 
 PARENTURL: http://www.yourdelivery.local/servico-de-entrega-funny-pizzas-sao-paulo 
 USERAGENT: Mozilla/5.0 (X11; Ubuntu; Linux x86_64; rv:14.0) Gecko/20100101 Firefox/14.0.1 

TIME: 23-08-2012 17:19:09 
 MESSAGE: ReferenceError: checkboxes is not defined 
 URL: http://www.yourdelivery.local/media/javascript/compiled/frontend-296a86beed286a4f6ab63f9243937c31d3b9e55e.js 
 LINE: 19517 
 PARENTURL: http://www.yourdelivery.local/servico-de-entrega-funny-pizzas-sao-paulo 
 USERAGENT: Mozilla/5.0 (X11; Ubuntu; Linux x86_64; rv:14.0) Gecko/20100101 Firefox/14.0.1 

TIME: 23-08-2012 17:19:11 
 MESSAGE: ReferenceError: checkboxes is not defined 
 URL: http://www.yourdelivery.local/media/javascript/compiled/frontend-296a86beed286a4f6ab63f9243937c31d3b9e55e.js 
 LINE: 19517 
 PARENTURL: http://www.yourdelivery.local/servico-de-entrega-funny-pizzas-sao-paulo 
 USERAGENT: Mozilla/5.0 (X11; Ubuntu; Linux x86_64; rv:14.0) Gecko/20100101 Firefox/14.0.1 

TIME: 23-08-2012 17:19:12 
 MESSAGE: ReferenceError: checkboxes is not defined 
 URL: http://www.yourdelivery.local/media/javascript/compiled/frontend-296a86beed286a4f6ab63f9243937c31d3b9e55e.js 
 LINE: 19517 
 PARENTURL: http://www.yourdelivery.local/servico-de-entrega-funny-pizzas-sao-paulo 
 USERAGENT: Mozilla/5.0 (X11; Ubuntu; Linux x86_64; rv:14.0) Gecko/20100101 Firefox/14.0.1 

TIME: 23-08-2012 17:19:13 
 MESSAGE: ReferenceError: checkboxes is not defined 
 URL: http://www.yourdelivery.local/media/javascript/compiled/frontend-296a86beed286a4f6ab63f9243937c31d3b9e55e.js 
 LINE: 19517 
 PARENTURL: http://www.yourdelivery.local/servico-de-entrega-funny-pizzas-sao-paulo 
 USERAGENT: Mozilla/5.0 (X11; Ubuntu; Linux x86_64; rv:14.0) Gecko/20100101 Firefox/14.0.1 

TIME: 23-08-2012 17:23:26 
 MESSAGE: ReferenceError: checkboxes is not defined 
 URL: http://www.yourdelivery.local/media/javascript/compiled/frontend-296a86beed286a4f6ab63f9243937c31d3b9e55e.js 
 LINE: 19517 
 PARENTURL: http://www.yourdelivery.local/servico-de-entrega-funny-pizzas-sao-paulo 
 USERAGENT: Mozilla/5.0 (X11; Ubuntu; Linux x86_64; rv:14.0) Gecko/20100101 Firefox/14.0.1 

TIME: 23-08-2012 17:23:29 
 MESSAGE: ReferenceError: checkboxes is not defined 
 URL: http://www.yourdelivery.local/media/javascript/compiled/frontend-296a86beed286a4f6ab63f9243937c31d3b9e55e.js 
 LINE: 19517 
 PARENTURL: http://www.yourdelivery.local/servico-de-entrega-funny-pizzas-sao-paulo 
 USERAGENT: Mozilla/5.0 (X11; Ubuntu; Linux x86_64; rv:14.0) Gecko/20100101 Firefox/14.0.1 

TIME: 23-08-2012 17:23:32 
 MESSAGE: ReferenceError: checkboxes is not defined 
 URL: http://www.yourdelivery.local/media/javascript/compiled/frontend-296a86beed286a4f6ab63f9243937c31d3b9e55e.js 
 LINE: 19517 
 PARENTURL: http://www.yourdelivery.local/servico-de-entrega-funny-pizzas-sao-paulo 
 USERAGENT: Mozilla/5.0 (X11; Ubuntu; Linux x86_64; rv:14.0) Gecko/20100101 Firefox/14.0.1 

TIME: 23-08-2012 19:11:47 
 MESSAGE: ReferenceError: groupId is not defined 
 URL: http://www.yourdelivery.local/media/javascript/compiled/frontend-296a86beed286a4f6ab63f9243937c31d3b9e55e.js 
 LINE: 19311 
 PARENTURL: http://www.yourdelivery.local/servico-de-entrega-funny-pizzas-sao-paulo 
 USERAGENT: Mozilla/5.0 (X11; Ubuntu; Linux x86_64; rv:14.0) Gecko/20100101 Firefox/14.0.1 

