TIME: 27-08-2012 11:37:24 
 MESSAGE: TypeError: ydMeal is null 
 URL: http://www.yourdelivery.local/media/javascript/compiled/frontend-296a86beed286a4f6ab63f9243937c31d3b9e55e.js 
 LINE: 11951 
 PARENTURL: http://www.yourdelivery.local/order_private/finish 
 USERAGENT: Mozilla/5.0 (X11; Ubuntu; Linux x86_64; rv:14.0) Gecko/20100101 Firefox/14.0.1 

TIME: 27-08-2012 11:39:58 
 MESSAGE: TypeError: ydMeal is null 
 URL: http://www.yourdelivery.local/media/javascript/compiled/frontend-296a86beed286a4f6ab63f9243937c31d3b9e55e.js 
 LINE: 11951 
 PARENTURL: http://www.yourdelivery.local/order_private/finish 
 USERAGENT: Mozilla/5.0 (X11; Ubuntu; Linux x86_64; rv:14.0) Gecko/20100101 Firefox/14.0.1 

TIME: 27-08-2012 11:40:23 
 MESSAGE: TypeError: ydMeal is null 
 URL: http://www.yourdelivery.local/media/javascript/compiled/frontend-296a86beed286a4f6ab63f9243937c31d3b9e55e.js 
 LINE: 11951 
 PARENTURL: http://www.yourdelivery.local/order_private/finish 
 USERAGENT: Mozilla/5.0 (X11; Ubuntu; Linux x86_64; rv:14.0) Gecko/20100101 Firefox/14.0.1 

TIME: 27-08-2012 11:41:08 
 MESSAGE: TypeError: ydMeal is null 
 URL: http://www.yourdelivery.local/media/javascript/compiled/frontend-296a86beed286a4f6ab63f9243937c31d3b9e55e.js 
 LINE: 11951 
 PARENTURL: http://www.yourdelivery.local/order_private/finish 
 USERAGENT: Mozilla/5.0 (X11; Ubuntu; Linux x86_64; rv:14.0) Gecko/20100101 Firefox/14.0.1 

