TIME: 01-08-2012 14:58:43 
 MESSAGE: TypeError: $("#cost-with-yd").html() is null 
 URL: http://www.yourdelivery.local/media/javascript/compiled/frontend-infocenter.js 
 LINE: 16869 
 PARENTURL: http://www.yourdelivery.local/static/public/janamesa.com.br/slider.shtml 
 USERAGENT: Mozilla/5.0 (X11; Ubuntu; Linux x86_64; rv:14.0) Gecko/20100101 Firefox/14.0.1 

TIME: 01-08-2012 15:01:27 
 MESSAGE: TypeError: $("#cost-with-yd").html() is null 
 URL: http://www.yourdelivery.local/media/javascript/compiled/frontend-infocenter.js 
 LINE: 16869 
 PARENTURL: http://www.yourdelivery.local/static/public/janamesa.com.br/slider.shtml 
 USERAGENT: Mozilla/5.0 (X11; Ubuntu; Linux x86_64; rv:14.0) Gecko/20100101 Firefox/14.0.1 

TIME: 01-08-2012 15:02:27 
 MESSAGE: TypeError: $("#cost-with-yd").html() is null 
 URL: http://www.yourdelivery.local/media/javascript/compiled/frontend-infocenter.js 
 LINE: 16869 
 PARENTURL: http://www.yourdelivery.local/static/public/janamesa.com.br/slider.shtml 
 USERAGENT: Mozilla/5.0 (X11; Ubuntu; Linux x86_64; rv:14.0) Gecko/20100101 Firefox/14.0.1 

TIME: 01-08-2012 15:04:04 
 MESSAGE: TypeError: $("#cost-with-yd").html() is null 
 URL: http://www.yourdelivery.local/media/javascript/compiled/frontend-infocenter.js 
 LINE: 16869 
 PARENTURL: http://www.yourdelivery.local/static/public/janamesa.com.br/slider.shtml 
 USERAGENT: Mozilla/5.0 (X11; Ubuntu; Linux x86_64; rv:14.0) Gecko/20100101 Firefox/14.0.1 

TIME: 01-08-2012 15:05:36 
 MESSAGE: TypeError: $("#cost-with-yd").html() is null 
 URL: http://www.yourdelivery.local/media/javascript/compiled/frontend-infocenter.js 
 LINE: 16869 
 PARENTURL: http://www.yourdelivery.local/static/public/janamesa.com.br/slider.shtml 
 USERAGENT: Mozilla/5.0 (X11; Ubuntu; Linux x86_64; rv:14.0) Gecko/20100101 Firefox/14.0.1 

