TIME: 31-08-2012 19:55:47 
 MESSAGE: TypeError: form.sizeName is undefined 
 URL: http://www.yourdelivery.local/media/javascript/compiled/frontend-296a86beed286a4f6ab63f9243937c31d3b9e55e.js 
 LINE: 19505 
 PARENTURL: http://www.yourdelivery.local/servico-de-entrega-funny-pizzas-sao-paulo 
 USERAGENT: Mozilla/5.0 (X11; Ubuntu; Linux x86_64; rv:15.0) Gecko/20100101 Firefox/15.0 

TIME: 31-08-2012 19:55:49 
 MESSAGE: TypeError: form.sizeName is undefined 
 URL: http://www.yourdelivery.local/media/javascript/compiled/frontend-296a86beed286a4f6ab63f9243937c31d3b9e55e.js 
 LINE: 19505 
 PARENTURL: http://www.yourdelivery.local/servico-de-entrega-funny-pizzas-sao-paulo 
 USERAGENT: Mozilla/5.0 (X11; Ubuntu; Linux x86_64; rv:15.0) Gecko/20100101 Firefox/15.0 

TIME: 31-08-2012 20:02:06 
 MESSAGE: TypeError: form.sizeName is undefined 
 URL: http://www.yourdelivery.local/media/javascript/compiled/frontend-296a86beed286a4f6ab63f9243937c31d3b9e55e.js 
 LINE: 19505 
 PARENTURL: http://www.yourdelivery.local/servico-de-entrega-funny-pizzas-sao-paulo 
 USERAGENT: Mozilla/5.0 (X11; Ubuntu; Linux x86_64; rv:15.0) Gecko/20100101 Firefox/15.0 

TIME: 31-08-2012 20:27:33 
 MESSAGE: TypeError: form["sizes_"   sizeName   "_cost"] is undefined 
 URL: http://www.yourdelivery.local/media/javascript/compiled/frontend-296a86beed286a4f6ab63f9243937c31d3b9e55e.js 
 LINE: 19507 
 PARENTURL: http://www.yourdelivery.local/servico-de-entrega-funny-pizzas-sao-paulo 
 USERAGENT: Mozilla/5.0 (X11; Ubuntu; Linux x86_64; rv:15.0) Gecko/20100101 Firefox/15.0 

TIME: 31-08-2012 20:28:36 
 MESSAGE: TypeError: form["options_"   optionRowId   "_"   optionId   "_"   sizeId   "_cost"] is undefined 
 URL: http://www.yourdelivery.local/media/javascript/compiled/frontend-296a86beed286a4f6ab63f9243937c31d3b9e55e.js 
 LINE: 19659 
 PARENTURL: http://www.yourdelivery.local/servico-de-entrega-funny-pizzas-sao-paulo 
 USERAGENT: Mozilla/5.0 (X11; Ubuntu; Linux x86_64; rv:15.0) Gecko/20100101 Firefox/15.0 

