TIME: 11-09-2012 16:26:51 
 MESSAGE: TypeError: second argument to Function.prototype.apply must be an array 
 URL: http://yourdelivery.local/media/javascript/compiled/frontend-296a86beed286a4f6ab63f9243937c31d3b9e55e.js 
 LINE: 11 
 PARENTURL: http://yourdelivery.local/phoneorder#!1234/2345 
 USERAGENT: Mozilla/5.0 (X11; Ubuntu; Linux x86_64; rv:15.0) Gecko/20100101 Firefox/15.0 

TIME: 11-09-2012 16:28:11 
 MESSAGE: TypeError: second argument to Function.prototype.apply must be an array 
 URL: http://yourdelivery.local/media/javascript/compiled/frontend-296a86beed286a4f6ab63f9243937c31d3b9e55e.js 
 LINE: 11 
 PARENTURL: http://yourdelivery.local/phoneorder#!1234/2345 
 USERAGENT: Mozilla/5.0 (X11; Ubuntu; Linux x86_64; rv:15.0) Gecko/20100101 Firefox/15.0 

TIME: 11-09-2012 16:28:52 
 MESSAGE: TypeError: second argument to Function.prototype.apply must be an array 
 URL: http://yourdelivery.local/media/javascript/compiled/frontend-296a86beed286a4f6ab63f9243937c31d3b9e55e.js 
 LINE: 11 
 PARENTURL: http://yourdelivery.local/phoneorder#!1234/2345 
 USERAGENT: Mozilla/5.0 (X11; Ubuntu; Linux x86_64; rv:15.0) Gecko/20100101 Firefox/15.0 

TIME: 11-09-2012 16:30:35 
 MESSAGE: TypeError: second argument to Function.prototype.apply must be an array 
 URL: http://yourdelivery.local/media/javascript/compiled/frontend-296a86beed286a4f6ab63f9243937c31d3b9e55e.js 
 LINE: 11 
 PARENTURL: http://yourdelivery.local/phoneorder#!1234/2345 
 USERAGENT: Mozilla/5.0 (X11; Ubuntu; Linux x86_64; rv:15.0) Gecko/20100101 Firefox/15.0 

TIME: 11-09-2012 16:33:20 
 MESSAGE: TypeError: second argument to Function.prototype.apply must be an array 
 URL: http://yourdelivery.local/media/javascript/compiled/frontend-296a86beed286a4f6ab63f9243937c31d3b9e55e.js 
 LINE: 11 
 PARENTURL: http://yourdelivery.local/phoneorder#!1234/2345 
 USERAGENT: Mozilla/5.0 (X11; Ubuntu; Linux x86_64; rv:15.0) Gecko/20100101 Firefox/15.0 

TIME: 11-09-2012 17:02:59 
 MESSAGE: TypeError: second argument to Function.prototype.apply must be an array 
 URL: http://yourdelivery.local/media/javascript/compiled/frontend-296a86beed286a4f6ab63f9243937c31d3b9e55e.js 
 LINE: 11 
 PARENTURL: http://yourdelivery.local/phoneorder#!1234/2345 
 USERAGENT: Mozilla/5.0 (X11; Ubuntu; Linux x86_64; rv:15.0) Gecko/20100101 Firefox/15.0 

TIME: 11-09-2012 17:06:53 
 MESSAGE: TypeError: second argument to Function.prototype.apply must be an array 
 URL: http://yourdelivery.local/media/javascript/compiled/frontend-296a86beed286a4f6ab63f9243937c31d3b9e55e.js 
 LINE: 11 
 PARENTURL: http://yourdelivery.local/phoneorder#!1234/2345 
 USERAGENT: Mozilla/5.0 (X11; Ubuntu; Linux x86_64; rv:15.0) Gecko/20100101 Firefox/15.0 

TIME: 11-09-2012 17:07:45 
 MESSAGE: TypeError: second argument to Function.prototype.apply must be an array 
 URL: http://yourdelivery.local/media/javascript/compiled/frontend-296a86beed286a4f6ab63f9243937c31d3b9e55e.js 
 LINE: 11 
 PARENTURL: http://yourdelivery.local/phoneorder#!1/2345 
 USERAGENT: Mozilla/5.0 (X11; Ubuntu; Linux x86_64; rv:15.0) Gecko/20100101 Firefox/15.0 

TIME: 11-09-2012 17:14:43 
 MESSAGE: TypeError: second argument to Function.prototype.apply must be an array 
 URL: http://yourdelivery.local/media/javascript/compiled/frontend-296a86beed286a4f6ab63f9243937c31d3b9e55e.js 
 LINE: 11 
 PARENTURL: http://yourdelivery.local/phoneorder#!1/2345 
 USERAGENT: Mozilla/5.0 (X11; Ubuntu; Linux x86_64; rv:15.0) Gecko/20100101 Firefox/15.0 

TIME: 11-09-2012 17:15:06 
 MESSAGE: TypeError: second argument to Function.prototype.apply must be an array 
 URL: http://yourdelivery.local/media/javascript/compiled/frontend-296a86beed286a4f6ab63f9243937c31d3b9e55e.js 
 LINE: 11 
 PARENTURL: http://yourdelivery.local/phoneorder#!1/2345 
 USERAGENT: Mozilla/5.0 (X11; Ubuntu; Linux x86_64; rv:15.0) Gecko/20100101 Firefox/15.0 

TIME: 11-09-2012 17:17:23 
 MESSAGE: TypeError: second argument to Function.prototype.apply must be an array 
 URL: http://yourdelivery.local/media/javascript/compiled/frontend-296a86beed286a4f6ab63f9243937c31d3b9e55e.js 
 LINE: 11 
 PARENTURL: http://yourdelivery.local/phoneorder#!1/2345 
 USERAGENT: Mozilla/5.0 (X11; Ubuntu; Linux x86_64; rv:15.0) Gecko/20100101 Firefox/15.0 

TIME: 11-09-2012 17:23:43 
 MESSAGE: TypeError: second argument to Function.prototype.apply must be an array 
 URL: http://yourdelivery.local/media/javascript/compiled/frontend-296a86beed286a4f6ab63f9243937c31d3b9e55e.js 
 LINE: 11 
 PARENTURL: http://yourdelivery.local/phoneorder#!1/2345 
 USERAGENT: Mozilla/5.0 (X11; Ubuntu; Linux x86_64; rv:15.0) Gecko/20100101 Firefox/15.0 

TIME: 11-09-2012 17:24:48 
 MESSAGE: TypeError: second argument to Function.prototype.apply must be an array 
 URL: http://www.yourdelivery.local/media/javascript/compiled/frontend-296a86beed286a4f6ab63f9243937c31d3b9e55e.js 
 LINE: 11 
 PARENTURL: http://www.yourdelivery.local/phoneorder#!1/2345 
 USERAGENT: Mozilla/5.0 (X11; Ubuntu; Linux x86_64; rv:15.0) Gecko/20100101 Firefox/15.0 

TIME: 11-09-2012 17:25:01 
 MESSAGE: TypeError: second argument to Function.prototype.apply must be an array 
 URL: http://www.yourdelivery.local/media/javascript/compiled/frontend-296a86beed286a4f6ab63f9243937c31d3b9e55e.js 
 LINE: 11 
 PARENTURL: http://www.yourdelivery.local/phoneorder#!2/2345 
 USERAGENT: Mozilla/5.0 (X11; Ubuntu; Linux x86_64; rv:15.0) Gecko/20100101 Firefox/15.0 

TIME: 11-09-2012 17:25:08 
 MESSAGE: TypeError: second argument to Function.prototype.apply must be an array 
 URL: http://www.yourdelivery.local/media/javascript/compiled/frontend-296a86beed286a4f6ab63f9243937c31d3b9e55e.js 
 LINE: 11 
 PARENTURL: http://www.yourdelivery.local/phoneorder#!3/2345 
 USERAGENT: Mozilla/5.0 (X11; Ubuntu; Linux x86_64; rv:15.0) Gecko/20100101 Firefox/15.0 

TIME: 11-09-2012 17:25:44 
 MESSAGE: TypeError: second argument to Function.prototype.apply must be an array 
 URL: http://www.yourdelivery.local/media/javascript/compiled/frontend-296a86beed286a4f6ab63f9243937c31d3b9e55e.js 
 LINE: 11 
 PARENTURL: http://www.yourdelivery.local/phoneorder#!3/2345 
 USERAGENT: Mozilla/5.0 (X11; Ubuntu; Linux x86_64; rv:15.0) Gecko/20100101 Firefox/15.0 

TIME: 11-09-2012 17:25:49 
 MESSAGE: TypeError: second argument to Function.prototype.apply must be an array 
 URL: http://www.yourdelivery.local/media/javascript/compiled/frontend-296a86beed286a4f6ab63f9243937c31d3b9e55e.js 
 LINE: 11 
 PARENTURL: http://www.yourdelivery.local/phoneorder#!4/2345 
 USERAGENT: Mozilla/5.0 (X11; Ubuntu; Linux x86_64; rv:15.0) Gecko/20100101 Firefox/15.0 

TIME: 11-09-2012 17:26:55 
 MESSAGE: TypeError: second argument to Function.prototype.apply must be an array 
 URL: http://www.yourdelivery.local/media/javascript/compiled/frontend-296a86beed286a4f6ab63f9243937c31d3b9e55e.js 
 LINE: 11 
 PARENTURL: http://www.yourdelivery.local/phoneorder#!2/2345 
 USERAGENT: Mozilla/5.0 (X11; Ubuntu; Linux x86_64; rv:15.0) Gecko/20100101 Firefox/15.0 

TIME: 11-09-2012 17:29:05 
 MESSAGE: TypeError: second argument to Function.prototype.apply must be an array 
 URL: http://www.yourdelivery.local/media/javascript/compiled/frontend-296a86beed286a4f6ab63f9243937c31d3b9e55e.js 
 LINE: 11 
 PARENTURL: http://www.yourdelivery.local/phoneorder#!1198/2345 
 USERAGENT: Mozilla/5.0 (X11; Ubuntu; Linux x86_64; rv:15.0) Gecko/20100101 Firefox/15.0 

TIME: 11-09-2012 17:29:15 
 MESSAGE: TypeError: second argument to Function.prototype.apply must be an array 
 URL: http://www.yourdelivery.local/media/javascript/compiled/frontend-296a86beed286a4f6ab63f9243937c31d3b9e55e.js 
 LINE: 11 
 PARENTURL: http://www.yourdelivery.local/phoneorder#!1198/2345 
 USERAGENT: Mozilla/5.0 (X11; Ubuntu; Linux x86_64; rv:15.0) Gecko/20100101 Firefox/15.0 

TIME: 11-09-2012 17:30:05 
 MESSAGE: TypeError: second argument to Function.prototype.apply must be an array 
 URL: http://www.yourdelivery.local/media/javascript/compiled/frontend-296a86beed286a4f6ab63f9243937c31d3b9e55e.js 
 LINE: 11 
 PARENTURL: http://www.yourdelivery.local/phoneorder#!1198/2345 
 USERAGENT: Mozilla/5.0 (X11; Ubuntu; Linux x86_64; rv:15.0) Gecko/20100101 Firefox/15.0 

TIME: 11-09-2012 17:30:52 
 MESSAGE: TypeError: second argument to Function.prototype.apply must be an array 
 URL: http://www.yourdelivery.local/media/javascript/compiled/frontend-296a86beed286a4f6ab63f9243937c31d3b9e55e.js 
 LINE: 11 
 PARENTURL: http://www.yourdelivery.local/phoneorder#!1198/2345 
 USERAGENT: Mozilla/5.0 (X11; Ubuntu; Linux x86_64; rv:15.0) Gecko/20100101 Firefox/15.0 

TIME: 11-09-2012 17:42:16 
 MESSAGE: TypeError: Service.findOne is not a function 
 URL: http://www.yourdelivery.local/phoneorder#!1198/2345 
 LINE: 69 
 PARENTURL: http://www.yourdelivery.local/phoneorder#!1198/2345 
 USERAGENT: Mozilla/5.0 (X11; Ubuntu; Linux x86_64; rv:15.0) Gecko/20100101 Firefox/15.0 

TIME: 11-09-2012 17:43:07 
 MESSAGE: TypeError: second argument to Function.prototype.apply must be an array 
 URL: http://www.yourdelivery.local/media/javascript/compiled/frontend-296a86beed286a4f6ab63f9243937c31d3b9e55e.js 
 LINE: 11 
 PARENTURL: http://www.yourdelivery.local/phoneorder#!1198/2345 
 USERAGENT: Mozilla/5.0 (X11; Ubuntu; Linux x86_64; rv:15.0) Gecko/20100101 Firefox/15.0 

TIME: 11-09-2012 17:45:16 
 MESSAGE: TypeError: second argument to Function.prototype.apply must be an array 
 URL: http://www.yourdelivery.local/media/javascript/compiled/frontend-296a86beed286a4f6ab63f9243937c31d3b9e55e.js 
 LINE: 11 
 PARENTURL: http://www.yourdelivery.local/phoneorder#!1198/2345 
 USERAGENT: Mozilla/5.0 (X11; Ubuntu; Linux x86_64; rv:15.0) Gecko/20100101 Firefox/15.0 

TIME: 11-09-2012 17:51:01 
 MESSAGE: TypeError: second argument to Function.prototype.apply must be an array 
 URL: http://www.yourdelivery.local/media/javascript/compiled/frontend-296a86beed286a4f6ab63f9243937c31d3b9e55e.js 
 LINE: 11 
 PARENTURL: http://www.yourdelivery.local/phoneorder#!1/2346 
 USERAGENT: Mozilla/5.0 (X11; Ubuntu; Linux x86_64; rv:15.0) Gecko/20100101 Firefox/15.0 

TIME: 11-09-2012 17:54:06 
 MESSAGE: TypeError: second argument to Function.prototype.apply must be an array 
 URL: http://www.yourdelivery.local/media/javascript/compiled/frontend-296a86beed286a4f6ab63f9243937c31d3b9e55e.js 
 LINE: 11 
 PARENTURL: http://www.yourdelivery.local/phoneorder#!1/2346 
 USERAGENT: Mozilla/5.0 (X11; Ubuntu; Linux x86_64; rv:15.0) Gecko/20100101 Firefox/15.0 

TIME: 11-09-2012 17:55:23 
 MESSAGE: TypeError: second argument to Function.prototype.apply must be an array 
 URL: http://www.yourdelivery.local/media/javascript/compiled/frontend-296a86beed286a4f6ab63f9243937c31d3b9e55e.js 
 LINE: 11 
 PARENTURL: http://www.yourdelivery.local/phoneorder#!1/2346 
 USERAGENT: Mozilla/5.0 (X11; Ubuntu; Linux x86_64; rv:15.0) Gecko/20100101 Firefox/15.0 

TIME: 11-09-2012 17:55:30 
 MESSAGE: TypeError: second argument to Function.prototype.apply must be an array 
 URL: http://www.yourdelivery.local/media/javascript/compiled/frontend-296a86beed286a4f6ab63f9243937c31d3b9e55e.js 
 LINE: 11 
 PARENTURL: http://www.yourdelivery.local/phoneorder#!12/2346 
 USERAGENT: Mozilla/5.0 (X11; Ubuntu; Linux x86_64; rv:15.0) Gecko/20100101 Firefox/15.0 

TIME: 11-09-2012 18:16:42 
 MESSAGE: TypeError: second argument to Function.prototype.apply must be an array 
 URL: http://www.yourdelivery.local/media/javascript/compiled/frontend-296a86beed286a4f6ab63f9243937c31d3b9e55e.js 
 LINE: 11 
 PARENTURL: http://www.yourdelivery.local/phoneorder#!12/2346 
 USERAGENT: Mozilla/5.0 (X11; Ubuntu; Linux x86_64; rv:15.0) Gecko/20100101 Firefox/15.0 

TIME: 11-09-2012 18:16:50 
 MESSAGE: TypeError: second argument to Function.prototype.apply must be an array 
 URL: http://www.yourdelivery.local/media/javascript/compiled/frontend-296a86beed286a4f6ab63f9243937c31d3b9e55e.js 
 LINE: 11 
 PARENTURL: http://www.yourdelivery.local/phoneorder#!12/2347 
 USERAGENT: Mozilla/5.0 (X11; Ubuntu; Linux x86_64; rv:15.0) Gecko/20100101 Firefox/15.0 

TIME: 11-09-2012 18:16:59 
 MESSAGE: TypeError: second argument to Function.prototype.apply must be an array 
 URL: http://www.yourdelivery.local/media/javascript/compiled/frontend-296a86beed286a4f6ab63f9243937c31d3b9e55e.js 
 LINE: 11 
 PARENTURL: http://www.yourdelivery.local/phoneorder#!13/2347 
 USERAGENT: Mozilla/5.0 (X11; Ubuntu; Linux x86_64; rv:15.0) Gecko/20100101 Firefox/15.0 

TIME: 11-09-2012 18:19:11 
 MESSAGE: TypeError: second argument to Function.prototype.apply must be an array 
 URL: http://www.yourdelivery.local/media/javascript/compiled/frontend-296a86beed286a4f6ab63f9243937c31d3b9e55e.js 
 LINE: 11 
 PARENTURL: http://www.yourdelivery.local/phoneorder#!13/2347 
 USERAGENT: Mozilla/5.0 (X11; Ubuntu; Linux x86_64; rv:15.0) Gecko/20100101 Firefox/15.0 

TIME: 11-09-2012 18:19:21 
 MESSAGE: TypeError: second argument to Function.prototype.apply must be an array 
 URL: http://www.yourdelivery.local/media/javascript/compiled/frontend-296a86beed286a4f6ab63f9243937c31d3b9e55e.js 
 LINE: 11 
 PARENTURL: http://www.yourdelivery.local/phoneorder#!13/2348 
 USERAGENT: Mozilla/5.0 (X11; Ubuntu; Linux x86_64; rv:15.0) Gecko/20100101 Firefox/15.0 

TIME: 11-09-2012 18:25:27 
 MESSAGE: TypeError: second argument to Function.prototype.apply must be an array 
 URL: http://www.yourdelivery.local/media/javascript/compiled/frontend-296a86beed286a4f6ab63f9243937c31d3b9e55e.js 
 LINE: 11 
 PARENTURL: http://www.yourdelivery.local/phoneorder#!13/2348 
 USERAGENT: Mozilla/5.0 (X11; Ubuntu; Linux x86_64; rv:15.0) Gecko/20100101 Firefox/15.0 

TIME: 11-09-2012 18:25:48 
 MESSAGE: TypeError: second argument to Function.prototype.apply must be an array 
 URL: http://www.yourdelivery.local/media/javascript/compiled/frontend-296a86beed286a4f6ab63f9243937c31d3b9e55e.js 
 LINE: 11 
 PARENTURL: http://www.yourdelivery.local/phoneorder#!14/2348 
 USERAGENT: Mozilla/5.0 (X11; Ubuntu; Linux x86_64; rv:15.0) Gecko/20100101 Firefox/15.0 

TIME: 11-09-2012 18:34:40 
 MESSAGE: TypeError: a is undefined 
 URL: http://www.yourdelivery.local/media/javascript/library/can/can.jquery-1.0.7.min.js 
 LINE: 16 
 PARENTURL: http://www.yourdelivery.local/phoneorder#!14/2348 
 USERAGENT: Mozilla/5.0 (X11; Ubuntu; Linux x86_64; rv:15.0) Gecko/20100101 Firefox/15.0 

TIME: 11-09-2012 18:34:47 
 MESSAGE: TypeError: a is undefined 
 URL: http://www.yourdelivery.local/media/javascript/library/can/can.jquery-1.0.7.min.js 
 LINE: 16 
 PARENTURL: http://www.yourdelivery.local/phoneorder#!15/2348 
 USERAGENT: Mozilla/5.0 (X11; Ubuntu; Linux x86_64; rv:15.0) Gecko/20100101 Firefox/15.0 

TIME: 11-09-2012 18:34:54 
 MESSAGE: TypeError: a is undefined 
 URL: http://www.yourdelivery.local/media/javascript/library/can/can.jquery-1.0.7.min.js 
 LINE: 16 
 PARENTURL: http://www.yourdelivery.local/phoneorder#!16/2348 
 USERAGENT: Mozilla/5.0 (X11; Ubuntu; Linux x86_64; rv:15.0) Gecko/20100101 Firefox/15.0 

TIME: 11-09-2012 18:38:55 
 MESSAGE: TypeError: a is undefined 
 URL: http://www.yourdelivery.local/media/javascript/library/can/can.jquery-1.0.7.min.js 
 LINE: 16 
 PARENTURL: http://www.yourdelivery.local/phoneorder#!16/2348 
 USERAGENT: Mozilla/5.0 (X11; Ubuntu; Linux x86_64; rv:15.0) Gecko/20100101 Firefox/15.0 

TIME: 11-09-2012 18:39:31 
 MESSAGE: TypeError: a is undefined 
 URL: http://www.yourdelivery.local/media/javascript/library/can/can.jquery-1.0.7.min.js 
 LINE: 16 
 PARENTURL: http://www.yourdelivery.local/phoneorder#!16/2348 
 USERAGENT: Mozilla/5.0 (X11; Ubuntu; Linux x86_64; rv:15.0) Gecko/20100101 Firefox/15.0 

TIME: 11-09-2012 18:40:37 
 MESSAGE: TypeError: a is undefined 
 URL: http://www.yourdelivery.local/media/javascript/library/can/can.jquery-1.0.7.min.js 
 LINE: 16 
 PARENTURL: http://www.yourdelivery.local/phoneorder#!1198/2348 
 USERAGENT: Mozilla/5.0 (X11; Ubuntu; Linux x86_64; rv:15.0) Gecko/20100101 Firefox/15.0 

TIME: 11-09-2012 18:41:03 
 MESSAGE: TypeError: second argument to Function.prototype.apply must be an array 
 URL: http://www.yourdelivery.local/media/javascript/compiled/frontend-296a86beed286a4f6ab63f9243937c31d3b9e55e.js 
 LINE: 11 
 PARENTURL: http://www.yourdelivery.local/phoneorder#!1199/2348 
 USERAGENT: Mozilla/5.0 (X11; Ubuntu; Linux x86_64; rv:15.0) Gecko/20100101 Firefox/15.0 

TIME: 11-09-2012 18:41:33 
 MESSAGE: TypeError: second argument to Function.prototype.apply must be an array 
 URL: http://www.yourdelivery.local/media/javascript/compiled/frontend-296a86beed286a4f6ab63f9243937c31d3b9e55e.js 
 LINE: 11 
 PARENTURL: http://www.yourdelivery.local/phoneorder#!1199/2348 
 USERAGENT: Mozilla/5.0 (X11; Ubuntu; Linux x86_64; rv:15.0) Gecko/20100101 Firefox/15.0 

TIME: 11-09-2012 18:42:47 
 MESSAGE: TypeError: second argument to Function.prototype.apply must be an array 
 URL: http://www.yourdelivery.local/media/javascript/compiled/frontend-296a86beed286a4f6ab63f9243937c31d3b9e55e.js 
 LINE: 11 
 PARENTURL: http://www.yourdelivery.local/phoneorder#!1199/2348 
 USERAGENT: Mozilla/5.0 (X11; Ubuntu; Linux x86_64; rv:15.0) Gecko/20100101 Firefox/15.0 

TIME: 11-09-2012 18:45:33 
 MESSAGE: ReferenceError: todo is not defined 
 URL: http://www.yourdelivery.local/media/javascript/library/can/can.jquery-1.0.7.min.js 
 LINE: 42 
 PARENTURL: http://www.yourdelivery.local/phoneorder#!1198/2349 
 USERAGENT: Mozilla/5.0 (X11; Ubuntu; Linux x86_64; rv:15.0) Gecko/20100101 Firefox/15.0 

