2012-06-06T06:58:40-03:00 DEBUG (7): ydadmin-ThinkPad-X220-Tablet serving janamesa.com.br.testing SMARTY: did not find template administration/login.htm in janamesa.com.br layout, switching successfully back to default 
2012-06-06T06:58:40-03:00 DEBUG (7): ydadmin-ThinkPad-X220-Tablet serving janamesa.com.br.testing SMARTY: rendering template administration/login.htm 
2012-06-06T06:58:43-03:00 INFO (6): ydadmin-ThinkPad-X220-Tablet serving janamesa.com.br.testing Successfully loggged in admin #Supporter Jens Naie (344) 
2012-06-06T06:58:43-03:00 DEBUG (7): ydadmin-ThinkPad-X220-Tablet serving janamesa.com.br.testing SMARTY: did not find template administration/dashboard.htm in janamesa.com.br layout, switching successfully back to default 
2012-06-06T06:58:43-03:00 DEBUG (7): ydadmin-ThinkPad-X220-Tablet serving janamesa.com.br.testing SMARTY: rendering template administration/dashboard.htm 
2012-06-06T06:58:56-03:00 DEBUG (7): ydadmin-ThinkPad-X220-Tablet serving janamesa.com.br.testing SMARTY: did not find template request/service/openingtimeday.htm in janamesa.com.br layout, switching successfully back to default 
2012-06-06T06:58:56-03:00 DEBUG (7): ydadmin-ThinkPad-X220-Tablet serving janamesa.com.br.testing SMARTY: rendering template request/service/openingtimeday.htm 
2012-06-06T12:08:29-03:00 DEBUG (7): ydadmin-ThinkPad-X220-Tablet serving janamesa.com.br.testing saved model Yourdelivery_Model_BillingAsset with id #2 new data :: Array(    [companyId] => 11    [restaurantId] => 53    [courierId] => 0    [total] => 4500    [mwst] => 19    [couriertotal] => 0    [couriermwst] => 7    [timeFrom] => 2012-04-06 12:08:29    [timeUntil] => 2012-05-06 12:08:29    [description] => blub    [fee] => 10) 
2012-06-06T12:08:29-03:00 DEBUG (7): ydadmin-ThinkPad-X220-Tablet serving janamesa.com.br.testing Creating bill for company Andrade, Lacaz & Potenza Advocados #11 
2012-06-06T12:08:29-03:00 ERR (3): ydadmin-ThinkPad-X220-Tablet serving janamesa.com.br.testing Could not create pdf #0 log() called at [/home/ydadmin/htdocs/lieferando/library/Yourdelivery/Log.php:68]
#1 __call() called at [/home/ydadmin/htdocs/lieferando/application/models/Billing/Company.php:985]
#2 err() called at [/home/ydadmin/htdocs/lieferando/application/models/Billing/Company.php:985]
#3 create() called at [/home/ydadmin/htdocs/lieferando/tests/application/models/Billing/CompanyTest.php:40]
#4 testCreate() called at [:]
#5 invokeArgs() called at [/usr/share/php/PHPUnit/Framework/TestCase.php:942]
#6 runTest() called at [/usr/share/php/PHPUnit/Framework/TestCase.php:804]
#7 runBare() called at [/usr/share/php/PHPUnit/Framework/TestResult.php:649]
#8 run() called at [/usr/share/php/PHPUnit/Framework/TestCase.php:751]
#9 run() called at [-:26]
#10 __phpunit_run_isolated_test() called at [-:155]

2012-06-06T12:08:30-03:00 DEBUG (7): ydadmin-ThinkPad-X220-Tablet serving janamesa.com.br.testing saved model Yourdelivery_Model_BillingAsset with id #3 new data :: Array(    [companyId] => 2    [restaurantId] => 196    [courierId] => 0    [total] => 4500    [mwst] => 19    [couriertotal] => 0    [couriermwst] => 7    [timeFrom] => 2012-08-06 12:08:29    [timeUntil] => 2012-09-06 12:08:29    [description] => blub    [fee] => 10) 
2012-06-06T12:08:30-03:00 DEBUG (7): ydadmin-ThinkPad-X220-Tablet serving janamesa.com.br.testing Ignoring asset 3, wrong time 
2012-06-06T12:08:30-03:00 DEBUG (7): ydadmin-ThinkPad-X220-Tablet serving janamesa.com.br.testing saved model Yourdelivery_Model_BillingAsset with id #4 new data :: Array(    [companyId] => 2    [restaurantId] => 244    [courierId] => 0    [total] => 4500    [mwst] => 19    [couriertotal] => 0    [couriermwst] => 7    [timeFrom] => 2012-04-06 12:08:30    [timeUntil] => 2012-05-06 12:08:30    [description] => blub    [fee] => 10) 
2012-06-06T12:08:30-03:00 DEBUG (7): ydadmin-ThinkPad-X220-Tablet serving janamesa.com.br.testing Ignoring asset 3, wrong time 
2012-06-06T12:10:55-03:00 DEBUG (7): ydadmin-ThinkPad-X220-Tablet serving janamesa.com.br.testing saved model Yourdelivery_Model_BillingAsset with id #5 new data :: Array(    [companyId] => 11    [restaurantId] => 67    [courierId] => 0    [total] => 4500    [mwst] => 19    [couriertotal] => 0    [couriermwst] => 7    [timeFrom] => 2012-04-06 12:10:55    [timeUntil] => 2012-05-06 12:10:55    [description] => blub    [fee] => 10) 
2012-06-06T12:10:55-03:00 DEBUG (7): ydadmin-ThinkPad-X220-Tablet serving janamesa.com.br.testing Creating bill for company Andrade, Lacaz & Potenza Advocados #11 
2012-06-06T12:10:56-03:00 ERR (3): ydadmin-ThinkPad-X220-Tablet serving janamesa.com.br.testing Could not create pdf #0 log() called at [/home/ydadmin/htdocs/lieferando/library/Yourdelivery/Log.php:68]
#1 __call() called at [/home/ydadmin/htdocs/lieferando/application/models/Billing/Company.php:985]
#2 err() called at [/home/ydadmin/htdocs/lieferando/application/models/Billing/Company.php:985]
#3 create() called at [/home/ydadmin/htdocs/lieferando/tests/application/models/Billing/CompanyTest.php:40]
#4 testCreate() called at [:]
#5 invokeArgs() called at [/usr/share/php/PHPUnit/Framework/TestCase.php:942]
#6 runTest() called at [/usr/share/php/PHPUnit/Framework/TestCase.php:804]
#7 runBare() called at [/usr/share/php/PHPUnit/Framework/TestResult.php:649]
#8 run() called at [/usr/share/php/PHPUnit/Framework/TestCase.php:751]
#9 run() called at [-:26]
#10 __phpunit_run_isolated_test() called at [-:156]

2012-06-06T12:10:56-03:00 DEBUG (7): ydadmin-ThinkPad-X220-Tablet serving janamesa.com.br.testing saved model Yourdelivery_Model_BillingAsset with id #6 new data :: Array(    [companyId] => 11    [restaurantId] => 94    [courierId] => 0    [total] => 4500    [mwst] => 19    [couriertotal] => 0    [couriermwst] => 7    [timeFrom] => 2012-08-06 12:10:56    [timeUntil] => 2012-09-06 12:10:56    [description] => blub    [fee] => 10) 
2012-06-06T12:10:56-03:00 DEBUG (7): ydadmin-ThinkPad-X220-Tablet serving janamesa.com.br.testing Ignoring asset 6, wrong time 
2012-06-06T12:10:56-03:00 DEBUG (7): ydadmin-ThinkPad-X220-Tablet serving janamesa.com.br.testing saved model Yourdelivery_Model_BillingAsset with id #7 new data :: Array(    [companyId] => 11    [restaurantId] => 134    [courierId] => 0    [total] => 4500    [mwst] => 19    [couriertotal] => 0    [couriermwst] => 7    [timeFrom] => 2012-04-06 12:10:56    [timeUntil] => 2012-05-06 12:10:56    [description] => blub    [fee] => 10) 
2012-06-06T12:10:56-03:00 DEBUG (7): ydadmin-ThinkPad-X220-Tablet serving janamesa.com.br.testing Ignoring asset 6, wrong time 
2012-06-06T12:12:33-03:00 DEBUG (7): ydadmin-ThinkPad-X220-Tablet serving janamesa.com.br.testing saved model Yourdelivery_Model_BillingAsset with id #8 new data :: Array(    [companyId] => 3    [restaurantId] => 75    [courierId] => 0    [total] => 4500    [mwst] => 19    [couriertotal] => 0    [couriermwst] => 7    [timeFrom] => 2012-04-06 12:12:33    [timeUntil] => 2012-05-06 12:12:33    [description] => blub    [fee] => 10) 
2012-06-06T12:12:33-03:00 DEBUG (7): ydadmin-ThinkPad-X220-Tablet serving janamesa.com.br.testing Creating bill for company Admin #3 
2012-06-06T12:12:34-03:00 ERR (3): ydadmin-ThinkPad-X220-Tablet serving janamesa.com.br.testing Could not create pdf #0 log() called at [/home/ydadmin/htdocs/lieferando/library/Yourdelivery/Log.php:68]
#1 __call() called at [/home/ydadmin/htdocs/lieferando/application/models/Billing/Company.php:985]
#2 err() called at [/home/ydadmin/htdocs/lieferando/application/models/Billing/Company.php:985]
#3 create() called at [/home/ydadmin/htdocs/lieferando/tests/application/models/Billing/CompanyTest.php:40]
#4 testCreate() called at [:]
#5 invokeArgs() called at [/usr/share/php/PHPUnit/Framework/TestCase.php:942]
#6 runTest() called at [/usr/share/php/PHPUnit/Framework/TestCase.php:804]
#7 runBare() called at [/usr/share/php/PHPUnit/Framework/TestResult.php:649]
#8 run() called at [/usr/share/php/PHPUnit/Framework/TestCase.php:751]
#9 run() called at [-:26]
#10 __phpunit_run_isolated_test() called at [-:156]

2012-06-06T12:12:34-03:00 DEBUG (7): ydadmin-ThinkPad-X220-Tablet serving janamesa.com.br.testing Ignoring asset 3, wrong time 
2012-06-06T12:12:34-03:00 DEBUG (7): ydadmin-ThinkPad-X220-Tablet serving janamesa.com.br.testing saved model Yourdelivery_Model_BillingAsset with id #9 new data :: Array(    [companyId] => 2    [restaurantId] => 75    [courierId] => 0    [total] => 4500    [mwst] => 19    [couriertotal] => 0    [couriermwst] => 7    [timeFrom] => 2012-08-06 12:12:34    [timeUntil] => 2012-09-06 12:12:34    [description] => blub    [fee] => 10) 
2012-06-06T12:12:34-03:00 DEBUG (7): ydadmin-ThinkPad-X220-Tablet serving janamesa.com.br.testing Ignoring asset 3, wrong time 
2012-06-06T12:12:34-03:00 DEBUG (7): ydadmin-ThinkPad-X220-Tablet serving janamesa.com.br.testing Ignoring asset 9, wrong time 
2012-06-06T12:12:34-03:00 DEBUG (7): ydadmin-ThinkPad-X220-Tablet serving janamesa.com.br.testing saved model Yourdelivery_Model_BillingAsset with id #10 new data :: Array(    [companyId] => 2    [restaurantId] => 105    [courierId] => 0    [total] => 4500    [mwst] => 19    [couriertotal] => 0    [couriermwst] => 7    [timeFrom] => 2012-04-06 12:12:34    [timeUntil] => 2012-05-06 12:12:34    [description] => blub    [fee] => 10) 
2012-06-06T12:12:34-03:00 DEBUG (7): ydadmin-ThinkPad-X220-Tablet serving janamesa.com.br.testing Ignoring asset 3, wrong time 
2012-06-06T12:12:34-03:00 DEBUG (7): ydadmin-ThinkPad-X220-Tablet serving janamesa.com.br.testing Ignoring asset 9, wrong time 
2012-06-06T12:13:11-03:00 DEBUG (7): ydadmin-ThinkPad-X220-Tablet serving janamesa.com.br.testing saved model Yourdelivery_Model_BillingAsset with id #11 new data :: Array(    [companyId] => 3    [restaurantId] => 8    [courierId] => 0    [total] => 4500    [mwst] => 19    [couriertotal] => 0    [couriermwst] => 7    [timeFrom] => 2012-04-06 12:13:11    [timeUntil] => 2012-05-06 12:13:11    [description] => blub    [fee] => 10) 
2012-06-06T12:13:12-03:00 DEBUG (7): ydadmin-ThinkPad-X220-Tablet serving janamesa.com.br.testing Creating bill for company Admin #3 
2012-06-06T12:13:12-03:00 ERR (3): ydadmin-ThinkPad-X220-Tablet serving janamesa.com.br.testing Could not create pdf #0 log() called at [/home/ydadmin/htdocs/lieferando/library/Yourdelivery/Log.php:68]
#1 __call() called at [/home/ydadmin/htdocs/lieferando/application/models/Billing/Company.php:985]
#2 err() called at [/home/ydadmin/htdocs/lieferando/application/models/Billing/Company.php:985]
#3 create() called at [/home/ydadmin/htdocs/lieferando/tests/application/models/Billing/CompanyTest.php:40]
#4 testCreate() called at [:]
#5 invokeArgs() called at [/usr/share/php/PHPUnit/Framework/TestCase.php:942]
#6 runTest() called at [/usr/share/php/PHPUnit/Framework/TestCase.php:804]
#7 runBare() called at [/usr/share/php/PHPUnit/Framework/TestResult.php:649]
#8 run() called at [/usr/share/php/PHPUnit/Framework/TestCase.php:751]
#9 run() called at [-:26]
#10 __phpunit_run_isolated_test() called at [-:156]

2012-06-06T12:13:12-03:00 DEBUG (7): ydadmin-ThinkPad-X220-Tablet serving janamesa.com.br.testing Ignoring asset 6, wrong time 
2012-06-06T12:13:12-03:00 DEBUG (7): ydadmin-ThinkPad-X220-Tablet serving janamesa.com.br.testing saved model Yourdelivery_Model_BillingAsset with id #12 new data :: Array(    [companyId] => 11    [restaurantId] => 70    [courierId] => 0    [total] => 4500    [mwst] => 19    [couriertotal] => 0    [couriermwst] => 7    [timeFrom] => 2012-08-06 12:13:12    [timeUntil] => 2012-09-06 12:13:12    [description] => blub    [fee] => 10) 
2012-06-06T12:13:12-03:00 DEBUG (7): ydadmin-ThinkPad-X220-Tablet serving janamesa.com.br.testing Ignoring asset 6, wrong time 
2012-06-06T12:13:12-03:00 DEBUG (7): ydadmin-ThinkPad-X220-Tablet serving janamesa.com.br.testing Ignoring asset 12, wrong time 
2012-06-06T12:13:12-03:00 DEBUG (7): ydadmin-ThinkPad-X220-Tablet serving janamesa.com.br.testing saved model Yourdelivery_Model_BillingAsset with id #13 new data :: Array(    [companyId] => 11    [restaurantId] => 23    [courierId] => 0    [total] => 4500    [mwst] => 19    [couriertotal] => 0    [couriermwst] => 7    [timeFrom] => 2012-04-06 12:13:12    [timeUntil] => 2012-05-06 12:13:12    [description] => blub    [fee] => 10) 
2012-06-06T12:13:12-03:00 DEBUG (7): ydadmin-ThinkPad-X220-Tablet serving janamesa.com.br.testing Ignoring asset 6, wrong time 
2012-06-06T12:13:12-03:00 DEBUG (7): ydadmin-ThinkPad-X220-Tablet serving janamesa.com.br.testing Ignoring asset 12, wrong time 
2012-06-06T12:15:29-03:00 DEBUG (7): ydadmin-ThinkPad-X220-Tablet serving janamesa.com.br.testing saved model Yourdelivery_Model_BillingAsset with id #14 new data :: Array(    [companyId] => 3    [restaurantId] => 206    [courierId] => 0    [total] => 4500    [mwst] => 19    [couriertotal] => 0    [couriermwst] => 7    [timeFrom] => 2012-04-06 12:15:29    [timeUntil] => 2012-05-06 12:15:29    [description] => blub    [fee] => 10) 
2012-06-06T12:15:29-03:00 DEBUG (7): ydadmin-ThinkPad-X220-Tablet serving janamesa.com.br.testing Creating bill for company Admin #3 
2012-06-06T12:15:29-03:00 ERR (3): ydadmin-ThinkPad-X220-Tablet serving janamesa.com.br.testing Could not create pdf #0 log() called at [/home/ydadmin/htdocs/lieferando/library/Yourdelivery/Log.php:68]
#1 __call() called at [/home/ydadmin/htdocs/lieferando/application/models/Billing/Company.php:985]
#2 err() called at [/home/ydadmin/htdocs/lieferando/application/models/Billing/Company.php:985]
#3 create() called at [/home/ydadmin/htdocs/lieferando/tests/application/models/Billing/CompanyTest.php:40]
#4 testCreate() called at [:]
#5 invokeArgs() called at [/usr/share/php/PHPUnit/Framework/TestCase.php:942]
#6 runTest() called at [/usr/share/php/PHPUnit/Framework/TestCase.php:804]
#7 runBare() called at [/usr/share/php/PHPUnit/Framework/TestResult.php:649]
#8 run() called at [/usr/share/php/PHPUnit/Framework/TestCase.php:751]
#9 run() called at [-:26]
#10 __phpunit_run_isolated_test() called at [-:156]

2012-06-06T12:15:29-03:00 DEBUG (7): ydadmin-ThinkPad-X220-Tablet serving janamesa.com.br.testing Ignoring asset 6, wrong time 
2012-06-06T12:15:29-03:00 DEBUG (7): ydadmin-ThinkPad-X220-Tablet serving janamesa.com.br.testing Ignoring asset 12, wrong time 
2012-06-06T12:15:30-03:00 DEBUG (7): ydadmin-ThinkPad-X220-Tablet serving janamesa.com.br.testing saved model Yourdelivery_Model_BillingAsset with id #15 new data :: Array(    [companyId] => 11    [restaurantId] => 104    [courierId] => 0    [total] => 4500    [mwst] => 19    [couriertotal] => 0    [couriermwst] => 7    [timeFrom] => 2012-08-06 12:15:29    [timeUntil] => 2012-09-06 12:15:29    [description] => blub    [fee] => 10) 
2012-06-06T12:15:30-03:00 DEBUG (7): ydadmin-ThinkPad-X220-Tablet serving janamesa.com.br.testing Ignoring asset 6, wrong time 
2012-06-06T12:15:30-03:00 DEBUG (7): ydadmin-ThinkPad-X220-Tablet serving janamesa.com.br.testing Ignoring asset 12, wrong time 
2012-06-06T12:15:30-03:00 DEBUG (7): ydadmin-ThinkPad-X220-Tablet serving janamesa.com.br.testing Ignoring asset 15, wrong time 
2012-06-06T12:15:30-03:00 DEBUG (7): ydadmin-ThinkPad-X220-Tablet serving janamesa.com.br.testing saved model Yourdelivery_Model_BillingAsset with id #16 new data :: Array(    [companyId] => 11    [restaurantId] => 291    [courierId] => 0    [total] => 4500    [mwst] => 19    [couriertotal] => 0    [couriermwst] => 7    [timeFrom] => 2012-04-06 12:15:30    [timeUntil] => 2012-05-06 12:15:30    [description] => blub    [fee] => 10) 
2012-06-06T12:15:30-03:00 DEBUG (7): ydadmin-ThinkPad-X220-Tablet serving janamesa.com.br.testing Ignoring asset 6, wrong time 
2012-06-06T12:15:30-03:00 DEBUG (7): ydadmin-ThinkPad-X220-Tablet serving janamesa.com.br.testing Ignoring asset 12, wrong time 
2012-06-06T12:15:30-03:00 DEBUG (7): ydadmin-ThinkPad-X220-Tablet serving janamesa.com.br.testing Ignoring asset 15, wrong time 
2012-06-06T12:22:10-03:00 DEBUG (7): ydadmin-ThinkPad-X220-Tablet serving janamesa.com.br.testing saved model Yourdelivery_Model_BillingAsset with id #17 new data :: Array(    [companyId] => 2    [restaurantId] => 105    [courierId] => 0    [total] => 4500    [mwst] => 19    [couriertotal] => 0    [couriermwst] => 7    [timeFrom] => 2012-04-06 12:22:10    [timeUntil] => 2012-05-06 12:22:10    [description] => blub    [fee] => 10) 
2012-06-06T12:22:10-03:00 DEBUG (7): ydadmin-ThinkPad-X220-Tablet serving janamesa.com.br.testing Ignoring asset 3, wrong time 
2012-06-06T12:22:10-03:00 DEBUG (7): ydadmin-ThinkPad-X220-Tablet serving janamesa.com.br.testing Ignoring asset 9, wrong time 
2012-06-06T12:22:10-03:00 DEBUG (7): ydadmin-ThinkPad-X220-Tablet serving janamesa.com.br.testing Creating bill for company Jánamesa #2 
2012-06-06T12:22:10-03:00 DEBUG (7): ydadmin-ThinkPad-X220-Tablet serving janamesa.com.br.testing Ignoring asset 3, wrong time 
2012-06-06T12:22:10-03:00 DEBUG (7): ydadmin-ThinkPad-X220-Tablet serving janamesa.com.br.testing Ignoring asset 9, wrong time 
2012-06-06T12:22:10-03:00 DEBUG (7): ydadmin-ThinkPad-X220-Tablet serving janamesa.com.br.testing Ignoring asset 3, wrong time 
2012-06-06T12:22:10-03:00 DEBUG (7): ydadmin-ThinkPad-X220-Tablet serving janamesa.com.br.testing Ignoring asset 9, wrong time 
2012-06-06T12:22:10-03:00 ERR (3): ydadmin-ThinkPad-X220-Tablet serving janamesa.com.br.testing Could not create pdf #0 log() called at [/home/ydadmin/htdocs/lieferando/library/Yourdelivery/Log.php:68]
#1 __call() called at [/home/ydadmin/htdocs/lieferando/application/models/Billing/Company.php:985]
#2 err() called at [/home/ydadmin/htdocs/lieferando/application/models/Billing/Company.php:985]
#3 create() called at [/home/ydadmin/htdocs/lieferando/tests/application/models/Billing/CompanyTest.php:40]
#4 testCreate() called at [:]
#5 invokeArgs() called at [/usr/share/php/PHPUnit/Framework/TestCase.php:942]
#6 runTest() called at [/usr/share/php/PHPUnit/Framework/TestCase.php:804]
#7 runBare() called at [/usr/share/php/PHPUnit/Framework/TestResult.php:649]
#8 run() called at [/usr/share/php/PHPUnit/Framework/TestCase.php:751]
#9 run() called at [-:26]
#10 __phpunit_run_isolated_test() called at [-:156]

2012-06-06T12:22:10-03:00 DEBUG (7): ydadmin-ThinkPad-X220-Tablet serving janamesa.com.br.testing Ignoring asset 3, wrong time 
2012-06-06T12:22:10-03:00 DEBUG (7): ydadmin-ThinkPad-X220-Tablet serving janamesa.com.br.testing Ignoring asset 9, wrong time 
2012-06-06T12:22:11-03:00 DEBUG (7): ydadmin-ThinkPad-X220-Tablet serving janamesa.com.br.testing saved model Yourdelivery_Model_BillingAsset with id #18 new data :: Array(    [companyId] => 2    [restaurantId] => 144    [courierId] => 0    [total] => 4500    [mwst] => 19    [couriertotal] => 0    [couriermwst] => 7    [timeFrom] => 2012-08-06 12:22:10    [timeUntil] => 2012-09-06 12:22:10    [description] => blub    [fee] => 10) 
2012-06-06T12:22:11-03:00 DEBUG (7): ydadmin-ThinkPad-X220-Tablet serving janamesa.com.br.testing Ignoring asset 3, wrong time 
2012-06-06T12:22:11-03:00 DEBUG (7): ydadmin-ThinkPad-X220-Tablet serving janamesa.com.br.testing Ignoring asset 9, wrong time 
2012-06-06T12:22:11-03:00 DEBUG (7): ydadmin-ThinkPad-X220-Tablet serving janamesa.com.br.testing Ignoring asset 18, wrong time 
2012-06-06T12:22:11-03:00 DEBUG (7): ydadmin-ThinkPad-X220-Tablet serving janamesa.com.br.testing saved model Yourdelivery_Model_BillingAsset with id #19 new data :: Array(    [companyId] => 2    [restaurantId] => 134    [courierId] => 0    [total] => 4500    [mwst] => 19    [couriertotal] => 0    [couriermwst] => 7    [timeFrom] => 2012-04-06 12:22:11    [timeUntil] => 2012-05-06 12:22:11    [description] => blub    [fee] => 10) 
2012-06-06T12:22:11-03:00 DEBUG (7): ydadmin-ThinkPad-X220-Tablet serving janamesa.com.br.testing Ignoring asset 3, wrong time 
2012-06-06T12:22:11-03:00 DEBUG (7): ydadmin-ThinkPad-X220-Tablet serving janamesa.com.br.testing Ignoring asset 9, wrong time 
2012-06-06T12:22:11-03:00 DEBUG (7): ydadmin-ThinkPad-X220-Tablet serving janamesa.com.br.testing Ignoring asset 18, wrong time 
2012-06-06T12:24:23-03:00 DEBUG (7): ydadmin-ThinkPad-X220-Tablet serving janamesa.com.br.testing saved model Yourdelivery_Model_BillingAsset with id #20 new data :: Array(    [companyId] => 3    [restaurantId] => 83    [courierId] => 0    [total] => 4500    [mwst] => 19    [couriertotal] => 0    [couriermwst] => 7    [timeFrom] => 2012-04-06 12:24:23    [timeUntil] => 2012-05-06 12:24:23    [description] => blub    [fee] => 10) 
2012-06-06T12:24:23-03:00 DEBUG (7): ydadmin-ThinkPad-X220-Tablet serving janamesa.com.br.testing Creating bill for company Admin #3 
2012-06-06T12:24:23-03:00 ERR (3): ydadmin-ThinkPad-X220-Tablet serving janamesa.com.br.testing Could not create pdf #0 log() called at [/home/ydadmin/htdocs/lieferando/library/Yourdelivery/Log.php:68]
#1 __call() called at [/home/ydadmin/htdocs/lieferando/application/models/Billing/Company.php:985]
#2 err() called at [/home/ydadmin/htdocs/lieferando/application/models/Billing/Company.php:985]
#3 create() called at [/home/ydadmin/htdocs/lieferando/tests/application/models/Billing/CompanyTest.php:40]
#4 testCreate() called at [:]
#5 invokeArgs() called at [/usr/share/php/PHPUnit/Framework/TestCase.php:942]
#6 runTest() called at [/usr/share/php/PHPUnit/Framework/TestCase.php:804]
#7 runBare() called at [/usr/share/php/PHPUnit/Framework/TestResult.php:649]
#8 run() called at [/usr/share/php/PHPUnit/Framework/TestCase.php:751]
#9 run() called at [-:26]
#10 __phpunit_run_isolated_test() called at [-:156]

2012-06-06T12:24:24-03:00 DEBUG (7): ydadmin-ThinkPad-X220-Tablet serving janamesa.com.br.testing saved model Yourdelivery_Model_BillingAsset with id #21 new data :: Array(    [companyId] => 3    [restaurantId] => 116    [courierId] => 0    [total] => 4500    [mwst] => 19    [couriertotal] => 0    [couriermwst] => 7    [timeFrom] => 2012-08-06 12:24:24    [timeUntil] => 2012-09-06 12:24:24    [description] => blub    [fee] => 10) 
2012-06-06T12:24:24-03:00 DEBUG (7): ydadmin-ThinkPad-X220-Tablet serving janamesa.com.br.testing Ignoring asset 21, wrong time 
2012-06-06T12:24:24-03:00 DEBUG (7): ydadmin-ThinkPad-X220-Tablet serving janamesa.com.br.testing saved model Yourdelivery_Model_BillingAsset with id #22 new data :: Array(    [companyId] => 3    [restaurantId] => 75    [courierId] => 0    [total] => 4500    [mwst] => 19    [couriertotal] => 0    [couriermwst] => 7    [timeFrom] => 2012-04-06 12:24:24    [timeUntil] => 2012-05-06 12:24:24    [description] => blub    [fee] => 10) 
2012-06-06T12:24:24-03:00 DEBUG (7): ydadmin-ThinkPad-X220-Tablet serving janamesa.com.br.testing Ignoring asset 21, wrong time 
2012-06-06T12:40:28-03:00 DEBUG (7): ydadmin-ThinkPad-X220-Tablet serving janamesa.com.br.testing saved model Yourdelivery_Model_BillingAsset with id #23 new data :: Array(    [companyId] => 9    [restaurantId] => 166    [courierId] => 0    [total] => 4500    [mwst] => 19    [couriertotal] => 0    [couriermwst] => 7    [timeFrom] => 2012-04-06 12:40:28    [timeUntil] => 2012-05-06 12:40:28    [description] => blub    [fee] => 10) 
2012-06-06T12:40:28-03:00 DEBUG (7): ydadmin-ThinkPad-X220-Tablet serving janamesa.com.br.testing Creating bill for company Galloway Capital #9 
2012-06-06T12:40:28-03:00 ERR (3): ydadmin-ThinkPad-X220-Tablet serving janamesa.com.br.testing Could not create pdf #0 log() called at [/home/ydadmin/htdocs/lieferando/library/Yourdelivery/Log.php:68]
#1 __call() called at [/home/ydadmin/htdocs/lieferando/application/models/Billing/Company.php:985]
#2 err() called at [/home/ydadmin/htdocs/lieferando/application/models/Billing/Company.php:985]
#3 create() called at [/home/ydadmin/htdocs/lieferando/tests/application/models/Billing/CompanyTest.php:40]
#4 testCreate() called at [:]
#5 invokeArgs() called at [/usr/share/php/PHPUnit/Framework/TestCase.php:942]
#6 runTest() called at [/usr/share/php/PHPUnit/Framework/TestCase.php:804]
#7 runBare() called at [/usr/share/php/PHPUnit/Framework/TestResult.php:649]
#8 run() called at [/usr/share/php/PHPUnit/Framework/TestCase.php:751]
#9 run() called at [-:26]
#10 __phpunit_run_isolated_test() called at [-:156]

2012-06-06T12:40:28-03:00 DEBUG (7): ydadmin-ThinkPad-X220-Tablet serving janamesa.com.br.testing Ignoring asset 6, wrong time 
2012-06-06T12:40:29-03:00 DEBUG (7): ydadmin-ThinkPad-X220-Tablet serving janamesa.com.br.testing Ignoring asset 12, wrong time 
2012-06-06T12:40:29-03:00 DEBUG (7): ydadmin-ThinkPad-X220-Tablet serving janamesa.com.br.testing Ignoring asset 15, wrong time 
2012-06-06T12:40:29-03:00 DEBUG (7): ydadmin-ThinkPad-X220-Tablet serving janamesa.com.br.testing saved model Yourdelivery_Model_BillingAsset with id #24 new data :: Array(    [companyId] => 11    [restaurantId] => 159    [courierId] => 0    [total] => 4500    [mwst] => 19    [couriertotal] => 0    [couriermwst] => 7    [timeFrom] => 2012-08-06 12:40:29    [timeUntil] => 2012-09-06 12:40:29    [description] => blub    [fee] => 10) 
2012-06-06T12:40:29-03:00 DEBUG (7): ydadmin-ThinkPad-X220-Tablet serving janamesa.com.br.testing Ignoring asset 6, wrong time 
2012-06-06T12:40:29-03:00 DEBUG (7): ydadmin-ThinkPad-X220-Tablet serving janamesa.com.br.testing Ignoring asset 12, wrong time 
2012-06-06T12:40:29-03:00 DEBUG (7): ydadmin-ThinkPad-X220-Tablet serving janamesa.com.br.testing Ignoring asset 15, wrong time 
2012-06-06T12:40:29-03:00 DEBUG (7): ydadmin-ThinkPad-X220-Tablet serving janamesa.com.br.testing Ignoring asset 24, wrong time 
2012-06-06T12:40:29-03:00 DEBUG (7): ydadmin-ThinkPad-X220-Tablet serving janamesa.com.br.testing saved model Yourdelivery_Model_BillingAsset with id #25 new data :: Array(    [companyId] => 11    [restaurantId] => 104    [courierId] => 0    [total] => 4500    [mwst] => 19    [couriertotal] => 0    [couriermwst] => 7    [timeFrom] => 2012-04-06 12:40:29    [timeUntil] => 2012-05-06 12:40:29    [description] => blub    [fee] => 10) 
2012-06-06T12:40:29-03:00 DEBUG (7): ydadmin-ThinkPad-X220-Tablet serving janamesa.com.br.testing Ignoring asset 6, wrong time 
2012-06-06T12:40:29-03:00 DEBUG (7): ydadmin-ThinkPad-X220-Tablet serving janamesa.com.br.testing Ignoring asset 12, wrong time 
2012-06-06T12:40:29-03:00 DEBUG (7): ydadmin-ThinkPad-X220-Tablet serving janamesa.com.br.testing Ignoring asset 15, wrong time 
2012-06-06T12:40:29-03:00 DEBUG (7): ydadmin-ThinkPad-X220-Tablet serving janamesa.com.br.testing Ignoring asset 24, wrong time 
2012-06-06T12:43:21-03:00 DEBUG (7): ydadmin-ThinkPad-X220-Tablet serving janamesa.com.br.testing saved model Yourdelivery_Model_BillingAsset with id #26 new data :: Array(    [companyId] => 9    [restaurantId] => 173    [courierId] => 0    [total] => 4500    [mwst] => 19    [couriertotal] => 0    [couriermwst] => 7    [timeFrom] => 2012-04-06 12:43:21    [timeUntil] => 2012-05-06 12:43:21    [description] => blub    [fee] => 10) 
2012-06-06T12:43:21-03:00 DEBUG (7): ydadmin-ThinkPad-X220-Tablet serving janamesa.com.br.testing Creating bill for company Galloway Capital #9 
2012-06-06T12:43:21-03:00 ERR (3): ydadmin-ThinkPad-X220-Tablet serving janamesa.com.br.testing Could not create pdf #0 log() called at [/home/ydadmin/htdocs/lieferando/library/Yourdelivery/Log.php:68]
#1 __call() called at [/home/ydadmin/htdocs/lieferando/application/models/Billing/Company.php:985]
#2 err() called at [/home/ydadmin/htdocs/lieferando/application/models/Billing/Company.php:985]
#3 create() called at [/home/ydadmin/htdocs/lieferando/tests/application/models/Billing/CompanyTest.php:40]
#4 testCreate() called at [:]
#5 invokeArgs() called at [/usr/share/php/PHPUnit/Framework/TestCase.php:942]
#6 runTest() called at [/usr/share/php/PHPUnit/Framework/TestCase.php:804]
#7 runBare() called at [/usr/share/php/PHPUnit/Framework/TestResult.php:649]
#8 run() called at [/usr/share/php/PHPUnit/Framework/TestCase.php:751]
#9 run() called at [-:26]
#10 __phpunit_run_isolated_test() called at [-:156]

2012-06-06T12:43:22-03:00 DEBUG (7): ydadmin-ThinkPad-X220-Tablet serving janamesa.com.br.testing saved model Yourdelivery_Model_BillingAsset with id #27 new data :: Array(    [companyId] => 9    [restaurantId] => 109    [courierId] => 0    [total] => 4500    [mwst] => 19    [couriertotal] => 0    [couriermwst] => 7    [timeFrom] => 2012-08-06 12:43:21    [timeUntil] => 2012-09-06 12:43:21    [description] => blub    [fee] => 10) 
2012-06-06T12:43:22-03:00 DEBUG (7): ydadmin-ThinkPad-X220-Tablet serving janamesa.com.br.testing Ignoring asset 27, wrong time 
2012-06-06T12:43:22-03:00 DEBUG (7): ydadmin-ThinkPad-X220-Tablet serving janamesa.com.br.testing saved model Yourdelivery_Model_BillingAsset with id #28 new data :: Array(    [companyId] => 9    [restaurantId] => 138    [courierId] => 0    [total] => 4500    [mwst] => 19    [couriertotal] => 0    [couriermwst] => 7    [timeFrom] => 2012-04-06 12:43:22    [timeUntil] => 2012-05-06 12:43:22    [description] => blub    [fee] => 10) 
2012-06-06T12:43:22-03:00 DEBUG (7): ydadmin-ThinkPad-X220-Tablet serving janamesa.com.br.testing Ignoring asset 27, wrong time 
2012-06-06T13:12:17-03:00 DEBUG (7): ydadmin-ThinkPad-X220-Tablet serving janamesa.com.br.testing SMARTY: did not find template index/index.htm in janamesa.com.br layout, switching successfully back to default 
2012-06-06T13:12:17-03:00 DEBUG (7): ydadmin-ThinkPad-X220-Tablet serving janamesa.com.br.testing SMARTY: rendering template index/index.htm 
2012-06-06T13:19:04-03:00 DEBUG (7): ydadmin-ThinkPad-X220-Tablet serving janamesa.com.br.testing SMARTY: did not find template index/index.htm in janamesa.com.br layout, switching successfully back to default 
2012-06-06T13:19:04-03:00 DEBUG (7): ydadmin-ThinkPad-X220-Tablet serving janamesa.com.br.testing SMARTY: rendering template index/index.htm 
2012-06-06T13:30:49-03:00 CRIT (2): ydadmin-ThinkPad-X220-Tablet serving janamesa.com.br.testing Run into error: Message: Element with id 16225 cannot not be found in table restaurants

Trace:
#0 /home/ydadmin/htdocs/lieferando/library/Default/Model/Base.php(117): Default_Model_DbTable_Base->getCurrent()
#1 /home/ydadmin/htdocs/lieferando/library/Default/Model/Base.php(92): Default_Model_Base->load(16225, false, NULL)
#2 /home/ydadmin/htdocs/lieferando/application/controllers/TestController.php(10): Default_Model_Base->__construct(16225)
#3 /home/ydadmin/htdocs/lieferando/library/Zend/Controller/Action.php(513): TestController->testAction()
#4 /home/ydadmin/htdocs/lieferando/library/Zend/Controller/Dispatcher/Standard.php(289): Zend_Controller_Action->dispatch('testAction')
#5 /home/ydadmin/htdocs/lieferando/library/Zend/Controller/Front.php(954): Zend_Controller_Dispatcher_Standard->dispatch(Object(Zend_Controller_Request_Http), Object(Zend_Controller_Response_Http))
#6 /home/ydadmin/htdocs/lieferando/library/Zend/Application/Bootstrap/Bootstrap.php(97): Zend_Controller_Front->dispatch()
#7 /home/ydadmin/htdocs/lieferando/library/Zend/Application.php(366): Zend_Application_Bootstrap_Bootstrap->run()
#8 /home/ydadmin/htdocs/lieferando/public/index.php(111): Zend_Application->run()
#9 {main}

 #0 log() called at [/home/ydadmin/htdocs/lieferando/library/Yourdelivery/Log.php:68]
#1 __call() called at [/home/ydadmin/htdocs/lieferando/application/controllers/ErrorController.php:207]
#2 crit() called at [/home/ydadmin/htdocs/lieferando/application/controllers/ErrorController.php:207]
#3 errorAction() called at [/home/ydadmin/htdocs/lieferando/library/Zend/Controller/Action.php:513]
#4 dispatch() called at [/home/ydadmin/htdocs/lieferando/library/Zend/Controller/Dispatcher/Standard.php:289]
#5 dispatch() called at [/home/ydadmin/htdocs/lieferando/library/Zend/Controller/Front.php:954]
#6 dispatch() called at [/home/ydadmin/htdocs/lieferando/library/Zend/Application/Bootstrap/Bootstrap.php:97]
#7 run() called at [/home/ydadmin/htdocs/lieferando/library/Zend/Application.php:366]
#8 run() called at [/home/ydadmin/htdocs/lieferando/public/index.php:111]

2012-06-06T13:30:49-03:00 DEBUG (7): ydadmin-ThinkPad-X220-Tablet serving janamesa.com.br.testing SMARTY: did not find template error/error.htm in janamesa.com.br layout, switching successfully back to default 
2012-06-06T13:30:49-03:00 DEBUG (7): ydadmin-ThinkPad-X220-Tablet serving janamesa.com.br.testing SMARTY: rendering template error/error.htm 
2012-06-06T13:31:09-03:00 CRIT (2): ydadmin-ThinkPad-X220-Tablet serving janamesa.com.br.testing Run into error: Message: Element with id 16225 cannot not be found in table restaurants

Trace:
#0 /home/ydadmin/htdocs/lieferando/library/Default/Model/Base.php(117): Default_Model_DbTable_Base->getCurrent()
#1 /home/ydadmin/htdocs/lieferando/library/Default/Model/Base.php(92): Default_Model_Base->load(16225, false, NULL)
#2 /home/ydadmin/htdocs/lieferando/application/controllers/TestController.php(10): Default_Model_Base->__construct(16225)
#3 /home/ydadmin/htdocs/lieferando/library/Zend/Controller/Action.php(513): TestController->testAction()
#4 /home/ydadmin/htdocs/lieferando/library/Zend/Controller/Dispatcher/Standard.php(289): Zend_Controller_Action->dispatch('testAction')
#5 /home/ydadmin/htdocs/lieferando/library/Zend/Controller/Front.php(954): Zend_Controller_Dispatcher_Standard->dispatch(Object(Zend_Controller_Request_Http), Object(Zend_Controller_Response_Http))
#6 /home/ydadmin/htdocs/lieferando/library/Zend/Application/Bootstrap/Bootstrap.php(97): Zend_Controller_Front->dispatch()
#7 /home/ydadmin/htdocs/lieferando/library/Zend/Application.php(366): Zend_Application_Bootstrap_Bootstrap->run()
#8 /home/ydadmin/htdocs/lieferando/public/index.php(111): Zend_Application->run()
#9 {main}

 #0 log() called at [/home/ydadmin/htdocs/lieferando/library/Yourdelivery/Log.php:68]
#1 __call() called at [/home/ydadmin/htdocs/lieferando/application/controllers/ErrorController.php:207]
#2 crit() called at [/home/ydadmin/htdocs/lieferando/application/controllers/ErrorController.php:207]
#3 errorAction() called at [/home/ydadmin/htdocs/lieferando/library/Zend/Controller/Action.php:513]
#4 dispatch() called at [/home/ydadmin/htdocs/lieferando/library/Zend/Controller/Dispatcher/Standard.php:289]
#5 dispatch() called at [/home/ydadmin/htdocs/lieferando/library/Zend/Controller/Front.php:954]
#6 dispatch() called at [/home/ydadmin/htdocs/lieferando/library/Zend/Application/Bootstrap/Bootstrap.php:97]
#7 run() called at [/home/ydadmin/htdocs/lieferando/library/Zend/Application.php:366]
#8 run() called at [/home/ydadmin/htdocs/lieferando/public/index.php:111]

2012-06-06T13:31:09-03:00 DEBUG (7): ydadmin-ThinkPad-X220-Tablet serving janamesa.com.br.testing SMARTY: did not find template error/error.htm in janamesa.com.br layout, switching successfully back to default 
2012-06-06T13:31:09-03:00 DEBUG (7): ydadmin-ThinkPad-X220-Tablet serving janamesa.com.br.testing SMARTY: rendering template error/error.htm 
2012-06-06T13:31:38-03:00 CRIT (2): ydadmin-ThinkPad-X220-Tablet serving janamesa.com.br.testing SMARTY: did not find template test/info.htm neither in default nor in janamesa.com.br layout #0 log() called at [/home/ydadmin/htdocs/lieferando/library/Yourdelivery/Log.php:68]
#1 __call() called at [/home/ydadmin/htdocs/lieferando/library/Default/View/Smarty.php:455]
#2 crit() called at [/home/ydadmin/htdocs/lieferando/library/Default/View/Smarty.php:455]
#3 render() called at [/home/ydadmin/htdocs/lieferando/library/Zend/Controller/Action/Helper/ViewRenderer.php:897]
#4 renderScript() called at [/home/ydadmin/htdocs/lieferando/library/Zend/Controller/Action/Helper/ViewRenderer.php:918]
#5 render() called at [/home/ydadmin/htdocs/lieferando/library/Zend/Controller/Action/Helper/ViewRenderer.php:957]
#6 postDispatch() called at [/home/ydadmin/htdocs/lieferando/library/Zend/Controller/Action/HelperBroker.php:277]
#7 notifyPostDispatch() called at [/home/ydadmin/htdocs/lieferando/library/Zend/Controller/Action.php:523]
#8 dispatch() called at [/home/ydadmin/htdocs/lieferando/library/Zend/Controller/Dispatcher/Standard.php:289]
#9 dispatch() called at [/home/ydadmin/htdocs/lieferando/library/Zend/Controller/Front.php:954]
#10 dispatch() called at [/home/ydadmin/htdocs/lieferando/library/Zend/Application/Bootstrap/Bootstrap.php:97]
#11 run() called at [/home/ydadmin/htdocs/lieferando/library/Zend/Application.php:366]
#12 run() called at [/home/ydadmin/htdocs/lieferando/public/index.php:111]

2012-06-06T13:32:44-03:00 CRIT (2): ydadmin-ThinkPad-X220-Tablet serving janamesa.com.br.testing SMARTY: did not find template test/info.htm neither in default nor in janamesa.com.br layout #0 log() called at [/home/ydadmin/htdocs/lieferando/library/Yourdelivery/Log.php:68]
#1 __call() called at [/home/ydadmin/htdocs/lieferando/library/Default/View/Smarty.php:455]
#2 crit() called at [/home/ydadmin/htdocs/lieferando/library/Default/View/Smarty.php:455]
#3 render() called at [/home/ydadmin/htdocs/lieferando/library/Zend/Controller/Action/Helper/ViewRenderer.php:897]
#4 renderScript() called at [/home/ydadmin/htdocs/lieferando/library/Zend/Controller/Action/Helper/ViewRenderer.php:918]
#5 render() called at [/home/ydadmin/htdocs/lieferando/library/Zend/Controller/Action/Helper/ViewRenderer.php:957]
#6 postDispatch() called at [/home/ydadmin/htdocs/lieferando/library/Zend/Controller/Action/HelperBroker.php:277]
#7 notifyPostDispatch() called at [/home/ydadmin/htdocs/lieferando/library/Zend/Controller/Action.php:523]
#8 dispatch() called at [/home/ydadmin/htdocs/lieferando/library/Zend/Controller/Dispatcher/Standard.php:289]
#9 dispatch() called at [/home/ydadmin/htdocs/lieferando/library/Zend/Controller/Front.php:954]
#10 dispatch() called at [/home/ydadmin/htdocs/lieferando/library/Zend/Application/Bootstrap/Bootstrap.php:97]
#11 run() called at [/home/ydadmin/htdocs/lieferando/library/Zend/Application.php:366]
#12 run() called at [/home/ydadmin/htdocs/lieferando/public/index.php:111]

2012-06-06T13:33:21-03:00 CRIT (2): ydadmin-ThinkPad-X220-Tablet serving janamesa.com.br.testing Run into error: Message: Element with id 16225 cannot not be found in table restaurants

Trace:
#0 /home/ydadmin/htdocs/lieferando/library/Default/Model/Base.php(117): Default_Model_DbTable_Base->getCurrent()
#1 /home/ydadmin/htdocs/lieferando/library/Default/Model/Base.php(92): Default_Model_Base->load(16225, false, NULL)
#2 /home/ydadmin/htdocs/lieferando/application/controllers/TestController.php(10): Default_Model_Base->__construct(16225)
#3 /home/ydadmin/htdocs/lieferando/library/Zend/Controller/Action.php(513): TestController->testAction()
#4 /home/ydadmin/htdocs/lieferando/library/Zend/Controller/Dispatcher/Standard.php(289): Zend_Controller_Action->dispatch('testAction')
#5 /home/ydadmin/htdocs/lieferando/library/Zend/Controller/Front.php(954): Zend_Controller_Dispatcher_Standard->dispatch(Object(Zend_Controller_Request_Http), Object(Zend_Controller_Response_Http))
#6 /home/ydadmin/htdocs/lieferando/library/Zend/Application/Bootstrap/Bootstrap.php(97): Zend_Controller_Front->dispatch()
#7 /home/ydadmin/htdocs/lieferando/library/Zend/Application.php(366): Zend_Application_Bootstrap_Bootstrap->run()
#8 /home/ydadmin/htdocs/lieferando/public/index.php(111): Zend_Application->run()
#9 {main}

 #0 log() called at [/home/ydadmin/htdocs/lieferando/library/Yourdelivery/Log.php:68]
#1 __call() called at [/home/ydadmin/htdocs/lieferando/application/controllers/ErrorController.php:207]
#2 crit() called at [/home/ydadmin/htdocs/lieferando/application/controllers/ErrorController.php:207]
#3 errorAction() called at [/home/ydadmin/htdocs/lieferando/library/Zend/Controller/Action.php:513]
#4 dispatch() called at [/home/ydadmin/htdocs/lieferando/library/Zend/Controller/Dispatcher/Standard.php:289]
#5 dispatch() called at [/home/ydadmin/htdocs/lieferando/library/Zend/Controller/Front.php:954]
#6 dispatch() called at [/home/ydadmin/htdocs/lieferando/library/Zend/Application/Bootstrap/Bootstrap.php:97]
#7 run() called at [/home/ydadmin/htdocs/lieferando/library/Zend/Application.php:366]
#8 run() called at [/home/ydadmin/htdocs/lieferando/public/index.php:111]

2012-06-06T13:33:21-03:00 DEBUG (7): ydadmin-ThinkPad-X220-Tablet serving janamesa.com.br.testing SMARTY: did not find template error/error.htm in janamesa.com.br layout, switching successfully back to default 
2012-06-06T13:33:21-03:00 DEBUG (7): ydadmin-ThinkPad-X220-Tablet serving janamesa.com.br.testing SMARTY: rendering template error/error.htm 
2012-06-06T13:34:26-03:00 CRIT (2): ydadmin-ThinkPad-X220-Tablet serving janamesa.com.br.testing Run into error: Message: Element with id 16225 cannot not be found in table restaurants

Trace:
#0 /home/ydadmin/htdocs/lieferando/library/Default/Model/Base.php(117): Default_Model_DbTable_Base->getCurrent()
#1 /home/ydadmin/htdocs/lieferando/library/Default/Model/Base.php(92): Default_Model_Base->load(16225, false, NULL)
#2 /home/ydadmin/htdocs/lieferando/application/controllers/TestController.php(10): Default_Model_Base->__construct(16225)
#3 /home/ydadmin/htdocs/lieferando/library/Zend/Controller/Action.php(513): TestController->testAction()
#4 /home/ydadmin/htdocs/lieferando/library/Zend/Controller/Dispatcher/Standard.php(289): Zend_Controller_Action->dispatch('testAction')
#5 /home/ydadmin/htdocs/lieferando/library/Zend/Controller/Front.php(954): Zend_Controller_Dispatcher_Standard->dispatch(Object(Zend_Controller_Request_Http), Object(Zend_Controller_Response_Http))
#6 /home/ydadmin/htdocs/lieferando/library/Zend/Application/Bootstrap/Bootstrap.php(97): Zend_Controller_Front->dispatch()
#7 /home/ydadmin/htdocs/lieferando/library/Zend/Application.php(366): Zend_Application_Bootstrap_Bootstrap->run()
#8 /home/ydadmin/htdocs/lieferando/public/index.php(111): Zend_Application->run()
#9 {main}

 #0 log() called at [/home/ydadmin/htdocs/lieferando/library/Yourdelivery/Log.php:68]
#1 __call() called at [/home/ydadmin/htdocs/lieferando/application/controllers/ErrorController.php:207]
#2 crit() called at [/home/ydadmin/htdocs/lieferando/application/controllers/ErrorController.php:207]
#3 errorAction() called at [/home/ydadmin/htdocs/lieferando/library/Zend/Controller/Action.php:513]
#4 dispatch() called at [/home/ydadmin/htdocs/lieferando/library/Zend/Controller/Dispatcher/Standard.php:289]
#5 dispatch() called at [/home/ydadmin/htdocs/lieferando/library/Zend/Controller/Front.php:954]
#6 dispatch() called at [/home/ydadmin/htdocs/lieferando/library/Zend/Application/Bootstrap/Bootstrap.php:97]
#7 run() called at [/home/ydadmin/htdocs/lieferando/library/Zend/Application.php:366]
#8 run() called at [/home/ydadmin/htdocs/lieferando/public/index.php:111]

2012-06-06T13:34:26-03:00 DEBUG (7): ydadmin-ThinkPad-X220-Tablet serving janamesa.com.br.testing SMARTY: did not find template error/error.htm in janamesa.com.br layout, switching successfully back to default 
2012-06-06T13:34:26-03:00 DEBUG (7): ydadmin-ThinkPad-X220-Tablet serving janamesa.com.br.testing SMARTY: rendering template error/error.htm 
2012-06-06T13:49:29-03:00 CRIT (2): ydadmin-ThinkPad-X220-Tablet serving janamesa.com.br.testing Run into error: Message: Element with id 328 cannot not be found in table companys

Trace:
#0 /home/ydadmin/htdocs/lieferando/library/Default/Model/Base.php(117): Default_Model_DbTable_Base->getCurrent()
#1 /home/ydadmin/htdocs/lieferando/library/Default/Model/Base.php(92): Default_Model_Base->load(328, false, NULL)
#2 /home/ydadmin/htdocs/lieferando/application/models/Company.php(31): Default_Model_Base->__construct(328)
#3 /home/ydadmin/htdocs/lieferando/application/controllers/TestController.php(10): Yourdelivery_Model_Company->__construct(328)
#4 /home/ydadmin/htdocs/lieferando/library/Zend/Controller/Action.php(513): TestController->testAction()
#5 /home/ydadmin/htdocs/lieferando/library/Zend/Controller/Dispatcher/Standard.php(289): Zend_Controller_Action->dispatch('testAction')
#6 /home/ydadmin/htdocs/lieferando/library/Zend/Controller/Front.php(954): Zend_Controller_Dispatcher_Standard->dispatch(Object(Zend_Controller_Request_Http), Object(Zend_Controller_Response_Http))
#7 /home/ydadmin/htdocs/lieferando/library/Zend/Application/Bootstrap/Bootstrap.php(97): Zend_Controller_Front->dispatch()
#8 /home/ydadmin/htdocs/lieferando/library/Zend/Application.php(366): Zend_Application_Bootstrap_Bootstrap->run()
#9 /home/ydadmin/htdocs/lieferando/public/index.php(111): Zend_Application->run()
#10 {main}

 #0 log() called at [/home/ydadmin/htdocs/lieferando/library/Yourdelivery/Log.php:68]
#1 __call() called at [/home/ydadmin/htdocs/lieferando/application/controllers/ErrorController.php:207]
#2 crit() called at [/home/ydadmin/htdocs/lieferando/application/controllers/ErrorController.php:207]
#3 errorAction() called at [/home/ydadmin/htdocs/lieferando/library/Zend/Controller/Action.php:513]
#4 dispatch() called at [/home/ydadmin/htdocs/lieferando/library/Zend/Controller/Dispatcher/Standard.php:289]
#5 dispatch() called at [/home/ydadmin/htdocs/lieferando/library/Zend/Controller/Front.php:954]
#6 dispatch() called at [/home/ydadmin/htdocs/lieferando/library/Zend/Application/Bootstrap/Bootstrap.php:97]
#7 run() called at [/home/ydadmin/htdocs/lieferando/library/Zend/Application.php:366]
#8 run() called at [/home/ydadmin/htdocs/lieferando/public/index.php:111]

2012-06-06T13:49:29-03:00 DEBUG (7): ydadmin-ThinkPad-X220-Tablet serving janamesa.com.br.testing SMARTY: did not find template error/error.htm in janamesa.com.br layout, switching successfully back to default 
2012-06-06T13:49:29-03:00 DEBUG (7): ydadmin-ThinkPad-X220-Tablet serving janamesa.com.br.testing SMARTY: rendering template error/error.htm 
2012-06-06T13:49:50-03:00 CRIT (2): ydadmin-ThinkPad-X220-Tablet serving janamesa.com.br.testing Run into error: Message: Element with id 328 cannot not be found in table companys

Trace:
#0 /home/ydadmin/htdocs/lieferando/library/Default/Model/Base.php(117): Default_Model_DbTable_Base->getCurrent()
#1 /home/ydadmin/htdocs/lieferando/library/Default/Model/Base.php(92): Default_Model_Base->load(328, false, NULL)
#2 /home/ydadmin/htdocs/lieferando/application/models/Company.php(31): Default_Model_Base->__construct(328)
#3 /home/ydadmin/htdocs/lieferando/application/controllers/TestController.php(10): Yourdelivery_Model_Company->__construct(328)
#4 /home/ydadmin/htdocs/lieferando/library/Zend/Controller/Action.php(513): TestController->testAction()
#5 /home/ydadmin/htdocs/lieferando/library/Zend/Controller/Dispatcher/Standard.php(289): Zend_Controller_Action->dispatch('testAction')
#6 /home/ydadmin/htdocs/lieferando/library/Zend/Controller/Front.php(954): Zend_Controller_Dispatcher_Standard->dispatch(Object(Zend_Controller_Request_Http), Object(Zend_Controller_Response_Http))
#7 /home/ydadmin/htdocs/lieferando/library/Zend/Application/Bootstrap/Bootstrap.php(97): Zend_Controller_Front->dispatch()
#8 /home/ydadmin/htdocs/lieferando/library/Zend/Application.php(366): Zend_Application_Bootstrap_Bootstrap->run()
#9 /home/ydadmin/htdocs/lieferando/public/index.php(111): Zend_Application->run()
#10 {main}

 #0 log() called at [/home/ydadmin/htdocs/lieferando/library/Yourdelivery/Log.php:68]
#1 __call() called at [/home/ydadmin/htdocs/lieferando/application/controllers/ErrorController.php:207]
#2 crit() called at [/home/ydadmin/htdocs/lieferando/application/controllers/ErrorController.php:207]
#3 errorAction() called at [/home/ydadmin/htdocs/lieferando/library/Zend/Controller/Action.php:513]
#4 dispatch() called at [/home/ydadmin/htdocs/lieferando/library/Zend/Controller/Dispatcher/Standard.php:289]
#5 dispatch() called at [/home/ydadmin/htdocs/lieferando/library/Zend/Controller/Front.php:954]
#6 dispatch() called at [/home/ydadmin/htdocs/lieferando/library/Zend/Application/Bootstrap/Bootstrap.php:97]
#7 run() called at [/home/ydadmin/htdocs/lieferando/library/Zend/Application.php:366]
#8 run() called at [/home/ydadmin/htdocs/lieferando/public/index.php:111]

2012-06-06T13:49:50-03:00 DEBUG (7): ydadmin-ThinkPad-X220-Tablet serving janamesa.com.br.testing SMARTY: did not find template error/error.htm in janamesa.com.br layout, switching successfully back to default 
2012-06-06T13:49:50-03:00 DEBUG (7): ydadmin-ThinkPad-X220-Tablet serving janamesa.com.br.testing SMARTY: rendering template error/error.htm 
2012-06-06T13:51:11-03:00 CRIT (2): ydadmin-ThinkPad-X220-Tablet serving janamesa.com.br.testing Run into error: Message: Element with id 328 cannot not be found in table companys

Trace:
#0 /home/ydadmin/htdocs/lieferando/library/Default/Model/Base.php(117): Default_Model_DbTable_Base->getCurrent()
#1 /home/ydadmin/htdocs/lieferando/library/Default/Model/Base.php(92): Default_Model_Base->load(328, false, NULL)
#2 /home/ydadmin/htdocs/lieferando/application/models/Company.php(31): Default_Model_Base->__construct(328)
#3 /home/ydadmin/htdocs/lieferando/application/controllers/TestController.php(10): Yourdelivery_Model_Company->__construct(328)
#4 /home/ydadmin/htdocs/lieferando/library/Zend/Controller/Action.php(513): TestController->testAction()
#5 /home/ydadmin/htdocs/lieferando/library/Zend/Controller/Dispatcher/Standard.php(289): Zend_Controller_Action->dispatch('testAction')
#6 /home/ydadmin/htdocs/lieferando/library/Zend/Controller/Front.php(954): Zend_Controller_Dispatcher_Standard->dispatch(Object(Zend_Controller_Request_Http), Object(Zend_Controller_Response_Http))
#7 /home/ydadmin/htdocs/lieferando/library/Zend/Application/Bootstrap/Bootstrap.php(97): Zend_Controller_Front->dispatch()
#8 /home/ydadmin/htdocs/lieferando/library/Zend/Application.php(366): Zend_Application_Bootstrap_Bootstrap->run()
#9 /home/ydadmin/htdocs/lieferando/public/index.php(111): Zend_Application->run()
#10 {main}

 #0 log() called at [/home/ydadmin/htdocs/lieferando/library/Yourdelivery/Log.php:68]
#1 __call() called at [/home/ydadmin/htdocs/lieferando/application/controllers/ErrorController.php:207]
#2 crit() called at [/home/ydadmin/htdocs/lieferando/application/controllers/ErrorController.php:207]
#3 errorAction() called at [/home/ydadmin/htdocs/lieferando/library/Zend/Controller/Action.php:513]
#4 dispatch() called at [/home/ydadmin/htdocs/lieferando/library/Zend/Controller/Dispatcher/Standard.php:289]
#5 dispatch() called at [/home/ydadmin/htdocs/lieferando/library/Zend/Controller/Front.php:954]
#6 dispatch() called at [/home/ydadmin/htdocs/lieferando/library/Zend/Application/Bootstrap/Bootstrap.php:97]
#7 run() called at [/home/ydadmin/htdocs/lieferando/library/Zend/Application.php:366]
#8 run() called at [/home/ydadmin/htdocs/lieferando/public/index.php:111]

2012-06-06T13:51:11-03:00 DEBUG (7): ydadmin-ThinkPad-X220-Tablet serving janamesa.com.br.testing SMARTY: did not find template error/error.htm in janamesa.com.br layout, switching successfully back to default 
2012-06-06T13:51:11-03:00 DEBUG (7): ydadmin-ThinkPad-X220-Tablet serving janamesa.com.br.testing SMARTY: rendering template error/error.htm 
2012-06-06T13:52:27-03:00 CRIT (2): ydadmin-ThinkPad-X220-Tablet serving janamesa.com.br.testing Run into error: Message: Element with id 328 cannot not be found in table companys

Trace:
#0 /home/ydadmin/htdocs/lieferando/library/Default/Model/Base.php(117): Default_Model_DbTable_Base->getCurrent()
#1 /home/ydadmin/htdocs/lieferando/library/Default/Model/Base.php(92): Default_Model_Base->load(328, false, NULL)
#2 /home/ydadmin/htdocs/lieferando/application/models/Company.php(31): Default_Model_Base->__construct(328)
#3 /home/ydadmin/htdocs/lieferando/application/controllers/TestController.php(10): Yourdelivery_Model_Company->__construct(328)
#4 /home/ydadmin/htdocs/lieferando/library/Zend/Controller/Action.php(513): TestController->testAction()
#5 /home/ydadmin/htdocs/lieferando/library/Zend/Controller/Dispatcher/Standard.php(289): Zend_Controller_Action->dispatch('testAction')
#6 /home/ydadmin/htdocs/lieferando/library/Zend/Controller/Front.php(954): Zend_Controller_Dispatcher_Standard->dispatch(Object(Zend_Controller_Request_Http), Object(Zend_Controller_Response_Http))
#7 /home/ydadmin/htdocs/lieferando/library/Zend/Application/Bootstrap/Bootstrap.php(97): Zend_Controller_Front->dispatch()
#8 /home/ydadmin/htdocs/lieferando/library/Zend/Application.php(366): Zend_Application_Bootstrap_Bootstrap->run()
#9 /home/ydadmin/htdocs/lieferando/public/index.php(111): Zend_Application->run()
#10 {main}

 #0 log() called at [/home/ydadmin/htdocs/lieferando/library/Yourdelivery/Log.php:68]
#1 __call() called at [/home/ydadmin/htdocs/lieferando/application/controllers/ErrorController.php:207]
#2 crit() called at [/home/ydadmin/htdocs/lieferando/application/controllers/ErrorController.php:207]
#3 errorAction() called at [/home/ydadmin/htdocs/lieferando/library/Zend/Controller/Action.php:513]
#4 dispatch() called at [/home/ydadmin/htdocs/lieferando/library/Zend/Controller/Dispatcher/Standard.php:289]
#5 dispatch() called at [/home/ydadmin/htdocs/lieferando/library/Zend/Controller/Front.php:954]
#6 dispatch() called at [/home/ydadmin/htdocs/lieferando/library/Zend/Application/Bootstrap/Bootstrap.php:97]
#7 run() called at [/home/ydadmin/htdocs/lieferando/library/Zend/Application.php:366]
#8 run() called at [/home/ydadmin/htdocs/lieferando/public/index.php:111]

2012-06-06T13:52:27-03:00 DEBUG (7): ydadmin-ThinkPad-X220-Tablet serving janamesa.com.br.testing SMARTY: did not find template error/error.htm in janamesa.com.br layout, switching successfully back to default 
2012-06-06T13:52:27-03:00 DEBUG (7): ydadmin-ThinkPad-X220-Tablet serving janamesa.com.br.testing SMARTY: rendering template error/error.htm 
2012-06-06T13:53:47-03:00 CRIT (2): ydadmin-ThinkPad-X220-Tablet serving janamesa.com.br.testing Run into error: Message: Element with id 328 cannot not be found in table companys

Trace:
#0 /home/ydadmin/htdocs/lieferando/library/Default/Model/Base.php(117): Default_Model_DbTable_Base->getCurrent()
#1 /home/ydadmin/htdocs/lieferando/library/Default/Model/Base.php(92): Default_Model_Base->load(328, false, NULL)
#2 /home/ydadmin/htdocs/lieferando/application/models/Company.php(31): Default_Model_Base->__construct(328)
#3 /home/ydadmin/htdocs/lieferando/application/controllers/TestController.php(10): Yourdelivery_Model_Company->__construct(328)
#4 /home/ydadmin/htdocs/lieferando/library/Zend/Controller/Action.php(513): TestController->testAction()
#5 /home/ydadmin/htdocs/lieferando/library/Zend/Controller/Dispatcher/Standard.php(289): Zend_Controller_Action->dispatch('testAction')
#6 /home/ydadmin/htdocs/lieferando/library/Zend/Controller/Front.php(954): Zend_Controller_Dispatcher_Standard->dispatch(Object(Zend_Controller_Request_Http), Object(Zend_Controller_Response_Http))
#7 /home/ydadmin/htdocs/lieferando/library/Zend/Application/Bootstrap/Bootstrap.php(97): Zend_Controller_Front->dispatch()
#8 /home/ydadmin/htdocs/lieferando/library/Zend/Application.php(366): Zend_Application_Bootstrap_Bootstrap->run()
#9 /home/ydadmin/htdocs/lieferando/public/index.php(111): Zend_Application->run()
#10 {main}

 #0 log() called at [/home/ydadmin/htdocs/lieferando/library/Yourdelivery/Log.php:68]
#1 __call() called at [/home/ydadmin/htdocs/lieferando/application/controllers/ErrorController.php:207]
#2 crit() called at [/home/ydadmin/htdocs/lieferando/application/controllers/ErrorController.php:207]
#3 errorAction() called at [/home/ydadmin/htdocs/lieferando/library/Zend/Controller/Action.php:513]
#4 dispatch() called at [/home/ydadmin/htdocs/lieferando/library/Zend/Controller/Dispatcher/Standard.php:289]
#5 dispatch() called at [/home/ydadmin/htdocs/lieferando/library/Zend/Controller/Front.php:954]
#6 dispatch() called at [/home/ydadmin/htdocs/lieferando/library/Zend/Application/Bootstrap/Bootstrap.php:97]
#7 run() called at [/home/ydadmin/htdocs/lieferando/library/Zend/Application.php:366]
#8 run() called at [/home/ydadmin/htdocs/lieferando/public/index.php:111]

2012-06-06T13:53:47-03:00 DEBUG (7): ydadmin-ThinkPad-X220-Tablet serving janamesa.com.br.testing SMARTY: did not find template error/error.htm in janamesa.com.br layout, switching successfully back to default 
2012-06-06T13:53:47-03:00 DEBUG (7): ydadmin-ThinkPad-X220-Tablet serving janamesa.com.br.testing SMARTY: rendering template error/error.htm 
2012-06-06T14:03:47-03:00 CRIT (2): ydadmin-ThinkPad-X220-Tablet serving janamesa.com.br.testing Run into error: Message: Element with id 328 cannot not be found in table companys

Trace:
#0 /home/ydadmin/htdocs/lieferando/library/Default/Model/Base.php(117): Default_Model_DbTable_Base->getCurrent()
#1 /home/ydadmin/htdocs/lieferando/library/Default/Model/Base.php(92): Default_Model_Base->load(328, false, NULL)
#2 /home/ydadmin/htdocs/lieferando/application/models/Company.php(31): Default_Model_Base->__construct(328)
#3 /home/ydadmin/htdocs/lieferando/application/controllers/TestController.php(10): Yourdelivery_Model_Company->__construct(328)
#4 /home/ydadmin/htdocs/lieferando/library/Zend/Controller/Action.php(513): TestController->testAction()
#5 /home/ydadmin/htdocs/lieferando/library/Zend/Controller/Dispatcher/Standard.php(289): Zend_Controller_Action->dispatch('testAction')
#6 /home/ydadmin/htdocs/lieferando/library/Zend/Controller/Front.php(954): Zend_Controller_Dispatcher_Standard->dispatch(Object(Zend_Controller_Request_Http), Object(Zend_Controller_Response_Http))
#7 /home/ydadmin/htdocs/lieferando/library/Zend/Application/Bootstrap/Bootstrap.php(97): Zend_Controller_Front->dispatch()
#8 /home/ydadmin/htdocs/lieferando/library/Zend/Application.php(366): Zend_Application_Bootstrap_Bootstrap->run()
#9 /home/ydadmin/htdocs/lieferando/public/index.php(111): Zend_Application->run()
#10 {main}

 #0 log() called at [/home/ydadmin/htdocs/lieferando/library/Yourdelivery/Log.php:68]
#1 __call() called at [/home/ydadmin/htdocs/lieferando/application/controllers/ErrorController.php:207]
#2 crit() called at [/home/ydadmin/htdocs/lieferando/application/controllers/ErrorController.php:207]
#3 errorAction() called at [/home/ydadmin/htdocs/lieferando/library/Zend/Controller/Action.php:513]
#4 dispatch() called at [/home/ydadmin/htdocs/lieferando/library/Zend/Controller/Dispatcher/Standard.php:289]
#5 dispatch() called at [/home/ydadmin/htdocs/lieferando/library/Zend/Controller/Front.php:954]
#6 dispatch() called at [/home/ydadmin/htdocs/lieferando/library/Zend/Application/Bootstrap/Bootstrap.php:97]
#7 run() called at [/home/ydadmin/htdocs/lieferando/library/Zend/Application.php:366]
#8 run() called at [/home/ydadmin/htdocs/lieferando/public/index.php:111]

2012-06-06T14:03:47-03:00 DEBUG (7): ydadmin-ThinkPad-X220-Tablet serving janamesa.com.br.testing SMARTY: did not find template error/error.htm in janamesa.com.br layout, switching successfully back to default 
2012-06-06T14:03:47-03:00 DEBUG (7): ydadmin-ThinkPad-X220-Tablet serving janamesa.com.br.testing SMARTY: rendering template error/error.htm 
