2012-09-26T11:44:05+02:00 DEBUG (7): ydadmin-ThinkPad-X220-Tablet serving lieferando.de.testing SMARTY: rendering template phoneorder/index.htm 
2012-09-26T11:55:36+02:00 DEBUG (7): ydadmin-ThinkPad-X220-Tablet serving lieferando.de.testing SMARTY: rendering template phoneorder/index.htm 
2012-09-26T13:03:34+02:00 DEBUG (7): ydadmin-ThinkPad-X220-Tablet serving lieferando.de.testing SMARTY: rendering template phoneorder/index.htm 
2012-09-26T14:08:13+02:00 DEBUG (7): ydadmin-ThinkPad-X220-Tablet serving lieferando.de.testing SMARTY: rendering template phoneorder/index.htm 
2012-09-26T15:22:23+02:00 DEBUG (7): ydadmin-ThinkPad-X220-Tablet serving lieferando.de.testing SMARTY: rendering template phoneorder/index.htm 
2012-09-26T15:22:49+02:00 DEBUG (7): ydadmin-ThinkPad-X220-Tablet serving lieferando.de.testing SMARTY: rendering template phoneorder/index.htm 
2012-09-26T15:23:34+02:00 DEBUG (7): ydadmin-ThinkPad-X220-Tablet serving lieferando.de.testing SMARTY: rendering template phoneorder/index.htm 
2012-09-26T15:34:47+02:00 DEBUG (7): ydadmin-ThinkPad-X220-Tablet serving lieferando.de.testing SMARTY: rendering template administration/login.htm 
2012-09-26T15:34:50+02:00 INFO (6): ydadmin-ThinkPad-X220-Tablet serving lieferando.de.testing Successfully loggged in admin #Supporter Jens Naie (417) 
2012-09-26T15:34:50+02:00 DEBUG (7): ydadmin-ThinkPad-X220-Tablet serving lieferando.de.testing SMARTY: rendering template administration/dashboard.htm 
2012-09-26T15:34:56+02:00 DEBUG (7): ydadmin-ThinkPad-X220-Tablet serving lieferando.de.testing SMARTY: rendering template administration/services.htm 
2012-09-26T15:35:02+02:00 INFO (6): ydadmin-ThinkPad-X220-Tablet serving lieferando.de.testing Logged to the restaurant Test Restaurant 1345624514-509844 (20560) #Supporter Jens Naie (417) 
2012-09-26T15:35:02+02:00 DEBUG (7): ydadmin-ThinkPad-X220-Tablet serving lieferando.de.testing SMARTY: rendering template restaurant/index.htm 
2012-09-26T15:35:20+02:00 DEBUG (7): ydadmin-ThinkPad-X220-Tablet serving lieferando.de.testing SMARTY: rendering template restaurant/locations.htm 
2012-09-26T15:35:54+02:00 DEBUG (7): ydadmin-ThinkPad-X220-Tablet serving lieferando.de.testing SMARTY: rendering template restaurant/index.htm 
2012-09-26T15:36:03+02:00 DEBUG (7): ydadmin-ThinkPad-X220-Tablet serving lieferando.de.testing SMARTY: rendering template administration/services.htm 
2012-09-26T15:36:10+02:00 INFO (6): ydadmin-ThinkPad-X220-Tablet serving lieferando.de.testing Logged to the restaurant Pizza Al Forno (20399) #Supporter Jens Naie (417) 
2012-09-26T15:36:10+02:00 DEBUG (7): ydadmin-ThinkPad-X220-Tablet serving lieferando.de.testing SMARTY: rendering template restaurant/index.htm 
2012-09-26T15:36:17+02:00 DEBUG (7): ydadmin-ThinkPad-X220-Tablet serving lieferando.de.testing SMARTY: rendering template restaurant/locations.htm 
2012-09-26T15:42:10+02:00 DEBUG (7): ydadmin-ThinkPad-X220-Tablet serving lieferando.de.testing SMARTY: rendering template phoneorder/index.htm 
2012-09-26T15:42:53+02:00 DEBUG (7): ydadmin-ThinkPad-X220-Tablet serving lieferando.de.testing SMARTY: rendering template phoneorder/index.htm 
2012-09-26T15:45:43+02:00 DEBUG (7): ydadmin-ThinkPad-X220-Tablet serving lieferando.de.testing SMARTY: rendering template phoneorder/index.htm 
2012-09-26T15:46:53+02:00 DEBUG (7): ydadmin-ThinkPad-X220-Tablet serving lieferando.de.testing SMARTY: rendering template phoneorder/index.htm 
2012-09-26T15:52:23+02:00 DEBUG (7): ydadmin-ThinkPad-X220-Tablet serving lieferando.de.testing SMARTY: rendering template phoneorder/index.htm 
2012-09-26T15:53:34+02:00 DEBUG (7): ydadmin-ThinkPad-X220-Tablet serving lieferando.de.testing SMARTY: rendering template phoneorder/index.htm 
2012-09-26T16:01:43+02:00 DEBUG (7): ydadmin-ThinkPad-X220-Tablet serving lieferando.de.testing SMARTY: rendering template phoneorder/index.htm 
2012-09-26T16:20:03+02:00 DEBUG (7): ydadmin-ThinkPad-X220-Tablet serving lieferando.de.testing SMARTY: rendering template phoneorder/index.htm 
2012-09-26T16:21:08+02:00 DEBUG (7): ydadmin-ThinkPad-X220-Tablet serving lieferando.de.testing SMARTY: rendering template phoneorder/index.htm 
2012-09-26T16:22:31+02:00 DEBUG (7): ydadmin-ThinkPad-X220-Tablet serving lieferando.de.testing SMARTY: rendering template phoneorder/index.htm 
2012-09-26T16:47:51+02:00 DEBUG (7): ydadmin-ThinkPad-X220-Tablet serving lieferando.de.testing SMARTY: rendering template phoneorder/index.htm 
2012-09-26T16:50:53+02:00 DEBUG (7): ydadmin-ThinkPad-X220-Tablet serving lieferando.de.testing SMARTY: rendering template phoneorder/index.htm 
2012-09-26T16:56:10+02:00 DEBUG (7): ydadmin-ThinkPad-X220-Tablet serving lieferando.de.testing SMARTY: rendering template phoneorder/index.htm 
2012-09-26T21:05:45+02:00 DEBUG (7): ydadmin-ThinkPad-X220-Tablet serving lieferando.de.testing SMARTY: rendering template phoneorder/index.htm 
2012-09-26T21:31:48+02:00 DEBUG (7): ydadmin-ThinkPad-X220-Tablet serving lieferando.de.testing SMARTY: rendering template restaurant/locations.htm 
2012-09-26T22:21:12+02:00 DEBUG (7): ydadmin-ThinkPad-X220-Tablet serving lieferando.de.testing SMARTY: rendering template phoneorder/index.htm 
2012-09-26T22:21:31+02:00 DEBUG (7): ydadmin-ThinkPad-X220-Tablet serving lieferando.de.testing SMARTY: rendering template phoneorder/index.htm 
2012-09-26T22:31:09+02:00 DEBUG (7): ydadmin-ThinkPad-X220-Tablet serving lieferando.de.testing SMARTY: rendering template phoneorder/index.htm 
2012-09-26T22:32:08+02:00 DEBUG (7): ydadmin-ThinkPad-X220-Tablet serving lieferando.de.testing SMARTY: rendering template phoneorder/index.htm 
2012-09-26T22:32:29+02:00 DEBUG (7): ydadmin-ThinkPad-X220-Tablet serving lieferando.de.testing SMARTY: rendering template phoneorder/index.htm 
2012-09-26T22:33:51+02:00 DEBUG (7): ydadmin-ThinkPad-X220-Tablet serving lieferando.de.testing SMARTY: rendering template phoneorder/index.htm 
2012-09-26T22:36:08+02:00 DEBUG (7): ydadmin-ThinkPad-X220-Tablet serving lieferando.de.testing SMARTY: rendering template phoneorder/index.htm 
2012-09-26T22:46:02+02:00 DEBUG (7): ydadmin-ThinkPad-X220-Tablet serving lieferando.de.testing SMARTY: rendering template phoneorder/index.htm 
2012-09-26T23:13:10+02:00 DEBUG (7): ydadmin-ThinkPad-X220-Tablet serving lieferando.de.testing SMARTY: rendering template phoneorder/index.htm 
2012-09-26T23:13:28+02:00 DEBUG (7): ydadmin-ThinkPad-X220-Tablet serving lieferando.de.testing SMARTY: rendering template phoneorder/index.htm 
2012-09-26T23:14:52+02:00 DEBUG (7): ydadmin-ThinkPad-X220-Tablet serving lieferando.de.testing SMARTY: rendering template phoneorder/index.htm 
2012-09-26T23:27:40+02:00 DEBUG (7): ydadmin-ThinkPad-X220-Tablet serving lieferando.de.testing SMARTY: rendering template phoneorder/index.htm 
2012-09-26T23:28:12+02:00 DEBUG (7): ydadmin-ThinkPad-X220-Tablet serving lieferando.de.testing SMARTY: rendering template phoneorder/index.htm 
2012-09-26T23:32:01+02:00 DEBUG (7): ydadmin-ThinkPad-X220-Tablet serving lieferando.de.testing SMARTY: rendering template phoneorder/index.htm 
2012-09-26T23:32:29+02:00 DEBUG (7): ydadmin-ThinkPad-X220-Tablet serving lieferando.de.testing SMARTY: rendering template phoneorder/index.htm 
