2012-09-02T15:56:46+02:00 DEBUG (7): ydadmin-ThinkPad-X220-Tablet serving janamesa.com.br.testing SMARTY: rendering template order/basis/menu.htm 
2012-09-02T15:56:48+02:00 DEBUG (7): ydadmin-ThinkPad-X220-Tablet serving janamesa.com.br.testing SMARTY: caching /home/ydadmin/htdocs/lieferando/application/../public/cache/html/www.yourdelivery.local/servico-de-entrega-funny-pizzas-sao-paulo.html 
2012-09-02T15:57:03+02:00 DEBUG (7): ydadmin-ThinkPad-X220-Tablet serving janamesa.com.br.testing SMARTY: rendering template request/order/callmeal.htm 
2012-09-02T15:57:48+02:00 DEBUG (7): ydadmin-ThinkPad-X220-Tablet serving janamesa.com.br.testing SMARTY: rendering template request/order/callmeal.htm 
2012-09-02T15:58:49+02:00 DEBUG (7): ydadmin-ThinkPad-X220-Tablet serving janamesa.com.br.testing SMARTY: rendering template request/order/callmeal.htm 
2012-09-02T15:59:00+02:00 DEBUG (7): ydadmin-ThinkPad-X220-Tablet serving janamesa.com.br.testing SMARTY: rendering template order/basis/menu.htm 
2012-09-02T15:59:01+02:00 DEBUG (7): ydadmin-ThinkPad-X220-Tablet serving janamesa.com.br.testing SMARTY: caching /home/ydadmin/htdocs/lieferando/application/../public/cache/html/www.yourdelivery.local/servico-de-entrega-funny-pizzas-sao-paulo.html 
2012-09-02T15:59:06+02:00 DEBUG (7): ydadmin-ThinkPad-X220-Tablet serving janamesa.com.br.testing SMARTY: rendering template request/order/callmeal.htm 
2012-09-02T15:59:48+02:00 DEBUG (7): ydadmin-ThinkPad-X220-Tablet serving janamesa.com.br.testing SMARTY: rendering template order/basis/menu.htm 
2012-09-02T15:59:49+02:00 DEBUG (7): ydadmin-ThinkPad-X220-Tablet serving janamesa.com.br.testing SMARTY: caching /home/ydadmin/htdocs/lieferando/application/../public/cache/html/www.yourdelivery.local/servico-de-entrega-funny-pizzas-sao-paulo.html 
2012-09-02T16:00:05+02:00 DEBUG (7): ydadmin-ThinkPad-X220-Tablet serving janamesa.com.br.testing SMARTY: rendering template request/order/callmeal.htm 
2012-09-02T16:01:14+02:00 DEBUG (7): ydadmin-ThinkPad-X220-Tablet serving janamesa.com.br.testing SMARTY: rendering template order/basis/menu.htm 
2012-09-02T16:01:15+02:00 DEBUG (7): ydadmin-ThinkPad-X220-Tablet serving janamesa.com.br.testing SMARTY: caching /home/ydadmin/htdocs/lieferando/application/../public/cache/html/www.yourdelivery.local/servico-de-entrega-funny-pizzas-sao-paulo.html 
2012-09-02T16:01:20+02:00 DEBUG (7): ydadmin-ThinkPad-X220-Tablet serving janamesa.com.br.testing SMARTY: rendering template request/order/callmeal.htm 
2012-09-02T16:02:15+02:00 DEBUG (7): ydadmin-ThinkPad-X220-Tablet serving janamesa.com.br.testing SMARTY: rendering template order/basis/menu.htm 
2012-09-02T16:02:17+02:00 DEBUG (7): ydadmin-ThinkPad-X220-Tablet serving janamesa.com.br.testing SMARTY: caching /home/ydadmin/htdocs/lieferando/application/../public/cache/html/www.yourdelivery.local/servico-de-entrega-funny-pizzas-sao-paulo.html 
2012-09-02T16:02:22+02:00 DEBUG (7): ydadmin-ThinkPad-X220-Tablet serving janamesa.com.br.testing SMARTY: rendering template request/order/callmeal.htm 
2012-09-02T16:02:22+02:00 DEBUG (7): ydadmin-ThinkPad-X220-Tablet serving janamesa.com.br.testing SMARTY: caching /home/ydadmin/htdocs/lieferando/application/../public/cache/html/www.yourdelivery.local/request_order/callmeal/id/36791/size/0/update/false.html 
2012-09-02T16:03:30+02:00 DEBUG (7): ydadmin-ThinkPad-X220-Tablet serving janamesa.com.br.testing SMARTY: rendering template order/basis/menu.htm 
2012-09-02T16:03:31+02:00 DEBUG (7): ydadmin-ThinkPad-X220-Tablet serving janamesa.com.br.testing SMARTY: caching /home/ydadmin/htdocs/lieferando/application/../public/cache/html/www.yourdelivery.local/servico-de-entrega-funny-pizzas-sao-paulo.html 
2012-09-02T16:03:41+02:00 DEBUG (7): ydadmin-ThinkPad-X220-Tablet serving janamesa.com.br.testing SMARTY: rendering template request/order/callmeal.htm 
2012-09-02T16:04:06+02:00 DEBUG (7): ydadmin-ThinkPad-X220-Tablet serving janamesa.com.br.testing SMARTY: rendering template order/basis/menu.htm 
2012-09-02T16:04:07+02:00 DEBUG (7): ydadmin-ThinkPad-X220-Tablet serving janamesa.com.br.testing SMARTY: caching /home/ydadmin/htdocs/lieferando/application/../public/cache/html/www.yourdelivery.local/servico-de-entrega-funny-pizzas-sao-paulo.html 
2012-09-02T16:04:11+02:00 DEBUG (7): ydadmin-ThinkPad-X220-Tablet serving janamesa.com.br.testing SMARTY: rendering template request/order/callmeal.htm 
2012-09-02T16:04:11+02:00 DEBUG (7): ydadmin-ThinkPad-X220-Tablet serving janamesa.com.br.testing SMARTY: caching /home/ydadmin/htdocs/lieferando/application/../public/cache/html/www.yourdelivery.local/request_order/callmeal/id/36791/size/0/update/false.html 
2012-09-02T16:05:12+02:00 DEBUG (7): ydadmin-ThinkPad-X220-Tablet serving janamesa.com.br.testing SMARTY: rendering template order/basis/menu.htm 
2012-09-02T16:05:13+02:00 DEBUG (7): ydadmin-ThinkPad-X220-Tablet serving janamesa.com.br.testing SMARTY: caching /home/ydadmin/htdocs/lieferando/application/../public/cache/html/www.yourdelivery.local/servico-de-entrega-funny-pizzas-sao-paulo.html 
2012-09-02T16:05:20+02:00 DEBUG (7): ydadmin-ThinkPad-X220-Tablet serving janamesa.com.br.testing SMARTY: rendering template request/order/callmeal.htm 
2012-09-02T16:05:21+02:00 DEBUG (7): ydadmin-ThinkPad-X220-Tablet serving janamesa.com.br.testing SMARTY: caching /home/ydadmin/htdocs/lieferando/application/../public/cache/html/www.yourdelivery.local/request_order/callmeal/id/36791/size/0/update/false.html 
2012-09-02T16:05:50+02:00 DEBUG (7): ydadmin-ThinkPad-X220-Tablet serving janamesa.com.br.testing SMARTY: rendering template order/basis/menu.htm 
2012-09-02T16:05:52+02:00 DEBUG (7): ydadmin-ThinkPad-X220-Tablet serving janamesa.com.br.testing SMARTY: caching /home/ydadmin/htdocs/lieferando/application/../public/cache/html/www.yourdelivery.local/servico-de-entrega-funny-pizzas-sao-paulo.html 
2012-09-02T16:05:57+02:00 DEBUG (7): ydadmin-ThinkPad-X220-Tablet serving janamesa.com.br.testing SMARTY: rendering template request/order/callmeal.htm 
2012-09-02T16:05:58+02:00 DEBUG (7): ydadmin-ThinkPad-X220-Tablet serving janamesa.com.br.testing SMARTY: caching /home/ydadmin/htdocs/lieferando/application/../public/cache/html/www.yourdelivery.local/request_order/callmeal/id/36791/size/0/update/false.html 
2012-09-02T16:06:31+02:00 DEBUG (7): ydadmin-ThinkPad-X220-Tablet serving janamesa.com.br.testing SMARTY: rendering template order/basis/menu.htm 
2012-09-02T16:06:32+02:00 DEBUG (7): ydadmin-ThinkPad-X220-Tablet serving janamesa.com.br.testing SMARTY: caching /home/ydadmin/htdocs/lieferando/application/../public/cache/html/www.yourdelivery.local/servico-de-entrega-funny-pizzas-sao-paulo.html 
2012-09-02T16:07:25+02:00 DEBUG (7): ydadmin-ThinkPad-X220-Tablet serving janamesa.com.br.testing SMARTY: rendering template request/order/callmeal.htm 
2012-09-02T16:07:25+02:00 DEBUG (7): ydadmin-ThinkPad-X220-Tablet serving janamesa.com.br.testing SMARTY: caching /home/ydadmin/htdocs/lieferando/application/../public/cache/html/www.yourdelivery.local/request_order/callmeal/id/36791/size/0/update/false.html 
2012-09-02T16:08:44+02:00 DEBUG (7): ydadmin-ThinkPad-X220-Tablet serving janamesa.com.br.testing SMARTY: rendering template request/order/callmeal.htm 
2012-09-02T16:08:44+02:00 DEBUG (7): ydadmin-ThinkPad-X220-Tablet serving janamesa.com.br.testing SMARTY: caching /home/ydadmin/htdocs/lieferando/application/../public/cache/html/www.yourdelivery.local/request_order/callmeal/id/36791/size/4388/update/1.html 
2012-09-02T16:09:08+02:00 INFO (6): ydadmin-ThinkPad-X220-Tablet serving janamesa.com.br.testing appending fallback verbose information to order via cityId 73486 
2012-09-02T16:09:08+02:00 CRIT (2): ydadmin-ThinkPad-X220-Tablet serving janamesa.com.br.testing Run into error: Message: 

Trace:
#0 /home/ydadmin/htdocs/lieferando/application/models/Order/Abstract.php(558): Yourdelivery_Model_Meals->getCost()
#1 /home/ydadmin/htdocs/lieferando/application/controllers/Order/BasisController.php(632): Yourdelivery_Model_Order_Abstract->addMeal(Object(Yourdelivery_Model_Meals), Array, 1)
#2 /home/ydadmin/htdocs/lieferando/library/Zend/Controller/Action.php(513): Order_BasisController->finishAction()
#3 /home/ydadmin/htdocs/lieferando/library/Zend/Controller/Dispatcher/Standard.php(289): Zend_Controller_Action->dispatch('finishAction')
#4 /home/ydadmin/htdocs/lieferando/library/Zend/Controller/Front.php(954): Zend_Controller_Dispatcher_Standard->dispatch(Object(Zend_Controller_Request_Http), Object(Zend_Controller_Response_Http))
#5 /home/ydadmin/htdocs/lieferando/library/Zend/Application/Bootstrap/Bootstrap.php(97): Zend_Controller_Front->dispatch()
#6 /home/ydadmin/htdocs/lieferando/library/Zend/Application.php(366): Zend_Application_Bootstrap_Bootstrap->run()
#7 /home/ydadmin/htdocs/lieferando/public/index.php(116): Zend_Application->run()
#8 {main}

 #0 log() called at [/home/ydadmin/htdocs/lieferando/library/Yourdelivery/Log.php:68]
#1 __call() called at [/home/ydadmin/htdocs/lieferando/application/controllers/ErrorController.php:207]
#2 crit() called at [/home/ydadmin/htdocs/lieferando/application/controllers/ErrorController.php:207]
#3 errorAction() called at [/home/ydadmin/htdocs/lieferando/library/Zend/Controller/Action.php:513]
#4 dispatch() called at [/home/ydadmin/htdocs/lieferando/library/Zend/Controller/Dispatcher/Standard.php:289]
#5 dispatch() called at [/home/ydadmin/htdocs/lieferando/library/Zend/Controller/Front.php:954]
#6 dispatch() called at [/home/ydadmin/htdocs/lieferando/library/Zend/Application/Bootstrap/Bootstrap.php:97]
#7 run() called at [/home/ydadmin/htdocs/lieferando/library/Zend/Application.php:366]
#8 run() called at [/home/ydadmin/htdocs/lieferando/public/index.php:116]

2012-09-02T16:09:08+02:00 DEBUG (7): ydadmin-ThinkPad-X220-Tablet serving janamesa.com.br.testing SMARTY: rendering template error/error.htm 
2012-09-02T16:18:58+02:00 INFO (6): ydadmin-ThinkPad-X220-Tablet serving janamesa.com.br.testing appending fallback verbose information to order via cityId 73486 
2012-09-02T16:18:59+02:00 DEBUG (7): ydadmin-ThinkPad-X220-Tablet serving janamesa.com.br.testing SMARTY: rendering template order/private/finish.htm 
2012-09-02T16:19:00+02:00 DEBUG (7): ydadmin-ThinkPad-X220-Tablet serving janamesa.com.br.testing SMARTY: rendering template request/service/openingtimeday.htm 
2012-09-02T16:19:44+02:00 INFO (6): ydadmin-ThinkPad-X220-Tablet serving janamesa.com.br.testing appending fallback verbose information to order via cityId 73486 
2012-09-02T16:19:44+02:00 INFO (6): ydadmin-ThinkPad-X220-Tablet serving janamesa.com.br.testing switching back to bar, no valid payment selected 
2012-09-02T16:19:44+02:00 DEBUG (7): ydadmin-ThinkPad-X220-Tablet serving janamesa.com.br.testing setting deliver time to 1346601600 based on day: 02.09.2012 time: 18:00 
2012-09-02T16:19:44+02:00 DEBUG (7): ydadmin-ThinkPad-X220-Tablet serving janamesa.com.br.testing saved model Yourdelivery_Model_Order_Private with id #989 new data :: Array(    [customer] =>     [nr] => 84149884    [time] => 2012-09-02 16:19:44    [deliverTime] => 2012-09-02 18:00:00    [mode] => rest    [kind] => priv    [ident] => ez0TsGVKYVuAmSdxgLfq    [cpf] =>     [serviceId] => 351    [restaurantId] => 351    [floor] => 0    [lift] =>     [currentPayment] => bar    [payment] => bar    [change] => 0    [total] => 4100    [courier] =>     [courierCost] => 0    [serviceDeliverCost] => 200    [charge] => 0    [contract] => 1    [ipAddr] => 127.0.0.1    [domain] => www.yourdelivery.local) 
2012-09-02T16:19:44+02:00 DEBUG (7): ydadmin-ThinkPad-X220-Tablet serving janamesa.com.br.testing saved model Yourdelivery_Model_Order_Deliverdelay with id #148 new data :: Array(    [serviceDeliverDelay] => 2700    [courierDeliverDelay] => 0    [orderId] => 989) 
2012-09-02T16:19:44+02:00 DEBUG (7): ydadmin-ThinkPad-X220-Tablet serving janamesa.com.br.testing found 10 points for action order 
2012-09-02T16:19:44+02:00 DEBUG (7): ydadmin-ThinkPad-X220-Tablet serving janamesa.com.br.testing saved model Yourdelivery_Model_Customer_FidelityTransaction with id #1645 new data :: Array(    [email] => naie@lieferando.de    [action] => order    [status] => 0    [points] => 10    [transactionData] => 989) 
2012-09-02T16:19:44+02:00 INFO (6): ydadmin-ThinkPad-X220-Tablet serving janamesa.com.br.testing successfully added 10 points to customer naie@lieferando.de for action order 
2012-09-02T16:19:44+02:00 DEBUG (7): ydadmin-ThinkPad-X220-Tablet serving janamesa.com.br.testing CUSTOMER FIDELITY - cache cleared for transactionsfidelity65666812875e8232797613d8aa41808d 
2012-09-02T16:19:44+02:00 DEBUG (7): ydadmin-ThinkPad-X220-Tablet serving janamesa.com.br.testing CUSTOMER FIDELITY - cache cleared for open1fidelity65666812875e8232797613d8aa41808d 
2012-09-02T16:19:44+02:00 DEBUG (7): ydadmin-ThinkPad-X220-Tablet serving janamesa.com.br.testing CUSTOMER FIDELITY - cache cleared for open0fidelity65666812875e8232797613d8aa41808d 
2012-09-02T16:19:45+02:00 INFO (6): ydadmin-ThinkPad-X220-Tablet serving janamesa.com.br.testing customer #1346595584 rtzrtz rtrtzu sucessfully finished order #989 
2012-09-02T16:19:45+02:00 DEBUG (7): ydadmin-ThinkPad-X220-Tablet serving janamesa.com.br.testing Status Wechsel in Order Tabelle: #989 - alter Status: 0 - neuer Status: 0 
2012-09-02T16:19:45+02:00 DEBUG (7): ydadmin-ThinkPad-X220-Tablet serving janamesa.com.br.testing New order status entry id: 989, status: 0 
2012-09-02T16:19:45+02:00 DEBUG (7): ydadmin-ThinkPad-X220-Tablet serving janamesa.com.br.testing updating model Default_Model_Base #1645 with modified data :: Array(    [email] => naie@lieferando.de    [transactionData] => 989    [status] => 0    [action] => order    [points] => 10    [updated] => 2012-09-02 16:19:45) 
2012-09-02T16:19:45+02:00 INFO (6): ydadmin-ThinkPad-X220-Tablet serving janamesa.com.br.testing successfully modifed transaction #1645 of customer naie@lieferando.de to status 0 
2012-09-02T16:19:45+02:00 DEBUG (7): ydadmin-ThinkPad-X220-Tablet serving janamesa.com.br.testing CUSTOMER FIDELITY - cache cleared for transactionsfidelity65666812875e8232797613d8aa41808d 
2012-09-02T16:19:45+02:00 DEBUG (7): ydadmin-ThinkPad-X220-Tablet serving janamesa.com.br.testing CUSTOMER FIDELITY - cache cleared for open1fidelity65666812875e8232797613d8aa41808d 
2012-09-02T16:19:45+02:00 DEBUG (7): ydadmin-ThinkPad-X220-Tablet serving janamesa.com.br.testing CUSTOMER FIDELITY - cache cleared for open0fidelity65666812875e8232797613d8aa41808d 
2012-09-02T16:19:45+02:00 DEBUG (7): ydadmin-ThinkPad-X220-Tablet serving janamesa.com.br.testing saved model Yourdelivery_Model_Order_Sendby with id #821 new data :: Array(    [orderId] => 989    [sendBy] => fax) 
2012-09-02T16:19:45+02:00 DEBUG (7): ydadmin-ThinkPad-X220-Tablet serving janamesa.com.br.testing Status Wechsel in Order Tabelle: #989 - alter Status: 0 - neuer Status: 0 
2012-09-02T16:19:45+02:00 DEBUG (7): ydadmin-ThinkPad-X220-Tablet serving janamesa.com.br.testing New order status entry id: 989, status: 0 
2012-09-02T16:19:45+02:00 DEBUG (7): ydadmin-ThinkPad-X220-Tablet serving janamesa.com.br.testing updating model Default_Model_Base #1645 with modified data :: Array(    [email] => naie@lieferando.de    [transactionData] => 989    [status] => 0    [action] => order    [points] => 10    [updated] => 2012-09-02 16:19:45) 
2012-09-02T16:19:45+02:00 INFO (6): ydadmin-ThinkPad-X220-Tablet serving janamesa.com.br.testing successfully modifed transaction #1645 of customer naie@lieferando.de to status 0 
2012-09-02T16:19:45+02:00 DEBUG (7): ydadmin-ThinkPad-X220-Tablet serving janamesa.com.br.testing CUSTOMER FIDELITY - cache cleared for transactionsfidelity65666812875e8232797613d8aa41808d 
2012-09-02T16:19:45+02:00 DEBUG (7): ydadmin-ThinkPad-X220-Tablet serving janamesa.com.br.testing CUSTOMER FIDELITY - cache cleared for open1fidelity65666812875e8232797613d8aa41808d 
2012-09-02T16:19:45+02:00 DEBUG (7): ydadmin-ThinkPad-X220-Tablet serving janamesa.com.br.testing CUSTOMER FIDELITY - cache cleared for open0fidelity65666812875e8232797613d8aa41808d 
2012-09-02T16:19:45+02:00 DEBUG (7): ydadmin-ThinkPad-X220-Tablet serving janamesa.com.br.testing order pdf for order 989 does not exists yet, generating and returning 
2012-09-02T16:19:46+02:00 INFO (6): ydadmin-ThinkPad-X220-Tablet serving janamesa.com.br.testing RETARUS: succesfully send out fax 989-ordersheet-restaurant.pdf to 0123 
2012-09-02T16:19:47+02:00 DEBUG (7): ydadmin-ThinkPad-X220-Tablet serving janamesa.com.br.testing SMARTY: rendering template order/private/success.htm 
2012-09-02T16:19:47+02:00 DEBUG (7): ydadmin-ThinkPad-X220-Tablet serving janamesa.com.br.testing found 10 points for action order 
2012-09-02T16:19:47+02:00 DEBUG (7): ydadmin-ThinkPad-X220-Tablet serving janamesa.com.br.testing found 20 points for action register 
2012-09-02T16:19:47+02:00 DEBUG (7): ydadmin-ThinkPad-X220-Tablet serving janamesa.com.br.testing found 5 points for action registeraftersale 
2012-09-02T16:19:47+02:00 DEBUG (7): ydadmin-ThinkPad-X220-Tablet serving janamesa.com.br.testing found 10 points for action order 
2012-09-02T16:19:47+02:00 DEBUG (7): ydadmin-ThinkPad-X220-Tablet serving janamesa.com.br.testing found 20 points for action register 
2012-09-02T16:19:47+02:00 DEBUG (7): ydadmin-ThinkPad-X220-Tablet serving janamesa.com.br.testing found 5 points for action registeraftersale 
2012-09-02T16:20:56+02:00 INFO (6): ydadmin-ThinkPad-X220-Tablet serving janamesa.com.br.testing appending fallback verbose information to order via cityId 73486 
2012-09-02T16:20:56+02:00 DEBUG (7): ydadmin-ThinkPad-X220-Tablet serving janamesa.com.br.testing SMARTY: rendering template order/private/finish.htm 
2012-09-02T16:20:57+02:00 DEBUG (7): ydadmin-ThinkPad-X220-Tablet serving janamesa.com.br.testing SMARTY: rendering template request/service/openingtimeday.htm 
2012-09-02T16:21:09+02:00 INFO (6): ydadmin-ThinkPad-X220-Tablet serving janamesa.com.br.testing appending fallback verbose information to order via cityId 73486 
2012-09-02T16:21:09+02:00 INFO (6): ydadmin-ThinkPad-X220-Tablet serving janamesa.com.br.testing switching back to bar, no valid payment selected 
2012-09-02T16:21:09+02:00 DEBUG (7): ydadmin-ThinkPad-X220-Tablet serving janamesa.com.br.testing setting deliver time to 1346601600 based on day: 02.09.2012 time: 18:00 
2012-09-02T16:21:09+02:00 DEBUG (7): ydadmin-ThinkPad-X220-Tablet serving janamesa.com.br.testing saved model Yourdelivery_Model_Order_Private with id #990 new data :: Array(    [customer] =>     [nr] => 44365049    [time] => 2012-09-02 16:21:09    [deliverTime] => 2012-09-02 18:00:00    [mode] => rest    [kind] => priv    [ident] => MYnQ1zOf6OG1mqsaPSzd    [cpf] =>     [serviceId] => 351    [restaurantId] => 351    [floor] => 0    [lift] =>     [currentPayment] => bar    [payment] => bar    [change] => 0    [total] => 4000    [courier] =>     [courierCost] => 0    [serviceDeliverCost] => 200    [charge] => 0    [contract] => 1    [ipAddr] => 127.0.0.1    [domain] => www.yourdelivery.local) 
2012-09-02T16:21:09+02:00 DEBUG (7): ydadmin-ThinkPad-X220-Tablet serving janamesa.com.br.testing saved model Yourdelivery_Model_Order_Deliverdelay with id #149 new data :: Array(    [serviceDeliverDelay] => 2700    [courierDeliverDelay] => 0    [orderId] => 990) 
2012-09-02T16:21:09+02:00 DEBUG (7): ydadmin-ThinkPad-X220-Tablet serving janamesa.com.br.testing found 10 points for action order 
2012-09-02T16:21:09+02:00 DEBUG (7): ydadmin-ThinkPad-X220-Tablet serving janamesa.com.br.testing saved model Yourdelivery_Model_Customer_FidelityTransaction with id #1646 new data :: Array(    [email] => naie@lieferando.de    [action] => order    [status] => 0    [points] => 10    [transactionData] => 990) 
2012-09-02T16:21:09+02:00 INFO (6): ydadmin-ThinkPad-X220-Tablet serving janamesa.com.br.testing successfully added 10 points to customer naie@lieferando.de for action order 
2012-09-02T16:21:09+02:00 DEBUG (7): ydadmin-ThinkPad-X220-Tablet serving janamesa.com.br.testing CUSTOMER FIDELITY - cache cleared for transactionsfidelity65666812875e8232797613d8aa41808d 
2012-09-02T16:21:09+02:00 DEBUG (7): ydadmin-ThinkPad-X220-Tablet serving janamesa.com.br.testing CUSTOMER FIDELITY - cache cleared for open1fidelity65666812875e8232797613d8aa41808d 
2012-09-02T16:21:09+02:00 DEBUG (7): ydadmin-ThinkPad-X220-Tablet serving janamesa.com.br.testing CUSTOMER FIDELITY - cache cleared for open0fidelity65666812875e8232797613d8aa41808d 
2012-09-02T16:21:09+02:00 INFO (6): ydadmin-ThinkPad-X220-Tablet serving janamesa.com.br.testing customer #1346595669 rtzrtz rtrtzu sucessfully finished order #990 
2012-09-02T16:21:10+02:00 DEBUG (7): ydadmin-ThinkPad-X220-Tablet serving janamesa.com.br.testing Status Wechsel in Order Tabelle: #990 - alter Status: 0 - neuer Status: 0 
2012-09-02T16:21:10+02:00 DEBUG (7): ydadmin-ThinkPad-X220-Tablet serving janamesa.com.br.testing New order status entry id: 990, status: 0 
2012-09-02T16:21:10+02:00 DEBUG (7): ydadmin-ThinkPad-X220-Tablet serving janamesa.com.br.testing updating model Default_Model_Base #1646 with modified data :: Array(    [email] => naie@lieferando.de    [transactionData] => 990    [status] => 0    [action] => order    [points] => 10    [updated] => 2012-09-02 16:21:10) 
2012-09-02T16:21:10+02:00 INFO (6): ydadmin-ThinkPad-X220-Tablet serving janamesa.com.br.testing successfully modifed transaction #1646 of customer naie@lieferando.de to status 0 
2012-09-02T16:21:10+02:00 DEBUG (7): ydadmin-ThinkPad-X220-Tablet serving janamesa.com.br.testing CUSTOMER FIDELITY - cache cleared for transactionsfidelity65666812875e8232797613d8aa41808d 
2012-09-02T16:21:10+02:00 DEBUG (7): ydadmin-ThinkPad-X220-Tablet serving janamesa.com.br.testing CUSTOMER FIDELITY - cache cleared for open1fidelity65666812875e8232797613d8aa41808d 
2012-09-02T16:21:10+02:00 DEBUG (7): ydadmin-ThinkPad-X220-Tablet serving janamesa.com.br.testing CUSTOMER FIDELITY - cache cleared for open0fidelity65666812875e8232797613d8aa41808d 
2012-09-02T16:21:10+02:00 DEBUG (7): ydadmin-ThinkPad-X220-Tablet serving janamesa.com.br.testing saved model Yourdelivery_Model_Order_Sendby with id #822 new data :: Array(    [orderId] => 990    [sendBy] => fax) 
2012-09-02T16:21:10+02:00 DEBUG (7): ydadmin-ThinkPad-X220-Tablet serving janamesa.com.br.testing Status Wechsel in Order Tabelle: #990 - alter Status: 0 - neuer Status: 0 
2012-09-02T16:21:10+02:00 DEBUG (7): ydadmin-ThinkPad-X220-Tablet serving janamesa.com.br.testing New order status entry id: 990, status: 0 
2012-09-02T16:21:10+02:00 DEBUG (7): ydadmin-ThinkPad-X220-Tablet serving janamesa.com.br.testing updating model Default_Model_Base #1646 with modified data :: Array(    [email] => naie@lieferando.de    [transactionData] => 990    [status] => 0    [action] => order    [points] => 10    [updated] => 2012-09-02 16:21:10) 
2012-09-02T16:21:10+02:00 INFO (6): ydadmin-ThinkPad-X220-Tablet serving janamesa.com.br.testing successfully modifed transaction #1646 of customer naie@lieferando.de to status 0 
2012-09-02T16:21:10+02:00 DEBUG (7): ydadmin-ThinkPad-X220-Tablet serving janamesa.com.br.testing CUSTOMER FIDELITY - cache cleared for transactionsfidelity65666812875e8232797613d8aa41808d 
2012-09-02T16:21:10+02:00 DEBUG (7): ydadmin-ThinkPad-X220-Tablet serving janamesa.com.br.testing CUSTOMER FIDELITY - cache cleared for open1fidelity65666812875e8232797613d8aa41808d 
2012-09-02T16:21:10+02:00 DEBUG (7): ydadmin-ThinkPad-X220-Tablet serving janamesa.com.br.testing CUSTOMER FIDELITY - cache cleared for open0fidelity65666812875e8232797613d8aa41808d 
2012-09-02T16:21:10+02:00 DEBUG (7): ydadmin-ThinkPad-X220-Tablet serving janamesa.com.br.testing order pdf for order 990 does not exists yet, generating and returning 
2012-09-02T16:21:10+02:00 INFO (6): ydadmin-ThinkPad-X220-Tablet serving janamesa.com.br.testing RETARUS: succesfully send out fax 990-ordersheet-restaurant.pdf to 0123 
2012-09-02T16:21:11+02:00 DEBUG (7): ydadmin-ThinkPad-X220-Tablet serving janamesa.com.br.testing SMARTY: rendering template order/private/success.htm 
2012-09-02T16:21:11+02:00 DEBUG (7): ydadmin-ThinkPad-X220-Tablet serving janamesa.com.br.testing found 10 points for action order 
2012-09-02T16:21:11+02:00 DEBUG (7): ydadmin-ThinkPad-X220-Tablet serving janamesa.com.br.testing found 20 points for action register 
2012-09-02T16:21:11+02:00 DEBUG (7): ydadmin-ThinkPad-X220-Tablet serving janamesa.com.br.testing found 5 points for action registeraftersale 
2012-09-02T16:21:11+02:00 DEBUG (7): ydadmin-ThinkPad-X220-Tablet serving janamesa.com.br.testing found 10 points for action order 
2012-09-02T16:21:11+02:00 DEBUG (7): ydadmin-ThinkPad-X220-Tablet serving janamesa.com.br.testing found 20 points for action register 
2012-09-02T16:21:11+02:00 DEBUG (7): ydadmin-ThinkPad-X220-Tablet serving janamesa.com.br.testing found 5 points for action registeraftersale 
2012-09-02T16:27:46+02:00 DEBUG (7): ydadmin-ThinkPad-X220-Tablet serving janamesa.com.br.testing SMARTY: rendering template order/basis/menu.htm 
2012-09-02T16:27:48+02:00 DEBUG (7): ydadmin-ThinkPad-X220-Tablet serving janamesa.com.br.testing SMARTY: caching /home/ydadmin/htdocs/lieferando/application/../public/cache/html/www.yourdelivery.local/servico-de-entrega-funny-pizzas-sao-paulo.html 
2012-09-02T16:27:57+02:00 DEBUG (7): ydadmin-ThinkPad-X220-Tablet serving janamesa.com.br.testing SMARTY: rendering template request/order/callmeal.htm 
2012-09-02T16:27:57+02:00 DEBUG (7): ydadmin-ThinkPad-X220-Tablet serving janamesa.com.br.testing SMARTY: caching /home/ydadmin/htdocs/lieferando/application/../public/cache/html/www.yourdelivery.local/request_order/callmeal/id/36791/size/0/update/false.html 
2012-09-02T16:28:16+02:00 DEBUG (7): ydadmin-ThinkPad-X220-Tablet serving janamesa.com.br.testing SMARTY: rendering template request/order/callmeal.htm 
2012-09-02T16:28:16+02:00 DEBUG (7): ydadmin-ThinkPad-X220-Tablet serving janamesa.com.br.testing SMARTY: caching /home/ydadmin/htdocs/lieferando/application/../public/cache/html/www.yourdelivery.local/request_order/callmeal/id/36791/size/4388/update/1.html 
2012-09-02T16:54:45+02:00 DEBUG (7): ydadmin-ThinkPad-X220-Tablet serving janamesa.com.br.testing SMARTY: rendering template order/basis/menu.htm 
2012-09-02T16:54:46+02:00 DEBUG (7): ydadmin-ThinkPad-X220-Tablet serving janamesa.com.br.testing SMARTY: caching /home/ydadmin/htdocs/lieferando/application/../public/cache/html/www.yourdelivery.local/servico-de-entrega-funny-pizzas-sao-paulo.html 
2012-09-02T16:54:53+02:00 DEBUG (7): ydadmin-ThinkPad-X220-Tablet serving janamesa.com.br.testing SMARTY: rendering template request/order/callmeal.htm 
2012-09-02T16:54:53+02:00 DEBUG (7): ydadmin-ThinkPad-X220-Tablet serving janamesa.com.br.testing SMARTY: caching /home/ydadmin/htdocs/lieferando/application/../public/cache/html/www.yourdelivery.local/request_order/callmeal/id/36791/size/4388/update/1.html 
2012-09-02T16:58:24+02:00 DEBUG (7): ydadmin-ThinkPad-X220-Tablet serving janamesa.com.br.testing SMARTY: rendering template order/basis/menu.htm 
2012-09-02T16:58:25+02:00 DEBUG (7): ydadmin-ThinkPad-X220-Tablet serving janamesa.com.br.testing SMARTY: caching /home/ydadmin/htdocs/lieferando/application/../public/cache/html/www.yourdelivery.local/servico-de-entrega-funny-pizzas-sao-paulo.html 
2012-09-02T16:58:31+02:00 DEBUG (7): ydadmin-ThinkPad-X220-Tablet serving janamesa.com.br.testing SMARTY: rendering template request/order/callmeal.htm 
2012-09-02T16:58:31+02:00 DEBUG (7): ydadmin-ThinkPad-X220-Tablet serving janamesa.com.br.testing SMARTY: caching /home/ydadmin/htdocs/lieferando/application/../public/cache/html/www.yourdelivery.local/request_order/callmeal/id/36791/size/4388/update/1.html 
2012-09-02T17:01:27+02:00 DEBUG (7): ydadmin-ThinkPad-X220-Tablet serving janamesa.com.br.testing SMARTY: rendering template order/basis/menu.htm 
2012-09-02T17:01:28+02:00 DEBUG (7): ydadmin-ThinkPad-X220-Tablet serving janamesa.com.br.testing SMARTY: caching /home/ydadmin/htdocs/lieferando/application/../public/cache/html/www.yourdelivery.local/servico-de-entrega-funny-pizzas-sao-paulo.html 
2012-09-02T17:01:40+02:00 DEBUG (7): ydadmin-ThinkPad-X220-Tablet serving janamesa.com.br.testing SMARTY: rendering template request/order/callmeal.htm 
2012-09-02T17:01:40+02:00 DEBUG (7): ydadmin-ThinkPad-X220-Tablet serving janamesa.com.br.testing SMARTY: caching /home/ydadmin/htdocs/lieferando/application/../public/cache/html/www.yourdelivery.local/request_order/callmeal/id/36791/size/4388/update/1.html 
2012-09-02T17:03:33+02:00 DEBUG (7): ydadmin-ThinkPad-X220-Tablet serving janamesa.com.br.testing SMARTY: rendering template order/basis/menu.htm 
2012-09-02T17:03:34+02:00 DEBUG (7): ydadmin-ThinkPad-X220-Tablet serving janamesa.com.br.testing SMARTY: caching /home/ydadmin/htdocs/lieferando/application/../public/cache/html/www.yourdelivery.local/servico-de-entrega-funny-pizzas-sao-paulo.html 
2012-09-02T17:03:41+02:00 DEBUG (7): ydadmin-ThinkPad-X220-Tablet serving janamesa.com.br.testing SMARTY: rendering template request/order/callmeal.htm 
2012-09-02T17:03:41+02:00 DEBUG (7): ydadmin-ThinkPad-X220-Tablet serving janamesa.com.br.testing SMARTY: caching /home/ydadmin/htdocs/lieferando/application/../public/cache/html/www.yourdelivery.local/request_order/callmeal/id/36791/size/4388/update/1.html 
2012-09-02T17:04:27+02:00 DEBUG (7): ydadmin-ThinkPad-X220-Tablet serving janamesa.com.br.testing SMARTY: rendering template order/basis/menu.htm 
2012-09-02T17:04:29+02:00 DEBUG (7): ydadmin-ThinkPad-X220-Tablet serving janamesa.com.br.testing SMARTY: caching /home/ydadmin/htdocs/lieferando/application/../public/cache/html/www.yourdelivery.local/servico-de-entrega-funny-pizzas-sao-paulo.html 
2012-09-02T17:04:35+02:00 DEBUG (7): ydadmin-ThinkPad-X220-Tablet serving janamesa.com.br.testing SMARTY: rendering template request/order/callmeal.htm 
2012-09-02T17:04:36+02:00 DEBUG (7): ydadmin-ThinkPad-X220-Tablet serving janamesa.com.br.testing SMARTY: caching /home/ydadmin/htdocs/lieferando/application/../public/cache/html/www.yourdelivery.local/request_order/callmeal/id/36791/size/4388/update/1.html 
2012-09-02T17:06:23+02:00 DEBUG (7): ydadmin-ThinkPad-X220-Tablet serving janamesa.com.br.testing SMARTY: rendering template order/basis/menu.htm 
2012-09-02T17:06:25+02:00 DEBUG (7): ydadmin-ThinkPad-X220-Tablet serving janamesa.com.br.testing SMARTY: caching /home/ydadmin/htdocs/lieferando/application/../public/cache/html/www.yourdelivery.local/servico-de-entrega-funny-pizzas-sao-paulo.html 
2012-09-02T17:06:30+02:00 DEBUG (7): ydadmin-ThinkPad-X220-Tablet serving janamesa.com.br.testing SMARTY: rendering template request/order/callmeal.htm 
2012-09-02T17:06:30+02:00 DEBUG (7): ydadmin-ThinkPad-X220-Tablet serving janamesa.com.br.testing SMARTY: caching /home/ydadmin/htdocs/lieferando/application/../public/cache/html/www.yourdelivery.local/request_order/callmeal/id/36791/size/4388/update/1.html 
2012-09-02T17:09:06+02:00 DEBUG (7): ydadmin-ThinkPad-X220-Tablet serving janamesa.com.br.testing SMARTY: rendering template order/basis/menu.htm 
2012-09-02T17:09:07+02:00 DEBUG (7): ydadmin-ThinkPad-X220-Tablet serving janamesa.com.br.testing SMARTY: caching /home/ydadmin/htdocs/lieferando/application/../public/cache/html/www.yourdelivery.local/servico-de-entrega-funny-pizzas-sao-paulo.html 
2012-09-02T17:09:22+02:00 DEBUG (7): ydadmin-ThinkPad-X220-Tablet serving janamesa.com.br.testing SMARTY: rendering template request/order/callmeal.htm 
2012-09-02T17:09:22+02:00 DEBUG (7): ydadmin-ThinkPad-X220-Tablet serving janamesa.com.br.testing SMARTY: caching /home/ydadmin/htdocs/lieferando/application/../public/cache/html/www.yourdelivery.local/request_order/callmeal/id/36791/size/0/update/false.html 
2012-09-02T17:11:44+02:00 DEBUG (7): ydadmin-ThinkPad-X220-Tablet serving janamesa.com.br.testing SMARTY: rendering template order/basis/menu.htm 
2012-09-02T17:11:46+02:00 DEBUG (7): ydadmin-ThinkPad-X220-Tablet serving janamesa.com.br.testing SMARTY: caching /home/ydadmin/htdocs/lieferando/application/../public/cache/html/www.yourdelivery.local/servico-de-entrega-funny-pizzas-sao-paulo.html 
2012-09-02T17:12:00+02:00 DEBUG (7): ydadmin-ThinkPad-X220-Tablet serving janamesa.com.br.testing SMARTY: rendering template request/order/callmeal.htm 
2012-09-02T17:12:00+02:00 DEBUG (7): ydadmin-ThinkPad-X220-Tablet serving janamesa.com.br.testing SMARTY: caching /home/ydadmin/htdocs/lieferando/application/../public/cache/html/www.yourdelivery.local/request_order/callmeal/id/36791/size/0/update/false.html 
2012-09-02T17:15:37+02:00 DEBUG (7): ydadmin-ThinkPad-X220-Tablet serving janamesa.com.br.testing SMARTY: rendering template order/basis/menu.htm 
2012-09-02T17:15:38+02:00 DEBUG (7): ydadmin-ThinkPad-X220-Tablet serving janamesa.com.br.testing SMARTY: caching /home/ydadmin/htdocs/lieferando/application/../public/cache/html/www.yourdelivery.local/servico-de-entrega-funny-pizzas-sao-paulo.html 
2012-09-02T17:15:52+02:00 DEBUG (7): ydadmin-ThinkPad-X220-Tablet serving janamesa.com.br.testing SMARTY: rendering template request/order/callmeal.htm 
2012-09-02T17:15:52+02:00 DEBUG (7): ydadmin-ThinkPad-X220-Tablet serving janamesa.com.br.testing SMARTY: caching /home/ydadmin/htdocs/lieferando/application/../public/cache/html/www.yourdelivery.local/request_order/callmeal/id/36791/size/0/update/false.html 
2012-09-02T17:16:44+02:00 DEBUG (7): ydadmin-ThinkPad-X220-Tablet serving janamesa.com.br.testing SMARTY: rendering template request/order/callmeal.htm 
2012-09-02T17:16:44+02:00 DEBUG (7): ydadmin-ThinkPad-X220-Tablet serving janamesa.com.br.testing SMARTY: caching /home/ydadmin/htdocs/lieferando/application/../public/cache/html/www.yourdelivery.local/request_order/callmeal/id/36791/size/4388/update/1.html 
2012-09-02T20:09:00+02:00 DEBUG (7): ydadmin-ThinkPad-X220-Tablet serving janamesa.com.br.testing SMARTY: rendering template order/basis/menu.htm 
2012-09-02T20:09:02+02:00 DEBUG (7): ydadmin-ThinkPad-X220-Tablet serving janamesa.com.br.testing SMARTY: caching /home/ydadmin/htdocs/lieferando/application/../public/cache/html/www.yourdelivery.local/servico-de-entrega-funny-pizzas-sao-paulo.html 
2012-09-02T20:09:15+02:00 DEBUG (7): ydadmin-ThinkPad-X220-Tablet serving janamesa.com.br.testing SMARTY: rendering template request/order/callmeal.htm 
2012-09-02T20:09:15+02:00 DEBUG (7): ydadmin-ThinkPad-X220-Tablet serving janamesa.com.br.testing SMARTY: caching /home/ydadmin/htdocs/lieferando/application/../public/cache/html/www.yourdelivery.local/request_order/callmeal/id/36791/size/0/update/false.html 
2012-09-02T20:09:41+02:00 DEBUG (7): ydadmin-ThinkPad-X220-Tablet serving janamesa.com.br.testing SMARTY: rendering template request/order/callmeal.htm 
2012-09-02T20:09:41+02:00 DEBUG (7): ydadmin-ThinkPad-X220-Tablet serving janamesa.com.br.testing SMARTY: caching /home/ydadmin/htdocs/lieferando/application/../public/cache/html/www.yourdelivery.local/request_order/callmeal/id/36791/size/4388/update/1.html 
2012-09-02T20:11:40+02:00 DEBUG (7): ydadmin-ThinkPad-X220-Tablet serving janamesa.com.br.testing SMARTY: rendering template order/basis/menu.htm 
2012-09-02T20:11:41+02:00 DEBUG (7): ydadmin-ThinkPad-X220-Tablet serving janamesa.com.br.testing SMARTY: caching /home/ydadmin/htdocs/lieferando/application/../public/cache/html/www.yourdelivery.local/servico-de-entrega-funny-pizzas-sao-paulo.html 
2012-09-02T20:11:51+02:00 DEBUG (7): ydadmin-ThinkPad-X220-Tablet serving janamesa.com.br.testing SMARTY: rendering template request/order/callmeal.htm 
2012-09-02T20:11:52+02:00 DEBUG (7): ydadmin-ThinkPad-X220-Tablet serving janamesa.com.br.testing SMARTY: caching /home/ydadmin/htdocs/lieferando/application/../public/cache/html/www.yourdelivery.local/request_order/callmeal/id/36791/size/4388/update/1.html 
2012-09-02T20:12:15+02:00 INFO (6): ydadmin-ThinkPad-X220-Tablet serving janamesa.com.br.testing appending fallback verbose information to order via cityId 73486 
2012-09-02T20:12:16+02:00 DEBUG (7): ydadmin-ThinkPad-X220-Tablet serving janamesa.com.br.testing SMARTY: rendering template order/private/finish.htm 
2012-09-02T20:12:19+02:00 DEBUG (7): ydadmin-ThinkPad-X220-Tablet serving janamesa.com.br.testing SMARTY: rendering template request/service/openingtimeday.htm 
2012-09-02T20:12:29+02:00 INFO (6): ydadmin-ThinkPad-X220-Tablet serving janamesa.com.br.testing appending fallback verbose information to order via cityId 73486 
2012-09-02T20:12:30+02:00 INFO (6): ydadmin-ThinkPad-X220-Tablet serving janamesa.com.br.testing switching back to bar, no valid payment selected 
2012-09-02T20:12:30+02:00 DEBUG (7): ydadmin-ThinkPad-X220-Tablet serving janamesa.com.br.testing setting deliver time to 1346609550 based on day: 02.09.2012 time: sofort 
2012-09-02T20:12:30+02:00 DEBUG (7): ydadmin-ThinkPad-X220-Tablet serving janamesa.com.br.testing saved model Yourdelivery_Model_Order_Private with id #991 new data :: Array(    [customer] =>     [nr] => 38100280    [time] => 2012-09-02 20:12:30    [deliverTime] => 2012-09-02 20:12:30    [mode] => rest    [kind] => priv    [ident] => cCrevjTUuLVTr9vTTMeY    [cpf] =>     [serviceId] => 351    [restaurantId] => 351    [floor] => 0    [lift] =>     [currentPayment] => bar    [payment] => bar    [change] => 0    [total] => 4900    [courier] =>     [courierCost] => 0    [serviceDeliverCost] => 200    [charge] => 0    [contract] => 1    [ipAddr] => 127.0.0.1    [domain] => www.yourdelivery.local) 
2012-09-02T20:12:30+02:00 DEBUG (7): ydadmin-ThinkPad-X220-Tablet serving janamesa.com.br.testing saved model Yourdelivery_Model_Order_Deliverdelay with id #150 new data :: Array(    [serviceDeliverDelay] => 2700    [courierDeliverDelay] => 0    [orderId] => 991) 
2012-09-02T20:12:30+02:00 DEBUG (7): ydadmin-ThinkPad-X220-Tablet serving janamesa.com.br.testing found 10 points for action order 
2012-09-02T20:12:30+02:00 DEBUG (7): ydadmin-ThinkPad-X220-Tablet serving janamesa.com.br.testing saved model Yourdelivery_Model_Customer_FidelityTransaction with id #1647 new data :: Array(    [email] => naie@lieferando.de    [action] => order    [status] => 0    [points] => 10    [transactionData] => 991) 
2012-09-02T20:12:30+02:00 INFO (6): ydadmin-ThinkPad-X220-Tablet serving janamesa.com.br.testing successfully added 10 points to customer naie@lieferando.de for action order 
2012-09-02T20:12:30+02:00 DEBUG (7): ydadmin-ThinkPad-X220-Tablet serving janamesa.com.br.testing CUSTOMER FIDELITY - cache cleared for transactionsfidelity65666812875e8232797613d8aa41808d 
2012-09-02T20:12:30+02:00 DEBUG (7): ydadmin-ThinkPad-X220-Tablet serving janamesa.com.br.testing CUSTOMER FIDELITY - cache cleared for open1fidelity65666812875e8232797613d8aa41808d 
2012-09-02T20:12:30+02:00 DEBUG (7): ydadmin-ThinkPad-X220-Tablet serving janamesa.com.br.testing CUSTOMER FIDELITY - cache cleared for open0fidelity65666812875e8232797613d8aa41808d 
2012-09-02T20:12:30+02:00 INFO (6): ydadmin-ThinkPad-X220-Tablet serving janamesa.com.br.testing customer #1346609549 rtzrtz rtrtzu sucessfully finished order #991 
2012-09-02T20:12:30+02:00 DEBUG (7): ydadmin-ThinkPad-X220-Tablet serving janamesa.com.br.testing Status Wechsel in Order Tabelle: #991 - alter Status: 0 - neuer Status: 0 
2012-09-02T20:12:30+02:00 DEBUG (7): ydadmin-ThinkPad-X220-Tablet serving janamesa.com.br.testing New order status entry id: 991, status: 0 
2012-09-02T20:12:30+02:00 DEBUG (7): ydadmin-ThinkPad-X220-Tablet serving janamesa.com.br.testing updating model Default_Model_Base #1647 with modified data :: Array(    [email] => naie@lieferando.de    [transactionData] => 991    [status] => 0    [action] => order    [points] => 10    [updated] => 2012-09-02 20:12:30) 
2012-09-02T20:12:30+02:00 INFO (6): ydadmin-ThinkPad-X220-Tablet serving janamesa.com.br.testing successfully modifed transaction #1647 of customer naie@lieferando.de to status 0 
2012-09-02T20:12:30+02:00 DEBUG (7): ydadmin-ThinkPad-X220-Tablet serving janamesa.com.br.testing CUSTOMER FIDELITY - cache cleared for transactionsfidelity65666812875e8232797613d8aa41808d 
2012-09-02T20:12:30+02:00 DEBUG (7): ydadmin-ThinkPad-X220-Tablet serving janamesa.com.br.testing CUSTOMER FIDELITY - cache cleared for open1fidelity65666812875e8232797613d8aa41808d 
2012-09-02T20:12:30+02:00 DEBUG (7): ydadmin-ThinkPad-X220-Tablet serving janamesa.com.br.testing CUSTOMER FIDELITY - cache cleared for open0fidelity65666812875e8232797613d8aa41808d 
2012-09-02T20:12:30+02:00 DEBUG (7): ydadmin-ThinkPad-X220-Tablet serving janamesa.com.br.testing saved model Yourdelivery_Model_Order_Sendby with id #823 new data :: Array(    [orderId] => 991    [sendBy] => fax) 
2012-09-02T20:12:30+02:00 DEBUG (7): ydadmin-ThinkPad-X220-Tablet serving janamesa.com.br.testing Status Wechsel in Order Tabelle: #991 - alter Status: 0 - neuer Status: 0 
2012-09-02T20:12:30+02:00 DEBUG (7): ydadmin-ThinkPad-X220-Tablet serving janamesa.com.br.testing New order status entry id: 991, status: 0 
2012-09-02T20:12:30+02:00 DEBUG (7): ydadmin-ThinkPad-X220-Tablet serving janamesa.com.br.testing updating model Default_Model_Base #1647 with modified data :: Array(    [email] => naie@lieferando.de    [transactionData] => 991    [status] => 0    [action] => order    [points] => 10    [updated] => 2012-09-02 20:12:30) 
2012-09-02T20:12:30+02:00 INFO (6): ydadmin-ThinkPad-X220-Tablet serving janamesa.com.br.testing successfully modifed transaction #1647 of customer naie@lieferando.de to status 0 
2012-09-02T20:12:30+02:00 DEBUG (7): ydadmin-ThinkPad-X220-Tablet serving janamesa.com.br.testing CUSTOMER FIDELITY - cache cleared for transactionsfidelity65666812875e8232797613d8aa41808d 
2012-09-02T20:12:30+02:00 DEBUG (7): ydadmin-ThinkPad-X220-Tablet serving janamesa.com.br.testing CUSTOMER FIDELITY - cache cleared for open1fidelity65666812875e8232797613d8aa41808d 
2012-09-02T20:12:30+02:00 DEBUG (7): ydadmin-ThinkPad-X220-Tablet serving janamesa.com.br.testing CUSTOMER FIDELITY - cache cleared for open0fidelity65666812875e8232797613d8aa41808d 
2012-09-02T20:12:30+02:00 DEBUG (7): ydadmin-ThinkPad-X220-Tablet serving janamesa.com.br.testing order pdf for order 991 does not exists yet, generating and returning 
2012-09-02T20:12:31+02:00 INFO (6): ydadmin-ThinkPad-X220-Tablet serving janamesa.com.br.testing RETARUS: succesfully send out fax 991-ordersheet-restaurant.pdf to 0123 
2012-09-02T20:12:32+02:00 DEBUG (7): ydadmin-ThinkPad-X220-Tablet serving janamesa.com.br.testing SMARTY: rendering template order/private/success.htm 
2012-09-02T20:12:33+02:00 DEBUG (7): ydadmin-ThinkPad-X220-Tablet serving janamesa.com.br.testing found 10 points for action order 
2012-09-02T20:12:33+02:00 DEBUG (7): ydadmin-ThinkPad-X220-Tablet serving janamesa.com.br.testing found 20 points for action register 
2012-09-02T20:12:33+02:00 DEBUG (7): ydadmin-ThinkPad-X220-Tablet serving janamesa.com.br.testing found 5 points for action registeraftersale 
2012-09-02T20:12:33+02:00 DEBUG (7): ydadmin-ThinkPad-X220-Tablet serving janamesa.com.br.testing found 10 points for action order 
2012-09-02T20:12:33+02:00 DEBUG (7): ydadmin-ThinkPad-X220-Tablet serving janamesa.com.br.testing found 20 points for action register 
2012-09-02T20:12:33+02:00 DEBUG (7): ydadmin-ThinkPad-X220-Tablet serving janamesa.com.br.testing found 5 points for action registeraftersale 
2012-09-02T20:13:33+02:00 DEBUG (7): ydadmin-ThinkPad-X220-Tablet serving janamesa.com.br.testing SMARTY: rendering template order/private/success.htm 
2012-09-02T20:13:33+02:00 DEBUG (7): ydadmin-ThinkPad-X220-Tablet serving janamesa.com.br.testing found 10 points for action order 
2012-09-02T20:13:33+02:00 DEBUG (7): ydadmin-ThinkPad-X220-Tablet serving janamesa.com.br.testing found 20 points for action register 
2012-09-02T20:13:33+02:00 DEBUG (7): ydadmin-ThinkPad-X220-Tablet serving janamesa.com.br.testing found 5 points for action registeraftersale 
2012-09-02T20:13:33+02:00 DEBUG (7): ydadmin-ThinkPad-X220-Tablet serving janamesa.com.br.testing found 10 points for action order 
2012-09-02T20:13:33+02:00 DEBUG (7): ydadmin-ThinkPad-X220-Tablet serving janamesa.com.br.testing found 20 points for action register 
2012-09-02T20:13:33+02:00 DEBUG (7): ydadmin-ThinkPad-X220-Tablet serving janamesa.com.br.testing found 5 points for action registeraftersale 
2012-09-02T20:13:46+02:00 DEBUG (7): ydadmin-ThinkPad-X220-Tablet serving janamesa.com.br.testing SMARTY: rendering template order/basis/menu.htm 
2012-09-02T20:13:48+02:00 DEBUG (7): ydadmin-ThinkPad-X220-Tablet serving janamesa.com.br.testing SMARTY: caching /home/ydadmin/htdocs/lieferando/application/../public/cache/html/www.yourdelivery.local/servico-de-entrega-funny-pizzas-sao-paulo.html 
2012-09-02T20:14:00+02:00 DEBUG (7): ydadmin-ThinkPad-X220-Tablet serving janamesa.com.br.testing SMARTY: rendering template request/order/callmeal.htm 
2012-09-02T20:14:01+02:00 DEBUG (7): ydadmin-ThinkPad-X220-Tablet serving janamesa.com.br.testing SMARTY: caching /home/ydadmin/htdocs/lieferando/application/../public/cache/html/www.yourdelivery.local/request_order/callmeal/id/36791/size/0/update/false.html 
2012-09-02T20:26:52+02:00 INFO (6): ydadmin-ThinkPad-X220-Tablet serving janamesa.com.br.testing appending fallback verbose information to order via cityId 73486 
2012-09-02T20:26:52+02:00 DEBUG (7): ydadmin-ThinkPad-X220-Tablet serving janamesa.com.br.testing SMARTY: rendering template order/private/finish.htm 
2012-09-02T20:26:55+02:00 DEBUG (7): ydadmin-ThinkPad-X220-Tablet serving janamesa.com.br.testing SMARTY: rendering template request/service/openingtimeday.htm 
2012-09-02T20:27:11+02:00 INFO (6): ydadmin-ThinkPad-X220-Tablet serving janamesa.com.br.testing appending fallback verbose information to order via cityId 73486 
2012-09-02T20:27:11+02:00 INFO (6): ydadmin-ThinkPad-X220-Tablet serving janamesa.com.br.testing switching back to bar, no valid payment selected 
2012-09-02T20:27:11+02:00 DEBUG (7): ydadmin-ThinkPad-X220-Tablet serving janamesa.com.br.testing setting deliver time to sofort based on day: 02.09.2012 time: sofort 
2012-09-02T20:27:11+02:00 DEBUG (7): ydadmin-ThinkPad-X220-Tablet serving janamesa.com.br.testing saved model Yourdelivery_Model_Order_Private with id #992 new data :: Array(    [customer] =>     [nr] => 42802458    [time] => 2012-09-02 20:27:11    [deliverTime] => 2012-09-02 20:27:11    [mode] => rest    [kind] => priv    [ident] => ByeMFLvDa0KklEsfWtcR    [cpf] =>     [serviceId] => 351    [restaurantId] => 351    [floor] => 0    [lift] =>     [currentPayment] => bar    [payment] => bar    [change] => 0    [total] => 4100    [courier] =>     [courierCost] => 0    [serviceDeliverCost] => 200    [charge] => 0    [contract] => 1    [ipAddr] => 127.0.0.1    [domain] => www.yourdelivery.local) 
2012-09-02T20:27:11+02:00 DEBUG (7): ydadmin-ThinkPad-X220-Tablet serving janamesa.com.br.testing saved model Yourdelivery_Model_Order_Deliverdelay with id #151 new data :: Array(    [serviceDeliverDelay] => 2700    [courierDeliverDelay] => 0    [orderId] => 992) 
2012-09-02T20:27:11+02:00 DEBUG (7): ydadmin-ThinkPad-X220-Tablet serving janamesa.com.br.testing found 10 points for action order 
2012-09-02T20:27:11+02:00 DEBUG (7): ydadmin-ThinkPad-X220-Tablet serving janamesa.com.br.testing saved model Yourdelivery_Model_Customer_FidelityTransaction with id #1648 new data :: Array(    [email] => naie@lieferando.de    [action] => order    [status] => 0    [points] => 10    [transactionData] => 992) 
2012-09-02T20:27:11+02:00 INFO (6): ydadmin-ThinkPad-X220-Tablet serving janamesa.com.br.testing successfully added 10 points to customer naie@lieferando.de for action order 
2012-09-02T20:27:11+02:00 DEBUG (7): ydadmin-ThinkPad-X220-Tablet serving janamesa.com.br.testing CUSTOMER FIDELITY - cache cleared for transactionsfidelity65666812875e8232797613d8aa41808d 
2012-09-02T20:27:11+02:00 DEBUG (7): ydadmin-ThinkPad-X220-Tablet serving janamesa.com.br.testing CUSTOMER FIDELITY - cache cleared for open1fidelity65666812875e8232797613d8aa41808d 
2012-09-02T20:27:11+02:00 DEBUG (7): ydadmin-ThinkPad-X220-Tablet serving janamesa.com.br.testing CUSTOMER FIDELITY - cache cleared for open0fidelity65666812875e8232797613d8aa41808d 
2012-09-02T20:27:12+02:00 INFO (6): ydadmin-ThinkPad-X220-Tablet serving janamesa.com.br.testing customer #1346610431 rtzrtz rtrtzu sucessfully finished order #992 
2012-09-02T20:27:12+02:00 DEBUG (7): ydadmin-ThinkPad-X220-Tablet serving janamesa.com.br.testing Status Wechsel in Order Tabelle: #992 - alter Status: 0 - neuer Status: 0 
2012-09-02T20:27:12+02:00 DEBUG (7): ydadmin-ThinkPad-X220-Tablet serving janamesa.com.br.testing New order status entry id: 992, status: 0 
2012-09-02T20:27:12+02:00 DEBUG (7): ydadmin-ThinkPad-X220-Tablet serving janamesa.com.br.testing updating model Default_Model_Base #1648 with modified data :: Array(    [email] => naie@lieferando.de    [transactionData] => 992    [status] => 0    [action] => order    [points] => 10    [updated] => 2012-09-02 20:27:12) 
2012-09-02T20:27:12+02:00 INFO (6): ydadmin-ThinkPad-X220-Tablet serving janamesa.com.br.testing successfully modifed transaction #1648 of customer naie@lieferando.de to status 0 
2012-09-02T20:27:12+02:00 DEBUG (7): ydadmin-ThinkPad-X220-Tablet serving janamesa.com.br.testing CUSTOMER FIDELITY - cache cleared for transactionsfidelity65666812875e8232797613d8aa41808d 
2012-09-02T20:27:12+02:00 DEBUG (7): ydadmin-ThinkPad-X220-Tablet serving janamesa.com.br.testing CUSTOMER FIDELITY - cache cleared for open1fidelity65666812875e8232797613d8aa41808d 
2012-09-02T20:27:12+02:00 DEBUG (7): ydadmin-ThinkPad-X220-Tablet serving janamesa.com.br.testing CUSTOMER FIDELITY - cache cleared for open0fidelity65666812875e8232797613d8aa41808d 
2012-09-02T20:27:12+02:00 DEBUG (7): ydadmin-ThinkPad-X220-Tablet serving janamesa.com.br.testing saved model Yourdelivery_Model_Order_Sendby with id #824 new data :: Array(    [orderId] => 992    [sendBy] => fax) 
2012-09-02T20:27:12+02:00 DEBUG (7): ydadmin-ThinkPad-X220-Tablet serving janamesa.com.br.testing Status Wechsel in Order Tabelle: #992 - alter Status: 0 - neuer Status: 0 
2012-09-02T20:27:12+02:00 DEBUG (7): ydadmin-ThinkPad-X220-Tablet serving janamesa.com.br.testing New order status entry id: 992, status: 0 
2012-09-02T20:27:12+02:00 DEBUG (7): ydadmin-ThinkPad-X220-Tablet serving janamesa.com.br.testing updating model Default_Model_Base #1648 with modified data :: Array(    [email] => naie@lieferando.de    [transactionData] => 992    [status] => 0    [action] => order    [points] => 10    [updated] => 2012-09-02 20:27:12) 
2012-09-02T20:27:12+02:00 INFO (6): ydadmin-ThinkPad-X220-Tablet serving janamesa.com.br.testing successfully modifed transaction #1648 of customer naie@lieferando.de to status 0 
2012-09-02T20:27:12+02:00 DEBUG (7): ydadmin-ThinkPad-X220-Tablet serving janamesa.com.br.testing CUSTOMER FIDELITY - cache cleared for transactionsfidelity65666812875e8232797613d8aa41808d 
2012-09-02T20:27:12+02:00 DEBUG (7): ydadmin-ThinkPad-X220-Tablet serving janamesa.com.br.testing CUSTOMER FIDELITY - cache cleared for open1fidelity65666812875e8232797613d8aa41808d 
2012-09-02T20:27:12+02:00 DEBUG (7): ydadmin-ThinkPad-X220-Tablet serving janamesa.com.br.testing CUSTOMER FIDELITY - cache cleared for open0fidelity65666812875e8232797613d8aa41808d 
2012-09-02T20:27:12+02:00 DEBUG (7): ydadmin-ThinkPad-X220-Tablet serving janamesa.com.br.testing order pdf for order 992 does not exists yet, generating and returning 
2012-09-02T20:27:18+02:00 INFO (6): ydadmin-ThinkPad-X220-Tablet serving janamesa.com.br.testing RETARUS: succesfully send out fax 992-ordersheet-restaurant.pdf to 0123 
2012-09-02T20:27:18+02:00 DEBUG (7): ydadmin-ThinkPad-X220-Tablet serving janamesa.com.br.testing SMARTY: rendering template order/private/success.htm 
2012-09-02T20:27:19+02:00 DEBUG (7): ydadmin-ThinkPad-X220-Tablet serving janamesa.com.br.testing found 10 points for action order 
2012-09-02T20:27:19+02:00 DEBUG (7): ydadmin-ThinkPad-X220-Tablet serving janamesa.com.br.testing found 20 points for action register 
2012-09-02T20:27:19+02:00 DEBUG (7): ydadmin-ThinkPad-X220-Tablet serving janamesa.com.br.testing found 5 points for action registeraftersale 
2012-09-02T20:27:19+02:00 DEBUG (7): ydadmin-ThinkPad-X220-Tablet serving janamesa.com.br.testing found 10 points for action order 
2012-09-02T20:27:19+02:00 DEBUG (7): ydadmin-ThinkPad-X220-Tablet serving janamesa.com.br.testing found 20 points for action register 
2012-09-02T20:27:19+02:00 DEBUG (7): ydadmin-ThinkPad-X220-Tablet serving janamesa.com.br.testing found 5 points for action registeraftersale 
