2012-07-05T04:37:11-03:00 DEBUG (7): ydadmin-ThinkPad-X220-Tablet serving janamesa.com.br.testing SMARTY: did not find template administration/login.htm in janamesa.com.br layout, switching successfully back to default 
2012-07-05T04:37:11-03:00 DEBUG (7): ydadmin-ThinkPad-X220-Tablet serving janamesa.com.br.testing SMARTY: rendering template administration/login.htm 
2012-07-05T09:58:07-03:00 DEBUG (7): ydadmin-ThinkPad-X220-Tablet serving janamesa.com.br.testing SMARTY: did not find template index/index.htm in janamesa.com.br layout, switching successfully back to default 
2012-07-05T09:58:07-03:00 DEBUG (7): ydadmin-ThinkPad-X220-Tablet serving janamesa.com.br.testing SMARTY: rendering template index/index.htm 
2012-07-05T09:58:08-03:00 DEBUG (7): ydadmin-ThinkPad-X220-Tablet serving janamesa.com.br.testing SMARTY: caching /home/ydadmin/htdocs/lieferando/application/../public/cache/html/www.yourdelivery.local/index.html 
2012-07-05T09:58:58-03:00 DEBUG (7): ydadmin-ThinkPad-X220-Tablet serving janamesa.com.br.testing SMARTY: did not find template index/index.htm in janamesa.com.br layout, switching successfully back to default 
2012-07-05T09:58:58-03:00 DEBUG (7): ydadmin-ThinkPad-X220-Tablet serving janamesa.com.br.testing SMARTY: rendering template index/index.htm 
2012-07-05T09:58:59-03:00 DEBUG (7): ydadmin-ThinkPad-X220-Tablet serving janamesa.com.br.testing SMARTY: caching /home/ydadmin/htdocs/lieferando/application/../public/cache/html/www.yourdelivery.local/index.html 
2012-07-05T09:59:39-03:00 DEBUG (7): ydadmin-ThinkPad-X220-Tablet serving janamesa.com.br.testing SMARTY: did not find template index/index.htm in janamesa.com.br layout, switching successfully back to default 
2012-07-05T09:59:39-03:00 DEBUG (7): ydadmin-ThinkPad-X220-Tablet serving janamesa.com.br.testing SMARTY: rendering template index/index.htm 
2012-07-05T09:59:39-03:00 DEBUG (7): ydadmin-ThinkPad-X220-Tablet serving janamesa.com.br.testing SMARTY: caching /home/ydadmin/htdocs/lieferando/application/../public/cache/html/www.yourdelivery.local/index.html 
2012-07-05T09:59:56-03:00 INFO (6): ydadmin-ThinkPad-X220-Tablet serving janamesa.com.br.testing found 24 online and 1 offline services in #23261 
2012-07-05T09:59:56-03:00 DEBUG (7): ydadmin-ThinkPad-X220-Tablet serving janamesa.com.br.testing SMARTY: rendering template order/basis/service.htm 
2012-07-05T09:59:59-03:00 DEBUG (7): ydadmin-ThinkPad-X220-Tablet serving janamesa.com.br.testing SMARTY: caching /home/ydadmin/htdocs/lieferando/application/../public/cache/html/www.yourdelivery.local/servico-de-entrega-sao-paulo-01305-000.html 
2012-07-05T10:02:08-03:00 INFO (6): ydadmin-ThinkPad-X220-Tablet serving janamesa.com.br.testing found 24 online and 1 offline services in #23261 
2012-07-05T10:02:08-03:00 DEBUG (7): ydadmin-ThinkPad-X220-Tablet serving janamesa.com.br.testing SMARTY: rendering template order/basis/service.htm 
2012-07-05T10:02:12-03:00 DEBUG (7): ydadmin-ThinkPad-X220-Tablet serving janamesa.com.br.testing SMARTY: caching /home/ydadmin/htdocs/lieferando/application/../public/cache/html/www.yourdelivery.local/servico-de-entrega-sao-paulo-01305-000.html 
2012-07-05T10:02:27-03:00 DEBUG (7): ydadmin-ThinkPad-X220-Tablet serving janamesa.com.br.testing SMARTY: did not find template request/order/serviceinfo.htm in janamesa.com.br layout, switching successfully back to default 
2012-07-05T10:02:27-03:00 DEBUG (7): ydadmin-ThinkPad-X220-Tablet serving janamesa.com.br.testing SMARTY: rendering template request/order/serviceinfo.htm 
2012-07-05T10:02:27-03:00 DEBUG (7): ydadmin-ThinkPad-X220-Tablet serving janamesa.com.br.testing SMARTY: caching /home/ydadmin/htdocs/lieferando/application/../public/cache/html/www.yourdelivery.local/request_order/serviceinfo/id/111.html 
2012-07-05T10:05:22-03:00 INFO (6): ydadmin-ThinkPad-X220-Tablet serving janamesa.com.br.testing found 24 online and 1 offline services in #23261 
2012-07-05T10:05:22-03:00 DEBUG (7): ydadmin-ThinkPad-X220-Tablet serving janamesa.com.br.testing SMARTY: rendering template order/basis/service.htm 
2012-07-05T10:05:23-03:00 DEBUG (7): ydadmin-ThinkPad-X220-Tablet serving janamesa.com.br.testing SMARTY: caching /home/ydadmin/htdocs/lieferando/application/../public/cache/html/www.yourdelivery.local/servico-de-entrega-sao-paulo-01305-000.html 
2012-07-05T10:06:00-03:00 DEBUG (7): ydadmin-ThinkPad-X220-Tablet serving janamesa.com.br.testing SMARTY: did not find template request/order/serviceinfo.htm in janamesa.com.br layout, switching successfully back to default 
2012-07-05T10:06:00-03:00 DEBUG (7): ydadmin-ThinkPad-X220-Tablet serving janamesa.com.br.testing SMARTY: rendering template request/order/serviceinfo.htm 
2012-07-05T10:06:00-03:00 DEBUG (7): ydadmin-ThinkPad-X220-Tablet serving janamesa.com.br.testing SMARTY: caching /home/ydadmin/htdocs/lieferando/application/../public/cache/html/www.yourdelivery.local/request_order/serviceinfo/id/111.html 
2012-07-05T11:24:19-03:00 DEBUG (7): ydadmin-ThinkPad-X220-Tablet serving janamesa.com.br.testing SMARTY: did not find template index/index.htm in janamesa.com.br layout, switching successfully back to default 
2012-07-05T11:24:19-03:00 DEBUG (7): ydadmin-ThinkPad-X220-Tablet serving janamesa.com.br.testing SMARTY: rendering template index/index.htm 
2012-07-05T11:24:19-03:00 DEBUG (7): ydadmin-ThinkPad-X220-Tablet serving janamesa.com.br.testing SMARTY: caching /home/ydadmin/htdocs/lieferando/application/../public/cache/html/www.yourdelivery.local/index.html 
2012-07-05T11:46:12-03:00 DEBUG (7): ydadmin-ThinkPad-X220-Tablet serving janamesa.com.br.testing SMARTY: did not find template index/index.htm in janamesa.com.br layout, switching successfully back to default 
2012-07-05T11:46:12-03:00 DEBUG (7): ydadmin-ThinkPad-X220-Tablet serving janamesa.com.br.testing SMARTY: rendering template index/index.htm 
2012-07-05T12:05:26-03:00 DEBUG (7): ydadmin-ThinkPad-X220-Tablet serving janamesa.com.br.testing SMARTY: did not find template index/index.htm in janamesa.com.br layout, switching successfully back to default 
2012-07-05T12:05:26-03:00 DEBUG (7): ydadmin-ThinkPad-X220-Tablet serving janamesa.com.br.testing SMARTY: rendering template index/index.htm 
2012-07-05T12:06:16-03:00 DEBUG (7): ydadmin-ThinkPad-X220-Tablet serving janamesa.com.br.testing SMARTY: did not find template index/index.htm in janamesa.com.br layout, switching successfully back to default 
2012-07-05T12:06:16-03:00 DEBUG (7): ydadmin-ThinkPad-X220-Tablet serving janamesa.com.br.testing SMARTY: rendering template index/index.htm 
2012-07-05T12:06:16-03:00 DEBUG (7): ydadmin-ThinkPad-X220-Tablet serving janamesa.com.br.testing SMARTY: caching /home/ydadmin/htdocs/lieferando/application/../public/cache/html/www.yourdelivery.local/index.html 
2012-07-05T12:08:50-03:00 DEBUG (7): ydadmin-ThinkPad-X220-Tablet serving janamesa.com.br.testing SMARTY: did not find template index/index.htm in janamesa.com.br layout, switching successfully back to default 
2012-07-05T12:08:50-03:00 DEBUG (7): ydadmin-ThinkPad-X220-Tablet serving janamesa.com.br.testing SMARTY: rendering template index/index.htm 
2012-07-05T12:08:50-03:00 DEBUG (7): ydadmin-ThinkPad-X220-Tablet serving janamesa.com.br.testing SMARTY: caching /home/ydadmin/htdocs/lieferando/application/../public/cache/html/www.yourdelivery.local/index.html 
2012-07-05T12:12:50-03:00 DEBUG (7): ydadmin-ThinkPad-X220-Tablet serving janamesa.com.br.testing SMARTY: did not find template index/index.htm in janamesa.com.br layout, switching successfully back to default 
2012-07-05T12:12:50-03:00 DEBUG (7): ydadmin-ThinkPad-X220-Tablet serving janamesa.com.br.testing SMARTY: rendering template index/index.htm 
2012-07-05T12:12:51-03:00 DEBUG (7): ydadmin-ThinkPad-X220-Tablet serving janamesa.com.br.testing SMARTY: caching /home/ydadmin/htdocs/lieferando/application/../public/cache/html/www.yourdelivery.local/index.html 
2012-07-05T12:14:25-03:00 DEBUG (7): ydadmin-ThinkPad-X220-Tablet serving janamesa.com.br.testing SMARTY: did not find template index/index.htm in janamesa.com.br layout, switching successfully back to default 
2012-07-05T12:14:25-03:00 DEBUG (7): ydadmin-ThinkPad-X220-Tablet serving janamesa.com.br.testing SMARTY: rendering template index/index.htm 
2012-07-05T12:14:25-03:00 DEBUG (7): ydadmin-ThinkPad-X220-Tablet serving janamesa.com.br.testing SMARTY: caching /home/ydadmin/htdocs/lieferando/application/../public/cache/html/www.yourdelivery.local/index.html 
2012-07-05T12:39:02-03:00 DEBUG (7): ydadmin-ThinkPad-X220-Tablet serving janamesa.com.br.testing SMARTY: did not find template index/index.htm in janamesa.com.br layout, switching successfully back to default 
2012-07-05T12:39:02-03:00 DEBUG (7): ydadmin-ThinkPad-X220-Tablet serving janamesa.com.br.testing SMARTY: rendering template index/index.htm 
2012-07-05T12:39:03-03:00 DEBUG (7): ydadmin-ThinkPad-X220-Tablet serving janamesa.com.br.testing SMARTY: caching /home/ydadmin/htdocs/lieferando/application/../public/cache/html/www.yourdelivery.local/index.html 
2012-07-05T12:57:16-03:00 DEBUG (7): ydadmin-ThinkPad-X220-Tablet serving janamesa.com.br.testing SMARTY: did not find template index/index.htm in janamesa.com.br layout, switching successfully back to default 
2012-07-05T12:57:16-03:00 DEBUG (7): ydadmin-ThinkPad-X220-Tablet serving janamesa.com.br.testing SMARTY: rendering template index/index.htm 
2012-07-05T12:57:17-03:00 DEBUG (7): ydadmin-ThinkPad-X220-Tablet serving janamesa.com.br.testing SMARTY: caching /home/ydadmin/htdocs/lieferando/application/../public/cache/html/www.yourdelivery.local/index.html 
2012-07-05T12:58:34-03:00 DEBUG (7): ydadmin-ThinkPad-X220-Tablet serving janamesa.com.br.testing SMARTY: did not find template index/index.htm in janamesa.com.br layout, switching successfully back to default 
2012-07-05T12:58:34-03:00 DEBUG (7): ydadmin-ThinkPad-X220-Tablet serving janamesa.com.br.testing SMARTY: rendering template index/index.htm 
2012-07-05T12:58:34-03:00 DEBUG (7): ydadmin-ThinkPad-X220-Tablet serving janamesa.com.br.testing SMARTY: caching /home/ydadmin/htdocs/lieferando/application/../public/cache/html/www.yourdelivery.local/index.html 
2012-07-05T12:59:01-03:00 DEBUG (7): ydadmin-ThinkPad-X220-Tablet serving janamesa.com.br.testing SMARTY: did not find template index/index.htm in janamesa.com.br layout, switching successfully back to default 
2012-07-05T12:59:01-03:00 DEBUG (7): ydadmin-ThinkPad-X220-Tablet serving janamesa.com.br.testing SMARTY: rendering template index/index.htm 
2012-07-05T12:59:02-03:00 DEBUG (7): ydadmin-ThinkPad-X220-Tablet serving janamesa.com.br.testing SMARTY: caching /home/ydadmin/htdocs/lieferando/application/../public/cache/html/www.yourdelivery.local/index.html 
2012-07-05T12:59:57-03:00 DEBUG (7): ydadmin-ThinkPad-X220-Tablet serving janamesa.com.br.testing SMARTY: did not find template index/index.htm in janamesa.com.br layout, switching successfully back to default 
2012-07-05T12:59:57-03:00 DEBUG (7): ydadmin-ThinkPad-X220-Tablet serving janamesa.com.br.testing SMARTY: rendering template index/index.htm 
2012-07-05T12:59:58-03:00 DEBUG (7): ydadmin-ThinkPad-X220-Tablet serving janamesa.com.br.testing SMARTY: caching /home/ydadmin/htdocs/lieferando/application/../public/cache/html/www.yourdelivery.local/index.html 
2012-07-05T13:04:07-03:00 DEBUG (7): ydadmin-ThinkPad-X220-Tablet serving janamesa.com.br.testing SMARTY: did not find template index/index.htm in janamesa.com.br layout, switching successfully back to default 
2012-07-05T13:04:07-03:00 DEBUG (7): ydadmin-ThinkPad-X220-Tablet serving janamesa.com.br.testing SMARTY: rendering template index/index.htm 
2012-07-05T13:04:07-03:00 DEBUG (7): ydadmin-ThinkPad-X220-Tablet serving janamesa.com.br.testing SMARTY: caching /home/ydadmin/htdocs/lieferando/application/../public/cache/html/www.yourdelivery.local/index.html 
2012-07-05T13:06:27-03:00 DEBUG (7): ydadmin-ThinkPad-X220-Tablet serving janamesa.com.br.testing SMARTY: did not find template index/index.htm in janamesa.com.br layout, switching successfully back to default 
2012-07-05T13:06:27-03:00 DEBUG (7): ydadmin-ThinkPad-X220-Tablet serving janamesa.com.br.testing SMARTY: rendering template index/index.htm 
2012-07-05T13:06:28-03:00 DEBUG (7): ydadmin-ThinkPad-X220-Tablet serving janamesa.com.br.testing SMARTY: caching /home/ydadmin/htdocs/lieferando/application/../public/cache/html/www.yourdelivery.local/index.html 
2012-07-05T13:06:52-03:00 DEBUG (7): ydadmin-ThinkPad-X220-Tablet serving janamesa.com.br.testing SMARTY: did not find template index/index.htm in janamesa.com.br layout, switching successfully back to default 
2012-07-05T13:06:52-03:00 DEBUG (7): ydadmin-ThinkPad-X220-Tablet serving janamesa.com.br.testing SMARTY: rendering template index/index.htm 
2012-07-05T13:06:53-03:00 DEBUG (7): ydadmin-ThinkPad-X220-Tablet serving janamesa.com.br.testing SMARTY: caching /home/ydadmin/htdocs/lieferando/application/../public/cache/html/www.yourdelivery.local/index.html 
