2012-10-17T17:01:50+02:00 DEBUG (7): ydadmin-ThinkPad-X220-Tablet serving lieferando.de.testing SMARTY: rendering template administration/login.htm 
2012-10-17T17:01:53+02:00 INFO (6): ydadmin-ThinkPad-X220-Tablet serving lieferando.de.testing Successfully loggged in admin #Supporter Jens Naie (417) 
2012-10-17T17:01:53+02:00 DEBUG (7): ydadmin-ThinkPad-X220-Tablet serving lieferando.de.testing SMARTY: rendering template administration/dashboard.htm 
2012-10-17T17:02:07+02:00 DEBUG (7): ydadmin-ThinkPad-X220-Tablet serving lieferando.de.testing SMARTY: rendering template administration/region/index.htm 
2012-10-17T17:02:17+02:00 DEBUG (7): ydadmin-ThinkPad-X220-Tablet serving lieferando.de.testing SMARTY: rendering template request/administration/region-phoneorder.htm 
2012-10-17T17:02:23+02:00 DEBUG (7): ydadmin-ThinkPad-X220-Tablet serving lieferando.de.testing SMARTY: rendering template request/administration/region-seo-text.htm 
2012-10-17T17:05:46+02:00 DEBUG (7): ydadmin-ThinkPad-X220-Tablet serving lieferando.de.testing SMARTY: rendering template request/administration/region-seo-text.htm 
2012-10-17T17:06:20+02:00 DEBUG (7): ydadmin-ThinkPad-X220-Tablet serving lieferando.de.testing SMARTY: rendering template request/administration/region-seo-text.htm 
2012-10-17T17:06:48+02:00 DEBUG (7): ydadmin-ThinkPad-X220-Tablet serving lieferando.de.testing SMARTY: rendering template request/administration/region-seo-text.htm 
2012-10-17T18:05:22+02:00 DEBUG (7): ydadmin-ThinkPad-X220-Tablet serving lieferando.de.testing saved model Yourdelivery_Model_Order_Private with id #1299645 new data :: Array(    [customer] =>     [nr] => 26309162    [time] => 2012-10-17 18:05:22    [deliverTime] => 2012-10-17 18:05:22    [mode] => rest    [kind] => priv    [ident] => syFU6sfpQVtaMvLjAdcJ    [serviceId] => 13454    [restaurantId] => 13454    [currentPayment] => bar    [payment] => bar    [total] => 770    [courier] =>     [courierCost] => 0    [serviceDeliverCost] => 100    [charge] => 0    [contract] => 1    [ipAddr] => 127.0.0.1    [domain] => www.yourdelivery.test) 
2012-10-17T18:05:22+02:00 DEBUG (7): ydadmin-ThinkPad-X220-Tablet serving lieferando.de.testing saved model Yourdelivery_Model_Order_Deliverdelay with id #43 new data :: Array(    [serviceDeliverDelay] => 2400    [courierDeliverDelay] => 0    [orderId] => 1299645) 
2012-10-17T18:05:23+02:00 DEBUG (7): ydadmin-ThinkPad-X220-Tablet serving lieferando.de.testing found 10 points for action order 
2012-10-17T18:05:23+02:00 DEBUG (7): ydadmin-ThinkPad-X220-Tablet serving lieferando.de.testing saved model Yourdelivery_Model_Customer_FidelityTransaction with id #1270765 new data :: Array(    [email] => jens@kybernaut.de    [action] => order    [status] => 0    [points] => 10    [transactionData] => 1299645) 
2012-10-17T18:05:23+02:00 INFO (6): ydadmin-ThinkPad-X220-Tablet serving lieferando.de.testing successfully added 10 points to customer jens@kybernaut.de for action order 
2012-10-17T18:05:23+02:00 DEBUG (7): ydadmin-ThinkPad-X220-Tablet serving lieferando.de.testing CUSTOMER FIDELITY - cache cleared for transactionsfidelitycc441939b71fcd085aecefc9c9494189 
2012-10-17T18:05:23+02:00 DEBUG (7): ydadmin-ThinkPad-X220-Tablet serving lieferando.de.testing CUSTOMER FIDELITY - cache cleared for open1fidelitycc441939b71fcd085aecefc9c9494189 
2012-10-17T18:05:23+02:00 DEBUG (7): ydadmin-ThinkPad-X220-Tablet serving lieferando.de.testing CUSTOMER FIDELITY - cache cleared for open0fidelitycc441939b71fcd085aecefc9c9494189 
2012-10-17T18:05:23+02:00 DEBUG (7): ydadmin-ThinkPad-X220-Tablet serving lieferando.de.testing Status Wechsel in Order Tabelle: #1299645 - alter Status: 0 - neuer Status: 0 
2012-10-17T18:05:23+02:00 DEBUG (7): ydadmin-ThinkPad-X220-Tablet serving lieferando.de.testing New order status entry id: 1299645, status: 0 
2012-10-17T18:05:23+02:00 DEBUG (7): ydadmin-ThinkPad-X220-Tablet serving lieferando.de.testing updating model Default_Model_Base #1270765 with modified data :: Array(    [email] => jens@kybernaut.de    [transactionData] => 1299645    [status] => 0    [action] => order    [points] => 10    [updated] => 2012-10-17 18:05:23) 
2012-10-17T18:05:23+02:00 INFO (6): ydadmin-ThinkPad-X220-Tablet serving lieferando.de.testing successfully modifed transaction #1270765 of customer jens@kybernaut.de to status 0 
2012-10-17T18:05:23+02:00 DEBUG (7): ydadmin-ThinkPad-X220-Tablet serving lieferando.de.testing CUSTOMER FIDELITY - cache cleared for transactionsfidelitycc441939b71fcd085aecefc9c9494189 
2012-10-17T18:05:23+02:00 DEBUG (7): ydadmin-ThinkPad-X220-Tablet serving lieferando.de.testing CUSTOMER FIDELITY - cache cleared for open1fidelitycc441939b71fcd085aecefc9c9494189 
2012-10-17T18:05:23+02:00 DEBUG (7): ydadmin-ThinkPad-X220-Tablet serving lieferando.de.testing CUSTOMER FIDELITY - cache cleared for open0fidelitycc441939b71fcd085aecefc9c9494189 
2012-10-17T18:05:23+02:00 INFO (6): ydadmin-ThinkPad-X220-Tablet serving lieferando.de.testing handlePartnerLocation: last status for order #1299645 is  
2012-10-17T18:05:23+02:00 INFO (6): ydadmin-ThinkPad-X220-Tablet serving lieferando.de.testing handlePartnerLocation: created new row #11 for order #1299645 
2012-10-17T18:05:23+02:00 DEBUG (7): ydadmin-ThinkPad-X220-Tablet serving lieferando.de.testing saved model Yourdelivery_Model_Order_Sendby with id #680364 new data :: Array(    [orderId] => 1299645    [sendBy] => fax) 
2012-10-17T18:05:23+02:00 INFO (6): ydadmin-ThinkPad-X220-Tablet serving lieferando.de.testing send order #1299645 using the synchronous way 
2012-10-17T18:05:23+02:00 DEBUG (7): ydadmin-ThinkPad-X220-Tablet serving lieferando.de.testing Status Wechsel in Order Tabelle: #1299645 - alter Status: 0 - neuer Status: 0 
2012-10-17T18:05:23+02:00 DEBUG (7): ydadmin-ThinkPad-X220-Tablet serving lieferando.de.testing New order status entry id: 1299645, status: 0 
2012-10-17T18:05:23+02:00 DEBUG (7): ydadmin-ThinkPad-X220-Tablet serving lieferando.de.testing updating model Default_Model_Base #1270765 with modified data :: Array(    [email] => jens@kybernaut.de    [transactionData] => 1299645    [status] => 0    [action] => order    [points] => 10    [updated] => 2012-10-17 18:05:23) 
2012-10-17T18:05:23+02:00 INFO (6): ydadmin-ThinkPad-X220-Tablet serving lieferando.de.testing successfully modifed transaction #1270765 of customer jens@kybernaut.de to status 0 
2012-10-17T18:05:23+02:00 DEBUG (7): ydadmin-ThinkPad-X220-Tablet serving lieferando.de.testing CUSTOMER FIDELITY - cache cleared for transactionsfidelitycc441939b71fcd085aecefc9c9494189 
2012-10-17T18:05:23+02:00 DEBUG (7): ydadmin-ThinkPad-X220-Tablet serving lieferando.de.testing CUSTOMER FIDELITY - cache cleared for open1fidelitycc441939b71fcd085aecefc9c9494189 
2012-10-17T18:05:23+02:00 DEBUG (7): ydadmin-ThinkPad-X220-Tablet serving lieferando.de.testing CUSTOMER FIDELITY - cache cleared for open0fidelitycc441939b71fcd085aecefc9c9494189 
2012-10-17T18:05:23+02:00 INFO (6): ydadmin-ThinkPad-X220-Tablet serving lieferando.de.testing handlePartnerLocation: last status for order #1299645 is Array 
2012-10-17T18:05:23+02:00 DEBUG (7): ydadmin-ThinkPad-X220-Tablet serving lieferando.de.testing order pdf for order 1299645 does not exists yet, generating and returning 
2012-10-17T18:05:24+02:00 INFO (6): ydadmin-ThinkPad-X220-Tablet serving lieferando.de.testing RETARUS: succesfully send out fax 1299645-ordersheet-restaurant.pdf to 05113889917 
2012-10-17T18:05:24+02:00 DEBUG (7): ydadmin-ThinkPad-X220-Tablet serving lieferando.de.testing saved model Yourdelivery_Model_Customer with id #258482 new data :: Array(    [name] => tzizuoi    [prename] => rtutzui    [email] => jens@kybernaut.de    [tel] => 0049546547    [password] => d41d8cd98f00b204e9800998ecf8427e) 
2012-10-17T18:05:24+02:00 DEBUG (7): ydadmin-ThinkPad-X220-Tablet serving lieferando.de.testing found 20 points for action register 
2012-10-17T18:05:24+02:00 DEBUG (7): ydadmin-ThinkPad-X220-Tablet serving lieferando.de.testing saved model Yourdelivery_Model_Customer_FidelityTransaction with id #1270766 new data :: Array(    [email] => jens@kybernaut.de    [action] => register    [status] => 0    [points] => 20    [transactionData] => 258482) 
2012-10-17T18:05:24+02:00 INFO (6): ydadmin-ThinkPad-X220-Tablet serving lieferando.de.testing successfully added 20 points to customer jens@kybernaut.de for action register 
2012-10-17T18:05:24+02:00 DEBUG (7): ydadmin-ThinkPad-X220-Tablet serving lieferando.de.testing CUSTOMER FIDELITY - cache cleared for transactionsfidelitycc441939b71fcd085aecefc9c9494189 
2012-10-17T18:05:24+02:00 DEBUG (7): ydadmin-ThinkPad-X220-Tablet serving lieferando.de.testing CUSTOMER FIDELITY - cache cleared for open1fidelitycc441939b71fcd085aecefc9c9494189 
2012-10-17T18:05:24+02:00 DEBUG (7): ydadmin-ThinkPad-X220-Tablet serving lieferando.de.testing CUSTOMER FIDELITY - cache cleared for open0fidelitycc441939b71fcd085aecefc9c9494189 
2012-10-17T18:05:24+02:00 INFO (6): ydadmin-ThinkPad-X220-Tablet serving lieferando.de.testing customer #258482 successfully registered, added 20 fidelity points 
2012-10-17T18:05:24+02:00 DEBUG (7): ydadmin-ThinkPad-X220-Tablet serving lieferando.de.testing saved model Yourdelivery_Model_Customer_FidelityTransaction with id #1270767 new data :: Array(    [email] => jens@kybernaut.de    [action] => registerafterphoneorder    [status] => 0    [points] => 20    [transactionData] => 258482) 
2012-10-17T18:05:24+02:00 INFO (6): ydadmin-ThinkPad-X220-Tablet serving lieferando.de.testing successfully added 20 points to customer jens@kybernaut.de for action registerafterphoneorder 
2012-10-17T18:05:24+02:00 DEBUG (7): ydadmin-ThinkPad-X220-Tablet serving lieferando.de.testing CUSTOMER FIDELITY - cache cleared for transactionsfidelitycc441939b71fcd085aecefc9c9494189 
2012-10-17T18:05:24+02:00 DEBUG (7): ydadmin-ThinkPad-X220-Tablet serving lieferando.de.testing CUSTOMER FIDELITY - cache cleared for open1fidelitycc441939b71fcd085aecefc9c9494189 
2012-10-17T18:05:24+02:00 DEBUG (7): ydadmin-ThinkPad-X220-Tablet serving lieferando.de.testing CUSTOMER FIDELITY - cache cleared for open0fidelitycc441939b71fcd085aecefc9c9494189 
2012-10-17T18:05:24+02:00 DEBUG (7): ydadmin-ThinkPad-X220-Tablet serving lieferando.de.testing saved model Yourdelivery_Model_Location with id #236462 new data :: Array(    [cityId] => 2154    [street] => zuoi    [hausnr] => 567    [tel] => 546547    [comment] =>     [customerId] => 258482    [primary] => 1    [plz] => 30159) 
2012-10-17T18:05:24+02:00 DEBUG (7): ydadmin-ThinkPad-X220-Tablet serving lieferando.de.testing updating model Default_Model_Base #258482 with modified data :: Array(    [title] => Herr/Frau    [name] => tzizuoi    [prename] => rtutzui    [email] => jens@kybernaut.de    [password] => afb2e7d9a39f42e0eb1ffcd6bb797e6e    [lang] => de    [sex] => n    [tel] => 0049546547    [privmail] =>     [autologin] => 0    [start] => 1    [lastlogin] => 0000-00-00 00:00:00    [countLogin] => 0    [deleted] => 0    [permanentDiscountId] =>     [ktoName] =>     [ktoNr] =>     [ktoBlz] =>     [updated] => 2012-10-17 18:05:24    [birthday] => 0000-00-00    [source] =>     [addition] =>     [facebookId] =>     [facebookPost] => 1    [profileImage] =>     [nickname] =>     [whitelist] => 0    [hashtag] => 3b699f7cad0a9da9b7042ed7568bb7a8    [anrede] => Herr/Frau) 
2012-10-17T18:16:19+02:00 DEBUG (7): ydadmin-ThinkPad-X220-Tablet serving lieferando.de.testing saved model Yourdelivery_Model_Order_Private with id #1299646 new data :: Array(    [customer] =>     [nr] => 39944275    [time] => 2012-10-17 18:16:19    [deliverTime] => 2012-10-17 18:16:19    [mode] => rest    [kind] => priv    [ident] => rd6nfnMQfly7iMrX2iMn    [serviceId] => 13454    [restaurantId] => 13454    [currentPayment] => bar    [payment] => bar    [total] => 2360    [courier] =>     [courierCost] => 0    [serviceDeliverCost] => 100    [charge] => 0    [contract] => 1    [ipAddr] => 127.0.0.1    [domain] => www.yourdelivery.test) 
2012-10-17T18:16:19+02:00 DEBUG (7): ydadmin-ThinkPad-X220-Tablet serving lieferando.de.testing saved model Yourdelivery_Model_Order_Deliverdelay with id #44 new data :: Array(    [serviceDeliverDelay] => 2400    [courierDeliverDelay] => 0    [orderId] => 1299646) 
2012-10-17T18:16:19+02:00 DEBUG (7): ydadmin-ThinkPad-X220-Tablet serving lieferando.de.testing found 10 points for action order 
2012-10-17T18:16:19+02:00 DEBUG (7): ydadmin-ThinkPad-X220-Tablet serving lieferando.de.testing saved model Yourdelivery_Model_Customer_FidelityTransaction with id #1270768 new data :: Array(    [email] => jonz@kybernaut.de    [action] => order    [status] => 0    [points] => 10    [transactionData] => 1299646) 
2012-10-17T18:16:19+02:00 INFO (6): ydadmin-ThinkPad-X220-Tablet serving lieferando.de.testing successfully added 10 points to customer jonz@kybernaut.de for action order 
2012-10-17T18:16:19+02:00 DEBUG (7): ydadmin-ThinkPad-X220-Tablet serving lieferando.de.testing CUSTOMER FIDELITY - cache cleared for transactionsfidelity43a28b6df0a5a8bb018e642edbcc5e24 
2012-10-17T18:16:19+02:00 DEBUG (7): ydadmin-ThinkPad-X220-Tablet serving lieferando.de.testing CUSTOMER FIDELITY - cache cleared for open1fidelity43a28b6df0a5a8bb018e642edbcc5e24 
2012-10-17T18:16:19+02:00 DEBUG (7): ydadmin-ThinkPad-X220-Tablet serving lieferando.de.testing CUSTOMER FIDELITY - cache cleared for open0fidelity43a28b6df0a5a8bb018e642edbcc5e24 
2012-10-17T18:16:20+02:00 DEBUG (7): ydadmin-ThinkPad-X220-Tablet serving lieferando.de.testing Status Wechsel in Order Tabelle: #1299646 - alter Status: 0 - neuer Status: 0 
2012-10-17T18:16:20+02:00 DEBUG (7): ydadmin-ThinkPad-X220-Tablet serving lieferando.de.testing New order status entry id: 1299646, status: 0 
2012-10-17T18:16:20+02:00 DEBUG (7): ydadmin-ThinkPad-X220-Tablet serving lieferando.de.testing updating model Default_Model_Base #1270768 with modified data :: Array(    [email] => jonz@kybernaut.de    [transactionData] => 1299646    [status] => 0    [action] => order    [points] => 10    [updated] => 2012-10-17 18:16:20) 
2012-10-17T18:16:20+02:00 INFO (6): ydadmin-ThinkPad-X220-Tablet serving lieferando.de.testing successfully modifed transaction #1270768 of customer jonz@kybernaut.de to status 0 
2012-10-17T18:16:20+02:00 DEBUG (7): ydadmin-ThinkPad-X220-Tablet serving lieferando.de.testing CUSTOMER FIDELITY - cache cleared for transactionsfidelity43a28b6df0a5a8bb018e642edbcc5e24 
2012-10-17T18:16:20+02:00 DEBUG (7): ydadmin-ThinkPad-X220-Tablet serving lieferando.de.testing CUSTOMER FIDELITY - cache cleared for open1fidelity43a28b6df0a5a8bb018e642edbcc5e24 
2012-10-17T18:16:20+02:00 DEBUG (7): ydadmin-ThinkPad-X220-Tablet serving lieferando.de.testing CUSTOMER FIDELITY - cache cleared for open0fidelity43a28b6df0a5a8bb018e642edbcc5e24 
2012-10-17T18:16:20+02:00 INFO (6): ydadmin-ThinkPad-X220-Tablet serving lieferando.de.testing handlePartnerLocation: last status for order #1299646 is  
2012-10-17T18:16:20+02:00 INFO (6): ydadmin-ThinkPad-X220-Tablet serving lieferando.de.testing handlePartnerLocation: created new row #12 for order #1299646 
2012-10-17T18:16:20+02:00 DEBUG (7): ydadmin-ThinkPad-X220-Tablet serving lieferando.de.testing saved model Yourdelivery_Model_Order_Sendby with id #680365 new data :: Array(    [orderId] => 1299646    [sendBy] => fax) 
2012-10-17T18:16:20+02:00 INFO (6): ydadmin-ThinkPad-X220-Tablet serving lieferando.de.testing send order #1299646 using the synchronous way 
2012-10-17T18:16:20+02:00 DEBUG (7): ydadmin-ThinkPad-X220-Tablet serving lieferando.de.testing Status Wechsel in Order Tabelle: #1299646 - alter Status: 0 - neuer Status: 0 
2012-10-17T18:16:20+02:00 DEBUG (7): ydadmin-ThinkPad-X220-Tablet serving lieferando.de.testing New order status entry id: 1299646, status: 0 
2012-10-17T18:16:20+02:00 DEBUG (7): ydadmin-ThinkPad-X220-Tablet serving lieferando.de.testing updating model Default_Model_Base #1270768 with modified data :: Array(    [email] => jonz@kybernaut.de    [transactionData] => 1299646    [status] => 0    [action] => order    [points] => 10    [updated] => 2012-10-17 18:16:20) 
2012-10-17T18:16:20+02:00 INFO (6): ydadmin-ThinkPad-X220-Tablet serving lieferando.de.testing successfully modifed transaction #1270768 of customer jonz@kybernaut.de to status 0 
2012-10-17T18:16:20+02:00 DEBUG (7): ydadmin-ThinkPad-X220-Tablet serving lieferando.de.testing CUSTOMER FIDELITY - cache cleared for transactionsfidelity43a28b6df0a5a8bb018e642edbcc5e24 
2012-10-17T18:16:20+02:00 DEBUG (7): ydadmin-ThinkPad-X220-Tablet serving lieferando.de.testing CUSTOMER FIDELITY - cache cleared for open1fidelity43a28b6df0a5a8bb018e642edbcc5e24 
2012-10-17T18:16:20+02:00 DEBUG (7): ydadmin-ThinkPad-X220-Tablet serving lieferando.de.testing CUSTOMER FIDELITY - cache cleared for open0fidelity43a28b6df0a5a8bb018e642edbcc5e24 
2012-10-17T18:16:20+02:00 INFO (6): ydadmin-ThinkPad-X220-Tablet serving lieferando.de.testing handlePartnerLocation: last status for order #1299646 is Array 
2012-10-17T18:16:20+02:00 DEBUG (7): ydadmin-ThinkPad-X220-Tablet serving lieferando.de.testing order pdf for order 1299646 does not exists yet, generating and returning 
2012-10-17T18:16:21+02:00 INFO (6): ydadmin-ThinkPad-X220-Tablet serving lieferando.de.testing RETARUS: succesfully send out fax 1299646-ordersheet-restaurant.pdf to 05113889917 
