2012-07-02T04:31:52-03:00 DEBUG (7): ydadmin-ThinkPad-X220-Tablet serving janamesa.com.br.testing SMARTY: did not find template restaurant/login.htm in janamesa.com.br layout, switching successfully back to default 
2012-07-02T04:31:52-03:00 DEBUG (7): ydadmin-ThinkPad-X220-Tablet serving janamesa.com.br.testing SMARTY: rendering template restaurant/login.htm 
2012-07-02T04:32:25-03:00 DEBUG (7): ydadmin-ThinkPad-X220-Tablet serving janamesa.com.br.testing SMARTY: did not find template administration/login.htm in janamesa.com.br layout, switching successfully back to default 
2012-07-02T04:32:25-03:00 DEBUG (7): ydadmin-ThinkPad-X220-Tablet serving janamesa.com.br.testing SMARTY: rendering template administration/login.htm 
2012-07-02T04:32:26-03:00 WARN (4): ydadmin-ThinkPad-X220-Tablet serving janamesa.com.br.testing tryed to access payment page without any orderId in session 
2012-07-02T04:32:26-03:00 DEBUG (7): ydadmin-ThinkPad-X220-Tablet serving janamesa.com.br.testing SMARTY: did not find template index/index.htm in janamesa.com.br layout, switching successfully back to default 
2012-07-02T04:32:26-03:00 DEBUG (7): ydadmin-ThinkPad-X220-Tablet serving janamesa.com.br.testing SMARTY: rendering template index/index.htm 
2012-07-02T04:32:26-03:00 DEBUG (7): ydadmin-ThinkPad-X220-Tablet serving janamesa.com.br.testing SMARTY: caching /home/ydadmin/htdocs/lieferando/application/../public/cache/html/www.yourdelivery.local/index.html 
2012-07-02T05:53:11-03:00 INFO (6): ydadmin-ThinkPad-X220-Tablet serving janamesa.com.br.testing Successfully loggged in admin #Supporter Jens Naie (345) 
2012-07-02T05:53:11-03:00 DEBUG (7): ydadmin-ThinkPad-X220-Tablet serving janamesa.com.br.testing SMARTY: did not find template administration/dashboard.htm in janamesa.com.br layout, switching successfully back to default 
2012-07-02T05:53:11-03:00 DEBUG (7): ydadmin-ThinkPad-X220-Tablet serving janamesa.com.br.testing SMARTY: rendering template administration/dashboard.htm 
2012-07-02T05:53:38-03:00 DEBUG (7): ydadmin-ThinkPad-X220-Tablet serving janamesa.com.br.testing SMARTY: did not find template administration/order/gridsearch.htm in janamesa.com.br layout, switching successfully back to default 
2012-07-02T05:53:38-03:00 DEBUG (7): ydadmin-ThinkPad-X220-Tablet serving janamesa.com.br.testing SMARTY: rendering template administration/order/gridsearch.htm 
2012-07-02T05:53:44-03:00 DEBUG (7): ydadmin-ThinkPad-X220-Tablet serving janamesa.com.br.testing order courier pdf for order 803 does not exists yet, generating and returning 
2012-07-02T05:53:45-03:00 DEBUG (7): ydadmin-ThinkPad-X220-Tablet serving janamesa.com.br.testing order courier pdf for order 802 does not exists yet, generating and returning 
2012-07-02T05:53:45-03:00 DEBUG (7): ydadmin-ThinkPad-X220-Tablet serving janamesa.com.br.testing order courier pdf for order 801 does not exists yet, generating and returning 
2012-07-02T05:53:45-03:00 DEBUG (7): ydadmin-ThinkPad-X220-Tablet serving janamesa.com.br.testing order courier pdf for order 800 does not exists yet, generating and returning 
2012-07-02T05:53:46-03:00 DEBUG (7): ydadmin-ThinkPad-X220-Tablet serving janamesa.com.br.testing order courier pdf for order 799 does not exists yet, generating and returning 
2012-07-02T05:53:46-03:00 DEBUG (7): ydadmin-ThinkPad-X220-Tablet serving janamesa.com.br.testing order courier pdf for order 798 does not exists yet, generating and returning 
2012-07-02T05:53:46-03:00 DEBUG (7): ydadmin-ThinkPad-X220-Tablet serving janamesa.com.br.testing order courier pdf for order 797 does not exists yet, generating and returning 
2012-07-02T05:53:47-03:00 DEBUG (7): ydadmin-ThinkPad-X220-Tablet serving janamesa.com.br.testing order courier pdf for order 796 does not exists yet, generating and returning 
2012-07-02T05:53:47-03:00 DEBUG (7): ydadmin-ThinkPad-X220-Tablet serving janamesa.com.br.testing order courier pdf for order 795 does not exists yet, generating and returning 
2012-07-02T05:53:47-03:00 DEBUG (7): ydadmin-ThinkPad-X220-Tablet serving janamesa.com.br.testing order courier pdf for order 794 does not exists yet, generating and returning 
2012-07-02T05:53:47-03:00 DEBUG (7): ydadmin-ThinkPad-X220-Tablet serving janamesa.com.br.testing order courier pdf for order 793 does not exists yet, generating and returning 
2012-07-02T05:53:47-03:00 DEBUG (7): ydadmin-ThinkPad-X220-Tablet serving janamesa.com.br.testing order courier pdf for order 792 does not exists yet, generating and returning 
2012-07-02T05:53:48-03:00 DEBUG (7): ydadmin-ThinkPad-X220-Tablet serving janamesa.com.br.testing order courier pdf for order 791 does not exists yet, generating and returning 
2012-07-02T05:53:48-03:00 DEBUG (7): ydadmin-ThinkPad-X220-Tablet serving janamesa.com.br.testing order courier pdf for order 790 does not exists yet, generating and returning 
2012-07-02T05:53:48-03:00 DEBUG (7): ydadmin-ThinkPad-X220-Tablet serving janamesa.com.br.testing order courier pdf for order 789 does not exists yet, generating and returning 
2012-07-02T05:53:48-03:00 DEBUG (7): ydadmin-ThinkPad-X220-Tablet serving janamesa.com.br.testing SMARTY: did not find template administration/order/index.htm in janamesa.com.br layout, switching successfully back to default 
2012-07-02T05:53:48-03:00 DEBUG (7): ydadmin-ThinkPad-X220-Tablet serving janamesa.com.br.testing SMARTY: rendering template administration/order/index.htm 
2012-07-02T10:15:39-03:00 DEBUG (7): ydadmin-ThinkPad-X220-Tablet serving janamesa.com.br.testing SMARTY: did not find template administration/services.htm in janamesa.com.br layout, switching successfully back to default 
2012-07-02T10:15:39-03:00 DEBUG (7): ydadmin-ThinkPad-X220-Tablet serving janamesa.com.br.testing SMARTY: rendering template administration/services.htm 
2012-07-02T11:57:08-03:00 DEBUG (7): ydadmin-ThinkPad-X220-Tablet serving janamesa.com.br.testing updating model Default_Model_Base #244 with modified data :: Array(    [current] =>     [name] => Piazza Di Verona Pizzaria    [street] => General Chagas Santos    [hausnr] => 420    [plz] => 04146-050    [cityId] => 85286    [categoryId] => 27    [isOnline] => 1    [description] =>     [contactId] => 251    [ustid] =>     [tel] => (011) 5594-1195    [fax] => 0123    [email] => cesarmikami@ig.com.br    [status] => 0    [ktoName] =>     [ktoNr] =>     [ktoBlz] =>     [ktoIban] =>     [ktoSwift] =>     [ustIdNr] =>     [fee] => 0    [komm] => 10.00    [latitude] => 0.0000000    [longitude] => 0.0000000    [notify] => fax    [notifyPayed] => 3    [customerNr] => 40243    [item] => 0    [deleted] => 0    [statecomment] => falta bancofalta fax(011) 5584-6118    [debit] => 1    [billInterval] => 0    [sodexo] => 0    [ticketrestaurant] => 0    [onlyPickup] => 0    [billDeliverCost] => 1    [ratingQuality] =>     [ratingDelivery] =>     [ratingAdvisePercentPositive] => 0    [specialComment] =>     [specialInfo] =>     [billingContactId] => 251    [floorfee] => 0    [slots] => 0    [slotsPeriod] => 0    [checked] => 1    [billDeliver] => none    [updated] => 2012-07-02 11:57:08    [paymentbar] => 1    [isLogo] => 1    [menuUpdateTime] =>     [qypeId] => 0    [acceptsPfand] => 0    [onlycash] => 1    [faxService] => retarus    [offlineStatusUntil] => 2026-06-20 17:00:00    [placesEmail] =>     [placesPassword] =>     [placesComment] =>     [placesStatus] => nein    [franchiseTypeId] => 1    [restUrl] => servico-de-entrega-piazza-di-verona-pizzaria-sao-paulo    [caterUrl] => bufet-piazza-di-verona-pizzaria-sao-paulo    [greatUrl] => mercado-municipal-piazza-di-verona-pizzaria-sao-paulo    [metaTitle] =>     [metaKeywords] =>     [metaDescription] =>     [metaRobots] => noindex,follow    [kommSat] => 0.00    [itemSat] => 0    [feeSat] => 0    [topUntil] =>     [chargePercentage] => 0.00    [chargeFix] => 0.00    [chargeStart] =>     [password] =>     [laxContract] => 0    [orderticker] => 1    [sound] => 1    [franchiseId] => 1) 
2012-07-02T11:57:08-03:00 DEBUG (7): ydadmin-ThinkPad-X220-Tablet serving janamesa.com.br.testing updating model Default_Model_Base #244 with modified data :: Array(    [current] =>     [name] => Piazza Di Verona Pizzaria    [street] => General Chagas Santos    [hausnr] => 420    [plz] => 04146-050    [cityId] => 85286    [categoryId] => 27    [isOnline] => 1    [description] =>     [contactId] => 251    [ustid] =>     [tel] => (011) 5594-1195    [fax] => 0123    [email] => cesarmikami@ig.com.br    [status] => 0    [ktoName] =>     [ktoNr] =>     [ktoBlz] =>     [ktoIban] =>     [ktoSwift] =>     [ustIdNr] =>     [fee] => 0    [komm] => 10.00    [latitude] => 0.0000000    [longitude] => 0.0000000    [notify] => fax    [notifyPayed] => 3    [customerNr] => 40243    [item] => 0    [deleted] => 0    [statecomment] => falta bancofalta fax(011) 5584-6118    [debit] => 1    [billInterval] => 0    [sodexo] => 0    [ticketrestaurant] => 0    [onlyPickup] => 0    [billDeliverCost] => 1    [ratingQuality] =>     [ratingDelivery] =>     [ratingAdvisePercentPositive] => 0    [specialComment] =>     [specialInfo] =>     [billingContactId] => 251    [floorfee] => 0    [slots] => 0    [slotsPeriod] => 0    [checked] => 1    [billDeliver] => none    [updated] => 2012-07-02 11:57:08    [paymentbar] => 1    [isLogo] => 1    [menuUpdateTime] =>     [qypeId] => 0    [acceptsPfand] => 0    [onlycash] => 1    [faxService] => retarus    [offlineStatusUntil] => 2026-06-20 17:00:00    [placesEmail] =>     [placesPassword] =>     [placesComment] =>     [placesStatus] => nein    [franchiseTypeId] => 1    [restUrl] => servico-de-entrega-piazza-di-verona-pizzaria-sao-paulo    [caterUrl] => bufet-piazza-di-verona-pizzaria-sao-paulo    [greatUrl] => mercado-municipal-piazza-di-verona-pizzaria-sao-paulo    [metaTitle] =>     [metaKeywords] =>     [metaDescription] =>     [metaRobots] => noindex,follow    [kommSat] => 0.00    [itemSat] => 0    [feeSat] => 0    [topUntil] =>     [chargePercentage] => 0.00    [chargeFix] => 0.00    [chargeStart] =>     [password] =>     [laxContract] => 0    [orderticker] => 1    [sound] => 1    [franchiseId] => 2) 
2012-07-02T11:59:59-03:00 CRIT (2): ydadmin-ThinkPad-X220-Tablet serving janamesa.com.br.testing Run into error: Message: Zend_Config is read only

Trace:
#0 /home/ydadmin/htdocs/lieferando/application/controllers/TestController.php(16): Zend_Config->__unset('franchise')
#1 /home/ydadmin/htdocs/lieferando/library/Zend/Controller/Action.php(513): TestController->testAction()
#2 /home/ydadmin/htdocs/lieferando/library/Zend/Controller/Dispatcher/Standard.php(289): Zend_Controller_Action->dispatch('testAction')
#3 /home/ydadmin/htdocs/lieferando/library/Zend/Controller/Front.php(954): Zend_Controller_Dispatcher_Standard->dispatch(Object(Zend_Controller_Request_Http), Object(Zend_Controller_Response_Http))
#4 /home/ydadmin/htdocs/lieferando/library/Zend/Application/Bootstrap/Bootstrap.php(97): Zend_Controller_Front->dispatch()
#5 /home/ydadmin/htdocs/lieferando/library/Zend/Application.php(366): Zend_Application_Bootstrap_Bootstrap->run()
#6 /home/ydadmin/htdocs/lieferando/public/index.php(111): Zend_Application->run()
#7 {main}

 #0 log() called at [/home/ydadmin/htdocs/lieferando/library/Yourdelivery/Log.php:68]
#1 __call() called at [/home/ydadmin/htdocs/lieferando/application/controllers/ErrorController.php:207]
#2 crit() called at [/home/ydadmin/htdocs/lieferando/application/controllers/ErrorController.php:207]
#3 errorAction() called at [/home/ydadmin/htdocs/lieferando/library/Zend/Controller/Action.php:513]
#4 dispatch() called at [/home/ydadmin/htdocs/lieferando/library/Zend/Controller/Dispatcher/Standard.php:289]
#5 dispatch() called at [/home/ydadmin/htdocs/lieferando/library/Zend/Controller/Front.php:954]
#6 dispatch() called at [/home/ydadmin/htdocs/lieferando/library/Zend/Application/Bootstrap/Bootstrap.php:97]
#7 run() called at [/home/ydadmin/htdocs/lieferando/library/Zend/Application.php:366]
#8 run() called at [/home/ydadmin/htdocs/lieferando/public/index.php:111]

2012-07-02T11:59:59-03:00 DEBUG (7): ydadmin-ThinkPad-X220-Tablet serving janamesa.com.br.testing SMARTY: did not find template error/error.htm in janamesa.com.br layout, switching successfully back to default 
2012-07-02T11:59:59-03:00 DEBUG (7): ydadmin-ThinkPad-X220-Tablet serving janamesa.com.br.testing SMARTY: rendering template error/error.htm 
2012-07-02T12:00:15-03:00 CRIT (2): ydadmin-ThinkPad-X220-Tablet serving janamesa.com.br.testing Run into error: Message: Zend_Config is read only

Trace:
#0 /home/ydadmin/htdocs/lieferando/application/controllers/TestController.php(16): Zend_Config->__unset('franchise')
#1 /home/ydadmin/htdocs/lieferando/library/Zend/Controller/Action.php(513): TestController->testAction()
#2 /home/ydadmin/htdocs/lieferando/library/Zend/Controller/Dispatcher/Standard.php(289): Zend_Controller_Action->dispatch('testAction')
#3 /home/ydadmin/htdocs/lieferando/library/Zend/Controller/Front.php(954): Zend_Controller_Dispatcher_Standard->dispatch(Object(Zend_Controller_Request_Http), Object(Zend_Controller_Response_Http))
#4 /home/ydadmin/htdocs/lieferando/library/Zend/Application/Bootstrap/Bootstrap.php(97): Zend_Controller_Front->dispatch()
#5 /home/ydadmin/htdocs/lieferando/library/Zend/Application.php(366): Zend_Application_Bootstrap_Bootstrap->run()
#6 /home/ydadmin/htdocs/lieferando/public/index.php(111): Zend_Application->run()
#7 {main}

 #0 log() called at [/home/ydadmin/htdocs/lieferando/library/Yourdelivery/Log.php:68]
#1 __call() called at [/home/ydadmin/htdocs/lieferando/application/controllers/ErrorController.php:207]
#2 crit() called at [/home/ydadmin/htdocs/lieferando/application/controllers/ErrorController.php:207]
#3 errorAction() called at [/home/ydadmin/htdocs/lieferando/library/Zend/Controller/Action.php:513]
#4 dispatch() called at [/home/ydadmin/htdocs/lieferando/library/Zend/Controller/Dispatcher/Standard.php:289]
#5 dispatch() called at [/home/ydadmin/htdocs/lieferando/library/Zend/Controller/Front.php:954]
#6 dispatch() called at [/home/ydadmin/htdocs/lieferando/library/Zend/Application/Bootstrap/Bootstrap.php:97]
#7 run() called at [/home/ydadmin/htdocs/lieferando/library/Zend/Application.php:366]
#8 run() called at [/home/ydadmin/htdocs/lieferando/public/index.php:111]

2012-07-02T12:00:15-03:00 DEBUG (7): ydadmin-ThinkPad-X220-Tablet serving janamesa.com.br.testing SMARTY: did not find template error/error.htm in janamesa.com.br layout, switching successfully back to default 
2012-07-02T12:00:15-03:00 DEBUG (7): ydadmin-ThinkPad-X220-Tablet serving janamesa.com.br.testing SMARTY: rendering template error/error.htm 
2012-07-02T12:01:04-03:00 CRIT (2): ydadmin-ThinkPad-X220-Tablet serving janamesa.com.br.testing Run into error: Message: Zend_Config is read only

Trace:
#0 /home/ydadmin/htdocs/lieferando/application/controllers/TestController.php(16): Zend_Config->__unset('franchise')
#1 /home/ydadmin/htdocs/lieferando/library/Zend/Controller/Action.php(513): TestController->testAction()
#2 /home/ydadmin/htdocs/lieferando/library/Zend/Controller/Dispatcher/Standard.php(289): Zend_Controller_Action->dispatch('testAction')
#3 /home/ydadmin/htdocs/lieferando/library/Zend/Controller/Front.php(954): Zend_Controller_Dispatcher_Standard->dispatch(Object(Zend_Controller_Request_Http), Object(Zend_Controller_Response_Http))
#4 /home/ydadmin/htdocs/lieferando/library/Zend/Application/Bootstrap/Bootstrap.php(97): Zend_Controller_Front->dispatch()
#5 /home/ydadmin/htdocs/lieferando/library/Zend/Application.php(366): Zend_Application_Bootstrap_Bootstrap->run()
#6 /home/ydadmin/htdocs/lieferando/public/index.php(111): Zend_Application->run()
#7 {main}

 #0 log() called at [/home/ydadmin/htdocs/lieferando/library/Yourdelivery/Log.php:68]
#1 __call() called at [/home/ydadmin/htdocs/lieferando/application/controllers/ErrorController.php:207]
#2 crit() called at [/home/ydadmin/htdocs/lieferando/application/controllers/ErrorController.php:207]
#3 errorAction() called at [/home/ydadmin/htdocs/lieferando/library/Zend/Controller/Action.php:513]
#4 dispatch() called at [/home/ydadmin/htdocs/lieferando/library/Zend/Controller/Dispatcher/Standard.php:289]
#5 dispatch() called at [/home/ydadmin/htdocs/lieferando/library/Zend/Controller/Front.php:954]
#6 dispatch() called at [/home/ydadmin/htdocs/lieferando/library/Zend/Application/Bootstrap/Bootstrap.php:97]
#7 run() called at [/home/ydadmin/htdocs/lieferando/library/Zend/Application.php:366]
#8 run() called at [/home/ydadmin/htdocs/lieferando/public/index.php:111]

2012-07-02T12:01:04-03:00 DEBUG (7): ydadmin-ThinkPad-X220-Tablet serving janamesa.com.br.testing SMARTY: did not find template error/error.htm in janamesa.com.br layout, switching successfully back to default 
2012-07-02T12:01:04-03:00 DEBUG (7): ydadmin-ThinkPad-X220-Tablet serving janamesa.com.br.testing SMARTY: rendering template error/error.htm 
2012-07-02T12:02:25-03:00 CRIT (2): ydadmin-ThinkPad-X220-Tablet serving janamesa.com.br.testing Run into error: Message: Zend_Config is read only

Trace:
#0 /home/ydadmin/htdocs/lieferando/application/controllers/TestController.php(16): Zend_Config->__unset('franchise')
#1 /home/ydadmin/htdocs/lieferando/library/Zend/Controller/Action.php(513): TestController->testAction()
#2 /home/ydadmin/htdocs/lieferando/library/Zend/Controller/Dispatcher/Standard.php(289): Zend_Controller_Action->dispatch('testAction')
#3 /home/ydadmin/htdocs/lieferando/library/Zend/Controller/Front.php(954): Zend_Controller_Dispatcher_Standard->dispatch(Object(Zend_Controller_Request_Http), Object(Zend_Controller_Response_Http))
#4 /home/ydadmin/htdocs/lieferando/library/Zend/Application/Bootstrap/Bootstrap.php(97): Zend_Controller_Front->dispatch()
#5 /home/ydadmin/htdocs/lieferando/library/Zend/Application.php(366): Zend_Application_Bootstrap_Bootstrap->run()
#6 /home/ydadmin/htdocs/lieferando/public/index.php(111): Zend_Application->run()
#7 {main}

 #0 log() called at [/home/ydadmin/htdocs/lieferando/library/Yourdelivery/Log.php:68]
#1 __call() called at [/home/ydadmin/htdocs/lieferando/application/controllers/ErrorController.php:207]
#2 crit() called at [/home/ydadmin/htdocs/lieferando/application/controllers/ErrorController.php:207]
#3 errorAction() called at [/home/ydadmin/htdocs/lieferando/library/Zend/Controller/Action.php:513]
#4 dispatch() called at [/home/ydadmin/htdocs/lieferando/library/Zend/Controller/Dispatcher/Standard.php:289]
#5 dispatch() called at [/home/ydadmin/htdocs/lieferando/library/Zend/Controller/Front.php:954]
#6 dispatch() called at [/home/ydadmin/htdocs/lieferando/library/Zend/Application/Bootstrap/Bootstrap.php:97]
#7 run() called at [/home/ydadmin/htdocs/lieferando/library/Zend/Application.php:366]
#8 run() called at [/home/ydadmin/htdocs/lieferando/public/index.php:111]

2012-07-02T12:02:25-03:00 DEBUG (7): ydadmin-ThinkPad-X220-Tablet serving janamesa.com.br.testing SMARTY: did not find template error/error.htm in janamesa.com.br layout, switching successfully back to default 
2012-07-02T12:02:25-03:00 DEBUG (7): ydadmin-ThinkPad-X220-Tablet serving janamesa.com.br.testing SMARTY: rendering template error/error.htm 
2012-07-02T12:05:07-03:00 CRIT (2): ydadmin-ThinkPad-X220-Tablet serving janamesa.com.br.testing Run into error: Message: Element with id 1511 cannot not be found in table restaurants

Trace:
#0 /home/ydadmin/htdocs/lieferando/library/Default/Model/Base.php(117): Default_Model_DbTable_Base->getCurrent()
#1 /home/ydadmin/htdocs/lieferando/library/Default/Model/Base.php(92): Default_Model_Base->load(1511, false, NULL)
#2 /home/ydadmin/htdocs/lieferando/application/controllers/TestController.php(12): Default_Model_Base->__construct(1511)
#3 /home/ydadmin/htdocs/lieferando/library/Zend/Controller/Action.php(513): TestController->testAction()
#4 /home/ydadmin/htdocs/lieferando/library/Zend/Controller/Dispatcher/Standard.php(289): Zend_Controller_Action->dispatch('testAction')
#5 /home/ydadmin/htdocs/lieferando/library/Zend/Controller/Front.php(954): Zend_Controller_Dispatcher_Standard->dispatch(Object(Zend_Controller_Request_Http), Object(Zend_Controller_Response_Http))
#6 /home/ydadmin/htdocs/lieferando/library/Zend/Application/Bootstrap/Bootstrap.php(97): Zend_Controller_Front->dispatch()
#7 /home/ydadmin/htdocs/lieferando/library/Zend/Application.php(366): Zend_Application_Bootstrap_Bootstrap->run()
#8 /home/ydadmin/htdocs/lieferando/public/index.php(111): Zend_Application->run()
#9 {main}

 #0 log() called at [/home/ydadmin/htdocs/lieferando/library/Yourdelivery/Log.php:68]
#1 __call() called at [/home/ydadmin/htdocs/lieferando/application/controllers/ErrorController.php:207]
#2 crit() called at [/home/ydadmin/htdocs/lieferando/application/controllers/ErrorController.php:207]
#3 errorAction() called at [/home/ydadmin/htdocs/lieferando/library/Zend/Controller/Action.php:513]
#4 dispatch() called at [/home/ydadmin/htdocs/lieferando/library/Zend/Controller/Dispatcher/Standard.php:289]
#5 dispatch() called at [/home/ydadmin/htdocs/lieferando/library/Zend/Controller/Front.php:954]
#6 dispatch() called at [/home/ydadmin/htdocs/lieferando/library/Zend/Application/Bootstrap/Bootstrap.php:97]
#7 run() called at [/home/ydadmin/htdocs/lieferando/library/Zend/Application.php:366]
#8 run() called at [/home/ydadmin/htdocs/lieferando/public/index.php:111]

2012-07-02T12:05:07-03:00 DEBUG (7): ydadmin-ThinkPad-X220-Tablet serving janamesa.com.br.testing SMARTY: did not find template error/error.htm in janamesa.com.br layout, switching successfully back to default 
2012-07-02T12:05:07-03:00 DEBUG (7): ydadmin-ThinkPad-X220-Tablet serving janamesa.com.br.testing SMARTY: rendering template error/error.htm 
2012-07-02T12:05:16-03:00 CRIT (2): ydadmin-ThinkPad-X220-Tablet serving janamesa.com.br.testing Run into error: Message: Element with id 1511 cannot not be found in table restaurants

Trace:
#0 /home/ydadmin/htdocs/lieferando/library/Default/Model/Base.php(117): Default_Model_DbTable_Base->getCurrent()
#1 /home/ydadmin/htdocs/lieferando/library/Default/Model/Base.php(92): Default_Model_Base->load(1511, false, NULL)
#2 /home/ydadmin/htdocs/lieferando/application/controllers/TestController.php(12): Default_Model_Base->__construct(1511)
#3 /home/ydadmin/htdocs/lieferando/library/Zend/Controller/Action.php(513): TestController->testAction()
#4 /home/ydadmin/htdocs/lieferando/library/Zend/Controller/Dispatcher/Standard.php(289): Zend_Controller_Action->dispatch('testAction')
#5 /home/ydadmin/htdocs/lieferando/library/Zend/Controller/Front.php(954): Zend_Controller_Dispatcher_Standard->dispatch(Object(Zend_Controller_Request_Http), Object(Zend_Controller_Response_Http))
#6 /home/ydadmin/htdocs/lieferando/library/Zend/Application/Bootstrap/Bootstrap.php(97): Zend_Controller_Front->dispatch()
#7 /home/ydadmin/htdocs/lieferando/library/Zend/Application.php(366): Zend_Application_Bootstrap_Bootstrap->run()
#8 /home/ydadmin/htdocs/lieferando/public/index.php(111): Zend_Application->run()
#9 {main}

 #0 log() called at [/home/ydadmin/htdocs/lieferando/library/Yourdelivery/Log.php:68]
#1 __call() called at [/home/ydadmin/htdocs/lieferando/application/controllers/ErrorController.php:207]
#2 crit() called at [/home/ydadmin/htdocs/lieferando/application/controllers/ErrorController.php:207]
#3 errorAction() called at [/home/ydadmin/htdocs/lieferando/library/Zend/Controller/Action.php:513]
#4 dispatch() called at [/home/ydadmin/htdocs/lieferando/library/Zend/Controller/Dispatcher/Standard.php:289]
#5 dispatch() called at [/home/ydadmin/htdocs/lieferando/library/Zend/Controller/Front.php:954]
#6 dispatch() called at [/home/ydadmin/htdocs/lieferando/library/Zend/Application/Bootstrap/Bootstrap.php:97]
#7 run() called at [/home/ydadmin/htdocs/lieferando/library/Zend/Application.php:366]
#8 run() called at [/home/ydadmin/htdocs/lieferando/public/index.php:111]

2012-07-02T12:05:16-03:00 DEBUG (7): ydadmin-ThinkPad-X220-Tablet serving janamesa.com.br.testing SMARTY: did not find template error/error.htm in janamesa.com.br layout, switching successfully back to default 
2012-07-02T12:05:16-03:00 DEBUG (7): ydadmin-ThinkPad-X220-Tablet serving janamesa.com.br.testing SMARTY: rendering template error/error.htm 
2012-07-02T12:20:57-03:00 DEBUG (7): ydadmin-ThinkPad-X220-Tablet serving janamesa.com.br.testing updating model Default_Model_Base #200 with modified data :: Array(    [current] =>     [name] => Pizzaria Havana    [street] => Avenida Nova Cantareira    [hausnr] => 1311    [plz] => 02331-002    [cityId] => 142684    [categoryId] => 27    [isOnline] => 0    [description] =>     [contactId] => 208    [ustid] =>     [tel] => (011) 2973-2256    [fax] => 0123    [email] =>     [status] => 26    [ktoName] =>     [ktoNr] =>     [ktoBlz] =>     [ktoIban] =>     [ktoSwift] =>     [ustIdNr] =>     [fee] => 0    [komm] => 0.00    [latitude] => 0.0000000    [longitude] => 0.0000000    [notify] => fax    [notifyPayed] => 3    [customerNr] => 40199    [item] => 0    [deleted] => 0    [statecomment] => falta bancofalta faxfalta e-mail    [debit] => 1    [billInterval] => 0    [sodexo] => 0    [ticketrestaurant] => 0    [onlyPickup] => 0    [billDeliverCost] => 1    [ratingQuality] =>     [ratingDelivery] =>     [ratingAdvisePercentPositive] => 0    [specialComment] =>     [specialInfo] =>     [billingContactId] => 208    [floorfee] => 0    [slots] => 0    [slotsPeriod] => 0    [checked] => 0    [billDeliver] => none    [updated] => 2012-07-02 12:20:57    [paymentbar] => 1    [isLogo] => 0    [menuUpdateTime] =>     [qypeId] => 0    [acceptsPfand] => 0    [onlycash] => 1    [faxService] => retarus    [offlineStatusUntil] => 2014-05-20 17:00:00    [placesEmail] =>     [placesPassword] =>     [placesComment] =>     [placesStatus] => nein    [franchiseTypeId] => 1    [restUrl] => servico-de-entrega-pizzaria-havana-sao-paulo    [caterUrl] => bufet-pizzaria-havana-sao-paulo    [greatUrl] => mercado-municipal-pizzaria-havana-sao-paulo    [metaTitle] =>     [metaKeywords] =>     [metaDescription] =>     [metaRobots] => noindex,follow    [kommSat] => 0.00    [itemSat] => 0    [feeSat] => 0    [topUntil] =>     [chargePercentage] => 0.00    [chargeFix] => 0.00    [chargeStart] =>     [password] =>     [laxContract] => 0    [orderticker] => 1    [sound] => 1    [franchiseId] => 1) 
2012-07-02T12:21:00-03:00 DEBUG (7): ydadmin-ThinkPad-X220-Tablet serving janamesa.com.br.testing updating model Default_Model_Base #200 with modified data :: Array(    [current] =>     [name] => Pizzaria Havana    [street] => Avenida Nova Cantareira    [hausnr] => 1311    [plz] => 02331-002    [cityId] => 142684    [categoryId] => 27    [isOnline] => 0    [description] =>     [contactId] => 208    [ustid] =>     [tel] => (011) 2973-2256    [fax] => 0123    [email] =>     [status] => 26    [ktoName] =>     [ktoNr] =>     [ktoBlz] =>     [ktoIban] =>     [ktoSwift] =>     [ustIdNr] =>     [fee] => 0    [komm] => 0.00    [latitude] => 0.0000000    [longitude] => 0.0000000    [notify] => fax    [notifyPayed] => 3    [customerNr] => 40199    [item] => 0    [deleted] => 0    [statecomment] => falta bancofalta faxfalta e-mail    [debit] => 1    [billInterval] => 0    [sodexo] => 0    [ticketrestaurant] => 0    [onlyPickup] => 0    [billDeliverCost] => 1    [ratingQuality] =>     [ratingDelivery] =>     [ratingAdvisePercentPositive] => 0    [specialComment] =>     [specialInfo] =>     [billingContactId] => 208    [floorfee] => 0    [slots] => 0    [slotsPeriod] => 0    [checked] => 0    [billDeliver] => none    [updated] => 2012-07-02 12:21:00    [paymentbar] => 1    [isLogo] => 0    [menuUpdateTime] =>     [qypeId] => 0    [acceptsPfand] => 0    [onlycash] => 1    [faxService] => retarus    [offlineStatusUntil] => 2014-05-20 17:00:00    [placesEmail] =>     [placesPassword] =>     [placesComment] =>     [placesStatus] => nein    [franchiseTypeId] => 1    [restUrl] => servico-de-entrega-pizzaria-havana-sao-paulo    [caterUrl] => bufet-pizzaria-havana-sao-paulo    [greatUrl] => mercado-municipal-pizzaria-havana-sao-paulo    [metaTitle] =>     [metaKeywords] =>     [metaDescription] =>     [metaRobots] => noindex,follow    [kommSat] => 0.00    [itemSat] => 0    [feeSat] => 0    [topUntil] =>     [chargePercentage] => 0.00    [chargeFix] => 0.00    [chargeStart] =>     [password] =>     [laxContract] => 0    [orderticker] => 1    [sound] => 1    [franchiseId] => 2) 
2012-07-02T12:21:00-03:00 DEBUG (7): ydadmin-ThinkPad-X220-Tablet serving janamesa.com.br.testing updating model Default_Model_Base #200 with modified data :: Array(    [current] =>     [name] => Pizzaria Havana    [street] => Avenida Nova Cantareira    [hausnr] => 1311    [plz] => 02331-002    [cityId] => 142684    [categoryId] => 27    [isOnline] => 0    [description] =>     [contactId] => 208    [ustid] =>     [tel] => (011) 2973-2256    [fax] => 0123    [email] =>     [status] => 26    [ktoName] =>     [ktoNr] =>     [ktoBlz] =>     [ktoIban] =>     [ktoSwift] =>     [ustIdNr] =>     [fee] => 0    [komm] => 0.00    [latitude] => 0.0000000    [longitude] => 0.0000000    [notify] => fax    [notifyPayed] => 3    [customerNr] => 40199    [item] => 0    [deleted] => 0    [statecomment] => falta bancofalta faxfalta e-mail    [debit] => 1    [billInterval] => 0    [sodexo] => 0    [ticketrestaurant] => 0    [onlyPickup] => 0    [billDeliverCost] => 1    [ratingQuality] =>     [ratingDelivery] =>     [ratingAdvisePercentPositive] => 0    [specialComment] =>     [specialInfo] =>     [billingContactId] => 208    [floorfee] => 0    [slots] => 0    [slotsPeriod] => 0    [checked] => 0    [billDeliver] => none    [updated] => 2012-07-02 12:21:00    [paymentbar] => 1    [isLogo] => 0    [menuUpdateTime] =>     [qypeId] => 0    [acceptsPfand] => 0    [onlycash] => 1    [faxService] => retarus    [offlineStatusUntil] => 2014-05-20 17:00:00    [placesEmail] =>     [placesPassword] =>     [placesComment] =>     [placesStatus] => nein    [franchiseTypeId] => 1    [restUrl] => servico-de-entrega-pizzaria-havana-sao-paulo    [caterUrl] => bufet-pizzaria-havana-sao-paulo    [greatUrl] => mercado-municipal-pizzaria-havana-sao-paulo    [metaTitle] =>     [metaKeywords] =>     [metaDescription] =>     [metaRobots] => noindex,follow    [kommSat] => 0.00    [itemSat] => 0    [feeSat] => 0    [topUntil] =>     [chargePercentage] => 0.00    [chargeFix] => 0.00    [chargeStart] =>     [password] =>     [laxContract] => 0    [orderticker] => 1    [sound] => 1    [franchiseId] => 4) 
2012-07-02T12:22:15-03:00 DEBUG (7): ydadmin-ThinkPad-X220-Tablet serving janamesa.com.br.testing updating model Default_Model_Base #200 with modified data :: Array(    [current] =>     [name] => Pizzaria Havana    [street] => Avenida Nova Cantareira    [hausnr] => 1311    [plz] => 02331-002    [cityId] => 142684    [categoryId] => 27    [isOnline] => 0    [description] =>     [contactId] => 208    [ustid] =>     [tel] => (011) 2973-2256    [fax] => 0123    [email] =>     [status] => 26    [ktoName] =>     [ktoNr] =>     [ktoBlz] =>     [ktoIban] =>     [ktoSwift] =>     [ustIdNr] =>     [fee] => 0    [komm] => 0.00    [latitude] => 0.0000000    [longitude] => 0.0000000    [notify] => fax    [notifyPayed] => 3    [customerNr] => 40199    [item] => 0    [deleted] => 0    [statecomment] => falta bancofalta faxfalta e-mail    [debit] => 1    [billInterval] => 0    [sodexo] => 0    [ticketrestaurant] => 0    [onlyPickup] => 0    [billDeliverCost] => 1    [ratingQuality] =>     [ratingDelivery] =>     [ratingAdvisePercentPositive] => 0    [specialComment] =>     [specialInfo] =>     [billingContactId] => 208    [floorfee] => 0    [slots] => 0    [slotsPeriod] => 0    [checked] => 0    [billDeliver] => none    [updated] => 2012-07-02 12:22:15    [paymentbar] => 1    [isLogo] => 0    [menuUpdateTime] =>     [qypeId] => 0    [acceptsPfand] => 0    [onlycash] => 1    [faxService] => retarus    [offlineStatusUntil] => 2014-05-20 17:00:00    [placesEmail] =>     [placesPassword] =>     [placesComment] =>     [placesStatus] => nein    [franchiseTypeId] => 1    [restUrl] => servico-de-entrega-pizzaria-havana-sao-paulo    [caterUrl] => bufet-pizzaria-havana-sao-paulo    [greatUrl] => mercado-municipal-pizzaria-havana-sao-paulo    [metaTitle] =>     [metaKeywords] =>     [metaDescription] =>     [metaRobots] => noindex,follow    [kommSat] => 0.00    [itemSat] => 0    [feeSat] => 0    [topUntil] =>     [chargePercentage] => 0.00    [chargeFix] => 0.00    [chargeStart] =>     [password] =>     [laxContract] => 0    [orderticker] => 1    [sound] => 1    [franchiseId] => 1) 
2012-07-02T12:23:21-03:00 DEBUG (7): ydadmin-ThinkPad-X220-Tablet serving janamesa.com.br.testing updating model Default_Model_Base #200 with modified data :: Array(    [current] =>     [name] => Pizzaria Havana    [street] => Avenida Nova Cantareira    [hausnr] => 1311    [plz] => 02331-002    [cityId] => 142684    [categoryId] => 27    [isOnline] => 0    [description] =>     [contactId] => 208    [ustid] =>     [tel] => (011) 2973-2256    [fax] => 0123    [email] =>     [status] => 26    [ktoName] =>     [ktoNr] =>     [ktoBlz] =>     [ktoIban] =>     [ktoSwift] =>     [ustIdNr] =>     [fee] => 0    [komm] => 0.00    [latitude] => 0.0000000    [longitude] => 0.0000000    [notify] => fax    [notifyPayed] => 3    [customerNr] => 40199    [item] => 0    [deleted] => 0    [statecomment] => falta bancofalta faxfalta e-mail    [debit] => 1    [billInterval] => 0    [sodexo] => 0    [ticketrestaurant] => 0    [onlyPickup] => 0    [billDeliverCost] => 1    [ratingQuality] =>     [ratingDelivery] =>     [ratingAdvisePercentPositive] => 0    [specialComment] =>     [specialInfo] =>     [billingContactId] => 208    [floorfee] => 0    [slots] => 0    [slotsPeriod] => 0    [checked] => 0    [billDeliver] => none    [updated] => 2012-07-02 12:23:21    [paymentbar] => 1    [isLogo] => 0    [menuUpdateTime] =>     [qypeId] => 0    [acceptsPfand] => 0    [onlycash] => 1    [faxService] => retarus    [offlineStatusUntil] => 2014-05-20 17:00:00    [placesEmail] =>     [placesPassword] =>     [placesComment] =>     [placesStatus] => nein    [franchiseTypeId] => 1    [restUrl] => servico-de-entrega-pizzaria-havana-sao-paulo    [caterUrl] => bufet-pizzaria-havana-sao-paulo    [greatUrl] => mercado-municipal-pizzaria-havana-sao-paulo    [metaTitle] =>     [metaKeywords] =>     [metaDescription] =>     [metaRobots] => noindex,follow    [kommSat] => 0.00    [itemSat] => 0    [feeSat] => 0    [topUntil] =>     [chargePercentage] => 0.00    [chargeFix] => 0.00    [chargeStart] =>     [password] =>     [laxContract] => 0    [orderticker] => 1    [sound] => 1    [franchiseId] => 2) 
2012-07-02T12:24:30-03:00 DEBUG (7): ydadmin-ThinkPad-X220-Tablet serving janamesa.com.br.testing updating model Default_Model_Base #200 with modified data :: Array(    [current] =>     [name] => Pizzaria Havana    [street] => Avenida Nova Cantareira    [hausnr] => 1311    [plz] => 02331-002    [cityId] => 142684    [categoryId] => 27    [isOnline] => 0    [description] =>     [contactId] => 208    [ustid] =>     [tel] => (011) 2973-2256    [fax] => 0123    [email] =>     [status] => 26    [ktoName] =>     [ktoNr] =>     [ktoBlz] =>     [ktoIban] =>     [ktoSwift] =>     [ustIdNr] =>     [fee] => 0    [komm] => 0.00    [latitude] => 0.0000000    [longitude] => 0.0000000    [notify] => fax    [notifyPayed] => 3    [customerNr] => 40199    [item] => 0    [deleted] => 0    [statecomment] => falta bancofalta faxfalta e-mail    [debit] => 1    [billInterval] => 0    [sodexo] => 0    [ticketrestaurant] => 0    [onlyPickup] => 0    [billDeliverCost] => 1    [ratingQuality] =>     [ratingDelivery] =>     [ratingAdvisePercentPositive] => 0    [specialComment] =>     [specialInfo] =>     [billingContactId] => 208    [floorfee] => 0    [slots] => 0    [slotsPeriod] => 0    [checked] => 0    [billDeliver] => none    [updated] => 2012-07-02 12:24:30    [paymentbar] => 1    [isLogo] => 0    [menuUpdateTime] =>     [qypeId] => 0    [acceptsPfand] => 0    [onlycash] => 1    [faxService] => retarus    [offlineStatusUntil] => 2014-05-20 17:00:00    [placesEmail] =>     [placesPassword] =>     [placesComment] =>     [placesStatus] => nein    [franchiseTypeId] => 1    [restUrl] => servico-de-entrega-pizzaria-havana-sao-paulo    [caterUrl] => bufet-pizzaria-havana-sao-paulo    [greatUrl] => mercado-municipal-pizzaria-havana-sao-paulo    [metaTitle] =>     [metaKeywords] =>     [metaDescription] =>     [metaRobots] => noindex,follow    [kommSat] => 0.00    [itemSat] => 0    [feeSat] => 0    [topUntil] =>     [chargePercentage] => 0.00    [chargeFix] => 0.00    [chargeStart] =>     [password] =>     [laxContract] => 0    [orderticker] => 1    [sound] => 1    [franchiseId] => 4) 
2012-07-02T12:24:50-03:00 DEBUG (7): ydadmin-ThinkPad-X220-Tablet serving janamesa.com.br.testing updating model Default_Model_Base #200 with modified data :: Array(    [current] =>     [name] => Pizzaria Havana    [street] => Avenida Nova Cantareira    [hausnr] => 1311    [plz] => 02331-002    [cityId] => 142684    [categoryId] => 27    [isOnline] => 0    [description] =>     [contactId] => 208    [ustid] =>     [tel] => (011) 2973-2256    [fax] => 0123    [email] =>     [status] => 26    [ktoName] =>     [ktoNr] =>     [ktoBlz] =>     [ktoIban] =>     [ktoSwift] =>     [ustIdNr] =>     [fee] => 0    [komm] => 0.00    [latitude] => 0.0000000    [longitude] => 0.0000000    [notify] => fax    [notifyPayed] => 3    [customerNr] => 40199    [item] => 0    [deleted] => 0    [statecomment] => falta bancofalta faxfalta e-mail    [debit] => 1    [billInterval] => 0    [sodexo] => 0    [ticketrestaurant] => 0    [onlyPickup] => 0    [billDeliverCost] => 1    [ratingQuality] =>     [ratingDelivery] =>     [ratingAdvisePercentPositive] => 0    [specialComment] =>     [specialInfo] =>     [billingContactId] => 208    [floorfee] => 0    [slots] => 0    [slotsPeriod] => 0    [checked] => 0    [billDeliver] => none    [updated] => 2012-07-02 12:24:50    [paymentbar] => 1    [isLogo] => 0    [menuUpdateTime] =>     [qypeId] => 0    [acceptsPfand] => 0    [onlycash] => 1    [faxService] => retarus    [offlineStatusUntil] => 2014-05-20 17:00:00    [placesEmail] =>     [placesPassword] =>     [placesComment] =>     [placesStatus] => nein    [franchiseTypeId] => 1    [restUrl] => servico-de-entrega-pizzaria-havana-sao-paulo    [caterUrl] => bufet-pizzaria-havana-sao-paulo    [greatUrl] => mercado-municipal-pizzaria-havana-sao-paulo    [metaTitle] =>     [metaKeywords] =>     [metaDescription] =>     [metaRobots] => noindex,follow    [kommSat] => 0.00    [itemSat] => 0    [feeSat] => 0    [topUntil] =>     [chargePercentage] => 0.00    [chargeFix] => 0.00    [chargeStart] =>     [password] =>     [laxContract] => 0    [orderticker] => 1    [sound] => 1) 
2012-07-02T12:24:53-03:00 DEBUG (7): ydadmin-ThinkPad-X220-Tablet serving janamesa.com.br.testing updating model Default_Model_Base #200 with modified data :: Array(    [current] =>     [name] => Pizzaria Havana    [street] => Avenida Nova Cantareira    [hausnr] => 1311    [plz] => 02331-002    [cityId] => 142684    [categoryId] => 27    [isOnline] => 0    [description] =>     [contactId] => 208    [ustid] =>     [tel] => (011) 2973-2256    [fax] => 0123    [email] =>     [status] => 26    [ktoName] =>     [ktoNr] =>     [ktoBlz] =>     [ktoIban] =>     [ktoSwift] =>     [ustIdNr] =>     [fee] => 0    [komm] => 0.00    [latitude] => 0.0000000    [longitude] => 0.0000000    [notify] => fax    [notifyPayed] => 3    [customerNr] => 40199    [item] => 0    [deleted] => 0    [statecomment] => falta bancofalta faxfalta e-mail    [debit] => 1    [billInterval] => 0    [sodexo] => 0    [ticketrestaurant] => 0    [onlyPickup] => 0    [billDeliverCost] => 1    [ratingQuality] =>     [ratingDelivery] =>     [ratingAdvisePercentPositive] => 0    [specialComment] =>     [specialInfo] =>     [billingContactId] => 208    [floorfee] => 0    [slots] => 0    [slotsPeriod] => 0    [checked] => 0    [billDeliver] => none    [updated] => 2012-07-02 12:24:53    [paymentbar] => 1    [isLogo] => 0    [menuUpdateTime] =>     [qypeId] => 0    [acceptsPfand] => 0    [onlycash] => 1    [faxService] => retarus    [offlineStatusUntil] => 2014-05-20 17:00:00    [placesEmail] =>     [placesPassword] =>     [placesComment] =>     [placesStatus] => nein    [franchiseTypeId] => 2    [restUrl] => servico-de-entrega-pizzaria-havana-sao-paulo    [caterUrl] => bufet-pizzaria-havana-sao-paulo    [greatUrl] => mercado-municipal-pizzaria-havana-sao-paulo    [metaTitle] =>     [metaKeywords] =>     [metaDescription] =>     [metaRobots] => noindex,follow    [kommSat] => 0.00    [itemSat] => 0    [feeSat] => 0    [topUntil] =>     [chargePercentage] => 0.00    [chargeFix] => 0.00    [chargeStart] =>     [password] =>     [laxContract] => 0    [orderticker] => 1    [sound] => 1) 
2012-07-02T12:24:54-03:00 DEBUG (7): ydadmin-ThinkPad-X220-Tablet serving janamesa.com.br.testing updating model Default_Model_Base #200 with modified data :: Array(    [current] =>     [name] => Pizzaria Havana    [street] => Avenida Nova Cantareira    [hausnr] => 1311    [plz] => 02331-002    [cityId] => 142684    [categoryId] => 27    [isOnline] => 0    [description] =>     [contactId] => 208    [ustid] =>     [tel] => (011) 2973-2256    [fax] => 0123    [email] =>     [status] => 26    [ktoName] =>     [ktoNr] =>     [ktoBlz] =>     [ktoIban] =>     [ktoSwift] =>     [ustIdNr] =>     [fee] => 0    [komm] => 0.00    [latitude] => 0.0000000    [longitude] => 0.0000000    [notify] => fax    [notifyPayed] => 3    [customerNr] => 40199    [item] => 0    [deleted] => 0    [statecomment] => falta bancofalta faxfalta e-mail    [debit] => 1    [billInterval] => 0    [sodexo] => 0    [ticketrestaurant] => 0    [onlyPickup] => 0    [billDeliverCost] => 1    [ratingQuality] =>     [ratingDelivery] =>     [ratingAdvisePercentPositive] => 0    [specialComment] =>     [specialInfo] =>     [billingContactId] => 208    [floorfee] => 0    [slots] => 0    [slotsPeriod] => 0    [checked] => 0    [billDeliver] => none    [updated] => 2012-07-02 12:24:54    [paymentbar] => 1    [isLogo] => 0    [menuUpdateTime] =>     [qypeId] => 0    [acceptsPfand] => 0    [onlycash] => 1    [faxService] => retarus    [offlineStatusUntil] => 2014-05-20 17:00:00    [placesEmail] =>     [placesPassword] =>     [placesComment] =>     [placesStatus] => nein    [franchiseTypeId] => 4    [restUrl] => servico-de-entrega-pizzaria-havana-sao-paulo    [caterUrl] => bufet-pizzaria-havana-sao-paulo    [greatUrl] => mercado-municipal-pizzaria-havana-sao-paulo    [metaTitle] =>     [metaKeywords] =>     [metaDescription] =>     [metaRobots] => noindex,follow    [kommSat] => 0.00    [itemSat] => 0    [feeSat] => 0    [topUntil] =>     [chargePercentage] => 0.00    [chargeFix] => 0.00    [chargeStart] =>     [password] =>     [laxContract] => 0    [orderticker] => 1    [sound] => 1) 
2012-07-02T12:25:39-03:00 DEBUG (7): ydadmin-ThinkPad-X220-Tablet serving janamesa.com.br.testing updating model Default_Model_Base #200 with modified data :: Array(    [current] =>     [name] => Pizzaria Havana    [street] => Avenida Nova Cantareira    [hausnr] => 1311    [plz] => 02331-002    [cityId] => 142684    [categoryId] => 27    [isOnline] => 0    [description] =>     [contactId] => 208    [ustid] =>     [tel] => (011) 2973-2256    [fax] => 0123    [email] =>     [status] => 26    [ktoName] =>     [ktoNr] =>     [ktoBlz] =>     [ktoIban] =>     [ktoSwift] =>     [ustIdNr] =>     [fee] => 0    [komm] => 0.00    [latitude] => 0.0000000    [longitude] => 0.0000000    [notify] => fax    [notifyPayed] => 3    [customerNr] => 40199    [item] => 0    [deleted] => 0    [statecomment] => falta bancofalta faxfalta e-mail    [debit] => 1    [billInterval] => 0    [sodexo] => 0    [ticketrestaurant] => 0    [onlyPickup] => 0    [billDeliverCost] => 1    [ratingQuality] =>     [ratingDelivery] =>     [ratingAdvisePercentPositive] => 0    [specialComment] =>     [specialInfo] =>     [billingContactId] => 208    [floorfee] => 0    [slots] => 0    [slotsPeriod] => 0    [checked] => 0    [billDeliver] => none    [updated] => 2012-07-02 12:25:39    [paymentbar] => 1    [isLogo] => 0    [menuUpdateTime] =>     [qypeId] => 0    [acceptsPfand] => 0    [onlycash] => 1    [faxService] => retarus    [offlineStatusUntil] => 2014-05-20 17:00:00    [placesEmail] =>     [placesPassword] =>     [placesComment] =>     [placesStatus] => nein    [franchiseTypeId] => 1    [restUrl] => servico-de-entrega-pizzaria-havana-sao-paulo    [caterUrl] => bufet-pizzaria-havana-sao-paulo    [greatUrl] => mercado-municipal-pizzaria-havana-sao-paulo    [metaTitle] =>     [metaKeywords] =>     [metaDescription] =>     [metaRobots] => noindex,follow    [kommSat] => 0.00    [itemSat] => 0    [feeSat] => 0    [topUntil] =>     [chargePercentage] => 0.00    [chargeFix] => 0.00    [chargeStart] =>     [password] =>     [laxContract] => 0    [orderticker] => 1    [sound] => 1) 
2012-07-02T12:26:30-03:00 DEBUG (7): ydadmin-ThinkPad-X220-Tablet serving janamesa.com.br.testing updating model Default_Model_Base #200 with modified data :: Array(    [current] =>     [name] => Pizzaria Havana    [street] => Avenida Nova Cantareira    [hausnr] => 1311    [plz] => 02331-002    [cityId] => 142684    [categoryId] => 27    [isOnline] => 0    [description] =>     [contactId] => 208    [ustid] =>     [tel] => (011) 2973-2256    [fax] => 0123    [email] =>     [status] => 26    [ktoName] =>     [ktoNr] =>     [ktoBlz] =>     [ktoIban] =>     [ktoSwift] =>     [ustIdNr] =>     [fee] => 0    [komm] => 0.00    [latitude] => 0.0000000    [longitude] => 0.0000000    [notify] => fax    [notifyPayed] => 3    [customerNr] => 40199    [item] => 0    [deleted] => 0    [statecomment] => falta bancofalta faxfalta e-mail    [debit] => 1    [billInterval] => 0    [sodexo] => 0    [ticketrestaurant] => 0    [onlyPickup] => 0    [billDeliverCost] => 1    [ratingQuality] =>     [ratingDelivery] =>     [ratingAdvisePercentPositive] => 0    [specialComment] =>     [specialInfo] =>     [billingContactId] => 208    [floorfee] => 0    [slots] => 0    [slotsPeriod] => 0    [checked] => 0    [billDeliver] => none    [updated] => 2012-07-02 12:26:30    [paymentbar] => 1    [isLogo] => 0    [menuUpdateTime] =>     [qypeId] => 0    [acceptsPfand] => 0    [onlycash] => 1    [faxService] => retarus    [offlineStatusUntil] => 2014-05-20 17:00:00    [placesEmail] =>     [placesPassword] =>     [placesComment] =>     [placesStatus] => nein    [franchiseTypeId] => 2    [restUrl] => servico-de-entrega-pizzaria-havana-sao-paulo    [caterUrl] => bufet-pizzaria-havana-sao-paulo    [greatUrl] => mercado-municipal-pizzaria-havana-sao-paulo    [metaTitle] =>     [metaKeywords] =>     [metaDescription] =>     [metaRobots] => noindex,follow    [kommSat] => 0.00    [itemSat] => 0    [feeSat] => 0    [topUntil] =>     [chargePercentage] => 0.00    [chargeFix] => 0.00    [chargeStart] =>     [password] =>     [laxContract] => 0    [orderticker] => 1    [sound] => 1) 
2012-07-02T12:27:30-03:00 DEBUG (7): ydadmin-ThinkPad-X220-Tablet serving janamesa.com.br.testing updating model Default_Model_Base #200 with modified data :: Array(    [current] =>     [name] => Pizzaria Havana    [street] => Avenida Nova Cantareira    [hausnr] => 1311    [plz] => 02331-002    [cityId] => 142684    [categoryId] => 27    [isOnline] => 0    [description] =>     [contactId] => 208    [ustid] =>     [tel] => (011) 2973-2256    [fax] => 0123    [email] =>     [status] => 26    [ktoName] =>     [ktoNr] =>     [ktoBlz] =>     [ktoIban] =>     [ktoSwift] =>     [ustIdNr] =>     [fee] => 0    [komm] => 0.00    [latitude] => 0.0000000    [longitude] => 0.0000000    [notify] => fax    [notifyPayed] => 3    [customerNr] => 40199    [item] => 0    [deleted] => 0    [statecomment] => falta bancofalta faxfalta e-mail    [debit] => 1    [billInterval] => 0    [sodexo] => 0    [ticketrestaurant] => 0    [onlyPickup] => 0    [billDeliverCost] => 1    [ratingQuality] =>     [ratingDelivery] =>     [ratingAdvisePercentPositive] => 0    [specialComment] =>     [specialInfo] =>     [billingContactId] => 208    [floorfee] => 0    [slots] => 0    [slotsPeriod] => 0    [checked] => 0    [billDeliver] => none    [updated] => 2012-07-02 12:27:30    [paymentbar] => 1    [isLogo] => 0    [menuUpdateTime] =>     [qypeId] => 0    [acceptsPfand] => 0    [onlycash] => 1    [faxService] => retarus    [offlineStatusUntil] => 2014-05-20 17:00:00    [placesEmail] =>     [placesPassword] =>     [placesComment] =>     [placesStatus] => nein    [franchiseTypeId] => 4    [restUrl] => servico-de-entrega-pizzaria-havana-sao-paulo    [caterUrl] => bufet-pizzaria-havana-sao-paulo    [greatUrl] => mercado-municipal-pizzaria-havana-sao-paulo    [metaTitle] =>     [metaKeywords] =>     [metaDescription] =>     [metaRobots] => noindex,follow    [kommSat] => 0.00    [itemSat] => 0    [feeSat] => 0    [topUntil] =>     [chargePercentage] => 0.00    [chargeFix] => 0.00    [chargeStart] =>     [password] =>     [laxContract] => 0    [orderticker] => 1    [sound] => 1) 
2012-07-02T12:29:41-03:00 DEBUG (7): ydadmin-ThinkPad-X220-Tablet serving janamesa.com.br.testing updating model Default_Model_Base #200 with modified data :: Array(    [current] =>     [name] => Pizzaria Havana    [street] => Avenida Nova Cantareira    [hausnr] => 1311    [plz] => 02331-002    [cityId] => 142684    [categoryId] => 27    [isOnline] => 0    [description] =>     [contactId] => 208    [ustid] =>     [tel] => (011) 2973-2256    [fax] => 0123    [email] =>     [status] => 26    [ktoName] =>     [ktoNr] =>     [ktoBlz] =>     [ktoIban] =>     [ktoSwift] =>     [ustIdNr] =>     [fee] => 0    [komm] => 0.00    [latitude] => 0.0000000    [longitude] => 0.0000000    [notify] => fax    [notifyPayed] => 3    [customerNr] => 40199    [item] => 0    [deleted] => 0    [statecomment] => falta bancofalta faxfalta e-mail    [debit] => 1    [billInterval] => 0    [sodexo] => 0    [ticketrestaurant] => 0    [onlyPickup] => 0    [billDeliverCost] => 1    [ratingQuality] =>     [ratingDelivery] =>     [ratingAdvisePercentPositive] => 0    [specialComment] =>     [specialInfo] =>     [billingContactId] => 208    [floorfee] => 0    [slots] => 0    [slotsPeriod] => 0    [checked] => 0    [billDeliver] => none    [updated] => 2012-07-02 12:29:41    [paymentbar] => 1    [isLogo] => 0    [menuUpdateTime] =>     [qypeId] => 0    [acceptsPfand] => 0    [onlycash] => 1    [faxService] => retarus    [offlineStatusUntil] => 2014-05-20 17:00:00    [placesEmail] =>     [placesPassword] =>     [placesComment] =>     [placesStatus] => nein    [franchiseTypeId] => 1    [restUrl] => servico-de-entrega-pizzaria-havana-sao-paulo    [caterUrl] => bufet-pizzaria-havana-sao-paulo    [greatUrl] => mercado-municipal-pizzaria-havana-sao-paulo    [metaTitle] =>     [metaKeywords] =>     [metaDescription] =>     [metaRobots] => noindex,follow    [kommSat] => 0.00    [itemSat] => 0    [feeSat] => 0    [topUntil] =>     [chargePercentage] => 0.00    [chargeFix] => 0.00    [chargeStart] =>     [password] =>     [laxContract] => 0    [orderticker] => 1    [sound] => 1) 
2012-07-02T12:29:52-03:00 DEBUG (7): ydadmin-ThinkPad-X220-Tablet serving janamesa.com.br.testing updating model Default_Model_Base #200 with modified data :: Array(    [current] =>     [name] => Pizzaria Havana    [street] => Avenida Nova Cantareira    [hausnr] => 1311    [plz] => 02331-002    [cityId] => 142684    [categoryId] => 27    [isOnline] => 0    [description] =>     [contactId] => 208    [ustid] =>     [tel] => (011) 2973-2256    [fax] => 0123    [email] =>     [status] => 26    [ktoName] =>     [ktoNr] =>     [ktoBlz] =>     [ktoIban] =>     [ktoSwift] =>     [ustIdNr] =>     [fee] => 0    [komm] => 0.00    [latitude] => 0.0000000    [longitude] => 0.0000000    [notify] => fax    [notifyPayed] => 3    [customerNr] => 40199    [item] => 0    [deleted] => 0    [statecomment] => falta bancofalta faxfalta e-mail    [debit] => 1    [billInterval] => 0    [sodexo] => 0    [ticketrestaurant] => 0    [onlyPickup] => 0    [billDeliverCost] => 1    [ratingQuality] =>     [ratingDelivery] =>     [ratingAdvisePercentPositive] => 0    [specialComment] =>     [specialInfo] =>     [billingContactId] => 208    [floorfee] => 0    [slots] => 0    [slotsPeriod] => 0    [checked] => 0    [billDeliver] => none    [updated] => 2012-07-02 12:29:52    [paymentbar] => 1    [isLogo] => 0    [menuUpdateTime] =>     [qypeId] => 0    [acceptsPfand] => 0    [onlycash] => 1    [faxService] => retarus    [offlineStatusUntil] => 2014-05-20 17:00:00    [placesEmail] =>     [placesPassword] =>     [placesComment] =>     [placesStatus] => nein    [franchiseTypeId] => 2    [restUrl] => servico-de-entrega-pizzaria-havana-sao-paulo    [caterUrl] => bufet-pizzaria-havana-sao-paulo    [greatUrl] => mercado-municipal-pizzaria-havana-sao-paulo    [metaTitle] =>     [metaKeywords] =>     [metaDescription] =>     [metaRobots] => noindex,follow    [kommSat] => 0.00    [itemSat] => 0    [feeSat] => 0    [topUntil] =>     [chargePercentage] => 0.00    [chargeFix] => 0.00    [chargeStart] =>     [password] =>     [laxContract] => 0    [orderticker] => 1    [sound] => 1) 
2012-07-02T12:33:14-03:00 DEBUG (7): ydadmin-ThinkPad-X220-Tablet serving janamesa.com.br.testing updating model Default_Model_Base #200 with modified data :: Array(    [current] =>     [name] => Pizzaria Havana    [street] => Avenida Nova Cantareira    [hausnr] => 1311    [plz] => 02331-002    [cityId] => 142684    [categoryId] => 27    [isOnline] => 0    [description] =>     [contactId] => 208    [ustid] =>     [tel] => (011) 2973-2256    [fax] => 0123    [email] =>     [status] => 26    [ktoName] =>     [ktoNr] =>     [ktoBlz] =>     [ktoIban] =>     [ktoSwift] =>     [ustIdNr] =>     [fee] => 0    [komm] => 0.00    [latitude] => 0.0000000    [longitude] => 0.0000000    [notify] => fax    [notifyPayed] => 3    [customerNr] => 40199    [item] => 0    [deleted] => 0    [statecomment] => falta bancofalta faxfalta e-mail    [debit] => 1    [billInterval] => 0    [sodexo] => 0    [ticketrestaurant] => 0    [onlyPickup] => 0    [billDeliverCost] => 1    [ratingQuality] =>     [ratingDelivery] =>     [ratingAdvisePercentPositive] => 0    [specialComment] =>     [specialInfo] =>     [billingContactId] => 208    [floorfee] => 0    [slots] => 0    [slotsPeriod] => 0    [checked] => 0    [billDeliver] => none    [updated] => 2012-07-02 12:33:14    [paymentbar] => 1    [isLogo] => 0    [menuUpdateTime] =>     [qypeId] => 0    [acceptsPfand] => 0    [onlycash] => 1    [faxService] => retarus    [offlineStatusUntil] => 2014-05-20 17:00:00    [placesEmail] =>     [placesPassword] =>     [placesComment] =>     [placesStatus] => nein    [franchiseTypeId] => 1    [restUrl] => servico-de-entrega-pizzaria-havana-sao-paulo    [caterUrl] => bufet-pizzaria-havana-sao-paulo    [greatUrl] => mercado-municipal-pizzaria-havana-sao-paulo    [metaTitle] =>     [metaKeywords] =>     [metaDescription] =>     [metaRobots] => noindex,follow    [kommSat] => 0.00    [itemSat] => 0    [feeSat] => 0    [topUntil] =>     [chargePercentage] => 0.00    [chargeFix] => 0.00    [chargeStart] =>     [password] =>     [laxContract] => 0    [orderticker] => 1    [sound] => 1) 
2012-07-02T12:33:18-03:00 DEBUG (7): ydadmin-ThinkPad-X220-Tablet serving janamesa.com.br.testing updating model Default_Model_Base #200 with modified data :: Array(    [current] =>     [name] => Pizzaria Havana    [street] => Avenida Nova Cantareira    [hausnr] => 1311    [plz] => 02331-002    [cityId] => 142684    [categoryId] => 27    [isOnline] => 0    [description] =>     [contactId] => 208    [ustid] =>     [tel] => (011) 2973-2256    [fax] => 0123    [email] =>     [status] => 26    [ktoName] =>     [ktoNr] =>     [ktoBlz] =>     [ktoIban] =>     [ktoSwift] =>     [ustIdNr] =>     [fee] => 0    [komm] => 0.00    [latitude] => 0.0000000    [longitude] => 0.0000000    [notify] => fax    [notifyPayed] => 3    [customerNr] => 40199    [item] => 0    [deleted] => 0    [statecomment] => falta bancofalta faxfalta e-mail    [debit] => 1    [billInterval] => 0    [sodexo] => 0    [ticketrestaurant] => 0    [onlyPickup] => 0    [billDeliverCost] => 1    [ratingQuality] =>     [ratingDelivery] =>     [ratingAdvisePercentPositive] => 0    [specialComment] =>     [specialInfo] =>     [billingContactId] => 208    [floorfee] => 0    [slots] => 0    [slotsPeriod] => 0    [checked] => 0    [billDeliver] => none    [updated] => 2012-07-02 12:33:18    [paymentbar] => 1    [isLogo] => 0    [menuUpdateTime] =>     [qypeId] => 0    [acceptsPfand] => 0    [onlycash] => 1    [faxService] => retarus    [offlineStatusUntil] => 2014-05-20 17:00:00    [placesEmail] =>     [placesPassword] =>     [placesComment] =>     [placesStatus] => nein    [franchiseTypeId] => 2    [restUrl] => servico-de-entrega-pizzaria-havana-sao-paulo    [caterUrl] => bufet-pizzaria-havana-sao-paulo    [greatUrl] => mercado-municipal-pizzaria-havana-sao-paulo    [metaTitle] =>     [metaKeywords] =>     [metaDescription] =>     [metaRobots] => noindex,follow    [kommSat] => 0.00    [itemSat] => 0    [feeSat] => 0    [topUntil] =>     [chargePercentage] => 0.00    [chargeFix] => 0.00    [chargeStart] =>     [password] =>     [laxContract] => 0    [orderticker] => 1    [sound] => 1) 
2012-07-02T12:33:19-03:00 DEBUG (7): ydadmin-ThinkPad-X220-Tablet serving janamesa.com.br.testing updating model Default_Model_Base #200 with modified data :: Array(    [current] =>     [name] => Pizzaria Havana    [street] => Avenida Nova Cantareira    [hausnr] => 1311    [plz] => 02331-002    [cityId] => 142684    [categoryId] => 27    [isOnline] => 0    [description] =>     [contactId] => 208    [ustid] =>     [tel] => (011) 2973-2256    [fax] => 0123    [email] =>     [status] => 26    [ktoName] =>     [ktoNr] =>     [ktoBlz] =>     [ktoIban] =>     [ktoSwift] =>     [ustIdNr] =>     [fee] => 0    [komm] => 0.00    [latitude] => 0.0000000    [longitude] => 0.0000000    [notify] => fax    [notifyPayed] => 3    [customerNr] => 40199    [item] => 0    [deleted] => 0    [statecomment] => falta bancofalta faxfalta e-mail    [debit] => 1    [billInterval] => 0    [sodexo] => 0    [ticketrestaurant] => 0    [onlyPickup] => 0    [billDeliverCost] => 1    [ratingQuality] =>     [ratingDelivery] =>     [ratingAdvisePercentPositive] => 0    [specialComment] =>     [specialInfo] =>     [billingContactId] => 208    [floorfee] => 0    [slots] => 0    [slotsPeriod] => 0    [checked] => 0    [billDeliver] => none    [updated] => 2012-07-02 12:33:19    [paymentbar] => 1    [isLogo] => 0    [menuUpdateTime] =>     [qypeId] => 0    [acceptsPfand] => 0    [onlycash] => 1    [faxService] => retarus    [offlineStatusUntil] => 2014-05-20 17:00:00    [placesEmail] =>     [placesPassword] =>     [placesComment] =>     [placesStatus] => nein    [franchiseTypeId] => 4    [restUrl] => servico-de-entrega-pizzaria-havana-sao-paulo    [caterUrl] => bufet-pizzaria-havana-sao-paulo    [greatUrl] => mercado-municipal-pizzaria-havana-sao-paulo    [metaTitle] =>     [metaKeywords] =>     [metaDescription] =>     [metaRobots] => noindex,follow    [kommSat] => 0.00    [itemSat] => 0    [feeSat] => 0    [topUntil] =>     [chargePercentage] => 0.00    [chargeFix] => 0.00    [chargeStart] =>     [password] =>     [laxContract] => 0    [orderticker] => 1    [sound] => 1) 
2012-07-02T12:36:03-03:00 DEBUG (7): ydadmin-ThinkPad-X220-Tablet serving janamesa.com.br.testing updating model Default_Model_Base #200 with modified data :: Array(    [current] =>     [name] => Pizzaria Havana    [street] => Avenida Nova Cantareira    [hausnr] => 1311    [plz] => 02331-002    [cityId] => 142684    [categoryId] => 27    [isOnline] => 0    [description] =>     [contactId] => 208    [ustid] =>     [tel] => (011) 2973-2256    [fax] => 0123    [email] =>     [status] => 26    [ktoName] =>     [ktoNr] =>     [ktoBlz] =>     [ktoIban] =>     [ktoSwift] =>     [ustIdNr] =>     [fee] => 0    [komm] => 0.00    [latitude] => 0.0000000    [longitude] => 0.0000000    [notify] => fax    [notifyPayed] => 3    [customerNr] => 40199    [item] => 0    [deleted] => 0    [statecomment] => falta bancofalta faxfalta e-mail    [debit] => 1    [billInterval] => 0    [sodexo] => 0    [ticketrestaurant] => 0    [onlyPickup] => 0    [billDeliverCost] => 1    [ratingQuality] =>     [ratingDelivery] =>     [ratingAdvisePercentPositive] => 0    [specialComment] =>     [specialInfo] =>     [billingContactId] => 208    [floorfee] => 0    [slots] => 0    [slotsPeriod] => 0    [checked] => 0    [billDeliver] => none    [updated] => 2012-07-02 12:36:03    [paymentbar] => 1    [isLogo] => 0    [menuUpdateTime] =>     [qypeId] => 0    [acceptsPfand] => 0    [onlycash] => 1    [faxService] => retarus    [offlineStatusUntil] => 2014-05-20 17:00:00    [placesEmail] =>     [placesPassword] =>     [placesComment] =>     [placesStatus] => nein    [franchiseTypeId] => 1    [restUrl] => servico-de-entrega-pizzaria-havana-sao-paulo    [caterUrl] => bufet-pizzaria-havana-sao-paulo    [greatUrl] => mercado-municipal-pizzaria-havana-sao-paulo    [metaTitle] =>     [metaKeywords] =>     [metaDescription] =>     [metaRobots] => noindex,follow    [kommSat] => 0.00    [itemSat] => 0    [feeSat] => 0    [topUntil] =>     [chargePercentage] => 0.00    [chargeFix] => 0.00    [chargeStart] =>     [password] =>     [laxContract] => 0    [orderticker] => 1    [sound] => 1) 
2012-07-02T12:36:06-03:00 DEBUG (7): ydadmin-ThinkPad-X220-Tablet serving janamesa.com.br.testing updating model Default_Model_Base #200 with modified data :: Array(    [current] =>     [name] => Pizzaria Havana    [street] => Avenida Nova Cantareira    [hausnr] => 1311    [plz] => 02331-002    [cityId] => 142684    [categoryId] => 27    [isOnline] => 0    [description] =>     [contactId] => 208    [ustid] =>     [tel] => (011) 2973-2256    [fax] => 0123    [email] =>     [status] => 26    [ktoName] =>     [ktoNr] =>     [ktoBlz] =>     [ktoIban] =>     [ktoSwift] =>     [ustIdNr] =>     [fee] => 0    [komm] => 0.00    [latitude] => 0.0000000    [longitude] => 0.0000000    [notify] => fax    [notifyPayed] => 3    [customerNr] => 40199    [item] => 0    [deleted] => 0    [statecomment] => falta bancofalta faxfalta e-mail    [debit] => 1    [billInterval] => 0    [sodexo] => 0    [ticketrestaurant] => 0    [onlyPickup] => 0    [billDeliverCost] => 1    [ratingQuality] =>     [ratingDelivery] =>     [ratingAdvisePercentPositive] => 0    [specialComment] =>     [specialInfo] =>     [billingContactId] => 208    [floorfee] => 0    [slots] => 0    [slotsPeriod] => 0    [checked] => 0    [billDeliver] => none    [updated] => 2012-07-02 12:36:06    [paymentbar] => 1    [isLogo] => 0    [menuUpdateTime] =>     [qypeId] => 0    [acceptsPfand] => 0    [onlycash] => 1    [faxService] => retarus    [offlineStatusUntil] => 2014-05-20 17:00:00    [placesEmail] =>     [placesPassword] =>     [placesComment] =>     [placesStatus] => nein    [franchiseTypeId] => 2    [restUrl] => servico-de-entrega-pizzaria-havana-sao-paulo    [caterUrl] => bufet-pizzaria-havana-sao-paulo    [greatUrl] => mercado-municipal-pizzaria-havana-sao-paulo    [metaTitle] =>     [metaKeywords] =>     [metaDescription] =>     [metaRobots] => noindex,follow    [kommSat] => 0.00    [itemSat] => 0    [feeSat] => 0    [topUntil] =>     [chargePercentage] => 0.00    [chargeFix] => 0.00    [chargeStart] =>     [password] =>     [laxContract] => 0    [orderticker] => 1    [sound] => 1) 
2012-07-02T12:36:07-03:00 DEBUG (7): ydadmin-ThinkPad-X220-Tablet serving janamesa.com.br.testing updating model Default_Model_Base #200 with modified data :: Array(    [current] =>     [name] => Pizzaria Havana    [street] => Avenida Nova Cantareira    [hausnr] => 1311    [plz] => 02331-002    [cityId] => 142684    [categoryId] => 27    [isOnline] => 0    [description] =>     [contactId] => 208    [ustid] =>     [tel] => (011) 2973-2256    [fax] => 0123    [email] =>     [status] => 26    [ktoName] =>     [ktoNr] =>     [ktoBlz] =>     [ktoIban] =>     [ktoSwift] =>     [ustIdNr] =>     [fee] => 0    [komm] => 0.00    [latitude] => 0.0000000    [longitude] => 0.0000000    [notify] => fax    [notifyPayed] => 3    [customerNr] => 40199    [item] => 0    [deleted] => 0    [statecomment] => falta bancofalta faxfalta e-mail    [debit] => 1    [billInterval] => 0    [sodexo] => 0    [ticketrestaurant] => 0    [onlyPickup] => 0    [billDeliverCost] => 1    [ratingQuality] =>     [ratingDelivery] =>     [ratingAdvisePercentPositive] => 0    [specialComment] =>     [specialInfo] =>     [billingContactId] => 208    [floorfee] => 0    [slots] => 0    [slotsPeriod] => 0    [checked] => 0    [billDeliver] => none    [updated] => 2012-07-02 12:36:07    [paymentbar] => 1    [isLogo] => 0    [menuUpdateTime] =>     [qypeId] => 0    [acceptsPfand] => 0    [onlycash] => 1    [faxService] => retarus    [offlineStatusUntil] => 2014-05-20 17:00:00    [placesEmail] =>     [placesPassword] =>     [placesComment] =>     [placesStatus] => nein    [franchiseTypeId] => 4    [restUrl] => servico-de-entrega-pizzaria-havana-sao-paulo    [caterUrl] => bufet-pizzaria-havana-sao-paulo    [greatUrl] => mercado-municipal-pizzaria-havana-sao-paulo    [metaTitle] =>     [metaKeywords] =>     [metaDescription] =>     [metaRobots] => noindex,follow    [kommSat] => 0.00    [itemSat] => 0    [feeSat] => 0    [topUntil] =>     [chargePercentage] => 0.00    [chargeFix] => 0.00    [chargeStart] =>     [password] =>     [laxContract] => 0    [orderticker] => 1    [sound] => 1) 
2012-07-02T12:36:44-03:00 DEBUG (7): ydadmin-ThinkPad-X220-Tablet serving janamesa.com.br.testing updating model Default_Model_Base #200 with modified data :: Array(    [current] =>     [name] => Pizzaria Havana    [street] => Avenida Nova Cantareira    [hausnr] => 1311    [plz] => 02331-002    [cityId] => 142684    [categoryId] => 27    [isOnline] => 0    [description] =>     [contactId] => 208    [ustid] =>     [tel] => (011) 2973-2256    [fax] => 0123    [email] =>     [status] => 26    [ktoName] =>     [ktoNr] =>     [ktoBlz] =>     [ktoIban] =>     [ktoSwift] =>     [ustIdNr] =>     [fee] => 0    [komm] => 0.00    [latitude] => 0.0000000    [longitude] => 0.0000000    [notify] => fax    [notifyPayed] => 3    [customerNr] => 40199    [item] => 0    [deleted] => 0    [statecomment] => falta bancofalta faxfalta e-mail    [debit] => 1    [billInterval] => 0    [sodexo] => 0    [ticketrestaurant] => 0    [onlyPickup] => 0    [billDeliverCost] => 1    [ratingQuality] =>     [ratingDelivery] =>     [ratingAdvisePercentPositive] => 0    [specialComment] =>     [specialInfo] =>     [billingContactId] => 208    [floorfee] => 0    [slots] => 0    [slotsPeriod] => 0    [checked] => 0    [billDeliver] => none    [updated] => 2012-07-02 12:36:44    [paymentbar] => 1    [isLogo] => 0    [menuUpdateTime] =>     [qypeId] => 0    [acceptsPfand] => 0    [onlycash] => 1    [faxService] => retarus    [offlineStatusUntil] => 2014-05-20 17:00:00    [placesEmail] =>     [placesPassword] =>     [placesComment] =>     [placesStatus] => nein    [franchiseTypeId] => 1    [restUrl] => servico-de-entrega-pizzaria-havana-sao-paulo    [caterUrl] => bufet-pizzaria-havana-sao-paulo    [greatUrl] => mercado-municipal-pizzaria-havana-sao-paulo    [metaTitle] =>     [metaKeywords] =>     [metaDescription] =>     [metaRobots] => noindex,follow    [kommSat] => 0.00    [itemSat] => 0    [feeSat] => 0    [topUntil] =>     [chargePercentage] => 0.00    [chargeFix] => 0.00    [chargeStart] =>     [password] =>     [laxContract] => 0    [orderticker] => 1    [sound] => 1) 
2012-07-02T12:36:47-03:00 DEBUG (7): ydadmin-ThinkPad-X220-Tablet serving janamesa.com.br.testing updating model Default_Model_Base #200 with modified data :: Array(    [current] =>     [name] => Pizzaria Havana    [street] => Avenida Nova Cantareira    [hausnr] => 1311    [plz] => 02331-002    [cityId] => 142684    [categoryId] => 27    [isOnline] => 0    [description] =>     [contactId] => 208    [ustid] =>     [tel] => (011) 2973-2256    [fax] => 0123    [email] =>     [status] => 26    [ktoName] =>     [ktoNr] =>     [ktoBlz] =>     [ktoIban] =>     [ktoSwift] =>     [ustIdNr] =>     [fee] => 0    [komm] => 0.00    [latitude] => 0.0000000    [longitude] => 0.0000000    [notify] => fax    [notifyPayed] => 3    [customerNr] => 40199    [item] => 0    [deleted] => 0    [statecomment] => falta bancofalta faxfalta e-mail    [debit] => 1    [billInterval] => 0    [sodexo] => 0    [ticketrestaurant] => 0    [onlyPickup] => 0    [billDeliverCost] => 1    [ratingQuality] =>     [ratingDelivery] =>     [ratingAdvisePercentPositive] => 0    [specialComment] =>     [specialInfo] =>     [billingContactId] => 208    [floorfee] => 0    [slots] => 0    [slotsPeriod] => 0    [checked] => 0    [billDeliver] => none    [updated] => 2012-07-02 12:36:47    [paymentbar] => 1    [isLogo] => 0    [menuUpdateTime] =>     [qypeId] => 0    [acceptsPfand] => 0    [onlycash] => 1    [faxService] => retarus    [offlineStatusUntil] => 2014-05-20 17:00:00    [placesEmail] =>     [placesPassword] =>     [placesComment] =>     [placesStatus] => nein    [franchiseTypeId] => 2    [restUrl] => servico-de-entrega-pizzaria-havana-sao-paulo    [caterUrl] => bufet-pizzaria-havana-sao-paulo    [greatUrl] => mercado-municipal-pizzaria-havana-sao-paulo    [metaTitle] =>     [metaKeywords] =>     [metaDescription] =>     [metaRobots] => noindex,follow    [kommSat] => 0.00    [itemSat] => 0    [feeSat] => 0    [topUntil] =>     [chargePercentage] => 0.00    [chargeFix] => 0.00    [chargeStart] =>     [password] =>     [laxContract] => 0    [orderticker] => 1    [sound] => 1) 
2012-07-02T12:36:47-03:00 DEBUG (7): ydadmin-ThinkPad-X220-Tablet serving janamesa.com.br.testing updating model Default_Model_Base #200 with modified data :: Array(    [current] =>     [name] => Pizzaria Havana    [street] => Avenida Nova Cantareira    [hausnr] => 1311    [plz] => 02331-002    [cityId] => 142684    [categoryId] => 27    [isOnline] => 0    [description] =>     [contactId] => 208    [ustid] =>     [tel] => (011) 2973-2256    [fax] => 0123    [email] =>     [status] => 26    [ktoName] =>     [ktoNr] =>     [ktoBlz] =>     [ktoIban] =>     [ktoSwift] =>     [ustIdNr] =>     [fee] => 0    [komm] => 0.00    [latitude] => 0.0000000    [longitude] => 0.0000000    [notify] => fax    [notifyPayed] => 3    [customerNr] => 40199    [item] => 0    [deleted] => 0    [statecomment] => falta bancofalta faxfalta e-mail    [debit] => 1    [billInterval] => 0    [sodexo] => 0    [ticketrestaurant] => 0    [onlyPickup] => 0    [billDeliverCost] => 1    [ratingQuality] =>     [ratingDelivery] =>     [ratingAdvisePercentPositive] => 0    [specialComment] =>     [specialInfo] =>     [billingContactId] => 208    [floorfee] => 0    [slots] => 0    [slotsPeriod] => 0    [checked] => 0    [billDeliver] => none    [updated] => 2012-07-02 12:36:47    [paymentbar] => 1    [isLogo] => 0    [menuUpdateTime] =>     [qypeId] => 0    [acceptsPfand] => 0    [onlycash] => 1    [faxService] => retarus    [offlineStatusUntil] => 2014-05-20 17:00:00    [placesEmail] =>     [placesPassword] =>     [placesComment] =>     [placesStatus] => nein    [franchiseTypeId] => 4    [restUrl] => servico-de-entrega-pizzaria-havana-sao-paulo    [caterUrl] => bufet-pizzaria-havana-sao-paulo    [greatUrl] => mercado-municipal-pizzaria-havana-sao-paulo    [metaTitle] =>     [metaKeywords] =>     [metaDescription] =>     [metaRobots] => noindex,follow    [kommSat] => 0.00    [itemSat] => 0    [feeSat] => 0    [topUntil] =>     [chargePercentage] => 0.00    [chargeFix] => 0.00    [chargeStart] =>     [password] =>     [laxContract] => 0    [orderticker] => 1    [sound] => 1) 
2012-07-02T12:36:58-03:00 DEBUG (7): ydadmin-ThinkPad-X220-Tablet serving janamesa.com.br.testing updating model Default_Model_Base #200 with modified data :: Array(    [current] =>     [name] => Pizzaria Havana    [street] => Avenida Nova Cantareira    [hausnr] => 1311    [plz] => 02331-002    [cityId] => 142684    [categoryId] => 27    [isOnline] => 0    [description] =>     [contactId] => 208    [ustid] =>     [tel] => (011) 2973-2256    [fax] => 0123    [email] =>     [status] => 26    [ktoName] =>     [ktoNr] =>     [ktoBlz] =>     [ktoIban] =>     [ktoSwift] =>     [ustIdNr] =>     [fee] => 0    [komm] => 0.00    [latitude] => 0.0000000    [longitude] => 0.0000000    [notify] => fax    [notifyPayed] => 3    [customerNr] => 40199    [item] => 0    [deleted] => 0    [statecomment] => falta bancofalta faxfalta e-mail    [debit] => 1    [billInterval] => 0    [sodexo] => 0    [ticketrestaurant] => 0    [onlyPickup] => 0    [billDeliverCost] => 1    [ratingQuality] =>     [ratingDelivery] =>     [ratingAdvisePercentPositive] => 0    [specialComment] =>     [specialInfo] =>     [billingContactId] => 208    [floorfee] => 0    [slots] => 0    [slotsPeriod] => 0    [checked] => 0    [billDeliver] => none    [updated] => 2012-07-02 12:36:58    [paymentbar] => 1    [isLogo] => 0    [menuUpdateTime] =>     [qypeId] => 0    [acceptsPfand] => 0    [onlycash] => 1    [faxService] => retarus    [offlineStatusUntil] => 2014-05-20 17:00:00    [placesEmail] =>     [placesPassword] =>     [placesComment] =>     [placesStatus] => nein    [franchiseTypeId] => 1    [restUrl] => servico-de-entrega-pizzaria-havana-sao-paulo    [caterUrl] => bufet-pizzaria-havana-sao-paulo    [greatUrl] => mercado-municipal-pizzaria-havana-sao-paulo    [metaTitle] =>     [metaKeywords] =>     [metaDescription] =>     [metaRobots] => noindex,follow    [kommSat] => 0.00    [itemSat] => 0    [feeSat] => 0    [topUntil] =>     [chargePercentage] => 0.00    [chargeFix] => 0.00    [chargeStart] =>     [password] =>     [laxContract] => 0    [orderticker] => 1    [sound] => 1) 
2012-07-02T12:37:01-03:00 DEBUG (7): ydadmin-ThinkPad-X220-Tablet serving janamesa.com.br.testing updating model Default_Model_Base #200 with modified data :: Array(    [current] =>     [name] => Pizzaria Havana    [street] => Avenida Nova Cantareira    [hausnr] => 1311    [plz] => 02331-002    [cityId] => 142684    [categoryId] => 27    [isOnline] => 0    [description] =>     [contactId] => 208    [ustid] =>     [tel] => (011) 2973-2256    [fax] => 0123    [email] =>     [status] => 26    [ktoName] =>     [ktoNr] =>     [ktoBlz] =>     [ktoIban] =>     [ktoSwift] =>     [ustIdNr] =>     [fee] => 0    [komm] => 0.00    [latitude] => 0.0000000    [longitude] => 0.0000000    [notify] => fax    [notifyPayed] => 3    [customerNr] => 40199    [item] => 0    [deleted] => 0    [statecomment] => falta bancofalta faxfalta e-mail    [debit] => 1    [billInterval] => 0    [sodexo] => 0    [ticketrestaurant] => 0    [onlyPickup] => 0    [billDeliverCost] => 1    [ratingQuality] =>     [ratingDelivery] =>     [ratingAdvisePercentPositive] => 0    [specialComment] =>     [specialInfo] =>     [billingContactId] => 208    [floorfee] => 0    [slots] => 0    [slotsPeriod] => 0    [checked] => 0    [billDeliver] => none    [updated] => 2012-07-02 12:37:01    [paymentbar] => 1    [isLogo] => 0    [menuUpdateTime] =>     [qypeId] => 0    [acceptsPfand] => 0    [onlycash] => 1    [faxService] => retarus    [offlineStatusUntil] => 2014-05-20 17:00:00    [placesEmail] =>     [placesPassword] =>     [placesComment] =>     [placesStatus] => nein    [franchiseTypeId] => 2    [restUrl] => servico-de-entrega-pizzaria-havana-sao-paulo    [caterUrl] => bufet-pizzaria-havana-sao-paulo    [greatUrl] => mercado-municipal-pizzaria-havana-sao-paulo    [metaTitle] =>     [metaKeywords] =>     [metaDescription] =>     [metaRobots] => noindex,follow    [kommSat] => 0.00    [itemSat] => 0    [feeSat] => 0    [topUntil] =>     [chargePercentage] => 0.00    [chargeFix] => 0.00    [chargeStart] =>     [password] =>     [laxContract] => 0    [orderticker] => 1    [sound] => 1) 
2012-07-02T12:37:01-03:00 DEBUG (7): ydadmin-ThinkPad-X220-Tablet serving janamesa.com.br.testing updating model Default_Model_Base #200 with modified data :: Array(    [current] =>     [name] => Pizzaria Havana    [street] => Avenida Nova Cantareira    [hausnr] => 1311    [plz] => 02331-002    [cityId] => 142684    [categoryId] => 27    [isOnline] => 0    [description] =>     [contactId] => 208    [ustid] =>     [tel] => (011) 2973-2256    [fax] => 0123    [email] =>     [status] => 26    [ktoName] =>     [ktoNr] =>     [ktoBlz] =>     [ktoIban] =>     [ktoSwift] =>     [ustIdNr] =>     [fee] => 0    [komm] => 0.00    [latitude] => 0.0000000    [longitude] => 0.0000000    [notify] => fax    [notifyPayed] => 3    [customerNr] => 40199    [item] => 0    [deleted] => 0    [statecomment] => falta bancofalta faxfalta e-mail    [debit] => 1    [billInterval] => 0    [sodexo] => 0    [ticketrestaurant] => 0    [onlyPickup] => 0    [billDeliverCost] => 1    [ratingQuality] =>     [ratingDelivery] =>     [ratingAdvisePercentPositive] => 0    [specialComment] =>     [specialInfo] =>     [billingContactId] => 208    [floorfee] => 0    [slots] => 0    [slotsPeriod] => 0    [checked] => 0    [billDeliver] => none    [updated] => 2012-07-02 12:37:01    [paymentbar] => 1    [isLogo] => 0    [menuUpdateTime] =>     [qypeId] => 0    [acceptsPfand] => 0    [onlycash] => 1    [faxService] => retarus    [offlineStatusUntil] => 2014-05-20 17:00:00    [placesEmail] =>     [placesPassword] =>     [placesComment] =>     [placesStatus] => nein    [franchiseTypeId] => 4    [restUrl] => servico-de-entrega-pizzaria-havana-sao-paulo    [caterUrl] => bufet-pizzaria-havana-sao-paulo    [greatUrl] => mercado-municipal-pizzaria-havana-sao-paulo    [metaTitle] =>     [metaKeywords] =>     [metaDescription] =>     [metaRobots] => noindex,follow    [kommSat] => 0.00    [itemSat] => 0    [feeSat] => 0    [topUntil] =>     [chargePercentage] => 0.00    [chargeFix] => 0.00    [chargeStart] =>     [password] =>     [laxContract] => 0    [orderticker] => 1    [sound] => 1) 
2012-07-02T12:41:18-03:00 DEBUG (7): ydadmin-ThinkPad-X220-Tablet serving janamesa.com.br.testing updating model Default_Model_Base #200 with modified data :: Array(    [current] =>     [name] => Pizzaria Havana    [street] => Avenida Nova Cantareira    [hausnr] => 1311    [plz] => 02331-002    [cityId] => 142684    [categoryId] => 27    [isOnline] => 0    [description] =>     [contactId] => 208    [ustid] =>     [tel] => (011) 2973-2256    [fax] => 0123    [email] =>     [status] => 26    [ktoName] =>     [ktoNr] =>     [ktoBlz] =>     [ktoIban] =>     [ktoSwift] =>     [ustIdNr] =>     [fee] => 0    [komm] => 0.00    [latitude] => 0.0000000    [longitude] => 0.0000000    [notify] => fax    [notifyPayed] => 3    [customerNr] => 40199    [item] => 0    [deleted] => 0    [statecomment] => falta bancofalta faxfalta e-mail    [debit] => 1    [billInterval] => 0    [sodexo] => 0    [ticketrestaurant] => 0    [onlyPickup] => 0    [billDeliverCost] => 1    [ratingQuality] =>     [ratingDelivery] =>     [ratingAdvisePercentPositive] => 0    [specialComment] =>     [specialInfo] =>     [billingContactId] => 208    [floorfee] => 0    [slots] => 0    [slotsPeriod] => 0    [checked] => 0    [billDeliver] => none    [updated] => 2012-07-02 12:41:18    [paymentbar] => 1    [isLogo] => 0    [menuUpdateTime] =>     [qypeId] => 0    [acceptsPfand] => 0    [onlycash] => 1    [faxService] => retarus    [offlineStatusUntil] => 2014-05-20 17:00:00    [placesEmail] =>     [placesPassword] =>     [placesComment] =>     [placesStatus] => nein    [franchiseTypeId] => 1    [restUrl] => servico-de-entrega-pizzaria-havana-sao-paulo    [caterUrl] => bufet-pizzaria-havana-sao-paulo    [greatUrl] => mercado-municipal-pizzaria-havana-sao-paulo    [metaTitle] =>     [metaKeywords] =>     [metaDescription] =>     [metaRobots] => noindex,follow    [kommSat] => 0.00    [itemSat] => 0    [feeSat] => 0    [topUntil] =>     [chargePercentage] => 0.00    [chargeFix] => 0.00    [chargeStart] =>     [password] =>     [laxContract] => 0    [orderticker] => 1    [sound] => 1) 
2012-07-02T12:41:31-03:00 DEBUG (7): ydadmin-ThinkPad-X220-Tablet serving janamesa.com.br.testing updating model Default_Model_Base #200 with modified data :: Array(    [current] =>     [name] => Pizzaria Havana    [street] => Avenida Nova Cantareira    [hausnr] => 1311    [plz] => 02331-002    [cityId] => 142684    [categoryId] => 27    [isOnline] => 0    [description] =>     [contactId] => 208    [ustid] =>     [tel] => (011) 2973-2256    [fax] => 0123    [email] =>     [status] => 26    [ktoName] =>     [ktoNr] =>     [ktoBlz] =>     [ktoIban] =>     [ktoSwift] =>     [ustIdNr] =>     [fee] => 0    [komm] => 0.00    [latitude] => 0.0000000    [longitude] => 0.0000000    [notify] => fax    [notifyPayed] => 3    [customerNr] => 40199    [item] => 0    [deleted] => 0    [statecomment] => falta bancofalta faxfalta e-mail    [debit] => 1    [billInterval] => 0    [sodexo] => 0    [ticketrestaurant] => 0    [onlyPickup] => 0    [billDeliverCost] => 1    [ratingQuality] =>     [ratingDelivery] =>     [ratingAdvisePercentPositive] => 0    [specialComment] =>     [specialInfo] =>     [billingContactId] => 208    [floorfee] => 0    [slots] => 0    [slotsPeriod] => 0    [checked] => 0    [billDeliver] => none    [updated] => 2012-07-02 12:41:31    [paymentbar] => 1    [isLogo] => 0    [menuUpdateTime] =>     [qypeId] => 0    [acceptsPfand] => 0    [onlycash] => 1    [faxService] => retarus    [offlineStatusUntil] => 2014-05-20 17:00:00    [placesEmail] =>     [placesPassword] =>     [placesComment] =>     [placesStatus] => nein    [franchiseTypeId] => 2    [restUrl] => servico-de-entrega-pizzaria-havana-sao-paulo    [caterUrl] => bufet-pizzaria-havana-sao-paulo    [greatUrl] => mercado-municipal-pizzaria-havana-sao-paulo    [metaTitle] =>     [metaKeywords] =>     [metaDescription] =>     [metaRobots] => noindex,follow    [kommSat] => 0.00    [itemSat] => 0    [feeSat] => 0    [topUntil] =>     [chargePercentage] => 0.00    [chargeFix] => 0.00    [chargeStart] =>     [password] =>     [laxContract] => 0    [orderticker] => 1    [sound] => 1) 
2012-07-02T14:36:40-03:00 DEBUG (7): ydadmin-ThinkPad-X220-Tablet serving janamesa.com.br.testing SMARTY: did not find template administration/service/edit/index.htm in janamesa.com.br layout, switching successfully back to default 
2012-07-02T14:36:40-03:00 DEBUG (7): ydadmin-ThinkPad-X220-Tablet serving janamesa.com.br.testing SMARTY: rendering template administration/service/edit/index.htm 
2012-07-02T14:36:52-03:00 DEBUG (7): ydadmin-ThinkPad-X220-Tablet serving janamesa.com.br.testing SMARTY: did not find template administration/service/edit/contacts.htm in janamesa.com.br layout, switching successfully back to default 
2012-07-02T14:36:52-03:00 DEBUG (7): ydadmin-ThinkPad-X220-Tablet serving janamesa.com.br.testing SMARTY: rendering template administration/service/edit/contacts.htm 
2012-07-02T14:37:12-03:00 DEBUG (7): ydadmin-ThinkPad-X220-Tablet serving janamesa.com.br.testing SMARTY: did not find template administration/service/edit/index.htm in janamesa.com.br layout, switching successfully back to default 
2012-07-02T14:37:12-03:00 DEBUG (7): ydadmin-ThinkPad-X220-Tablet serving janamesa.com.br.testing SMARTY: rendering template administration/service/edit/index.htm 
2012-07-02T14:37:55-03:00 DEBUG (7): ydadmin-ThinkPad-X220-Tablet serving janamesa.com.br.testing SMARTY: did not find template administration/service/edit/index.htm in janamesa.com.br layout, switching successfully back to default 
2012-07-02T14:37:55-03:00 DEBUG (7): ydadmin-ThinkPad-X220-Tablet serving janamesa.com.br.testing SMARTY: rendering template administration/service/edit/index.htm 
2012-07-02T14:38:33-03:00 INFO (6): ydadmin-ThinkPad-X220-Tablet serving janamesa.com.br.testing Yourdelivery_Model_Servicetype_Restaurant: Starting uncache restaurant #370 
2012-07-02T14:38:33-03:00 INFO (6): ydadmin-ThinkPad-X220-Tablet serving janamesa.com.br.testing Yourdelivery_Model_Servicetype_Restaurant: Cache was flushed for restaurant #370 
2012-07-02T14:38:33-03:00 DEBUG (7): ydadmin-ThinkPad-X220-Tablet serving janamesa.com.br.testing updating model Default_Model_Base #370 with modified data :: Array(    [current] =>     [name] => Tin - Hu Morumbi    [street] => Licio Marcondes do Amaral    [hausnr] => 66    [plz] => 05616-100    [cityId] => 119978    [categoryId] => 14    [isOnline] => 1    [description] =>     [contactId] => 377    [ustid] =>     [tel] => (011) 3721-6677    [fax] => 0123    [email] => tinhumorumbi@hotmail.com    [status] => 0    [ktoName] => ertz ertz    [ktoNr] => cccc    [ktoDigit] =>     [ktoBank] =>     [ktoAgentur] =>     [ktoBlz] =>     [ktoIban] =>     [ktoSwift] =>     [ustIdNr] => 12345    [fee] => 0    [komm] => 10.00    [latitude] => 0.0000000    [longitude] => 0.0000000    [notify] => fax    [notifyPayed] => 3    [customerNr] => 40369    [item] => 0    [deleted] => 0    [statecomment] => falta bancofalta fax2 meses sem prov(011) 3726-1805(011) 3721-2861    [debit] => 1    [billInterval] => 0    [sodexo] => 0    [ticketrestaurant] => 0    [onlyPickup] => 0    [billDeliverCost] => 1    [ratingQuality] =>     [ratingDelivery] =>     [ratingAdvisePercentPositive] => 0    [specialComment] =>     [specialInfo] =>     [billingContactId] => 377    [floorfee] => 0    [slots] => 0    [slotsPeriod] => 0    [checked] => 0    [billDeliver] => none    [updated] => 2012-07-02 14:38:33    [paymentbar] => 1    [isLogo] => 0    [menuUpdateTime] =>     [qypeId] =>     [acceptsPfand] =>     [onlycash] => 1    [faxService] => retarus    [offlineStatusUntil] => 02.07.2012    [placesEmail] =>     [placesPassword] =>     [placesComment] =>     [placesStatus] => nein    [franchiseTypeId] => 1    [restUrl] => servico-de-entrega-tin-hu-sao-paulo    [caterUrl] => bufet-tin-hu-sao-paulo    [greatUrl] => mercado-municipal-tin-hu-sao-paulo    [metaTitle] =>     [metaKeywords] =>     [metaDescription] =>     [metaRobots] => noindex,follow    [kommSat] => 0.00    [itemSat] => 0    [feeSat] => 0    [topUntil] =>     [chargePercentage] => 0.00    [chargeFix] => 0.00    [chargeStart] =>     [password] =>     [laxContract] => 0    [orderticker] => 1    [sound] => 1    [franchiseName] =>     [noNotification] => 0    [billingName] =>     [offline-change-reason-text] => ) 
2012-07-02T14:38:33-03:00 INFO (6): ydadmin-ThinkPad-X220-Tablet serving janamesa.com.br.testing Successfully edited service Tin - Hu Morumbi (370) #Supporter Jens Naie (345) 
2012-07-02T14:38:33-03:00 DEBUG (7): ydadmin-ThinkPad-X220-Tablet serving janamesa.com.br.testing SMARTY: did not find template administration/service/edit/index.htm in janamesa.com.br layout, switching successfully back to default 
2012-07-02T14:38:33-03:00 DEBUG (7): ydadmin-ThinkPad-X220-Tablet serving janamesa.com.br.testing SMARTY: rendering template administration/service/edit/index.htm 
2012-07-02T14:39:14-03:00 INFO (6): ydadmin-ThinkPad-X220-Tablet serving janamesa.com.br.testing Yourdelivery_Model_Servicetype_Restaurant: Starting uncache restaurant #370 
2012-07-02T14:39:14-03:00 INFO (6): ydadmin-ThinkPad-X220-Tablet serving janamesa.com.br.testing Yourdelivery_Model_Servicetype_Restaurant: Cache was flushed for restaurant #370 
2012-07-02T14:39:14-03:00 DEBUG (7): ydadmin-ThinkPad-X220-Tablet serving janamesa.com.br.testing updating model Default_Model_Base #370 with modified data :: Array(    [current] =>     [name] => Tin - Hu Morumbi    [street] => Licio Marcondes do Amaral    [hausnr] => 66    [plz] => 05616-100    [cityId] => 119978    [categoryId] => 14    [isOnline] => 1    [description] =>     [contactId] => 377    [ustid] =>     [tel] => (011) 3721-6677    [fax] => 0123    [email] => tinhumorumbi@hotmail.com    [status] => 0    [ktoName] => ertz ertz    [ktoNr] => cccc    [ktoDigit] =>     [ktoBank] =>     [ktoAgentur] =>     [ktoBlz] =>     [ktoIban] =>     [ktoSwift] =>     [ustIdNr] => 12345    [fee] => 0    [komm] => 10.00    [latitude] => 0.0000000    [longitude] => 0.0000000    [notify] => fax    [notifyPayed] => 3    [customerNr] => 40369    [item] => 0    [deleted] => 0    [statecomment] => falta bancofalta fax2 meses sem prov(011) 3726-1805(011) 3721-2861    [debit] => 1    [billInterval] => 0    [sodexo] => 0    [ticketrestaurant] => 0    [onlyPickup] => 0    [billDeliverCost] => 1    [ratingQuality] =>     [ratingDelivery] =>     [ratingAdvisePercentPositive] => 0    [specialComment] =>     [specialInfo] =>     [billingContactId] => 377    [floorfee] => 0    [slots] => 0    [slotsPeriod] => 0    [checked] => 0    [billDeliver] => none    [updated] => 2012-07-02 14:39:14    [paymentbar] => 1    [isLogo] => 0    [menuUpdateTime] =>     [qypeId] =>     [acceptsPfand] =>     [onlycash] => 1    [faxService] => retarus    [offlineStatusUntil] => 02.07.2012    [placesEmail] =>     [placesPassword] =>     [placesComment] =>     [placesStatus] => nein    [franchiseTypeId] => 1    [restUrl] => servico-de-entrega-tin-hu-sao-paulo    [caterUrl] => bufet-tin-hu-sao-paulo    [greatUrl] => mercado-municipal-tin-hu-sao-paulo    [metaTitle] =>     [metaKeywords] =>     [metaDescription] =>     [metaRobots] => noindex,follow    [kommSat] => 0.00    [itemSat] => 0    [feeSat] => 0    [topUntil] =>     [chargePercentage] => 0.00    [chargeFix] => 0.00    [chargeStart] =>     [password] =>     [laxContract] => 0    [orderticker] => 1    [sound] => 1    [franchiseName] =>     [noNotification] => 0    [billingName] =>     [offline-change-reason-text] => ) 
2012-07-02T14:39:14-03:00 INFO (6): ydadmin-ThinkPad-X220-Tablet serving janamesa.com.br.testing Successfully edited service Tin - Hu Morumbi (370) #Supporter Jens Naie (345) 
2012-07-02T14:39:14-03:00 DEBUG (7): ydadmin-ThinkPad-X220-Tablet serving janamesa.com.br.testing SMARTY: did not find template administration/service/edit/index.htm in janamesa.com.br layout, switching successfully back to default 
2012-07-02T14:39:14-03:00 DEBUG (7): ydadmin-ThinkPad-X220-Tablet serving janamesa.com.br.testing SMARTY: rendering template administration/service/edit/index.htm 
