2012-06-25T05:09:13-03:00 DEBUG (7): ydadmin-ThinkPad-X220-Tablet serving janamesa.com.br.testing SMARTY: did not find template administration/login.htm in janamesa.com.br layout, switching successfully back to default 
2012-06-25T05:09:13-03:00 DEBUG (7): ydadmin-ThinkPad-X220-Tablet serving janamesa.com.br.testing SMARTY: rendering template administration/login.htm 
2012-06-25T05:09:17-03:00 INFO (6): ydadmin-ThinkPad-X220-Tablet serving janamesa.com.br.testing Successfully loggged in admin #Supporter Jens Naie (345) 
2012-06-25T05:09:17-03:00 DEBUG (7): ydadmin-ThinkPad-X220-Tablet serving janamesa.com.br.testing SMARTY: did not find template administration/dashboard.htm in janamesa.com.br layout, switching successfully back to default 
2012-06-25T05:09:17-03:00 DEBUG (7): ydadmin-ThinkPad-X220-Tablet serving janamesa.com.br.testing SMARTY: rendering template administration/dashboard.htm 
2012-06-25T05:09:23-03:00 DEBUG (7): ydadmin-ThinkPad-X220-Tablet serving janamesa.com.br.testing SMARTY: did not find template administration/order/gridsearch.htm in janamesa.com.br layout, switching successfully back to default 
2012-06-25T05:09:23-03:00 DEBUG (7): ydadmin-ThinkPad-X220-Tablet serving janamesa.com.br.testing SMARTY: rendering template administration/order/gridsearch.htm 
2012-06-25T05:09:26-03:00 DEBUG (7): ydadmin-ThinkPad-X220-Tablet serving janamesa.com.br.testing SMARTY: did not find template administration/order/index.htm in janamesa.com.br layout, switching successfully back to default 
2012-06-25T05:09:26-03:00 DEBUG (7): ydadmin-ThinkPad-X220-Tablet serving janamesa.com.br.testing SMARTY: rendering template administration/order/index.htm 
2012-06-25T05:09:34-03:00 DEBUG (7): ydadmin-ThinkPad-X220-Tablet serving janamesa.com.br.testing SMARTY: did not find template administration/services.htm in janamesa.com.br layout, switching successfully back to default 
2012-06-25T05:09:34-03:00 DEBUG (7): ydadmin-ThinkPad-X220-Tablet serving janamesa.com.br.testing SMARTY: rendering template administration/services.htm 
2012-06-25T05:12:13-03:00 DEBUG (7): ydadmin-ThinkPad-X220-Tablet serving janamesa.com.br.testing SMARTY: did not find template order/basis/menu.htm in janamesa.com.br layout, switching successfully back to default 
2012-06-25T05:12:13-03:00 DEBUG (7): ydadmin-ThinkPad-X220-Tablet serving janamesa.com.br.testing SMARTY: rendering template order/basis/menu.htm 
2012-06-25T05:12:17-03:00 DEBUG (7): ydadmin-ThinkPad-X220-Tablet serving janamesa.com.br.testing SMARTY: caching /home/ydadmin/htdocs/lieferando/application/../public/cache/html/www.yourdelivery.local/servico-de-entega-chopp-fast-sao-paulo.html 
2012-06-25T05:12:25-03:00 DEBUG (7): ydadmin-ThinkPad-X220-Tablet serving janamesa.com.br.testing order courier pdf for order 682 does not exists yet, generating and returning 
2012-06-25T05:12:25-03:00 DEBUG (7): ydadmin-ThinkPad-X220-Tablet serving janamesa.com.br.testing SMARTY: did not find template administration/order/index.htm in janamesa.com.br layout, switching successfully back to default 
2012-06-25T05:12:25-03:00 DEBUG (7): ydadmin-ThinkPad-X220-Tablet serving janamesa.com.br.testing SMARTY: rendering template administration/order/index.htm 
2012-06-25T05:12:35-03:00 DEBUG (7): ydadmin-ThinkPad-X220-Tablet serving janamesa.com.br.testing SMARTY: did not find template order/basis/menu.htm in janamesa.com.br layout, switching successfully back to default 
2012-06-25T05:12:35-03:00 DEBUG (7): ydadmin-ThinkPad-X220-Tablet serving janamesa.com.br.testing SMARTY: rendering template order/basis/menu.htm 
2012-06-25T05:12:36-03:00 DEBUG (7): ydadmin-ThinkPad-X220-Tablet serving janamesa.com.br.testing SMARTY: caching /home/ydadmin/htdocs/lieferando/application/../public/cache/html/www.yourdelivery.local/servico-de-entrega-vic-cafe-tatuape-sao-paulo.html 
2012-06-25T07:29:09-03:00 DEBUG (7): ydadmin-ThinkPad-X220-Tablet serving janamesa.com.br.testing SMARTY: did not find template administration/services.htm in janamesa.com.br layout, switching successfully back to default 
2012-06-25T07:29:09-03:00 DEBUG (7): ydadmin-ThinkPad-X220-Tablet serving janamesa.com.br.testing SMARTY: rendering template administration/services.htm 
2012-06-25T07:29:24-03:00 DEBUG (7): ydadmin-ThinkPad-X220-Tablet serving janamesa.com.br.testing SMARTY: did not find template administration/services.htm in janamesa.com.br layout, switching successfully back to default 
2012-06-25T07:29:24-03:00 DEBUG (7): ydadmin-ThinkPad-X220-Tablet serving janamesa.com.br.testing SMARTY: rendering template administration/services.htm 
2012-06-25T07:31:49-03:00 DEBUG (7): ydadmin-ThinkPad-X220-Tablet serving janamesa.com.br.testing SMARTY: did not find template administration/services.htm in janamesa.com.br layout, switching successfully back to default 
2012-06-25T07:31:49-03:00 DEBUG (7): ydadmin-ThinkPad-X220-Tablet serving janamesa.com.br.testing SMARTY: rendering template administration/services.htm 
2012-06-25T07:32:22-03:00 DEBUG (7): ydadmin-ThinkPad-X220-Tablet serving janamesa.com.br.testing SMARTY: did not find template administration/services.htm in janamesa.com.br layout, switching successfully back to default 
2012-06-25T07:32:22-03:00 DEBUG (7): ydadmin-ThinkPad-X220-Tablet serving janamesa.com.br.testing SMARTY: rendering template administration/services.htm 
2012-06-25T09:54:34-03:00 DEBUG (7): ydadmin-ThinkPad-X220-Tablet serving janamesa.com.br.testing SMARTY: did not find template administration/users.htm in janamesa.com.br layout, switching successfully back to default 
2012-06-25T09:54:34-03:00 DEBUG (7): ydadmin-ThinkPad-X220-Tablet serving janamesa.com.br.testing SMARTY: rendering template administration/users.htm 
2012-06-25T09:54:44-03:00 DEBUG (7): ydadmin-ThinkPad-X220-Tablet serving janamesa.com.br.testing SMARTY: did not find template administration/users.htm in janamesa.com.br layout, switching successfully back to default 
2012-06-25T09:54:44-03:00 DEBUG (7): ydadmin-ThinkPad-X220-Tablet serving janamesa.com.br.testing SMARTY: rendering template administration/users.htm 
2012-06-25T09:54:49-03:00 DEBUG (7): ydadmin-ThinkPad-X220-Tablet serving janamesa.com.br.testing SMARTY: did not find template administration/user/edit/index.htm in janamesa.com.br layout, switching successfully back to default 
2012-06-25T09:54:49-03:00 DEBUG (7): ydadmin-ThinkPad-X220-Tablet serving janamesa.com.br.testing SMARTY: rendering template administration/user/edit/index.htm 
2012-06-25T09:55:08-03:00 DEBUG (7): ydadmin-ThinkPad-X220-Tablet serving janamesa.com.br.testing SMARTY: did not find template administration/user/edit/index.htm in janamesa.com.br layout, switching successfully back to default 
2012-06-25T09:55:08-03:00 DEBUG (7): ydadmin-ThinkPad-X220-Tablet serving janamesa.com.br.testing SMARTY: rendering template administration/user/edit/index.htm 
2012-06-25T09:57:17-03:00 DEBUG (7): ydadmin-ThinkPad-X220-Tablet serving janamesa.com.br.testing SMARTY: did not find template administration/user/edit/index.htm in janamesa.com.br layout, switching successfully back to default 
2012-06-25T09:57:17-03:00 DEBUG (7): ydadmin-ThinkPad-X220-Tablet serving janamesa.com.br.testing SMARTY: rendering template administration/user/edit/index.htm 
2012-06-25T09:59:05-03:00 DEBUG (7): ydadmin-ThinkPad-X220-Tablet serving janamesa.com.br.testing SMARTY: did not find template administration/user/edit/index.htm in janamesa.com.br layout, switching successfully back to default 
2012-06-25T09:59:05-03:00 DEBUG (7): ydadmin-ThinkPad-X220-Tablet serving janamesa.com.br.testing SMARTY: rendering template administration/user/edit/index.htm 
2012-06-25T10:00:51-03:00 DEBUG (7): ydadmin-ThinkPad-X220-Tablet serving janamesa.com.br.testing SMARTY: did not find template administration/order/gridsearch.htm in janamesa.com.br layout, switching successfully back to default 
2012-06-25T10:00:51-03:00 DEBUG (7): ydadmin-ThinkPad-X220-Tablet serving janamesa.com.br.testing SMARTY: rendering template administration/order/gridsearch.htm 
2012-06-25T10:00:55-03:00 DEBUG (7): ydadmin-ThinkPad-X220-Tablet serving janamesa.com.br.testing SMARTY: did not find template administration/order/index.htm in janamesa.com.br layout, switching successfully back to default 
2012-06-25T10:00:55-03:00 DEBUG (7): ydadmin-ThinkPad-X220-Tablet serving janamesa.com.br.testing SMARTY: rendering template administration/order/index.htm 
2012-06-25T10:01:01-03:00 DEBUG (7): ydadmin-ThinkPad-X220-Tablet serving janamesa.com.br.testing order courier pdf for order 682 does not exists yet, generating and returning 
2012-06-25T10:01:01-03:00 DEBUG (7): ydadmin-ThinkPad-X220-Tablet serving janamesa.com.br.testing order courier pdf for order 681 does not exists yet, generating and returning 
2012-06-25T10:01:02-03:00 DEBUG (7): ydadmin-ThinkPad-X220-Tablet serving janamesa.com.br.testing order courier pdf for order 680 does not exists yet, generating and returning 
2012-06-25T10:01:02-03:00 DEBUG (7): ydadmin-ThinkPad-X220-Tablet serving janamesa.com.br.testing order courier pdf for order 679 does not exists yet, generating and returning 
2012-06-25T10:01:02-03:00 DEBUG (7): ydadmin-ThinkPad-X220-Tablet serving janamesa.com.br.testing order courier pdf for order 678 does not exists yet, generating and returning 
2012-06-25T10:01:02-03:00 DEBUG (7): ydadmin-ThinkPad-X220-Tablet serving janamesa.com.br.testing order courier pdf for order 677 does not exists yet, generating and returning 
2012-06-25T10:01:03-03:00 DEBUG (7): ydadmin-ThinkPad-X220-Tablet serving janamesa.com.br.testing order courier pdf for order 676 does not exists yet, generating and returning 
2012-06-25T10:01:03-03:00 DEBUG (7): ydadmin-ThinkPad-X220-Tablet serving janamesa.com.br.testing order courier pdf for order 675 does not exists yet, generating and returning 
2012-06-25T10:01:03-03:00 DEBUG (7): ydadmin-ThinkPad-X220-Tablet serving janamesa.com.br.testing order courier pdf for order 674 does not exists yet, generating and returning 
2012-06-25T10:01:03-03:00 DEBUG (7): ydadmin-ThinkPad-X220-Tablet serving janamesa.com.br.testing order courier pdf for order 673 does not exists yet, generating and returning 
2012-06-25T10:01:04-03:00 DEBUG (7): ydadmin-ThinkPad-X220-Tablet serving janamesa.com.br.testing order courier pdf for order 672 does not exists yet, generating and returning 
2012-06-25T10:01:04-03:00 DEBUG (7): ydadmin-ThinkPad-X220-Tablet serving janamesa.com.br.testing order courier pdf for order 671 does not exists yet, generating and returning 
2012-06-25T10:01:04-03:00 DEBUG (7): ydadmin-ThinkPad-X220-Tablet serving janamesa.com.br.testing order courier pdf for order 670 does not exists yet, generating and returning 
2012-06-25T10:01:04-03:00 DEBUG (7): ydadmin-ThinkPad-X220-Tablet serving janamesa.com.br.testing order courier pdf for order 669 does not exists yet, generating and returning 
2012-06-25T10:01:04-03:00 DEBUG (7): ydadmin-ThinkPad-X220-Tablet serving janamesa.com.br.testing order courier pdf for order 668 does not exists yet, generating and returning 
2012-06-25T10:01:04-03:00 DEBUG (7): ydadmin-ThinkPad-X220-Tablet serving janamesa.com.br.testing SMARTY: did not find template administration/order/index.htm in janamesa.com.br layout, switching successfully back to default 
2012-06-25T10:01:04-03:00 DEBUG (7): ydadmin-ThinkPad-X220-Tablet serving janamesa.com.br.testing SMARTY: rendering template administration/order/index.htm 
2012-06-25T10:01:26-03:00 DEBUG (7): ydadmin-ThinkPad-X220-Tablet serving janamesa.com.br.testing SMARTY: did not find template request/administration/ordercomments.htm in janamesa.com.br layout, switching successfully back to default 
2012-06-25T10:01:26-03:00 DEBUG (7): ydadmin-ThinkPad-X220-Tablet serving janamesa.com.br.testing SMARTY: rendering template request/administration/ordercomments.htm 
2012-06-25T10:01:58-03:00 DEBUG (7): ydadmin-ThinkPad-X220-Tablet serving janamesa.com.br.testing SMARTY: did not find template request/administration/ordercomments.htm in janamesa.com.br layout, switching successfully back to default 
2012-06-25T10:01:58-03:00 DEBUG (7): ydadmin-ThinkPad-X220-Tablet serving janamesa.com.br.testing SMARTY: rendering template request/administration/ordercomments.htm 
2012-06-25T10:02:16-03:00 DEBUG (7): ydadmin-ThinkPad-X220-Tablet serving janamesa.com.br.testing SMARTY: did not find template request/administration/orderedit/index.htm in janamesa.com.br layout, switching successfully back to default 
2012-06-25T10:02:16-03:00 DEBUG (7): ydadmin-ThinkPad-X220-Tablet serving janamesa.com.br.testing SMARTY: rendering template request/administration/orderedit/index.htm 
2012-06-25T10:02:27-03:00 DEBUG (7): ydadmin-ThinkPad-X220-Tablet serving janamesa.com.br.testing SMARTY: rendering template order/bestellzettel.htm 
2012-06-25T10:02:49-03:00 DEBUG (7): ydadmin-ThinkPad-X220-Tablet serving janamesa.com.br.testing SMARTY: did not find template request/administration/ordercomments.htm in janamesa.com.br layout, switching successfully back to default 
2012-06-25T10:02:49-03:00 DEBUG (7): ydadmin-ThinkPad-X220-Tablet serving janamesa.com.br.testing SMARTY: rendering template request/administration/ordercomments.htm 
2012-06-25T10:03:00-03:00 DEBUG (7): ydadmin-ThinkPad-X220-Tablet serving janamesa.com.br.testing SMARTY: did not find template request/administration/orderhelp.htm in janamesa.com.br layout, switching successfully back to default 
2012-06-25T10:03:00-03:00 DEBUG (7): ydadmin-ThinkPad-X220-Tablet serving janamesa.com.br.testing SMARTY: rendering template request/administration/orderhelp.htm 
2012-06-25T10:03:22-03:00 DEBUG (7): ydadmin-ThinkPad-X220-Tablet serving janamesa.com.br.testing SMARTY: did not find template request/administration/ordercomments.htm in janamesa.com.br layout, switching successfully back to default 
2012-06-25T10:03:22-03:00 DEBUG (7): ydadmin-ThinkPad-X220-Tablet serving janamesa.com.br.testing SMARTY: rendering template request/administration/ordercomments.htm 
2012-06-25T10:22:37-03:00 DEBUG (7): ydadmin-ThinkPad-X220-Tablet serving janamesa.com.br.testing order courier pdf for order 681 does not exists yet, generating and returning 
2012-06-25T10:22:37-03:00 DEBUG (7): ydadmin-ThinkPad-X220-Tablet serving janamesa.com.br.testing SMARTY: did not find template administration/order/index.htm in janamesa.com.br layout, switching successfully back to default 
2012-06-25T10:22:37-03:00 DEBUG (7): ydadmin-ThinkPad-X220-Tablet serving janamesa.com.br.testing SMARTY: rendering template administration/order/index.htm 
2012-06-25T10:23:49-03:00 DEBUG (7): ydadmin-ThinkPad-X220-Tablet serving janamesa.com.br.testing SMARTY: did not find template administration/user/edit/index.htm in janamesa.com.br layout, switching successfully back to default 
2012-06-25T10:23:49-03:00 DEBUG (7): ydadmin-ThinkPad-X220-Tablet serving janamesa.com.br.testing SMARTY: rendering template administration/user/edit/index.htm 
2012-06-25T10:24:08-03:00 DEBUG (7): ydadmin-ThinkPad-X220-Tablet serving janamesa.com.br.testing SMARTY: did not find template administration/user/edit/index.htm in janamesa.com.br layout, switching successfully back to default 
2012-06-25T10:24:08-03:00 DEBUG (7): ydadmin-ThinkPad-X220-Tablet serving janamesa.com.br.testing SMARTY: rendering template administration/user/edit/index.htm 
2012-06-25T10:25:50-03:00 DEBUG (7): ydadmin-ThinkPad-X220-Tablet serving janamesa.com.br.testing SMARTY: did not find template administration/user/edit/index.htm in janamesa.com.br layout, switching successfully back to default 
2012-06-25T10:25:50-03:00 DEBUG (7): ydadmin-ThinkPad-X220-Tablet serving janamesa.com.br.testing SMARTY: rendering template administration/user/edit/index.htm 
2012-06-25T10:26:10-03:00 DEBUG (7): ydadmin-ThinkPad-X220-Tablet serving janamesa.com.br.testing SMARTY: did not find template administration/user/edit/index.htm in janamesa.com.br layout, switching successfully back to default 
2012-06-25T10:26:10-03:00 DEBUG (7): ydadmin-ThinkPad-X220-Tablet serving janamesa.com.br.testing SMARTY: rendering template administration/user/edit/index.htm 
2012-06-25T10:26:15-03:00 DEBUG (7): ydadmin-ThinkPad-X220-Tablet serving janamesa.com.br.testing SMARTY: did not find template administration/users.htm in janamesa.com.br layout, switching successfully back to default 
2012-06-25T10:26:15-03:00 DEBUG (7): ydadmin-ThinkPad-X220-Tablet serving janamesa.com.br.testing SMARTY: rendering template administration/users.htm 
2012-06-25T10:26:33-03:00 DEBUG (7): ydadmin-ThinkPad-X220-Tablet serving janamesa.com.br.testing SMARTY: did not find template administration/users.htm in janamesa.com.br layout, switching successfully back to default 
2012-06-25T10:26:33-03:00 DEBUG (7): ydadmin-ThinkPad-X220-Tablet serving janamesa.com.br.testing SMARTY: rendering template administration/users.htm 
2012-06-25T10:27:00-03:00 DEBUG (7): ydadmin-ThinkPad-X220-Tablet serving janamesa.com.br.testing SMARTY: did not find template administration/user/edit/index.htm in janamesa.com.br layout, switching successfully back to default 
2012-06-25T10:27:00-03:00 DEBUG (7): ydadmin-ThinkPad-X220-Tablet serving janamesa.com.br.testing SMARTY: rendering template administration/user/edit/index.htm 
2012-06-25T10:27:07-03:00 DEBUG (7): ydadmin-ThinkPad-X220-Tablet serving janamesa.com.br.testing order courier pdf for order 446 does not exists yet, generating and returning 
2012-06-25T10:27:07-03:00 DEBUG (7): ydadmin-ThinkPad-X220-Tablet serving janamesa.com.br.testing SMARTY: did not find template administration/order/index.htm in janamesa.com.br layout, switching successfully back to default 
2012-06-25T10:27:07-03:00 DEBUG (7): ydadmin-ThinkPad-X220-Tablet serving janamesa.com.br.testing SMARTY: rendering template administration/order/index.htm 
2012-06-25T12:24:30-03:00 DEBUG (7): ydadmin-ThinkPad-X220-Tablet serving janamesa.com.br.testing SMARTY: did not find template request/administration/ordercomments.htm in janamesa.com.br layout, switching successfully back to default 
2012-06-25T12:24:30-03:00 DEBUG (7): ydadmin-ThinkPad-X220-Tablet serving janamesa.com.br.testing SMARTY: rendering template request/administration/ordercomments.htm 
2012-06-25T12:52:07-03:00 DEBUG (7): ydadmin-ThinkPad-X220-Tablet serving janamesa.com.br.testing SMARTY: did not find template administration/user/edit/index.htm in janamesa.com.br layout, switching successfully back to default 
2012-06-25T12:52:07-03:00 DEBUG (7): ydadmin-ThinkPad-X220-Tablet serving janamesa.com.br.testing SMARTY: rendering template administration/user/edit/index.htm 
2012-06-25T12:54:30-03:00 DEBUG (7): ydadmin-ThinkPad-X220-Tablet serving janamesa.com.br.testing SMARTY: did not find template administration/user/edit/index.htm in janamesa.com.br layout, switching successfully back to default 
2012-06-25T12:54:30-03:00 DEBUG (7): ydadmin-ThinkPad-X220-Tablet serving janamesa.com.br.testing SMARTY: rendering template administration/user/edit/index.htm 
2012-06-25T13:02:17-03:00 DEBUG (7): ydadmin-ThinkPad-X220-Tablet serving janamesa.com.br.testing SMARTY: did not find template administration/user/edit/index.htm in janamesa.com.br layout, switching successfully back to default 
2012-06-25T13:02:17-03:00 DEBUG (7): ydadmin-ThinkPad-X220-Tablet serving janamesa.com.br.testing SMARTY: rendering template administration/user/edit/index.htm 
2012-06-25T13:02:44-03:00 DEBUG (7): ydadmin-ThinkPad-X220-Tablet serving janamesa.com.br.testing SMARTY: did not find template administration/user/edit/index.htm in janamesa.com.br layout, switching successfully back to default 
2012-06-25T13:02:44-03:00 DEBUG (7): ydadmin-ThinkPad-X220-Tablet serving janamesa.com.br.testing SMARTY: rendering template administration/user/edit/index.htm 
2012-06-25T13:04:21-03:00 DEBUG (7): ydadmin-ThinkPad-X220-Tablet serving janamesa.com.br.testing order courier pdf for order 443 does not exists yet, generating and returning 
2012-06-25T13:04:21-03:00 DEBUG (7): ydadmin-ThinkPad-X220-Tablet serving janamesa.com.br.testing SMARTY: did not find template administration/order/index.htm in janamesa.com.br layout, switching successfully back to default 
2012-06-25T13:04:21-03:00 DEBUG (7): ydadmin-ThinkPad-X220-Tablet serving janamesa.com.br.testing SMARTY: rendering template administration/order/index.htm 
2012-06-25T13:07:50-03:00 DEBUG (7): ydadmin-ThinkPad-X220-Tablet serving janamesa.com.br.testing SMARTY: did not find template administration/user/edit/index.htm in janamesa.com.br layout, switching successfully back to default 
2012-06-25T13:07:50-03:00 DEBUG (7): ydadmin-ThinkPad-X220-Tablet serving janamesa.com.br.testing SMARTY: rendering template administration/user/edit/index.htm 
2012-06-25T13:10:06-03:00 DEBUG (7): ydadmin-ThinkPad-X220-Tablet serving janamesa.com.br.testing SMARTY: did not find template administration/user/edit/index.htm in janamesa.com.br layout, switching successfully back to default 
2012-06-25T13:10:06-03:00 DEBUG (7): ydadmin-ThinkPad-X220-Tablet serving janamesa.com.br.testing SMARTY: rendering template administration/user/edit/index.htm 
2012-06-25T13:12:21-03:00 DEBUG (7): ydadmin-ThinkPad-X220-Tablet serving janamesa.com.br.testing SMARTY: did not find template administration/user/edit/index.htm in janamesa.com.br layout, switching successfully back to default 
2012-06-25T13:12:21-03:00 DEBUG (7): ydadmin-ThinkPad-X220-Tablet serving janamesa.com.br.testing SMARTY: rendering template administration/user/edit/index.htm 
2012-06-25T13:12:59-03:00 DEBUG (7): ydadmin-ThinkPad-X220-Tablet serving janamesa.com.br.testing SMARTY: did not find template administration/user/edit/index.htm in janamesa.com.br layout, switching successfully back to default 
2012-06-25T13:12:59-03:00 DEBUG (7): ydadmin-ThinkPad-X220-Tablet serving janamesa.com.br.testing SMARTY: rendering template administration/user/edit/index.htm 
2012-06-25T13:17:04-03:00 DEBUG (7): ydadmin-ThinkPad-X220-Tablet serving janamesa.com.br.testing SMARTY: did not find template administration/user/edit/index.htm in janamesa.com.br layout, switching successfully back to default 
2012-06-25T13:17:04-03:00 DEBUG (7): ydadmin-ThinkPad-X220-Tablet serving janamesa.com.br.testing SMARTY: rendering template administration/user/edit/index.htm 
2012-06-25T13:30:45-03:00 DEBUG (7): ydadmin-ThinkPad-X220-Tablet serving janamesa.com.br.testing SMARTY: did not find template administration/companys.htm in janamesa.com.br layout, switching successfully back to default 
2012-06-25T13:30:45-03:00 DEBUG (7): ydadmin-ThinkPad-X220-Tablet serving janamesa.com.br.testing SMARTY: rendering template administration/companys.htm 
2012-06-25T13:30:55-03:00 DEBUG (7): ydadmin-ThinkPad-X220-Tablet serving janamesa.com.br.testing SMARTY: did not find template administration/services.htm in janamesa.com.br layout, switching successfully back to default 
2012-06-25T13:30:55-03:00 DEBUG (7): ydadmin-ThinkPad-X220-Tablet serving janamesa.com.br.testing SMARTY: rendering template administration/services.htm 
2012-06-25T13:31:26-03:00 DEBUG (7): ydadmin-ThinkPad-X220-Tablet serving janamesa.com.br.testing SMARTY: did not find template administration/service/edit/index.htm in janamesa.com.br layout, switching successfully back to default 
2012-06-25T13:31:26-03:00 DEBUG (7): ydadmin-ThinkPad-X220-Tablet serving janamesa.com.br.testing SMARTY: rendering template administration/service/edit/index.htm 
2012-06-25T13:32:03-03:00 DEBUG (7): ydadmin-ThinkPad-X220-Tablet serving janamesa.com.br.testing SMARTY: did not find template administration/service/create.htm in janamesa.com.br layout, switching successfully back to default 
2012-06-25T13:32:03-03:00 DEBUG (7): ydadmin-ThinkPad-X220-Tablet serving janamesa.com.br.testing SMARTY: rendering template administration/service/create.htm 
2012-06-25T13:38:37-03:00 DEBUG (7): ydadmin-ThinkPad-X220-Tablet serving janamesa.com.br.testing SMARTY: did not find template administration/service/create.htm in janamesa.com.br layout, switching successfully back to default 
2012-06-25T13:38:37-03:00 DEBUG (7): ydadmin-ThinkPad-X220-Tablet serving janamesa.com.br.testing SMARTY: rendering template administration/service/create.htm 
2012-06-25T13:40:52-03:00 DEBUG (7): ydadmin-ThinkPad-X220-Tablet serving janamesa.com.br.testing SMARTY: did not find template administration/service/create.htm in janamesa.com.br layout, switching successfully back to default 
2012-06-25T13:40:52-03:00 DEBUG (7): ydadmin-ThinkPad-X220-Tablet serving janamesa.com.br.testing SMARTY: rendering template administration/service/create.htm 
2012-06-25T13:41:46-03:00 DEBUG (7): ydadmin-ThinkPad-X220-Tablet serving janamesa.com.br.testing SMARTY: did not find template administration/service/edit/index.htm in janamesa.com.br layout, switching successfully back to default 
2012-06-25T13:41:46-03:00 DEBUG (7): ydadmin-ThinkPad-X220-Tablet serving janamesa.com.br.testing SMARTY: rendering template administration/service/edit/index.htm 
2012-06-25T13:42:01-03:00 INFO (6): ydadmin-ThinkPad-X220-Tablet serving janamesa.com.br.testing Yourdelivery_Model_Servicetype_Restaurant: Starting uncache restaurant #345 
2012-06-25T13:42:01-03:00 INFO (6): ydadmin-ThinkPad-X220-Tablet serving janamesa.com.br.testing Yourdelivery_Model_Servicetype_Restaurant: Cache was flushed for restaurant #345 
2012-06-25T13:42:01-03:00 DEBUG (7): ydadmin-ThinkPad-X220-Tablet serving janamesa.com.br.testing updating model Default_Model_Base #345 with modified data :: Array(    [current] =>     [name] => Prestíssimo Pizzas    [street] => Saint Hilaire    [hausnr] => 217    [plz] => 01423-040    [cityId] => 171721    [categoryId] => 27    [isOnline] => 1    [description] =>     [contactId] => 352    [ustid] =>     [tel] => (011) 3885-4356    [fax] => 0123    [email] => prestissimo@prestissimo.com.br    [status] => 0    [ktoName] =>     [ktoNr] =>     [ktoBlz] =>     [ktoIban] =>     [ktoSwift] =>     [ustIdNr] =>     [fee] => 0    [komm] => 8.00    [latitude] => 0.0000000    [longitude] => 0.0000000    [notify] => phone    [notifyPayed] => 3    [customerNr] => 40344    [item] => 0    [deleted] => 0    [statecomment] => falta bancofalta fax2 meses sem prov    [debit] => 1    [billInterval] => 0    [sodexo] => 0    [ticketrestaurant] => 0    [onlyPickup] => 0    [billDeliverCost] => 1    [ratingQuality] =>     [ratingDelivery] =>     [ratingAdvisePercentPositive] => 0    [specialComment] =>     [specialInfo] =>     [billingContactId] => 352    [floorfee] => 0    [slots] => 0    [slotsPeriod] => 0    [checked] => 0    [billDeliver] => none    [updated] => 2012-06-25 13:42:01    [paymentbar] => 1    [isLogo] => 1    [menuUpdateTime] =>     [qypeId] =>     [acceptsPfand] =>     [onlycash] => 1    [faxService] => retarus    [offlineStatusUntil] => 25.06.2012    [placesEmail] =>     [placesPassword] =>     [placesComment] =>     [placesStatus] => nein    [franchiseTypeId] => 1    [restUrl] => servico-de-entrega-prestissimo-pizzas-sao-paulo    [caterUrl] => bufet-prestissimo-pizzas-sao-paulo    [greatUrl] => mercado-municipal-prestissimo-pizzas-sao-paulo    [metaTitle] =>     [metaKeywords] =>     [metaDescription] =>     [metaRobots] => noindex,follow    [kommSat] => 0.00    [itemSat] => 0    [feeSat] => 0    [topUntil] =>     [chargePercentage] => 0.00    [chargeFix] => 0.00    [chargeStart] =>     [password] =>     [laxContract] => 0    [orderticker] => 1    [sound] => 1    [franchiseName] =>     [noNotification] => 0    [billingName] =>     [offline-change-reason-text] => ) 
2012-06-25T13:42:01-03:00 INFO (6): ydadmin-ThinkPad-X220-Tablet serving janamesa.com.br.testing Successfully edited service Prestíssimo Pizzas (345) #Supporter Jens Naie (345) 
2012-06-25T13:42:02-03:00 DEBUG (7): ydadmin-ThinkPad-X220-Tablet serving janamesa.com.br.testing SMARTY: did not find template administration/service/edit/index.htm in janamesa.com.br layout, switching successfully back to default 
2012-06-25T13:42:02-03:00 DEBUG (7): ydadmin-ThinkPad-X220-Tablet serving janamesa.com.br.testing SMARTY: rendering template administration/service/edit/index.htm 
2012-06-25T13:42:12-03:00 DEBUG (7): ydadmin-ThinkPad-X220-Tablet serving janamesa.com.br.testing SMARTY: did not find template administration/services.htm in janamesa.com.br layout, switching successfully back to default 
2012-06-25T13:42:12-03:00 DEBUG (7): ydadmin-ThinkPad-X220-Tablet serving janamesa.com.br.testing SMARTY: rendering template administration/services.htm 
2012-06-25T13:42:20-03:00 DEBUG (7): ydadmin-ThinkPad-X220-Tablet serving janamesa.com.br.testing SMARTY: did not find template administration/services.htm in janamesa.com.br layout, switching successfully back to default 
2012-06-25T13:42:20-03:00 DEBUG (7): ydadmin-ThinkPad-X220-Tablet serving janamesa.com.br.testing SMARTY: rendering template administration/services.htm 
