2012-09-19T09:16:46+02:00 DEBUG (7): ydadmin-ThinkPad-X220-Tablet serving lieferando.de.testing SMARTY: rendering template administration/login.htm 
2012-09-19T09:16:48+02:00 INFO (6): ydadmin-ThinkPad-X220-Tablet serving lieferando.de.testing Successfully loggged in admin #Supporter Jens Naie (417) 
2012-09-19T09:16:48+02:00 DEBUG (7): ydadmin-ThinkPad-X220-Tablet serving lieferando.de.testing SMARTY: rendering template administration/dashboard.htm 
2012-09-19T09:29:10+02:00 DEBUG (7): ydadmin-ThinkPad-X220-Tablet serving lieferando.de.testing SMARTY: rendering template administration/order/index.htm 
2012-09-19T09:33:18+02:00 DEBUG (7): ydadmin-ThinkPad-X220-Tablet serving lieferando.de.testing SMARTY: rendering template administration/order/index.htm 
2012-09-19T11:46:48+02:00 DEBUG (7): ydadmin-ThinkPad-X220-Tablet serving lieferando.de.testing SMARTY: rendering template administration/order/index.htm 
2012-09-19T13:16:27+02:00 CRIT (2): ydadmin-ThinkPad-X220-Tablet serving lieferando.de.testing Run into error: Message: Method "getService" does not exist and was not trapped in __call()

Trace:
#0 /home/ydadmin/htdocs/lieferando/application/controllers/TestController.php(12): Zend_Controller_Action->__call('getService', Array)
#1 /home/ydadmin/htdocs/lieferando/application/controllers/TestController.php(12): TestController->getService()
#2 /home/ydadmin/htdocs/lieferando/library/Zend/Controller/Action.php(513): TestController->testAction()
#3 /home/ydadmin/htdocs/lieferando/library/Zend/Controller/Dispatcher/Standard.php(289): Zend_Controller_Action->dispatch('testAction')
#4 /home/ydadmin/htdocs/lieferando/library/Zend/Controller/Front.php(954): Zend_Controller_Dispatcher_Standard->dispatch(Object(Zend_Controller_Request_Http), Object(Zend_Controller_Response_Http))
#5 /home/ydadmin/htdocs/lieferando/library/Zend/Application/Bootstrap/Bootstrap.php(97): Zend_Controller_Front->dispatch()
#6 /home/ydadmin/htdocs/lieferando/library/Zend/Application.php(366): Zend_Application_Bootstrap_Bootstrap->run()
#7 /home/ydadmin/htdocs/lieferando/public/index.php(116): Zend_Application->run()
#8 {main}

 #0 log() called at [/home/ydadmin/htdocs/lieferando/library/Yourdelivery/Log.php:68]
#1 __call() called at [/home/ydadmin/htdocs/lieferando/application/controllers/ErrorController.php:207]
#2 crit() called at [/home/ydadmin/htdocs/lieferando/application/controllers/ErrorController.php:207]
#3 errorAction() called at [/home/ydadmin/htdocs/lieferando/library/Zend/Controller/Action.php:513]
#4 dispatch() called at [/home/ydadmin/htdocs/lieferando/library/Zend/Controller/Dispatcher/Standard.php:289]
#5 dispatch() called at [/home/ydadmin/htdocs/lieferando/library/Zend/Controller/Front.php:954]
#6 dispatch() called at [/home/ydadmin/htdocs/lieferando/library/Zend/Application/Bootstrap/Bootstrap.php:97]
#7 run() called at [/home/ydadmin/htdocs/lieferando/library/Zend/Application.php:366]
#8 run() called at [/home/ydadmin/htdocs/lieferando/public/index.php:116]

2012-09-19T13:16:27+02:00 DEBUG (7): ydadmin-ThinkPad-X220-Tablet serving lieferando.de.testing SMARTY: rendering template error/error.htm 
2012-09-19T13:17:30+02:00 CRIT (2): ydadmin-ThinkPad-X220-Tablet serving lieferando.de.testing Run into error: Message: Method "getService" does not exist and was not trapped in __call()

Trace:
#0 /home/ydadmin/htdocs/lieferando/application/controllers/TestController.php(12): Zend_Controller_Action->__call('getService', Array)
#1 /home/ydadmin/htdocs/lieferando/application/controllers/TestController.php(12): TestController->getService()
#2 /home/ydadmin/htdocs/lieferando/library/Zend/Controller/Action.php(513): TestController->testAction()
#3 /home/ydadmin/htdocs/lieferando/library/Zend/Controller/Dispatcher/Standard.php(289): Zend_Controller_Action->dispatch('testAction')
#4 /home/ydadmin/htdocs/lieferando/library/Zend/Controller/Front.php(954): Zend_Controller_Dispatcher_Standard->dispatch(Object(Zend_Controller_Request_Http), Object(Zend_Controller_Response_Http))
#5 /home/ydadmin/htdocs/lieferando/library/Zend/Application/Bootstrap/Bootstrap.php(97): Zend_Controller_Front->dispatch()
#6 /home/ydadmin/htdocs/lieferando/library/Zend/Application.php(366): Zend_Application_Bootstrap_Bootstrap->run()
#7 /home/ydadmin/htdocs/lieferando/public/index.php(116): Zend_Application->run()
#8 {main}

 #0 log() called at [/home/ydadmin/htdocs/lieferando/library/Yourdelivery/Log.php:68]
#1 __call() called at [/home/ydadmin/htdocs/lieferando/application/controllers/ErrorController.php:207]
#2 crit() called at [/home/ydadmin/htdocs/lieferando/application/controllers/ErrorController.php:207]
#3 errorAction() called at [/home/ydadmin/htdocs/lieferando/library/Zend/Controller/Action.php:513]
#4 dispatch() called at [/home/ydadmin/htdocs/lieferando/library/Zend/Controller/Dispatcher/Standard.php:289]
#5 dispatch() called at [/home/ydadmin/htdocs/lieferando/library/Zend/Controller/Front.php:954]
#6 dispatch() called at [/home/ydadmin/htdocs/lieferando/library/Zend/Application/Bootstrap/Bootstrap.php:97]
#7 run() called at [/home/ydadmin/htdocs/lieferando/library/Zend/Application.php:366]
#8 run() called at [/home/ydadmin/htdocs/lieferando/public/index.php:116]

2012-09-19T13:17:30+02:00 DEBUG (7): ydadmin-ThinkPad-X220-Tablet serving lieferando.de.testing SMARTY: rendering template error/error.htm 
2012-09-19T13:27:34+02:00 DEBUG (7): ydadmin-ThinkPad-X220-Tablet serving lieferando.de.testing SMARTY: rendering template index/index.htm 
2012-09-19T13:27:35+02:00 DEBUG (7): ydadmin-ThinkPad-X220-Tablet serving lieferando.de.testing SMARTY: caching /home/ydadmin/htdocs/lieferando/application/../public/cache/html/www.yourdelivery.test/index.html 
2012-09-19T13:27:49+02:00 INFO (6): ydadmin-ThinkPad-X220-Tablet serving lieferando.de.testing found 57 online and 4 offline services in #19943 
2012-09-19T13:27:49+02:00 DEBUG (7): ydadmin-ThinkPad-X220-Tablet serving lieferando.de.testing SMARTY: rendering template order/basis/service.htm 
2012-09-19T13:27:50+02:00 INFO (6): ydadmin-ThinkPad-X220-Tablet serving lieferando.de.testing found 57 online and 4 offline services in #19943 
2012-09-19T13:27:50+02:00 DEBUG (7): ydadmin-ThinkPad-X220-Tablet serving lieferando.de.testing SMARTY: rendering template order/basis/service.htm 
2012-09-19T13:27:51+02:00 INFO (6): ydadmin-ThinkPad-X220-Tablet serving lieferando.de.testing found 57 online and 4 offline services in #19943 
2012-09-19T13:27:51+02:00 DEBUG (7): ydadmin-ThinkPad-X220-Tablet serving lieferando.de.testing SMARTY: rendering template order/basis/service.htm 
2012-09-19T13:27:56+02:00 DEBUG (7): ydadmin-ThinkPad-X220-Tablet serving lieferando.de.testing SMARTY: caching /home/ydadmin/htdocs/lieferando/application/../public/cache/html/www.yourdelivery.test/lieferservice-berlin-baumschulenweg-12437.html 
2012-09-19T13:28:17+02:00 DEBUG (7): ydadmin-ThinkPad-X220-Tablet serving lieferando.de.testing SMARTY: rendering template request/order/serviceinfo.htm 
2012-09-19T13:28:17+02:00 DEBUG (7): ydadmin-ThinkPad-X220-Tablet serving lieferando.de.testing SMARTY: caching /home/ydadmin/htdocs/lieferando/application/../public/cache/html/www.yourdelivery.test/request_order/serviceinfo/id/12492.html 
2012-09-19T13:28:17+02:00 DEBUG (7): ydadmin-ThinkPad-X220-Tablet serving lieferando.de.testing SMARTY: rendering template request/order/serviceinfo.htm 
2012-09-19T13:28:17+02:00 DEBUG (7): ydadmin-ThinkPad-X220-Tablet serving lieferando.de.testing SMARTY: caching /home/ydadmin/htdocs/lieferando/application/../public/cache/html/www.yourdelivery.test/request_order/serviceinfo/id/13128.html 
2012-09-19T13:28:21+02:00 DEBUG (7): ydadmin-ThinkPad-X220-Tablet serving lieferando.de.testing SMARTY: rendering template order/basis/menu.htm 
2012-09-19T13:28:22+02:00 DEBUG (7): ydadmin-ThinkPad-X220-Tablet serving lieferando.de.testing SMARTY: caching /home/ydadmin/htdocs/lieferando/application/../public/cache/html/www.yourdelivery.test/lieferservice-feros-pizzeria-berlin.html 
2012-09-19T13:28:40+02:00 DEBUG (7): ydadmin-ThinkPad-X220-Tablet serving lieferando.de.testing SMARTY: rendering template request/order/callmeal.htm 
2012-09-19T13:28:40+02:00 DEBUG (7): ydadmin-ThinkPad-X220-Tablet serving lieferando.de.testing SMARTY: caching /home/ydadmin/htdocs/lieferando/application/../public/cache/html/www.yourdelivery.test/request_order/callmeal/id/215168/size/210904/update/false.html 
2012-09-19T13:28:49+02:00 DEBUG (7): ydadmin-ThinkPad-X220-Tablet serving lieferando.de.testing SMARTY: rendering template request/order/callmeal.htm 
2012-09-19T13:28:49+02:00 DEBUG (7): ydadmin-ThinkPad-X220-Tablet serving lieferando.de.testing SMARTY: caching /home/ydadmin/htdocs/lieferando/application/../public/cache/html/www.yourdelivery.test/request_order/callmeal/id/215140/size/210904/update/false.html 
2012-09-19T13:29:07+02:00 INFO (6): ydadmin-ThinkPad-X220-Tablet serving lieferando.de.testing customer #258467 Jens Naie already a facebook user - facebookId 690363597 
2012-09-19T13:29:07+02:00 DEBUG (7): ydadmin-ThinkPad-X220-Tablet serving lieferando.de.testing updating model Default_Model_Base #258467 with modified data :: Array(    [title] => Herr/Frau    [name] => Naie    [prename] => Jens    [email] => jonz@kybernaut.de    [password] =>     [lang] => de    [sex] => m    [tel] =>     [privmail] =>     [autologin] => 0    [start] => 1    [lastlogin] => 2012-09-17 10:46:49    [countLogin] => 34    [deleted] => 0    [permanentDiscountId] =>     [ktoName] =>     [ktoNr] =>     [ktoBlz] =>     [updated] => 2012-09-19 13:29:07    [birthday] => 1971-09-03    [source] =>     [addition] =>     [facebookId] => 690363597    [facebookPost] => 1    [profileImage] => 1344438876.jpg    [nickname] =>     [whitelist] => 0    [anrede] => Herr) 
2012-09-19T13:29:07+02:00 DEBUG (7): ydadmin-ThinkPad-X220-Tablet serving lieferando.de.testing updating model Default_Model_Base #258467 with modified data :: Array(    [title] => Herr/Frau    [name] => Naie    [prename] => Jens    [email] => jonz@kybernaut.de    [password] =>     [lang] => de    [sex] => m    [tel] =>     [privmail] =>     [autologin] => 0    [start] => 1    [lastlogin] => 2012-09-19 13:29:07    [countLogin] => 35    [deleted] => 0    [permanentDiscountId] =>     [ktoName] =>     [ktoNr] =>     [ktoBlz] =>     [updated] => 2012-09-19 13:29:07    [birthday] => 1971-09-03    [source] =>     [addition] =>     [facebookId] => 690363597    [facebookPost] => 1    [profileImage] => 1344438876.jpg    [nickname] =>     [whitelist] => 0    [anrede] => Herr) 
2012-09-19T13:29:08+02:00 DEBUG (7): ydadmin-ThinkPad-X220-Tablet serving lieferando.de.testing PIWIK: tracking customer variable customerId at value 258467 
2012-09-19T13:29:08+02:00 INFO (6): ydadmin-ThinkPad-X220-Tablet serving lieferando.de.testing User  successfully logged in 
2012-09-19T13:29:08+02:00 DEBUG (7): ydadmin-ThinkPad-X220-Tablet serving lieferando.de.testing PIWIK: tracking customer variable customerId at value 258467 
2012-09-19T13:29:08+02:00 DEBUG (7): ydadmin-ThinkPad-X220-Tablet serving lieferando.de.testing SMARTY: rendering template user/settings.htm 
2012-09-19T13:29:16+02:00 DEBUG (7): ydadmin-ThinkPad-X220-Tablet serving lieferando.de.testing SMARTY: rendering template user/socialnetworks.htm 
2012-09-19T13:29:35+02:00 DEBUG (7): ydadmin-ThinkPad-X220-Tablet serving lieferando.de.testing SMARTY: rendering template order/private/finish.htm 
2012-09-19T13:29:39+02:00 DEBUG (7): ydadmin-ThinkPad-X220-Tablet serving lieferando.de.testing SMARTY: rendering template request/service/openingtimeday.htm 
2012-09-19T13:29:55+02:00 DEBUG (7): ydadmin-ThinkPad-X220-Tablet serving lieferando.de.testing setting deliver time to sofort based on day: 19.09.2012 time: sofort 
2012-09-19T13:29:55+02:00 DEBUG (7): ydadmin-ThinkPad-X220-Tablet serving lieferando.de.testing saved model Yourdelivery_Model_Order_Private with id #1299595 new data :: Array(    [customerId] => 258467    [nr] => 77108735    [time] => 2012-09-19 13:29:55    [deliverTime] => 2012-09-19 13:29:55    [mode] => rest    [kind] => priv    [ident] => gt6WF3Sj9YYsUxltv9WV    [cpf] =>     [serviceId] => 13128    [restaurantId] => 13128    [floor] => 0    [lift] =>     [currentPayment] => bar    [payment] => bar    [change] => 0    [total] => 2700    [courier] =>     [courierCost] => 0    [serviceDeliverCost] => 0    [charge] => 0    [contract] => 1    [ipAddr] => 127.0.0.1    [domain] => www.yourdelivery.test) 
2012-09-19T13:29:55+02:00 DEBUG (7): ydadmin-ThinkPad-X220-Tablet serving lieferando.de.testing saved model Yourdelivery_Model_Order_Deliverdelay with id #3 new data :: Array(    [serviceDeliverDelay] => 2400    [courierDeliverDelay] => 0    [orderId] => 1299595) 
2012-09-19T13:29:55+02:00 DEBUG (7): ydadmin-ThinkPad-X220-Tablet serving lieferando.de.testing found 10 points for action order 
2012-09-19T13:29:55+02:00 DEBUG (7): ydadmin-ThinkPad-X220-Tablet serving lieferando.de.testing saved model Yourdelivery_Model_Customer_FidelityTransaction with id #1270697 new data :: Array(    [email] => jonz@kybernaut.de    [action] => order    [status] => 0    [points] => 10    [transactionData] => 1299595) 
2012-09-19T13:29:55+02:00 INFO (6): ydadmin-ThinkPad-X220-Tablet serving lieferando.de.testing successfully added 10 points to customer jonz@kybernaut.de for action order 
2012-09-19T13:29:55+02:00 DEBUG (7): ydadmin-ThinkPad-X220-Tablet serving lieferando.de.testing CUSTOMER FIDELITY - cache cleared for transactionsfidelity43a28b6df0a5a8bb018e642edbcc5e24 
2012-09-19T13:29:55+02:00 DEBUG (7): ydadmin-ThinkPad-X220-Tablet serving lieferando.de.testing CUSTOMER FIDELITY - cache cleared for open1fidelity43a28b6df0a5a8bb018e642edbcc5e24 
2012-09-19T13:29:55+02:00 DEBUG (7): ydadmin-ThinkPad-X220-Tablet serving lieferando.de.testing CUSTOMER FIDELITY - cache cleared for open0fidelity43a28b6df0a5a8bb018e642edbcc5e24 
2012-09-19T13:30:00+02:00 INFO (6): ydadmin-ThinkPad-X220-Tablet serving lieferando.de.testing Customer Fero's Pizzeria (★★★★★ ø4,68) posted a message on facebook 
2012-09-19T13:30:00+02:00 DEBUG (7): ydadmin-ThinkPad-X220-Tablet serving lieferando.de.testing found 0 points for action facebookpost 
2012-09-19T13:30:00+02:00 INFO (6): ydadmin-ThinkPad-X220-Tablet serving lieferando.de.testing customer #258467 Jens Naie sucessfully finished order #1299595 
2012-09-19T13:30:00+02:00 DEBUG (7): ydadmin-ThinkPad-X220-Tablet serving lieferando.de.testing Status Wechsel in Order Tabelle: #1299595 - alter Status: 0 - neuer Status: 0 
2012-09-19T13:30:00+02:00 DEBUG (7): ydadmin-ThinkPad-X220-Tablet serving lieferando.de.testing New order status entry id: 1299595, status: 0 
2012-09-19T13:30:00+02:00 DEBUG (7): ydadmin-ThinkPad-X220-Tablet serving lieferando.de.testing updating model Default_Model_Base #1270697 with modified data :: Array(    [email] => jonz@kybernaut.de    [transactionData] => 1299595    [status] => 0    [action] => order    [points] => 10    [updated] => 2012-09-19 13:30:00) 
2012-09-19T13:30:00+02:00 INFO (6): ydadmin-ThinkPad-X220-Tablet serving lieferando.de.testing successfully modifed transaction #1270697 of customer jonz@kybernaut.de to status 0 
2012-09-19T13:30:00+02:00 DEBUG (7): ydadmin-ThinkPad-X220-Tablet serving lieferando.de.testing CUSTOMER FIDELITY - cache cleared for transactionsfidelity43a28b6df0a5a8bb018e642edbcc5e24 
2012-09-19T13:30:00+02:00 DEBUG (7): ydadmin-ThinkPad-X220-Tablet serving lieferando.de.testing CUSTOMER FIDELITY - cache cleared for open1fidelity43a28b6df0a5a8bb018e642edbcc5e24 
2012-09-19T13:30:00+02:00 DEBUG (7): ydadmin-ThinkPad-X220-Tablet serving lieferando.de.testing CUSTOMER FIDELITY - cache cleared for open0fidelity43a28b6df0a5a8bb018e642edbcc5e24 
2012-09-19T13:30:00+02:00 CRIT (2): ydadmin-ThinkPad-X220-Tablet serving lieferando.de.testing Run into error: Message: SQLSTATE[42S02]: Base table or view not found: 1146 Table 'lieferando.de.order_geolocation_status_log' doesn't exist

Trace:
#0 /home/ydadmin/htdocs/lieferando/library/Zend/Db/Statement.php(320): Zend_Db_Statement_Pdo->_execute(Array)
#1 /home/ydadmin/htdocs/lieferando/library/Zend/Db/Adapter/Abstract.php(468): Zend_Db_Statement->execute(Array)
#2 /home/ydadmin/htdocs/lieferando/library/Zend/Db/Adapter/Pdo/Abstract.php(238): Zend_Db_Adapter_Abstract->query('DESCRIBE `order...', Array)
#3 /home/ydadmin/htdocs/lieferando/library/Zend/Db/Adapter/Pdo/Mysql.php(156): Zend_Db_Adapter_Pdo_Abstract->query('DESCRIBE `order...')
#4 /home/ydadmin/htdocs/lieferando/library/Zend/Db/Table/Abstract.php(823): Zend_Db_Adapter_Pdo_Mysql->describeTable('order_geolocati...', NULL)
#5 /home/ydadmin/htdocs/lieferando/library/Zend/Db/Table/Abstract.php(862): Zend_Db_Table_Abstract->_setupMetadata()
#6 /home/ydadmin/htdocs/lieferando/library/Zend/Db/Table/Abstract.php(969): Zend_Db_Table_Abstract->_setupPrimaryKey()
#7 /home/ydadmin/htdocs/lieferando/library/Zend/Db/Table/Select.php(100): Zend_Db_Table_Abstract->info()
#8 /home/ydadmin/htdocs/lieferando/library/Zend/Db/Table/Select.php(78): Zend_Db_Table_Select->setTable(Object(Yourdelivery_Model_DbTable_Order_Geolocation_StatusLog))
#9 /home/ydadmin/htdocs/lieferando/library/Default/Model/DbTable/Select.php(16): Zend_Db_Table_Select->__construct(Object(Yourdelivery_Model_DbTable_Order_Geolocation_StatusLog))
#10 /home/ydadmin/htdocs/lieferando/library/Default/Model/DbTable/Base.php(250): Default_Model_DbTable_Select->__construct(Object(Yourdelivery_Model_DbTable_Order_Geolocation_StatusLog))
#11 /home/ydadmin/htdocs/lieferando/application/models/DbTable/Order/Geolocation/StatusLog.php(28): Default_Model_DbTable_Base->select()
#12 /home/ydadmin/htdocs/lieferando/application/models/Order/Abstract.php(2399): Yourdelivery_Model_DbTable_Order_Geolocation_StatusLog->getLastStatus('1299595')
#13 /home/ydadmin/htdocs/lieferando/application/models/Order/Abstract.php(2328): Yourdelivery_Model_Order_Abstract->handlePartnerLocation(0)
#14 /home/ydadmin/htdocs/lieferando/application/models/Order/Abstract.php(1436): Yourdelivery_Model_Order_Abstract->setStatus(0, Object(Yourdelivery_Model_Order_StatusMessage), true)
#15 /home/ydadmin/htdocs/lieferando/application/models/Order/Abstract.php(1275): Yourdelivery_Model_Order_Abstract->send(true)
#16 /home/ydadmin/htdocs/lieferando/application/controllers/Order/BasisController.php(1099): Yourdelivery_Model_Order_Abstract->finalizeOrderAfterPayment('bar')
#17 /home/ydadmin/htdocs/lieferando/application/controllers/Order/BasisController.php(805): Order_BasisController->_processPayment('1299595', 'bar')
#18 /home/ydadmin/htdocs/lieferando/library/Zend/Controller/Action.php(513): Order_BasisController->finishAction()
#19 /home/ydadmin/htdocs/lieferando/library/Zend/Controller/Dispatcher/Standard.php(289): Zend_Controller_Action->dispatch('finishAction')
#20 /home/ydadmin/htdocs/lieferando/library/Zend/Controller/Front.php(954): Zend_Controller_Dispatcher_Standard->dispatch(Object(Zend_Controller_Request_Http), Object(Zend_Controller_Response_Http))
#21 /home/ydadmin/htdocs/lieferando/library/Zend/Application/Bootstrap/Bootstrap.php(97): Zend_Controller_Front->dispatch()
#22 /home/ydadmin/htdocs/lieferando/library/Zend/Application.php(366): Zend_Application_Bootstrap_Bootstrap->run()
#23 /home/ydadmin/htdocs/lieferando/public/index.php(116): Zend_Application->run()
#24 {main}

 #0 log() called at [/home/ydadmin/htdocs/lieferando/library/Yourdelivery/Log.php:68]
#1 __call() called at [/home/ydadmin/htdocs/lieferando/application/controllers/ErrorController.php:207]
#2 crit() called at [/home/ydadmin/htdocs/lieferando/application/controllers/ErrorController.php:207]
#3 errorAction() called at [/home/ydadmin/htdocs/lieferando/library/Zend/Controller/Action.php:513]
#4 dispatch() called at [/home/ydadmin/htdocs/lieferando/library/Zend/Controller/Dispatcher/Standard.php:289]
#5 dispatch() called at [/home/ydadmin/htdocs/lieferando/library/Zend/Controller/Front.php:954]
#6 dispatch() called at [/home/ydadmin/htdocs/lieferando/library/Zend/Application/Bootstrap/Bootstrap.php:97]
#7 run() called at [/home/ydadmin/htdocs/lieferando/library/Zend/Application.php:366]
#8 run() called at [/home/ydadmin/htdocs/lieferando/public/index.php:116]

2012-09-19T13:30:00+02:00 DEBUG (7): ydadmin-ThinkPad-X220-Tablet serving lieferando.de.testing SMARTY: rendering template error/error.htm 
2012-09-19T13:35:12+02:00 DEBUG (7): ydadmin-ThinkPad-X220-Tablet serving lieferando.de.testing SMARTY: rendering template order/private/finish.htm 
2012-09-19T13:35:14+02:00 DEBUG (7): ydadmin-ThinkPad-X220-Tablet serving lieferando.de.testing SMARTY: rendering template request/service/openingtimeday.htm 
2012-09-19T13:35:22+02:00 DEBUG (7): ydadmin-ThinkPad-X220-Tablet serving lieferando.de.testing setting deliver time to sofort based on day: 19.09.2012 time: sofort 
2012-09-19T13:35:22+02:00 DEBUG (7): ydadmin-ThinkPad-X220-Tablet serving lieferando.de.testing saved model Yourdelivery_Model_Order_Private with id #1299596 new data :: Array(    [customerId] => 258467    [nr] => 67133724    [time] => 2012-09-19 13:35:22    [deliverTime] => 2012-09-19 13:35:22    [mode] => rest    [kind] => priv    [ident] => Ni7KERCkVOMOgPqbuJfj    [cpf] =>     [serviceId] => 13128    [restaurantId] => 13128    [floor] => 0    [lift] =>     [currentPayment] => bar    [payment] => bar    [change] => 0    [total] => 2700    [courier] =>     [courierCost] => 0    [serviceDeliverCost] => 0    [charge] => 0    [contract] => 1    [ipAddr] => 127.0.0.1    [domain] => www.yourdelivery.test) 
2012-09-19T13:35:22+02:00 DEBUG (7): ydadmin-ThinkPad-X220-Tablet serving lieferando.de.testing saved model Yourdelivery_Model_Order_Deliverdelay with id #4 new data :: Array(    [serviceDeliverDelay] => 2400    [courierDeliverDelay] => 0    [orderId] => 1299596) 
2012-09-19T13:35:22+02:00 DEBUG (7): ydadmin-ThinkPad-X220-Tablet serving lieferando.de.testing found 10 points for action order 
2012-09-19T13:35:22+02:00 DEBUG (7): ydadmin-ThinkPad-X220-Tablet serving lieferando.de.testing saved model Yourdelivery_Model_Customer_FidelityTransaction with id #1270698 new data :: Array(    [email] => jonz@kybernaut.de    [action] => order    [status] => 0    [points] => 10    [transactionData] => 1299596) 
2012-09-19T13:35:22+02:00 INFO (6): ydadmin-ThinkPad-X220-Tablet serving lieferando.de.testing successfully added 10 points to customer jonz@kybernaut.de for action order 
2012-09-19T13:35:22+02:00 DEBUG (7): ydadmin-ThinkPad-X220-Tablet serving lieferando.de.testing CUSTOMER FIDELITY - cache cleared for transactionsfidelity43a28b6df0a5a8bb018e642edbcc5e24 
2012-09-19T13:35:22+02:00 DEBUG (7): ydadmin-ThinkPad-X220-Tablet serving lieferando.de.testing CUSTOMER FIDELITY - cache cleared for open1fidelity43a28b6df0a5a8bb018e642edbcc5e24 
2012-09-19T13:35:22+02:00 DEBUG (7): ydadmin-ThinkPad-X220-Tablet serving lieferando.de.testing CUSTOMER FIDELITY - cache cleared for open0fidelity43a28b6df0a5a8bb018e642edbcc5e24 
2012-09-19T13:35:25+02:00 INFO (6): ydadmin-ThinkPad-X220-Tablet serving lieferando.de.testing Customer Fero's Pizzeria (★★★★★ ø4,68) posted a message on facebook 
2012-09-19T13:35:25+02:00 DEBUG (7): ydadmin-ThinkPad-X220-Tablet serving lieferando.de.testing found 0 points for action facebookpost 
2012-09-19T13:35:25+02:00 INFO (6): ydadmin-ThinkPad-X220-Tablet serving lieferando.de.testing customer #258467 Jens Naie sucessfully finished order #1299596 
2012-09-19T13:35:25+02:00 DEBUG (7): ydadmin-ThinkPad-X220-Tablet serving lieferando.de.testing Status Wechsel in Order Tabelle: #1299596 - alter Status: 0 - neuer Status: 0 
2012-09-19T13:35:25+02:00 DEBUG (7): ydadmin-ThinkPad-X220-Tablet serving lieferando.de.testing New order status entry id: 1299596, status: 0 
2012-09-19T13:35:25+02:00 DEBUG (7): ydadmin-ThinkPad-X220-Tablet serving lieferando.de.testing updating model Default_Model_Base #1270698 with modified data :: Array(    [email] => jonz@kybernaut.de    [transactionData] => 1299596    [status] => 0    [action] => order    [points] => 10    [updated] => 2012-09-19 13:35:25) 
2012-09-19T13:35:25+02:00 INFO (6): ydadmin-ThinkPad-X220-Tablet serving lieferando.de.testing successfully modifed transaction #1270698 of customer jonz@kybernaut.de to status 0 
2012-09-19T13:35:25+02:00 DEBUG (7): ydadmin-ThinkPad-X220-Tablet serving lieferando.de.testing CUSTOMER FIDELITY - cache cleared for transactionsfidelity43a28b6df0a5a8bb018e642edbcc5e24 
2012-09-19T13:35:25+02:00 DEBUG (7): ydadmin-ThinkPad-X220-Tablet serving lieferando.de.testing CUSTOMER FIDELITY - cache cleared for open1fidelity43a28b6df0a5a8bb018e642edbcc5e24 
2012-09-19T13:35:25+02:00 DEBUG (7): ydadmin-ThinkPad-X220-Tablet serving lieferando.de.testing CUSTOMER FIDELITY - cache cleared for open0fidelity43a28b6df0a5a8bb018e642edbcc5e24 
2012-09-19T13:35:25+02:00 INFO (6): ydadmin-ThinkPad-X220-Tablet serving lieferando.de.testing handlePartnerLocation: last status for order #1299596 is  
2012-09-19T13:35:25+02:00 DEBUG (7): ydadmin-ThinkPad-X220-Tablet serving lieferando.de.testing saved model Yourdelivery_Model_Order_Sendby with id #680325 new data :: Array(    [orderId] => 1299596    [sendBy] => fax) 
2012-09-19T13:35:25+02:00 DEBUG (7): ydadmin-ThinkPad-X220-Tablet serving lieferando.de.testing Status Wechsel in Order Tabelle: #1299596 - alter Status: 0 - neuer Status: 0 
2012-09-19T13:35:25+02:00 DEBUG (7): ydadmin-ThinkPad-X220-Tablet serving lieferando.de.testing New order status entry id: 1299596, status: 0 
2012-09-19T13:35:25+02:00 DEBUG (7): ydadmin-ThinkPad-X220-Tablet serving lieferando.de.testing updating model Default_Model_Base #1270698 with modified data :: Array(    [email] => jonz@kybernaut.de    [transactionData] => 1299596    [status] => 0    [action] => order    [points] => 10    [updated] => 2012-09-19 13:35:25) 
2012-09-19T13:35:25+02:00 INFO (6): ydadmin-ThinkPad-X220-Tablet serving lieferando.de.testing successfully modifed transaction #1270698 of customer jonz@kybernaut.de to status 0 
2012-09-19T13:35:25+02:00 DEBUG (7): ydadmin-ThinkPad-X220-Tablet serving lieferando.de.testing CUSTOMER FIDELITY - cache cleared for transactionsfidelity43a28b6df0a5a8bb018e642edbcc5e24 
2012-09-19T13:35:25+02:00 DEBUG (7): ydadmin-ThinkPad-X220-Tablet serving lieferando.de.testing CUSTOMER FIDELITY - cache cleared for open1fidelity43a28b6df0a5a8bb018e642edbcc5e24 
2012-09-19T13:35:25+02:00 DEBUG (7): ydadmin-ThinkPad-X220-Tablet serving lieferando.de.testing CUSTOMER FIDELITY - cache cleared for open0fidelity43a28b6df0a5a8bb018e642edbcc5e24 
2012-09-19T13:35:25+02:00 INFO (6): ydadmin-ThinkPad-X220-Tablet serving lieferando.de.testing handlePartnerLocation: last status for order #1299596 is  
2012-09-19T13:35:25+02:00 DEBUG (7): ydadmin-ThinkPad-X220-Tablet serving lieferando.de.testing order pdf for order 1299596 does not exists yet, generating and returning 
2012-09-19T13:35:26+02:00 INFO (6): ydadmin-ThinkPad-X220-Tablet serving lieferando.de.testing INTERFAX: succesfully send out fax 1299596-ordersheet-restaurant.pdf to 03067069412 
2012-09-19T13:35:27+02:00 DEBUG (7): ydadmin-ThinkPad-X220-Tablet serving lieferando.de.testing saved model Yourdelivery_Model_Location with id #236447 new data :: Array(    [orderId] => 1299596    [street] => ertrez    [hausnr] => 56    [cityId] => 19943    [plz] => 12437    [etage] =>     [comment] =>     [tel] => 567567568    [updated] => 2012-09-19 13:35:27    [customerId] => 258467    [primary] => 1) 
2012-09-19T13:35:27+02:00 DEBUG (7): ydadmin-ThinkPad-X220-Tablet serving lieferando.de.testing SMARTY: rendering template order/private/success.htm 
2012-09-19T13:35:28+02:00 DEBUG (7): ydadmin-ThinkPad-X220-Tablet serving lieferando.de.testing found 10 points for action order 
2012-09-19T13:35:28+02:00 DEBUG (7): ydadmin-ThinkPad-X220-Tablet serving lieferando.de.testing found 10 points for action order 
2012-09-19T13:58:39+02:00 DEBUG (7): ydadmin-ThinkPad-X220-Tablet serving lieferando.de.testing SMARTY: rendering template phoneorder/index.htm 
2012-09-19T14:00:00+02:00 DEBUG (7): ydadmin-ThinkPad-X220-Tablet serving lieferando.de.testing SMARTY: rendering template phoneorder/index.htm 
2012-09-19T14:03:27+02:00 DEBUG (7): ydadmin-ThinkPad-X220-Tablet serving lieferando.de.testing SMARTY: rendering template phoneorder/index.htm 
2012-09-19T14:04:01+02:00 DEBUG (7): ydadmin-ThinkPad-X220-Tablet serving lieferando.de.testing SMARTY: rendering template phoneorder/index.htm 
2012-09-19T14:14:54+02:00 DEBUG (7): ydadmin-ThinkPad-X220-Tablet serving lieferando.de.testing SMARTY: rendering template phoneorder/index.htm 
2012-09-19T14:22:16+02:00 DEBUG (7): ydadmin-ThinkPad-X220-Tablet serving lieferando.de.testing SMARTY: rendering template phoneorder/index.htm 
2012-09-19T14:22:41+02:00 DEBUG (7): ydadmin-ThinkPad-X220-Tablet serving lieferando.de.testing SMARTY: rendering template phoneorder/index.htm 
2012-09-19T14:23:29+02:00 DEBUG (7): ydadmin-ThinkPad-X220-Tablet serving lieferando.de.testing SMARTY: rendering template phoneorder/index.htm 
2012-09-19T14:24:08+02:00 DEBUG (7): ydadmin-ThinkPad-X220-Tablet serving lieferando.de.testing SMARTY: rendering template phoneorder/index.htm 
2012-09-19T14:24:22+02:00 DEBUG (7): ydadmin-ThinkPad-X220-Tablet serving lieferando.de.testing SMARTY: rendering template phoneorder/index.htm 
2012-09-19T14:24:51+02:00 DEBUG (7): ydadmin-ThinkPad-X220-Tablet serving lieferando.de.testing SMARTY: rendering template phoneorder/index.htm 
2012-09-19T14:25:28+02:00 DEBUG (7): ydadmin-ThinkPad-X220-Tablet serving lieferando.de.testing SMARTY: rendering template phoneorder/index.htm 
2012-09-19T14:25:44+02:00 DEBUG (7): ydadmin-ThinkPad-X220-Tablet serving lieferando.de.testing SMARTY: rendering template phoneorder/index.htm 
2012-09-19T14:26:24+02:00 DEBUG (7): ydadmin-ThinkPad-X220-Tablet serving lieferando.de.testing SMARTY: rendering template phoneorder/index.htm 
2012-09-19T14:26:41+02:00 DEBUG (7): ydadmin-ThinkPad-X220-Tablet serving lieferando.de.testing SMARTY: rendering template phoneorder/index.htm 
2012-09-19T14:30:20+02:00 DEBUG (7): ydadmin-ThinkPad-X220-Tablet serving lieferando.de.testing SMARTY: rendering template phoneorder/index.htm 
2012-09-19T14:31:17+02:00 DEBUG (7): ydadmin-ThinkPad-X220-Tablet serving lieferando.de.testing SMARTY: rendering template phoneorder/index.htm 
2012-09-19T14:31:56+02:00 DEBUG (7): ydadmin-ThinkPad-X220-Tablet serving lieferando.de.testing SMARTY: rendering template phoneorder/index.htm 
2012-09-19T14:33:57+02:00 DEBUG (7): ydadmin-ThinkPad-X220-Tablet serving lieferando.de.testing SMARTY: rendering template phoneorder/index.htm 
2012-09-19T14:43:29+02:00 DEBUG (7): ydadmin-ThinkPad-X220-Tablet serving lieferando.de.testing SMARTY: rendering template phoneorder/index.htm 
2012-09-19T14:43:43+02:00 DEBUG (7): ydadmin-ThinkPad-X220-Tablet serving lieferando.de.testing SMARTY: rendering template phoneorder/index.htm 
2012-09-19T14:44:50+02:00 DEBUG (7): ydadmin-ThinkPad-X220-Tablet serving lieferando.de.testing SMARTY: rendering template phoneorder/index.htm 
2012-09-19T14:45:14+02:00 DEBUG (7): ydadmin-ThinkPad-X220-Tablet serving lieferando.de.testing SMARTY: rendering template phoneorder/index.htm 
2012-09-19T14:45:37+02:00 DEBUG (7): ydadmin-ThinkPad-X220-Tablet serving lieferando.de.testing SMARTY: rendering template phoneorder/index.htm 
2012-09-19T14:47:07+02:00 DEBUG (7): ydadmin-ThinkPad-X220-Tablet serving lieferando.de.testing SMARTY: rendering template phoneorder/index.htm 
2012-09-19T14:48:51+02:00 DEBUG (7): ydadmin-ThinkPad-X220-Tablet serving lieferando.de.testing SMARTY: rendering template phoneorder/index.htm 
2012-09-19T14:49:01+02:00 DEBUG (7): ydadmin-ThinkPad-X220-Tablet serving lieferando.de.testing SMARTY: rendering template phoneorder/index.htm 
2012-09-19T14:49:27+02:00 DEBUG (7): ydadmin-ThinkPad-X220-Tablet serving lieferando.de.testing SMARTY: rendering template phoneorder/index.htm 
2012-09-19T14:50:03+02:00 DEBUG (7): ydadmin-ThinkPad-X220-Tablet serving lieferando.de.testing SMARTY: rendering template phoneorder/index.htm 
2012-09-19T14:50:22+02:00 DEBUG (7): ydadmin-ThinkPad-X220-Tablet serving lieferando.de.testing SMARTY: rendering template phoneorder/index.htm 
2012-09-19T14:51:49+02:00 DEBUG (7): ydadmin-ThinkPad-X220-Tablet serving lieferando.de.testing SMARTY: rendering template phoneorder/index.htm 
2012-09-19T14:52:43+02:00 DEBUG (7): ydadmin-ThinkPad-X220-Tablet serving lieferando.de.testing SMARTY: rendering template phoneorder/index.htm 
2012-09-19T14:54:20+02:00 DEBUG (7): ydadmin-ThinkPad-X220-Tablet serving lieferando.de.testing SMARTY: rendering template phoneorder/index.htm 
2012-09-19T14:54:28+02:00 DEBUG (7): ydadmin-ThinkPad-X220-Tablet serving lieferando.de.testing SMARTY: rendering template phoneorder/index.htm 
2012-09-19T14:55:07+02:00 DEBUG (7): ydadmin-ThinkPad-X220-Tablet serving lieferando.de.testing SMARTY: rendering template phoneorder/index.htm 
