2012-06-13T06:45:24-03:00 INFO (6): ydadmin-ThinkPad-X220-Tablet serving janamesa.com.br.testing found 28 online and 1 offline services in #82123 
2012-06-13T06:45:24-03:00 DEBUG (7): ydadmin-ThinkPad-X220-Tablet serving janamesa.com.br.testing SMARTY: rendering template order/basis/service.htm 
2012-06-13T06:45:26-03:00 DEBUG (7): ydadmin-ThinkPad-X220-Tablet serving janamesa.com.br.testing SMARTY: caching /home/ydadmin/htdocs/lieferando/application/../public/cache/html/www.yourdelivery.local/servico-de-entrega-sao-paulo-05414-020.html 
2012-06-13T06:45:28-03:00 DEBUG (7): ydadmin-ThinkPad-X220-Tablet serving janamesa.com.br.testing SMARTY: did not find template request/order/lastorder.htm in janamesa.com.br layout, switching successfully back to default 
2012-06-13T06:45:28-03:00 DEBUG (7): ydadmin-ThinkPad-X220-Tablet serving janamesa.com.br.testing SMARTY: rendering template request/order/lastorder.htm 
2012-06-13T06:45:28-03:00 DEBUG (7): ydadmin-ThinkPad-X220-Tablet serving janamesa.com.br.testing show ratingLink for order #708 
2012-06-13T06:45:30-03:00 DEBUG (7): ydadmin-ThinkPad-X220-Tablet serving janamesa.com.br.testing SMARTY: did not find template request/order/serviceinfo.htm in janamesa.com.br layout, switching successfully back to default 
2012-06-13T06:45:30-03:00 DEBUG (7): ydadmin-ThinkPad-X220-Tablet serving janamesa.com.br.testing SMARTY: rendering template request/order/serviceinfo.htm 
2012-06-13T06:45:30-03:00 DEBUG (7): ydadmin-ThinkPad-X220-Tablet serving janamesa.com.br.testing SMARTY: caching /home/ydadmin/htdocs/lieferando/application/../public/cache/html/www.yourdelivery.local/request_order/serviceinfo/id/311.html 
2012-06-13T06:45:34-03:00 DEBUG (7): ydadmin-ThinkPad-X220-Tablet serving janamesa.com.br.testing SMARTY: did not find template order/basis/menu.htm in janamesa.com.br layout, switching successfully back to default 
2012-06-13T06:45:34-03:00 DEBUG (7): ydadmin-ThinkPad-X220-Tablet serving janamesa.com.br.testing SMARTY: rendering template order/basis/menu.htm 
2012-06-13T06:45:36-03:00 DEBUG (7): ydadmin-ThinkPad-X220-Tablet serving janamesa.com.br.testing SMARTY: caching /home/ydadmin/htdocs/lieferando/application/../public/cache/html/www.yourdelivery.local/servico-de-entrega-acisum-perdizes-sao-paulo.html 
2012-06-13T06:46:03-03:00 DEBUG (7): ydadmin-ThinkPad-X220-Tablet serving janamesa.com.br.testing SMARTY: did not find template request/order/serviceinfo.htm in janamesa.com.br layout, switching successfully back to default 
2012-06-13T06:46:03-03:00 DEBUG (7): ydadmin-ThinkPad-X220-Tablet serving janamesa.com.br.testing SMARTY: rendering template request/order/serviceinfo.htm 
2012-06-13T06:46:03-03:00 DEBUG (7): ydadmin-ThinkPad-X220-Tablet serving janamesa.com.br.testing SMARTY: caching /home/ydadmin/htdocs/lieferando/application/../public/cache/html/www.yourdelivery.local/request_order/serviceinfo/id/67.html 
2012-06-13T06:48:27-03:00 INFO (6): ydadmin-ThinkPad-X220-Tablet serving janamesa.com.br.testing appending fallback verbose information to order via cityId 82123 
2012-06-13T06:48:27-03:00 DEBUG (7): ydadmin-ThinkPad-X220-Tablet serving janamesa.com.br.testing SMARTY: did not find template order/private/finish.htm in janamesa.com.br layout, switching successfully back to default 
2012-06-13T06:48:27-03:00 DEBUG (7): ydadmin-ThinkPad-X220-Tablet serving janamesa.com.br.testing SMARTY: rendering template order/private/finish.htm 
2012-06-13T06:48:30-03:00 DEBUG (7): ydadmin-ThinkPad-X220-Tablet serving janamesa.com.br.testing SMARTY: did not find template request/service/openingtimeday.htm in janamesa.com.br layout, switching successfully back to default 
2012-06-13T06:48:30-03:00 DEBUG (7): ydadmin-ThinkPad-X220-Tablet serving janamesa.com.br.testing SMARTY: rendering template request/service/openingtimeday.htm 
2012-06-13T06:49:11-03:00 INFO (6): ydadmin-ThinkPad-X220-Tablet serving janamesa.com.br.testing appending fallback verbose information to order via cityId 82123 
2012-06-13T06:49:11-03:00 DEBUG (7): ydadmin-ThinkPad-X220-Tablet serving janamesa.com.br.testing SMARTY: did not find template order/private/finish.htm in janamesa.com.br layout, switching successfully back to default 
2012-06-13T06:49:11-03:00 DEBUG (7): ydadmin-ThinkPad-X220-Tablet serving janamesa.com.br.testing SMARTY: rendering template order/private/finish.htm 
2012-06-13T06:49:13-03:00 DEBUG (7): ydadmin-ThinkPad-X220-Tablet serving janamesa.com.br.testing SMARTY: did not find template request/service/openingtimeday.htm in janamesa.com.br layout, switching successfully back to default 
2012-06-13T06:49:13-03:00 DEBUG (7): ydadmin-ThinkPad-X220-Tablet serving janamesa.com.br.testing SMARTY: rendering template request/service/openingtimeday.htm 
2012-06-13T06:57:34-03:00 INFO (6): ydadmin-ThinkPad-X220-Tablet serving janamesa.com.br.testing appending fallback verbose information to order via cityId 82123 
2012-06-13T06:57:35-03:00 DEBUG (7): ydadmin-ThinkPad-X220-Tablet serving janamesa.com.br.testing setting deliver time to 1339581600 based on day: 13.06.2012 time: 07:00 
2012-06-13T06:57:35-03:00 DEBUG (7): ydadmin-ThinkPad-X220-Tablet serving janamesa.com.br.testing missed to find any openings for service #311, so this bugger is not open on 2012-06-13 07:00:00 
2012-06-13T06:57:35-03:00 WARN (4): ydadmin-ThinkPad-X220-Tablet serving janamesa.com.br.testing customer selected deliver time 07:00:00 13.06.2012 where the service #311 Acisum  Perdizes is not open 
2012-06-13T06:57:35-03:00 DEBUG (7): ydadmin-ThinkPad-X220-Tablet serving janamesa.com.br.testing SMARTY: did not find template order/private/finish.htm in janamesa.com.br layout, switching successfully back to default 
2012-06-13T06:57:35-03:00 DEBUG (7): ydadmin-ThinkPad-X220-Tablet serving janamesa.com.br.testing SMARTY: rendering template order/private/finish.htm 
2012-06-13T06:57:36-03:00 DEBUG (7): ydadmin-ThinkPad-X220-Tablet serving janamesa.com.br.testing SMARTY: did not find template request/service/openingtimeday.htm in janamesa.com.br layout, switching successfully back to default 
2012-06-13T06:57:36-03:00 DEBUG (7): ydadmin-ThinkPad-X220-Tablet serving janamesa.com.br.testing SMARTY: rendering template request/service/openingtimeday.htm 
2012-06-13T06:58:00-03:00 INFO (6): ydadmin-ThinkPad-X220-Tablet serving janamesa.com.br.testing appending fallback verbose information to order via cityId 82123 
2012-06-13T06:58:00-03:00 DEBUG (7): ydadmin-ThinkPad-X220-Tablet serving janamesa.com.br.testing setting deliver time to 1339609500 based on day: 13.06.2012 time: 14:45 
2012-06-13T06:58:00-03:00 DEBUG (7): ydadmin-ThinkPad-X220-Tablet serving janamesa.com.br.testing service #311 is open due to  openings 11:00 - 14:45 
2012-06-13T06:58:00-03:00 DEBUG (7): ydadmin-ThinkPad-X220-Tablet serving janamesa.com.br.testing saved model Yourdelivery_Model_Order_Private with id #730 new data :: Array(    [customer] =>     [nr] => 37786496    [time] => 2012-06-13 06:58:00    [deliverTime] => 2012-06-13 14:45:00    [mode] => rest    [kind] => priv    [ident] => 3nmYi6FHXPTHiEkTpoqj    [domain] => www.yourdelivery.local    [cpf] =>     [serviceId] => 311    [restaurantId] => 311    [floor] => 0    [lift] =>     [currentPayment] => paypal    [payment] => paypal    [change] => 0    [total] => 5100    [courier] =>     [courierCost] => 0    [serviceDeliverCost] => 300    [charge] => 0    [contract] => 1    [ipAddr] => 127.0.0.1) 
2012-06-13T06:58:00-03:00 DEBUG (7): ydadmin-ThinkPad-X220-Tablet serving janamesa.com.br.testing found 10 points for action order 
2012-06-13T06:58:00-03:00 DEBUG (7): ydadmin-ThinkPad-X220-Tablet serving janamesa.com.br.testing saved model Yourdelivery_Model_Customer_FidelityTransaction with id #1036 new data :: Array(    [email] => naie@lieferando.de    [action] => order    [status] => 0    [points] => 10    [transactionData] => 730) 
2012-06-13T06:58:00-03:00 INFO (6): ydadmin-ThinkPad-X220-Tablet serving janamesa.com.br.testing successfully added 0 points to customer naie@lieferando.de for action order 
2012-06-13T06:58:00-03:00 DEBUG (7): ydadmin-ThinkPad-X220-Tablet serving janamesa.com.br.testing CUSTOMER FIDELITY - could not clear cache for transactionsfidelity65666812875e8232797613d8aa41808d 
2012-06-13T06:58:00-03:00 DEBUG (7): ydadmin-ThinkPad-X220-Tablet serving janamesa.com.br.testing CUSTOMER FIDELITY - could not clear cache for open1fidelity65666812875e8232797613d8aa41808d 
2012-06-13T06:58:00-03:00 DEBUG (7): ydadmin-ThinkPad-X220-Tablet serving janamesa.com.br.testing CUSTOMER FIDELITY - could not clear cache for open0fidelity65666812875e8232797613d8aa41808d 
2012-06-13T06:58:01-03:00 DEBUG (7): ydadmin-ThinkPad-X220-Tablet serving janamesa.com.br.testing PDFLATEX command: /usr/bin/pdflatex /home/ydadmin/htdocs/lieferando/application/templates/latex/compile/compile_1339581481_XdZSaHxB.tex -output-directory=/home/ydadmin/htdocs/lieferando/application/templates/latex/compile & 
2012-06-13T06:58:01-03:00 DEBUG (7): ydadmin-ThinkPad-X220-Tablet serving janamesa.com.br.testing PDFLATEX passthru: 1 
2012-06-13T06:58:01-03:00 DEBUG (7): ydadmin-ThinkPad-X220-Tablet serving janamesa.com.br.testing PDFLATEX ob_get_contents: This is pdfTeX, Version 3.1415926-1.40.10 (TeX Live 2009/Debian)
entering extended mode

(/home/ydadmin/htdocs/lieferando/application/templates/latex/compile/compile_13
39581481_XdZSaHxB.tex
LaTeX2e <2009/09/24>
Babel <v3.8l> and hyphenation patterns for english, usenglishmax, dumylang, noh
yphenation, ngerman, german, german-x-2009-06-19, ngerman-x-2009-06-19, loaded.

(/usr/share/texmf-texlive/tex/latex/koma-script/scrartcl.cls
Document Class: scrartcl 2009/07/24 v3.04a KOMA-Script document class (article)

(/usr/share/texmf-texlive/tex/latex/koma-script/scrkbase.sty
(/usr/share/texmf-texlive/tex/latex/koma-script/scrbase.sty
(/usr/share/texmf-texlive/tex/latex/graphics/keyval.sty)
(/usr/share/texmf-texlive/tex/latex/koma-script/scrlfile.sty
Package scrlfile, 2009/03/25 v3.03 KOMA-Script package (loading files)
                  Copyright (C) Markus Kohm

))) (/usr/share/texmf-texlive/tex/latex/koma-script/tocbasic.sty)
(/usr/share/texmf-texlive/tex/latex/koma-script/scrsize11pt.clo)
(/usr/share/texmf-texlive/tex/latex/koma-script/typearea.sty
Package typearea, 2009/07/24 v3.04a KOMA-Script package (type area)
                  Copyright (C) Frank Neukam, 1992-1994
                  Copyright (C) Markus Kohm, 1994-

)) (/usr/share/texmf-texlive/tex/latex/psnfss/mathptmx.sty)
(/usr/share/texmf-texlive/tex/latex/psnfss/helvet.sty)
(/usr/share/texmf-texlive/tex/latex/geometry/geometry.sty
(/usr/share/texmf-texlive/tex/generic/oberdiek/ifpdf.sty)
(/usr/share/texmf-texlive/tex/generic/oberdiek/ifvtex.sty))
(/usr/share/texmf-texlive/tex/latex/base/inputenc.sty
(/usr/share/texmf-texlive/tex/latex/base/utf8.def
(/usr/share/texmf-texlive/tex/latex/base/t1enc.dfu)
(/usr/share/texmf-texlive/tex/latex/base/ot1enc.dfu)
(/usr/share/texmf-texlive/tex/latex/base/omsenc.dfu)))
(/usr/share/texmf-texlive/tex/generic/babel/babel.sty
(/usr/share/texmf-texlive/tex/generic/babel/germanb.ldf
(/usr/share/texmf-texlive/tex/generic/babel/babel.def)))
(/usr/share/texmf-texlive/tex/latex/base/fontenc.sty
(/usr/share/texmf-texlive/tex/latex/base/t1enc.def))
(/usr/share/texmf-texlive/tex/latex/pdfpages/pdfpages.sty
(/usr/share/texmf-texlive/tex/latex/base/ifthen.sty)
(/usr/share/texmf-texlive/tex/latex/graphics/graphicx.sty
(/usr/share/texmf-texlive/tex/latex/graphics/graphics.sty
(/usr/share/texmf-texlive/tex/latex/graphics/trig.sty)
(/etc/texmf/tex/latex/config/graphics.cfg)
(/usr/share/texmf-texlive/tex/latex/pdftex-def/pdftex.def)))
(/usr/share/texmf-texlive/tex/latex/tools/calc.sty)
(/usr/share/texmf-texlive/tex/latex/eso-pic/eso-pic.sty
(/usr/share/texmf-texlive/tex/latex/ms/everyshi.sty))
(/usr/share/texmf-texlive/tex/latex/pdfpages/pppdftex.def))
(/usr/share/texmf-texlive/tex/latex/multirow/multirow.sty)
(/usr/share/texmf-texlive/tex/latex/fancyhdr/fancyhdr.sty)
(/usr/share/texmf-texlive/tex/latex/booktabs/booktabs.sty)
(/usr/share/texmf-texlive/tex/latex/tools/array.sty)
(/usr/share/texmf-texlive/tex/latex/tools/longtable.sty)
(/usr/share/texmf-texlive/tex/latex/lastpage/lastpage.sty)
(/usr/share/texmf-texlive/tex/latex/eurosym/eurosym.sty)
No file compile_1339581481_XdZSaHxB.aux.
(/usr/share/texmf-texlive/tex/latex/psnfss/t1phv.fd)
*geometry auto-detecting driver*
*geometry detected driver: pdftex*
(/usr/share/texmf-texlive/tex/context/base/supp-pdf.mkii
[Loading MPS to PDF converter (version 2006.09.02).]
) ABD: EveryShipout initializing macros
(/usr/share/texmf-texlive/tex/latex/graphics/color.sty
(/etc/texmf/tex/latex/config/color.cfg))
Overfull \hbox (63.55235pt too wide) in alignment at lines 76--93
 [] [] 

Overfull \hbox (10.28651pt too wide) in paragraph at lines 124--124
 []|\T1/phv/b/n/10.95 Anzahl| 

Overfull \hbox (5.17404pt too wide) in paragraph at lines 124--124
[]|\T1/phv/b/n/10.95 Art.Nr.|  

Overfull \hbox (1.01913pt too wide) in paragraph at lines 124--124
 []|\T1/phv/b/n/10.95 Einzelpreis|

Overfull \hbox (12.0pt too wide) in alignment at lines 109--146
 [] [] [] [] [] 
AED: lastpage setting LastPage
<../includes/logos/janamesa-com-br.jpg, id=1, 532.99126pt x 118.4425pt>
<use ../includes/logos/janamesa-com-br.jpg>

Package Fancyhdr Warning: \headheight is too small (17.0pt): 
 Make it at least 122.52223pt.
 We now make it that large for the rest of the document.
 This may cause the page layout to be inconsistent, however.

[1{/var/lib/texmf/fonts/map/pdftex/updmap/pdftex.map} <../includes/logos/janame
sa-com-br.jpg>] (./compile_1339581481_XdZSaHxB.aux)

LaTeX Warning: Label(s) may have changed. Rerun to get cross-references right.

 )
(see the transcript file for additional information){/usr/share/texmf-texlive/f
onts/enc/dvips/base/8r.enc}</usr/share/texmf-texlive/fonts/type1/public/eurosym
/feybr10.pfb></usr/share/texmf-texlive/fonts/type1/public/eurosym/feymr10.pfb><
/usr/share/texmf-texlive/fonts/type1/urw/helvetic/uhvb8a.pfb></usr/share/texmf-
texlive/fonts/type1/urw/helvetic/uhvr8a.pfb>
Output written on compile_1339581481_XdZSaHxB.pdf (1 page, 71462 bytes).
Transcript written on compile_1339581481_XdZSaHxB.log.
0 
2012-06-13T06:58:01-03:00 DEBUG (7): ydadmin-ThinkPad-X220-Tablet serving janamesa.com.br.testing PDFLATEX command: /usr/bin/pdflatex /home/ydadmin/htdocs/lieferando/application/templates/latex/compile/compile_1339581481_XdZSaHxB.tex -output-directory=/home/ydadmin/htdocs/lieferando/application/templates/latex/compile & 
2012-06-13T06:58:01-03:00 DEBUG (7): ydadmin-ThinkPad-X220-Tablet serving janamesa.com.br.testing PDFLATEX passthru: 1 
2012-06-13T06:58:01-03:00 DEBUG (7): ydadmin-ThinkPad-X220-Tablet serving janamesa.com.br.testing PDFLATEX ob_get_contents: This is pdfTeX, Version 3.1415926-1.40.10 (TeX Live 2009/Debian)
entering extended mode

(/home/ydadmin/htdocs/lieferando/application/templates/latex/compile/compile_13
39581481_XdZSaHxB.tex
LaTeX2e <2009/09/24>
Babel <v3.8l> and hyphenation patterns for english, usenglishmax, dumylang, noh
yphenation, ngerman, german, german-x-2009-06-19, ngerman-x-2009-06-19, loaded.

(/usr/share/texmf-texlive/tex/latex/koma-script/scrartcl.cls
Document Class: scrartcl 2009/07/24 v3.04a KOMA-Script document class (article)

(/usr/share/texmf-texlive/tex/latex/koma-script/scrkbase.sty
(/usr/share/texmf-texlive/tex/latex/koma-script/scrbase.sty
(/usr/share/texmf-texlive/tex/latex/graphics/keyval.sty)
(/usr/share/texmf-texlive/tex/latex/koma-script/scrlfile.sty
Package scrlfile, 2009/03/25 v3.03 KOMA-Script package (loading files)
                  Copyright (C) Markus Kohm

))) (/usr/share/texmf-texlive/tex/latex/koma-script/tocbasic.sty)
(/usr/share/texmf-texlive/tex/latex/koma-script/scrsize11pt.clo)
(/usr/share/texmf-texlive/tex/latex/koma-script/typearea.sty
Package typearea, 2009/07/24 v3.04a KOMA-Script package (type area)
                  Copyright (C) Frank Neukam, 1992-1994
                  Copyright (C) Markus Kohm, 1994-

)) (/usr/share/texmf-texlive/tex/latex/psnfss/mathptmx.sty)
(/usr/share/texmf-texlive/tex/latex/psnfss/helvet.sty)
(/usr/share/texmf-texlive/tex/latex/geometry/geometry.sty
(/usr/share/texmf-texlive/tex/generic/oberdiek/ifpdf.sty)
(/usr/share/texmf-texlive/tex/generic/oberdiek/ifvtex.sty))
(/usr/share/texmf-texlive/tex/latex/base/inputenc.sty
(/usr/share/texmf-texlive/tex/latex/base/utf8.def
(/usr/share/texmf-texlive/tex/latex/base/t1enc.dfu)
(/usr/share/texmf-texlive/tex/latex/base/ot1enc.dfu)
(/usr/share/texmf-texlive/tex/latex/base/omsenc.dfu)))
(/usr/share/texmf-texlive/tex/generic/babel/babel.sty
(/usr/share/texmf-texlive/tex/generic/babel/germanb.ldf
(/usr/share/texmf-texlive/tex/generic/babel/babel.def)))
(/usr/share/texmf-texlive/tex/latex/base/fontenc.sty
(/usr/share/texmf-texlive/tex/latex/base/t1enc.def))
(/usr/share/texmf-texlive/tex/latex/pdfpages/pdfpages.sty
(/usr/share/texmf-texlive/tex/latex/base/ifthen.sty)
(/usr/share/texmf-texlive/tex/latex/graphics/graphicx.sty
(/usr/share/texmf-texlive/tex/latex/graphics/graphics.sty
(/usr/share/texmf-texlive/tex/latex/graphics/trig.sty)
(/etc/texmf/tex/latex/config/graphics.cfg)
(/usr/share/texmf-texlive/tex/latex/pdftex-def/pdftex.def)))
(/usr/share/texmf-texlive/tex/latex/tools/calc.sty)
(/usr/share/texmf-texlive/tex/latex/eso-pic/eso-pic.sty
(/usr/share/texmf-texlive/tex/latex/ms/everyshi.sty))
(/usr/share/texmf-texlive/tex/latex/pdfpages/pppdftex.def))
(/usr/share/texmf-texlive/tex/latex/multirow/multirow.sty)
(/usr/share/texmf-texlive/tex/latex/fancyhdr/fancyhdr.sty)
(/usr/share/texmf-texlive/tex/latex/booktabs/booktabs.sty)
(/usr/share/texmf-texlive/tex/latex/tools/array.sty)
(/usr/share/texmf-texlive/tex/latex/tools/longtable.sty)
(/usr/share/texmf-texlive/tex/latex/lastpage/lastpage.sty)
(/usr/share/texmf-texlive/tex/latex/eurosym/eurosym.sty)
(./compile_1339581481_XdZSaHxB.aux)
(/usr/share/texmf-texlive/tex/latex/psnfss/t1phv.fd)
*geometry auto-detecting driver*
*geometry detected driver: pdftex*
(/usr/share/texmf-texlive/tex/context/base/supp-pdf.mkii
[Loading MPS to PDF converter (version 2006.09.02).]
) ABD: EveryShipout initializing macros
(/usr/share/texmf-texlive/tex/latex/graphics/color.sty
(/etc/texmf/tex/latex/config/color.cfg))
Overfull \hbox (63.55235pt too wide) in alignment at lines 76--93
 [] [] 

Overfull \hbox (10.28651pt too wide) in paragraph at lines 124--124
 []|\T1/phv/b/n/10.95 Anzahl| 

Overfull \hbox (5.17404pt too wide) in paragraph at lines 124--124
[]|\T1/phv/b/n/10.95 Art.Nr.|  

Overfull \hbox (1.01913pt too wide) in paragraph at lines 124--124
 []|\T1/phv/b/n/10.95 Einzelpreis|

Overfull \hbox (12.0pt too wide) in alignment at lines 109--146
 [] [] [] [] [] 
AED: lastpage setting LastPage
<../includes/logos/janamesa-com-br.jpg, id=1, 532.99126pt x 118.4425pt>
<use ../includes/logos/janamesa-com-br.jpg>

Package Fancyhdr Warning: \headheight is too small (17.0pt): 
 Make it at least 122.52223pt.
 We now make it that large for the rest of the document.
 This may cause the page layout to be inconsistent, however.

[1{/var/lib/texmf/fonts/map/pdftex/updmap/pdftex.map} <../includes/logos/janame
sa-com-br.jpg>] (./compile_1339581481_XdZSaHxB.aux) )
(see the transcript file for additional information){/usr/share/texmf-texlive/f
onts/enc/dvips/base/8r.enc}</usr/share/texmf-texlive/fonts/type1/public/eurosym
/feybr10.pfb></usr/share/texmf-texlive/fonts/type1/public/eurosym/feymr10.pfb><
/usr/share/texmf-texlive/fonts/type1/urw/helvetic/uhvb8a.pfb></usr/share/texmf-
texlive/fonts/type1/urw/helvetic/uhvr8a.pfb>
Output written on compile_1339581481_XdZSaHxB.pdf (1 page, 71462 bytes).
Transcript written on compile_1339581481_XdZSaHxB.log.
0 
2012-06-13T06:58:01-03:00 DEBUG (7): ydadmin-ThinkPad-X220-Tablet serving janamesa.com.br.testing updating model Default_Model_Base #311 with modified data :: Array(    [current] =>     [name] => Acisum  Perdizes    [street] => Dos Caetés    [hausnr] => 489    [plz] => 05016-081    [cityId] => 61992    [categoryId] => 9    [isOnline] => 1    [description] =>     [contactId] => 318    [ustid] =>     [tel] => (011) 3803-9393    [fax] => 0123    [email] => ester550@hotmail.com    [status] => 0    [ktoName] =>     [ktoNr] =>     [ktoBlz] =>     [ktoIban] =>     [ktoSwift] =>     [fee] => 0    [komm] => 8.00    [latitude] => 0.0000000    [longitude] => 0.0000000    [notify] => all    [notifyPayed] => 2    [customerNr] => 40310    [item] => 0    [deleted] => 0    [statecomment] => falta bancofalta fax2 meses sem prov    [debit] => 1    [billInterval] => 0    [sodexo] => 0    [ticketrestaurant] => 0    [onlyPickup] => 0    [billDeliverCost] => 1    [ratingQuality] =>     [ratingDelivery] =>     [ratingAdvisePercentPositive] => 0    [specialComment] =>     [specialInfo] =>     [billingContactId] => 318    [floorfee] => 0    [slots] => 0    [slotsPeriod] => 0    [checked] => 0    [billDeliver] => none    [updated] => 2012-06-13 06:58:01    [paymentbar] => 1    [isLogo] => 0    [menuUpdateTime] =>     [qypeId] => 0    [acceptsPfand] => 0    [onlycash] => 0    [faxService] => retarus    [offlineStatusUntil] => 2011-06-20 12:00:00    [placesEmail] =>     [placesPassword] =>     [placesComment] =>     [placesStatus] => nein    [franchiseTypeId] => 1    [restUrl] => servico-de-entrega-acisum-perdizes-sao-paulo    [caterUrl] => bufet-acisum-perdizes-sao-paulo    [greatUrl] => mercado-municipal-acisum-perdizes-sao-paulo    [metaTitle] =>     [metaKeywords] =>     [metaDescription] =>     [metaRobots] => noindex,follow    [kommSat] => 0.00    [itemSat] => 0    [feeSat] => 0    [topUntil] =>     [chargePercentage] => 0.00    [chargeFix] => 0.00    [chargeStart] =>     [password] =>     [laxContract] => 0) 
2012-06-13T06:58:01-03:00 INFO (6): ydadmin-ThinkPad-X220-Tablet serving janamesa.com.br.testing customer #1339581480 etretre rtgrtz sucessfully finished order #730 
2012-06-13T06:58:01-03:00 DEBUG (7): ydadmin-ThinkPad-X220-Tablet serving janamesa.com.br.testing Status Wechsel in Order Tabelle: #730 - alter Status: 0 - neuer Status: -5 
2012-06-13T06:58:01-03:00 DEBUG (7): ydadmin-ThinkPad-X220-Tablet serving janamesa.com.br.testing New order status entry id: 730, status: -5 
2012-06-13T06:58:01-03:00 DEBUG (7): ydadmin-ThinkPad-X220-Tablet serving janamesa.com.br.testing updating model Default_Model_Base #1036 with modified data :: Array(    [current] =>     [email] => naie@lieferando.de    [transactionData] => 730    [status] => -1    [action] => order    [points] => 10    [updated] => 2012-06-13 06:58:01) 
2012-06-13T06:58:01-03:00 INFO (6): ydadmin-ThinkPad-X220-Tablet serving janamesa.com.br.testing successfully modifed transaction #1036 of customer naie@lieferando.de to status -1 
2012-06-13T06:58:01-03:00 DEBUG (7): ydadmin-ThinkPad-X220-Tablet serving janamesa.com.br.testing CUSTOMER FIDELITY - could not clear cache for transactionsfidelity65666812875e8232797613d8aa41808d 
2012-06-13T06:58:01-03:00 DEBUG (7): ydadmin-ThinkPad-X220-Tablet serving janamesa.com.br.testing CUSTOMER FIDELITY - could not clear cache for open1fidelity65666812875e8232797613d8aa41808d 
2012-06-13T06:58:01-03:00 DEBUG (7): ydadmin-ThinkPad-X220-Tablet serving janamesa.com.br.testing CUSTOMER FIDELITY - could not clear cache for open0fidelity65666812875e8232797613d8aa41808d 
2012-06-13T06:58:03-03:00 INFO (6): ydadmin-ThinkPad-X220-Tablet serving janamesa.com.br.testing Paypal: redirect user for order #730 
2012-06-13T07:01:13-03:00 DEBUG (7): ydadmin-ThinkPad-X220-Tablet serving janamesa.com.br.testing SMARTY: did not find template request/service/openingtimeday.htm in janamesa.com.br layout, switching successfully back to default 
2012-06-13T07:01:13-03:00 DEBUG (7): ydadmin-ThinkPad-X220-Tablet serving janamesa.com.br.testing SMARTY: rendering template request/service/openingtimeday.htm 
2012-06-13T07:01:59-03:00 DEBUG (7): ydadmin-ThinkPad-X220-Tablet serving janamesa.com.br.testing SMARTY: did not find template request/order/lastorder.htm in janamesa.com.br layout, switching successfully back to default 
2012-06-13T07:01:59-03:00 DEBUG (7): ydadmin-ThinkPad-X220-Tablet serving janamesa.com.br.testing SMARTY: rendering template request/order/lastorder.htm 
2012-06-13T07:01:59-03:00 DEBUG (7): ydadmin-ThinkPad-X220-Tablet serving janamesa.com.br.testing show ratingLink for order #708 
2012-06-13T07:02:22-03:00 DEBUG (7): ydadmin-ThinkPad-X220-Tablet serving janamesa.com.br.testing SMARTY: did not find template request/order/lastorder.htm in janamesa.com.br layout, switching successfully back to default 
2012-06-13T07:02:22-03:00 DEBUG (7): ydadmin-ThinkPad-X220-Tablet serving janamesa.com.br.testing SMARTY: rendering template request/order/lastorder.htm 
2012-06-13T07:02:22-03:00 DEBUG (7): ydadmin-ThinkPad-X220-Tablet serving janamesa.com.br.testing show ratingLink for order #708 
2012-06-13T07:02:32-03:00 DEBUG (7): ydadmin-ThinkPad-X220-Tablet serving janamesa.com.br.testing SMARTY: did not find template request/order/serviceinfo.htm in janamesa.com.br layout, switching successfully back to default 
2012-06-13T07:02:32-03:00 DEBUG (7): ydadmin-ThinkPad-X220-Tablet serving janamesa.com.br.testing SMARTY: rendering template request/order/serviceinfo.htm 
2012-06-13T07:02:32-03:00 DEBUG (7): ydadmin-ThinkPad-X220-Tablet serving janamesa.com.br.testing SMARTY: caching /home/ydadmin/htdocs/lieferando/application/../public/cache/html/www.yourdelivery.local/request_order/serviceinfo/id/75.html 
2012-06-13T07:02:52-03:00 DEBUG (7): ydadmin-ThinkPad-X220-Tablet serving janamesa.com.br.testing SMARTY: did not find template request/order/serviceinfo.htm in janamesa.com.br layout, switching successfully back to default 
2012-06-13T07:02:52-03:00 DEBUG (7): ydadmin-ThinkPad-X220-Tablet serving janamesa.com.br.testing SMARTY: rendering template request/order/serviceinfo.htm 
2012-06-13T07:02:52-03:00 DEBUG (7): ydadmin-ThinkPad-X220-Tablet serving janamesa.com.br.testing SMARTY: caching /home/ydadmin/htdocs/lieferando/application/../public/cache/html/www.yourdelivery.local/request_order/serviceinfo/id/120.html 
2012-06-13T07:03:12-03:00 INFO (6): ydadmin-ThinkPad-X220-Tablet serving janamesa.com.br.testing found 28 online and 1 offline services in #82123 
2012-06-13T07:03:12-03:00 DEBUG (7): ydadmin-ThinkPad-X220-Tablet serving janamesa.com.br.testing SMARTY: rendering template order/basis/service.htm 
2012-06-13T07:03:14-03:00 DEBUG (7): ydadmin-ThinkPad-X220-Tablet serving janamesa.com.br.testing SMARTY: caching /home/ydadmin/htdocs/lieferando/application/../public/cache/html/www.yourdelivery.local/servico-de-entrega-sao-paulo-05414-020.html 
2012-06-13T07:03:16-03:00 DEBUG (7): ydadmin-ThinkPad-X220-Tablet serving janamesa.com.br.testing SMARTY: did not find template request/order/lastorder.htm in janamesa.com.br layout, switching successfully back to default 
2012-06-13T07:03:16-03:00 DEBUG (7): ydadmin-ThinkPad-X220-Tablet serving janamesa.com.br.testing SMARTY: rendering template request/order/lastorder.htm 
2012-06-13T07:03:16-03:00 DEBUG (7): ydadmin-ThinkPad-X220-Tablet serving janamesa.com.br.testing show ratingLink for order #708 
2012-06-13T07:03:28-03:00 DEBUG (7): ydadmin-ThinkPad-X220-Tablet serving janamesa.com.br.testing SMARTY: did not find template request/order/serviceinfo.htm in janamesa.com.br layout, switching successfully back to default 
2012-06-13T07:03:28-03:00 DEBUG (7): ydadmin-ThinkPad-X220-Tablet serving janamesa.com.br.testing SMARTY: rendering template request/order/serviceinfo.htm 
2012-06-13T07:03:28-03:00 DEBUG (7): ydadmin-ThinkPad-X220-Tablet serving janamesa.com.br.testing SMARTY: caching /home/ydadmin/htdocs/lieferando/application/../public/cache/html/www.yourdelivery.local/request_order/serviceinfo/id/67.html 
2012-06-13T07:03:53-03:00 DEBUG (7): ydadmin-ThinkPad-X220-Tablet serving janamesa.com.br.testing SMARTY: did not find template request/order/serviceinfo.htm in janamesa.com.br layout, switching successfully back to default 
2012-06-13T07:03:53-03:00 DEBUG (7): ydadmin-ThinkPad-X220-Tablet serving janamesa.com.br.testing SMARTY: rendering template request/order/serviceinfo.htm 
2012-06-13T07:03:53-03:00 DEBUG (7): ydadmin-ThinkPad-X220-Tablet serving janamesa.com.br.testing SMARTY: caching /home/ydadmin/htdocs/lieferando/application/../public/cache/html/www.yourdelivery.local/request_order/serviceinfo/id/311.html 
2012-06-13T07:23:41-03:00 DEBUG (7): ydadmin-ThinkPad-X220-Tablet serving janamesa.com.br.testing SMARTY: did not find template administration/login.htm in janamesa.com.br layout, switching successfully back to default 
2012-06-13T07:23:41-03:00 DEBUG (7): ydadmin-ThinkPad-X220-Tablet serving janamesa.com.br.testing SMARTY: rendering template administration/login.htm 
2012-06-13T07:23:45-03:00 DEBUG (7): ydadmin-ThinkPad-X220-Tablet serving janamesa.com.br.testing SMARTY: did not find template request/service/preorder.htm in janamesa.com.br layout, switching successfully back to default 
2012-06-13T07:23:45-03:00 DEBUG (7): ydadmin-ThinkPad-X220-Tablet serving janamesa.com.br.testing SMARTY: rendering template request/service/preorder.htm 
2012-06-13T07:23:45-03:00 DEBUG (7): ydadmin-ThinkPad-X220-Tablet serving janamesa.com.br.testing SMARTY: caching /home/ydadmin/htdocs/lieferando/application/../public/cache/html/www.yourdelivery.local/request_service/preorder/type/rest.html 
2012-06-13T07:23:47-03:00 DEBUG (7): ydadmin-ThinkPad-X220-Tablet serving janamesa.com.br.testing SMARTY: did not find template order/basis/menu.htm in janamesa.com.br layout, switching successfully back to default 
2012-06-13T07:23:47-03:00 DEBUG (7): ydadmin-ThinkPad-X220-Tablet serving janamesa.com.br.testing SMARTY: rendering template order/basis/menu.htm 
2012-06-13T07:23:49-03:00 DEBUG (7): ydadmin-ThinkPad-X220-Tablet serving janamesa.com.br.testing SMARTY: caching /home/ydadmin/htdocs/lieferando/application/../public/cache/html/www.yourdelivery.local/servico-de-entrega-acisum-perdizes-sao-paulo.html 
2012-06-13T07:23:56-03:00 INFO (6): ydadmin-ThinkPad-X220-Tablet serving janamesa.com.br.testing appending fallback verbose information to order via cityId 82123 
2012-06-13T07:23:56-03:00 DEBUG (7): ydadmin-ThinkPad-X220-Tablet serving janamesa.com.br.testing SMARTY: did not find template order/private/finish.htm in janamesa.com.br layout, switching successfully back to default 
2012-06-13T07:23:56-03:00 DEBUG (7): ydadmin-ThinkPad-X220-Tablet serving janamesa.com.br.testing SMARTY: rendering template order/private/finish.htm 
2012-06-13T07:23:58-03:00 DEBUG (7): ydadmin-ThinkPad-X220-Tablet serving janamesa.com.br.testing SMARTY: did not find template request/service/openingtimeday.htm in janamesa.com.br layout, switching successfully back to default 
2012-06-13T07:23:58-03:00 DEBUG (7): ydadmin-ThinkPad-X220-Tablet serving janamesa.com.br.testing SMARTY: rendering template request/service/openingtimeday.htm 
2012-06-13T10:57:01-03:00 DEBUG (7): ydadmin-ThinkPad-X220-Tablet serving janamesa.com.br.testing SMARTY: did not find template request/service/openingtimeday.htm in janamesa.com.br layout, switching successfully back to default 
2012-06-13T10:57:01-03:00 DEBUG (7): ydadmin-ThinkPad-X220-Tablet serving janamesa.com.br.testing SMARTY: rendering template request/service/openingtimeday.htm 
2012-06-13T11:43:29-03:00 INFO (6): ydadmin-ThinkPad-X220-Tablet serving janamesa.com.br.testing Successfully loggged in admin #Supporter Jens Naie (344) 
2012-06-13T11:43:29-03:00 DEBUG (7): ydadmin-ThinkPad-X220-Tablet serving janamesa.com.br.testing SMARTY: did not find template administration/dashboard.htm in janamesa.com.br layout, switching successfully back to default 
2012-06-13T11:43:29-03:00 DEBUG (7): ydadmin-ThinkPad-X220-Tablet serving janamesa.com.br.testing SMARTY: rendering template administration/dashboard.htm 
2012-06-13T11:43:53-03:00 DEBUG (7): ydadmin-ThinkPad-X220-Tablet serving janamesa.com.br.testing SMARTY: did not find template administration/services.htm in janamesa.com.br layout, switching successfully back to default 
2012-06-13T11:43:53-03:00 DEBUG (7): ydadmin-ThinkPad-X220-Tablet serving janamesa.com.br.testing SMARTY: rendering template administration/services.htm 
2012-06-13T11:44:05-03:00 INFO (6): ydadmin-ThinkPad-X220-Tablet serving janamesa.com.br.testing Logged to the restaurant Nacho Libre (305) #Supporter Jens Naie (344) 
2012-06-13T11:44:05-03:00 DEBUG (7): ydadmin-ThinkPad-X220-Tablet serving janamesa.com.br.testing SMARTY: did not find template restaurant/index.htm in janamesa.com.br layout, switching successfully back to default 
2012-06-13T11:44:05-03:00 DEBUG (7): ydadmin-ThinkPad-X220-Tablet serving janamesa.com.br.testing SMARTY: rendering template restaurant/index.htm 
2012-06-13T11:44:13-03:00 DEBUG (7): ydadmin-ThinkPad-X220-Tablet serving janamesa.com.br.testing SMARTY: did not find template restaurant/mealextrasgroups.htm in janamesa.com.br layout, switching successfully back to default 
2012-06-13T11:44:13-03:00 DEBUG (7): ydadmin-ThinkPad-X220-Tablet serving janamesa.com.br.testing SMARTY: rendering template restaurant/mealextrasgroups.htm 
2012-06-13T11:44:30-03:00 DEBUG (7): ydadmin-ThinkPad-X220-Tablet serving janamesa.com.br.testing SMARTY: did not find template restaurant/extras/editgroup.htm in janamesa.com.br layout, switching successfully back to default 
2012-06-13T11:44:30-03:00 DEBUG (7): ydadmin-ThinkPad-X220-Tablet serving janamesa.com.br.testing SMARTY: rendering template restaurant/extras/editgroup.htm 
2012-06-13T11:52:40-03:00 DEBUG (7): ydadmin-ThinkPad-X220-Tablet serving janamesa.com.br.testing SMARTY: did not find template restaurant/extras/editgroup.htm in janamesa.com.br layout, switching successfully back to default 
2012-06-13T11:52:40-03:00 DEBUG (7): ydadmin-ThinkPad-X220-Tablet serving janamesa.com.br.testing SMARTY: rendering template restaurant/extras/editgroup.htm 
2012-06-13T11:52:52-03:00 DEBUG (7): ydadmin-ThinkPad-X220-Tablet serving janamesa.com.br.testing SMARTY: did not find template restaurant/mealextrasgroups.htm in janamesa.com.br layout, switching successfully back to default 
2012-06-13T11:52:52-03:00 DEBUG (7): ydadmin-ThinkPad-X220-Tablet serving janamesa.com.br.testing SMARTY: rendering template restaurant/mealextrasgroups.htm 
2012-06-13T11:52:59-03:00 DEBUG (7): ydadmin-ThinkPad-X220-Tablet serving janamesa.com.br.testing SMARTY: did not find template restaurant/mealextras.htm in janamesa.com.br layout, switching successfully back to default 
2012-06-13T11:52:59-03:00 DEBUG (7): ydadmin-ThinkPad-X220-Tablet serving janamesa.com.br.testing SMARTY: rendering template restaurant/mealextras.htm 
2012-06-13T11:53:24-03:00 DEBUG (7): ydadmin-ThinkPad-X220-Tablet serving janamesa.com.br.testing SMARTY: did not find template restaurant/extras/edit.htm in janamesa.com.br layout, switching successfully back to default 
2012-06-13T11:53:24-03:00 DEBUG (7): ydadmin-ThinkPad-X220-Tablet serving janamesa.com.br.testing SMARTY: rendering template restaurant/extras/edit.htm 
2012-06-13T11:53:45-03:00 DEBUG (7): ydadmin-ThinkPad-X220-Tablet serving janamesa.com.br.testing SMARTY: did not find template restaurant/mealoptionrows.htm in janamesa.com.br layout, switching successfully back to default 
2012-06-13T11:53:45-03:00 DEBUG (7): ydadmin-ThinkPad-X220-Tablet serving janamesa.com.br.testing SMARTY: rendering template restaurant/mealoptionrows.htm 
2012-06-13T11:54:08-03:00 DEBUG (7): ydadmin-ThinkPad-X220-Tablet serving janamesa.com.br.testing SMARTY: did not find template restaurant/options/editgroup.htm in janamesa.com.br layout, switching successfully back to default 
2012-06-13T11:54:08-03:00 DEBUG (7): ydadmin-ThinkPad-X220-Tablet serving janamesa.com.br.testing SMARTY: rendering template restaurant/options/editgroup.htm 
2012-06-13T11:54:45-03:00 DEBUG (7): ydadmin-ThinkPad-X220-Tablet serving janamesa.com.br.testing updating model Default_Model_Base #1300 with modified data :: Array(    [current] =>     [minChoices] => 2    [choices] => 4    [name] => acompanhamento    [description] =>     [categoryId] => 0    [restaurantId] => 305    [rank] => 0    [updated] => 2012-06-13 11:54:45) 
2012-06-13T11:54:45-03:00 INFO (6): ydadmin-ThinkPad-X220-Tablet serving janamesa.com.br.testing Optionsgruppe acompanhamento (1300) vom Restaurant 305 wurde bearbeitet #Supporter Jens Naie (344) 
2012-06-13T11:54:46-03:00 DEBUG (7): ydadmin-ThinkPad-X220-Tablet serving janamesa.com.br.testing SMARTY: did not find template restaurant/mealoptionrows.htm in janamesa.com.br layout, switching successfully back to default 
2012-06-13T11:54:46-03:00 DEBUG (7): ydadmin-ThinkPad-X220-Tablet serving janamesa.com.br.testing SMARTY: rendering template restaurant/mealoptionrows.htm 
2012-06-13T11:55:10-03:00 DEBUG (7): ydadmin-ThinkPad-X220-Tablet serving janamesa.com.br.testing SMARTY: did not find template restaurant/options/editgroup.htm in janamesa.com.br layout, switching successfully back to default 
2012-06-13T11:55:10-03:00 DEBUG (7): ydadmin-ThinkPad-X220-Tablet serving janamesa.com.br.testing SMARTY: rendering template restaurant/options/editgroup.htm 
2012-06-13T11:55:55-03:00 DEBUG (7): ydadmin-ThinkPad-X220-Tablet serving janamesa.com.br.testing SMARTY: did not find template restaurant/mealoptionrows.htm in janamesa.com.br layout, switching successfully back to default 
2012-06-13T11:55:55-03:00 DEBUG (7): ydadmin-ThinkPad-X220-Tablet serving janamesa.com.br.testing SMARTY: rendering template restaurant/mealoptionrows.htm 
2012-06-13T11:56:07-03:00 DEBUG (7): ydadmin-ThinkPad-X220-Tablet serving janamesa.com.br.testing SMARTY: did not find template restaurant/menu.htm in janamesa.com.br layout, switching successfully back to default 
2012-06-13T11:56:07-03:00 DEBUG (7): ydadmin-ThinkPad-X220-Tablet serving janamesa.com.br.testing SMARTY: rendering template restaurant/menu.htm 
2012-06-13T11:56:21-03:00 DEBUG (7): ydadmin-ThinkPad-X220-Tablet serving janamesa.com.br.testing SMARTY: did not find template restaurant/settings/index.htm in janamesa.com.br layout, switching successfully back to default 
2012-06-13T11:56:21-03:00 DEBUG (7): ydadmin-ThinkPad-X220-Tablet serving janamesa.com.br.testing SMARTY: rendering template restaurant/settings/index.htm 
2012-06-13T11:56:32-03:00 DEBUG (7): ydadmin-ThinkPad-X220-Tablet serving janamesa.com.br.testing SMARTY: did not find template restaurant/settings/index.htm in janamesa.com.br layout, switching successfully back to default 
2012-06-13T11:56:32-03:00 DEBUG (7): ydadmin-ThinkPad-X220-Tablet serving janamesa.com.br.testing SMARTY: rendering template restaurant/settings/index.htm 
2012-06-13T11:56:35-03:00 DEBUG (7): ydadmin-ThinkPad-X220-Tablet serving janamesa.com.br.testing SMARTY: did not find template restaurant/locations.htm in janamesa.com.br layout, switching successfully back to default 
2012-06-13T11:56:35-03:00 DEBUG (7): ydadmin-ThinkPad-X220-Tablet serving janamesa.com.br.testing SMARTY: rendering template restaurant/locations.htm 
2012-06-13T11:58:02-03:00 DEBUG (7): ydadmin-ThinkPad-X220-Tablet serving janamesa.com.br.testing SMARTY: did not find template index/index.htm in janamesa.com.br layout, switching successfully back to default 
2012-06-13T11:58:02-03:00 DEBUG (7): ydadmin-ThinkPad-X220-Tablet serving janamesa.com.br.testing SMARTY: rendering template index/index.htm 
2012-06-13T11:58:02-03:00 DEBUG (7): ydadmin-ThinkPad-X220-Tablet serving janamesa.com.br.testing SMARTY: caching /home/ydadmin/htdocs/lieferando/application/../public/cache/html/www.yourdelivery.local/index.html 
2012-06-13T11:58:41-03:00 INFO (6): ydadmin-ThinkPad-X220-Tablet serving janamesa.com.br.testing found 31 online and 0 offline services in #159760 
2012-06-13T11:58:41-03:00 DEBUG (7): ydadmin-ThinkPad-X220-Tablet serving janamesa.com.br.testing SMARTY: rendering template order/basis/service.htm 
2012-06-13T11:58:44-03:00 DEBUG (7): ydadmin-ThinkPad-X220-Tablet serving janamesa.com.br.testing SMARTY: caching /home/ydadmin/htdocs/lieferando/application/../public/cache/html/www.yourdelivery.local/servico-de-entrega-sao-paulo-05019-010.html 
2012-06-13T11:58:45-03:00 DEBUG (7): ydadmin-ThinkPad-X220-Tablet serving janamesa.com.br.testing SMARTY: did not find template request/order/lastorder.htm in janamesa.com.br layout, switching successfully back to default 
2012-06-13T11:58:45-03:00 DEBUG (7): ydadmin-ThinkPad-X220-Tablet serving janamesa.com.br.testing SMARTY: rendering template request/order/lastorder.htm 
2012-06-13T11:58:45-03:00 DEBUG (7): ydadmin-ThinkPad-X220-Tablet serving janamesa.com.br.testing show ratingLink for order #708 
2012-06-13T11:58:47-03:00 DEBUG (7): ydadmin-ThinkPad-X220-Tablet serving janamesa.com.br.testing SMARTY: did not find template request/order/serviceinfo.htm in janamesa.com.br layout, switching successfully back to default 
2012-06-13T11:58:47-03:00 DEBUG (7): ydadmin-ThinkPad-X220-Tablet serving janamesa.com.br.testing SMARTY: rendering template request/order/serviceinfo.htm 
2012-06-13T11:58:47-03:00 DEBUG (7): ydadmin-ThinkPad-X220-Tablet serving janamesa.com.br.testing SMARTY: caching /home/ydadmin/htdocs/lieferando/application/../public/cache/html/www.yourdelivery.local/request_order/serviceinfo/id/311.html 
2012-06-13T11:58:48-03:00 DEBUG (7): ydadmin-ThinkPad-X220-Tablet serving janamesa.com.br.testing SMARTY: did not find template request/order/serviceinfo.htm in janamesa.com.br layout, switching successfully back to default 
2012-06-13T11:58:48-03:00 DEBUG (7): ydadmin-ThinkPad-X220-Tablet serving janamesa.com.br.testing SMARTY: rendering template request/order/serviceinfo.htm 
2012-06-13T11:58:48-03:00 DEBUG (7): ydadmin-ThinkPad-X220-Tablet serving janamesa.com.br.testing SMARTY: caching /home/ydadmin/htdocs/lieferando/application/../public/cache/html/www.yourdelivery.local/request_order/serviceinfo/id/126.html 
2012-06-13T11:58:49-03:00 DEBUG (7): ydadmin-ThinkPad-X220-Tablet serving janamesa.com.br.testing SMARTY: did not find template request/order/serviceinfo.htm in janamesa.com.br layout, switching successfully back to default 
2012-06-13T11:58:49-03:00 DEBUG (7): ydadmin-ThinkPad-X220-Tablet serving janamesa.com.br.testing SMARTY: rendering template request/order/serviceinfo.htm 
2012-06-13T11:58:49-03:00 DEBUG (7): ydadmin-ThinkPad-X220-Tablet serving janamesa.com.br.testing SMARTY: caching /home/ydadmin/htdocs/lieferando/application/../public/cache/html/www.yourdelivery.local/request_order/serviceinfo/id/119.html 
2012-06-13T11:58:51-03:00 DEBUG (7): ydadmin-ThinkPad-X220-Tablet serving janamesa.com.br.testing SMARTY: did not find template order/basis/menu.htm in janamesa.com.br layout, switching successfully back to default 
2012-06-13T11:58:51-03:00 DEBUG (7): ydadmin-ThinkPad-X220-Tablet serving janamesa.com.br.testing SMARTY: rendering template order/basis/menu.htm 
2012-06-13T11:58:52-03:00 DEBUG (7): ydadmin-ThinkPad-X220-Tablet serving janamesa.com.br.testing SMARTY: caching /home/ydadmin/htdocs/lieferando/application/../public/cache/html/www.yourdelivery.local/servico-de-entrega-nacho-libre-sao-paulo.html 
2012-06-13T11:58:57-03:00 DEBUG (7): ydadmin-ThinkPad-X220-Tablet serving janamesa.com.br.testing SMARTY: rendering template request/order/callmeal.htm 
2012-06-13T11:58:57-03:00 DEBUG (7): ydadmin-ThinkPad-X220-Tablet serving janamesa.com.br.testing SMARTY: caching /home/ydadmin/htdocs/lieferando/application/../public/cache/html/www.yourdelivery.local/request_order/callmeal/id/29777/size/0/update/false.html 
2012-06-13T11:59:46-03:00 DEBUG (7): ydadmin-ThinkPad-X220-Tablet serving janamesa.com.br.testing SMARTY: rendering template request/order/callmeal.htm 
2012-06-13T11:59:46-03:00 DEBUG (7): ydadmin-ThinkPad-X220-Tablet serving janamesa.com.br.testing SMARTY: caching /home/ydadmin/htdocs/lieferando/application/../public/cache/html/www.yourdelivery.local/request_order/callmeal/id/30137/size/0/update/false.html 
2012-06-13T12:01:00-03:00 DEBUG (7): ydadmin-ThinkPad-X220-Tablet serving janamesa.com.br.testing SMARTY: did not find template order/basis/menu.htm in janamesa.com.br layout, switching successfully back to default 
2012-06-13T12:01:00-03:00 DEBUG (7): ydadmin-ThinkPad-X220-Tablet serving janamesa.com.br.testing SMARTY: rendering template order/basis/menu.htm 
2012-06-13T12:01:02-03:00 DEBUG (7): ydadmin-ThinkPad-X220-Tablet serving janamesa.com.br.testing SMARTY: caching /home/ydadmin/htdocs/lieferando/application/../public/cache/html/www.yourdelivery.local/servico-de-entrega-nacho-libre-sao-paulo.html 
2012-06-13T12:01:13-03:00 DEBUG (7): ydadmin-ThinkPad-X220-Tablet serving janamesa.com.br.testing SMARTY: rendering template request/order/callmeal.htm 
2012-06-13T12:01:13-03:00 DEBUG (7): ydadmin-ThinkPad-X220-Tablet serving janamesa.com.br.testing SMARTY: caching /home/ydadmin/htdocs/lieferando/application/../public/cache/html/www.yourdelivery.local/request_order/callmeal/id/30137/size/0/update/false.html 
