2012-08-08T10:38:39-03:00 DEBUG (7): webvm serving lieferando.de.testing SMARTY: did not find template request/order/serviceinfo.htm in lieferando.de layout, switching successfully back to default 
2012-08-08T10:38:39-03:00 DEBUG (7): webvm serving lieferando.de.testing SMARTY: rendering template request/order/serviceinfo.htm 
2012-08-08T10:38:40-03:00 DEBUG (7): webvm serving lieferando.de.testing SMARTY: caching /media/sf_ydadmin/htdocs/lieferando/application/../public/cache/html/www.yourdelivery.test/request_order/serviceinfo/id/12416.html 
2012-08-08T10:38:42-03:00 INFO (6): webvm serving lieferando.de.testing getting 350 cityIds for url /lieferservice-berlin 
2012-08-08T10:38:50-03:00 INFO (6): webvm serving lieferando.de.testing found 250 online and 30 offline services in #644,645,646,647,648,649,650,651,652,653,654,655,656,657,658,659,660,661,662,663,664,665,666,667,668,669,670,671,672,673,674,675,676,677,678,679,680,681,682,683,684,685,686,687,688,689,690,691,692,693,694,695,696,697,698,699,700,701,702,703,704,705,706,707,708,709,710,711,712,713,714,715,716,717,718,719,720,721,722,723,724,725,726,727,728,729,730,731,732,733,734,735,736,737,738,739,740,741,742,743,744,745,746,747,748,749,750,751,753,754,755,756,757,758,759,760,761,762,763,764,765,766,767,768,769,770,771,772,773,774,775,776,777,778,779,780,781,782,783,784,785,786,787,788,789,790,791,792,793,794,795,796,797,798,799,800,801,802,803,804,805,806,807,808,809,810,811,812,813,814,815,816,817,818,819,820,821,822,823,824,825,826,827,828,829,830,831,832,833,834,16415,16697,16698,16699,16786,17058,17059,17088,17885,17886,18086,18087,18088,18443,19941,19942,19943,19944,19945,19946,19947,19948,19949,19950,19951,19952,19953,19954,19959,19960,19962,19964,19965,19966,19967,19968,19969,19970,19971,19972,19973,19974,19977,19978,19985,19988,19989,19990,19991,19993,20028,20516,20517,20518,20519,20520,21913,21915,21916,21917,21918,21919,22846,22848,22851,22854,22857,22867,22870,22871,22872,22876,22880,22881,22886,22889,22891,22892,22893,22894,22895,22896,22897,22898,22899,22900,22901,22902,23184,23185,23186,23187,23190,23191,23210,23211,23281,24529,24558,24559,25525,25526,25527,25528,25529,25530,25531,25532,25533,25534,25535,25536,25537,25538,25539,25540,25541,25542,25543,25544,25545,25546,25547,25548,25549,25550,25902,25904,25905,25908,25910,25911,25922,25924,25926,25927,25937,26042,26043,26044,26045,26046,26047,27413,27416,27417,27419,27421,27426,27427,27428,27429,27430,27433,27434,27540,27541,27542,27544,27545 
2012-08-08T10:38:50-03:00 DEBUG (7): webvm serving lieferando.de.testing SMARTY: did not find template order/basis/service.htm in lieferando.de layout, switching successfully back to default 
2012-08-08T10:38:50-03:00 DEBUG (7): webvm serving lieferando.de.testing SMARTY: rendering template order/basis/service.htm 
2012-08-08T10:44:35-03:00 INFO (6): webvm serving lieferando.de.testing getting 350 cityIds for url /lieferservice-berlin 
2012-08-08T10:44:42-03:00 INFO (6): webvm serving lieferando.de.testing found 250 online and 30 offline services in #644,645,646,647,648,649,650,651,652,653,654,655,656,657,658,659,660,661,662,663,664,665,666,667,668,669,670,671,672,673,674,675,676,677,678,679,680,681,682,683,684,685,686,687,688,689,690,691,692,693,694,695,696,697,698,699,700,701,702,703,704,705,706,707,708,709,710,711,712,713,714,715,716,717,718,719,720,721,722,723,724,725,726,727,728,729,730,731,732,733,734,735,736,737,738,739,740,741,742,743,744,745,746,747,748,749,750,751,753,754,755,756,757,758,759,760,761,762,763,764,765,766,767,768,769,770,771,772,773,774,775,776,777,778,779,780,781,782,783,784,785,786,787,788,789,790,791,792,793,794,795,796,797,798,799,800,801,802,803,804,805,806,807,808,809,810,811,812,813,814,815,816,817,818,819,820,821,822,823,824,825,826,827,828,829,830,831,832,833,834,16415,16697,16698,16699,16786,17058,17059,17088,17885,17886,18086,18087,18088,18443,19941,19942,19943,19944,19945,19946,19947,19948,19949,19950,19951,19952,19953,19954,19959,19960,19962,19964,19965,19966,19967,19968,19969,19970,19971,19972,19973,19974,19977,19978,19985,19988,19989,19990,19991,19993,20028,20516,20517,20518,20519,20520,21913,21915,21916,21917,21918,21919,22846,22848,22851,22854,22857,22867,22870,22871,22872,22876,22880,22881,22886,22889,22891,22892,22893,22894,22895,22896,22897,22898,22899,22900,22901,22902,23184,23185,23186,23187,23190,23191,23210,23211,23281,24529,24558,24559,25525,25526,25527,25528,25529,25530,25531,25532,25533,25534,25535,25536,25537,25538,25539,25540,25541,25542,25543,25544,25545,25546,25547,25548,25549,25550,25902,25904,25905,25908,25910,25911,25922,25924,25926,25927,25937,26042,26043,26044,26045,26046,26047,27413,27416,27417,27419,27421,27426,27427,27428,27429,27430,27433,27434,27540,27541,27542,27544,27545 
2012-08-08T10:44:42-03:00 DEBUG (7): webvm serving lieferando.de.testing SMARTY: did not find template order/basis/service.htm in lieferando.de layout, switching successfully back to default 
2012-08-08T10:44:42-03:00 DEBUG (7): webvm serving lieferando.de.testing SMARTY: rendering template order/basis/service.htm 
2012-08-08T11:10:34-03:00 INFO (6): webvm serving lieferando.de.testing getting 350 cityIds for url /lieferservice-berlin 
2012-08-08T11:10:39-03:00 INFO (6): webvm serving lieferando.de.testing found 150 online and 30 offline services in #644,645,646,647,648,649,650,651,652,653,654,655,656,657,658,659,660,661,662,663,664,665,666,667,668,669,670,671,672,673,674,675,676,677,678,679,680,681,682,683,684,685,686,687,688,689,690,691,692,693,694,695,696,697,698,699,700,701,702,703,704,705,706,707,708,709,710,711,712,713,714,715,716,717,718,719,720,721,722,723,724,725,726,727,728,729,730,731,732,733,734,735,736,737,738,739,740,741,742,743,744,745,746,747,748,749,750,751,753,754,755,756,757,758,759,760,761,762,763,764,765,766,767,768,769,770,771,772,773,774,775,776,777,778,779,780,781,782,783,784,785,786,787,788,789,790,791,792,793,794,795,796,797,798,799,800,801,802,803,804,805,806,807,808,809,810,811,812,813,814,815,816,817,818,819,820,821,822,823,824,825,826,827,828,829,830,831,832,833,834,16415,16697,16698,16699,16786,17058,17059,17088,17885,17886,18086,18087,18088,18443,19941,19942,19943,19944,19945,19946,19947,19948,19949,19950,19951,19952,19953,19954,19959,19960,19962,19964,19965,19966,19967,19968,19969,19970,19971,19972,19973,19974,19977,19978,19985,19988,19989,19990,19991,19993,20028,20516,20517,20518,20519,20520,21913,21915,21916,21917,21918,21919,22846,22848,22851,22854,22857,22867,22870,22871,22872,22876,22880,22881,22886,22889,22891,22892,22893,22894,22895,22896,22897,22898,22899,22900,22901,22902,23184,23185,23186,23187,23190,23191,23210,23211,23281,24529,24558,24559,25525,25526,25527,25528,25529,25530,25531,25532,25533,25534,25535,25536,25537,25538,25539,25540,25541,25542,25543,25544,25545,25546,25547,25548,25549,25550,25902,25904,25905,25908,25910,25911,25922,25924,25926,25927,25937,26042,26043,26044,26045,26046,26047,27413,27416,27417,27419,27421,27426,27427,27428,27429,27430,27433,27434,27540,27541,27542,27544,27545 
2012-08-08T11:10:39-03:00 DEBUG (7): webvm serving lieferando.de.testing SMARTY: did not find template order/basis/service.htm in lieferando.de layout, switching successfully back to default 
2012-08-08T11:10:39-03:00 DEBUG (7): webvm serving lieferando.de.testing SMARTY: rendering template order/basis/service.htm 
2012-08-08T11:11:28-03:00 DEBUG (7): webvm serving lieferando.de.testing SMARTY: caching /media/sf_ydadmin/htdocs/lieferando/application/../public/cache/html/www.yourdelivery.test/lieferservice-berlin.html 
2012-08-08T11:26:33-03:00 DEBUG (7): webvm serving lieferando.de.testing SMARTY: did not find template index/index.htm in lieferando.de layout, switching successfully back to default 
2012-08-08T11:26:33-03:00 DEBUG (7): webvm serving lieferando.de.testing SMARTY: rendering template index/index.htm 
2012-08-08T11:26:35-03:00 DEBUG (7): webvm serving lieferando.de.testing SMARTY: caching /media/sf_ydadmin/htdocs/lieferando/application/../public/cache/html/www.yourdelivery.test/index.html 
2012-08-08T11:26:42-03:00 DEBUG (7): webvm serving lieferando.de.testing SMARTY: did not find template index/index.htm in lieferando.de layout, switching successfully back to default 
2012-08-08T11:26:42-03:00 DEBUG (7): webvm serving lieferando.de.testing SMARTY: rendering template index/index.htm 
2012-08-08T11:26:45-03:00 DEBUG (7): webvm serving lieferando.de.testing SMARTY: caching /media/sf_ydadmin/htdocs/lieferando/application/../public/cache/html/www.yourdelivery.test/index.html 
2012-08-08T11:27:52-03:00 DEBUG (7): ydadmin-ThinkPad-X220-Tablet serving lieferando.de.testing SMARTY: did not find template index/index.htm in lieferando.de layout, switching successfully back to default 
2012-08-08T11:27:52-03:00 DEBUG (7): ydadmin-ThinkPad-X220-Tablet serving lieferando.de.testing SMARTY: rendering template index/index.htm 
2012-08-08T11:27:53-03:00 DEBUG (7): ydadmin-ThinkPad-X220-Tablet serving lieferando.de.testing SMARTY: caching /home/ydadmin/htdocs/lieferando/application/../public/cache/html/www.yourdelivery.local/index.html 
2012-08-08T11:28:07-03:00 INFO (6): ydadmin-ThinkPad-X220-Tablet serving lieferando.de.testing customer #258466 Jens Naie already a facebook user - facebookId 690363597 
2012-08-08T11:28:07-03:00 DEBUG (7): ydadmin-ThinkPad-X220-Tablet serving lieferando.de.testing updating model Default_Model_Base #258466 with modified data :: Array(    [title] => Herr/Frau    [name] => Naie    [prename] => Jens    [email] => jonz@kybernaut.de    [password] => 9a8626a84a351341b0c09a37e5bf71fa    [lang] => de    [sex] => m    [tel] => 242356346    [privmail] =>     [autologin] => 0    [start] => 1    [lastlogin] => 2012-08-08 11:28:07    [countLogin] => 9    [deleted] => 0    [permanentDiscountId] =>     [ktoName] =>     [ktoNr] =>     [ktoBlz] =>     [updated] => 2012-08-08 11:28:07    [birthday] => 1971-09-03    [source] =>     [addition] =>     [facebookId] => 690363597    [facebookPost] => 1    [profileImage] => 1343730408.jpg    [nickname] =>     [whitelist] => 0    [anrede] => Herr) 
2012-08-08T11:28:07-03:00 DEBUG (7): ydadmin-ThinkPad-X220-Tablet serving lieferando.de.testing PIWIK: tracking customer variable customerId at value 258466 
2012-08-08T11:28:07-03:00 INFO (6): ydadmin-ThinkPad-X220-Tablet serving lieferando.de.testing User  successfully logged in 
2012-08-08T11:28:08-03:00 DEBUG (7): ydadmin-ThinkPad-X220-Tablet serving lieferando.de.testing PIWIK: tracking customer variable customerId at value 258466 
2012-08-08T11:28:08-03:00 DEBUG (7): ydadmin-ThinkPad-X220-Tablet serving lieferando.de.testing SMARTY: did not find template order/private/start.htm in lieferando.de layout, switching successfully back to default 
2012-08-08T11:28:08-03:00 DEBUG (7): ydadmin-ThinkPad-X220-Tablet serving lieferando.de.testing SMARTY: rendering template order/private/start.htm 
2012-08-08T11:28:08-03:00 DEBUG (7): ydadmin-ThinkPad-X220-Tablet serving lieferando.de.testing search UNRATED ORDERS (limit 5 - start 0) for customer #258466 jonz@kybernaut.de - unratedOrderCount: 2 
2012-08-08T11:28:08-03:00 DEBUG (7): ydadmin-ThinkPad-X220-Tablet serving lieferando.de.testing found 5 points for action rate_high 
2012-08-08T11:28:08-03:00 DEBUG (7): ydadmin-ThinkPad-X220-Tablet serving lieferando.de.testing found 8 points for action accountimage 
2012-08-08T11:28:08-03:00 DEBUG (7): ydadmin-ThinkPad-X220-Tablet serving lieferando.de.testing FIDELITY - OPEN ACTIONS: Cache stored for id:  open0fidelity43a28b6df0a5a8bb018e642edbcc5e24 
2012-08-08T11:28:08-03:00 DEBUG (7): ydadmin-ThinkPad-X220-Tablet serving lieferando.de.testing FIDELITY - OPEN ACTIONS: variable was already set - don't recalculating 
2012-08-08T11:28:08-03:00 DEBUG (7): ydadmin-ThinkPad-X220-Tablet serving lieferando.de.testing show ratingLink for order #1299578 
2012-08-08T11:28:15-03:00 DEBUG (7): ydadmin-ThinkPad-X220-Tablet serving lieferando.de.testing SMARTY: did not find template user/index.htm in lieferando.de layout, switching successfully back to default 
2012-08-08T11:28:15-03:00 DEBUG (7): ydadmin-ThinkPad-X220-Tablet serving lieferando.de.testing SMARTY: rendering template user/index.htm 
2012-08-08T11:28:16-03:00 DEBUG (7): ydadmin-ThinkPad-X220-Tablet serving lieferando.de.testing FIDELITY - OPEN ACTIONS: Cache loaded for id:  open0fidelity43a28b6df0a5a8bb018e642edbcc5e24 
2012-08-08T11:28:23-03:00 DEBUG (7): ydadmin-ThinkPad-X220-Tablet serving lieferando.de.testing SMARTY: did not find template user/socialnetworks.htm in lieferando.de layout, switching successfully back to default 
2012-08-08T11:28:23-03:00 DEBUG (7): ydadmin-ThinkPad-X220-Tablet serving lieferando.de.testing SMARTY: rendering template user/socialnetworks.htm 
2012-08-08T11:29:57-03:00 DEBUG (7): ydadmin-ThinkPad-X220-Tablet serving lieferando.de.testing updating model Default_Model_Base #258466 with modified data :: Array(    [title] => Herr/Frau    [name] => Naie    [prename] => Jens    [email] => jonz@kybernaut.de    [password] => 9a8626a84a351341b0c09a37e5bf71fa    [lang] => de    [sex] => m    [tel] => 242356346    [privmail] =>     [autologin] => 0    [start] => 1    [lastlogin] => 2012-08-08 11:28:07    [countLogin] => 9    [deleted] => 0    [permanentDiscountId] =>     [ktoName] =>     [ktoNr] =>     [ktoBlz] =>     [updated] => 2012-08-08 11:29:57    [birthday] => 1971-09-03    [source] =>     [addition] =>     [facebookId] => 690363597    [facebookPost] =>     [profileImage] => 1343730408.jpg    [nickname] =>     [whitelist] => 0    [anrede] => Herr) 
2012-08-08T11:29:57-03:00 DEBUG (7): ydadmin-ThinkPad-X220-Tablet serving lieferando.de.testing CUSTOMER - Cache cleared for limit 1 id: rated_5_0customer258466 
2012-08-08T11:29:57-03:00 DEBUG (7): ydadmin-ThinkPad-X220-Tablet serving lieferando.de.testing CUSTOMER - Cache cleared for limit 1 id: rated_10_0customer258466 
2012-08-08T11:29:57-03:00 DEBUG (7): ydadmin-ThinkPad-X220-Tablet serving lieferando.de.testing CUSTOMER - Cache cleared for limit 1 id: rated_25_0customer258466 
2012-08-08T11:29:57-03:00 DEBUG (7): ydadmin-ThinkPad-X220-Tablet serving lieferando.de.testing CUSTOMER - Cache cleared for limit 1 id: rated_50_0customer258466 
2012-08-08T11:29:57-03:00 DEBUG (7): ydadmin-ThinkPad-X220-Tablet serving lieferando.de.testing CUSTOMER - Cache cleared for limit 1 id: rated_100_0customer258466 
2012-08-08T11:29:57-03:00 DEBUG (7): ydadmin-ThinkPad-X220-Tablet serving lieferando.de.testing CUSTOMER - Cache cleared for limit 1 id: unrated_5_0customer258466 
2012-08-08T11:29:57-03:00 DEBUG (7): ydadmin-ThinkPad-X220-Tablet serving lieferando.de.testing CUSTOMER - Cache cleared for limit 1 id: unrated_10_0customer258466 
2012-08-08T11:29:57-03:00 DEBUG (7): ydadmin-ThinkPad-X220-Tablet serving lieferando.de.testing CUSTOMER - Cache cleared for limit 1 id: unrated_25_0customer258466 
2012-08-08T11:29:57-03:00 DEBUG (7): ydadmin-ThinkPad-X220-Tablet serving lieferando.de.testing CUSTOMER - Cache cleared for limit 1 id: unrated_50_0customer258466 
2012-08-08T11:29:57-03:00 DEBUG (7): ydadmin-ThinkPad-X220-Tablet serving lieferando.de.testing CUSTOMER - Cache cleared for limit 1 id: unrated_100_0customer258466 
2012-08-08T11:29:57-03:00 DEBUG (7): ydadmin-ThinkPad-X220-Tablet serving lieferando.de.testing CUSTOMER FIDELITY - cache cleared for transactionsfidelity43a28b6df0a5a8bb018e642edbcc5e24 
2012-08-08T11:29:57-03:00 DEBUG (7): ydadmin-ThinkPad-X220-Tablet serving lieferando.de.testing CUSTOMER FIDELITY - cache cleared for open1fidelity43a28b6df0a5a8bb018e642edbcc5e24 
2012-08-08T11:29:57-03:00 DEBUG (7): ydadmin-ThinkPad-X220-Tablet serving lieferando.de.testing CUSTOMER FIDELITY - cache cleared for open0fidelity43a28b6df0a5a8bb018e642edbcc5e24 
2012-08-08T11:29:58-03:00 DEBUG (7): ydadmin-ThinkPad-X220-Tablet serving lieferando.de.testing SMARTY: did not find template user/socialnetworks.htm in lieferando.de layout, switching successfully back to default 
2012-08-08T11:29:58-03:00 DEBUG (7): ydadmin-ThinkPad-X220-Tablet serving lieferando.de.testing SMARTY: rendering template user/socialnetworks.htm 
2012-08-08T11:30:03-03:00 DEBUG (7): ydadmin-ThinkPad-X220-Tablet serving lieferando.de.testing updating model Default_Model_Base #258466 with modified data :: Array(    [title] => Herr/Frau    [name] => Naie    [prename] => Jens    [email] => jonz@kybernaut.de    [password] => 9a8626a84a351341b0c09a37e5bf71fa    [lang] => de    [sex] => m    [tel] => 242356346    [privmail] =>     [autologin] => 0    [start] => 1    [lastlogin] => 2012-08-08 11:28:07    [countLogin] => 9    [deleted] => 0    [permanentDiscountId] =>     [ktoName] =>     [ktoNr] =>     [ktoBlz] =>     [updated] => 2012-08-08 11:30:03    [birthday] => 1971-09-03    [source] =>     [addition] =>     [facebookId] => 690363597    [facebookPost] => 1    [profileImage] => 1343730408.jpg    [nickname] =>     [whitelist] => 0    [anrede] => Herr) 
2012-08-08T11:30:03-03:00 DEBUG (7): ydadmin-ThinkPad-X220-Tablet serving lieferando.de.testing CUSTOMER - Cache cleared for limit 1 id: rated_5_0customer258466 
2012-08-08T11:30:03-03:00 DEBUG (7): ydadmin-ThinkPad-X220-Tablet serving lieferando.de.testing CUSTOMER - Cache cleared for limit 1 id: rated_10_0customer258466 
2012-08-08T11:30:03-03:00 DEBUG (7): ydadmin-ThinkPad-X220-Tablet serving lieferando.de.testing CUSTOMER - Cache cleared for limit 1 id: rated_25_0customer258466 
2012-08-08T11:30:03-03:00 DEBUG (7): ydadmin-ThinkPad-X220-Tablet serving lieferando.de.testing CUSTOMER - Cache cleared for limit 1 id: rated_50_0customer258466 
2012-08-08T11:30:03-03:00 DEBUG (7): ydadmin-ThinkPad-X220-Tablet serving lieferando.de.testing CUSTOMER - Cache cleared for limit 1 id: rated_100_0customer258466 
2012-08-08T11:30:03-03:00 DEBUG (7): ydadmin-ThinkPad-X220-Tablet serving lieferando.de.testing CUSTOMER - Cache cleared for limit 1 id: unrated_5_0customer258466 
2012-08-08T11:30:03-03:00 DEBUG (7): ydadmin-ThinkPad-X220-Tablet serving lieferando.de.testing CUSTOMER - Cache cleared for limit 1 id: unrated_10_0customer258466 
2012-08-08T11:30:03-03:00 DEBUG (7): ydadmin-ThinkPad-X220-Tablet serving lieferando.de.testing CUSTOMER - Cache cleared for limit 1 id: unrated_25_0customer258466 
2012-08-08T11:30:03-03:00 DEBUG (7): ydadmin-ThinkPad-X220-Tablet serving lieferando.de.testing CUSTOMER - Cache cleared for limit 1 id: unrated_50_0customer258466 
2012-08-08T11:30:03-03:00 DEBUG (7): ydadmin-ThinkPad-X220-Tablet serving lieferando.de.testing CUSTOMER - Cache cleared for limit 1 id: unrated_100_0customer258466 
2012-08-08T11:30:03-03:00 DEBUG (7): ydadmin-ThinkPad-X220-Tablet serving lieferando.de.testing CUSTOMER FIDELITY - cache cleared for transactionsfidelity43a28b6df0a5a8bb018e642edbcc5e24 
2012-08-08T11:30:03-03:00 DEBUG (7): ydadmin-ThinkPad-X220-Tablet serving lieferando.de.testing CUSTOMER FIDELITY - cache cleared for open1fidelity43a28b6df0a5a8bb018e642edbcc5e24 
2012-08-08T11:30:03-03:00 DEBUG (7): ydadmin-ThinkPad-X220-Tablet serving lieferando.de.testing CUSTOMER FIDELITY - cache cleared for open0fidelity43a28b6df0a5a8bb018e642edbcc5e24 
2012-08-08T11:30:04-03:00 DEBUG (7): ydadmin-ThinkPad-X220-Tablet serving lieferando.de.testing SMARTY: did not find template user/socialnetworks.htm in lieferando.de layout, switching successfully back to default 
2012-08-08T11:30:04-03:00 DEBUG (7): ydadmin-ThinkPad-X220-Tablet serving lieferando.de.testing SMARTY: rendering template user/socialnetworks.htm 
2012-08-08T11:30:12-03:00 DEBUG (7): ydadmin-ThinkPad-X220-Tablet serving lieferando.de.testing updating model Default_Model_Base #258466 with modified data :: Array(    [title] => Herr/Frau    [name] => Naie    [prename] => Jens    [email] => jonz@kybernaut.de    [password] => 9a8626a84a351341b0c09a37e5bf71fa    [lang] => de    [sex] => m    [tel] => 242356346    [privmail] =>     [autologin] => 0    [start] => 1    [lastlogin] => 2012-08-08 11:28:07    [countLogin] => 9    [deleted] => 0    [permanentDiscountId] =>     [ktoName] =>     [ktoNr] =>     [ktoBlz] =>     [updated] => 2012-08-08 11:30:12    [birthday] => 1971-09-03    [source] =>     [addition] =>     [facebookId] => 690363597    [facebookPost] =>     [profileImage] => 1343730408.jpg    [nickname] =>     [whitelist] => 0    [anrede] => Herr) 
2012-08-08T11:30:12-03:00 DEBUG (7): ydadmin-ThinkPad-X220-Tablet serving lieferando.de.testing CUSTOMER - Cache cleared for limit 1 id: rated_5_0customer258466 
2012-08-08T11:30:12-03:00 DEBUG (7): ydadmin-ThinkPad-X220-Tablet serving lieferando.de.testing CUSTOMER - Cache cleared for limit 1 id: rated_10_0customer258466 
2012-08-08T11:30:12-03:00 DEBUG (7): ydadmin-ThinkPad-X220-Tablet serving lieferando.de.testing CUSTOMER - Cache cleared for limit 1 id: rated_25_0customer258466 
2012-08-08T11:30:12-03:00 DEBUG (7): ydadmin-ThinkPad-X220-Tablet serving lieferando.de.testing CUSTOMER - Cache cleared for limit 1 id: rated_50_0customer258466 
2012-08-08T11:30:12-03:00 DEBUG (7): ydadmin-ThinkPad-X220-Tablet serving lieferando.de.testing CUSTOMER - Cache cleared for limit 1 id: rated_100_0customer258466 
2012-08-08T11:30:12-03:00 DEBUG (7): ydadmin-ThinkPad-X220-Tablet serving lieferando.de.testing CUSTOMER - Cache cleared for limit 1 id: unrated_5_0customer258466 
2012-08-08T11:30:12-03:00 DEBUG (7): ydadmin-ThinkPad-X220-Tablet serving lieferando.de.testing CUSTOMER - Cache cleared for limit 1 id: unrated_10_0customer258466 
2012-08-08T11:30:12-03:00 DEBUG (7): ydadmin-ThinkPad-X220-Tablet serving lieferando.de.testing CUSTOMER - Cache cleared for limit 1 id: unrated_25_0customer258466 
2012-08-08T11:30:12-03:00 DEBUG (7): ydadmin-ThinkPad-X220-Tablet serving lieferando.de.testing CUSTOMER - Cache cleared for limit 1 id: unrated_50_0customer258466 
2012-08-08T11:30:12-03:00 DEBUG (7): ydadmin-ThinkPad-X220-Tablet serving lieferando.de.testing CUSTOMER - Cache cleared for limit 1 id: unrated_100_0customer258466 
2012-08-08T11:30:12-03:00 DEBUG (7): ydadmin-ThinkPad-X220-Tablet serving lieferando.de.testing CUSTOMER FIDELITY - cache cleared for transactionsfidelity43a28b6df0a5a8bb018e642edbcc5e24 
2012-08-08T11:30:12-03:00 DEBUG (7): ydadmin-ThinkPad-X220-Tablet serving lieferando.de.testing CUSTOMER FIDELITY - cache cleared for open1fidelity43a28b6df0a5a8bb018e642edbcc5e24 
2012-08-08T11:30:12-03:00 DEBUG (7): ydadmin-ThinkPad-X220-Tablet serving lieferando.de.testing CUSTOMER FIDELITY - cache cleared for open0fidelity43a28b6df0a5a8bb018e642edbcc5e24 
2012-08-08T11:30:13-03:00 DEBUG (7): ydadmin-ThinkPad-X220-Tablet serving lieferando.de.testing SMARTY: did not find template user/socialnetworks.htm in lieferando.de layout, switching successfully back to default 
2012-08-08T11:30:13-03:00 DEBUG (7): ydadmin-ThinkPad-X220-Tablet serving lieferando.de.testing SMARTY: rendering template user/socialnetworks.htm 
2012-08-08T11:30:21-03:00 DEBUG (7): ydadmin-ThinkPad-X220-Tablet serving lieferando.de.testing SMARTY: did not find template user/socialnetworks.htm in lieferando.de layout, switching successfully back to default 
2012-08-08T11:30:21-03:00 DEBUG (7): ydadmin-ThinkPad-X220-Tablet serving lieferando.de.testing SMARTY: rendering template user/socialnetworks.htm 
2012-08-08T11:32:26-03:00 DEBUG (7): ydadmin-ThinkPad-X220-Tablet serving lieferando.de.testing SMARTY: did not find template user/socialnetworks.htm in lieferando.de layout, switching successfully back to default 
2012-08-08T11:32:26-03:00 DEBUG (7): ydadmin-ThinkPad-X220-Tablet serving lieferando.de.testing SMARTY: rendering template user/socialnetworks.htm 
2012-08-08T11:32:34-03:00 DEBUG (7): ydadmin-ThinkPad-X220-Tablet serving lieferando.de.testing updating model Default_Model_Base #258466 with modified data :: Array(    [title] => Herr/Frau    [name] => Naie    [prename] => Jens    [email] => jonz@kybernaut.de    [password] => 9a8626a84a351341b0c09a37e5bf71fa    [lang] => de    [sex] => m    [tel] => 242356346    [privmail] =>     [autologin] => 0    [start] => 1    [lastlogin] => 2012-08-08 11:28:07    [countLogin] => 9    [deleted] => 0    [permanentDiscountId] =>     [ktoName] =>     [ktoNr] =>     [ktoBlz] =>     [updated] => 2012-08-08 11:32:34    [birthday] => 1971-09-03    [source] =>     [addition] =>     [facebookId] => 690363597    [facebookPost] => 1    [profileImage] => 1343730408.jpg    [nickname] =>     [whitelist] => 0    [anrede] => Herr) 
2012-08-08T11:32:34-03:00 DEBUG (7): ydadmin-ThinkPad-X220-Tablet serving lieferando.de.testing CUSTOMER - Cache cleared for limit 1 id: rated_5_0customer258466 
2012-08-08T11:32:34-03:00 DEBUG (7): ydadmin-ThinkPad-X220-Tablet serving lieferando.de.testing CUSTOMER - Cache cleared for limit 1 id: rated_10_0customer258466 
2012-08-08T11:32:34-03:00 DEBUG (7): ydadmin-ThinkPad-X220-Tablet serving lieferando.de.testing CUSTOMER - Cache cleared for limit 1 id: rated_25_0customer258466 
2012-08-08T11:32:34-03:00 DEBUG (7): ydadmin-ThinkPad-X220-Tablet serving lieferando.de.testing CUSTOMER - Cache cleared for limit 1 id: rated_50_0customer258466 
2012-08-08T11:32:34-03:00 DEBUG (7): ydadmin-ThinkPad-X220-Tablet serving lieferando.de.testing CUSTOMER - Cache cleared for limit 1 id: rated_100_0customer258466 
2012-08-08T11:32:34-03:00 DEBUG (7): ydadmin-ThinkPad-X220-Tablet serving lieferando.de.testing CUSTOMER - Cache cleared for limit 1 id: unrated_5_0customer258466 
2012-08-08T11:32:34-03:00 DEBUG (7): ydadmin-ThinkPad-X220-Tablet serving lieferando.de.testing CUSTOMER - Cache cleared for limit 1 id: unrated_10_0customer258466 
2012-08-08T11:32:34-03:00 DEBUG (7): ydadmin-ThinkPad-X220-Tablet serving lieferando.de.testing CUSTOMER - Cache cleared for limit 1 id: unrated_25_0customer258466 
2012-08-08T11:32:34-03:00 DEBUG (7): ydadmin-ThinkPad-X220-Tablet serving lieferando.de.testing CUSTOMER - Cache cleared for limit 1 id: unrated_50_0customer258466 
2012-08-08T11:32:34-03:00 DEBUG (7): ydadmin-ThinkPad-X220-Tablet serving lieferando.de.testing CUSTOMER - Cache cleared for limit 1 id: unrated_100_0customer258466 
2012-08-08T11:32:34-03:00 DEBUG (7): ydadmin-ThinkPad-X220-Tablet serving lieferando.de.testing CUSTOMER FIDELITY - cache cleared for transactionsfidelity43a28b6df0a5a8bb018e642edbcc5e24 
2012-08-08T11:32:34-03:00 DEBUG (7): ydadmin-ThinkPad-X220-Tablet serving lieferando.de.testing CUSTOMER FIDELITY - cache cleared for open1fidelity43a28b6df0a5a8bb018e642edbcc5e24 
2012-08-08T11:32:34-03:00 DEBUG (7): ydadmin-ThinkPad-X220-Tablet serving lieferando.de.testing CUSTOMER FIDELITY - cache cleared for open0fidelity43a28b6df0a5a8bb018e642edbcc5e24 
2012-08-08T11:32:35-03:00 DEBUG (7): ydadmin-ThinkPad-X220-Tablet serving lieferando.de.testing SMARTY: did not find template user/socialnetworks.htm in lieferando.de layout, switching successfully back to default 
2012-08-08T11:32:35-03:00 DEBUG (7): ydadmin-ThinkPad-X220-Tablet serving lieferando.de.testing SMARTY: rendering template user/socialnetworks.htm 
2012-08-08T11:32:45-03:00 DEBUG (7): ydadmin-ThinkPad-X220-Tablet serving lieferando.de.testing updating model Default_Model_Base #258466 with modified data :: Array(    [title] => Herr/Frau    [name] => Naie    [prename] => Jens    [email] => jonz@kybernaut.de    [password] => 9a8626a84a351341b0c09a37e5bf71fa    [lang] => de    [sex] => m    [tel] => 242356346    [privmail] =>     [autologin] => 0    [start] => 1    [lastlogin] => 2012-08-08 11:28:07    [countLogin] => 9    [deleted] => 0    [permanentDiscountId] =>     [ktoName] =>     [ktoNr] =>     [ktoBlz] =>     [updated] => 2012-08-08 11:32:45    [birthday] => 1971-09-03    [source] =>     [addition] =>     [facebookId] => 690363597    [facebookPost] =>     [profileImage] => 1343730408.jpg    [nickname] =>     [whitelist] => 0    [anrede] => Herr) 
2012-08-08T11:32:45-03:00 DEBUG (7): ydadmin-ThinkPad-X220-Tablet serving lieferando.de.testing CUSTOMER - Cache cleared for limit 1 id: rated_5_0customer258466 
2012-08-08T11:32:45-03:00 DEBUG (7): ydadmin-ThinkPad-X220-Tablet serving lieferando.de.testing CUSTOMER - Cache cleared for limit 1 id: rated_10_0customer258466 
2012-08-08T11:32:45-03:00 DEBUG (7): ydadmin-ThinkPad-X220-Tablet serving lieferando.de.testing CUSTOMER - Cache cleared for limit 1 id: rated_25_0customer258466 
2012-08-08T11:32:45-03:00 DEBUG (7): ydadmin-ThinkPad-X220-Tablet serving lieferando.de.testing CUSTOMER - Cache cleared for limit 1 id: rated_50_0customer258466 
2012-08-08T11:32:45-03:00 DEBUG (7): ydadmin-ThinkPad-X220-Tablet serving lieferando.de.testing CUSTOMER - Cache cleared for limit 1 id: rated_100_0customer258466 
2012-08-08T11:32:45-03:00 DEBUG (7): ydadmin-ThinkPad-X220-Tablet serving lieferando.de.testing CUSTOMER - Cache cleared for limit 1 id: unrated_5_0customer258466 
2012-08-08T11:32:45-03:00 DEBUG (7): ydadmin-ThinkPad-X220-Tablet serving lieferando.de.testing CUSTOMER - Cache cleared for limit 1 id: unrated_10_0customer258466 
2012-08-08T11:32:45-03:00 DEBUG (7): ydadmin-ThinkPad-X220-Tablet serving lieferando.de.testing CUSTOMER - Cache cleared for limit 1 id: unrated_25_0customer258466 
2012-08-08T11:32:45-03:00 DEBUG (7): ydadmin-ThinkPad-X220-Tablet serving lieferando.de.testing CUSTOMER - Cache cleared for limit 1 id: unrated_50_0customer258466 
2012-08-08T11:32:45-03:00 DEBUG (7): ydadmin-ThinkPad-X220-Tablet serving lieferando.de.testing CUSTOMER - Cache cleared for limit 1 id: unrated_100_0customer258466 
2012-08-08T11:32:45-03:00 DEBUG (7): ydadmin-ThinkPad-X220-Tablet serving lieferando.de.testing CUSTOMER FIDELITY - cache cleared for transactionsfidelity43a28b6df0a5a8bb018e642edbcc5e24 
2012-08-08T11:32:45-03:00 DEBUG (7): ydadmin-ThinkPad-X220-Tablet serving lieferando.de.testing CUSTOMER FIDELITY - cache cleared for open1fidelity43a28b6df0a5a8bb018e642edbcc5e24 
2012-08-08T11:32:45-03:00 DEBUG (7): ydadmin-ThinkPad-X220-Tablet serving lieferando.de.testing CUSTOMER FIDELITY - cache cleared for open0fidelity43a28b6df0a5a8bb018e642edbcc5e24 
2012-08-08T11:32:46-03:00 DEBUG (7): ydadmin-ThinkPad-X220-Tablet serving lieferando.de.testing SMARTY: did not find template user/socialnetworks.htm in lieferando.de layout, switching successfully back to default 
2012-08-08T11:32:46-03:00 DEBUG (7): ydadmin-ThinkPad-X220-Tablet serving lieferando.de.testing SMARTY: rendering template user/socialnetworks.htm 
2012-08-08T11:35:04-03:00 DEBUG (7): ydadmin-ThinkPad-X220-Tablet serving lieferando.de.testing SMARTY: did not find template order/private/start.htm in lieferando.de layout, switching successfully back to default 
2012-08-08T11:35:04-03:00 DEBUG (7): ydadmin-ThinkPad-X220-Tablet serving lieferando.de.testing SMARTY: rendering template order/private/start.htm 
2012-08-08T11:35:05-03:00 DEBUG (7): ydadmin-ThinkPad-X220-Tablet serving lieferando.de.testing search UNRATED ORDERS (limit 5 - start 0) for customer #258466 jonz@kybernaut.de - unratedOrderCount: 2 
2012-08-08T11:35:05-03:00 DEBUG (7): ydadmin-ThinkPad-X220-Tablet serving lieferando.de.testing found 5 points for action rate_high 
2012-08-08T11:35:05-03:00 DEBUG (7): ydadmin-ThinkPad-X220-Tablet serving lieferando.de.testing found 8 points for action accountimage 
2012-08-08T11:35:05-03:00 DEBUG (7): ydadmin-ThinkPad-X220-Tablet serving lieferando.de.testing FIDELITY - OPEN ACTIONS: Cache stored for id:  open0fidelity43a28b6df0a5a8bb018e642edbcc5e24 
2012-08-08T11:35:05-03:00 DEBUG (7): ydadmin-ThinkPad-X220-Tablet serving lieferando.de.testing FIDELITY - OPEN ACTIONS: variable was already set - don't recalculating 
2012-08-08T11:35:05-03:00 DEBUG (7): ydadmin-ThinkPad-X220-Tablet serving lieferando.de.testing show ratingLink for order #1299578 
2012-08-08T12:11:16-03:00 DEBUG (7): ydadmin-ThinkPad-X220-Tablet serving lieferando.de.testing CUSTOMER FIDELITY - cache cleared for transactionsfidelity43a28b6df0a5a8bb018e642edbcc5e24 
2012-08-08T12:11:16-03:00 DEBUG (7): ydadmin-ThinkPad-X220-Tablet serving lieferando.de.testing CUSTOMER FIDELITY - cache cleared for open1fidelity43a28b6df0a5a8bb018e642edbcc5e24 
2012-08-08T12:11:16-03:00 DEBUG (7): ydadmin-ThinkPad-X220-Tablet serving lieferando.de.testing CUSTOMER FIDELITY - cache cleared for open0fidelity43a28b6df0a5a8bb018e642edbcc5e24 
2012-08-08T12:11:16-03:00 DEBUG (7): ydadmin-ThinkPad-X220-Tablet serving lieferando.de.testing CUSTOMER - Cache cleared for limit 1 id: rated_5_0customer258466 
2012-08-08T12:11:16-03:00 DEBUG (7): ydadmin-ThinkPad-X220-Tablet serving lieferando.de.testing CUSTOMER - Cache cleared for limit 1 id: rated_10_0customer258466 
2012-08-08T12:11:16-03:00 DEBUG (7): ydadmin-ThinkPad-X220-Tablet serving lieferando.de.testing CUSTOMER - Cache cleared for limit 1 id: rated_25_0customer258466 
2012-08-08T12:11:16-03:00 DEBUG (7): ydadmin-ThinkPad-X220-Tablet serving lieferando.de.testing CUSTOMER - Cache cleared for limit 1 id: rated_50_0customer258466 
2012-08-08T12:11:16-03:00 DEBUG (7): ydadmin-ThinkPad-X220-Tablet serving lieferando.de.testing CUSTOMER - Cache cleared for limit 1 id: rated_100_0customer258466 
2012-08-08T12:11:16-03:00 DEBUG (7): ydadmin-ThinkPad-X220-Tablet serving lieferando.de.testing CUSTOMER - Cache cleared for limit 1 id: unrated_5_0customer258466 
2012-08-08T12:11:16-03:00 DEBUG (7): ydadmin-ThinkPad-X220-Tablet serving lieferando.de.testing CUSTOMER - Cache cleared for limit 1 id: unrated_10_0customer258466 
2012-08-08T12:11:16-03:00 DEBUG (7): ydadmin-ThinkPad-X220-Tablet serving lieferando.de.testing CUSTOMER - Cache cleared for limit 1 id: unrated_25_0customer258466 
2012-08-08T12:11:16-03:00 DEBUG (7): ydadmin-ThinkPad-X220-Tablet serving lieferando.de.testing CUSTOMER - Cache cleared for limit 1 id: unrated_50_0customer258466 
2012-08-08T12:11:16-03:00 DEBUG (7): ydadmin-ThinkPad-X220-Tablet serving lieferando.de.testing CUSTOMER - Cache cleared for limit 1 id: unrated_100_0customer258466 
2012-08-08T12:11:16-03:00 DEBUG (7): ydadmin-ThinkPad-X220-Tablet serving lieferando.de.testing CUSTOMER FIDELITY - cache cleared for transactionsfidelity43a28b6df0a5a8bb018e642edbcc5e24 
2012-08-08T12:11:16-03:00 DEBUG (7): ydadmin-ThinkPad-X220-Tablet serving lieferando.de.testing CUSTOMER FIDELITY - cache cleared for open1fidelity43a28b6df0a5a8bb018e642edbcc5e24 
2012-08-08T12:11:16-03:00 DEBUG (7): ydadmin-ThinkPad-X220-Tablet serving lieferando.de.testing CUSTOMER FIDELITY - cache cleared for open0fidelity43a28b6df0a5a8bb018e642edbcc5e24 
2012-08-08T12:11:17-03:00 DEBUG (7): ydadmin-ThinkPad-X220-Tablet serving lieferando.de.testing PIWIK: tracking customer variable customerId at value 0 
2012-08-08T12:11:17-03:00 DEBUG (7): ydadmin-ThinkPad-X220-Tablet serving lieferando.de.testing PIWIK: tracking customer variable customerId at value  
2012-08-08T12:11:18-03:00 DEBUG (7): ydadmin-ThinkPad-X220-Tablet serving lieferando.de.testing SMARTY: did not find template index/index.htm in lieferando.de layout, switching successfully back to default 
2012-08-08T12:11:18-03:00 DEBUG (7): ydadmin-ThinkPad-X220-Tablet serving lieferando.de.testing SMARTY: rendering template index/index.htm 
2012-08-08T12:11:18-03:00 DEBUG (7): ydadmin-ThinkPad-X220-Tablet serving lieferando.de.testing SMARTY: caching /home/ydadmin/htdocs/lieferando/application/../public/cache/html/www.yourdelivery.local/index.html 
2012-08-08T12:11:32-03:00 INFO (6): ydadmin-ThinkPad-X220-Tablet serving lieferando.de.testing customer #258466 Jens Naie already a facebook user - facebookId 690363597 
2012-08-08T12:11:32-03:00 DEBUG (7): ydadmin-ThinkPad-X220-Tablet serving lieferando.de.testing updating model Default_Model_Base #258466 with modified data :: Array(    [title] => Herr/Frau    [name] => Naie    [prename] => Jens    [email] => jonz@kybernaut.de    [password] => 9a8626a84a351341b0c09a37e5bf71fa    [lang] => de    [sex] => m    [tel] => 242356346    [privmail] =>     [autologin] => 0    [start] => 1    [lastlogin] => 2012-08-08 12:11:32    [countLogin] => 10    [deleted] => 0    [permanentDiscountId] =>     [ktoName] =>     [ktoNr] =>     [ktoBlz] =>     [updated] => 2012-08-08 12:11:32    [birthday] => 1971-09-03    [source] =>     [addition] =>     [facebookId] => 690363597    [facebookPost] => 0    [profileImage] => 1343730408.jpg    [nickname] =>     [whitelist] => 0    [anrede] => Herr) 
2012-08-08T12:11:32-03:00 DEBUG (7): ydadmin-ThinkPad-X220-Tablet serving lieferando.de.testing PIWIK: tracking customer variable customerId at value 258466 
2012-08-08T12:11:32-03:00 INFO (6): ydadmin-ThinkPad-X220-Tablet serving lieferando.de.testing User  successfully logged in 
2012-08-08T12:11:32-03:00 DEBUG (7): ydadmin-ThinkPad-X220-Tablet serving lieferando.de.testing PIWIK: tracking customer variable customerId at value 258466 
2012-08-08T12:11:32-03:00 DEBUG (7): ydadmin-ThinkPad-X220-Tablet serving lieferando.de.testing SMARTY: did not find template order/private/start.htm in lieferando.de layout, switching successfully back to default 
2012-08-08T12:11:32-03:00 DEBUG (7): ydadmin-ThinkPad-X220-Tablet serving lieferando.de.testing SMARTY: rendering template order/private/start.htm 
2012-08-08T12:11:32-03:00 DEBUG (7): ydadmin-ThinkPad-X220-Tablet serving lieferando.de.testing search UNRATED ORDERS (limit 5 - start 0) for customer #258466 jonz@kybernaut.de - unratedOrderCount: 2 
2012-08-08T12:11:32-03:00 DEBUG (7): ydadmin-ThinkPad-X220-Tablet serving lieferando.de.testing found 5 points for action rate_high 
2012-08-08T12:11:32-03:00 DEBUG (7): ydadmin-ThinkPad-X220-Tablet serving lieferando.de.testing found 8 points for action accountimage 
2012-08-08T12:11:32-03:00 DEBUG (7): ydadmin-ThinkPad-X220-Tablet serving lieferando.de.testing FIDELITY - OPEN ACTIONS: Cache stored for id:  open0fidelity43a28b6df0a5a8bb018e642edbcc5e24 
2012-08-08T12:11:32-03:00 DEBUG (7): ydadmin-ThinkPad-X220-Tablet serving lieferando.de.testing FIDELITY - OPEN ACTIONS: variable was already set - don't recalculating 
2012-08-08T12:11:32-03:00 DEBUG (7): ydadmin-ThinkPad-X220-Tablet serving lieferando.de.testing show ratingLink for order #1299578 
2012-08-08T12:11:43-03:00 DEBUG (7): ydadmin-ThinkPad-X220-Tablet serving lieferando.de.testing CUSTOMER FIDELITY - cache cleared for transactionsfidelity43a28b6df0a5a8bb018e642edbcc5e24 
2012-08-08T12:11:43-03:00 DEBUG (7): ydadmin-ThinkPad-X220-Tablet serving lieferando.de.testing CUSTOMER FIDELITY - cache cleared for open1fidelity43a28b6df0a5a8bb018e642edbcc5e24 
2012-08-08T12:11:43-03:00 DEBUG (7): ydadmin-ThinkPad-X220-Tablet serving lieferando.de.testing CUSTOMER FIDELITY - cache cleared for open0fidelity43a28b6df0a5a8bb018e642edbcc5e24 
2012-08-08T12:11:43-03:00 DEBUG (7): ydadmin-ThinkPad-X220-Tablet serving lieferando.de.testing CUSTOMER - Cache cleared for limit 1 id: rated_5_0customer258466 
2012-08-08T12:11:43-03:00 DEBUG (7): ydadmin-ThinkPad-X220-Tablet serving lieferando.de.testing CUSTOMER - Cache cleared for limit 1 id: rated_10_0customer258466 
2012-08-08T12:11:43-03:00 DEBUG (7): ydadmin-ThinkPad-X220-Tablet serving lieferando.de.testing CUSTOMER - Cache cleared for limit 1 id: rated_25_0customer258466 
2012-08-08T12:11:43-03:00 DEBUG (7): ydadmin-ThinkPad-X220-Tablet serving lieferando.de.testing CUSTOMER - Cache cleared for limit 1 id: rated_50_0customer258466 
2012-08-08T12:11:43-03:00 DEBUG (7): ydadmin-ThinkPad-X220-Tablet serving lieferando.de.testing CUSTOMER - Cache cleared for limit 1 id: rated_100_0customer258466 
2012-08-08T12:11:43-03:00 DEBUG (7): ydadmin-ThinkPad-X220-Tablet serving lieferando.de.testing CUSTOMER - Cache cleared for limit 1 id: unrated_5_0customer258466 
2012-08-08T12:11:43-03:00 DEBUG (7): ydadmin-ThinkPad-X220-Tablet serving lieferando.de.testing CUSTOMER - Cache cleared for limit 1 id: unrated_10_0customer258466 
2012-08-08T12:11:43-03:00 DEBUG (7): ydadmin-ThinkPad-X220-Tablet serving lieferando.de.testing CUSTOMER - Cache cleared for limit 1 id: unrated_25_0customer258466 
2012-08-08T12:11:43-03:00 DEBUG (7): ydadmin-ThinkPad-X220-Tablet serving lieferando.de.testing CUSTOMER - Cache cleared for limit 1 id: unrated_50_0customer258466 
2012-08-08T12:11:43-03:00 DEBUG (7): ydadmin-ThinkPad-X220-Tablet serving lieferando.de.testing CUSTOMER - Cache cleared for limit 1 id: unrated_100_0customer258466 
2012-08-08T12:11:43-03:00 DEBUG (7): ydadmin-ThinkPad-X220-Tablet serving lieferando.de.testing CUSTOMER FIDELITY - cache cleared for transactionsfidelity43a28b6df0a5a8bb018e642edbcc5e24 
2012-08-08T12:11:43-03:00 DEBUG (7): ydadmin-ThinkPad-X220-Tablet serving lieferando.de.testing CUSTOMER FIDELITY - cache cleared for open1fidelity43a28b6df0a5a8bb018e642edbcc5e24 
2012-08-08T12:11:43-03:00 DEBUG (7): ydadmin-ThinkPad-X220-Tablet serving lieferando.de.testing CUSTOMER FIDELITY - cache cleared for open0fidelity43a28b6df0a5a8bb018e642edbcc5e24 
2012-08-08T12:11:44-03:00 DEBUG (7): ydadmin-ThinkPad-X220-Tablet serving lieferando.de.testing PIWIK: tracking customer variable customerId at value 0 
2012-08-08T12:11:44-03:00 DEBUG (7): ydadmin-ThinkPad-X220-Tablet serving lieferando.de.testing PIWIK: tracking customer variable customerId at value  
2012-08-08T12:14:34-03:00 DEBUG (7): ydadmin-ThinkPad-X220-Tablet serving lieferando.de.testing saved model Yourdelivery_Model_Customer with id #258467 new data :: Array(    [name] => Naie    [prename] => Jens    [email] => jonz@kybernaut.de    [lang] => de    [facebookId] => 690363597    [birthday] => 1971-09-03    [sex] => m) 
2012-08-08T12:14:34-03:00 INFO (6): ydadmin-ThinkPad-X220-Tablet serving lieferando.de.testing successfully created customer #258467 Jens Naie via facebook-login - facebookId 690363597 
2012-08-08T12:14:36-03:00 DEBUG (7): ydadmin-ThinkPad-X220-Tablet serving lieferando.de.testing S3: getting bucket from S3 storage 
2012-08-08T12:14:36-03:00 DEBUG (7): ydadmin-ThinkPad-X220-Tablet serving lieferando.de.testing S3: uploading file customers/258467/profile.jpg to S3 bucket lieferando.de.testing 
2012-08-08T12:14:37-03:00 DEBUG (7): ydadmin-ThinkPad-X220-Tablet serving lieferando.de.testing updating model Default_Model_Base #1270689 with modified data :: Array(    [email] => jonz@kybernaut.de    [transactionData] => 1343728525.jpg    [status] => 0    [action] => accountimage    [points] => 8    [updated] => 2012-08-08 12:14:37) 
2012-08-08T12:14:37-03:00 INFO (6): ydadmin-ThinkPad-X220-Tablet serving lieferando.de.testing successfully modifed transaction #1270689 of customer jonz@kybernaut.de to status 0 
2012-08-08T12:14:37-03:00 DEBUG (7): ydadmin-ThinkPad-X220-Tablet serving lieferando.de.testing CUSTOMER FIDELITY - cache cleared for transactionsfidelity43a28b6df0a5a8bb018e642edbcc5e24 
2012-08-08T12:14:37-03:00 DEBUG (7): ydadmin-ThinkPad-X220-Tablet serving lieferando.de.testing CUSTOMER FIDELITY - cache cleared for open1fidelity43a28b6df0a5a8bb018e642edbcc5e24 
2012-08-08T12:14:37-03:00 DEBUG (7): ydadmin-ThinkPad-X220-Tablet serving lieferando.de.testing CUSTOMER FIDELITY - cache cleared for open0fidelity43a28b6df0a5a8bb018e642edbcc5e24 
2012-08-08T12:14:37-03:00 DEBUG (7): ydadmin-ThinkPad-X220-Tablet serving lieferando.de.testing updating model Default_Model_Base #258467 with modified data :: Array(    [name] => Naie    [prename] => Jens    [email] => jonz@kybernaut.de    [lang] => de    [facebookId] => 690363597    [birthday] => 1971-09-03    [sex] => m    [title] => Herr/Frau    [password] =>     [tel] =>     [privmail] =>     [autologin] => 0    [start] => 1    [lastlogin] => 0000-00-00 00:00:00    [countLogin] => 0    [deleted] => 0    [permanentDiscountId] =>     [ktoName] =>     [ktoNr] =>     [ktoBlz] =>     [updated] => 2012-08-08 12:14:37    [source] =>     [addition] =>     [facebookPost] => 1    [profileImage] => 1344438876.jpg    [nickname] =>     [whitelist] => 0) 
2012-08-08T12:14:37-03:00 DEBUG (7): ydadmin-ThinkPad-X220-Tablet serving lieferando.de.testing found 15 points for action facebookconnect 
2012-08-08T12:14:37-03:00 DEBUG (7): ydadmin-ThinkPad-X220-Tablet serving lieferando.de.testing saved model Yourdelivery_Model_Customer_FidelityTransaction with id #1270694 new data :: Array(    [email] => jonz@kybernaut.de    [action] => facebookconnect    [status] => 0    [points] => 15    [transactionData] => <a href=\"http://www.facebook.com/690363597\">Jens Naie</a>) 
2012-08-08T12:14:37-03:00 INFO (6): ydadmin-ThinkPad-X220-Tablet serving lieferando.de.testing successfully added 15 points to customer jonz@kybernaut.de for action facebookconnect 
2012-08-08T12:14:37-03:00 DEBUG (7): ydadmin-ThinkPad-X220-Tablet serving lieferando.de.testing CUSTOMER FIDELITY - cache cleared for transactionsfidelity43a28b6df0a5a8bb018e642edbcc5e24 
2012-08-08T12:14:37-03:00 DEBUG (7): ydadmin-ThinkPad-X220-Tablet serving lieferando.de.testing CUSTOMER FIDELITY - cache cleared for open1fidelity43a28b6df0a5a8bb018e642edbcc5e24 
2012-08-08T12:14:37-03:00 DEBUG (7): ydadmin-ThinkPad-X220-Tablet serving lieferando.de.testing CUSTOMER FIDELITY - cache cleared for open0fidelity43a28b6df0a5a8bb018e642edbcc5e24 
2012-08-08T12:14:37-03:00 DEBUG (7): ydadmin-ThinkPad-X220-Tablet serving lieferando.de.testing updating model Default_Model_Base #258467 with modified data :: Array(    [title] => Herr/Frau    [name] => Naie    [prename] => Jens    [email] => jonz@kybernaut.de    [password] =>     [lang] => de    [sex] => m    [tel] =>     [privmail] =>     [autologin] => 0    [start] => 1    [lastlogin] => 2012-08-08 12:14:37    [countLogin] => 1    [deleted] => 0    [permanentDiscountId] =>     [ktoName] =>     [ktoNr] =>     [ktoBlz] =>     [updated] => 2012-08-08 12:14:37    [birthday] => 1971-09-03    [source] =>     [addition] =>     [facebookId] => 690363597    [facebookPost] => 1    [profileImage] => 1344438876.jpg    [nickname] =>     [whitelist] => 0    [anrede] => Herr) 
2012-08-08T12:14:37-03:00 DEBUG (7): ydadmin-ThinkPad-X220-Tablet serving lieferando.de.testing PIWIK: tracking customer variable customerId at value 258467 
2012-08-08T12:14:37-03:00 INFO (6): ydadmin-ThinkPad-X220-Tablet serving lieferando.de.testing User  successfully logged in 
2012-08-08T12:14:37-03:00 DEBUG (7): ydadmin-ThinkPad-X220-Tablet serving lieferando.de.testing PIWIK: tracking customer variable customerId at value 258467 
2012-08-08T12:14:37-03:00 DEBUG (7): ydadmin-ThinkPad-X220-Tablet serving lieferando.de.testing SMARTY: did not find template user/settings.htm in lieferando.de layout, switching successfully back to default 
2012-08-08T12:14:37-03:00 DEBUG (7): ydadmin-ThinkPad-X220-Tablet serving lieferando.de.testing SMARTY: rendering template user/settings.htm 
2012-08-08T12:14:57-03:00 DEBUG (7): ydadmin-ThinkPad-X220-Tablet serving lieferando.de.testing SMARTY: did not find template user/socialnetworks.htm in lieferando.de layout, switching successfully back to default 
2012-08-08T12:14:57-03:00 DEBUG (7): ydadmin-ThinkPad-X220-Tablet serving lieferando.de.testing SMARTY: rendering template user/socialnetworks.htm 
2012-08-08T12:15:07-03:00 DEBUG (7): ydadmin-ThinkPad-X220-Tablet serving lieferando.de.testing CUSTOMER FIDELITY - cache cleared for transactionsfidelity43a28b6df0a5a8bb018e642edbcc5e24 
2012-08-08T12:15:07-03:00 DEBUG (7): ydadmin-ThinkPad-X220-Tablet serving lieferando.de.testing CUSTOMER FIDELITY - cache cleared for open1fidelity43a28b6df0a5a8bb018e642edbcc5e24 
2012-08-08T12:15:07-03:00 DEBUG (7): ydadmin-ThinkPad-X220-Tablet serving lieferando.de.testing CUSTOMER FIDELITY - cache cleared for open0fidelity43a28b6df0a5a8bb018e642edbcc5e24 
2012-08-08T12:15:07-03:00 DEBUG (7): ydadmin-ThinkPad-X220-Tablet serving lieferando.de.testing CUSTOMER - Cache cleared for limit 1 id: rated_5_0customer258467 
2012-08-08T12:15:07-03:00 DEBUG (7): ydadmin-ThinkPad-X220-Tablet serving lieferando.de.testing CUSTOMER - Cache cleared for limit 1 id: rated_10_0customer258467 
2012-08-08T12:15:07-03:00 DEBUG (7): ydadmin-ThinkPad-X220-Tablet serving lieferando.de.testing CUSTOMER - Cache cleared for limit 1 id: rated_25_0customer258467 
2012-08-08T12:15:07-03:00 DEBUG (7): ydadmin-ThinkPad-X220-Tablet serving lieferando.de.testing CUSTOMER - Cache cleared for limit 1 id: rated_50_0customer258467 
2012-08-08T12:15:07-03:00 DEBUG (7): ydadmin-ThinkPad-X220-Tablet serving lieferando.de.testing CUSTOMER - Cache cleared for limit 1 id: rated_100_0customer258467 
2012-08-08T12:15:07-03:00 DEBUG (7): ydadmin-ThinkPad-X220-Tablet serving lieferando.de.testing CUSTOMER - Cache cleared for limit 1 id: unrated_5_0customer258467 
2012-08-08T12:15:07-03:00 DEBUG (7): ydadmin-ThinkPad-X220-Tablet serving lieferando.de.testing CUSTOMER - Cache cleared for limit 1 id: unrated_10_0customer258467 
2012-08-08T12:15:07-03:00 DEBUG (7): ydadmin-ThinkPad-X220-Tablet serving lieferando.de.testing CUSTOMER - Cache cleared for limit 1 id: unrated_25_0customer258467 
2012-08-08T12:15:07-03:00 DEBUG (7): ydadmin-ThinkPad-X220-Tablet serving lieferando.de.testing CUSTOMER - Cache cleared for limit 1 id: unrated_50_0customer258467 
2012-08-08T12:15:07-03:00 DEBUG (7): ydadmin-ThinkPad-X220-Tablet serving lieferando.de.testing CUSTOMER - Cache cleared for limit 1 id: unrated_100_0customer258467 
2012-08-08T12:15:07-03:00 DEBUG (7): ydadmin-ThinkPad-X220-Tablet serving lieferando.de.testing CUSTOMER FIDELITY - cache cleared for transactionsfidelity43a28b6df0a5a8bb018e642edbcc5e24 
2012-08-08T12:15:07-03:00 DEBUG (7): ydadmin-ThinkPad-X220-Tablet serving lieferando.de.testing CUSTOMER FIDELITY - cache cleared for open1fidelity43a28b6df0a5a8bb018e642edbcc5e24 
2012-08-08T12:15:07-03:00 DEBUG (7): ydadmin-ThinkPad-X220-Tablet serving lieferando.de.testing CUSTOMER FIDELITY - cache cleared for open0fidelity43a28b6df0a5a8bb018e642edbcc5e24 
2012-08-08T12:15:08-03:00 DEBUG (7): ydadmin-ThinkPad-X220-Tablet serving lieferando.de.testing PIWIK: tracking customer variable customerId at value 0 
2012-08-08T12:15:09-03:00 DEBUG (7): ydadmin-ThinkPad-X220-Tablet serving lieferando.de.testing PIWIK: tracking customer variable customerId at value  
2012-08-08T12:15:21-03:00 INFO (6): ydadmin-ThinkPad-X220-Tablet serving lieferando.de.testing customer #258467 Jens Naie already a facebook user - facebookId 690363597 
2012-08-08T12:15:21-03:00 DEBUG (7): ydadmin-ThinkPad-X220-Tablet serving lieferando.de.testing updating model Default_Model_Base #258467 with modified data :: Array(    [title] => Herr/Frau    [name] => Naie    [prename] => Jens    [email] => jonz@kybernaut.de    [password] =>     [lang] => de    [sex] => m    [tel] =>     [privmail] =>     [autologin] => 0    [start] => 1    [lastlogin] => 2012-08-08 12:15:21    [countLogin] => 2    [deleted] => 0    [permanentDiscountId] =>     [ktoName] =>     [ktoNr] =>     [ktoBlz] =>     [updated] => 2012-08-08 12:15:21    [birthday] => 1971-09-03    [source] =>     [addition] =>     [facebookId] => 690363597    [facebookPost] => 1    [profileImage] => 1344438876.jpg    [nickname] =>     [whitelist] => 0    [anrede] => Herr) 
2012-08-08T12:15:21-03:00 DEBUG (7): ydadmin-ThinkPad-X220-Tablet serving lieferando.de.testing PIWIK: tracking customer variable customerId at value 258467 
2012-08-08T12:15:21-03:00 INFO (6): ydadmin-ThinkPad-X220-Tablet serving lieferando.de.testing User  successfully logged in 
2012-08-08T12:15:22-03:00 DEBUG (7): ydadmin-ThinkPad-X220-Tablet serving lieferando.de.testing PIWIK: tracking customer variable customerId at value 258467 
2012-08-08T12:15:22-03:00 DEBUG (7): ydadmin-ThinkPad-X220-Tablet serving lieferando.de.testing SMARTY: did not find template user/settings.htm in lieferando.de layout, switching successfully back to default 
2012-08-08T12:15:22-03:00 DEBUG (7): ydadmin-ThinkPad-X220-Tablet serving lieferando.de.testing SMARTY: rendering template user/settings.htm 
2012-08-08T12:15:27-03:00 DEBUG (7): ydadmin-ThinkPad-X220-Tablet serving lieferando.de.testing SMARTY: did not find template order/private/start.htm in lieferando.de layout, switching successfully back to default 
2012-08-08T12:15:27-03:00 DEBUG (7): ydadmin-ThinkPad-X220-Tablet serving lieferando.de.testing SMARTY: rendering template order/private/start.htm 
2012-08-08T12:15:27-03:00 DEBUG (7): ydadmin-ThinkPad-X220-Tablet serving lieferando.de.testing search UNRATED ORDERS (limit 5 - start 0) for customer #258467 jonz@kybernaut.de - unratedOrderCount: 2 
2012-08-08T12:15:27-03:00 DEBUG (7): ydadmin-ThinkPad-X220-Tablet serving lieferando.de.testing found 5 points for action rate_high 
2012-08-08T12:15:27-03:00 DEBUG (7): ydadmin-ThinkPad-X220-Tablet serving lieferando.de.testing found 8 points for action accountimage 
2012-08-08T12:15:27-03:00 DEBUG (7): ydadmin-ThinkPad-X220-Tablet serving lieferando.de.testing FIDELITY - OPEN ACTIONS: Cache stored for id:  open0fidelity43a28b6df0a5a8bb018e642edbcc5e24 
2012-08-08T12:15:27-03:00 DEBUG (7): ydadmin-ThinkPad-X220-Tablet serving lieferando.de.testing FIDELITY - OPEN ACTIONS: variable was already set - don't recalculating 
2012-08-08T12:15:27-03:00 DEBUG (7): ydadmin-ThinkPad-X220-Tablet serving lieferando.de.testing show ratingLink for order #1299578 
2012-08-08T12:23:02-03:00 DEBUG (7): ydadmin-ThinkPad-X220-Tablet serving lieferando.de.testing SMARTY: did not find template user/index.htm in lieferando.de layout, switching successfully back to default 
2012-08-08T12:23:02-03:00 DEBUG (7): ydadmin-ThinkPad-X220-Tablet serving lieferando.de.testing SMARTY: rendering template user/index.htm 
2012-08-08T12:23:02-03:00 DEBUG (7): ydadmin-ThinkPad-X220-Tablet serving lieferando.de.testing FIDELITY - OPEN ACTIONS: Cache loaded for id:  open0fidelity43a28b6df0a5a8bb018e642edbcc5e24 
2012-08-08T12:23:09-03:00 DEBUG (7): ydadmin-ThinkPad-X220-Tablet serving lieferando.de.testing SMARTY: did not find template user/locations.htm in lieferando.de layout, switching successfully back to default 
2012-08-08T12:23:09-03:00 DEBUG (7): ydadmin-ThinkPad-X220-Tablet serving lieferando.de.testing SMARTY: rendering template user/locations.htm 
2012-08-08T12:24:44-03:00 DEBUG (7): ydadmin-ThinkPad-X220-Tablet serving lieferando.de.testing CUSTOMER FIDELITY - cache cleared for transactionsfidelity43a28b6df0a5a8bb018e642edbcc5e24 
2012-08-08T12:24:44-03:00 DEBUG (7): ydadmin-ThinkPad-X220-Tablet serving lieferando.de.testing CUSTOMER FIDELITY - cache cleared for open1fidelity43a28b6df0a5a8bb018e642edbcc5e24 
2012-08-08T12:24:44-03:00 DEBUG (7): ydadmin-ThinkPad-X220-Tablet serving lieferando.de.testing CUSTOMER FIDELITY - cache cleared for open0fidelity43a28b6df0a5a8bb018e642edbcc5e24 
2012-08-08T12:24:44-03:00 DEBUG (7): ydadmin-ThinkPad-X220-Tablet serving lieferando.de.testing CUSTOMER - Cache cleared for limit 1 id: rated_5_0customer258467 
2012-08-08T12:24:44-03:00 DEBUG (7): ydadmin-ThinkPad-X220-Tablet serving lieferando.de.testing CUSTOMER - Cache cleared for limit 1 id: rated_10_0customer258467 
2012-08-08T12:24:44-03:00 DEBUG (7): ydadmin-ThinkPad-X220-Tablet serving lieferando.de.testing CUSTOMER - Cache cleared for limit 1 id: rated_25_0customer258467 
2012-08-08T12:24:44-03:00 DEBUG (7): ydadmin-ThinkPad-X220-Tablet serving lieferando.de.testing CUSTOMER - Cache cleared for limit 1 id: rated_50_0customer258467 
2012-08-08T12:24:44-03:00 DEBUG (7): ydadmin-ThinkPad-X220-Tablet serving lieferando.de.testing CUSTOMER - Cache cleared for limit 1 id: rated_100_0customer258467 
2012-08-08T12:24:44-03:00 DEBUG (7): ydadmin-ThinkPad-X220-Tablet serving lieferando.de.testing CUSTOMER - Cache cleared for limit 1 id: unrated_5_0customer258467 
2012-08-08T12:24:44-03:00 DEBUG (7): ydadmin-ThinkPad-X220-Tablet serving lieferando.de.testing CUSTOMER - Cache cleared for limit 1 id: unrated_10_0customer258467 
2012-08-08T12:24:44-03:00 DEBUG (7): ydadmin-ThinkPad-X220-Tablet serving lieferando.de.testing CUSTOMER - Cache cleared for limit 1 id: unrated_25_0customer258467 
2012-08-08T12:24:44-03:00 DEBUG (7): ydadmin-ThinkPad-X220-Tablet serving lieferando.de.testing CUSTOMER - Cache cleared for limit 1 id: unrated_50_0customer258467 
2012-08-08T12:24:44-03:00 DEBUG (7): ydadmin-ThinkPad-X220-Tablet serving lieferando.de.testing CUSTOMER - Cache cleared for limit 1 id: unrated_100_0customer258467 
2012-08-08T12:24:44-03:00 DEBUG (7): ydadmin-ThinkPad-X220-Tablet serving lieferando.de.testing CUSTOMER FIDELITY - cache cleared for transactionsfidelity43a28b6df0a5a8bb018e642edbcc5e24 
2012-08-08T12:24:44-03:00 DEBUG (7): ydadmin-ThinkPad-X220-Tablet serving lieferando.de.testing CUSTOMER FIDELITY - cache cleared for open1fidelity43a28b6df0a5a8bb018e642edbcc5e24 
2012-08-08T12:24:44-03:00 DEBUG (7): ydadmin-ThinkPad-X220-Tablet serving lieferando.de.testing CUSTOMER FIDELITY - cache cleared for open0fidelity43a28b6df0a5a8bb018e642edbcc5e24 
2012-08-08T12:24:45-03:00 DEBUG (7): ydadmin-ThinkPad-X220-Tablet serving lieferando.de.testing PIWIK: tracking customer variable customerId at value 0 
2012-08-08T12:24:45-03:00 DEBUG (7): ydadmin-ThinkPad-X220-Tablet serving lieferando.de.testing PIWIK: tracking customer variable customerId at value  
2012-08-08T12:24:56-03:00 INFO (6): ydadmin-ThinkPad-X220-Tablet serving lieferando.de.testing customer #258467 Jens Naie already a facebook user - facebookId 690363597 
2012-08-08T12:24:56-03:00 DEBUG (7): ydadmin-ThinkPad-X220-Tablet serving lieferando.de.testing updating model Default_Model_Base #258467 with modified data :: Array(    [title] => Herr/Frau    [name] => Naie    [prename] => Jens    [email] => jonz@kybernaut.de    [password] =>     [lang] => de    [sex] => m    [tel] =>     [privmail] =>     [autologin] => 0    [start] => 1    [lastlogin] => 2012-08-08 12:24:56    [countLogin] => 3    [deleted] => 0    [permanentDiscountId] =>     [ktoName] =>     [ktoNr] =>     [ktoBlz] =>     [updated] => 2012-08-08 12:24:56    [birthday] => 1971-09-03    [source] =>     [addition] =>     [facebookId] => 690363597    [facebookPost] => 1    [profileImage] => 1344438876.jpg    [nickname] =>     [whitelist] => 0    [anrede] => Herr) 
2012-08-08T12:24:56-03:00 DEBUG (7): ydadmin-ThinkPad-X220-Tablet serving lieferando.de.testing PIWIK: tracking customer variable customerId at value 258467 
2012-08-08T12:24:56-03:00 INFO (6): ydadmin-ThinkPad-X220-Tablet serving lieferando.de.testing User  successfully logged in 
2012-08-08T12:24:56-03:00 DEBUG (7): ydadmin-ThinkPad-X220-Tablet serving lieferando.de.testing PIWIK: tracking customer variable customerId at value 258467 
2012-08-08T12:24:56-03:00 DEBUG (7): ydadmin-ThinkPad-X220-Tablet serving lieferando.de.testing SMARTY: did not find template user/settings.htm in lieferando.de layout, switching successfully back to default 
2012-08-08T12:24:56-03:00 DEBUG (7): ydadmin-ThinkPad-X220-Tablet serving lieferando.de.testing SMARTY: rendering template user/settings.htm 
2012-08-08T12:25:15-03:00 DEBUG (7): ydadmin-ThinkPad-X220-Tablet serving lieferando.de.testing SMARTY: did not find template user/locations.htm in lieferando.de layout, switching successfully back to default 
2012-08-08T12:25:15-03:00 DEBUG (7): ydadmin-ThinkPad-X220-Tablet serving lieferando.de.testing SMARTY: rendering template user/locations.htm 
2012-08-08T13:09:08-03:00 DEBUG (7): webvm serving lieferando.de.testing SMARTY: did not find template index/index.htm in lieferando.de layout, switching successfully back to default 
2012-08-08T13:09:08-03:00 DEBUG (7): webvm serving lieferando.de.testing SMARTY: rendering template index/index.htm 
2012-08-08T13:09:11-03:00 DEBUG (7): webvm serving lieferando.de.testing SMARTY: caching /media/sf_ydadmin/htdocs/lieferando/application/../public/cache/html/www.yourdelivery.test/index.html 
2012-08-08T13:09:28-03:00 INFO (6): webvm serving lieferando.de.testing getting 350 cityIds for url /lieferservice-berlin 
2012-08-08T13:09:34-03:00 INFO (6): webvm serving lieferando.de.testing found 150 online and 30 offline services in #644,645,646,647,648,649,650,651,652,653,654,655,656,657,658,659,660,661,662,663,664,665,666,667,668,669,670,671,672,673,674,675,676,677,678,679,680,681,682,683,684,685,686,687,688,689,690,691,692,693,694,695,696,697,698,699,700,701,702,703,704,705,706,707,708,709,710,711,712,713,714,715,716,717,718,719,720,721,722,723,724,725,726,727,728,729,730,731,732,733,734,735,736,737,738,739,740,741,742,743,744,745,746,747,748,749,750,751,753,754,755,756,757,758,759,760,761,762,763,764,765,766,767,768,769,770,771,772,773,774,775,776,777,778,779,780,781,782,783,784,785,786,787,788,789,790,791,792,793,794,795,796,797,798,799,800,801,802,803,804,805,806,807,808,809,810,811,812,813,814,815,816,817,818,819,820,821,822,823,824,825,826,827,828,829,830,831,832,833,834,16415,16697,16698,16699,16786,17058,17059,17088,17885,17886,18086,18087,18088,18443,19941,19942,19943,19944,19945,19946,19947,19948,19949,19950,19951,19952,19953,19954,19959,19960,19962,19964,19965,19966,19967,19968,19969,19970,19971,19972,19973,19974,19977,19978,19985,19988,19989,19990,19991,19993,20028,20516,20517,20518,20519,20520,21913,21915,21916,21917,21918,21919,22846,22848,22851,22854,22857,22867,22870,22871,22872,22876,22880,22881,22886,22889,22891,22892,22893,22894,22895,22896,22897,22898,22899,22900,22901,22902,23184,23185,23186,23187,23190,23191,23210,23211,23281,24529,24558,24559,25525,25526,25527,25528,25529,25530,25531,25532,25533,25534,25535,25536,25537,25538,25539,25540,25541,25542,25543,25544,25545,25546,25547,25548,25549,25550,25902,25904,25905,25908,25910,25911,25922,25924,25926,25927,25937,26042,26043,26044,26045,26046,26047,27413,27416,27417,27419,27421,27426,27427,27428,27429,27430,27433,27434,27540,27541,27542,27544,27545 
2012-08-08T13:09:34-03:00 DEBUG (7): webvm serving lieferando.de.testing SMARTY: did not find template order/basis/service.htm in lieferando.de layout, switching successfully back to default 
2012-08-08T13:09:34-03:00 DEBUG (7): webvm serving lieferando.de.testing SMARTY: rendering template order/basis/service.htm 
2012-08-08T13:10:32-03:00 DEBUG (7): webvm serving lieferando.de.testing SMARTY: caching /media/sf_ydadmin/htdocs/lieferando/application/../public/cache/html/www.yourdelivery.test/lieferservice-berlin.html 
2012-08-08T13:11:07-03:00 DEBUG (7): webvm serving lieferando.de.testing SMARTY: did not find template request/order/serviceinfo.htm in lieferando.de layout, switching successfully back to default 
2012-08-08T13:11:07-03:00 DEBUG (7): webvm serving lieferando.de.testing SMARTY: rendering template request/order/serviceinfo.htm 
2012-08-08T13:11:07-03:00 DEBUG (7): webvm serving lieferando.de.testing SMARTY: caching /media/sf_ydadmin/htdocs/lieferando/application/../public/cache/html/www.yourdelivery.test/request_order/serviceinfo/id/13470.html 
2012-08-08T13:11:12-03:00 DEBUG (7): webvm serving lieferando.de.testing SMARTY: did not find template index/index.htm in lieferando.de layout, switching successfully back to default 
2012-08-08T13:11:12-03:00 DEBUG (7): webvm serving lieferando.de.testing SMARTY: rendering template index/index.htm 
2012-08-08T13:11:15-03:00 DEBUG (7): webvm serving lieferando.de.testing SMARTY: caching /media/sf_ydadmin/htdocs/lieferando/application/../public/cache/html/www.yourdelivery.test/index.html 
2012-08-08T13:11:33-03:00 INFO (6): webvm serving lieferando.de.testing found 145 online and 19 offline services in #645 
2012-08-08T13:11:33-03:00 DEBUG (7): webvm serving lieferando.de.testing SMARTY: did not find template order/basis/service.htm in lieferando.de layout, switching successfully back to default 
2012-08-08T13:11:33-03:00 DEBUG (7): webvm serving lieferando.de.testing SMARTY: rendering template order/basis/service.htm 
2012-08-08T13:11:35-03:00 INFO (6): webvm serving lieferando.de.testing found 145 online and 19 offline services in #645 
2012-08-08T13:11:35-03:00 DEBUG (7): webvm serving lieferando.de.testing SMARTY: did not find template order/basis/service.htm in lieferando.de layout, switching successfully back to default 
2012-08-08T13:11:35-03:00 DEBUG (7): webvm serving lieferando.de.testing SMARTY: rendering template order/basis/service.htm 
2012-08-08T13:12:22-03:00 DEBUG (7): webvm serving lieferando.de.testing SMARTY: caching /media/sf_ydadmin/htdocs/lieferando/application/../public/cache/html/www.yourdelivery.test/lieferservice-berlin-10117.html 
2012-08-08T13:12:51-03:00 INFO (6): webvm serving lieferando.de.testing found 145 online and 19 offline services in #645 
2012-08-08T13:12:51-03:00 DEBUG (7): webvm serving lieferando.de.testing SMARTY: did not find template order/basis/service.htm in lieferando.de layout, switching successfully back to default 
2012-08-08T13:12:51-03:00 DEBUG (7): webvm serving lieferando.de.testing SMARTY: rendering template order/basis/service.htm 
2012-08-08T13:13:31-03:00 DEBUG (7): webvm serving lieferando.de.testing SMARTY: caching /media/sf_ydadmin/htdocs/lieferando/application/../public/cache/html/www.yourdelivery.test/lieferservice-berlin-10117.html 
2012-08-08T13:14:19-03:00 DEBUG (7): webvm serving lieferando.de.testing SMARTY: did not find template request/order/serviceinfo.htm in lieferando.de layout, switching successfully back to default 
2012-08-08T13:14:19-03:00 DEBUG (7): webvm serving lieferando.de.testing SMARTY: rendering template request/order/serviceinfo.htm 
2012-08-08T13:14:19-03:00 DEBUG (7): webvm serving lieferando.de.testing SMARTY: caching /media/sf_ydadmin/htdocs/lieferando/application/../public/cache/html/www.yourdelivery.test/request_order/serviceinfo/id/13470.html 
2012-08-08T13:18:30-03:00 DEBUG (7): webvm serving taxiresto.fr.testing SMARTY: did not find template index/index.htm in taxiresto.fr layout, switching successfully back to default 
2012-08-08T13:18:30-03:00 DEBUG (7): webvm serving taxiresto.fr.testing SMARTY: rendering template index/index.htm 
2012-08-08T13:18:32-03:00 DEBUG (7): webvm serving taxiresto.fr.testing SMARTY: caching /media/sf_ydadmin/htdocs/lieferando/application/../public/cache/html/www.yourdelivery.test/index.html 
2012-08-08T13:20:17-03:00 INFO (6): webvm serving taxiresto.fr.testing getting 101 cityIds for url /livraison-paris 
2012-08-08T13:20:19-03:00 INFO (6): webvm serving taxiresto.fr.testing found 150 online and 30 offline services in #18000,18001,18002,18003,18004,18005,18006,18007,18008,18009,18010,18011,18012,18013,18014,18015,18016,18017,18018,18019,18020,37783,37784,37877,37878,37879,37880,37881,37882,37883,37884,37885,37886,37887,37888,37889,37890,37891,37892,37893,37894,37895,37896,37897,37898,37899,37900,37901,37902,37903,37904,37905,37906,37907,37908,37909,37910,37911,37912,37913,37914,37915,37916,37917,37918,37919,37920,37921,37922,37923,37924,37925,37926,37927,37928,37929,37930,37931,37932,37933,37934,37935,37936,37937,37938,37939,37940,37941,37942,37943,37944,37945,37946,37947,37948,37949,37950,37951,37952,37953,37954 
2012-08-08T13:20:19-03:00 DEBUG (7): webvm serving taxiresto.fr.testing SMARTY: did not find template order/basis/service.htm in taxiresto.fr layout, switching successfully back to default 
2012-08-08T13:20:19-03:00 DEBUG (7): webvm serving taxiresto.fr.testing SMARTY: rendering template order/basis/service.htm 
2012-08-08T13:20:42-03:00 DEBUG (7): webvm serving taxiresto.fr.testing SMARTY: caching /media/sf_ydadmin/htdocs/lieferando/application/../public/cache/html/www.yourdelivery.test/livraison-paris.html 
