2012-10-24T17:26:30+02:00 INFO (6): ydadmin-ThinkPad-X220-Tablet serving lieferando.de.testing getting 94 cityIds for url /lieferservice-mettmann 
2012-10-24T17:26:30+02:00 INFO (6): ydadmin-ThinkPad-X220-Tablet serving lieferando.de.testing found 45 online and 5 offline services in #3009,3011,3012,3013,3014,3015,3016,3017,3018,3019,3020,3089,3091,3092,3093,3094,3095,3104,19232,19251,22143,22144,22145,22146,22148,22149,22150,22151,22152,22153,22154,22155,22156,22157,22158,22159,22160,22161,22162,22163,22295,25633,25634,25635,25643,25644,25645,25646,25647,31080,31536,31537,31538,31539,32186,33205,33209,33395,33396,33397,33398,35570,35571,35809,35810,35811,35813,35814,35815,35933,37793,37794,37795,37796,37797,37800,37803,37807,37808,37811,37812,37813,37814,37939,37940,37941,37943,37944,37945,37946,37947,37948,37949,38607 
2012-10-24T17:26:30+02:00 DEBUG (7): ydadmin-ThinkPad-X220-Tablet serving lieferando.de.testing SMARTY: rendering template order/basis/service.htm 
2012-10-24T17:26:35+02:00 DEBUG (7): ydadmin-ThinkPad-X220-Tablet serving lieferando.de.testing SMARTY: caching /home/ydadmin/htdocs/lieferando/application/../public/cache/html/www.yourdelivery.test/lieferservice-mettmann.html 
2012-10-24T17:28:30+02:00 INFO (6): ydadmin-ThinkPad-X220-Tablet serving lieferando.de.testing getting 94 cityIds for url /lieferservice-mettmann 
2012-10-24T17:28:31+02:00 INFO (6): ydadmin-ThinkPad-X220-Tablet serving lieferando.de.testing found 45 online and 5 offline services in #3009,3011,3012,3013,3014,3015,3016,3017,3018,3019,3020,3089,3091,3092,3093,3094,3095,3104,19232,19251,22143,22144,22145,22146,22148,22149,22150,22151,22152,22153,22154,22155,22156,22157,22158,22159,22160,22161,22162,22163,22295,25633,25634,25635,25643,25644,25645,25646,25647,31080,31536,31537,31538,31539,32186,33205,33209,33395,33396,33397,33398,35570,35571,35809,35810,35811,35813,35814,35815,35933,37793,37794,37795,37796,37797,37800,37803,37807,37808,37811,37812,37813,37814,37939,37940,37941,37943,37944,37945,37946,37947,37948,37949,38607 
2012-10-24T17:28:31+02:00 DEBUG (7): ydadmin-ThinkPad-X220-Tablet serving lieferando.de.testing SMARTY: rendering template order/basis/service.htm 
2012-10-24T17:28:32+02:00 DEBUG (7): ydadmin-ThinkPad-X220-Tablet serving lieferando.de.testing SMARTY: caching /home/ydadmin/htdocs/lieferando/application/../public/cache/html/www.yourdelivery.test/lieferservice-mettmann.html 
2012-10-24T17:33:55+02:00 DEBUG (7): ydadmin-ThinkPad-X220-Tablet serving lieferando.de.testing SMARTY: rendering template request/order/serviceinfo.htm 
2012-10-24T17:33:55+02:00 DEBUG (7): ydadmin-ThinkPad-X220-Tablet serving lieferando.de.testing SMARTY: caching /home/ydadmin/htdocs/lieferando/application/../public/cache/html/www.yourdelivery.test/request_order/serviceinfo/id/18809.html 
2012-10-24T17:34:01+02:00 INFO (6): ydadmin-ThinkPad-X220-Tablet serving lieferando.de.testing getting 94 cityIds for url /lieferservice-mettmann 
2012-10-24T17:34:01+02:00 INFO (6): ydadmin-ThinkPad-X220-Tablet serving lieferando.de.testing found 45 online and 5 offline services in #3009,3011,3012,3013,3014,3015,3016,3017,3018,3019,3020,3089,3091,3092,3093,3094,3095,3104,19232,19251,22143,22144,22145,22146,22148,22149,22150,22151,22152,22153,22154,22155,22156,22157,22158,22159,22160,22161,22162,22163,22295,25633,25634,25635,25643,25644,25645,25646,25647,31080,31536,31537,31538,31539,32186,33205,33209,33395,33396,33397,33398,35570,35571,35809,35810,35811,35813,35814,35815,35933,37793,37794,37795,37796,37797,37800,37803,37807,37808,37811,37812,37813,37814,37939,37940,37941,37943,37944,37945,37946,37947,37948,37949,38607 
2012-10-24T17:34:01+02:00 DEBUG (7): ydadmin-ThinkPad-X220-Tablet serving lieferando.de.testing SMARTY: rendering template order/basis/service.htm 
2012-10-24T17:34:03+02:00 DEBUG (7): ydadmin-ThinkPad-X220-Tablet serving lieferando.de.testing SMARTY: caching /home/ydadmin/htdocs/lieferando/application/../public/cache/html/www.yourdelivery.test/lieferservice-mettmann.html 
2012-10-24T17:37:18+02:00 INFO (6): ydadmin-ThinkPad-X220-Tablet serving lieferando.de.testing getting 94 cityIds for url /lieferservice-mettmann 
2012-10-24T17:37:18+02:00 INFO (6): ydadmin-ThinkPad-X220-Tablet serving lieferando.de.testing found 45 online and 5 offline services in #3009,3011,3012,3013,3014,3015,3016,3017,3018,3019,3020,3089,3091,3092,3093,3094,3095,3104,19232,19251,22143,22144,22145,22146,22148,22149,22150,22151,22152,22153,22154,22155,22156,22157,22158,22159,22160,22161,22162,22163,22295,25633,25634,25635,25643,25644,25645,25646,25647,31080,31536,31537,31538,31539,32186,33205,33209,33395,33396,33397,33398,35570,35571,35809,35810,35811,35813,35814,35815,35933,37793,37794,37795,37796,37797,37800,37803,37807,37808,37811,37812,37813,37814,37939,37940,37941,37943,37944,37945,37946,37947,37948,37949,38607 
2012-10-24T17:37:18+02:00 DEBUG (7): ydadmin-ThinkPad-X220-Tablet serving lieferando.de.testing SMARTY: rendering template order/basis/service.htm 
2012-10-24T17:38:06+02:00 INFO (6): ydadmin-ThinkPad-X220-Tablet serving lieferando.de.testing getting 94 cityIds for url /lieferservice-mettmann 
2012-10-24T17:38:06+02:00 INFO (6): ydadmin-ThinkPad-X220-Tablet serving lieferando.de.testing found 45 online and 5 offline services in #3009,3011,3012,3013,3014,3015,3016,3017,3018,3019,3020,3089,3091,3092,3093,3094,3095,3104,19232,19251,22143,22144,22145,22146,22148,22149,22150,22151,22152,22153,22154,22155,22156,22157,22158,22159,22160,22161,22162,22163,22295,25633,25634,25635,25643,25644,25645,25646,25647,31080,31536,31537,31538,31539,32186,33205,33209,33395,33396,33397,33398,35570,35571,35809,35810,35811,35813,35814,35815,35933,37793,37794,37795,37796,37797,37800,37803,37807,37808,37811,37812,37813,37814,37939,37940,37941,37943,37944,37945,37946,37947,37948,37949,38607 
2012-10-24T17:38:06+02:00 DEBUG (7): ydadmin-ThinkPad-X220-Tablet serving lieferando.de.testing SMARTY: rendering template order/basis/service.htm 
2012-10-24T17:38:08+02:00 DEBUG (7): ydadmin-ThinkPad-X220-Tablet serving lieferando.de.testing SMARTY: caching /home/ydadmin/htdocs/lieferando/application/../public/cache/html/www.yourdelivery.test/lieferservice-mettmann.html 
2012-10-24T17:39:17+02:00 INFO (6): ydadmin-ThinkPad-X220-Tablet serving lieferando.de.testing getting 94 cityIds for url /lieferservice-mettmann 
2012-10-24T17:39:17+02:00 INFO (6): ydadmin-ThinkPad-X220-Tablet serving lieferando.de.testing found 45 online and 5 offline services in #3009,3011,3012,3013,3014,3015,3016,3017,3018,3019,3020,3089,3091,3092,3093,3094,3095,3104,19232,19251,22143,22144,22145,22146,22148,22149,22150,22151,22152,22153,22154,22155,22156,22157,22158,22159,22160,22161,22162,22163,22295,25633,25634,25635,25643,25644,25645,25646,25647,31080,31536,31537,31538,31539,32186,33205,33209,33395,33396,33397,33398,35570,35571,35809,35810,35811,35813,35814,35815,35933,37793,37794,37795,37796,37797,37800,37803,37807,37808,37811,37812,37813,37814,37939,37940,37941,37943,37944,37945,37946,37947,37948,37949,38607 
2012-10-24T17:39:17+02:00 DEBUG (7): ydadmin-ThinkPad-X220-Tablet serving lieferando.de.testing SMARTY: rendering template order/basis/service.htm 
2012-10-24T17:39:19+02:00 DEBUG (7): ydadmin-ThinkPad-X220-Tablet serving lieferando.de.testing SMARTY: caching /home/ydadmin/htdocs/lieferando/application/../public/cache/html/www.yourdelivery.test/lieferservice-mettmann.html 
2012-10-24T17:39:21+02:00 DEBUG (7): ydadmin-ThinkPad-X220-Tablet serving lieferando.de.testing SMARTY: rendering template request/order/serviceinfo.htm 
2012-10-24T17:39:21+02:00 DEBUG (7): ydadmin-ThinkPad-X220-Tablet serving lieferando.de.testing SMARTY: caching /home/ydadmin/htdocs/lieferando/application/../public/cache/html/www.yourdelivery.test/request_order/serviceinfo/id/13885.html 
2012-10-24T17:40:36+02:00 DEBUG (7): ydadmin-ThinkPad-X220-Tablet serving lieferando.de.testing SMARTY: rendering template request/order/serviceinfo.htm 
2012-10-24T17:40:36+02:00 DEBUG (7): ydadmin-ThinkPad-X220-Tablet serving lieferando.de.testing SMARTY: caching /home/ydadmin/htdocs/lieferando/application/../public/cache/html/www.yourdelivery.test/request_order/serviceinfo/id/12362.html 
2012-10-24T17:40:43+02:00 INFO (6): ydadmin-ThinkPad-X220-Tablet serving lieferando.de.testing getting 94 cityIds for url /lieferservice-mettmann 
2012-10-24T17:40:43+02:00 INFO (6): ydadmin-ThinkPad-X220-Tablet serving lieferando.de.testing found 45 online and 5 offline services in #3009,3011,3012,3013,3014,3015,3016,3017,3018,3019,3020,3089,3091,3092,3093,3094,3095,3104,19232,19251,22143,22144,22145,22146,22148,22149,22150,22151,22152,22153,22154,22155,22156,22157,22158,22159,22160,22161,22162,22163,22295,25633,25634,25635,25643,25644,25645,25646,25647,31080,31536,31537,31538,31539,32186,33205,33209,33395,33396,33397,33398,35570,35571,35809,35810,35811,35813,35814,35815,35933,37793,37794,37795,37796,37797,37800,37803,37807,37808,37811,37812,37813,37814,37939,37940,37941,37943,37944,37945,37946,37947,37948,37949,38607 
2012-10-24T17:40:43+02:00 DEBUG (7): ydadmin-ThinkPad-X220-Tablet serving lieferando.de.testing SMARTY: rendering template order/basis/service.htm 
2012-10-24T17:40:45+02:00 DEBUG (7): ydadmin-ThinkPad-X220-Tablet serving lieferando.de.testing SMARTY: caching /home/ydadmin/htdocs/lieferando/application/../public/cache/html/www.yourdelivery.test/lieferservice-mettmann.html 
2012-10-24T17:41:39+02:00 INFO (6): ydadmin-ThinkPad-X220-Tablet serving lieferando.de.testing getting 94 cityIds for url /lieferservice-mettmann 
2012-10-24T17:41:39+02:00 INFO (6): ydadmin-ThinkPad-X220-Tablet serving lieferando.de.testing found 45 online and 5 offline services in #3009,3011,3012,3013,3014,3015,3016,3017,3018,3019,3020,3089,3091,3092,3093,3094,3095,3104,19232,19251,22143,22144,22145,22146,22148,22149,22150,22151,22152,22153,22154,22155,22156,22157,22158,22159,22160,22161,22162,22163,22295,25633,25634,25635,25643,25644,25645,25646,25647,31080,31536,31537,31538,31539,32186,33205,33209,33395,33396,33397,33398,35570,35571,35809,35810,35811,35813,35814,35815,35933,37793,37794,37795,37796,37797,37800,37803,37807,37808,37811,37812,37813,37814,37939,37940,37941,37943,37944,37945,37946,37947,37948,37949,38607 
2012-10-24T17:41:39+02:00 DEBUG (7): ydadmin-ThinkPad-X220-Tablet serving lieferando.de.testing SMARTY: rendering template order/basis/service.htm 
2012-10-24T17:41:41+02:00 DEBUG (7): ydadmin-ThinkPad-X220-Tablet serving lieferando.de.testing SMARTY: caching /home/ydadmin/htdocs/lieferando/application/../public/cache/html/www.yourdelivery.test/lieferservice-mettmann.html 
2012-10-24T17:41:42+02:00 DEBUG (7): ydadmin-ThinkPad-X220-Tablet serving lieferando.de.testing SMARTY: rendering template request/order/serviceinfo.htm 
2012-10-24T17:41:43+02:00 DEBUG (7): ydadmin-ThinkPad-X220-Tablet serving lieferando.de.testing SMARTY: caching /home/ydadmin/htdocs/lieferando/application/../public/cache/html/www.yourdelivery.test/request_order/serviceinfo/id/12362.html 
2012-10-24T17:42:07+02:00 INFO (6): ydadmin-ThinkPad-X220-Tablet serving lieferando.de.testing getting 94 cityIds for url /lieferservice-mettmann 
2012-10-24T17:42:07+02:00 INFO (6): ydadmin-ThinkPad-X220-Tablet serving lieferando.de.testing found 45 online and 5 offline services in #3009,3011,3012,3013,3014,3015,3016,3017,3018,3019,3020,3089,3091,3092,3093,3094,3095,3104,19232,19251,22143,22144,22145,22146,22148,22149,22150,22151,22152,22153,22154,22155,22156,22157,22158,22159,22160,22161,22162,22163,22295,25633,25634,25635,25643,25644,25645,25646,25647,31080,31536,31537,31538,31539,32186,33205,33209,33395,33396,33397,33398,35570,35571,35809,35810,35811,35813,35814,35815,35933,37793,37794,37795,37796,37797,37800,37803,37807,37808,37811,37812,37813,37814,37939,37940,37941,37943,37944,37945,37946,37947,37948,37949,38607 
2012-10-24T17:42:07+02:00 DEBUG (7): ydadmin-ThinkPad-X220-Tablet serving lieferando.de.testing SMARTY: rendering template order/basis/service.htm 
2012-10-24T17:42:08+02:00 DEBUG (7): ydadmin-ThinkPad-X220-Tablet serving lieferando.de.testing SMARTY: caching /home/ydadmin/htdocs/lieferando/application/../public/cache/html/www.yourdelivery.test/lieferservice-mettmann.html 
