2012-09-07T14:42:10+02:00 DEBUG (7): ydadmin-ThinkPad-X220-Tablet serving lieferando.de.testing SMARTY: rendering template index/index.htm 
2012-09-07T14:42:10+02:00 DEBUG (7): ydadmin-ThinkPad-X220-Tablet serving lieferando.de.testing SMARTY: caching /home/ydadmin/htdocs/lieferando/application/../public/cache/html/www.yourdelivery.local/index.html 
2012-09-07T14:43:12+02:00 INFO (6): ydadmin-ThinkPad-X220-Tablet serving lieferando.de.testing found 146 online and 13 offline services in #645 
2012-09-07T14:43:12+02:00 DEBUG (7): ydadmin-ThinkPad-X220-Tablet serving lieferando.de.testing SMARTY: rendering template order/basis/service.htm 
2012-09-07T14:43:24+02:00 DEBUG (7): ydadmin-ThinkPad-X220-Tablet serving lieferando.de.testing SMARTY: caching /home/ydadmin/htdocs/lieferando/application/../public/cache/html/www.yourdelivery.local/lieferservice-berlin-10117.html 
2012-09-07T15:55:30+02:00 INFO (6): ydadmin-ThinkPad-X220-Tablet serving lieferando.de.testing getting 1 cityIds for url /lieferservice-au 
2012-09-07T15:55:30+02:00 INFO (6): ydadmin-ThinkPad-X220-Tablet serving lieferando.de.testing found 7 online and 0 offline services in #5803 
2012-09-07T15:55:30+02:00 DEBUG (7): ydadmin-ThinkPad-X220-Tablet serving lieferando.de.testing SMARTY: rendering template order/basis/service.htm 
2012-09-07T15:55:32+02:00 DEBUG (7): ydadmin-ThinkPad-X220-Tablet serving lieferando.de.testing SMARTY: caching /home/ydadmin/htdocs/lieferando/application/../public/cache/html/www.yourdelivery.local/lieferservice-au.html 
2012-09-07T15:56:41+02:00 DEBUG (7): ydadmin-ThinkPad-X220-Tablet serving lieferando.de.testing SMARTY: rendering template index/index.htm 
2012-09-07T15:56:42+02:00 DEBUG (7): ydadmin-ThinkPad-X220-Tablet serving lieferando.de.testing SMARTY: caching /home/ydadmin/htdocs/lieferando/application/../public/cache/html/www.yourdelivery.local/index.html 
2012-09-07T15:56:53+02:00 DEBUG (7): ydadmin-ThinkPad-X220-Tablet serving lieferando.de.testing SMARTY: rendering template request/order/serviceinfo.htm 
2012-09-07T15:56:53+02:00 DEBUG (7): ydadmin-ThinkPad-X220-Tablet serving lieferando.de.testing SMARTY: caching /home/ydadmin/htdocs/lieferando/application/../public/cache/html/www.yourdelivery.local/request_order/serviceinfo/id/14234.html 
2012-09-07T15:57:34+02:00 INFO (6): ydadmin-ThinkPad-X220-Tablet serving lieferando.de.testing getting 1 cityIds for url /lieferservice-au 
2012-09-07T15:57:34+02:00 INFO (6): ydadmin-ThinkPad-X220-Tablet serving lieferando.de.testing found 7 online and 0 offline services in #5803 
2012-09-07T15:57:34+02:00 DEBUG (7): ydadmin-ThinkPad-X220-Tablet serving lieferando.de.testing SMARTY: rendering template order/basis/service.htm 
2012-09-07T15:57:36+02:00 DEBUG (7): ydadmin-ThinkPad-X220-Tablet serving lieferando.de.testing SMARTY: caching /home/ydadmin/htdocs/lieferando/application/../public/cache/html/www.yourdelivery.local/lieferservice-au.html 
2012-09-07T15:58:19+02:00 INFO (6): ydadmin-ThinkPad-X220-Tablet serving lieferando.de.testing getting 1 cityIds for url /lieferservice-au 
2012-09-07T15:58:19+02:00 INFO (6): ydadmin-ThinkPad-X220-Tablet serving lieferando.de.testing found 7 online and 0 offline services in #5803 
2012-09-07T15:58:19+02:00 DEBUG (7): ydadmin-ThinkPad-X220-Tablet serving lieferando.de.testing SMARTY: rendering template order/basis/service.htm 
2012-09-07T15:58:20+02:00 DEBUG (7): ydadmin-ThinkPad-X220-Tablet serving lieferando.de.testing SMARTY: caching /home/ydadmin/htdocs/lieferando/application/../public/cache/html/www.yourdelivery.local/lieferservice-au.html 
2012-09-07T15:58:56+02:00 INFO (6): ydadmin-ThinkPad-X220-Tablet serving lieferando.de.testing getting 1 cityIds for url /lieferservice-au 
2012-09-07T15:58:57+02:00 INFO (6): ydadmin-ThinkPad-X220-Tablet serving lieferando.de.testing found 7 online and 0 offline services in #5803 
2012-09-07T15:58:57+02:00 DEBUG (7): ydadmin-ThinkPad-X220-Tablet serving lieferando.de.testing SMARTY: rendering template order/basis/service.htm 
2012-09-07T15:58:58+02:00 DEBUG (7): ydadmin-ThinkPad-X220-Tablet serving lieferando.de.testing SMARTY: caching /home/ydadmin/htdocs/lieferando/application/../public/cache/html/www.yourdelivery.local/lieferservice-au.html 
2012-09-07T15:59:39+02:00 DEBUG (7): ydadmin-ThinkPad-X220-Tablet serving lieferando.de.testing SMARTY: rendering template request/order/serviceinfo.htm 
2012-09-07T15:59:39+02:00 DEBUG (7): ydadmin-ThinkPad-X220-Tablet serving lieferando.de.testing SMARTY: caching /home/ydadmin/htdocs/lieferando/application/../public/cache/html/www.yourdelivery.local/request_order/serviceinfo/id/15327.html 
2012-09-07T15:59:40+02:00 INFO (6): ydadmin-ThinkPad-X220-Tablet serving lieferando.de.testing getting 1 cityIds for url /lieferservice-au 
2012-09-07T15:59:40+02:00 INFO (6): ydadmin-ThinkPad-X220-Tablet serving lieferando.de.testing found 7 online and 0 offline services in #5803 
2012-09-07T15:59:40+02:00 DEBUG (7): ydadmin-ThinkPad-X220-Tablet serving lieferando.de.testing SMARTY: rendering template order/basis/service.htm 
2012-09-07T15:59:41+02:00 DEBUG (7): ydadmin-ThinkPad-X220-Tablet serving lieferando.de.testing SMARTY: caching /home/ydadmin/htdocs/lieferando/application/../public/cache/html/www.yourdelivery.local/lieferservice-au.html 
2012-09-07T15:59:45+02:00 DEBUG (7): ydadmin-ThinkPad-X220-Tablet serving lieferando.de.testing SMARTY: rendering template request/order/serviceinfo.htm 
2012-09-07T15:59:45+02:00 DEBUG (7): ydadmin-ThinkPad-X220-Tablet serving lieferando.de.testing SMARTY: caching /home/ydadmin/htdocs/lieferando/application/../public/cache/html/www.yourdelivery.local/request_order/serviceinfo/id/14234.html 
2012-09-07T16:00:54+02:00 INFO (6): ydadmin-ThinkPad-X220-Tablet serving lieferando.de.testing getting 1 cityIds for url /lieferservice-au 
2012-09-07T16:00:54+02:00 INFO (6): ydadmin-ThinkPad-X220-Tablet serving lieferando.de.testing found 7 online and 0 offline services in #5803 
2012-09-07T16:00:54+02:00 DEBUG (7): ydadmin-ThinkPad-X220-Tablet serving lieferando.de.testing SMARTY: rendering template order/basis/service.htm 
2012-09-07T16:00:56+02:00 DEBUG (7): ydadmin-ThinkPad-X220-Tablet serving lieferando.de.testing SMARTY: caching /home/ydadmin/htdocs/lieferando/application/../public/cache/html/www.yourdelivery.local/lieferservice-au.html 
2012-09-07T16:02:30+02:00 INFO (6): ydadmin-ThinkPad-X220-Tablet serving lieferando.de.testing getting 1 cityIds for url /lieferservice-au 
2012-09-07T16:02:30+02:00 INFO (6): ydadmin-ThinkPad-X220-Tablet serving lieferando.de.testing found 7 online and 0 offline services in #5803 
2012-09-07T16:02:30+02:00 DEBUG (7): ydadmin-ThinkPad-X220-Tablet serving lieferando.de.testing SMARTY: rendering template order/basis/service.htm 
2012-09-07T16:02:31+02:00 DEBUG (7): ydadmin-ThinkPad-X220-Tablet serving lieferando.de.testing SMARTY: caching /home/ydadmin/htdocs/lieferando/application/../public/cache/html/www.yourdelivery.local/lieferservice-au.html 
2012-09-07T16:02:34+02:00 DEBUG (7): ydadmin-ThinkPad-X220-Tablet serving lieferando.de.testing SMARTY: rendering template request/order/serviceinfo.htm 
2012-09-07T16:02:34+02:00 DEBUG (7): ydadmin-ThinkPad-X220-Tablet serving lieferando.de.testing SMARTY: caching /home/ydadmin/htdocs/lieferando/application/../public/cache/html/www.yourdelivery.local/request_order/serviceinfo/id/17182.html 
2012-09-07T16:03:13+02:00 DEBUG (7): ydadmin-ThinkPad-X220-Tablet serving lieferando.de.testing SMARTY: rendering template request/order/serviceinfo.htm 
2012-09-07T16:03:13+02:00 DEBUG (7): ydadmin-ThinkPad-X220-Tablet serving lieferando.de.testing SMARTY: caching /home/ydadmin/htdocs/lieferando/application/../public/cache/html/www.yourdelivery.local/request_order/serviceinfo/id/15322.html 
2012-09-07T16:03:14+02:00 INFO (6): ydadmin-ThinkPad-X220-Tablet serving lieferando.de.testing getting 1 cityIds for url /lieferservice-au 
2012-09-07T16:03:14+02:00 INFO (6): ydadmin-ThinkPad-X220-Tablet serving lieferando.de.testing found 7 online and 0 offline services in #5803 
2012-09-07T16:03:14+02:00 DEBUG (7): ydadmin-ThinkPad-X220-Tablet serving lieferando.de.testing SMARTY: rendering template order/basis/service.htm 
2012-09-07T16:03:16+02:00 DEBUG (7): ydadmin-ThinkPad-X220-Tablet serving lieferando.de.testing SMARTY: caching /home/ydadmin/htdocs/lieferando/application/../public/cache/html/www.yourdelivery.local/lieferservice-au.html 
2012-09-07T16:04:37+02:00 INFO (6): ydadmin-ThinkPad-X220-Tablet serving lieferando.de.testing getting 1 cityIds for url /lieferservice-au 
2012-09-07T16:04:37+02:00 INFO (6): ydadmin-ThinkPad-X220-Tablet serving lieferando.de.testing found 7 online and 0 offline services in #5803 
2012-09-07T16:04:37+02:00 DEBUG (7): ydadmin-ThinkPad-X220-Tablet serving lieferando.de.testing SMARTY: rendering template order/basis/service.htm 
2012-09-07T16:04:39+02:00 DEBUG (7): ydadmin-ThinkPad-X220-Tablet serving lieferando.de.testing SMARTY: caching /home/ydadmin/htdocs/lieferando/application/../public/cache/html/www.yourdelivery.local/lieferservice-au.html 
2012-09-07T16:11:25+02:00 INFO (6): ydadmin-ThinkPad-X220-Tablet serving lieferando.de.testing getting 1 cityIds for url /lieferservice-au 
2012-09-07T16:11:25+02:00 INFO (6): ydadmin-ThinkPad-X220-Tablet serving lieferando.de.testing found 7 online and 0 offline services in #5803 
2012-09-07T16:11:25+02:00 DEBUG (7): ydadmin-ThinkPad-X220-Tablet serving lieferando.de.testing SMARTY: rendering template order/basis/service.htm 
2012-09-07T16:11:26+02:00 DEBUG (7): ydadmin-ThinkPad-X220-Tablet serving lieferando.de.testing SMARTY: caching /home/ydadmin/htdocs/lieferando/application/../public/cache/html/www.yourdelivery.local/lieferservice-au.html 
2012-09-07T16:11:54+02:00 INFO (6): ydadmin-ThinkPad-X220-Tablet serving lieferando.de.testing getting 1 cityIds for url /lieferservice-au 
2012-09-07T16:11:54+02:00 INFO (6): ydadmin-ThinkPad-X220-Tablet serving lieferando.de.testing found 7 online and 0 offline services in #5803 
2012-09-07T16:11:54+02:00 DEBUG (7): ydadmin-ThinkPad-X220-Tablet serving lieferando.de.testing SMARTY: rendering template order/basis/service.htm 
2012-09-07T16:11:55+02:00 DEBUG (7): ydadmin-ThinkPad-X220-Tablet serving lieferando.de.testing SMARTY: caching /home/ydadmin/htdocs/lieferando/application/../public/cache/html/www.yourdelivery.local/lieferservice-au.html 
2012-09-07T16:12:52+02:00 INFO (6): ydadmin-ThinkPad-X220-Tablet serving lieferando.de.testing getting 1 cityIds for url /lieferservice-au 
2012-09-07T16:12:52+02:00 INFO (6): ydadmin-ThinkPad-X220-Tablet serving lieferando.de.testing found 7 online and 0 offline services in #5803 
2012-09-07T16:12:52+02:00 DEBUG (7): ydadmin-ThinkPad-X220-Tablet serving lieferando.de.testing SMARTY: rendering template order/basis/service.htm 
2012-09-07T16:12:54+02:00 DEBUG (7): ydadmin-ThinkPad-X220-Tablet serving lieferando.de.testing SMARTY: caching /home/ydadmin/htdocs/lieferando/application/../public/cache/html/www.yourdelivery.local/lieferservice-au.html 
2012-09-07T16:13:54+02:00 INFO (6): ydadmin-ThinkPad-X220-Tablet serving lieferando.de.testing getting 1 cityIds for url /lieferservice-au 
2012-09-07T16:14:06+02:00 INFO (6): ydadmin-ThinkPad-X220-Tablet serving lieferando.de.testing getting 1 cityIds for url /lieferservice-au 
2012-09-07T16:14:06+02:00 INFO (6): ydadmin-ThinkPad-X220-Tablet serving lieferando.de.testing found 7 online and 0 offline services in #5803 
2012-09-07T16:14:06+02:00 DEBUG (7): ydadmin-ThinkPad-X220-Tablet serving lieferando.de.testing SMARTY: rendering template order/basis/service.htm 
2012-09-07T16:14:08+02:00 DEBUG (7): ydadmin-ThinkPad-X220-Tablet serving lieferando.de.testing SMARTY: caching /home/ydadmin/htdocs/lieferando/application/../public/cache/html/www.yourdelivery.local/lieferservice-au.html 
2012-09-07T16:14:33+02:00 INFO (6): ydadmin-ThinkPad-X220-Tablet serving lieferando.de.testing getting 1 cityIds for url /lieferservice-au 
2012-09-07T16:14:33+02:00 INFO (6): ydadmin-ThinkPad-X220-Tablet serving lieferando.de.testing found 7 online and 0 offline services in #5803 
2012-09-07T16:14:33+02:00 DEBUG (7): ydadmin-ThinkPad-X220-Tablet serving lieferando.de.testing SMARTY: rendering template order/basis/service.htm 
2012-09-07T16:14:35+02:00 DEBUG (7): ydadmin-ThinkPad-X220-Tablet serving lieferando.de.testing SMARTY: caching /home/ydadmin/htdocs/lieferando/application/../public/cache/html/www.yourdelivery.local/lieferservice-au.html 
2012-09-07T16:15:17+02:00 INFO (6): ydadmin-ThinkPad-X220-Tablet serving lieferando.de.testing getting 1 cityIds for url /lieferservice-au 
2012-09-07T16:15:17+02:00 INFO (6): ydadmin-ThinkPad-X220-Tablet serving lieferando.de.testing found 7 online and 0 offline services in #5803 
2012-09-07T16:15:17+02:00 DEBUG (7): ydadmin-ThinkPad-X220-Tablet serving lieferando.de.testing SMARTY: rendering template order/basis/service.htm 
2012-09-07T16:15:19+02:00 DEBUG (7): ydadmin-ThinkPad-X220-Tablet serving lieferando.de.testing SMARTY: caching /home/ydadmin/htdocs/lieferando/application/../public/cache/html/www.yourdelivery.local/lieferservice-au.html 
2012-09-07T16:22:54+02:00 INFO (6): ydadmin-ThinkPad-X220-Tablet serving lieferando.de.testing getting 1 cityIds for url /lieferservice-au 
2012-09-07T16:22:54+02:00 INFO (6): ydadmin-ThinkPad-X220-Tablet serving lieferando.de.testing found 7 online and 0 offline services in #5803 
2012-09-07T16:22:54+02:00 DEBUG (7): ydadmin-ThinkPad-X220-Tablet serving lieferando.de.testing SMARTY: rendering template order/basis/service.htm 
2012-09-07T16:22:56+02:00 DEBUG (7): ydadmin-ThinkPad-X220-Tablet serving lieferando.de.testing SMARTY: caching /home/ydadmin/htdocs/lieferando/application/../public/cache/html/www.yourdelivery.local/lieferservice-au.html 
2012-09-07T16:23:14+02:00 INFO (6): ydadmin-ThinkPad-X220-Tablet serving lieferando.de.testing getting 1 cityIds for url /lieferservice-au 
2012-09-07T16:23:14+02:00 INFO (6): ydadmin-ThinkPad-X220-Tablet serving lieferando.de.testing found 7 online and 0 offline services in #5803 
2012-09-07T16:23:14+02:00 DEBUG (7): ydadmin-ThinkPad-X220-Tablet serving lieferando.de.testing SMARTY: rendering template order/basis/service.htm 
2012-09-07T16:23:16+02:00 DEBUG (7): ydadmin-ThinkPad-X220-Tablet serving lieferando.de.testing SMARTY: caching /home/ydadmin/htdocs/lieferando/application/../public/cache/html/www.yourdelivery.local/lieferservice-au.html 
2012-09-07T16:24:12+02:00 DEBUG (7): ydadmin-ThinkPad-X220-Tablet serving lieferando.de.testing SMARTY: rendering template request/order/serviceinfo.htm 
2012-09-07T16:24:12+02:00 DEBUG (7): ydadmin-ThinkPad-X220-Tablet serving lieferando.de.testing SMARTY: caching /home/ydadmin/htdocs/lieferando/application/../public/cache/html/www.yourdelivery.local/request_order/serviceinfo/id/15322.html 
2012-09-07T16:24:13+02:00 INFO (6): ydadmin-ThinkPad-X220-Tablet serving lieferando.de.testing getting 1 cityIds for url /lieferservice-au 
2012-09-07T16:24:13+02:00 INFO (6): ydadmin-ThinkPad-X220-Tablet serving lieferando.de.testing found 7 online and 0 offline services in #5803 
2012-09-07T16:24:13+02:00 DEBUG (7): ydadmin-ThinkPad-X220-Tablet serving lieferando.de.testing SMARTY: rendering template order/basis/service.htm 
2012-09-07T16:24:15+02:00 DEBUG (7): ydadmin-ThinkPad-X220-Tablet serving lieferando.de.testing SMARTY: caching /home/ydadmin/htdocs/lieferando/application/../public/cache/html/www.yourdelivery.local/lieferservice-au.html 
2012-09-07T16:27:48+02:00 INFO (6): ydadmin-ThinkPad-X220-Tablet serving lieferando.de.testing getting 1 cityIds for url /lieferservice-au 
2012-09-07T16:27:48+02:00 INFO (6): ydadmin-ThinkPad-X220-Tablet serving lieferando.de.testing found 7 online and 0 offline services in #5803 
2012-09-07T16:27:48+02:00 DEBUG (7): ydadmin-ThinkPad-X220-Tablet serving lieferando.de.testing SMARTY: rendering template order/basis/service.htm 
2012-09-07T16:27:49+02:00 DEBUG (7): ydadmin-ThinkPad-X220-Tablet serving lieferando.de.testing SMARTY: caching /home/ydadmin/htdocs/lieferando/application/../public/cache/html/www.yourdelivery.local/lieferservice-au.html 
2012-09-07T16:28:15+02:00 DEBUG (7): ydadmin-ThinkPad-X220-Tablet serving lieferando.de.testing SMARTY: rendering template request/order/serviceinfo.htm 
2012-09-07T16:28:15+02:00 DEBUG (7): ydadmin-ThinkPad-X220-Tablet serving lieferando.de.testing SMARTY: caching /home/ydadmin/htdocs/lieferando/application/../public/cache/html/www.yourdelivery.local/request_order/serviceinfo/id/14243.html 
2012-09-07T16:28:16+02:00 DEBUG (7): ydadmin-ThinkPad-X220-Tablet serving lieferando.de.testing SMARTY: rendering template request/order/serviceinfo.htm 
2012-09-07T16:28:16+02:00 DEBUG (7): ydadmin-ThinkPad-X220-Tablet serving lieferando.de.testing SMARTY: caching /home/ydadmin/htdocs/lieferando/application/../public/cache/html/www.yourdelivery.local/request_order/serviceinfo/id/13944.html 
2012-09-07T16:28:20+02:00 INFO (6): ydadmin-ThinkPad-X220-Tablet serving lieferando.de.testing found 129 online and 12 offline services in #644 
2012-09-07T16:28:20+02:00 DEBUG (7): ydadmin-ThinkPad-X220-Tablet serving lieferando.de.testing SMARTY: rendering template order/basis/service.htm 
2012-09-07T16:28:28+02:00 DEBUG (7): ydadmin-ThinkPad-X220-Tablet serving lieferando.de.testing SMARTY: caching /home/ydadmin/htdocs/lieferando/application/../public/cache/html/www.yourdelivery.local/lieferservice-berlin-10115.html 
2012-09-07T16:28:31+02:00 DEBUG (7): ydadmin-ThinkPad-X220-Tablet serving lieferando.de.testing SMARTY: rendering template request/order/serviceinfo.htm 
2012-09-07T16:28:31+02:00 DEBUG (7): ydadmin-ThinkPad-X220-Tablet serving lieferando.de.testing SMARTY: caching /home/ydadmin/htdocs/lieferando/application/../public/cache/html/www.yourdelivery.local/request_order/serviceinfo/id/13177.html 
2012-09-07T16:32:36+02:00 INFO (6): ydadmin-ThinkPad-X220-Tablet serving lieferando.de.testing found 129 online and 12 offline services in #644 
2012-09-07T16:32:36+02:00 DEBUG (7): ydadmin-ThinkPad-X220-Tablet serving lieferando.de.testing SMARTY: rendering template order/basis/service.htm 
2012-09-07T16:32:41+02:00 DEBUG (7): ydadmin-ThinkPad-X220-Tablet serving lieferando.de.testing SMARTY: caching /home/ydadmin/htdocs/lieferando/application/../public/cache/html/www.yourdelivery.local/lieferservice-berlin-10115.html 
2012-09-07T16:35:10+02:00 INFO (6): ydadmin-ThinkPad-X220-Tablet serving lieferando.de.testing found 129 online and 12 offline services in #644 
2012-09-07T16:35:10+02:00 DEBUG (7): ydadmin-ThinkPad-X220-Tablet serving lieferando.de.testing SMARTY: rendering template order/basis/service.htm 
2012-09-07T16:35:15+02:00 DEBUG (7): ydadmin-ThinkPad-X220-Tablet serving lieferando.de.testing SMARTY: caching /home/ydadmin/htdocs/lieferando/application/../public/cache/html/www.yourdelivery.local/lieferservice-berlin-10115.html 
2012-09-07T16:35:19+02:00 DEBUG (7): ydadmin-ThinkPad-X220-Tablet serving lieferando.de.testing SMARTY: rendering template request/order/serviceinfo.htm 
2012-09-07T16:35:19+02:00 DEBUG (7): ydadmin-ThinkPad-X220-Tablet serving lieferando.de.testing SMARTY: caching /home/ydadmin/htdocs/lieferando/application/../public/cache/html/www.yourdelivery.local/request_order/serviceinfo/id/12492.html 
2012-09-07T16:35:33+02:00 INFO (6): ydadmin-ThinkPad-X220-Tablet serving lieferando.de.testing found 129 online and 12 offline services in #644 
2012-09-07T16:35:33+02:00 DEBUG (7): ydadmin-ThinkPad-X220-Tablet serving lieferando.de.testing SMARTY: rendering template order/basis/service.htm 
2012-09-07T16:35:38+02:00 DEBUG (7): ydadmin-ThinkPad-X220-Tablet serving lieferando.de.testing SMARTY: caching /home/ydadmin/htdocs/lieferando/application/../public/cache/html/www.yourdelivery.local/lieferservice-berlin-10115.html 
2012-09-07T16:38:28+02:00 INFO (6): ydadmin-ThinkPad-X220-Tablet serving lieferando.de.testing found 129 online and 12 offline services in #644 
2012-09-07T16:38:28+02:00 DEBUG (7): ydadmin-ThinkPad-X220-Tablet serving lieferando.de.testing SMARTY: rendering template order/basis/service.htm 
2012-09-07T16:38:33+02:00 DEBUG (7): ydadmin-ThinkPad-X220-Tablet serving lieferando.de.testing SMARTY: caching /home/ydadmin/htdocs/lieferando/application/../public/cache/html/www.yourdelivery.local/lieferservice-berlin-10115.html 
2012-09-07T16:39:25+02:00 INFO (6): ydadmin-ThinkPad-X220-Tablet serving lieferando.de.testing found 129 online and 12 offline services in #644 
2012-09-07T16:39:25+02:00 DEBUG (7): ydadmin-ThinkPad-X220-Tablet serving lieferando.de.testing SMARTY: rendering template order/basis/service.htm 
2012-09-07T16:39:29+02:00 DEBUG (7): ydadmin-ThinkPad-X220-Tablet serving lieferando.de.testing SMARTY: caching /home/ydadmin/htdocs/lieferando/application/../public/cache/html/www.yourdelivery.local/lieferservice-berlin-10115.html 
2012-09-07T16:40:43+02:00 INFO (6): ydadmin-ThinkPad-X220-Tablet serving lieferando.de.testing found 129 online and 12 offline services in #644 
2012-09-07T16:40:43+02:00 DEBUG (7): ydadmin-ThinkPad-X220-Tablet serving lieferando.de.testing SMARTY: rendering template order/basis/service.htm 
2012-09-07T16:40:47+02:00 DEBUG (7): ydadmin-ThinkPad-X220-Tablet serving lieferando.de.testing SMARTY: caching /home/ydadmin/htdocs/lieferando/application/../public/cache/html/www.yourdelivery.local/lieferservice-berlin-10115.html 
2012-09-07T16:41:21+02:00 DEBUG (7): ydadmin-ThinkPad-X220-Tablet serving lieferando.de.testing SMARTY: rendering template request/order/serviceinfo.htm 
2012-09-07T16:41:21+02:00 DEBUG (7): ydadmin-ThinkPad-X220-Tablet serving lieferando.de.testing SMARTY: caching /home/ydadmin/htdocs/lieferando/application/../public/cache/html/www.yourdelivery.local/request_order/serviceinfo/id/12291.html 
2012-09-07T16:41:26+02:00 INFO (6): ydadmin-ThinkPad-X220-Tablet serving lieferando.de.testing found 129 online and 12 offline services in #644 
2012-09-07T16:41:26+02:00 DEBUG (7): ydadmin-ThinkPad-X220-Tablet serving lieferando.de.testing SMARTY: rendering template order/basis/service.htm 
2012-09-07T16:41:31+02:00 DEBUG (7): ydadmin-ThinkPad-X220-Tablet serving lieferando.de.testing SMARTY: caching /home/ydadmin/htdocs/lieferando/application/../public/cache/html/www.yourdelivery.local/lieferservice-berlin-10115.html 
2012-09-07T16:44:31+02:00 INFO (6): ydadmin-ThinkPad-X220-Tablet serving lieferando.de.testing getting 1 cityIds for url /lieferservice-au 
2012-09-07T16:44:31+02:00 INFO (6): ydadmin-ThinkPad-X220-Tablet serving lieferando.de.testing found 7 online and 0 offline services in #5803 
2012-09-07T16:44:31+02:00 DEBUG (7): ydadmin-ThinkPad-X220-Tablet serving lieferando.de.testing SMARTY: rendering template order/basis/service.htm 
2012-09-07T16:44:32+02:00 DEBUG (7): ydadmin-ThinkPad-X220-Tablet serving lieferando.de.testing SMARTY: rendering template request/order/serviceinfo.htm 
2012-09-07T16:44:32+02:00 DEBUG (7): ydadmin-ThinkPad-X220-Tablet serving lieferando.de.testing SMARTY: caching /home/ydadmin/htdocs/lieferando/application/../public/cache/html/www.yourdelivery.local/request_order/serviceinfo/id/13135.html 
2012-09-07T16:44:33+02:00 DEBUG (7): ydadmin-ThinkPad-X220-Tablet serving lieferando.de.testing SMARTY: caching /home/ydadmin/htdocs/lieferando/application/../public/cache/html/www.yourdelivery.local/lieferservice-au.html 
2012-09-07T16:46:51+02:00 DEBUG (7): ydadmin-ThinkPad-X220-Tablet serving lieferando.de.testing SMARTY: rendering template request/order/serviceinfo.htm 
2012-09-07T16:46:51+02:00 DEBUG (7): ydadmin-ThinkPad-X220-Tablet serving lieferando.de.testing SMARTY: caching /home/ydadmin/htdocs/lieferando/application/../public/cache/html/www.yourdelivery.local/request_order/serviceinfo/id/14237.html 
2012-09-07T16:46:54+02:00 INFO (6): ydadmin-ThinkPad-X220-Tablet serving lieferando.de.testing getting 140 cityIds for url /lieferservice-aachen 
2012-09-07T16:46:54+02:00 INFO (6): ydadmin-ThinkPad-X220-Tablet serving lieferando.de.testing found 49 online and 3 offline services in #3609,3610,3611,3612,3613,3614,3615,3616,3617,3618,3619,3620,3621,3622,3623,3624,3625,3626,3627,3646,3647,16495,16496,16497,16498,16499,16500,16501,16502,16503,16504,16505,16506,21055,21056,21057,21068,21069,21070,21071,21072,21073,21074,21075,21076,21077,21078,21079,21080,21081,21082,21083,21084,21085,21086,23237,24248,31101,31103,31105,31106,31108,31111,31112,31113,31114,31115,31117,31118,31119,31120,31121,31122,31125,31127,31128,31129,31130,31131,32037,32038,32039,32040,32175,32176,32177,32178,32179,32180,32181,32446,32447,32499,32501,32502,32503,32504,33434,33435,33436,33437,33438,33439,33440,33621,33622,33623,33624,33625,33628,33885,34562,34563,35989,37511,37512,37513,37514,37515,37516,37517,37518,37519,37520,37521,38112,38259,38392,38395,38399,38405,38406,38407,38408,38409,38410,38411,38412,38413,38452 
2012-09-07T16:46:54+02:00 DEBUG (7): ydadmin-ThinkPad-X220-Tablet serving lieferando.de.testing SMARTY: rendering template order/basis/service.htm 
2012-09-07T16:46:59+02:00 DEBUG (7): ydadmin-ThinkPad-X220-Tablet serving lieferando.de.testing SMARTY: caching /home/ydadmin/htdocs/lieferando/application/../public/cache/html/www.yourdelivery.local/lieferservice-aachen.html 
2012-09-07T16:47:31+02:00 INFO (6): ydadmin-ThinkPad-X220-Tablet serving lieferando.de.testing getting 140 cityIds for url /lieferservice-aachen 
2012-09-07T16:47:32+02:00 INFO (6): ydadmin-ThinkPad-X220-Tablet serving lieferando.de.testing found 49 online and 3 offline services in #3609,3610,3611,3612,3613,3614,3615,3616,3617,3618,3619,3620,3621,3622,3623,3624,3625,3626,3627,3646,3647,16495,16496,16497,16498,16499,16500,16501,16502,16503,16504,16505,16506,21055,21056,21057,21068,21069,21070,21071,21072,21073,21074,21075,21076,21077,21078,21079,21080,21081,21082,21083,21084,21085,21086,23237,24248,31101,31103,31105,31106,31108,31111,31112,31113,31114,31115,31117,31118,31119,31120,31121,31122,31125,31127,31128,31129,31130,31131,32037,32038,32039,32040,32175,32176,32177,32178,32179,32180,32181,32446,32447,32499,32501,32502,32503,32504,33434,33435,33436,33437,33438,33439,33440,33621,33622,33623,33624,33625,33628,33885,34562,34563,35989,37511,37512,37513,37514,37515,37516,37517,37518,37519,37520,37521,38112,38259,38392,38395,38399,38405,38406,38407,38408,38409,38410,38411,38412,38413,38452 
2012-09-07T16:47:32+02:00 DEBUG (7): ydadmin-ThinkPad-X220-Tablet serving lieferando.de.testing SMARTY: rendering template order/basis/service.htm 
2012-09-07T16:47:34+02:00 DEBUG (7): ydadmin-ThinkPad-X220-Tablet serving lieferando.de.testing SMARTY: caching /home/ydadmin/htdocs/lieferando/application/../public/cache/html/www.yourdelivery.local/lieferservice-aachen.html 
2012-09-07T16:47:55+02:00 INFO (6): ydadmin-ThinkPad-X220-Tablet serving lieferando.de.testing found 26 online and 1 offline services in #3613 
2012-09-07T16:47:55+02:00 DEBUG (7): ydadmin-ThinkPad-X220-Tablet serving lieferando.de.testing SMARTY: rendering template order/basis/service.htm 
2012-09-07T16:47:56+02:00 DEBUG (7): ydadmin-ThinkPad-X220-Tablet serving lieferando.de.testing SMARTY: caching /home/ydadmin/htdocs/lieferando/application/../public/cache/html/www.yourdelivery.local/lieferservice-aachen-52070.html 
2012-09-07T16:48:16+02:00 INFO (6): ydadmin-ThinkPad-X220-Tablet serving lieferando.de.testing found 26 online and 1 offline services in #3613 
2012-09-07T16:48:16+02:00 DEBUG (7): ydadmin-ThinkPad-X220-Tablet serving lieferando.de.testing SMARTY: rendering template order/basis/service.htm 
2012-09-07T16:48:19+02:00 DEBUG (7): ydadmin-ThinkPad-X220-Tablet serving lieferando.de.testing SMARTY: caching /home/ydadmin/htdocs/lieferando/application/../public/cache/html/www.yourdelivery.local/lieferservice-aachen-52070.html 
2012-09-07T16:49:00+02:00 INFO (6): ydadmin-ThinkPad-X220-Tablet serving lieferando.de.testing found 26 online and 1 offline services in #3613 
2012-09-07T16:49:00+02:00 DEBUG (7): ydadmin-ThinkPad-X220-Tablet serving lieferando.de.testing SMARTY: rendering template order/basis/service.htm 
2012-09-07T16:49:02+02:00 DEBUG (7): ydadmin-ThinkPad-X220-Tablet serving lieferando.de.testing SMARTY: caching /home/ydadmin/htdocs/lieferando/application/../public/cache/html/www.yourdelivery.local/lieferservice-aachen-52070.html 
2012-09-07T16:49:58+02:00 INFO (6): ydadmin-ThinkPad-X220-Tablet serving lieferando.de.testing found 26 online and 1 offline services in #3613 
2012-09-07T16:49:58+02:00 DEBUG (7): ydadmin-ThinkPad-X220-Tablet serving lieferando.de.testing SMARTY: rendering template order/basis/service.htm 
2012-09-07T16:50:00+02:00 DEBUG (7): ydadmin-ThinkPad-X220-Tablet serving lieferando.de.testing SMARTY: caching /home/ydadmin/htdocs/lieferando/application/../public/cache/html/www.yourdelivery.local/lieferservice-aachen-52070.html 
2012-09-07T16:50:12+02:00 DEBUG (7): ydadmin-ThinkPad-X220-Tablet serving lieferando.de.testing SMARTY: rendering template request/order/serviceinfo.htm 
2012-09-07T16:50:12+02:00 DEBUG (7): ydadmin-ThinkPad-X220-Tablet serving lieferando.de.testing SMARTY: caching /home/ydadmin/htdocs/lieferando/application/../public/cache/html/www.yourdelivery.local/request_order/serviceinfo/id/19453.html 
2012-09-07T16:50:13+02:00 INFO (6): ydadmin-ThinkPad-X220-Tablet serving lieferando.de.testing getting 140 cityIds for url /lieferservice-aachen 
2012-09-07T16:50:13+02:00 INFO (6): ydadmin-ThinkPad-X220-Tablet serving lieferando.de.testing found 49 online and 3 offline services in #3609,3610,3611,3612,3613,3614,3615,3616,3617,3618,3619,3620,3621,3622,3623,3624,3625,3626,3627,3646,3647,16495,16496,16497,16498,16499,16500,16501,16502,16503,16504,16505,16506,21055,21056,21057,21068,21069,21070,21071,21072,21073,21074,21075,21076,21077,21078,21079,21080,21081,21082,21083,21084,21085,21086,23237,24248,31101,31103,31105,31106,31108,31111,31112,31113,31114,31115,31117,31118,31119,31120,31121,31122,31125,31127,31128,31129,31130,31131,32037,32038,32039,32040,32175,32176,32177,32178,32179,32180,32181,32446,32447,32499,32501,32502,32503,32504,33434,33435,33436,33437,33438,33439,33440,33621,33622,33623,33624,33625,33628,33885,34562,34563,35989,37511,37512,37513,37514,37515,37516,37517,37518,37519,37520,37521,38112,38259,38392,38395,38399,38405,38406,38407,38408,38409,38410,38411,38412,38413,38452 
2012-09-07T16:50:13+02:00 DEBUG (7): ydadmin-ThinkPad-X220-Tablet serving lieferando.de.testing SMARTY: rendering template order/basis/service.htm 
2012-09-07T16:50:14+02:00 DEBUG (7): ydadmin-ThinkPad-X220-Tablet serving lieferando.de.testing SMARTY: caching /home/ydadmin/htdocs/lieferando/application/../public/cache/html/www.yourdelivery.local/lieferservice-aachen.html 
2012-09-07T16:50:23+02:00 INFO (6): ydadmin-ThinkPad-X220-Tablet serving lieferando.de.testing getting 1 cityIds for url /lieferservice-au 
2012-09-07T16:50:23+02:00 INFO (6): ydadmin-ThinkPad-X220-Tablet serving lieferando.de.testing found 7 online and 0 offline services in #5803 
2012-09-07T16:50:23+02:00 DEBUG (7): ydadmin-ThinkPad-X220-Tablet serving lieferando.de.testing SMARTY: rendering template order/basis/service.htm 
2012-09-07T16:50:23+02:00 DEBUG (7): ydadmin-ThinkPad-X220-Tablet serving lieferando.de.testing SMARTY: caching /home/ydadmin/htdocs/lieferando/application/../public/cache/html/www.yourdelivery.local/lieferservice-au.html 
2012-09-07T16:50:25+02:00 DEBUG (7): ydadmin-ThinkPad-X220-Tablet serving lieferando.de.testing SMARTY: rendering template request/order/serviceinfo.htm 
2012-09-07T16:50:25+02:00 DEBUG (7): ydadmin-ThinkPad-X220-Tablet serving lieferando.de.testing SMARTY: caching /home/ydadmin/htdocs/lieferando/application/../public/cache/html/www.yourdelivery.local/request_order/serviceinfo/id/14237.html 
2012-09-07T16:50:27+02:00 DEBUG (7): ydadmin-ThinkPad-X220-Tablet serving lieferando.de.testing SMARTY: rendering template request/order/serviceinfo.htm 
2012-09-07T16:50:27+02:00 DEBUG (7): ydadmin-ThinkPad-X220-Tablet serving lieferando.de.testing SMARTY: caching /home/ydadmin/htdocs/lieferando/application/../public/cache/html/www.yourdelivery.local/request_order/serviceinfo/id/15322.html 
2012-09-07T16:50:31+02:00 INFO (6): ydadmin-ThinkPad-X220-Tablet serving lieferando.de.testing found 129 online and 12 offline services in #644 
2012-09-07T16:50:31+02:00 DEBUG (7): ydadmin-ThinkPad-X220-Tablet serving lieferando.de.testing SMARTY: rendering template order/basis/service.htm 
2012-09-07T16:50:36+02:00 DEBUG (7): ydadmin-ThinkPad-X220-Tablet serving lieferando.de.testing SMARTY: caching /home/ydadmin/htdocs/lieferando/application/../public/cache/html/www.yourdelivery.local/lieferservice-berlin-10115.html 
