2012-07-30T04:10:20-03:00 DEBUG (7): ydadmin-ThinkPad-X220-Tablet serving taxiresto.fr.testing SMARTY: did not find template request/order/serviceinfo.htm in taxiresto.fr layout, switching successfully back to default 
2012-07-30T04:10:20-03:00 DEBUG (7): ydadmin-ThinkPad-X220-Tablet serving taxiresto.fr.testing SMARTY: rendering template request/order/serviceinfo.htm 
2012-07-30T04:10:20-03:00 DEBUG (7): ydadmin-ThinkPad-X220-Tablet serving taxiresto.fr.testing SMARTY: caching /home/ydadmin/htdocs/lieferando/application/../public/cache/html/www.yourdelivery.local/request_order/serviceinfo/id/1107.html 
2012-07-30T04:13:06-03:00 DEBUG (7): ydadmin-ThinkPad-X220-Tablet serving taxiresto.fr.testing SMARTY: did not find template request/order/serviceinfo.htm in taxiresto.fr layout, switching successfully back to default 
2012-07-30T04:13:06-03:00 DEBUG (7): ydadmin-ThinkPad-X220-Tablet serving taxiresto.fr.testing SMARTY: rendering template request/order/serviceinfo.htm 
2012-07-30T04:13:06-03:00 DEBUG (7): ydadmin-ThinkPad-X220-Tablet serving taxiresto.fr.testing SMARTY: caching /home/ydadmin/htdocs/lieferando/application/../public/cache/html/www.yourdelivery.local/request_order/serviceinfo/id/252.html 
2012-07-30T04:14:28-03:00 DEBUG (7): ydadmin-ThinkPad-X220-Tablet serving taxiresto.fr.testing SMARTY: did not find template request/order/serviceinfo.htm in taxiresto.fr layout, switching successfully back to default 
2012-07-30T04:14:28-03:00 DEBUG (7): ydadmin-ThinkPad-X220-Tablet serving taxiresto.fr.testing SMARTY: rendering template request/order/serviceinfo.htm 
2012-07-30T04:14:28-03:00 DEBUG (7): ydadmin-ThinkPad-X220-Tablet serving taxiresto.fr.testing SMARTY: caching /home/ydadmin/htdocs/lieferando/application/../public/cache/html/www.yourdelivery.local/request_order/serviceinfo/id/595.html 
2012-07-30T09:35:42-03:00 DEBUG (7): ydadmin-ThinkPad-X220-Tablet serving lieferando.de.testing SMARTY: did not find template index/index.htm in lieferando.de layout, switching successfully back to default 
2012-07-30T09:35:42-03:00 DEBUG (7): ydadmin-ThinkPad-X220-Tablet serving lieferando.de.testing SMARTY: rendering template index/index.htm 
2012-07-30T09:35:42-03:00 DEBUG (7): ydadmin-ThinkPad-X220-Tablet serving lieferando.de.testing SMARTY: caching /home/ydadmin/htdocs/lieferando/application/../public/cache/html/www.yourdelivery.local/index.html 
2012-07-30T09:35:48-03:00 INFO (6): ydadmin-ThinkPad-X220-Tablet serving lieferando.de.testing found 46 online and 5 offline services in #745 
2012-07-30T09:35:48-03:00 DEBUG (7): ydadmin-ThinkPad-X220-Tablet serving lieferando.de.testing SMARTY: did not find template order/basis/service.htm in lieferando.de layout, switching successfully back to default 
2012-07-30T09:35:48-03:00 DEBUG (7): ydadmin-ThinkPad-X220-Tablet serving lieferando.de.testing SMARTY: rendering template order/basis/service.htm 
2012-07-30T09:35:50-03:00 DEBUG (7): ydadmin-ThinkPad-X220-Tablet serving lieferando.de.testing no post 
2012-07-30T09:35:50-03:00 DEBUG (7): ydadmin-ThinkPad-X220-Tablet serving lieferando.de.testing PIWIK: tracking goal registerpage with revenue 0 
2012-07-30T09:35:50-03:00 DEBUG (7): ydadmin-ThinkPad-X220-Tablet serving lieferando.de.testing SMARTY: did not find template user/register.htm in lieferando.de layout, switching successfully back to default 
2012-07-30T09:35:50-03:00 DEBUG (7): ydadmin-ThinkPad-X220-Tablet serving lieferando.de.testing SMARTY: rendering template user/register.htm 
2012-07-30T09:36:10-03:00 DEBUG (7): ydadmin-ThinkPad-X220-Tablet serving lieferando.de.testing SMARTY: caching /home/ydadmin/htdocs/lieferando/application/../public/cache/html/www.yourdelivery.local/lieferservice-berlin-12439.html 
2012-07-30T09:36:20-03:00 DEBUG (7): ydadmin-ThinkPad-X220-Tablet serving lieferando.de.testing no post 
2012-07-30T09:36:20-03:00 DEBUG (7): ydadmin-ThinkPad-X220-Tablet serving lieferando.de.testing PIWIK: tracking goal registerpage with revenue 0 
2012-07-30T09:36:20-03:00 DEBUG (7): ydadmin-ThinkPad-X220-Tablet serving lieferando.de.testing SMARTY: did not find template user/register.htm in lieferando.de layout, switching successfully back to default 
2012-07-30T09:36:20-03:00 DEBUG (7): ydadmin-ThinkPad-X220-Tablet serving lieferando.de.testing SMARTY: rendering template user/register.htm 
2012-07-30T09:36:28-03:00 DEBUG (7): ydadmin-ThinkPad-X220-Tablet serving lieferando.de.testing no post 
2012-07-30T09:36:28-03:00 DEBUG (7): ydadmin-ThinkPad-X220-Tablet serving lieferando.de.testing PIWIK: tracking goal registerpage with revenue 0 
2012-07-30T09:36:28-03:00 DEBUG (7): ydadmin-ThinkPad-X220-Tablet serving lieferando.de.testing SMARTY: did not find template user/register.htm in lieferando.de layout, switching successfully back to default 
2012-07-30T09:36:28-03:00 DEBUG (7): ydadmin-ThinkPad-X220-Tablet serving lieferando.de.testing SMARTY: rendering template user/register.htm 
2012-07-30T10:06:04-03:00 ERR (3): ydadmin-ThinkPad-X220-Tablet serving lieferando.de.testing PAGE NOT FOUND: www.yourdelivery.local//register #0 log() called at [/home/ydadmin/htdocs/lieferando/library/Yourdelivery/Log.php:68]
#1 __call() called at [/home/ydadmin/htdocs/lieferando/application/controllers/ErrorController.php:187]
#2 err() called at [/home/ydadmin/htdocs/lieferando/application/controllers/ErrorController.php:187]
#3 errorAction() called at [/home/ydadmin/htdocs/lieferando/library/Zend/Controller/Action.php:513]
#4 dispatch() called at [/home/ydadmin/htdocs/lieferando/library/Zend/Controller/Dispatcher/Standard.php:289]
#5 dispatch() called at [/home/ydadmin/htdocs/lieferando/library/Zend/Controller/Front.php:954]
#6 dispatch() called at [/home/ydadmin/htdocs/lieferando/library/Zend/Application/Bootstrap/Bootstrap.php:97]
#7 run() called at [/home/ydadmin/htdocs/lieferando/library/Zend/Application.php:366]
#8 run() called at [/home/ydadmin/htdocs/lieferando/public/index.php:116]

2012-07-30T10:06:04-03:00 DEBUG (7): ydadmin-ThinkPad-X220-Tablet serving lieferando.de.testing SMARTY: did not find template error/notfound.htm in lieferando.de layout, switching successfully back to default 
2012-07-30T10:06:04-03:00 DEBUG (7): ydadmin-ThinkPad-X220-Tablet serving lieferando.de.testing SMARTY: rendering template error/notfound.htm 
2012-07-30T10:11:32-03:00 DEBUG (7): ydadmin-ThinkPad-X220-Tablet serving lieferando.de.testing no post 
2012-07-30T10:11:32-03:00 DEBUG (7): ydadmin-ThinkPad-X220-Tablet serving lieferando.de.testing PIWIK: tracking goal registerpage with revenue 0 
2012-07-30T10:11:32-03:00 DEBUG (7): ydadmin-ThinkPad-X220-Tablet serving lieferando.de.testing SMARTY: did not find template user/register.htm in lieferando.de layout, switching successfully back to default 
2012-07-30T10:11:32-03:00 DEBUG (7): ydadmin-ThinkPad-X220-Tablet serving lieferando.de.testing SMARTY: rendering template user/register.htm 
2012-07-30T10:13:08-03:00 DEBUG (7): ydadmin-ThinkPad-X220-Tablet serving lieferando.de.testing no post 
2012-07-30T10:13:08-03:00 DEBUG (7): ydadmin-ThinkPad-X220-Tablet serving lieferando.de.testing PIWIK: tracking goal registerpage with revenue 0 
2012-07-30T10:13:08-03:00 DEBUG (7): ydadmin-ThinkPad-X220-Tablet serving lieferando.de.testing SMARTY: did not find template user/register.htm in lieferando.de layout, switching successfully back to default 
2012-07-30T10:13:08-03:00 DEBUG (7): ydadmin-ThinkPad-X220-Tablet serving lieferando.de.testing SMARTY: rendering template user/register.htm 
2012-07-30T10:13:47-03:00 DEBUG (7): ydadmin-ThinkPad-X220-Tablet serving lieferando.de.testing no post 
2012-07-30T10:13:47-03:00 DEBUG (7): ydadmin-ThinkPad-X220-Tablet serving lieferando.de.testing PIWIK: tracking goal registerpage with revenue 0 
2012-07-30T10:13:47-03:00 DEBUG (7): ydadmin-ThinkPad-X220-Tablet serving lieferando.de.testing SMARTY: did not find template user/register.htm in lieferando.de layout, switching successfully back to default 
2012-07-30T10:13:47-03:00 DEBUG (7): ydadmin-ThinkPad-X220-Tablet serving lieferando.de.testing SMARTY: rendering template user/register.htm 
2012-07-30T10:14:39-03:00 DEBUG (7): ydadmin-ThinkPad-X220-Tablet serving lieferando.de.testing no post 
2012-07-30T10:14:39-03:00 DEBUG (7): ydadmin-ThinkPad-X220-Tablet serving lieferando.de.testing PIWIK: tracking goal registerpage with revenue 0 
2012-07-30T10:14:39-03:00 DEBUG (7): ydadmin-ThinkPad-X220-Tablet serving lieferando.de.testing SMARTY: did not find template user/register.htm in lieferando.de layout, switching successfully back to default 
2012-07-30T10:14:39-03:00 DEBUG (7): ydadmin-ThinkPad-X220-Tablet serving lieferando.de.testing SMARTY: rendering template user/register.htm 
2012-07-30T10:16:50-03:00 DEBUG (7): ydadmin-ThinkPad-X220-Tablet serving lieferando.de.testing no post 
2012-07-30T10:16:50-03:00 DEBUG (7): ydadmin-ThinkPad-X220-Tablet serving lieferando.de.testing PIWIK: tracking goal registerpage with revenue 0 
2012-07-30T10:16:50-03:00 DEBUG (7): ydadmin-ThinkPad-X220-Tablet serving lieferando.de.testing SMARTY: did not find template user/register.htm in lieferando.de layout, switching successfully back to default 
2012-07-30T10:16:50-03:00 DEBUG (7): ydadmin-ThinkPad-X220-Tablet serving lieferando.de.testing SMARTY: rendering template user/register.htm 
2012-07-30T10:17:00-03:00 DEBUG (7): ydadmin-ThinkPad-X220-Tablet serving lieferando.de.testing updating model Default_Model_Base #258459 with modified data :: Array(    [title] => Herr/Frau    [name] => Naie    [prename] => Jens    [email] => jonz@kybernaut.de    [password] => 9a8626a84a351341b0c09a37e5bf71fa    [lang] => de    [sex] => m    [tel] =>     [privmail] =>     [autologin] => 0    [start] => 1    [lastlogin] => 2012-07-24 17:27:08    [countLogin] => 2    [deleted] => 0    [permanentDiscountId] =>     [ktoName] =>     [ktoNr] =>     [ktoBlz] =>     [updated] => 2012-07-30 10:17:00    [birthday] => 1971-09-03    [source] =>     [addition] =>     [facebookId] => 690363597    [facebookPost] => 1    [profileImage] => 1343136037.jpg    [nickname] =>     [whitelist] => 0    [anrede] => Herr    [lastLogin] => 2012-07-30 10:17:00) 
2012-07-30T10:17:00-03:00 INFO (6): ydadmin-ThinkPad-X220-Tablet serving lieferando.de.testing successfully updated customer #258459 Jens Naie via facebook-login - facebookId 690363597 
2012-07-30T10:17:03-03:00 DEBUG (7): ydadmin-ThinkPad-X220-Tablet serving lieferando.de.testing S3: getting bucket from S3 storage 
2012-07-30T10:17:03-03:00 DEBUG (7): ydadmin-ThinkPad-X220-Tablet serving lieferando.de.testing S3: uploading file customers/258459/profile.jpg to S3 bucket lieferando.de.testing 
2012-07-30T10:17:03-03:00 DEBUG (7): ydadmin-ThinkPad-X220-Tablet serving lieferando.de.testing updating model Default_Model_Base #1270678 with modified data :: Array(    [email] => jonz@kybernaut.de    [transactionData] => 1343135542.jpg    [status] => 0    [action] => accountimage    [points] => 8    [updated] => 2012-07-30 10:17:03) 
2012-07-30T10:17:03-03:00 INFO (6): ydadmin-ThinkPad-X220-Tablet serving lieferando.de.testing successfully modifed transaction #1270678 of customer jonz@kybernaut.de to status 0 
2012-07-30T10:17:03-03:00 DEBUG (7): ydadmin-ThinkPad-X220-Tablet serving lieferando.de.testing CUSTOMER FIDELITY - could not clear cache for transactionsfidelity43a28b6df0a5a8bb018e642edbcc5e24 
2012-07-30T10:17:03-03:00 DEBUG (7): ydadmin-ThinkPad-X220-Tablet serving lieferando.de.testing CUSTOMER FIDELITY - could not clear cache for open1fidelity43a28b6df0a5a8bb018e642edbcc5e24 
2012-07-30T10:17:03-03:00 DEBUG (7): ydadmin-ThinkPad-X220-Tablet serving lieferando.de.testing CUSTOMER FIDELITY - could not clear cache for open0fidelity43a28b6df0a5a8bb018e642edbcc5e24 
2012-07-30T10:17:03-03:00 DEBUG (7): ydadmin-ThinkPad-X220-Tablet serving lieferando.de.testing updating model Default_Model_Base #258459 with modified data :: Array(    [title] => Herr/Frau    [name] => Naie    [prename] => Jens    [email] => jonz@kybernaut.de    [password] => 9a8626a84a351341b0c09a37e5bf71fa    [lang] => de    [sex] => m    [tel] =>     [privmail] =>     [autologin] => 0    [start] => 1    [lastlogin] => 2012-07-24 17:27:08    [countLogin] => 2    [deleted] => 0    [permanentDiscountId] =>     [ktoName] =>     [ktoNr] =>     [ktoBlz] =>     [updated] => 2012-07-30 10:17:03    [birthday] => 1971-09-03    [source] =>     [addition] =>     [facebookId] => 690363597    [facebookPost] => 1    [profileImage] => 1343654222.jpg    [nickname] =>     [whitelist] => 0    [anrede] => Herr    [lastLogin] => 2012-07-30 10:17:00) 
2012-07-30T10:17:03-03:00 DEBUG (7): ydadmin-ThinkPad-X220-Tablet serving lieferando.de.testing found 15 points for action facebookconnect 
2012-07-30T10:17:03-03:00 DEBUG (7): ydadmin-ThinkPad-X220-Tablet serving lieferando.de.testing saved model Yourdelivery_Model_Customer_FidelityTransaction with id #1270684 new data :: Array(    [email] => jonz@kybernaut.de    [action] => facebookconnect    [status] => 0    [points] => 15    [transactionData] => <a href=\"http://www.facebook.com/690363597\">Jens Naie</a>) 
2012-07-30T10:17:03-03:00 INFO (6): ydadmin-ThinkPad-X220-Tablet serving lieferando.de.testing successfully added 15 points to customer jonz@kybernaut.de for action facebookconnect 
2012-07-30T10:17:03-03:00 DEBUG (7): ydadmin-ThinkPad-X220-Tablet serving lieferando.de.testing CUSTOMER FIDELITY - could not clear cache for transactionsfidelity43a28b6df0a5a8bb018e642edbcc5e24 
2012-07-30T10:17:03-03:00 DEBUG (7): ydadmin-ThinkPad-X220-Tablet serving lieferando.de.testing CUSTOMER FIDELITY - could not clear cache for open1fidelity43a28b6df0a5a8bb018e642edbcc5e24 
2012-07-30T10:17:03-03:00 DEBUG (7): ydadmin-ThinkPad-X220-Tablet serving lieferando.de.testing CUSTOMER FIDELITY - could not clear cache for open0fidelity43a28b6df0a5a8bb018e642edbcc5e24 
2012-07-30T10:17:03-03:00 DEBUG (7): ydadmin-ThinkPad-X220-Tablet serving lieferando.de.testing updating model Default_Model_Base #258459 with modified data :: Array(    [title] => Herr/Frau    [name] => Naie    [prename] => Jens    [email] => jonz@kybernaut.de    [password] => 9a8626a84a351341b0c09a37e5bf71fa    [lang] => de    [sex] => m    [tel] =>     [privmail] =>     [autologin] => 0    [start] => 1    [lastlogin] => 2012-07-30 10:17:03    [countLogin] => 3    [deleted] => 0    [permanentDiscountId] =>     [ktoName] =>     [ktoNr] =>     [ktoBlz] =>     [updated] => 2012-07-30 10:17:03    [birthday] => 1971-09-03    [source] =>     [addition] =>     [facebookId] => 690363597    [facebookPost] => 1    [profileImage] => 1343654222.jpg    [nickname] =>     [whitelist] => 0    [anrede] => Herr) 
2012-07-30T10:17:03-03:00 DEBUG (7): ydadmin-ThinkPad-X220-Tablet serving lieferando.de.testing PIWIK: tracking customer variable customerId at value 258459 
2012-07-30T10:17:03-03:00 INFO (6): ydadmin-ThinkPad-X220-Tablet serving lieferando.de.testing User  successfully logged in 
2012-07-30T10:17:03-03:00 DEBUG (7): ydadmin-ThinkPad-X220-Tablet serving lieferando.de.testing PIWIK: tracking customer variable customerId at value 258459 
2012-07-30T10:17:03-03:00 DEBUG (7): ydadmin-ThinkPad-X220-Tablet serving lieferando.de.testing customer is already logged in 
2012-07-30T10:17:04-03:00 DEBUG (7): ydadmin-ThinkPad-X220-Tablet serving lieferando.de.testing SMARTY: did not find template user/settings.htm in lieferando.de layout, switching successfully back to default 
2012-07-30T10:17:04-03:00 DEBUG (7): ydadmin-ThinkPad-X220-Tablet serving lieferando.de.testing SMARTY: rendering template user/settings.htm 
2012-07-30T10:17:17-03:00 DEBUG (7): ydadmin-ThinkPad-X220-Tablet serving lieferando.de.testing SMARTY: did not find template user/socialnetworks.htm in lieferando.de layout, switching successfully back to default 
2012-07-30T10:17:17-03:00 DEBUG (7): ydadmin-ThinkPad-X220-Tablet serving lieferando.de.testing SMARTY: rendering template user/socialnetworks.htm 
2012-07-30T10:17:41-03:00 DEBUG (7): ydadmin-ThinkPad-X220-Tablet serving lieferando.de.testing updating model Default_Model_Base #258459 with modified data :: Array(    [title] => Herr/Frau    [name] => Naie    [prename] => Jens    [email] => jonz@kybernaut.de    [password] => 9a8626a84a351341b0c09a37e5bf71fa    [lang] => de    [sex] => m    [tel] =>     [privmail] =>     [autologin] => 0    [start] => 1    [lastlogin] => 2012-07-30 10:17:03    [countLogin] => 3    [deleted] => 0    [permanentDiscountId] =>     [ktoName] =>     [ktoNr] =>     [ktoBlz] =>     [updated] => 2012-07-30 10:17:41    [birthday] => 1971-09-03    [source] =>     [addition] =>     [facebookId] => 690363597    [facebookPost] =>     [profileImage] => 1343654222.jpg    [nickname] =>     [whitelist] => 0    [anrede] => Herr) 
2012-07-30T10:17:41-03:00 DEBUG (7): ydadmin-ThinkPad-X220-Tablet serving lieferando.de.testing CUSTOMER - could not clear cache for limit 1 id: rated_5_0customer258459 
2012-07-30T10:17:41-03:00 DEBUG (7): ydadmin-ThinkPad-X220-Tablet serving lieferando.de.testing CUSTOMER - could not clear cache for limit 1 id: rated_10_0customer258459 
2012-07-30T10:17:41-03:00 DEBUG (7): ydadmin-ThinkPad-X220-Tablet serving lieferando.de.testing CUSTOMER - could not clear cache for limit 1 id: rated_25_0customer258459 
2012-07-30T10:17:41-03:00 DEBUG (7): ydadmin-ThinkPad-X220-Tablet serving lieferando.de.testing CUSTOMER - could not clear cache for limit 1 id: rated_50_0customer258459 
2012-07-30T10:17:41-03:00 DEBUG (7): ydadmin-ThinkPad-X220-Tablet serving lieferando.de.testing CUSTOMER - could not clear cache for limit 1 id: rated_100_0customer258459 
2012-07-30T10:17:41-03:00 DEBUG (7): ydadmin-ThinkPad-X220-Tablet serving lieferando.de.testing CUSTOMER - could not clear cache for limit 1 id: unrated_5_0customer258459 
2012-07-30T10:17:41-03:00 DEBUG (7): ydadmin-ThinkPad-X220-Tablet serving lieferando.de.testing CUSTOMER - could not clear cache for limit 1 id: unrated_10_0customer258459 
2012-07-30T10:17:41-03:00 DEBUG (7): ydadmin-ThinkPad-X220-Tablet serving lieferando.de.testing CUSTOMER - could not clear cache for limit 1 id: unrated_25_0customer258459 
2012-07-30T10:17:41-03:00 DEBUG (7): ydadmin-ThinkPad-X220-Tablet serving lieferando.de.testing CUSTOMER - could not clear cache for limit 1 id: unrated_50_0customer258459 
2012-07-30T10:17:41-03:00 DEBUG (7): ydadmin-ThinkPad-X220-Tablet serving lieferando.de.testing CUSTOMER - could not clear cache for limit 1 id: unrated_100_0customer258459 
2012-07-30T10:17:41-03:00 DEBUG (7): ydadmin-ThinkPad-X220-Tablet serving lieferando.de.testing CUSTOMER FIDELITY - could not clear cache for transactionsfidelity43a28b6df0a5a8bb018e642edbcc5e24 
2012-07-30T10:17:41-03:00 DEBUG (7): ydadmin-ThinkPad-X220-Tablet serving lieferando.de.testing CUSTOMER FIDELITY - could not clear cache for open1fidelity43a28b6df0a5a8bb018e642edbcc5e24 
2012-07-30T10:17:41-03:00 DEBUG (7): ydadmin-ThinkPad-X220-Tablet serving lieferando.de.testing CUSTOMER FIDELITY - could not clear cache for open0fidelity43a28b6df0a5a8bb018e642edbcc5e24 
2012-07-30T10:17:42-03:00 DEBUG (7): ydadmin-ThinkPad-X220-Tablet serving lieferando.de.testing SMARTY: did not find template user/socialnetworks.htm in lieferando.de layout, switching successfully back to default 
2012-07-30T10:17:42-03:00 DEBUG (7): ydadmin-ThinkPad-X220-Tablet serving lieferando.de.testing SMARTY: rendering template user/socialnetworks.htm 
2012-07-30T10:17:48-03:00 DEBUG (7): ydadmin-ThinkPad-X220-Tablet serving lieferando.de.testing updating model Default_Model_Base #258459 with modified data :: Array(    [title] => Herr/Frau    [name] => Naie    [prename] => Jens    [email] => jonz@kybernaut.de    [password] => 9a8626a84a351341b0c09a37e5bf71fa    [lang] => de    [sex] => m    [tel] =>     [privmail] =>     [autologin] => 0    [start] => 1    [lastlogin] => 2012-07-30 10:17:03    [countLogin] => 3    [deleted] => 0    [permanentDiscountId] =>     [ktoName] =>     [ktoNr] =>     [ktoBlz] =>     [updated] => 2012-07-30 10:17:48    [birthday] => 1971-09-03    [source] =>     [addition] =>     [facebookId] => 690363597    [facebookPost] => 1    [profileImage] => 1343654222.jpg    [nickname] =>     [whitelist] => 0    [anrede] => Herr) 
2012-07-30T10:17:48-03:00 DEBUG (7): ydadmin-ThinkPad-X220-Tablet serving lieferando.de.testing CUSTOMER - could not clear cache for limit 1 id: rated_5_0customer258459 
2012-07-30T10:17:48-03:00 DEBUG (7): ydadmin-ThinkPad-X220-Tablet serving lieferando.de.testing CUSTOMER - could not clear cache for limit 1 id: rated_10_0customer258459 
2012-07-30T10:17:48-03:00 DEBUG (7): ydadmin-ThinkPad-X220-Tablet serving lieferando.de.testing CUSTOMER - could not clear cache for limit 1 id: rated_25_0customer258459 
2012-07-30T10:17:48-03:00 DEBUG (7): ydadmin-ThinkPad-X220-Tablet serving lieferando.de.testing CUSTOMER - could not clear cache for limit 1 id: rated_50_0customer258459 
2012-07-30T10:17:48-03:00 DEBUG (7): ydadmin-ThinkPad-X220-Tablet serving lieferando.de.testing CUSTOMER - could not clear cache for limit 1 id: rated_100_0customer258459 
2012-07-30T10:17:48-03:00 DEBUG (7): ydadmin-ThinkPad-X220-Tablet serving lieferando.de.testing CUSTOMER - could not clear cache for limit 1 id: unrated_5_0customer258459 
2012-07-30T10:17:48-03:00 DEBUG (7): ydadmin-ThinkPad-X220-Tablet serving lieferando.de.testing CUSTOMER - could not clear cache for limit 1 id: unrated_10_0customer258459 
2012-07-30T10:17:48-03:00 DEBUG (7): ydadmin-ThinkPad-X220-Tablet serving lieferando.de.testing CUSTOMER - could not clear cache for limit 1 id: unrated_25_0customer258459 
2012-07-30T10:17:48-03:00 DEBUG (7): ydadmin-ThinkPad-X220-Tablet serving lieferando.de.testing CUSTOMER - could not clear cache for limit 1 id: unrated_50_0customer258459 
2012-07-30T10:17:48-03:00 DEBUG (7): ydadmin-ThinkPad-X220-Tablet serving lieferando.de.testing CUSTOMER - could not clear cache for limit 1 id: unrated_100_0customer258459 
2012-07-30T10:17:48-03:00 DEBUG (7): ydadmin-ThinkPad-X220-Tablet serving lieferando.de.testing CUSTOMER FIDELITY - could not clear cache for transactionsfidelity43a28b6df0a5a8bb018e642edbcc5e24 
2012-07-30T10:17:48-03:00 DEBUG (7): ydadmin-ThinkPad-X220-Tablet serving lieferando.de.testing CUSTOMER FIDELITY - could not clear cache for open1fidelity43a28b6df0a5a8bb018e642edbcc5e24 
2012-07-30T10:17:48-03:00 DEBUG (7): ydadmin-ThinkPad-X220-Tablet serving lieferando.de.testing CUSTOMER FIDELITY - could not clear cache for open0fidelity43a28b6df0a5a8bb018e642edbcc5e24 
2012-07-30T10:17:48-03:00 DEBUG (7): ydadmin-ThinkPad-X220-Tablet serving lieferando.de.testing SMARTY: did not find template user/socialnetworks.htm in lieferando.de layout, switching successfully back to default 
2012-07-30T10:17:48-03:00 DEBUG (7): ydadmin-ThinkPad-X220-Tablet serving lieferando.de.testing SMARTY: rendering template user/socialnetworks.htm 
2012-07-30T10:18:00-03:00 DEBUG (7): ydadmin-ThinkPad-X220-Tablet serving lieferando.de.testing updating model Default_Model_Base #1270684 with modified data :: Array(    [email] => jonz@kybernaut.de    [transactionData] => <a href=\"http://www.facebook.com/690363597\">Jens Naie</a>    [status] => -1    [action] => facebookconnect    [points] => 15    [updated] => 2012-07-30 10:18:00) 
2012-07-30T10:18:00-03:00 INFO (6): ydadmin-ThinkPad-X220-Tablet serving lieferando.de.testing successfully modifed transaction #1270684 of customer jonz@kybernaut.de to status -1 
2012-07-30T10:18:00-03:00 DEBUG (7): ydadmin-ThinkPad-X220-Tablet serving lieferando.de.testing CUSTOMER FIDELITY - could not clear cache for transactionsfidelity43a28b6df0a5a8bb018e642edbcc5e24 
2012-07-30T10:18:00-03:00 DEBUG (7): ydadmin-ThinkPad-X220-Tablet serving lieferando.de.testing CUSTOMER FIDELITY - could not clear cache for open1fidelity43a28b6df0a5a8bb018e642edbcc5e24 
2012-07-30T10:18:00-03:00 DEBUG (7): ydadmin-ThinkPad-X220-Tablet serving lieferando.de.testing CUSTOMER FIDELITY - could not clear cache for open0fidelity43a28b6df0a5a8bb018e642edbcc5e24 
2012-07-30T10:18:00-03:00 DEBUG (7): ydadmin-ThinkPad-X220-Tablet serving lieferando.de.testing updating model Default_Model_Base #258459 with modified data :: Array(    [title] => Herr/Frau    [name] => Naie    [prename] => Jens    [email] => jonz@kybernaut.de    [password] => 9a8626a84a351341b0c09a37e5bf71fa    [lang] => de    [sex] => m    [tel] =>     [privmail] =>     [autologin] => 0    [start] => 1    [lastlogin] => 2012-07-30 10:17:03    [countLogin] => 3    [deleted] => 0    [permanentDiscountId] =>     [ktoName] =>     [ktoNr] =>     [ktoBlz] =>     [updated] => 2012-07-30 10:18:00    [birthday] => 1971-09-03    [source] =>     [addition] =>     [facebookId] =>     [facebookPost] => 1    [profileImage] => 1343654222.jpg    [nickname] =>     [whitelist] => 0    [anrede] => Herr) 
2012-07-30T10:18:00-03:00 DEBUG (7): ydadmin-ThinkPad-X220-Tablet serving lieferando.de.testing CUSTOMER - could not clear cache for limit 1 id: rated_5_0customer258459 
2012-07-30T10:18:00-03:00 DEBUG (7): ydadmin-ThinkPad-X220-Tablet serving lieferando.de.testing CUSTOMER - could not clear cache for limit 1 id: rated_10_0customer258459 
2012-07-30T10:18:00-03:00 DEBUG (7): ydadmin-ThinkPad-X220-Tablet serving lieferando.de.testing CUSTOMER - could not clear cache for limit 1 id: rated_25_0customer258459 
2012-07-30T10:18:00-03:00 DEBUG (7): ydadmin-ThinkPad-X220-Tablet serving lieferando.de.testing CUSTOMER - could not clear cache for limit 1 id: rated_50_0customer258459 
2012-07-30T10:18:00-03:00 DEBUG (7): ydadmin-ThinkPad-X220-Tablet serving lieferando.de.testing CUSTOMER - could not clear cache for limit 1 id: rated_100_0customer258459 
2012-07-30T10:18:00-03:00 DEBUG (7): ydadmin-ThinkPad-X220-Tablet serving lieferando.de.testing CUSTOMER - could not clear cache for limit 1 id: unrated_5_0customer258459 
2012-07-30T10:18:00-03:00 DEBUG (7): ydadmin-ThinkPad-X220-Tablet serving lieferando.de.testing CUSTOMER - could not clear cache for limit 1 id: unrated_10_0customer258459 
2012-07-30T10:18:00-03:00 DEBUG (7): ydadmin-ThinkPad-X220-Tablet serving lieferando.de.testing CUSTOMER - could not clear cache for limit 1 id: unrated_25_0customer258459 
2012-07-30T10:18:00-03:00 DEBUG (7): ydadmin-ThinkPad-X220-Tablet serving lieferando.de.testing CUSTOMER - could not clear cache for limit 1 id: unrated_50_0customer258459 
2012-07-30T10:18:00-03:00 DEBUG (7): ydadmin-ThinkPad-X220-Tablet serving lieferando.de.testing CUSTOMER - could not clear cache for limit 1 id: unrated_100_0customer258459 
2012-07-30T10:18:00-03:00 DEBUG (7): ydadmin-ThinkPad-X220-Tablet serving lieferando.de.testing CUSTOMER FIDELITY - could not clear cache for transactionsfidelity43a28b6df0a5a8bb018e642edbcc5e24 
2012-07-30T10:18:00-03:00 DEBUG (7): ydadmin-ThinkPad-X220-Tablet serving lieferando.de.testing CUSTOMER FIDELITY - could not clear cache for open1fidelity43a28b6df0a5a8bb018e642edbcc5e24 
2012-07-30T10:18:00-03:00 DEBUG (7): ydadmin-ThinkPad-X220-Tablet serving lieferando.de.testing CUSTOMER FIDELITY - could not clear cache for open0fidelity43a28b6df0a5a8bb018e642edbcc5e24 
2012-07-30T10:18:00-03:00 DEBUG (7): ydadmin-ThinkPad-X220-Tablet serving lieferando.de.testing SMARTY: did not find template user/socialnetworks.htm in lieferando.de layout, switching successfully back to default 
2012-07-30T10:18:00-03:00 DEBUG (7): ydadmin-ThinkPad-X220-Tablet serving lieferando.de.testing SMARTY: rendering template user/socialnetworks.htm 
2012-07-30T10:19:45-03:00 DEBUG (7): ydadmin-ThinkPad-X220-Tablet serving lieferando.de.testing SMARTY: did not find template user/socialnetworks.htm in lieferando.de layout, switching successfully back to default 
2012-07-30T10:19:45-03:00 DEBUG (7): ydadmin-ThinkPad-X220-Tablet serving lieferando.de.testing SMARTY: rendering template user/socialnetworks.htm 
2012-07-30T10:19:55-03:00 DEBUG (7): ydadmin-ThinkPad-X220-Tablet serving lieferando.de.testing updating model Default_Model_Base #258459 with modified data :: Array(    [title] => Herr/Frau    [name] => Naie    [prename] => Jens    [email] => jonz@kybernaut.de    [password] => 9a8626a84a351341b0c09a37e5bf71fa    [lang] => de    [sex] => m    [tel] =>     [privmail] =>     [autologin] => 0    [start] => 1    [lastlogin] => 2012-07-30 10:17:03    [countLogin] => 3    [deleted] => 0    [permanentDiscountId] =>     [ktoName] =>     [ktoNr] =>     [ktoBlz] =>     [updated] => 2012-07-30 10:19:55    [birthday] => 1971-09-03    [source] =>     [addition] =>     [facebookId] => 690363597    [facebookPost] => 1    [profileImage] => 1343654222.jpg    [nickname] =>     [whitelist] => 0    [anrede] => Herr    [lastLogin] => 2012-07-30 10:19:55) 
2012-07-30T10:19:55-03:00 INFO (6): ydadmin-ThinkPad-X220-Tablet serving lieferando.de.testing successfully updated customer #258459 Jens Naie via facebook-login - facebookId 690363597 
2012-07-30T10:20:00-03:00 DEBUG (7): ydadmin-ThinkPad-X220-Tablet serving lieferando.de.testing S3: getting bucket from S3 storage 
2012-07-30T10:20:00-03:00 DEBUG (7): ydadmin-ThinkPad-X220-Tablet serving lieferando.de.testing S3: uploading file customers/258459/profile.jpg to S3 bucket lieferando.de.testing 
2012-07-30T10:20:00-03:00 DEBUG (7): ydadmin-ThinkPad-X220-Tablet serving lieferando.de.testing updating model Default_Model_Base #1270678 with modified data :: Array(    [email] => jonz@kybernaut.de    [transactionData] => 1343135542.jpg    [status] => 0    [action] => accountimage    [points] => 8    [updated] => 2012-07-30 10:20:00) 
2012-07-30T10:20:00-03:00 INFO (6): ydadmin-ThinkPad-X220-Tablet serving lieferando.de.testing successfully modifed transaction #1270678 of customer jonz@kybernaut.de to status 0 
2012-07-30T10:20:00-03:00 DEBUG (7): ydadmin-ThinkPad-X220-Tablet serving lieferando.de.testing CUSTOMER FIDELITY - could not clear cache for transactionsfidelity43a28b6df0a5a8bb018e642edbcc5e24 
2012-07-30T10:20:00-03:00 DEBUG (7): ydadmin-ThinkPad-X220-Tablet serving lieferando.de.testing CUSTOMER FIDELITY - could not clear cache for open1fidelity43a28b6df0a5a8bb018e642edbcc5e24 
2012-07-30T10:20:00-03:00 DEBUG (7): ydadmin-ThinkPad-X220-Tablet serving lieferando.de.testing CUSTOMER FIDELITY - could not clear cache for open0fidelity43a28b6df0a5a8bb018e642edbcc5e24 
2012-07-30T10:20:00-03:00 DEBUG (7): ydadmin-ThinkPad-X220-Tablet serving lieferando.de.testing updating model Default_Model_Base #258459 with modified data :: Array(    [title] => Herr/Frau    [name] => Naie    [prename] => Jens    [email] => jonz@kybernaut.de    [password] => 9a8626a84a351341b0c09a37e5bf71fa    [lang] => de    [sex] => m    [tel] =>     [privmail] =>     [autologin] => 0    [start] => 1    [lastlogin] => 2012-07-30 10:17:03    [countLogin] => 3    [deleted] => 0    [permanentDiscountId] =>     [ktoName] =>     [ktoNr] =>     [ktoBlz] =>     [updated] => 2012-07-30 10:20:00    [birthday] => 1971-09-03    [source] =>     [addition] =>     [facebookId] => 690363597    [facebookPost] => 1    [profileImage] => 1343654399.jpg    [nickname] =>     [whitelist] => 0    [anrede] => Herr    [lastLogin] => 2012-07-30 10:19:55) 
2012-07-30T10:20:00-03:00 DEBUG (7): ydadmin-ThinkPad-X220-Tablet serving lieferando.de.testing found 15 points for action facebookconnect 
2012-07-30T10:20:00-03:00 DEBUG (7): ydadmin-ThinkPad-X220-Tablet serving lieferando.de.testing saved model Yourdelivery_Model_Customer_FidelityTransaction with id #1270685 new data :: Array(    [email] => jonz@kybernaut.de    [action] => facebookconnect    [status] => 0    [points] => 15    [transactionData] => <a href=\"http://www.facebook.com/690363597\">Jens Naie</a>) 
2012-07-30T10:20:00-03:00 INFO (6): ydadmin-ThinkPad-X220-Tablet serving lieferando.de.testing successfully added 15 points to customer jonz@kybernaut.de for action facebookconnect 
2012-07-30T10:20:00-03:00 DEBUG (7): ydadmin-ThinkPad-X220-Tablet serving lieferando.de.testing CUSTOMER FIDELITY - could not clear cache for transactionsfidelity43a28b6df0a5a8bb018e642edbcc5e24 
2012-07-30T10:20:00-03:00 DEBUG (7): ydadmin-ThinkPad-X220-Tablet serving lieferando.de.testing CUSTOMER FIDELITY - could not clear cache for open1fidelity43a28b6df0a5a8bb018e642edbcc5e24 
2012-07-30T10:20:00-03:00 DEBUG (7): ydadmin-ThinkPad-X220-Tablet serving lieferando.de.testing CUSTOMER FIDELITY - could not clear cache for open0fidelity43a28b6df0a5a8bb018e642edbcc5e24 
2012-07-30T10:20:00-03:00 DEBUG (7): ydadmin-ThinkPad-X220-Tablet serving lieferando.de.testing SMARTY: did not find template user/socialnetworks.htm in lieferando.de layout, switching successfully back to default 
2012-07-30T10:20:00-03:00 DEBUG (7): ydadmin-ThinkPad-X220-Tablet serving lieferando.de.testing SMARTY: rendering template user/socialnetworks.htm 
2012-07-30T10:29:11-03:00 DEBUG (7): ydadmin-ThinkPad-X220-Tablet serving lieferando.de.testing SMARTY: did not find template user/socialnetworks.htm in lieferando.de layout, switching successfully back to default 
2012-07-30T10:29:11-03:00 DEBUG (7): ydadmin-ThinkPad-X220-Tablet serving lieferando.de.testing SMARTY: rendering template user/socialnetworks.htm 
2012-07-30T10:37:58-03:00 DEBUG (7): ydadmin-ThinkPad-X220-Tablet serving lieferando.de.testing SMARTY: did not find template user/socialnetworks.htm in lieferando.de layout, switching successfully back to default 
2012-07-30T10:37:58-03:00 DEBUG (7): ydadmin-ThinkPad-X220-Tablet serving lieferando.de.testing SMARTY: rendering template user/socialnetworks.htm 
2012-07-30T10:38:12-03:00 DEBUG (7): ydadmin-ThinkPad-X220-Tablet serving lieferando.de.testing CUSTOMER FIDELITY - could not clear cache for transactionsfidelity43a28b6df0a5a8bb018e642edbcc5e24 
2012-07-30T10:38:12-03:00 DEBUG (7): ydadmin-ThinkPad-X220-Tablet serving lieferando.de.testing CUSTOMER FIDELITY - could not clear cache for open1fidelity43a28b6df0a5a8bb018e642edbcc5e24 
2012-07-30T10:38:12-03:00 DEBUG (7): ydadmin-ThinkPad-X220-Tablet serving lieferando.de.testing CUSTOMER FIDELITY - could not clear cache for open0fidelity43a28b6df0a5a8bb018e642edbcc5e24 
2012-07-30T10:38:12-03:00 DEBUG (7): ydadmin-ThinkPad-X220-Tablet serving lieferando.de.testing CUSTOMER - could not clear cache for limit 1 id: rated_5_0customer258459 
2012-07-30T10:38:12-03:00 DEBUG (7): ydadmin-ThinkPad-X220-Tablet serving lieferando.de.testing CUSTOMER - could not clear cache for limit 1 id: rated_10_0customer258459 
2012-07-30T10:38:12-03:00 DEBUG (7): ydadmin-ThinkPad-X220-Tablet serving lieferando.de.testing CUSTOMER - could not clear cache for limit 1 id: rated_25_0customer258459 
2012-07-30T10:38:12-03:00 DEBUG (7): ydadmin-ThinkPad-X220-Tablet serving lieferando.de.testing CUSTOMER - could not clear cache for limit 1 id: rated_50_0customer258459 
2012-07-30T10:38:12-03:00 DEBUG (7): ydadmin-ThinkPad-X220-Tablet serving lieferando.de.testing CUSTOMER - could not clear cache for limit 1 id: rated_100_0customer258459 
2012-07-30T10:38:12-03:00 DEBUG (7): ydadmin-ThinkPad-X220-Tablet serving lieferando.de.testing CUSTOMER - could not clear cache for limit 1 id: unrated_5_0customer258459 
2012-07-30T10:38:12-03:00 DEBUG (7): ydadmin-ThinkPad-X220-Tablet serving lieferando.de.testing CUSTOMER - could not clear cache for limit 1 id: unrated_10_0customer258459 
2012-07-30T10:38:12-03:00 DEBUG (7): ydadmin-ThinkPad-X220-Tablet serving lieferando.de.testing CUSTOMER - could not clear cache for limit 1 id: unrated_25_0customer258459 
2012-07-30T10:38:12-03:00 DEBUG (7): ydadmin-ThinkPad-X220-Tablet serving lieferando.de.testing CUSTOMER - could not clear cache for limit 1 id: unrated_50_0customer258459 
2012-07-30T10:38:12-03:00 DEBUG (7): ydadmin-ThinkPad-X220-Tablet serving lieferando.de.testing CUSTOMER - could not clear cache for limit 1 id: unrated_100_0customer258459 
2012-07-30T10:38:12-03:00 DEBUG (7): ydadmin-ThinkPad-X220-Tablet serving lieferando.de.testing CUSTOMER FIDELITY - could not clear cache for transactionsfidelity43a28b6df0a5a8bb018e642edbcc5e24 
2012-07-30T10:38:12-03:00 DEBUG (7): ydadmin-ThinkPad-X220-Tablet serving lieferando.de.testing CUSTOMER FIDELITY - could not clear cache for open1fidelity43a28b6df0a5a8bb018e642edbcc5e24 
2012-07-30T10:38:12-03:00 DEBUG (7): ydadmin-ThinkPad-X220-Tablet serving lieferando.de.testing CUSTOMER FIDELITY - could not clear cache for open0fidelity43a28b6df0a5a8bb018e642edbcc5e24 
2012-07-30T10:38:12-03:00 DEBUG (7): ydadmin-ThinkPad-X220-Tablet serving lieferando.de.testing PIWIK: tracking customer variable customerId at value 0 
2012-07-30T10:38:12-03:00 DEBUG (7): ydadmin-ThinkPad-X220-Tablet serving lieferando.de.testing PIWIK: tracking customer variable customerId at value  
2012-07-30T10:38:13-03:00 DEBUG (7): ydadmin-ThinkPad-X220-Tablet serving lieferando.de.testing SMARTY: did not find template index/index.htm in lieferando.de layout, switching successfully back to default 
2012-07-30T10:38:13-03:00 DEBUG (7): ydadmin-ThinkPad-X220-Tablet serving lieferando.de.testing SMARTY: rendering template index/index.htm 
2012-07-30T10:38:14-03:00 DEBUG (7): ydadmin-ThinkPad-X220-Tablet serving lieferando.de.testing SMARTY: caching /home/ydadmin/htdocs/lieferando/application/../public/cache/html/www.yourdelivery.local/index.html 
2012-07-30T10:38:22-03:00 INFO (6): ydadmin-ThinkPad-X220-Tablet serving lieferando.de.testing customer #258459 Jens Naie already a facebook user - facebookId 690363597 
2012-07-30T10:38:22-03:00 DEBUG (7): ydadmin-ThinkPad-X220-Tablet serving lieferando.de.testing updating model Default_Model_Base #258459 with modified data :: Array(    [title] => Herr/Frau    [name] => Naie    [prename] => Jens    [email] => jonz@kybernaut.de    [password] => 9a8626a84a351341b0c09a37e5bf71fa    [lang] => de    [sex] => m    [tel] =>     [privmail] =>     [autologin] => 0    [start] => 1    [lastlogin] => 2012-07-30 10:38:22    [countLogin] => 4    [deleted] => 0    [permanentDiscountId] =>     [ktoName] =>     [ktoNr] =>     [ktoBlz] =>     [updated] => 2012-07-30 10:38:22    [birthday] => 1971-09-03    [source] =>     [addition] =>     [facebookId] => 690363597    [facebookPost] => 1    [profileImage] => 1343654399.jpg    [nickname] =>     [whitelist] => 0    [anrede] => Herr) 
2012-07-30T10:38:23-03:00 DEBUG (7): ydadmin-ThinkPad-X220-Tablet serving lieferando.de.testing PIWIK: tracking customer variable customerId at value 258459 
2012-07-30T10:38:23-03:00 INFO (6): ydadmin-ThinkPad-X220-Tablet serving lieferando.de.testing User  successfully logged in 
2012-07-30T10:38:23-03:00 DEBUG (7): ydadmin-ThinkPad-X220-Tablet serving lieferando.de.testing PIWIK: tracking customer variable customerId at value 258459 
2012-07-30T10:38:23-03:00 DEBUG (7): ydadmin-ThinkPad-X220-Tablet serving lieferando.de.testing SMARTY: did not find template order/private/start.htm in lieferando.de layout, switching successfully back to default 
2012-07-30T10:38:23-03:00 DEBUG (7): ydadmin-ThinkPad-X220-Tablet serving lieferando.de.testing SMARTY: rendering template order/private/start.htm 
2012-07-30T10:38:23-03:00 DEBUG (7): ydadmin-ThinkPad-X220-Tablet serving lieferando.de.testing search UNRATED ORDERS (limit 5 - start 0) for customer #258459 jonz@kybernaut.de - unratedOrderCount: 1 
2012-07-30T10:38:23-03:00 DEBUG (7): ydadmin-ThinkPad-X220-Tablet serving lieferando.de.testing found 5 points for action rate_high 
2012-07-30T10:38:23-03:00 DEBUG (7): ydadmin-ThinkPad-X220-Tablet serving lieferando.de.testing found 8 points for action accountimage 
2012-07-30T10:38:23-03:00 DEBUG (7): ydadmin-ThinkPad-X220-Tablet serving lieferando.de.testing FIDELITY - OPEN ACTIONS: could not store for id:  open0fidelity43a28b6df0a5a8bb018e642edbcc5e24 
2012-07-30T10:38:23-03:00 DEBUG (7): ydadmin-ThinkPad-X220-Tablet serving lieferando.de.testing FIDELITY - OPEN ACTIONS: variable was already set - don't recalculating 
2012-07-30T10:38:23-03:00 DEBUG (7): ydadmin-ThinkPad-X220-Tablet serving lieferando.de.testing show ratingLink for order #1299577 
2012-07-30T10:38:31-03:00 DEBUG (7): ydadmin-ThinkPad-X220-Tablet serving lieferando.de.testing SMARTY: did not find template user/index.htm in lieferando.de layout, switching successfully back to default 
2012-07-30T10:38:31-03:00 DEBUG (7): ydadmin-ThinkPad-X220-Tablet serving lieferando.de.testing SMARTY: rendering template user/index.htm 
2012-07-30T10:38:31-03:00 DEBUG (7): ydadmin-ThinkPad-X220-Tablet serving lieferando.de.testing search UNRATED ORDERS (limit 5 - start 0) for customer #258459 jonz@kybernaut.de - unratedOrderCount: 1 
2012-07-30T10:38:31-03:00 DEBUG (7): ydadmin-ThinkPad-X220-Tablet serving lieferando.de.testing found 5 points for action rate_high 
2012-07-30T10:38:31-03:00 DEBUG (7): ydadmin-ThinkPad-X220-Tablet serving lieferando.de.testing found 8 points for action accountimage 
2012-07-30T10:38:31-03:00 DEBUG (7): ydadmin-ThinkPad-X220-Tablet serving lieferando.de.testing FIDELITY - OPEN ACTIONS: could not store for id:  open0fidelity43a28b6df0a5a8bb018e642edbcc5e24 
2012-07-30T10:38:37-03:00 DEBUG (7): ydadmin-ThinkPad-X220-Tablet serving lieferando.de.testing SMARTY: did not find template user/socialnetworks.htm in lieferando.de layout, switching successfully back to default 
2012-07-30T10:38:37-03:00 DEBUG (7): ydadmin-ThinkPad-X220-Tablet serving lieferando.de.testing SMARTY: rendering template user/socialnetworks.htm 
2012-07-30T10:40:21-03:00 DEBUG (7): ydadmin-ThinkPad-X220-Tablet serving lieferando.de.testing CUSTOMER FIDELITY - could not clear cache for transactionsfidelity43a28b6df0a5a8bb018e642edbcc5e24 
2012-07-30T10:40:21-03:00 DEBUG (7): ydadmin-ThinkPad-X220-Tablet serving lieferando.de.testing CUSTOMER FIDELITY - could not clear cache for open1fidelity43a28b6df0a5a8bb018e642edbcc5e24 
2012-07-30T10:40:21-03:00 DEBUG (7): ydadmin-ThinkPad-X220-Tablet serving lieferando.de.testing CUSTOMER FIDELITY - could not clear cache for open0fidelity43a28b6df0a5a8bb018e642edbcc5e24 
2012-07-30T10:40:21-03:00 DEBUG (7): ydadmin-ThinkPad-X220-Tablet serving lieferando.de.testing CUSTOMER - could not clear cache for limit 1 id: rated_5_0customer258459 
2012-07-30T10:40:21-03:00 DEBUG (7): ydadmin-ThinkPad-X220-Tablet serving lieferando.de.testing CUSTOMER - could not clear cache for limit 1 id: rated_10_0customer258459 
2012-07-30T10:40:21-03:00 DEBUG (7): ydadmin-ThinkPad-X220-Tablet serving lieferando.de.testing CUSTOMER - could not clear cache for limit 1 id: rated_25_0customer258459 
2012-07-30T10:40:21-03:00 DEBUG (7): ydadmin-ThinkPad-X220-Tablet serving lieferando.de.testing CUSTOMER - could not clear cache for limit 1 id: rated_50_0customer258459 
2012-07-30T10:40:21-03:00 DEBUG (7): ydadmin-ThinkPad-X220-Tablet serving lieferando.de.testing CUSTOMER - could not clear cache for limit 1 id: rated_100_0customer258459 
2012-07-30T10:40:21-03:00 DEBUG (7): ydadmin-ThinkPad-X220-Tablet serving lieferando.de.testing CUSTOMER - could not clear cache for limit 1 id: unrated_5_0customer258459 
2012-07-30T10:40:21-03:00 DEBUG (7): ydadmin-ThinkPad-X220-Tablet serving lieferando.de.testing CUSTOMER - could not clear cache for limit 1 id: unrated_10_0customer258459 
2012-07-30T10:40:21-03:00 DEBUG (7): ydadmin-ThinkPad-X220-Tablet serving lieferando.de.testing CUSTOMER - could not clear cache for limit 1 id: unrated_25_0customer258459 
2012-07-30T10:40:21-03:00 DEBUG (7): ydadmin-ThinkPad-X220-Tablet serving lieferando.de.testing CUSTOMER - could not clear cache for limit 1 id: unrated_50_0customer258459 
2012-07-30T10:40:21-03:00 DEBUG (7): ydadmin-ThinkPad-X220-Tablet serving lieferando.de.testing CUSTOMER - could not clear cache for limit 1 id: unrated_100_0customer258459 
2012-07-30T10:40:21-03:00 DEBUG (7): ydadmin-ThinkPad-X220-Tablet serving lieferando.de.testing CUSTOMER FIDELITY - could not clear cache for transactionsfidelity43a28b6df0a5a8bb018e642edbcc5e24 
2012-07-30T10:40:21-03:00 DEBUG (7): ydadmin-ThinkPad-X220-Tablet serving lieferando.de.testing CUSTOMER FIDELITY - could not clear cache for open1fidelity43a28b6df0a5a8bb018e642edbcc5e24 
2012-07-30T10:40:21-03:00 DEBUG (7): ydadmin-ThinkPad-X220-Tablet serving lieferando.de.testing CUSTOMER FIDELITY - could not clear cache for open0fidelity43a28b6df0a5a8bb018e642edbcc5e24 
2012-07-30T10:40:21-03:00 DEBUG (7): ydadmin-ThinkPad-X220-Tablet serving lieferando.de.testing PIWIK: tracking customer variable customerId at value 0 
2012-07-30T10:40:21-03:00 DEBUG (7): ydadmin-ThinkPad-X220-Tablet serving lieferando.de.testing PIWIK: tracking customer variable customerId at value  
2012-07-30T10:40:55-03:00 DEBUG (7): ydadmin-ThinkPad-X220-Tablet serving lieferando.de.testing no post 
2012-07-30T10:40:55-03:00 DEBUG (7): ydadmin-ThinkPad-X220-Tablet serving lieferando.de.testing PIWIK: tracking goal registerpage with revenue 0 
2012-07-30T10:40:55-03:00 DEBUG (7): ydadmin-ThinkPad-X220-Tablet serving lieferando.de.testing SMARTY: did not find template user/register.htm in lieferando.de layout, switching successfully back to default 
2012-07-30T10:40:55-03:00 DEBUG (7): ydadmin-ThinkPad-X220-Tablet serving lieferando.de.testing SMARTY: rendering template user/register.htm 
2012-07-30T10:41:03-03:00 DEBUG (7): ydadmin-ThinkPad-X220-Tablet serving lieferando.de.testing saved model Yourdelivery_Model_Customer with id #258460 new data :: Array(    [name] => Naie    [prename] => Jens    [email] => jonz@kybernaut.de    [lang] => de    [facebookId] => 690363597    [birthday] => 1971-09-03    [sex] => m) 
2012-07-30T10:41:03-03:00 INFO (6): ydadmin-ThinkPad-X220-Tablet serving lieferando.de.testing successfully created customer #258460 Jens Naie via facebook-login - facebookId 690363597 
2012-07-30T10:41:06-03:00 DEBUG (7): ydadmin-ThinkPad-X220-Tablet serving lieferando.de.testing S3: getting bucket from S3 storage 
2012-07-30T10:41:06-03:00 DEBUG (7): ydadmin-ThinkPad-X220-Tablet serving lieferando.de.testing S3: uploading file customers/258460/profile.jpg to S3 bucket lieferando.de.testing 
2012-07-30T10:41:06-03:00 DEBUG (7): ydadmin-ThinkPad-X220-Tablet serving lieferando.de.testing updating model Default_Model_Base #1270678 with modified data :: Array(    [email] => jonz@kybernaut.de    [transactionData] => 1343135542.jpg    [status] => 0    [action] => accountimage    [points] => 8    [updated] => 2012-07-30 10:41:06) 
2012-07-30T10:41:06-03:00 INFO (6): ydadmin-ThinkPad-X220-Tablet serving lieferando.de.testing successfully modifed transaction #1270678 of customer jonz@kybernaut.de to status 0 
2012-07-30T10:41:06-03:00 DEBUG (7): ydadmin-ThinkPad-X220-Tablet serving lieferando.de.testing CUSTOMER FIDELITY - could not clear cache for transactionsfidelity43a28b6df0a5a8bb018e642edbcc5e24 
2012-07-30T10:41:06-03:00 DEBUG (7): ydadmin-ThinkPad-X220-Tablet serving lieferando.de.testing CUSTOMER FIDELITY - could not clear cache for open1fidelity43a28b6df0a5a8bb018e642edbcc5e24 
2012-07-30T10:41:06-03:00 DEBUG (7): ydadmin-ThinkPad-X220-Tablet serving lieferando.de.testing CUSTOMER FIDELITY - could not clear cache for open0fidelity43a28b6df0a5a8bb018e642edbcc5e24 
2012-07-30T10:41:06-03:00 DEBUG (7): ydadmin-ThinkPad-X220-Tablet serving lieferando.de.testing updating model Default_Model_Base #258460 with modified data :: Array(    [name] => Naie    [prename] => Jens    [email] => jonz@kybernaut.de    [lang] => de    [facebookId] => 690363597    [birthday] => 1971-09-03    [sex] => m    [title] => Herr/Frau    [password] =>     [tel] =>     [privmail] =>     [autologin] => 0    [start] => 1    [lastlogin] => 0000-00-00 00:00:00    [countLogin] => 0    [deleted] => 0    [permanentDiscountId] =>     [ktoName] =>     [ktoNr] =>     [ktoBlz] =>     [updated] => 2012-07-30 10:41:06    [source] =>     [addition] =>     [facebookPost] => 1    [profileImage] => 1343655665.jpg    [nickname] =>     [whitelist] => 0) 
2012-07-30T10:41:06-03:00 DEBUG (7): ydadmin-ThinkPad-X220-Tablet serving lieferando.de.testing found 15 points for action facebookconnect 
2012-07-30T10:41:06-03:00 DEBUG (7): ydadmin-ThinkPad-X220-Tablet serving lieferando.de.testing saved model Yourdelivery_Model_Customer_FidelityTransaction with id #1270686 new data :: Array(    [email] => jonz@kybernaut.de    [action] => facebookconnect    [status] => 0    [points] => 15    [transactionData] => <a href=\"http://www.facebook.com/690363597\">Jens Naie</a>) 
2012-07-30T10:41:06-03:00 INFO (6): ydadmin-ThinkPad-X220-Tablet serving lieferando.de.testing successfully added 15 points to customer jonz@kybernaut.de for action facebookconnect 
2012-07-30T10:41:06-03:00 DEBUG (7): ydadmin-ThinkPad-X220-Tablet serving lieferando.de.testing CUSTOMER FIDELITY - could not clear cache for transactionsfidelity43a28b6df0a5a8bb018e642edbcc5e24 
2012-07-30T10:41:06-03:00 DEBUG (7): ydadmin-ThinkPad-X220-Tablet serving lieferando.de.testing CUSTOMER FIDELITY - could not clear cache for open1fidelity43a28b6df0a5a8bb018e642edbcc5e24 
2012-07-30T10:41:06-03:00 DEBUG (7): ydadmin-ThinkPad-X220-Tablet serving lieferando.de.testing CUSTOMER FIDELITY - could not clear cache for open0fidelity43a28b6df0a5a8bb018e642edbcc5e24 
2012-07-30T10:41:07-03:00 DEBUG (7): ydadmin-ThinkPad-X220-Tablet serving lieferando.de.testing updating model Default_Model_Base #258460 with modified data :: Array(    [title] => Herr/Frau    [name] => Naie    [prename] => Jens    [email] => jonz@kybernaut.de    [password] =>     [lang] => de    [sex] => m    [tel] =>     [privmail] =>     [autologin] => 0    [start] => 1    [lastlogin] => 2012-07-30 10:41:07    [countLogin] => 1    [deleted] => 0    [permanentDiscountId] =>     [ktoName] =>     [ktoNr] =>     [ktoBlz] =>     [updated] => 2012-07-30 10:41:07    [birthday] => 1971-09-03    [source] =>     [addition] =>     [facebookId] => 690363597    [facebookPost] => 1    [profileImage] => 1343655665.jpg    [nickname] =>     [whitelist] => 0    [anrede] => Herr) 
2012-07-30T10:41:07-03:00 DEBUG (7): ydadmin-ThinkPad-X220-Tablet serving lieferando.de.testing PIWIK: tracking customer variable customerId at value 258460 
2012-07-30T10:41:07-03:00 INFO (6): ydadmin-ThinkPad-X220-Tablet serving lieferando.de.testing User  successfully logged in 
2012-07-30T10:41:07-03:00 DEBUG (7): ydadmin-ThinkPad-X220-Tablet serving lieferando.de.testing PIWIK: tracking customer variable customerId at value 258460 
2012-07-30T10:41:07-03:00 DEBUG (7): ydadmin-ThinkPad-X220-Tablet serving lieferando.de.testing PIWIK: tracking goal registerpage with revenue 0 
2012-07-30T10:41:07-03:00 DEBUG (7): ydadmin-ThinkPad-X220-Tablet serving lieferando.de.testing SMARTY: did not find template user/all-settings.htm in lieferando.de layout, switching successfully back to default 
2012-07-30T10:41:07-03:00 DEBUG (7): ydadmin-ThinkPad-X220-Tablet serving lieferando.de.testing SMARTY: rendering template user/all-settings.htm 
2012-07-30T10:41:45-03:00 DEBUG (7): ydadmin-ThinkPad-X220-Tablet serving lieferando.de.testing saved model Yourdelivery_Model_Location with id #236438 new data :: Array(    [tel] => 56756787    [sex] => m    [newsletter] => 0    [prename] => Jens    [name] => Naie    [birthday_day] => 3    [birthday_month] => 9    [birthday_year] => 1971    [hausnr] => 546    [cityId] => 19943    [plz] => 12437    [street] => ztutzui    [comment] =>     [customerId] => 258460    [primary] => 1) 
2012-07-30T10:41:45-03:00 DEBUG (7): ydadmin-ThinkPad-X220-Tablet serving lieferando.de.testing updating model Default_Model_Base #258460 with modified data :: Array(    [title] => Herr/Frau    [name] => Naie    [prename] => Jens    [email] => jonz@kybernaut.de    [password] =>     [lang] => de    [sex] => m    [tel] => 56756787    [privmail] =>     [autologin] => 0    [start] => 1    [lastlogin] => 2012-07-30 10:41:07    [countLogin] => 1    [deleted] => 0    [permanentDiscountId] =>     [ktoName] =>     [ktoNr] =>     [ktoBlz] =>     [updated] => 2012-07-30 10:41:45    [birthday] => 1971-09-03    [source] =>     [addition] =>     [facebookId] => 690363597    [facebookPost] => 1    [profileImage] => 1343655665.jpg    [nickname] =>     [whitelist] => 0    [anrede] => Herr    [newsletter] => 0    [birthday_day] => 3    [birthday_month] => 9    [birthday_year] => 1971    [hausnr] => 546    [cityId] => 19943    [plz] => 12437 Berlin (Baumschulenweg)    [street] => ztutzui) 
2012-07-30T10:41:45-03:00 DEBUG (7): ydadmin-ThinkPad-X220-Tablet serving lieferando.de.testing PIWIK: tracking goal registered with revenue 0 
2012-07-30T10:41:45-03:00 DEBUG (7): ydadmin-ThinkPad-X220-Tablet serving lieferando.de.testing SMARTY: did not find template user/registered.htm in lieferando.de layout, switching successfully back to default 
2012-07-30T10:41:45-03:00 DEBUG (7): ydadmin-ThinkPad-X220-Tablet serving lieferando.de.testing SMARTY: rendering template user/registered.htm 
2012-07-30T10:41:52-03:00 DEBUG (7): ydadmin-ThinkPad-X220-Tablet serving lieferando.de.testing SMARTY: did not find template order/private/start.htm in lieferando.de layout, switching successfully back to default 
2012-07-30T10:41:52-03:00 DEBUG (7): ydadmin-ThinkPad-X220-Tablet serving lieferando.de.testing SMARTY: rendering template order/private/start.htm 
2012-07-30T10:41:52-03:00 DEBUG (7): ydadmin-ThinkPad-X220-Tablet serving lieferando.de.testing search UNRATED ORDERS (limit 5 - start 0) for customer #258460 jonz@kybernaut.de - unratedOrderCount: 1 
2012-07-30T10:41:52-03:00 DEBUG (7): ydadmin-ThinkPad-X220-Tablet serving lieferando.de.testing found 5 points for action rate_high 
2012-07-30T10:41:52-03:00 DEBUG (7): ydadmin-ThinkPad-X220-Tablet serving lieferando.de.testing found 8 points for action accountimage 
2012-07-30T10:41:52-03:00 DEBUG (7): ydadmin-ThinkPad-X220-Tablet serving lieferando.de.testing FIDELITY - OPEN ACTIONS: could not store for id:  open0fidelity43a28b6df0a5a8bb018e642edbcc5e24 
2012-07-30T10:41:52-03:00 DEBUG (7): ydadmin-ThinkPad-X220-Tablet serving lieferando.de.testing FIDELITY - OPEN ACTIONS: variable was already set - don't recalculating 
2012-07-30T10:41:52-03:00 DEBUG (7): ydadmin-ThinkPad-X220-Tablet serving lieferando.de.testing show ratingLink for order #1299577 
2012-07-30T10:41:58-03:00 DEBUG (7): ydadmin-ThinkPad-X220-Tablet serving lieferando.de.testing SMARTY: did not find template user/index.htm in lieferando.de layout, switching successfully back to default 
2012-07-30T10:41:58-03:00 DEBUG (7): ydadmin-ThinkPad-X220-Tablet serving lieferando.de.testing SMARTY: rendering template user/index.htm 
2012-07-30T10:41:58-03:00 DEBUG (7): ydadmin-ThinkPad-X220-Tablet serving lieferando.de.testing search UNRATED ORDERS (limit 5 - start 0) for customer #258460 jonz@kybernaut.de - unratedOrderCount: 1 
2012-07-30T10:41:58-03:00 DEBUG (7): ydadmin-ThinkPad-X220-Tablet serving lieferando.de.testing found 5 points for action rate_high 
2012-07-30T10:41:58-03:00 DEBUG (7): ydadmin-ThinkPad-X220-Tablet serving lieferando.de.testing found 8 points for action accountimage 
2012-07-30T10:41:58-03:00 DEBUG (7): ydadmin-ThinkPad-X220-Tablet serving lieferando.de.testing FIDELITY - OPEN ACTIONS: could not store for id:  open0fidelity43a28b6df0a5a8bb018e642edbcc5e24 
2012-07-30T10:46:57-03:00 DEBUG (7): ydadmin-ThinkPad-X220-Tablet serving lieferando.de.testing SMARTY: did not find template user/socialnetworks.htm in lieferando.de layout, switching successfully back to default 
2012-07-30T10:46:57-03:00 DEBUG (7): ydadmin-ThinkPad-X220-Tablet serving lieferando.de.testing SMARTY: rendering template user/socialnetworks.htm 
2012-07-30T10:48:34-03:00 DEBUG (7): ydadmin-ThinkPad-X220-Tablet serving lieferando.de.testing SMARTY: did not find template user/socialnetworks.htm in lieferando.de layout, switching successfully back to default 
2012-07-30T10:48:34-03:00 DEBUG (7): ydadmin-ThinkPad-X220-Tablet serving lieferando.de.testing SMARTY: rendering template user/socialnetworks.htm 
2012-07-30T10:48:56-03:00 DEBUG (7): ydadmin-ThinkPad-X220-Tablet serving lieferando.de.testing SMARTY: did not find template user/socialnetworks.htm in lieferando.de layout, switching successfully back to default 
2012-07-30T10:48:56-03:00 DEBUG (7): ydadmin-ThinkPad-X220-Tablet serving lieferando.de.testing SMARTY: rendering template user/socialnetworks.htm 
2012-07-30T10:49:15-03:00 DEBUG (7): ydadmin-ThinkPad-X220-Tablet serving lieferando.de.testing SMARTY: did not find template user/socialnetworks.htm in lieferando.de layout, switching successfully back to default 
2012-07-30T10:49:15-03:00 DEBUG (7): ydadmin-ThinkPad-X220-Tablet serving lieferando.de.testing SMARTY: rendering template user/socialnetworks.htm 
2012-07-30T10:49:23-03:00 DEBUG (7): ydadmin-ThinkPad-X220-Tablet serving lieferando.de.testing updating model Default_Model_Base #1270686 with modified data :: Array(    [email] => jonz@kybernaut.de    [transactionData] => <a href=\"http://www.facebook.com/690363597\">Jens Naie</a>    [status] => -1    [action] => facebookconnect    [points] => 15    [updated] => 2012-07-30 10:49:23) 
2012-07-30T10:49:23-03:00 INFO (6): ydadmin-ThinkPad-X220-Tablet serving lieferando.de.testing successfully modifed transaction #1270686 of customer jonz@kybernaut.de to status -1 
2012-07-30T10:49:23-03:00 DEBUG (7): ydadmin-ThinkPad-X220-Tablet serving lieferando.de.testing CUSTOMER FIDELITY - could not clear cache for transactionsfidelity43a28b6df0a5a8bb018e642edbcc5e24 
2012-07-30T10:49:23-03:00 DEBUG (7): ydadmin-ThinkPad-X220-Tablet serving lieferando.de.testing CUSTOMER FIDELITY - could not clear cache for open1fidelity43a28b6df0a5a8bb018e642edbcc5e24 
2012-07-30T10:49:23-03:00 DEBUG (7): ydadmin-ThinkPad-X220-Tablet serving lieferando.de.testing CUSTOMER FIDELITY - could not clear cache for open0fidelity43a28b6df0a5a8bb018e642edbcc5e24 
2012-07-30T10:49:24-03:00 DEBUG (7): ydadmin-ThinkPad-X220-Tablet serving lieferando.de.testing updating model Default_Model_Base #258460 with modified data :: Array(    [title] => Herr/Frau    [name] => Naie    [prename] => Jens    [email] => jonz@kybernaut.de    [password] =>     [lang] => de    [sex] => m    [tel] => 56756787    [privmail] =>     [autologin] => 0    [start] => 1    [lastlogin] => 2012-07-30 10:41:07    [countLogin] => 1    [deleted] => 0    [permanentDiscountId] =>     [ktoName] =>     [ktoNr] =>     [ktoBlz] =>     [updated] => 2012-07-30 10:49:24    [birthday] => 1971-09-03    [source] =>     [addition] =>     [facebookId] =>     [facebookPost] => 1    [profileImage] => 1343655665.jpg    [nickname] =>     [whitelist] => 0    [anrede] => Herr) 
2012-07-30T10:49:24-03:00 DEBUG (7): ydadmin-ThinkPad-X220-Tablet serving lieferando.de.testing CUSTOMER - could not clear cache for limit 1 id: rated_5_0customer258460 
2012-07-30T10:49:24-03:00 DEBUG (7): ydadmin-ThinkPad-X220-Tablet serving lieferando.de.testing CUSTOMER - could not clear cache for limit 1 id: rated_10_0customer258460 
2012-07-30T10:49:24-03:00 DEBUG (7): ydadmin-ThinkPad-X220-Tablet serving lieferando.de.testing CUSTOMER - could not clear cache for limit 1 id: rated_25_0customer258460 
2012-07-30T10:49:24-03:00 DEBUG (7): ydadmin-ThinkPad-X220-Tablet serving lieferando.de.testing CUSTOMER - could not clear cache for limit 1 id: rated_50_0customer258460 
2012-07-30T10:49:24-03:00 DEBUG (7): ydadmin-ThinkPad-X220-Tablet serving lieferando.de.testing CUSTOMER - could not clear cache for limit 1 id: rated_100_0customer258460 
2012-07-30T10:49:24-03:00 DEBUG (7): ydadmin-ThinkPad-X220-Tablet serving lieferando.de.testing CUSTOMER - could not clear cache for limit 1 id: unrated_5_0customer258460 
2012-07-30T10:49:24-03:00 DEBUG (7): ydadmin-ThinkPad-X220-Tablet serving lieferando.de.testing CUSTOMER - could not clear cache for limit 1 id: unrated_10_0customer258460 
2012-07-30T10:49:24-03:00 DEBUG (7): ydadmin-ThinkPad-X220-Tablet serving lieferando.de.testing CUSTOMER - could not clear cache for limit 1 id: unrated_25_0customer258460 
2012-07-30T10:49:24-03:00 DEBUG (7): ydadmin-ThinkPad-X220-Tablet serving lieferando.de.testing CUSTOMER - could not clear cache for limit 1 id: unrated_50_0customer258460 
2012-07-30T10:49:24-03:00 DEBUG (7): ydadmin-ThinkPad-X220-Tablet serving lieferando.de.testing CUSTOMER - could not clear cache for limit 1 id: unrated_100_0customer258460 
2012-07-30T10:49:24-03:00 DEBUG (7): ydadmin-ThinkPad-X220-Tablet serving lieferando.de.testing CUSTOMER FIDELITY - could not clear cache for transactionsfidelity43a28b6df0a5a8bb018e642edbcc5e24 
2012-07-30T10:49:24-03:00 DEBUG (7): ydadmin-ThinkPad-X220-Tablet serving lieferando.de.testing CUSTOMER FIDELITY - could not clear cache for open1fidelity43a28b6df0a5a8bb018e642edbcc5e24 
2012-07-30T10:49:24-03:00 DEBUG (7): ydadmin-ThinkPad-X220-Tablet serving lieferando.de.testing CUSTOMER FIDELITY - could not clear cache for open0fidelity43a28b6df0a5a8bb018e642edbcc5e24 
2012-07-30T10:49:24-03:00 DEBUG (7): ydadmin-ThinkPad-X220-Tablet serving lieferando.de.testing SMARTY: did not find template user/settings.htm in lieferando.de layout, switching successfully back to default 
2012-07-30T10:49:24-03:00 DEBUG (7): ydadmin-ThinkPad-X220-Tablet serving lieferando.de.testing SMARTY: rendering template user/settings.htm 
2012-07-30T10:49:42-03:00 DEBUG (7): ydadmin-ThinkPad-X220-Tablet serving lieferando.de.testing saved model Yourdelivery_Model_Newsletterrecipients with id #193687 new data :: Array(    [email] => jonz@kybernaut.de    [status] =>     [affirmed] => ) 
2012-07-30T10:49:42-03:00 DEBUG (7): ydadmin-ThinkPad-X220-Tablet serving lieferando.de.testing updating model Default_Model_Base #258460 with modified data :: Array(    [title] => Herr/Frau    [name] => Naie    [prename] => Jens    [email] => jonz@kybernaut.de    [password] => 9a8626a84a351341b0c09a37e5bf71fa    [lang] => de    [sex] => m    [tel] => 56756787    [privmail] =>     [autologin] => 0    [start] => 1    [lastlogin] => 2012-07-30 10:41:07    [countLogin] => 1    [deleted] => 0    [permanentDiscountId] =>     [ktoName] =>     [ktoNr] =>     [ktoBlz] =>     [updated] => 2012-07-30 10:49:42    [birthday] => 1971-09-03    [source] =>     [addition] =>     [facebookId] =>     [facebookPost] => 1    [profileImage] => 1343655665.jpg    [nickname] =>     [whitelist] => 0    [anrede] => Herr) 
2012-07-30T10:49:42-03:00 DEBUG (7): ydadmin-ThinkPad-X220-Tablet serving lieferando.de.testing CUSTOMER FIDELITY - could not clear cache for transactionsfidelity43a28b6df0a5a8bb018e642edbcc5e24 
2012-07-30T10:49:42-03:00 DEBUG (7): ydadmin-ThinkPad-X220-Tablet serving lieferando.de.testing CUSTOMER FIDELITY - could not clear cache for open1fidelity43a28b6df0a5a8bb018e642edbcc5e24 
2012-07-30T10:49:42-03:00 DEBUG (7): ydadmin-ThinkPad-X220-Tablet serving lieferando.de.testing CUSTOMER FIDELITY - could not clear cache for open0fidelity43a28b6df0a5a8bb018e642edbcc5e24 
2012-07-30T10:49:42-03:00 DEBUG (7): ydadmin-ThinkPad-X220-Tablet serving lieferando.de.testing CUSTOMER - could not clear cache for limit 1 id: rated_5_0customer258460 
2012-07-30T10:49:42-03:00 DEBUG (7): ydadmin-ThinkPad-X220-Tablet serving lieferando.de.testing CUSTOMER - could not clear cache for limit 1 id: rated_10_0customer258460 
2012-07-30T10:49:42-03:00 DEBUG (7): ydadmin-ThinkPad-X220-Tablet serving lieferando.de.testing CUSTOMER - could not clear cache for limit 1 id: rated_25_0customer258460 
2012-07-30T10:49:42-03:00 DEBUG (7): ydadmin-ThinkPad-X220-Tablet serving lieferando.de.testing CUSTOMER - could not clear cache for limit 1 id: rated_50_0customer258460 
2012-07-30T10:49:42-03:00 DEBUG (7): ydadmin-ThinkPad-X220-Tablet serving lieferando.de.testing CUSTOMER - could not clear cache for limit 1 id: rated_100_0customer258460 
2012-07-30T10:49:42-03:00 DEBUG (7): ydadmin-ThinkPad-X220-Tablet serving lieferando.de.testing CUSTOMER - could not clear cache for limit 1 id: unrated_5_0customer258460 
2012-07-30T10:49:42-03:00 DEBUG (7): ydadmin-ThinkPad-X220-Tablet serving lieferando.de.testing CUSTOMER - could not clear cache for limit 1 id: unrated_10_0customer258460 
2012-07-30T10:49:42-03:00 DEBUG (7): ydadmin-ThinkPad-X220-Tablet serving lieferando.de.testing CUSTOMER - could not clear cache for limit 1 id: unrated_25_0customer258460 
2012-07-30T10:49:42-03:00 DEBUG (7): ydadmin-ThinkPad-X220-Tablet serving lieferando.de.testing CUSTOMER - could not clear cache for limit 1 id: unrated_50_0customer258460 
2012-07-30T10:49:42-03:00 DEBUG (7): ydadmin-ThinkPad-X220-Tablet serving lieferando.de.testing CUSTOMER - could not clear cache for limit 1 id: unrated_100_0customer258460 
2012-07-30T10:49:42-03:00 DEBUG (7): ydadmin-ThinkPad-X220-Tablet serving lieferando.de.testing CUSTOMER FIDELITY - could not clear cache for transactionsfidelity43a28b6df0a5a8bb018e642edbcc5e24 
2012-07-30T10:49:42-03:00 DEBUG (7): ydadmin-ThinkPad-X220-Tablet serving lieferando.de.testing CUSTOMER FIDELITY - could not clear cache for open1fidelity43a28b6df0a5a8bb018e642edbcc5e24 
2012-07-30T10:49:42-03:00 DEBUG (7): ydadmin-ThinkPad-X220-Tablet serving lieferando.de.testing CUSTOMER FIDELITY - could not clear cache for open0fidelity43a28b6df0a5a8bb018e642edbcc5e24 
2012-07-30T10:49:42-03:00 DEBUG (7): ydadmin-ThinkPad-X220-Tablet serving lieferando.de.testing SMARTY: did not find template user/settings.htm in lieferando.de layout, switching successfully back to default 
2012-07-30T10:49:42-03:00 DEBUG (7): ydadmin-ThinkPad-X220-Tablet serving lieferando.de.testing SMARTY: rendering template user/settings.htm 
2012-07-30T10:56:53-03:00 DEBUG (7): ydadmin-ThinkPad-X220-Tablet serving lieferando.de.testing PIWIK: tracking customer variable customerId at value  
2012-07-30T10:56:54-03:00 DEBUG (7): ydadmin-ThinkPad-X220-Tablet serving lieferando.de.testing SMARTY: did not find template index/index.htm in lieferando.de layout, switching successfully back to default 
2012-07-30T10:56:54-03:00 DEBUG (7): ydadmin-ThinkPad-X220-Tablet serving lieferando.de.testing SMARTY: rendering template index/index.htm 
2012-07-30T10:56:54-03:00 DEBUG (7): ydadmin-ThinkPad-X220-Tablet serving lieferando.de.testing SMARTY: caching /home/ydadmin/htdocs/lieferando/application/../public/cache/html/www.yourdelivery.local/index.html 
2012-07-30T10:57:01-03:00 DEBUG (7): ydadmin-ThinkPad-X220-Tablet serving lieferando.de.testing no post 
2012-07-30T10:57:01-03:00 DEBUG (7): ydadmin-ThinkPad-X220-Tablet serving lieferando.de.testing PIWIK: tracking goal registerpage with revenue 0 
2012-07-30T10:57:01-03:00 DEBUG (7): ydadmin-ThinkPad-X220-Tablet serving lieferando.de.testing SMARTY: did not find template user/register.htm in lieferando.de layout, switching successfully back to default 
2012-07-30T10:57:01-03:00 DEBUG (7): ydadmin-ThinkPad-X220-Tablet serving lieferando.de.testing SMARTY: rendering template user/register.htm 
2012-07-30T10:57:24-03:00 DEBUG (7): ydadmin-ThinkPad-X220-Tablet serving lieferando.de.testing saved model Yourdelivery_Model_Customer with id #258461 new data :: Array(    [name] => Naie    [prename] => Jens    [email] => jonz@kybernaut.de    [lang] => de    [facebookId] => 690363597    [birthday] => 1971-09-03    [sex] => m) 
2012-07-30T10:57:24-03:00 INFO (6): ydadmin-ThinkPad-X220-Tablet serving lieferando.de.testing successfully created customer #258461 Jens Naie via facebook-login - facebookId 690363597 
2012-07-30T10:58:57-03:00 INFO (6): ydadmin-ThinkPad-X220-Tablet serving lieferando.de.testing customer #258461 Jens Naie already a facebook user - facebookId 690363597 
2012-07-30T10:58:57-03:00 DEBUG (7): ydadmin-ThinkPad-X220-Tablet serving lieferando.de.testing updating model Default_Model_Base #258461 with modified data :: Array(    [title] => Herr/Frau    [name] => Naie    [prename] => Jens    [email] => jonz@kybernaut.de    [password] =>     [lang] => de    [sex] => m    [tel] =>     [privmail] =>     [autologin] => 0    [start] => 1    [lastlogin] => 2012-07-30 10:58:57    [countLogin] => 1    [deleted] => 0    [permanentDiscountId] =>     [ktoName] =>     [ktoNr] =>     [ktoBlz] =>     [updated] => 2012-07-30 10:58:57    [birthday] => 1971-09-03    [source] =>     [addition] =>     [facebookId] => 690363597    [facebookPost] => 1    [profileImage] =>     [nickname] =>     [whitelist] => 0    [anrede] => Herr) 
2012-07-30T10:58:58-03:00 DEBUG (7): ydadmin-ThinkPad-X220-Tablet serving lieferando.de.testing PIWIK: tracking customer variable customerId at value 258461 
2012-07-30T10:58:58-03:00 INFO (6): ydadmin-ThinkPad-X220-Tablet serving lieferando.de.testing User  successfully logged in 
2012-07-30T10:58:58-03:00 DEBUG (7): ydadmin-ThinkPad-X220-Tablet serving lieferando.de.testing PIWIK: tracking customer variable customerId at value 258461 
2012-07-30T10:58:58-03:00 DEBUG (7): ydadmin-ThinkPad-X220-Tablet serving lieferando.de.testing PIWIK: tracking goal registerpage with revenue 0 
2012-07-30T10:58:58-03:00 DEBUG (7): ydadmin-ThinkPad-X220-Tablet serving lieferando.de.testing SMARTY: did not find template user/all-settings.htm in lieferando.de layout, switching successfully back to default 
2012-07-30T10:58:58-03:00 DEBUG (7): ydadmin-ThinkPad-X220-Tablet serving lieferando.de.testing SMARTY: rendering template user/all-settings.htm 
2012-07-30T10:59:33-03:00 DEBUG (7): ydadmin-ThinkPad-X220-Tablet serving lieferando.de.testing CUSTOMER FIDELITY - could not clear cache for transactionsfidelity43a28b6df0a5a8bb018e642edbcc5e24 
2012-07-30T10:59:33-03:00 DEBUG (7): ydadmin-ThinkPad-X220-Tablet serving lieferando.de.testing CUSTOMER FIDELITY - could not clear cache for open1fidelity43a28b6df0a5a8bb018e642edbcc5e24 
2012-07-30T10:59:33-03:00 DEBUG (7): ydadmin-ThinkPad-X220-Tablet serving lieferando.de.testing CUSTOMER FIDELITY - could not clear cache for open0fidelity43a28b6df0a5a8bb018e642edbcc5e24 
2012-07-30T10:59:33-03:00 DEBUG (7): ydadmin-ThinkPad-X220-Tablet serving lieferando.de.testing CUSTOMER - could not clear cache for limit 1 id: rated_5_0customer258461 
2012-07-30T10:59:33-03:00 DEBUG (7): ydadmin-ThinkPad-X220-Tablet serving lieferando.de.testing CUSTOMER - could not clear cache for limit 1 id: rated_10_0customer258461 
2012-07-30T10:59:33-03:00 DEBUG (7): ydadmin-ThinkPad-X220-Tablet serving lieferando.de.testing CUSTOMER - could not clear cache for limit 1 id: rated_25_0customer258461 
2012-07-30T10:59:33-03:00 DEBUG (7): ydadmin-ThinkPad-X220-Tablet serving lieferando.de.testing CUSTOMER - could not clear cache for limit 1 id: rated_50_0customer258461 
2012-07-30T10:59:33-03:00 DEBUG (7): ydadmin-ThinkPad-X220-Tablet serving lieferando.de.testing CUSTOMER - could not clear cache for limit 1 id: rated_100_0customer258461 
2012-07-30T10:59:33-03:00 DEBUG (7): ydadmin-ThinkPad-X220-Tablet serving lieferando.de.testing CUSTOMER - could not clear cache for limit 1 id: unrated_5_0customer258461 
2012-07-30T10:59:33-03:00 DEBUG (7): ydadmin-ThinkPad-X220-Tablet serving lieferando.de.testing CUSTOMER - could not clear cache for limit 1 id: unrated_10_0customer258461 
2012-07-30T10:59:33-03:00 DEBUG (7): ydadmin-ThinkPad-X220-Tablet serving lieferando.de.testing CUSTOMER - could not clear cache for limit 1 id: unrated_25_0customer258461 
2012-07-30T10:59:33-03:00 DEBUG (7): ydadmin-ThinkPad-X220-Tablet serving lieferando.de.testing CUSTOMER - could not clear cache for limit 1 id: unrated_50_0customer258461 
2012-07-30T10:59:33-03:00 DEBUG (7): ydadmin-ThinkPad-X220-Tablet serving lieferando.de.testing CUSTOMER - could not clear cache for limit 1 id: unrated_100_0customer258461 
2012-07-30T10:59:33-03:00 DEBUG (7): ydadmin-ThinkPad-X220-Tablet serving lieferando.de.testing CUSTOMER FIDELITY - could not clear cache for transactionsfidelity43a28b6df0a5a8bb018e642edbcc5e24 
2012-07-30T10:59:33-03:00 DEBUG (7): ydadmin-ThinkPad-X220-Tablet serving lieferando.de.testing CUSTOMER FIDELITY - could not clear cache for open1fidelity43a28b6df0a5a8bb018e642edbcc5e24 
2012-07-30T10:59:33-03:00 DEBUG (7): ydadmin-ThinkPad-X220-Tablet serving lieferando.de.testing CUSTOMER FIDELITY - could not clear cache for open0fidelity43a28b6df0a5a8bb018e642edbcc5e24 
2012-07-30T10:59:33-03:00 DEBUG (7): ydadmin-ThinkPad-X220-Tablet serving lieferando.de.testing PIWIK: tracking customer variable customerId at value 0 
2012-07-30T10:59:33-03:00 DEBUG (7): ydadmin-ThinkPad-X220-Tablet serving lieferando.de.testing PIWIK: tracking customer variable customerId at value  
2012-07-30T10:59:34-03:00 DEBUG (7): ydadmin-ThinkPad-X220-Tablet serving lieferando.de.testing SMARTY: did not find template index/index.htm in lieferando.de layout, switching successfully back to default 
2012-07-30T10:59:34-03:00 DEBUG (7): ydadmin-ThinkPad-X220-Tablet serving lieferando.de.testing SMARTY: rendering template index/index.htm 
2012-07-30T10:59:34-03:00 DEBUG (7): ydadmin-ThinkPad-X220-Tablet serving lieferando.de.testing SMARTY: caching /home/ydadmin/htdocs/lieferando/application/../public/cache/html/www.yourdelivery.local/index.html 
2012-07-30T10:59:45-03:00 DEBUG (7): ydadmin-ThinkPad-X220-Tablet serving lieferando.de.testing saved model Yourdelivery_Model_Customer with id #258462 new data :: Array(    [name] => Naie    [prename] => Jens    [email] => jonz@kybernaut.de    [lang] => de    [facebookId] => 690363597    [birthday] => 1971-09-03    [sex] => m) 
2012-07-30T10:59:45-03:00 INFO (6): ydadmin-ThinkPad-X220-Tablet serving lieferando.de.testing successfully created customer #258462 Jens Naie via facebook-login - facebookId 690363597 
2012-07-30T11:01:20-03:00 INFO (6): ydadmin-ThinkPad-X220-Tablet serving lieferando.de.testing customer #258462 Jens Naie already a facebook user - facebookId 690363597 
2012-07-30T11:01:20-03:00 DEBUG (7): ydadmin-ThinkPad-X220-Tablet serving lieferando.de.testing updating model Default_Model_Base #258462 with modified data :: Array(    [title] => Herr/Frau    [name] => Naie    [prename] => Jens    [email] => jonz@kybernaut.de    [password] =>     [lang] => de    [sex] => m    [tel] =>     [privmail] =>     [autologin] => 0    [start] => 1    [lastlogin] => 2012-07-30 11:01:20    [countLogin] => 1    [deleted] => 0    [permanentDiscountId] =>     [ktoName] =>     [ktoNr] =>     [ktoBlz] =>     [updated] => 2012-07-30 11:01:20    [birthday] => 1971-09-03    [source] =>     [addition] =>     [facebookId] => 690363597    [facebookPost] => 1    [profileImage] =>     [nickname] =>     [whitelist] => 0    [anrede] => Herr) 
2012-07-30T11:01:20-03:00 DEBUG (7): ydadmin-ThinkPad-X220-Tablet serving lieferando.de.testing PIWIK: tracking customer variable customerId at value 258462 
2012-07-30T11:01:20-03:00 INFO (6): ydadmin-ThinkPad-X220-Tablet serving lieferando.de.testing User  successfully logged in 
2012-07-30T11:01:21-03:00 DEBUG (7): ydadmin-ThinkPad-X220-Tablet serving lieferando.de.testing PIWIK: tracking customer variable customerId at value 258462 
2012-07-30T11:01:21-03:00 DEBUG (7): ydadmin-ThinkPad-X220-Tablet serving lieferando.de.testing PIWIK: tracking goal registerpage with revenue 0 
2012-07-30T11:01:21-03:00 DEBUG (7): ydadmin-ThinkPad-X220-Tablet serving lieferando.de.testing SMARTY: did not find template user/all-settings.htm in lieferando.de layout, switching successfully back to default 
2012-07-30T11:01:21-03:00 DEBUG (7): ydadmin-ThinkPad-X220-Tablet serving lieferando.de.testing SMARTY: rendering template user/all-settings.htm 
2012-07-30T11:01:27-03:00 DEBUG (7): ydadmin-ThinkPad-X220-Tablet serving lieferando.de.testing SMARTY: did not find template user/index.htm in lieferando.de layout, switching successfully back to default 
2012-07-30T11:01:27-03:00 DEBUG (7): ydadmin-ThinkPad-X220-Tablet serving lieferando.de.testing SMARTY: rendering template user/index.htm 
2012-07-30T11:01:28-03:00 DEBUG (7): ydadmin-ThinkPad-X220-Tablet serving lieferando.de.testing search UNRATED ORDERS (limit 5 - start 0) for customer #258462 jonz@kybernaut.de - unratedOrderCount: 1 
2012-07-30T11:01:28-03:00 DEBUG (7): ydadmin-ThinkPad-X220-Tablet serving lieferando.de.testing found 5 points for action rate_high 
2012-07-30T11:01:28-03:00 DEBUG (7): ydadmin-ThinkPad-X220-Tablet serving lieferando.de.testing found 8 points for action accountimage 
2012-07-30T11:01:28-03:00 DEBUG (7): ydadmin-ThinkPad-X220-Tablet serving lieferando.de.testing FIDELITY - OPEN ACTIONS: could not store for id:  open0fidelity43a28b6df0a5a8bb018e642edbcc5e24 
2012-07-30T11:01:42-03:00 DEBUG (7): ydadmin-ThinkPad-X220-Tablet serving lieferando.de.testing CUSTOMER FIDELITY - could not clear cache for transactionsfidelity43a28b6df0a5a8bb018e642edbcc5e24 
2012-07-30T11:01:42-03:00 DEBUG (7): ydadmin-ThinkPad-X220-Tablet serving lieferando.de.testing CUSTOMER FIDELITY - could not clear cache for open1fidelity43a28b6df0a5a8bb018e642edbcc5e24 
2012-07-30T11:01:42-03:00 DEBUG (7): ydadmin-ThinkPad-X220-Tablet serving lieferando.de.testing CUSTOMER FIDELITY - could not clear cache for open0fidelity43a28b6df0a5a8bb018e642edbcc5e24 
2012-07-30T11:01:42-03:00 DEBUG (7): ydadmin-ThinkPad-X220-Tablet serving lieferando.de.testing CUSTOMER - could not clear cache for limit 1 id: rated_5_0customer258462 
2012-07-30T11:01:42-03:00 DEBUG (7): ydadmin-ThinkPad-X220-Tablet serving lieferando.de.testing CUSTOMER - could not clear cache for limit 1 id: rated_10_0customer258462 
2012-07-30T11:01:42-03:00 DEBUG (7): ydadmin-ThinkPad-X220-Tablet serving lieferando.de.testing CUSTOMER - could not clear cache for limit 1 id: rated_25_0customer258462 
2012-07-30T11:01:42-03:00 DEBUG (7): ydadmin-ThinkPad-X220-Tablet serving lieferando.de.testing CUSTOMER - could not clear cache for limit 1 id: rated_50_0customer258462 
2012-07-30T11:01:42-03:00 DEBUG (7): ydadmin-ThinkPad-X220-Tablet serving lieferando.de.testing CUSTOMER - could not clear cache for limit 1 id: rated_100_0customer258462 
2012-07-30T11:01:42-03:00 DEBUG (7): ydadmin-ThinkPad-X220-Tablet serving lieferando.de.testing CUSTOMER - could not clear cache for limit 1 id: unrated_5_0customer258462 
2012-07-30T11:01:42-03:00 DEBUG (7): ydadmin-ThinkPad-X220-Tablet serving lieferando.de.testing CUSTOMER - could not clear cache for limit 1 id: unrated_10_0customer258462 
2012-07-30T11:01:42-03:00 DEBUG (7): ydadmin-ThinkPad-X220-Tablet serving lieferando.de.testing CUSTOMER - could not clear cache for limit 1 id: unrated_25_0customer258462 
2012-07-30T11:01:42-03:00 DEBUG (7): ydadmin-ThinkPad-X220-Tablet serving lieferando.de.testing CUSTOMER - could not clear cache for limit 1 id: unrated_50_0customer258462 
2012-07-30T11:01:42-03:00 DEBUG (7): ydadmin-ThinkPad-X220-Tablet serving lieferando.de.testing CUSTOMER - could not clear cache for limit 1 id: unrated_100_0customer258462 
2012-07-30T11:01:42-03:00 DEBUG (7): ydadmin-ThinkPad-X220-Tablet serving lieferando.de.testing CUSTOMER FIDELITY - could not clear cache for transactionsfidelity43a28b6df0a5a8bb018e642edbcc5e24 
2012-07-30T11:01:42-03:00 DEBUG (7): ydadmin-ThinkPad-X220-Tablet serving lieferando.de.testing CUSTOMER FIDELITY - could not clear cache for open1fidelity43a28b6df0a5a8bb018e642edbcc5e24 
2012-07-30T11:01:42-03:00 DEBUG (7): ydadmin-ThinkPad-X220-Tablet serving lieferando.de.testing CUSTOMER FIDELITY - could not clear cache for open0fidelity43a28b6df0a5a8bb018e642edbcc5e24 
2012-07-30T11:01:42-03:00 DEBUG (7): ydadmin-ThinkPad-X220-Tablet serving lieferando.de.testing PIWIK: tracking customer variable customerId at value 0 
2012-07-30T11:01:42-03:00 DEBUG (7): ydadmin-ThinkPad-X220-Tablet serving lieferando.de.testing PIWIK: tracking customer variable customerId at value  
2012-07-30T11:03:16-03:00 DEBUG (7): ydadmin-ThinkPad-X220-Tablet serving lieferando.de.testing no post 
2012-07-30T11:03:16-03:00 DEBUG (7): ydadmin-ThinkPad-X220-Tablet serving lieferando.de.testing PIWIK: tracking goal registerpage with revenue 0 
2012-07-30T11:03:16-03:00 DEBUG (7): ydadmin-ThinkPad-X220-Tablet serving lieferando.de.testing SMARTY: did not find template user/register.htm in lieferando.de layout, switching successfully back to default 
2012-07-30T11:03:16-03:00 DEBUG (7): ydadmin-ThinkPad-X220-Tablet serving lieferando.de.testing SMARTY: rendering template user/register.htm 
2012-07-30T11:03:23-03:00 DEBUG (7): ydadmin-ThinkPad-X220-Tablet serving lieferando.de.testing saved model Yourdelivery_Model_Customer with id #258463 new data :: Array(    [name] => Naie    [prename] => Jens    [email] => jonz@kybernaut.de    [lang] => de    [facebookId] => 690363597    [birthday] => 1971-09-03    [sex] => m) 
2012-07-30T11:03:23-03:00 INFO (6): ydadmin-ThinkPad-X220-Tablet serving lieferando.de.testing successfully created customer #258463 Jens Naie via facebook-login - facebookId 690363597 
2012-07-30T11:03:25-03:00 DEBUG (7): ydadmin-ThinkPad-X220-Tablet serving lieferando.de.testing S3: getting bucket from S3 storage 
2012-07-30T11:03:25-03:00 DEBUG (7): ydadmin-ThinkPad-X220-Tablet serving lieferando.de.testing S3: uploading file customers/258463/profile.jpg to S3 bucket lieferando.de.testing 
2012-07-30T11:03:25-03:00 DEBUG (7): ydadmin-ThinkPad-X220-Tablet serving lieferando.de.testing updating model Default_Model_Base #1270678 with modified data :: Array(    [email] => jonz@kybernaut.de    [transactionData] => 1343135542.jpg    [status] => 0    [action] => accountimage    [points] => 8    [updated] => 2012-07-30 11:03:25) 
2012-07-30T11:03:26-03:00 INFO (6): ydadmin-ThinkPad-X220-Tablet serving lieferando.de.testing successfully modifed transaction #1270678 of customer jonz@kybernaut.de to status 0 
2012-07-30T11:03:26-03:00 DEBUG (7): ydadmin-ThinkPad-X220-Tablet serving lieferando.de.testing CUSTOMER FIDELITY - could not clear cache for transactionsfidelity43a28b6df0a5a8bb018e642edbcc5e24 
2012-07-30T11:03:26-03:00 DEBUG (7): ydadmin-ThinkPad-X220-Tablet serving lieferando.de.testing CUSTOMER FIDELITY - could not clear cache for open1fidelity43a28b6df0a5a8bb018e642edbcc5e24 
2012-07-30T11:03:26-03:00 DEBUG (7): ydadmin-ThinkPad-X220-Tablet serving lieferando.de.testing CUSTOMER FIDELITY - could not clear cache for open0fidelity43a28b6df0a5a8bb018e642edbcc5e24 
2012-07-30T11:03:26-03:00 DEBUG (7): ydadmin-ThinkPad-X220-Tablet serving lieferando.de.testing updating model Default_Model_Base #258463 with modified data :: Array(    [name] => Naie    [prename] => Jens    [email] => jonz@kybernaut.de    [lang] => de    [facebookId] => 690363597    [birthday] => 1971-09-03    [sex] => m    [title] => Herr/Frau    [password] =>     [tel] =>     [privmail] =>     [autologin] => 0    [start] => 1    [lastlogin] => 0000-00-00 00:00:00    [countLogin] => 0    [deleted] => 0    [permanentDiscountId] =>     [ktoName] =>     [ktoNr] =>     [ktoBlz] =>     [updated] => 2012-07-30 11:03:26    [source] =>     [addition] =>     [facebookPost] => 1    [profileImage] => 1343657005.jpg    [nickname] =>     [whitelist] => 0) 
2012-07-30T11:03:26-03:00 DEBUG (7): ydadmin-ThinkPad-X220-Tablet serving lieferando.de.testing found 15 points for action facebookconnect 
2012-07-30T11:03:26-03:00 DEBUG (7): ydadmin-ThinkPad-X220-Tablet serving lieferando.de.testing saved model Yourdelivery_Model_Customer_FidelityTransaction with id #1270687 new data :: Array(    [email] => jonz@kybernaut.de    [action] => facebookconnect    [status] => 0    [points] => 15    [transactionData] => <a href=\"http://www.facebook.com/690363597\">Jens Naie</a>) 
2012-07-30T11:03:26-03:00 INFO (6): ydadmin-ThinkPad-X220-Tablet serving lieferando.de.testing successfully added 15 points to customer jonz@kybernaut.de for action facebookconnect 
2012-07-30T11:03:26-03:00 DEBUG (7): ydadmin-ThinkPad-X220-Tablet serving lieferando.de.testing CUSTOMER FIDELITY - could not clear cache for transactionsfidelity43a28b6df0a5a8bb018e642edbcc5e24 
2012-07-30T11:03:26-03:00 DEBUG (7): ydadmin-ThinkPad-X220-Tablet serving lieferando.de.testing CUSTOMER FIDELITY - could not clear cache for open1fidelity43a28b6df0a5a8bb018e642edbcc5e24 
2012-07-30T11:03:26-03:00 DEBUG (7): ydadmin-ThinkPad-X220-Tablet serving lieferando.de.testing CUSTOMER FIDELITY - could not clear cache for open0fidelity43a28b6df0a5a8bb018e642edbcc5e24 
2012-07-30T11:03:26-03:00 DEBUG (7): ydadmin-ThinkPad-X220-Tablet serving lieferando.de.testing updating model Default_Model_Base #258463 with modified data :: Array(    [title] => Herr/Frau    [name] => Naie    [prename] => Jens    [email] => jonz@kybernaut.de    [password] =>     [lang] => de    [sex] => m    [tel] =>     [privmail] =>     [autologin] => 0    [start] => 1    [lastlogin] => 2012-07-30 11:03:26    [countLogin] => 1    [deleted] => 0    [permanentDiscountId] =>     [ktoName] =>     [ktoNr] =>     [ktoBlz] =>     [updated] => 2012-07-30 11:03:26    [birthday] => 1971-09-03    [source] =>     [addition] =>     [facebookId] => 690363597    [facebookPost] => 1    [profileImage] => 1343657005.jpg    [nickname] =>     [whitelist] => 0    [anrede] => Herr) 
2012-07-30T11:03:26-03:00 DEBUG (7): ydadmin-ThinkPad-X220-Tablet serving lieferando.de.testing PIWIK: tracking customer variable customerId at value 258463 
2012-07-30T11:03:26-03:00 INFO (6): ydadmin-ThinkPad-X220-Tablet serving lieferando.de.testing User  successfully logged in 
2012-07-30T11:03:26-03:00 DEBUG (7): ydadmin-ThinkPad-X220-Tablet serving lieferando.de.testing PIWIK: tracking customer variable customerId at value 258463 
2012-07-30T11:03:26-03:00 DEBUG (7): ydadmin-ThinkPad-X220-Tablet serving lieferando.de.testing PIWIK: tracking goal registerpage with revenue 0 
2012-07-30T11:03:26-03:00 DEBUG (7): ydadmin-ThinkPad-X220-Tablet serving lieferando.de.testing SMARTY: did not find template user/all-settings.htm in lieferando.de layout, switching successfully back to default 
2012-07-30T11:03:26-03:00 DEBUG (7): ydadmin-ThinkPad-X220-Tablet serving lieferando.de.testing SMARTY: rendering template user/all-settings.htm 
2012-07-30T11:03:45-03:00 DEBUG (7): ydadmin-ThinkPad-X220-Tablet serving lieferando.de.testing saved model Yourdelivery_Model_Location with id #236439 new data :: Array(    [tel] => 34565467    [sex] => m    [newsletter] => 0    [prename] => Jens    [name] => Naie    [birthday_day] => 3    [birthday_month] => 9    [birthday_year] => 1971    [hausnr] => 12    [cityId] => 19943    [plz] => 12437    [street] => erzre    [comment] =>     [customerId] => 258463    [primary] => 1) 
2012-07-30T11:03:45-03:00 DEBUG (7): ydadmin-ThinkPad-X220-Tablet serving lieferando.de.testing updating model Default_Model_Base #258463 with modified data :: Array(    [title] => Herr/Frau    [name] => Naie    [prename] => Jens    [email] => jonz@kybernaut.de    [password] =>     [lang] => de    [sex] => m    [tel] => 34565467    [privmail] =>     [autologin] => 0    [start] => 1    [lastlogin] => 2012-07-30 11:03:26    [countLogin] => 1    [deleted] => 0    [permanentDiscountId] =>     [ktoName] =>     [ktoNr] =>     [ktoBlz] =>     [updated] => 2012-07-30 11:03:45    [birthday] => 1971-09-03    [source] =>     [addition] =>     [facebookId] => 690363597    [facebookPost] => 1    [profileImage] => 1343657005.jpg    [nickname] =>     [whitelist] => 0    [anrede] => Herr    [newsletter] => 0    [birthday_day] => 3    [birthday_month] => 9    [birthday_year] => 1971    [hausnr] => 12    [cityId] => 19943    [plz] => 12437 Berlin (Baumschulenweg)    [street] => erzre) 
2012-07-30T11:03:45-03:00 DEBUG (7): ydadmin-ThinkPad-X220-Tablet serving lieferando.de.testing PIWIK: tracking goal registered with revenue 0 
2012-07-30T11:03:45-03:00 DEBUG (7): ydadmin-ThinkPad-X220-Tablet serving lieferando.de.testing SMARTY: did not find template user/registered.htm in lieferando.de layout, switching successfully back to default 
2012-07-30T11:03:45-03:00 DEBUG (7): ydadmin-ThinkPad-X220-Tablet serving lieferando.de.testing SMARTY: rendering template user/registered.htm 
2012-07-30T11:03:52-03:00 DEBUG (7): ydadmin-ThinkPad-X220-Tablet serving lieferando.de.testing SMARTY: did not find template order/private/start.htm in lieferando.de layout, switching successfully back to default 
2012-07-30T11:03:52-03:00 DEBUG (7): ydadmin-ThinkPad-X220-Tablet serving lieferando.de.testing SMARTY: rendering template order/private/start.htm 
2012-07-30T11:03:53-03:00 DEBUG (7): ydadmin-ThinkPad-X220-Tablet serving lieferando.de.testing search UNRATED ORDERS (limit 5 - start 0) for customer #258463 jonz@kybernaut.de - unratedOrderCount: 1 
2012-07-30T11:03:53-03:00 DEBUG (7): ydadmin-ThinkPad-X220-Tablet serving lieferando.de.testing found 5 points for action rate_high 
2012-07-30T11:03:53-03:00 DEBUG (7): ydadmin-ThinkPad-X220-Tablet serving lieferando.de.testing found 8 points for action accountimage 
2012-07-30T11:03:53-03:00 DEBUG (7): ydadmin-ThinkPad-X220-Tablet serving lieferando.de.testing FIDELITY - OPEN ACTIONS: could not store for id:  open0fidelity43a28b6df0a5a8bb018e642edbcc5e24 
2012-07-30T11:03:53-03:00 DEBUG (7): ydadmin-ThinkPad-X220-Tablet serving lieferando.de.testing FIDELITY - OPEN ACTIONS: variable was already set - don't recalculating 
2012-07-30T11:03:53-03:00 DEBUG (7): ydadmin-ThinkPad-X220-Tablet serving lieferando.de.testing show ratingLink for order #1299577 
2012-07-30T11:03:58-03:00 DEBUG (7): ydadmin-ThinkPad-X220-Tablet serving lieferando.de.testing SMARTY: did not find template user/index.htm in lieferando.de layout, switching successfully back to default 
2012-07-30T11:03:58-03:00 DEBUG (7): ydadmin-ThinkPad-X220-Tablet serving lieferando.de.testing SMARTY: rendering template user/index.htm 
2012-07-30T11:03:58-03:00 DEBUG (7): ydadmin-ThinkPad-X220-Tablet serving lieferando.de.testing search UNRATED ORDERS (limit 5 - start 0) for customer #258463 jonz@kybernaut.de - unratedOrderCount: 1 
2012-07-30T11:03:58-03:00 DEBUG (7): ydadmin-ThinkPad-X220-Tablet serving lieferando.de.testing found 5 points for action rate_high 
2012-07-30T11:03:58-03:00 DEBUG (7): ydadmin-ThinkPad-X220-Tablet serving lieferando.de.testing found 8 points for action accountimage 
2012-07-30T11:03:58-03:00 DEBUG (7): ydadmin-ThinkPad-X220-Tablet serving lieferando.de.testing FIDELITY - OPEN ACTIONS: could not store for id:  open0fidelity43a28b6df0a5a8bb018e642edbcc5e24 
2012-07-30T11:06:09-03:00 DEBUG (7): ydadmin-ThinkPad-X220-Tablet serving lieferando.de.testing SMARTY: did not find template user/socialnetworks.htm in lieferando.de layout, switching successfully back to default 
2012-07-30T11:06:09-03:00 DEBUG (7): ydadmin-ThinkPad-X220-Tablet serving lieferando.de.testing SMARTY: rendering template user/socialnetworks.htm 
2012-07-30T11:55:30-03:00 DEBUG (7): ydadmin-ThinkPad-X220-Tablet serving lieferando.de.testing CUSTOMER FIDELITY - could not clear cache for transactionsfidelity43a28b6df0a5a8bb018e642edbcc5e24 
2012-07-30T11:55:30-03:00 DEBUG (7): ydadmin-ThinkPad-X220-Tablet serving lieferando.de.testing CUSTOMER FIDELITY - could not clear cache for open1fidelity43a28b6df0a5a8bb018e642edbcc5e24 
2012-07-30T11:55:30-03:00 DEBUG (7): ydadmin-ThinkPad-X220-Tablet serving lieferando.de.testing CUSTOMER FIDELITY - could not clear cache for open0fidelity43a28b6df0a5a8bb018e642edbcc5e24 
2012-07-30T11:55:30-03:00 DEBUG (7): ydadmin-ThinkPad-X220-Tablet serving lieferando.de.testing CUSTOMER - could not clear cache for limit 1 id: rated_5_0customer258463 
2012-07-30T11:55:30-03:00 DEBUG (7): ydadmin-ThinkPad-X220-Tablet serving lieferando.de.testing CUSTOMER - could not clear cache for limit 1 id: rated_10_0customer258463 
2012-07-30T11:55:30-03:00 DEBUG (7): ydadmin-ThinkPad-X220-Tablet serving lieferando.de.testing CUSTOMER - could not clear cache for limit 1 id: rated_25_0customer258463 
2012-07-30T11:55:30-03:00 DEBUG (7): ydadmin-ThinkPad-X220-Tablet serving lieferando.de.testing CUSTOMER - could not clear cache for limit 1 id: rated_50_0customer258463 
2012-07-30T11:55:30-03:00 DEBUG (7): ydadmin-ThinkPad-X220-Tablet serving lieferando.de.testing CUSTOMER - could not clear cache for limit 1 id: rated_100_0customer258463 
2012-07-30T11:55:30-03:00 DEBUG (7): ydadmin-ThinkPad-X220-Tablet serving lieferando.de.testing CUSTOMER - could not clear cache for limit 1 id: unrated_5_0customer258463 
2012-07-30T11:55:30-03:00 DEBUG (7): ydadmin-ThinkPad-X220-Tablet serving lieferando.de.testing CUSTOMER - could not clear cache for limit 1 id: unrated_10_0customer258463 
2012-07-30T11:55:30-03:00 DEBUG (7): ydadmin-ThinkPad-X220-Tablet serving lieferando.de.testing CUSTOMER - could not clear cache for limit 1 id: unrated_25_0customer258463 
2012-07-30T11:55:30-03:00 DEBUG (7): ydadmin-ThinkPad-X220-Tablet serving lieferando.de.testing CUSTOMER - could not clear cache for limit 1 id: unrated_50_0customer258463 
2012-07-30T11:55:30-03:00 DEBUG (7): ydadmin-ThinkPad-X220-Tablet serving lieferando.de.testing CUSTOMER - could not clear cache for limit 1 id: unrated_100_0customer258463 
2012-07-30T11:55:30-03:00 DEBUG (7): ydadmin-ThinkPad-X220-Tablet serving lieferando.de.testing CUSTOMER FIDELITY - could not clear cache for transactionsfidelity43a28b6df0a5a8bb018e642edbcc5e24 
2012-07-30T11:55:30-03:00 DEBUG (7): ydadmin-ThinkPad-X220-Tablet serving lieferando.de.testing CUSTOMER FIDELITY - could not clear cache for open1fidelity43a28b6df0a5a8bb018e642edbcc5e24 
2012-07-30T11:55:30-03:00 DEBUG (7): ydadmin-ThinkPad-X220-Tablet serving lieferando.de.testing CUSTOMER FIDELITY - could not clear cache for open0fidelity43a28b6df0a5a8bb018e642edbcc5e24 
2012-07-30T11:55:30-03:00 DEBUG (7): ydadmin-ThinkPad-X220-Tablet serving lieferando.de.testing PIWIK: tracking customer variable customerId at value 0 
2012-07-30T11:55:30-03:00 DEBUG (7): ydadmin-ThinkPad-X220-Tablet serving lieferando.de.testing PIWIK: tracking customer variable customerId at value  
2012-07-30T11:55:30-03:00 ERR (3): ydadmin-ThinkPad-X220-Tablet serving lieferando.de.testing PAGE NOT FOUND: /user/socialnetworks #0 log() called at [/home/ydadmin/htdocs/lieferando/library/Yourdelivery/Log.php:68]
#1 __call() called at [/home/ydadmin/htdocs/lieferando/application/controllers/ErrorController.php:187]
#2 err() called at [/home/ydadmin/htdocs/lieferando/application/controllers/ErrorController.php:187]
#3 errorAction() called at [/home/ydadmin/htdocs/lieferando/library/Zend/Controller/Action.php:513]
#4 dispatch() called at [/home/ydadmin/htdocs/lieferando/library/Zend/Controller/Dispatcher/Standard.php:289]
#5 dispatch() called at [/home/ydadmin/htdocs/lieferando/library/Zend/Controller/Front.php:954]
#6 dispatch() called at [/home/ydadmin/htdocs/lieferando/library/Zend/Application/Bootstrap/Bootstrap.php:97]
#7 run() called at [/home/ydadmin/htdocs/lieferando/library/Zend/Application.php:366]
#8 run() called at [/home/ydadmin/htdocs/lieferando/public/index.php:116]

2012-07-30T11:55:30-03:00 DEBUG (7): ydadmin-ThinkPad-X220-Tablet serving lieferando.de.testing SMARTY: did not find template error/notfound.htm in lieferando.de layout, switching successfully back to default 
2012-07-30T11:55:30-03:00 DEBUG (7): ydadmin-ThinkPad-X220-Tablet serving lieferando.de.testing SMARTY: rendering template error/notfound.htm 
2012-07-30T11:55:36-03:00 DEBUG (7): ydadmin-ThinkPad-X220-Tablet serving lieferando.de.testing SMARTY: did not find template index/index.htm in lieferando.de layout, switching successfully back to default 
2012-07-30T11:55:36-03:00 DEBUG (7): ydadmin-ThinkPad-X220-Tablet serving lieferando.de.testing SMARTY: rendering template index/index.htm 
2012-07-30T11:55:36-03:00 DEBUG (7): ydadmin-ThinkPad-X220-Tablet serving lieferando.de.testing SMARTY: caching /home/ydadmin/htdocs/lieferando/application/../public/cache/html/www.yourdelivery.local/index.html 
2012-07-30T11:55:43-03:00 INFO (6): ydadmin-ThinkPad-X220-Tablet serving lieferando.de.testing found 46 online and 5 offline services in #745 
2012-07-30T11:55:43-03:00 DEBUG (7): ydadmin-ThinkPad-X220-Tablet serving lieferando.de.testing SMARTY: did not find template order/basis/service.htm in lieferando.de layout, switching successfully back to default 
2012-07-30T11:55:43-03:00 DEBUG (7): ydadmin-ThinkPad-X220-Tablet serving lieferando.de.testing SMARTY: rendering template order/basis/service.htm 
2012-07-30T11:56:06-03:00 DEBUG (7): ydadmin-ThinkPad-X220-Tablet serving lieferando.de.testing SMARTY: caching /home/ydadmin/htdocs/lieferando/application/../public/cache/html/www.yourdelivery.local/lieferservice-berlin-12439.html 
2012-07-30T11:56:10-03:00 DEBUG (7): ydadmin-ThinkPad-X220-Tablet serving lieferando.de.testing SMARTY: did not find template request/order/lastorder.htm in lieferando.de layout, switching successfully back to default 
2012-07-30T11:56:10-03:00 DEBUG (7): ydadmin-ThinkPad-X220-Tablet serving lieferando.de.testing SMARTY: rendering template request/order/lastorder.htm 
2012-07-30T11:56:10-03:00 DEBUG (7): ydadmin-ThinkPad-X220-Tablet serving lieferando.de.testing show ratingLink for order #1299577 
2012-07-30T13:51:57-03:00 DEBUG (7): ydadmin-ThinkPad-X220-Tablet serving janamesa.com.br.testing SMARTY: did not find template index/index.htm in janamesa.com.br layout, switching successfully back to default 
2012-07-30T13:51:57-03:00 DEBUG (7): ydadmin-ThinkPad-X220-Tablet serving janamesa.com.br.testing SMARTY: rendering template index/index.htm 
2012-07-30T13:51:57-03:00 DEBUG (7): ydadmin-ThinkPad-X220-Tablet serving janamesa.com.br.testing SMARTY: caching /home/ydadmin/htdocs/lieferando/application/../public/cache/html/www.yourdelivery.local/index.html 
2012-07-30T13:52:07-03:00 DEBUG (7): ydadmin-ThinkPad-X220-Tablet serving janamesa.com.br.testing no post 
2012-07-30T13:52:07-03:00 DEBUG (7): ydadmin-ThinkPad-X220-Tablet serving janamesa.com.br.testing PIWIK: tracking goal registerpage with revenue 0 
2012-07-30T13:52:07-03:00 DEBUG (7): ydadmin-ThinkPad-X220-Tablet serving janamesa.com.br.testing SMARTY: rendering template user/register.htm 
