2012-07-13T04:48:06-03:00 DEBUG (7): ydadmin-ThinkPad-X220-Tablet serving janamesa.com.br.testing SMARTY: did not find template request/order/serviceinfo.htm in janamesa.com.br layout, switching successfully back to default 
2012-07-13T04:48:06-03:00 DEBUG (7): ydadmin-ThinkPad-X220-Tablet serving janamesa.com.br.testing SMARTY: rendering template request/order/serviceinfo.htm 
2012-07-13T04:48:06-03:00 DEBUG (7): ydadmin-ThinkPad-X220-Tablet serving janamesa.com.br.testing SMARTY: caching /home/ydadmin/htdocs/lieferando/application/../public/cache/html/www.yourdelivery.local/request_order/serviceinfo/id/12.html 
2012-07-13T04:48:24-03:00 DEBUG (7): ydadmin-ThinkPad-X220-Tablet serving janamesa.com.br.testing SMARTY: did not find template request/order/serviceinfo.htm in janamesa.com.br layout, switching successfully back to default 
2012-07-13T04:48:24-03:00 DEBUG (7): ydadmin-ThinkPad-X220-Tablet serving janamesa.com.br.testing SMARTY: rendering template request/order/serviceinfo.htm 
2012-07-13T04:48:24-03:00 DEBUG (7): ydadmin-ThinkPad-X220-Tablet serving janamesa.com.br.testing SMARTY: caching /home/ydadmin/htdocs/lieferando/application/../public/cache/html/www.yourdelivery.local/request_order/serviceinfo/id/76.html 
2012-07-13T05:55:45-03:00 DEBUG (7): ydadmin-ThinkPad-X220-Tablet serving janamesa.com.br.testing SMARTY: did not find template administration/login.htm in janamesa.com.br layout, switching successfully back to default 
2012-07-13T05:55:45-03:00 DEBUG (7): ydadmin-ThinkPad-X220-Tablet serving janamesa.com.br.testing SMARTY: rendering template administration/login.htm 
2012-07-13T05:55:50-03:00 DEBUG (7): ydadmin-ThinkPad-X220-Tablet serving janamesa.com.br.testing SMARTY: did not find template administration/login.htm in janamesa.com.br layout, switching successfully back to default 
2012-07-13T05:55:50-03:00 DEBUG (7): ydadmin-ThinkPad-X220-Tablet serving janamesa.com.br.testing SMARTY: rendering template administration/login.htm 
2012-07-13T05:56:01-03:00 DEBUG (7): ydadmin-ThinkPad-X220-Tablet serving janamesa.com.br.testing SMARTY: did not find template administration/login.htm in janamesa.com.br layout, switching successfully back to default 
2012-07-13T05:56:01-03:00 DEBUG (7): ydadmin-ThinkPad-X220-Tablet serving janamesa.com.br.testing SMARTY: rendering template administration/login.htm 
2012-07-13T06:11:30-03:00 DEBUG (7): ydadmin-ThinkPad-X220-Tablet serving janamesa.com.br.testing SMARTY: did not find template index/index.htm in janamesa.com.br layout, switching successfully back to default 
2012-07-13T06:11:30-03:00 DEBUG (7): ydadmin-ThinkPad-X220-Tablet serving janamesa.com.br.testing SMARTY: rendering template index/index.htm 
2012-07-13T06:11:30-03:00 DEBUG (7): ydadmin-ThinkPad-X220-Tablet serving janamesa.com.br.testing SMARTY: caching /home/ydadmin/htdocs/lieferando/application/../public/cache/html/www.yourdelivery.local/index.html 
2012-07-13T06:12:01-03:00 DEBUG (7): ydadmin-ThinkPad-X220-Tablet serving janamesa.com.br.testing updating model Default_Model_Base #432 with modified data :: Array(    [title] => Herr/Frau    [name] => Jens    [prename] => Naie    [email] => naie@lieferando.de    [password] => 9a8626a84a351341b0c09a37e5bf71fa    [lang] => de    [sex] => m    [tel] => 00551111111111    [privmail] =>     [autologin] => 0    [start] => 1    [lastlogin] => 2012-07-13 06:12:01    [countLogin] => 5    [deleted] => 0    [permanentDiscountId] =>     [ktoName] =>     [ktoNr] =>     [ktoBlz] =>     [updated] => 2012-07-13 06:12:01    [birthday] => 1971-09-03    [source] =>     [addition] =>     [facebookId] =>     [facebookPost] => 1    [profileImage] => 1342084828.jpg    [nickname] =>     [whitelist] => 0    [anrede] => Sr.) 
2012-07-13T06:12:01-03:00 DEBUG (7): ydadmin-ThinkPad-X220-Tablet serving janamesa.com.br.testing PIWIK: tracking customer variable customerId at value 432 
2012-07-13T06:12:01-03:00 INFO (6): ydadmin-ThinkPad-X220-Tablet serving janamesa.com.br.testing User naie@lieferando.de successfully logged in 
2012-07-13T06:12:02-03:00 DEBUG (7): ydadmin-ThinkPad-X220-Tablet serving janamesa.com.br.testing PIWIK: tracking customer variable customerId at value 432 
2012-07-13T06:12:02-03:00 DEBUG (7): ydadmin-ThinkPad-X220-Tablet serving janamesa.com.br.testing SMARTY: rendering template order/private/start.htm 
2012-07-13T06:12:02-03:00 DEBUG (7): ydadmin-ThinkPad-X220-Tablet serving janamesa.com.br.testing search UNRATED ORDERS (limit 5 - start 0) for customer #432 naie@lieferando.de - unratedOrderCount: 0 
2012-07-13T06:12:02-03:00 DEBUG (7): ydadmin-ThinkPad-X220-Tablet serving janamesa.com.br.testing found 5 points for action rate_high 
2012-07-13T06:12:02-03:00 DEBUG (7): ydadmin-ThinkPad-X220-Tablet serving janamesa.com.br.testing found 8 points for action accountimage 
2012-07-13T06:12:02-03:00 DEBUG (7): ydadmin-ThinkPad-X220-Tablet serving janamesa.com.br.testing FIDELITY - OPEN ACTIONS: could not store for id:  open0fidelity65666812875e8232797613d8aa41808d 
2012-07-13T06:12:02-03:00 DEBUG (7): ydadmin-ThinkPad-X220-Tablet serving janamesa.com.br.testing search UNRATED ORDERS (limit 5 - start 0) for customer #432 naie@lieferando.de - unratedOrderCount: 0 
2012-07-13T06:12:02-03:00 DEBUG (7): ydadmin-ThinkPad-X220-Tablet serving janamesa.com.br.testing found 5 points for action rate_high 
2012-07-13T06:12:02-03:00 DEBUG (7): ydadmin-ThinkPad-X220-Tablet serving janamesa.com.br.testing found 8 points for action accountimage 
2012-07-13T06:12:02-03:00 DEBUG (7): ydadmin-ThinkPad-X220-Tablet serving janamesa.com.br.testing FIDELITY - OPEN ACTIONS: could not store for id:  open0fidelity65666812875e8232797613d8aa41808d 
2012-07-13T06:12:02-03:00 DEBUG (7): ydadmin-ThinkPad-X220-Tablet serving janamesa.com.br.testing don't show ratingLink for order #820, because state <= 0 - state = 0 
2012-07-13T06:18:55-03:00 DEBUG (7): ydadmin-ThinkPad-X220-Tablet serving janamesa.com.br.testing SMARTY: rendering template user/index.htm 
2012-07-13T06:18:55-03:00 DEBUG (7): ydadmin-ThinkPad-X220-Tablet serving janamesa.com.br.testing search UNRATED ORDERS (limit 5 - start 0) for customer #432 naie@lieferando.de - unratedOrderCount: 0 
2012-07-13T06:18:55-03:00 DEBUG (7): ydadmin-ThinkPad-X220-Tablet serving janamesa.com.br.testing found 5 points for action rate_high 
2012-07-13T06:18:55-03:00 DEBUG (7): ydadmin-ThinkPad-X220-Tablet serving janamesa.com.br.testing found 8 points for action accountimage 
2012-07-13T06:18:55-03:00 DEBUG (7): ydadmin-ThinkPad-X220-Tablet serving janamesa.com.br.testing FIDELITY - OPEN ACTIONS: could not store for id:  open0fidelity65666812875e8232797613d8aa41808d 
2012-07-13T06:18:55-03:00 DEBUG (7): ydadmin-ThinkPad-X220-Tablet serving janamesa.com.br.testing search UNRATED ORDERS (limit 5 - start 0) for customer #432 naie@lieferando.de - unratedOrderCount: 0 
2012-07-13T06:18:55-03:00 DEBUG (7): ydadmin-ThinkPad-X220-Tablet serving janamesa.com.br.testing found 5 points for action rate_high 
2012-07-13T06:18:55-03:00 DEBUG (7): ydadmin-ThinkPad-X220-Tablet serving janamesa.com.br.testing found 8 points for action accountimage 
2012-07-13T06:18:55-03:00 DEBUG (7): ydadmin-ThinkPad-X220-Tablet serving janamesa.com.br.testing FIDELITY - OPEN ACTIONS: could not store for id:  open0fidelity65666812875e8232797613d8aa41808d 
2012-07-13T06:19:01-03:00 DEBUG (7): ydadmin-ThinkPad-X220-Tablet serving janamesa.com.br.testing SMARTY: rendering template user/fidelity.htm 
2012-07-13T06:19:01-03:00 DEBUG (7): ydadmin-ThinkPad-X220-Tablet serving janamesa.com.br.testing search UNRATED ORDERS (limit 5 - start 0) for customer #432 naie@lieferando.de - unratedOrderCount: 0 
2012-07-13T06:19:01-03:00 DEBUG (7): ydadmin-ThinkPad-X220-Tablet serving janamesa.com.br.testing found 5 points for action rate_high 
2012-07-13T06:19:01-03:00 DEBUG (7): ydadmin-ThinkPad-X220-Tablet serving janamesa.com.br.testing found 8 points for action accountimage 
2012-07-13T06:19:01-03:00 DEBUG (7): ydadmin-ThinkPad-X220-Tablet serving janamesa.com.br.testing FIDELITY - OPEN ACTIONS: could not store for id:  open0fidelity65666812875e8232797613d8aa41808d 
2012-07-13T06:19:01-03:00 DEBUG (7): ydadmin-ThinkPad-X220-Tablet serving janamesa.com.br.testing search UNRATED ORDERS (limit 5 - start 0) for customer #432 naie@lieferando.de - unratedOrderCount: 0 
2012-07-13T06:19:01-03:00 DEBUG (7): ydadmin-ThinkPad-X220-Tablet serving janamesa.com.br.testing found 5 points for action rate_high 
2012-07-13T06:19:01-03:00 DEBUG (7): ydadmin-ThinkPad-X220-Tablet serving janamesa.com.br.testing found 8 points for action accountimage 
2012-07-13T06:19:01-03:00 DEBUG (7): ydadmin-ThinkPad-X220-Tablet serving janamesa.com.br.testing FIDELITY - OPEN ACTIONS: could not store for id:  open0fidelity65666812875e8232797613d8aa41808d 
2012-07-13T06:19:02-03:00 DEBUG (7): ydadmin-ThinkPad-X220-Tablet serving janamesa.com.br.testing search UNRATED ORDERS (limit 5 - start 0) for customer #432 naie@lieferando.de - unratedOrderCount: 0 
2012-07-13T06:19:02-03:00 DEBUG (7): ydadmin-ThinkPad-X220-Tablet serving janamesa.com.br.testing found 5 points for action rate_high 
2012-07-13T06:19:02-03:00 DEBUG (7): ydadmin-ThinkPad-X220-Tablet serving janamesa.com.br.testing found 8 points for action accountimage 
2012-07-13T06:19:02-03:00 DEBUG (7): ydadmin-ThinkPad-X220-Tablet serving janamesa.com.br.testing FIDELITY - OPEN ACTIONS: could not store for id:  open0fidelity65666812875e8232797613d8aa41808d 
2012-07-13T06:19:02-03:00 DEBUG (7): ydadmin-ThinkPad-X220-Tablet serving janamesa.com.br.testing search UNRATED ORDERS (limit 5 - start 0) for customer #432 naie@lieferando.de - unratedOrderCount: 0 
2012-07-13T06:19:02-03:00 DEBUG (7): ydadmin-ThinkPad-X220-Tablet serving janamesa.com.br.testing found 5 points for action rate_high 
2012-07-13T06:19:02-03:00 DEBUG (7): ydadmin-ThinkPad-X220-Tablet serving janamesa.com.br.testing found 8 points for action accountimage 
2012-07-13T06:19:02-03:00 DEBUG (7): ydadmin-ThinkPad-X220-Tablet serving janamesa.com.br.testing FIDELITY - OPEN ACTIONS: could not store for id:  open0fidelity65666812875e8232797613d8aa41808d 
2012-07-13T06:25:05-03:00 DEBUG (7): ydadmin-ThinkPad-X220-Tablet serving janamesa.com.br.testing SMARTY: rendering template order/private/start.htm 
2012-07-13T06:25:05-03:00 DEBUG (7): ydadmin-ThinkPad-X220-Tablet serving janamesa.com.br.testing search UNRATED ORDERS (limit 5 - start 0) for customer #432 naie@lieferando.de - unratedOrderCount: 0 
2012-07-13T06:25:05-03:00 DEBUG (7): ydadmin-ThinkPad-X220-Tablet serving janamesa.com.br.testing found 5 points for action rate_high 
2012-07-13T06:25:05-03:00 DEBUG (7): ydadmin-ThinkPad-X220-Tablet serving janamesa.com.br.testing found 8 points for action accountimage 
2012-07-13T06:25:05-03:00 DEBUG (7): ydadmin-ThinkPad-X220-Tablet serving janamesa.com.br.testing FIDELITY - OPEN ACTIONS: could not store for id:  open0fidelity65666812875e8232797613d8aa41808d 
2012-07-13T06:25:05-03:00 DEBUG (7): ydadmin-ThinkPad-X220-Tablet serving janamesa.com.br.testing search UNRATED ORDERS (limit 5 - start 0) for customer #432 naie@lieferando.de - unratedOrderCount: 0 
2012-07-13T06:25:05-03:00 DEBUG (7): ydadmin-ThinkPad-X220-Tablet serving janamesa.com.br.testing found 5 points for action rate_high 
2012-07-13T06:25:05-03:00 DEBUG (7): ydadmin-ThinkPad-X220-Tablet serving janamesa.com.br.testing found 8 points for action accountimage 
2012-07-13T06:25:05-03:00 DEBUG (7): ydadmin-ThinkPad-X220-Tablet serving janamesa.com.br.testing FIDELITY - OPEN ACTIONS: could not store for id:  open0fidelity65666812875e8232797613d8aa41808d 
2012-07-13T06:25:05-03:00 DEBUG (7): ydadmin-ThinkPad-X220-Tablet serving janamesa.com.br.testing don't show ratingLink for order #820, because state <= 0 - state = 0 
2012-07-13T06:25:08-03:00 INFO (6): ydadmin-ThinkPad-X220-Tablet serving janamesa.com.br.testing found 1 online and 0 offline services in #177256 
2012-07-13T06:25:08-03:00 DEBUG (7): ydadmin-ThinkPad-X220-Tablet serving janamesa.com.br.testing SMARTY: rendering template order/basis/service.htm 
2012-07-13T06:25:09-03:00 DEBUG (7): ydadmin-ThinkPad-X220-Tablet serving janamesa.com.br.testing SMARTY: caching /home/ydadmin/htdocs/lieferando/application/../public/cache/html/www.yourdelivery.local/servico-de-entrega-sao-paulo-04963-140.html 
2012-07-13T06:25:11-03:00 DEBUG (7): ydadmin-ThinkPad-X220-Tablet serving janamesa.com.br.testing SMARTY: did not find template request/order/lastorder.htm in janamesa.com.br layout, switching successfully back to default 
2012-07-13T06:25:11-03:00 DEBUG (7): ydadmin-ThinkPad-X220-Tablet serving janamesa.com.br.testing SMARTY: rendering template request/order/lastorder.htm 
2012-07-13T06:25:11-03:00 DEBUG (7): ydadmin-ThinkPad-X220-Tablet serving janamesa.com.br.testing don't show ratingLink for order #839, because state <= 0 - state = 0 
2012-07-13T06:25:14-03:00 DEBUG (7): ydadmin-ThinkPad-X220-Tablet serving janamesa.com.br.testing SMARTY: did not find template request/order/serviceinfo.htm in janamesa.com.br layout, switching successfully back to default 
2012-07-13T06:25:14-03:00 DEBUG (7): ydadmin-ThinkPad-X220-Tablet serving janamesa.com.br.testing SMARTY: rendering template request/order/serviceinfo.htm 
2012-07-13T06:25:14-03:00 DEBUG (7): ydadmin-ThinkPad-X220-Tablet serving janamesa.com.br.testing SMARTY: caching /home/ydadmin/htdocs/lieferando/application/../public/cache/html/www.yourdelivery.local/request_order/serviceinfo/id/314.html 
2012-07-13T06:25:16-03:00 DEBUG (7): ydadmin-ThinkPad-X220-Tablet serving janamesa.com.br.testing SMARTY: did not find template request/service/preorder.htm in janamesa.com.br layout, switching successfully back to default 
2012-07-13T06:25:16-03:00 DEBUG (7): ydadmin-ThinkPad-X220-Tablet serving janamesa.com.br.testing SMARTY: rendering template request/service/preorder.htm 
2012-07-13T06:25:16-03:00 DEBUG (7): ydadmin-ThinkPad-X220-Tablet serving janamesa.com.br.testing SMARTY: caching /home/ydadmin/htdocs/lieferando/application/../public/cache/html/www.yourdelivery.local/request_service/preorder/type/rest.html 
2012-07-13T06:25:18-03:00 DEBUG (7): ydadmin-ThinkPad-X220-Tablet serving janamesa.com.br.testing SMARTY: did not find template order/basis/menu.htm in janamesa.com.br layout, switching successfully back to default 
2012-07-13T06:25:18-03:00 DEBUG (7): ydadmin-ThinkPad-X220-Tablet serving janamesa.com.br.testing SMARTY: rendering template order/basis/menu.htm 
2012-07-13T06:25:21-03:00 DEBUG (7): ydadmin-ThinkPad-X220-Tablet serving janamesa.com.br.testing SMARTY: caching /home/ydadmin/htdocs/lieferando/application/../public/cache/html/www.yourdelivery.local/servico-de-entrega-delicias-congelados-sao-paulo.html 
2012-07-13T06:26:54-03:00 INFO (6): ydadmin-ThinkPad-X220-Tablet serving janamesa.com.br.testing appending fallback verbose information to order via cityId 177256 
2012-07-13T06:26:55-03:00 ERR (3): ydadmin-ThinkPad-X220-Tablet serving janamesa.com.br.testing tried to access delivers 314 on cityId 177256, which is not in the delivery range #0 log() called at [/home/ydadmin/htdocs/lieferando/library/Yourdelivery/Log.php:68]
#1 __call() called at [/home/ydadmin/htdocs/lieferando/application/controllers/Order/BasisController.php:711]
#2 err() called at [/home/ydadmin/htdocs/lieferando/application/controllers/Order/BasisController.php:711]
#3 finishAction() called at [/home/ydadmin/htdocs/lieferando/library/Zend/Controller/Action.php:513]
#4 dispatch() called at [/home/ydadmin/htdocs/lieferando/library/Zend/Controller/Dispatcher/Standard.php:289]
#5 dispatch() called at [/home/ydadmin/htdocs/lieferando/library/Zend/Controller/Front.php:954]
#6 dispatch() called at [/home/ydadmin/htdocs/lieferando/library/Zend/Application/Bootstrap/Bootstrap.php:97]
#7 run() called at [/home/ydadmin/htdocs/lieferando/library/Zend/Application.php:366]
#8 run() called at [/home/ydadmin/htdocs/lieferando/public/index.php:111]

2012-07-13T06:26:55-03:00 DEBUG (7): ydadmin-ThinkPad-X220-Tablet serving janamesa.com.br.testing SMARTY: did not find template order/private/finish.htm in janamesa.com.br layout, switching successfully back to default 
2012-07-13T06:26:55-03:00 DEBUG (7): ydadmin-ThinkPad-X220-Tablet serving janamesa.com.br.testing SMARTY: rendering template order/private/finish.htm 
2012-07-13T06:26:58-03:00 DEBUG (7): ydadmin-ThinkPad-X220-Tablet serving janamesa.com.br.testing SMARTY: did not find template request/service/openingtimeday.htm in janamesa.com.br layout, switching successfully back to default 
2012-07-13T06:26:58-03:00 DEBUG (7): ydadmin-ThinkPad-X220-Tablet serving janamesa.com.br.testing SMARTY: rendering template request/service/openingtimeday.htm 
2012-07-13T06:39:08-03:00 DEBUG (7): ydadmin-ThinkPad-X220-Tablet serving janamesa.com.br.testing SMARTY: rendering template user/index.htm 
2012-07-13T06:39:08-03:00 DEBUG (7): ydadmin-ThinkPad-X220-Tablet serving janamesa.com.br.testing search UNRATED ORDERS (limit 5 - start 0) for customer #432 naie@lieferando.de - unratedOrderCount: 0 
2012-07-13T06:39:08-03:00 DEBUG (7): ydadmin-ThinkPad-X220-Tablet serving janamesa.com.br.testing found 5 points for action rate_high 
2012-07-13T06:39:08-03:00 DEBUG (7): ydadmin-ThinkPad-X220-Tablet serving janamesa.com.br.testing found 8 points for action accountimage 
2012-07-13T06:39:08-03:00 DEBUG (7): ydadmin-ThinkPad-X220-Tablet serving janamesa.com.br.testing FIDELITY - OPEN ACTIONS: could not store for id:  open0fidelity65666812875e8232797613d8aa41808d 
2012-07-13T06:39:13-03:00 DEBUG (7): ydadmin-ThinkPad-X220-Tablet serving janamesa.com.br.testing SMARTY: rendering template user/fidelity.htm 
2012-07-13T06:39:13-03:00 DEBUG (7): ydadmin-ThinkPad-X220-Tablet serving janamesa.com.br.testing search UNRATED ORDERS (limit 5 - start 0) for customer #432 naie@lieferando.de - unratedOrderCount: 0 
2012-07-13T06:39:13-03:00 DEBUG (7): ydadmin-ThinkPad-X220-Tablet serving janamesa.com.br.testing found 5 points for action rate_high 
2012-07-13T06:39:13-03:00 DEBUG (7): ydadmin-ThinkPad-X220-Tablet serving janamesa.com.br.testing found 8 points for action accountimage 
2012-07-13T06:39:13-03:00 DEBUG (7): ydadmin-ThinkPad-X220-Tablet serving janamesa.com.br.testing FIDELITY - OPEN ACTIONS: could not store for id:  open0fidelity65666812875e8232797613d8aa41808d 
2012-07-13T06:39:13-03:00 DEBUG (7): ydadmin-ThinkPad-X220-Tablet serving janamesa.com.br.testing search UNRATED ORDERS (limit 5 - start 0) for customer #432 naie@lieferando.de - unratedOrderCount: 0 
2012-07-13T06:39:13-03:00 DEBUG (7): ydadmin-ThinkPad-X220-Tablet serving janamesa.com.br.testing found 5 points for action rate_high 
2012-07-13T06:39:13-03:00 DEBUG (7): ydadmin-ThinkPad-X220-Tablet serving janamesa.com.br.testing found 8 points for action accountimage 
2012-07-13T06:39:13-03:00 DEBUG (7): ydadmin-ThinkPad-X220-Tablet serving janamesa.com.br.testing FIDELITY - OPEN ACTIONS: could not store for id:  open0fidelity65666812875e8232797613d8aa41808d 
2012-07-13T07:13:05-03:00 DEBUG (7): ydadmin-ThinkPad-X220-Tablet serving janamesa.com.br.testing SMARTY: did not find template test/voodoo2.htm in janamesa.com.br layout, switching successfully back to default 
2012-07-13T07:13:05-03:00 DEBUG (7): ydadmin-ThinkPad-X220-Tablet serving janamesa.com.br.testing SMARTY: rendering template test/voodoo2.htm 
