2012-08-07T12:53:22-03:00 DEBUG (7): ydadmin-ThinkPad-X220-Tablet serving lieferando.at.testing SMARTY: did not find template index/index.htm in lieferando.at layout, switching successfully back to default 
2012-08-07T12:53:22-03:00 DEBUG (7): ydadmin-ThinkPad-X220-Tablet serving lieferando.at.testing SMARTY: rendering template index/index.htm 
2012-08-07T12:53:23-03:00 DEBUG (7): ydadmin-ThinkPad-X220-Tablet serving lieferando.at.testing SMARTY: caching /home/ydadmin/htdocs/lieferando/application/../public/cache/html/www.yourdelivery.local/index.html 
2012-08-07T12:53:37-03:00 INFO (6): ydadmin-ThinkPad-X220-Tablet serving lieferando.at.testing getting 47 cityIds for url /lieferservice-wien 
2012-08-07T12:53:42-03:00 INFO (6): ydadmin-ThinkPad-X220-Tablet serving lieferando.at.testing found 253 online and 48 offline services in #1,2,3,4,5,6,7,8,9,10,11,12,13,14,15,16,17,18,19,20,21,22,23,24,25,26,27,28,29,30,19309,19310,19311,19312,19313,19314,19315,19316,19317,19318,19319,19320,19321,19322,19323,19324,19325 
2012-08-07T12:53:42-03:00 DEBUG (7): ydadmin-ThinkPad-X220-Tablet serving lieferando.at.testing SMARTY: did not find template order/basis/service.htm in lieferando.at layout, switching successfully back to default 
2012-08-07T12:53:42-03:00 DEBUG (7): ydadmin-ThinkPad-X220-Tablet serving lieferando.at.testing SMARTY: rendering template order/basis/service.htm 
2012-08-07T12:54:22-03:00 DEBUG (7): ydadmin-ThinkPad-X220-Tablet serving lieferando.at.testing SMARTY: caching /home/ydadmin/htdocs/lieferando/application/../public/cache/html/www.yourdelivery.local/lieferservice-wien.html 
2012-08-07T12:54:39-03:00 DEBUG (7): ydadmin-ThinkPad-X220-Tablet serving lieferando.at.testing SMARTY: did not find template administration/login.htm in lieferando.at layout, switching successfully back to default 
2012-08-07T12:54:39-03:00 DEBUG (7): ydadmin-ThinkPad-X220-Tablet serving lieferando.at.testing SMARTY: rendering template administration/login.htm 
2012-08-07T12:54:44-03:00 DEBUG (7): ydadmin-ThinkPad-X220-Tablet serving lieferando.at.testing SMARTY: did not find template request/order/serviceinfo.htm in lieferando.at layout, switching successfully back to default 
2012-08-07T12:54:44-03:00 DEBUG (7): ydadmin-ThinkPad-X220-Tablet serving lieferando.at.testing SMARTY: rendering template request/order/serviceinfo.htm 
2012-08-07T12:54:44-03:00 DEBUG (7): ydadmin-ThinkPad-X220-Tablet serving lieferando.at.testing SMARTY: caching /home/ydadmin/htdocs/lieferando/application/../public/cache/html/www.yourdelivery.local/request_order/serviceinfo/id/174.html 
2012-08-07T13:00:23-03:00 INFO (6): ydadmin-ThinkPad-X220-Tablet serving lieferando.at.testing getting 22 cityIds for url /lieferservice-graz 
2012-08-07T13:00:23-03:00 INFO (6): ydadmin-ThinkPad-X220-Tablet serving lieferando.at.testing found 11 online and 3 offline services in #13322,13323,13324,13325,13326,13327,13328,13329,13330,13331,13332,13333,13334,13335,13336,13337,13338,13339,13340,13341,19307,19336 
2012-08-07T13:00:23-03:00 DEBUG (7): ydadmin-ThinkPad-X220-Tablet serving lieferando.at.testing SMARTY: did not find template order/basis/service.htm in lieferando.at layout, switching successfully back to default 
2012-08-07T13:00:23-03:00 DEBUG (7): ydadmin-ThinkPad-X220-Tablet serving lieferando.at.testing SMARTY: rendering template order/basis/service.htm 
2012-08-07T13:00:25-03:00 DEBUG (7): ydadmin-ThinkPad-X220-Tablet serving lieferando.at.testing SMARTY: caching /home/ydadmin/htdocs/lieferando/application/../public/cache/html/www.yourdelivery.local/lieferservice-graz.html 
2012-08-07T13:34:21-03:00 DEBUG (7): ydadmin-ThinkPad-X220-Tablet serving lieferando.at.testing SMARTY: did not find template administration/login.htm in lieferando.at layout, switching successfully back to default 
2012-08-07T13:34:21-03:00 DEBUG (7): ydadmin-ThinkPad-X220-Tablet serving lieferando.at.testing SMARTY: rendering template administration/login.htm 
2012-08-07T13:34:37-03:00 DEBUG (7): ydadmin-ThinkPad-X220-Tablet serving lieferando.at.testing SMARTY: did not find template administration/login.htm in lieferando.at layout, switching successfully back to default 
2012-08-07T13:34:37-03:00 DEBUG (7): ydadmin-ThinkPad-X220-Tablet serving lieferando.at.testing SMARTY: rendering template administration/login.htm 
2012-08-07T13:37:15-03:00 INFO (6): ydadmin-ThinkPad-X220-Tablet serving lieferando.de.testing Successfully loggged in admin #Supporter Jens Naie (417) 
2012-08-07T13:37:15-03:00 DEBUG (7): ydadmin-ThinkPad-X220-Tablet serving lieferando.de.testing SMARTY: did not find template administration/dashboard.htm in lieferando.de layout, switching successfully back to default 
2012-08-07T13:37:15-03:00 DEBUG (7): ydadmin-ThinkPad-X220-Tablet serving lieferando.de.testing SMARTY: rendering template administration/dashboard.htm 
2012-08-07T13:38:47-03:00 DEBUG (7): ydadmin-ThinkPad-X220-Tablet serving janamesa.com.br.testing SMARTY: did not find template administration/login.htm in janamesa.com.br layout, switching successfully back to default 
2012-08-07T13:38:47-03:00 DEBUG (7): ydadmin-ThinkPad-X220-Tablet serving janamesa.com.br.testing SMARTY: rendering template administration/login.htm 
2012-08-07T13:38:53-03:00 INFO (6): ydadmin-ThinkPad-X220-Tablet serving janamesa.com.br.testing Successfully loggged in admin #Supporter Jens Naie (345) 
2012-08-07T13:38:53-03:00 DEBUG (7): ydadmin-ThinkPad-X220-Tablet serving janamesa.com.br.testing SMARTY: did not find template administration/dashboard.htm in janamesa.com.br layout, switching successfully back to default 
2012-08-07T13:38:53-03:00 DEBUG (7): ydadmin-ThinkPad-X220-Tablet serving janamesa.com.br.testing SMARTY: rendering template administration/dashboard.htm 
2012-08-07T13:40:08-03:00 DEBUG (7): ydadmin-ThinkPad-X220-Tablet serving janamesa.com.br.testing SMARTY: did not find template administration/services.htm in janamesa.com.br layout, switching successfully back to default 
2012-08-07T13:40:08-03:00 DEBUG (7): ydadmin-ThinkPad-X220-Tablet serving janamesa.com.br.testing SMARTY: rendering template administration/services.htm 
2012-08-07T13:40:22-03:00 INFO (6): ydadmin-ThinkPad-X220-Tablet serving janamesa.com.br.testing Logged to the restaurant Estrelas de Minas (363) #Supporter Jens Naie (345) 
2012-08-07T13:40:22-03:00 DEBUG (7): ydadmin-ThinkPad-X220-Tablet serving janamesa.com.br.testing SMARTY: did not find template restaurant/index.htm in janamesa.com.br layout, switching successfully back to default 
2012-08-07T13:40:22-03:00 DEBUG (7): ydadmin-ThinkPad-X220-Tablet serving janamesa.com.br.testing SMARTY: rendering template restaurant/index.htm 
2012-08-07T13:40:32-03:00 DEBUG (7): ydadmin-ThinkPad-X220-Tablet serving janamesa.com.br.testing SMARTY: did not find template restaurant/locations.htm in janamesa.com.br layout, switching successfully back to default 
2012-08-07T13:40:32-03:00 DEBUG (7): ydadmin-ThinkPad-X220-Tablet serving janamesa.com.br.testing SMARTY: rendering template restaurant/locations.htm 
2012-08-07T13:40:46-03:00 DEBUG (7): ydadmin-ThinkPad-X220-Tablet serving janamesa.com.br.testing updating model Default_Model_Base #539706 with modified data :: Array(    [restaurantId] => 363    [plz] => 04555-001    [cityId] => 174492    [status] => 1    [deliverTime] => 2700    [delcost] => 100    [mincost] => 1200    [comment] =>     [noDeliverCostAbove] => 0    [updated] => 2012-08-07 13:40:46) 
2012-08-07T13:40:47-03:00 DEBUG (7): ydadmin-ThinkPad-X220-Tablet serving janamesa.com.br.testing SMARTY: did not find template restaurant/locations.htm in janamesa.com.br layout, switching successfully back to default 
2012-08-07T13:40:47-03:00 DEBUG (7): ydadmin-ThinkPad-X220-Tablet serving janamesa.com.br.testing SMARTY: rendering template restaurant/locations.htm 
2012-08-07T13:41:20-03:00 DEBUG (7): ydadmin-ThinkPad-X220-Tablet serving janamesa.com.br.testing updating model Default_Model_Base #539705 with modified data :: Array(    [restaurantId] => 363    [plz] => 04555-000    [cityId] => 174466    [status] => 1    [deliverTime] => 2760    [delcost] => 0    [mincost] => 0    [comment] =>     [noDeliverCostAbove] => 0    [updated] => 2012-08-07 13:41:20) 
2012-08-07T13:41:21-03:00 DEBUG (7): ydadmin-ThinkPad-X220-Tablet serving janamesa.com.br.testing SMARTY: did not find template restaurant/locations.htm in janamesa.com.br layout, switching successfully back to default 
2012-08-07T13:41:21-03:00 DEBUG (7): ydadmin-ThinkPad-X220-Tablet serving janamesa.com.br.testing SMARTY: rendering template restaurant/locations.htm 
2012-08-07T13:41:44-03:00 DEBUG (7): ydadmin-ThinkPad-X220-Tablet serving janamesa.com.br.testing updating model Default_Model_Base #539707 with modified data :: Array(    [restaurantId] => 363    [plz] => 04555-002    [cityId] => 174490    [status] => 1    [deliverTime] => 2820    [delcost] => 100    [mincost] => 1200    [comment] =>     [noDeliverCostAbove] => 0    [updated] => 2012-08-07 13:41:44) 
2012-08-07T13:41:45-03:00 DEBUG (7): ydadmin-ThinkPad-X220-Tablet serving janamesa.com.br.testing SMARTY: did not find template restaurant/locations.htm in janamesa.com.br layout, switching successfully back to default 
2012-08-07T13:41:45-03:00 DEBUG (7): ydadmin-ThinkPad-X220-Tablet serving janamesa.com.br.testing SMARTY: rendering template restaurant/locations.htm 
