2012-07-18T09:17:27+02:00 DEBUG (7): ydadmin-ThinkPad-X220-Tablet serving lieferando.de.testing SMARTY: did not find template request/order/lastorder.htm in lieferando.de layout, switching successfully back to default 
2012-07-18T09:17:27+02:00 DEBUG (7): ydadmin-ThinkPad-X220-Tablet serving lieferando.de.testing SMARTY: rendering template request/order/lastorder.htm 
2012-07-18T09:17:27+02:00 DEBUG (7): ydadmin-ThinkPad-X220-Tablet serving lieferando.de.testing don't show ratingLink for order #1299576, because state <= 0 - state = 0 
2012-07-18T09:19:21+02:00 DEBUG (7): ydadmin-ThinkPad-X220-Tablet serving lieferando.de.testing SMARTY: did not find template index/index.htm in lieferando.de layout, switching successfully back to default 
2012-07-18T09:19:21+02:00 DEBUG (7): ydadmin-ThinkPad-X220-Tablet serving lieferando.de.testing SMARTY: rendering template index/index.htm 
2012-07-18T09:19:21+02:00 DEBUG (7): ydadmin-ThinkPad-X220-Tablet serving lieferando.de.testing SMARTY: caching /home/ydadmin/htdocs/lieferando/application/../public/cache/html/www.yourdelivery.local/index.html 
2012-07-18T09:19:34+02:00 INFO (6): ydadmin-ThinkPad-X220-Tablet serving lieferando.de.testing found 61 online and 5 offline services in #744 
2012-07-18T09:19:34+02:00 DEBUG (7): ydadmin-ThinkPad-X220-Tablet serving lieferando.de.testing SMARTY: did not find template order/basis/service.htm in lieferando.de layout, switching successfully back to default 
2012-07-18T09:19:34+02:00 DEBUG (7): ydadmin-ThinkPad-X220-Tablet serving lieferando.de.testing SMARTY: rendering template order/basis/service.htm 
2012-07-18T09:19:43+02:00 DEBUG (7): ydadmin-ThinkPad-X220-Tablet serving lieferando.de.testing SMARTY: caching /home/ydadmin/htdocs/lieferando/application/../public/cache/html/www.yourdelivery.local/lieferservice-berlin-12437.html 
2012-07-18T09:19:45+02:00 DEBUG (7): ydadmin-ThinkPad-X220-Tablet serving lieferando.de.testing SMARTY: did not find template request/order/lastorder.htm in lieferando.de layout, switching successfully back to default 
2012-07-18T09:19:45+02:00 DEBUG (7): ydadmin-ThinkPad-X220-Tablet serving lieferando.de.testing SMARTY: rendering template request/order/lastorder.htm 
2012-07-18T09:19:45+02:00 DEBUG (7): ydadmin-ThinkPad-X220-Tablet serving lieferando.de.testing don't show ratingLink for order #1299576, because state <= 0 - state = 0 
2012-07-18T10:09:06+02:00 INFO (6): webvm serving lieferando.de.testing found 3 online and 0 offline services in #38096 
2012-07-18T10:09:06+02:00 DEBUG (7): webvm serving lieferando.de.testing SMARTY: did not find template order/basis/service.htm in lieferando.de layout, switching successfully back to default 
2012-07-18T10:09:06+02:00 DEBUG (7): webvm serving lieferando.de.testing SMARTY: rendering template order/basis/service.htm 
2012-07-18T10:41:18+02:00 INFO (6): webvm serving lieferando.de.testing found 3 online and 0 offline services in #38096 
2012-07-18T10:41:18+02:00 DEBUG (7): webvm serving lieferando.de.testing SMARTY: did not find template order/basis/service.htm in lieferando.de layout, switching successfully back to default 
2012-07-18T10:41:18+02:00 DEBUG (7): webvm serving lieferando.de.testing SMARTY: rendering template order/basis/service.htm 
2012-07-18T10:41:19+02:00 DEBUG (7): webvm serving lieferando.de.testing SMARTY: caching /media/sf_ydadmin/htdocs/lieferando/application/../public/cache/html/www.yourdelivery.local/lieferservice-ahsen-45711.html 
2012-07-18T11:46:10+02:00 INFO (6): webvm serving lieferando.de.testing found 3 online and 0 offline services in #38096 
2012-07-18T11:46:10+02:00 DEBUG (7): webvm serving lieferando.de.testing SMARTY: did not find template order/basis/service.htm in lieferando.de layout, switching successfully back to default 
2012-07-18T11:46:10+02:00 DEBUG (7): webvm serving lieferando.de.testing SMARTY: rendering template order/basis/service.htm 
2012-07-18T11:46:48+02:00 INFO (6): webvm serving lieferando.de.testing found 3 online and 0 offline services in #38096 
2012-07-18T11:46:48+02:00 DEBUG (7): webvm serving lieferando.de.testing SMARTY: did not find template order/basis/service.htm in lieferando.de layout, switching successfully back to default 
2012-07-18T11:46:48+02:00 DEBUG (7): webvm serving lieferando.de.testing SMARTY: rendering template order/basis/service.htm 
2012-07-18T11:46:54+02:00 DEBUG (7): webvm serving lieferando.de.testing SMARTY: caching /media/sf_ydadmin/htdocs/lieferando/application/../public/cache/html/www.yourdelivery.local/lieferservice-ahsen-45711.html 
2012-07-18T11:48:43+02:00 INFO (6): webvm serving lieferando.de.testing found 3 online and 0 offline services in #38096 
2012-07-18T11:48:43+02:00 DEBUG (7): webvm serving lieferando.de.testing SMARTY: did not find template order/basis/service.htm in lieferando.de layout, switching successfully back to default 
2012-07-18T11:48:43+02:00 DEBUG (7): webvm serving lieferando.de.testing SMARTY: rendering template order/basis/service.htm 
2012-07-18T11:48:49+02:00 DEBUG (7): webvm serving lieferando.de.testing SMARTY: caching /media/sf_ydadmin/htdocs/lieferando/application/../public/cache/html/www.yourdelivery.local/lieferservice-ahsen-45711.html 
2012-07-18T11:49:28+02:00 INFO (6): webvm serving lieferando.de.testing found 3 online and 0 offline services in #38096 
2012-07-18T11:49:28+02:00 DEBUG (7): webvm serving lieferando.de.testing SMARTY: did not find template order/basis/service.htm in lieferando.de layout, switching successfully back to default 
2012-07-18T11:49:28+02:00 DEBUG (7): webvm serving lieferando.de.testing SMARTY: rendering template order/basis/service.htm 
2012-07-18T11:49:34+02:00 DEBUG (7): webvm serving lieferando.de.testing SMARTY: caching /media/sf_ydadmin/htdocs/lieferando/application/../public/cache/html/www.yourdelivery.local/lieferservice-ahsen-45711.html 
2012-07-18T11:50:44+02:00 DEBUG (7): webvm serving lieferando.de.testing SMARTY: did not find template test/voodoo.htm in lieferando.de layout, switching successfully back to default 
2012-07-18T11:50:44+02:00 DEBUG (7): webvm serving lieferando.de.testing SMARTY: rendering template test/voodoo.htm 
2012-07-18T11:54:05+02:00 INFO (6): webvm serving lieferando.de.testing found 3 online and 0 offline services in #38096 
2012-07-18T11:54:05+02:00 DEBUG (7): webvm serving lieferando.de.testing SMARTY: did not find template order/basis/service.htm in lieferando.de layout, switching successfully back to default 
2012-07-18T11:54:05+02:00 DEBUG (7): webvm serving lieferando.de.testing SMARTY: rendering template order/basis/service.htm 
2012-07-18T11:54:11+02:00 DEBUG (7): webvm serving lieferando.de.testing SMARTY: caching /media/sf_ydadmin/htdocs/lieferando/application/../public/cache/html/www.yourdelivery.local/lieferservice-ahsen-45711.html 
2012-07-18T11:58:10+02:00 INFO (6): webvm serving lieferando.de.testing found 3 online and 0 offline services in #38096 
2012-07-18T11:58:10+02:00 DEBUG (7): webvm serving lieferando.de.testing SMARTY: did not find template order/basis/service.htm in lieferando.de layout, switching successfully back to default 
2012-07-18T11:58:10+02:00 DEBUG (7): webvm serving lieferando.de.testing SMARTY: rendering template order/basis/service.htm 
2012-07-18T11:58:16+02:00 DEBUG (7): webvm serving lieferando.de.testing SMARTY: caching /media/sf_ydadmin/htdocs/lieferando/application/../public/cache/html/www.yourdelivery.local/lieferservice-ahsen-45711.html 
2012-07-18T12:00:06+02:00 INFO (6): webvm serving lieferando.de.testing found 3 online and 0 offline services in #38096 
2012-07-18T12:00:06+02:00 DEBUG (7): webvm serving lieferando.de.testing SMARTY: did not find template order/basis/service.htm in lieferando.de layout, switching successfully back to default 
2012-07-18T12:00:06+02:00 DEBUG (7): webvm serving lieferando.de.testing SMARTY: rendering template order/basis/service.htm 
2012-07-18T12:00:12+02:00 DEBUG (7): webvm serving lieferando.de.testing SMARTY: caching /media/sf_ydadmin/htdocs/lieferando/application/../public/cache/html/www.yourdelivery.local/lieferservice-ahsen-45711.html 
2012-07-18T12:01:45+02:00 INFO (6): webvm serving lieferando.de.testing found 3 online and 0 offline services in #38096 
2012-07-18T12:01:45+02:00 DEBUG (7): webvm serving lieferando.de.testing SMARTY: did not find template order/basis/service.htm in lieferando.de layout, switching successfully back to default 
2012-07-18T12:01:45+02:00 DEBUG (7): webvm serving lieferando.de.testing SMARTY: rendering template order/basis/service.htm 
2012-07-18T12:01:51+02:00 DEBUG (7): webvm serving lieferando.de.testing SMARTY: caching /media/sf_ydadmin/htdocs/lieferando/application/../public/cache/html/www.yourdelivery.local/lieferservice-ahsen-45711.html 
2012-07-18T12:04:28+02:00 DEBUG (7): webvm serving lieferando.de.testing SMARTY: did not find template request/order/serviceinfo.htm in lieferando.de layout, switching successfully back to default 
2012-07-18T12:04:28+02:00 DEBUG (7): webvm serving lieferando.de.testing SMARTY: rendering template request/order/serviceinfo.htm 
2012-07-18T12:04:29+02:00 DEBUG (7): webvm serving lieferando.de.testing SMARTY: caching /media/sf_ydadmin/htdocs/lieferando/application/../public/cache/html/www.yourdelivery.local/request_order/serviceinfo/id/21218.html 
2012-07-18T12:04:29+02:00 INFO (6): webvm serving lieferando.de.testing found 3 online and 0 offline services in #38096 
2012-07-18T12:04:29+02:00 DEBUG (7): webvm serving lieferando.de.testing SMARTY: did not find template order/basis/service.htm in lieferando.de layout, switching successfully back to default 
2012-07-18T12:04:29+02:00 DEBUG (7): webvm serving lieferando.de.testing SMARTY: rendering template order/basis/service.htm 
2012-07-18T12:04:35+02:00 DEBUG (7): webvm serving lieferando.de.testing SMARTY: caching /media/sf_ydadmin/htdocs/lieferando/application/../public/cache/html/www.yourdelivery.local/lieferservice-ahsen-45711.html 
2012-07-18T12:05:32+02:00 INFO (6): webvm serving lieferando.de.testing found 3 online and 0 offline services in #38096 
2012-07-18T12:05:32+02:00 DEBUG (7): webvm serving lieferando.de.testing SMARTY: did not find template order/basis/service.htm in lieferando.de layout, switching successfully back to default 
2012-07-18T12:05:32+02:00 DEBUG (7): webvm serving lieferando.de.testing SMARTY: rendering template order/basis/service.htm 
2012-07-18T12:05:38+02:00 DEBUG (7): webvm serving lieferando.de.testing SMARTY: caching /media/sf_ydadmin/htdocs/lieferando/application/../public/cache/html/www.yourdelivery.local/lieferservice-ahsen-45711.html 
2012-07-18T12:06:11+02:00 INFO (6): webvm serving lieferando.de.testing found 3 online and 0 offline services in #38096 
2012-07-18T12:06:11+02:00 DEBUG (7): webvm serving lieferando.de.testing SMARTY: did not find template order/basis/service.htm in lieferando.de layout, switching successfully back to default 
2012-07-18T12:06:11+02:00 DEBUG (7): webvm serving lieferando.de.testing SMARTY: rendering template order/basis/service.htm 
2012-07-18T12:06:17+02:00 DEBUG (7): webvm serving lieferando.de.testing SMARTY: caching /media/sf_ydadmin/htdocs/lieferando/application/../public/cache/html/www.yourdelivery.local/lieferservice-ahsen-45711.html 
2012-07-18T12:06:37+02:00 INFO (6): webvm serving lieferando.de.testing found 3 online and 0 offline services in #38096 
2012-07-18T12:06:37+02:00 DEBUG (7): webvm serving lieferando.de.testing SMARTY: did not find template order/basis/service.htm in lieferando.de layout, switching successfully back to default 
2012-07-18T12:06:37+02:00 DEBUG (7): webvm serving lieferando.de.testing SMARTY: rendering template order/basis/service.htm 
2012-07-18T12:06:43+02:00 DEBUG (7): webvm serving lieferando.de.testing SMARTY: caching /media/sf_ydadmin/htdocs/lieferando/application/../public/cache/html/www.yourdelivery.local/lieferservice-ahsen-45711.html 
2012-07-18T12:07:16+02:00 INFO (6): webvm serving lieferando.de.testing found 3 online and 0 offline services in #38096 
2012-07-18T12:07:16+02:00 DEBUG (7): webvm serving lieferando.de.testing SMARTY: did not find template order/basis/service.htm in lieferando.de layout, switching successfully back to default 
2012-07-18T12:07:16+02:00 DEBUG (7): webvm serving lieferando.de.testing SMARTY: rendering template order/basis/service.htm 
2012-07-18T12:07:22+02:00 DEBUG (7): webvm serving lieferando.de.testing SMARTY: caching /media/sf_ydadmin/htdocs/lieferando/application/../public/cache/html/www.yourdelivery.local/lieferservice-ahsen-45711.html 
2012-07-18T12:07:56+02:00 INFO (6): webvm serving lieferando.de.testing found 3 online and 0 offline services in #38096 
2012-07-18T12:07:56+02:00 DEBUG (7): webvm serving lieferando.de.testing SMARTY: did not find template order/basis/service.htm in lieferando.de layout, switching successfully back to default 
2012-07-18T12:07:56+02:00 DEBUG (7): webvm serving lieferando.de.testing SMARTY: rendering template order/basis/service.htm 
2012-07-18T12:08:02+02:00 DEBUG (7): webvm serving lieferando.de.testing SMARTY: caching /media/sf_ydadmin/htdocs/lieferando/application/../public/cache/html/www.yourdelivery.local/lieferservice-ahsen-45711.html 
2012-07-18T12:08:55+02:00 INFO (6): webvm serving lieferando.de.testing found 3 online and 0 offline services in #38096 
2012-07-18T12:08:55+02:00 DEBUG (7): webvm serving lieferando.de.testing SMARTY: did not find template order/basis/service.htm in lieferando.de layout, switching successfully back to default 
2012-07-18T12:08:55+02:00 DEBUG (7): webvm serving lieferando.de.testing SMARTY: rendering template order/basis/service.htm 
2012-07-18T12:09:01+02:00 DEBUG (7): webvm serving lieferando.de.testing SMARTY: caching /media/sf_ydadmin/htdocs/lieferando/application/../public/cache/html/www.yourdelivery.local/lieferservice-ahsen-45711.html 
2012-07-18T12:11:17+02:00 INFO (6): webvm serving lieferando.de.testing found 3 online and 0 offline services in #38096 
2012-07-18T12:11:17+02:00 DEBUG (7): webvm serving lieferando.de.testing SMARTY: did not find template order/basis/service.htm in lieferando.de layout, switching successfully back to default 
2012-07-18T12:11:17+02:00 DEBUG (7): webvm serving lieferando.de.testing SMARTY: rendering template order/basis/service.htm 
2012-07-18T12:11:24+02:00 DEBUG (7): webvm serving lieferando.de.testing SMARTY: caching /media/sf_ydadmin/htdocs/lieferando/application/../public/cache/html/www.yourdelivery.local/lieferservice-ahsen-45711.html 
2012-07-18T12:12:03+02:00 INFO (6): webvm serving lieferando.de.testing found 3 online and 0 offline services in #38096 
2012-07-18T12:12:03+02:00 DEBUG (7): webvm serving lieferando.de.testing SMARTY: did not find template order/basis/service.htm in lieferando.de layout, switching successfully back to default 
2012-07-18T12:12:03+02:00 DEBUG (7): webvm serving lieferando.de.testing SMARTY: rendering template order/basis/service.htm 
2012-07-18T12:12:10+02:00 DEBUG (7): webvm serving lieferando.de.testing SMARTY: caching /media/sf_ydadmin/htdocs/lieferando/application/../public/cache/html/www.yourdelivery.local/lieferservice-ahsen-45711.html 
2012-07-18T12:12:44+02:00 INFO (6): webvm serving lieferando.de.testing found 3 online and 0 offline services in #38096 
2012-07-18T12:12:44+02:00 DEBUG (7): webvm serving lieferando.de.testing SMARTY: did not find template order/basis/service.htm in lieferando.de layout, switching successfully back to default 
2012-07-18T12:12:44+02:00 DEBUG (7): webvm serving lieferando.de.testing SMARTY: rendering template order/basis/service.htm 
2012-07-18T12:12:50+02:00 DEBUG (7): webvm serving lieferando.de.testing SMARTY: caching /media/sf_ydadmin/htdocs/lieferando/application/../public/cache/html/www.yourdelivery.local/lieferservice-ahsen-45711.html 
2012-07-18T12:13:57+02:00 INFO (6): webvm serving lieferando.de.testing found 3 online and 0 offline services in #38096 
2012-07-18T12:13:57+02:00 DEBUG (7): webvm serving lieferando.de.testing SMARTY: did not find template order/basis/service.htm in lieferando.de layout, switching successfully back to default 
2012-07-18T12:13:57+02:00 DEBUG (7): webvm serving lieferando.de.testing SMARTY: rendering template order/basis/service.htm 
2012-07-18T12:14:03+02:00 DEBUG (7): webvm serving lieferando.de.testing SMARTY: caching /media/sf_ydadmin/htdocs/lieferando/application/../public/cache/html/www.yourdelivery.local/lieferservice-ahsen-45711.html 
2012-07-18T12:14:26+02:00 INFO (6): webvm serving lieferando.de.testing found 3 online and 0 offline services in #38096 
2012-07-18T12:14:26+02:00 DEBUG (7): webvm serving lieferando.de.testing SMARTY: did not find template order/basis/service.htm in lieferando.de layout, switching successfully back to default 
2012-07-18T12:14:26+02:00 DEBUG (7): webvm serving lieferando.de.testing SMARTY: rendering template order/basis/service.htm 
2012-07-18T12:14:33+02:00 DEBUG (7): webvm serving lieferando.de.testing SMARTY: caching /media/sf_ydadmin/htdocs/lieferando/application/../public/cache/html/www.yourdelivery.local/lieferservice-ahsen-45711.html 
2012-07-18T12:15:23+02:00 INFO (6): webvm serving lieferando.de.testing found 3 online and 0 offline services in #38096 
2012-07-18T12:15:23+02:00 DEBUG (7): webvm serving lieferando.de.testing SMARTY: did not find template order/basis/service.htm in lieferando.de layout, switching successfully back to default 
2012-07-18T12:15:23+02:00 DEBUG (7): webvm serving lieferando.de.testing SMARTY: rendering template order/basis/service.htm 
2012-07-18T12:15:30+02:00 DEBUG (7): webvm serving lieferando.de.testing SMARTY: caching /media/sf_ydadmin/htdocs/lieferando/application/../public/cache/html/www.yourdelivery.local/lieferservice-ahsen-45711.html 
2012-07-18T12:15:49+02:00 INFO (6): webvm serving lieferando.de.testing found 3 online and 0 offline services in #38096 
2012-07-18T12:15:49+02:00 DEBUG (7): webvm serving lieferando.de.testing SMARTY: did not find template order/basis/service.htm in lieferando.de layout, switching successfully back to default 
2012-07-18T12:15:49+02:00 DEBUG (7): webvm serving lieferando.de.testing SMARTY: rendering template order/basis/service.htm 
2012-07-18T12:15:55+02:00 DEBUG (7): webvm serving lieferando.de.testing SMARTY: caching /media/sf_ydadmin/htdocs/lieferando/application/../public/cache/html/www.yourdelivery.local/lieferservice-ahsen-45711.html 
2012-07-18T12:16:34+02:00 INFO (6): webvm serving lieferando.de.testing found 3 online and 0 offline services in #38096 
2012-07-18T12:16:34+02:00 DEBUG (7): webvm serving lieferando.de.testing SMARTY: did not find template order/basis/service.htm in lieferando.de layout, switching successfully back to default 
2012-07-18T12:16:34+02:00 DEBUG (7): webvm serving lieferando.de.testing SMARTY: rendering template order/basis/service.htm 
2012-07-18T12:16:41+02:00 DEBUG (7): webvm serving lieferando.de.testing SMARTY: caching /media/sf_ydadmin/htdocs/lieferando/application/../public/cache/html/www.yourdelivery.local/lieferservice-ahsen-45711.html 
2012-07-18T12:18:18+02:00 INFO (6): webvm serving lieferando.de.testing found 3 online and 0 offline services in #38096 
2012-07-18T12:18:18+02:00 DEBUG (7): webvm serving lieferando.de.testing SMARTY: did not find template order/basis/service.htm in lieferando.de layout, switching successfully back to default 
2012-07-18T12:18:18+02:00 DEBUG (7): webvm serving lieferando.de.testing SMARTY: rendering template order/basis/service.htm 
2012-07-18T12:18:24+02:00 DEBUG (7): webvm serving lieferando.de.testing SMARTY: caching /media/sf_ydadmin/htdocs/lieferando/application/../public/cache/html/www.yourdelivery.local/lieferservice-ahsen-45711.html 
2012-07-18T12:19:23+02:00 INFO (6): webvm serving lieferando.de.testing found 3 online and 0 offline services in #38096 
2012-07-18T12:19:23+02:00 DEBUG (7): webvm serving lieferando.de.testing SMARTY: did not find template order/basis/service.htm in lieferando.de layout, switching successfully back to default 
2012-07-18T12:19:23+02:00 DEBUG (7): webvm serving lieferando.de.testing SMARTY: rendering template order/basis/service.htm 
2012-07-18T12:19:30+02:00 DEBUG (7): webvm serving lieferando.de.testing SMARTY: caching /media/sf_ydadmin/htdocs/lieferando/application/../public/cache/html/www.yourdelivery.local/lieferservice-ahsen-45711.html 
2012-07-18T12:19:51+02:00 INFO (6): webvm serving lieferando.de.testing found 3 online and 0 offline services in #38096 
2012-07-18T12:19:51+02:00 DEBUG (7): webvm serving lieferando.de.testing SMARTY: did not find template order/basis/service.htm in lieferando.de layout, switching successfully back to default 
2012-07-18T12:19:51+02:00 DEBUG (7): webvm serving lieferando.de.testing SMARTY: rendering template order/basis/service.htm 
2012-07-18T12:19:57+02:00 DEBUG (7): webvm serving lieferando.de.testing SMARTY: caching /media/sf_ydadmin/htdocs/lieferando/application/../public/cache/html/www.yourdelivery.local/lieferservice-ahsen-45711.html 
2012-07-18T12:27:55+02:00 INFO (6): webvm serving lieferando.de.testing found 3 online and 0 offline services in #38096 
2012-07-18T12:27:55+02:00 DEBUG (7): webvm serving lieferando.de.testing SMARTY: did not find template order/basis/service.htm in lieferando.de layout, switching successfully back to default 
2012-07-18T12:27:55+02:00 DEBUG (7): webvm serving lieferando.de.testing SMARTY: rendering template order/basis/service.htm 
2012-07-18T12:28:01+02:00 DEBUG (7): webvm serving lieferando.de.testing SMARTY: caching /media/sf_ydadmin/htdocs/lieferando/application/../public/cache/html/www.yourdelivery.local/lieferservice-ahsen-45711.html 
2012-07-18T12:28:42+02:00 INFO (6): webvm serving lieferando.de.testing found 3 online and 0 offline services in #38096 
2012-07-18T12:28:42+02:00 DEBUG (7): webvm serving lieferando.de.testing SMARTY: did not find template order/basis/service.htm in lieferando.de layout, switching successfully back to default 
2012-07-18T12:28:42+02:00 DEBUG (7): webvm serving lieferando.de.testing SMARTY: rendering template order/basis/service.htm 
2012-07-18T12:28:48+02:00 DEBUG (7): webvm serving lieferando.de.testing SMARTY: caching /media/sf_ydadmin/htdocs/lieferando/application/../public/cache/html/www.yourdelivery.local/lieferservice-ahsen-45711.html 
2012-07-18T12:29:03+02:00 INFO (6): webvm serving lieferando.de.testing found 21 online and 2 offline services in #30173 
2012-07-18T12:29:03+02:00 DEBUG (7): webvm serving lieferando.de.testing SMARTY: did not find template order/basis/service.htm in lieferando.de layout, switching successfully back to default 
2012-07-18T12:29:03+02:00 DEBUG (7): webvm serving lieferando.de.testing SMARTY: rendering template order/basis/service.htm 
2012-07-18T12:29:10+02:00 DEBUG (7): webvm serving lieferando.de.testing SMARTY: caching /media/sf_ydadmin/htdocs/lieferando/application/../public/cache/html/www.yourdelivery.local/lieferservice-castrop-rauxel-frohlinde-44577.html 
2012-07-18T12:32:52+02:00 INFO (6): webvm serving lieferando.de.testing found 15 online and 1 offline services in #3248 
2012-07-18T12:32:52+02:00 DEBUG (7): webvm serving lieferando.de.testing SMARTY: did not find template order/basis/service.htm in lieferando.de layout, switching successfully back to default 
2012-07-18T12:32:53+02:00 DEBUG (7): webvm serving lieferando.de.testing SMARTY: rendering template order/basis/service.htm 
2012-07-18T12:32:57+02:00 DEBUG (7): webvm serving lieferando.de.testing SMARTY: caching /media/sf_ydadmin/htdocs/lieferando/application/../public/cache/html/www.yourdelivery.local/lieferservice-gladbeck-45968.html 
2012-07-18T12:33:13+02:00 ERR (3): webvm serving lieferando.de.testing PAGE NOT FOUND: /lieferservice-gladbeck #0 log() called at [/media/sf_ydadmin/htdocs/lieferando/library/Yourdelivery/Log.php:68]
#1 __call() called at [:]
#2 err() called at [/media/sf_ydadmin/htdocs/lieferando/application/controllers/ErrorController.php:187]
#3 errorAction() called at [/media/sf_ydadmin/htdocs/lieferando/library/Zend/Controller/Action.php:513]
#4 dispatch() called at [/media/sf_ydadmin/htdocs/lieferando/library/Zend/Controller/Dispatcher/Standard.php:289]
#5 dispatch() called at [/media/sf_ydadmin/htdocs/lieferando/library/Zend/Controller/Front.php:954]
#6 dispatch() called at [/media/sf_ydadmin/htdocs/lieferando/library/Zend/Application/Bootstrap/Bootstrap.php:97]
#7 run() called at [/media/sf_ydadmin/htdocs/lieferando/library/Zend/Application.php:366]
#8 run() called at [/media/sf_ydadmin/htdocs/lieferando/public/index.php:111]

2012-07-18T12:33:13+02:00 DEBUG (7): webvm serving lieferando.de.testing SMARTY: did not find template error/notfound.htm in lieferando.de layout, switching successfully back to default 
2012-07-18T12:33:13+02:00 DEBUG (7): webvm serving lieferando.de.testing SMARTY: rendering template error/notfound.htm 
2012-07-18T12:36:36+02:00 INFO (6): webvm serving lieferando.de.testing found 128 online and 17 offline services in #644 
2012-07-18T12:36:36+02:00 DEBUG (7): webvm serving lieferando.de.testing SMARTY: did not find template order/basis/service.htm in lieferando.de layout, switching successfully back to default 
2012-07-18T12:36:36+02:00 DEBUG (7): webvm serving lieferando.de.testing SMARTY: rendering template order/basis/service.htm 
2012-07-18T12:37:16+02:00 INFO (6): webvm serving lieferando.de.testing found 128 online and 17 offline services in #644 
2012-07-18T12:37:16+02:00 DEBUG (7): webvm serving lieferando.de.testing SMARTY: did not find template order/basis/service.htm in lieferando.de layout, switching successfully back to default 
2012-07-18T12:37:16+02:00 DEBUG (7): webvm serving lieferando.de.testing SMARTY: rendering template order/basis/service.htm 
2012-07-18T12:37:54+02:00 DEBUG (7): webvm serving lieferando.de.testing SMARTY: did not find template index/index.htm in lieferando.de layout, switching successfully back to default 
2012-07-18T12:37:54+02:00 DEBUG (7): webvm serving lieferando.de.testing SMARTY: rendering template index/index.htm 
2012-07-18T12:37:55+02:00 DEBUG (7): webvm serving lieferando.de.testing SMARTY: caching /media/sf_ydadmin/htdocs/lieferando/application/../public/cache/html/www.yourdelivery.local/index.html 
2012-07-18T12:38:41+02:00 INFO (6): webvm serving lieferando.de.testing found 128 online and 17 offline services in #644 
2012-07-18T12:38:41+02:00 DEBUG (7): webvm serving lieferando.de.testing SMARTY: did not find template order/basis/service.htm in lieferando.de layout, switching successfully back to default 
2012-07-18T12:38:41+02:00 DEBUG (7): webvm serving lieferando.de.testing SMARTY: rendering template order/basis/service.htm 
2012-07-18T12:38:42+02:00 INFO (6): webvm serving lieferando.de.testing found 128 online and 17 offline services in #644 
2012-07-18T12:38:42+02:00 DEBUG (7): webvm serving lieferando.de.testing SMARTY: did not find template order/basis/service.htm in lieferando.de layout, switching successfully back to default 
2012-07-18T12:38:42+02:00 DEBUG (7): webvm serving lieferando.de.testing SMARTY: rendering template order/basis/service.htm 
2012-07-18T12:39:25+02:00 DEBUG (7): webvm serving lieferando.de.testing SMARTY: caching /media/sf_ydadmin/htdocs/lieferando/application/../public/cache/html/www.yourdelivery.local/lieferservice-berlin-10115.html 
2012-07-18T12:39:44+02:00 INFO (6): webvm serving lieferando.de.testing found 128 online and 17 offline services in #31754 
2012-07-18T12:39:44+02:00 DEBUG (7): webvm serving lieferando.de.testing SMARTY: did not find template order/basis/service.htm in lieferando.de layout, switching successfully back to default 
2012-07-18T12:39:44+02:00 DEBUG (7): webvm serving lieferando.de.testing SMARTY: rendering template order/basis/service.htm 
2012-07-18T12:39:45+02:00 INFO (6): webvm serving lieferando.de.testing found 128 online and 17 offline services in #31754 
2012-07-18T12:39:45+02:00 DEBUG (7): webvm serving lieferando.de.testing SMARTY: did not find template order/basis/service.htm in lieferando.de layout, switching successfully back to default 
2012-07-18T12:39:45+02:00 DEBUG (7): webvm serving lieferando.de.testing SMARTY: rendering template order/basis/service.htm 
2012-07-18T12:40:26+02:00 DEBUG (7): webvm serving lieferando.de.testing SMARTY: caching /media/sf_ydadmin/htdocs/lieferando/application/../public/cache/html/www.yourdelivery.local/lieferservice-berlin-mitte-10115.html 
2012-07-18T12:43:52+02:00 DEBUG (7): webvm serving lieferando.de.testing SMARTY: did not find template request/order/serviceinfo.htm in lieferando.de layout, switching successfully back to default 
2012-07-18T12:43:52+02:00 DEBUG (7): webvm serving lieferando.de.testing SMARTY: rendering template request/order/serviceinfo.htm 
2012-07-18T12:43:52+02:00 DEBUG (7): webvm serving lieferando.de.testing SMARTY: caching /media/sf_ydadmin/htdocs/lieferando/application/../public/cache/html/www.yourdelivery.local/request_order/serviceinfo/id/13721.html 
2012-07-18T12:53:28+02:00 DEBUG (7): webvm serving lieferando.de.testing no post 
2012-07-18T12:53:28+02:00 DEBUG (7): webvm serving lieferando.de.testing PIWIK: tracking goal registerpage with revenue 0 
2012-07-18T12:53:28+02:00 DEBUG (7): webvm serving lieferando.de.testing SMARTY: did not find template user/register.htm in lieferando.de layout, switching successfully back to default 
2012-07-18T12:53:28+02:00 DEBUG (7): webvm serving lieferando.de.testing SMARTY: rendering template user/register.htm 
2012-07-18T12:58:08+02:00 DEBUG (7): webvm serving lieferando.de.testing saved model Yourdelivery_Model_Customer with id #296169 new data :: Array(    [sex] => m    [prename] => rturtu    [name] => tzituizui    [hausnr] => 456    [tel] => 0055123456789    [cityId] => 737    [plz] => 12349 Berlin    [street] => rturtziutz    [email] => test@kybernaut.de    [password] => 827ccb0eea8a706c4c34a16891f84e7b    [companyName] =>     [etage] =>     [comment] =>     [agb] => 1    [newcustomer] => 0) 
2012-07-18T12:58:08+02:00 DEBUG (7): webvm serving lieferando.de.testing found 20 points for action register 
2012-07-18T12:58:08+02:00 DEBUG (7): webvm serving lieferando.de.testing saved model Yourdelivery_Model_Customer_FidelityTransaction with id #1632316 new data :: Array(    [email] => test@kybernaut.de    [action] => register    [status] => 0    [points] => 20    [transactionData] => 296169) 
2012-07-18T12:58:08+02:00 INFO (6): webvm serving lieferando.de.testing successfully added 0 points to customer test@kybernaut.de for action register 
2012-07-18T12:58:08+02:00 DEBUG (7): webvm serving lieferando.de.testing CUSTOMER FIDELITY - could not clear cache for transactionsfidelity50da861d70995c6520c4d9c343283a9d 
2012-07-18T12:58:08+02:00 DEBUG (7): webvm serving lieferando.de.testing CUSTOMER FIDELITY - could not clear cache for open1fidelity50da861d70995c6520c4d9c343283a9d 
2012-07-18T12:58:08+02:00 DEBUG (7): webvm serving lieferando.de.testing CUSTOMER FIDELITY - could not clear cache for open0fidelity50da861d70995c6520c4d9c343283a9d 
2012-07-18T12:58:08+02:00 INFO (6): webvm serving lieferando.de.testing customer #296169 successfully registered, added 20 fidelity points 
2012-07-18T12:58:08+02:00 INFO (6): webvm serving lieferando.de.testing sending out double opt in email to test@kybernaut.de 
2012-07-18T12:58:09+02:00 DEBUG (7): webvm serving lieferando.de.testing saved model Yourdelivery_Model_Newsletterrecipients with id #220839 new data :: Array(    [email] => test@kybernaut.de    [status] => 1    [affirmed] => ) 
2012-07-18T12:58:09+02:00 DEBUG (7): webvm serving lieferando.de.testing saved model Yourdelivery_Model_Location with id #276101 new data :: Array(    [sex] => m    [prename] => rturtu    [name] => tzituizui    [birthday] =>     [hausnr] => 456    [tel] => 123456789    [cityId] => 737    [plz] => 12349    [street] => rturtziutz    [email] => test@kybernaut.de    [password] => 12345    [companyName] =>     [etage] =>     [comment] =>     [agb] => 1    [newcustomer] => 0    [customerId] => 296169    [primary] => 1) 
2012-07-18T12:58:10+02:00 DEBUG (7): webvm serving lieferando.de.testing PIWIK: tracking goal registered with revenue 0 
2012-07-18T12:58:10+02:00 DEBUG (7): webvm serving lieferando.de.testing SMARTY: did not find template user/registered.htm in lieferando.de layout, switching successfully back to default 
2012-07-18T12:58:10+02:00 DEBUG (7): webvm serving lieferando.de.testing SMARTY: rendering template user/registered.htm 
2012-07-18T12:58:18+02:00 DEBUG (7): webvm serving lieferando.de.testing SMARTY: did not find template order/private/start.htm in lieferando.de layout, switching successfully back to default 
2012-07-18T12:58:18+02:00 DEBUG (7): webvm serving lieferando.de.testing SMARTY: rendering template order/private/start.htm 
2012-07-18T12:58:20+02:00 DEBUG (7): webvm serving lieferando.de.testing search UNRATED ORDERS (limit 5 - start 0) for customer #296169 test@kybernaut.de - unratedOrderCount: 0 
2012-07-18T12:58:20+02:00 DEBUG (7): webvm serving lieferando.de.testing found 5 points for action rate_high 
2012-07-18T12:58:20+02:00 DEBUG (7): webvm serving lieferando.de.testing found 8 points for action accountimage 
2012-07-18T12:58:20+02:00 DEBUG (7): webvm serving lieferando.de.testing FIDELITY - OPEN ACTIONS: could not store for id:  open0fidelity50da861d70995c6520c4d9c343283a9d 
2012-07-18T12:58:20+02:00 DEBUG (7): webvm serving lieferando.de.testing FIDELITY - OPEN ACTIONS: variable was already set - don't recalculating 
2012-07-18T13:09:24+02:00 DEBUG (7): webvm serving lieferando.de.testing SMARTY: did not find template order/private/start.htm in lieferando.de layout, switching successfully back to default 
2012-07-18T13:09:24+02:00 DEBUG (7): webvm serving lieferando.de.testing SMARTY: rendering template order/private/start.htm 
2012-07-18T13:09:24+02:00 DEBUG (7): webvm serving lieferando.de.testing search UNRATED ORDERS (limit 5 - start 0) for customer #296169 test@kybernaut.de - unratedOrderCount: 0 
2012-07-18T13:09:24+02:00 DEBUG (7): webvm serving lieferando.de.testing found 5 points for action rate_high 
2012-07-18T13:09:24+02:00 DEBUG (7): webvm serving lieferando.de.testing found 8 points for action accountimage 
2012-07-18T13:09:24+02:00 DEBUG (7): webvm serving lieferando.de.testing FIDELITY - OPEN ACTIONS: could not store for id:  open0fidelity50da861d70995c6520c4d9c343283a9d 
2012-07-18T13:09:24+02:00 DEBUG (7): webvm serving lieferando.de.testing FIDELITY - OPEN ACTIONS: variable was already set - don't recalculating 
2012-07-18T13:09:35+02:00 DEBUG (7): webvm serving lieferando.de.testing CUSTOMER FIDELITY - could not clear cache for transactionsfidelity50da861d70995c6520c4d9c343283a9d 
2012-07-18T13:09:35+02:00 DEBUG (7): webvm serving lieferando.de.testing CUSTOMER FIDELITY - could not clear cache for open1fidelity50da861d70995c6520c4d9c343283a9d 
2012-07-18T13:09:35+02:00 DEBUG (7): webvm serving lieferando.de.testing CUSTOMER FIDELITY - could not clear cache for open0fidelity50da861d70995c6520c4d9c343283a9d 
2012-07-18T13:09:35+02:00 DEBUG (7): webvm serving lieferando.de.testing CUSTOMER - could not clear cache for limit 1 id: rated_5_0customer296169 
2012-07-18T13:09:35+02:00 DEBUG (7): webvm serving lieferando.de.testing CUSTOMER - could not clear cache for limit 1 id: rated_10_0customer296169 
2012-07-18T13:09:35+02:00 DEBUG (7): webvm serving lieferando.de.testing CUSTOMER - could not clear cache for limit 1 id: rated_25_0customer296169 
2012-07-18T13:09:35+02:00 DEBUG (7): webvm serving lieferando.de.testing CUSTOMER - could not clear cache for limit 1 id: rated_50_0customer296169 
2012-07-18T13:09:35+02:00 DEBUG (7): webvm serving lieferando.de.testing CUSTOMER - could not clear cache for limit 1 id: rated_100_0customer296169 
2012-07-18T13:09:35+02:00 DEBUG (7): webvm serving lieferando.de.testing CUSTOMER - could not clear cache for limit 1 id: unrated_5_0customer296169 
2012-07-18T13:09:35+02:00 DEBUG (7): webvm serving lieferando.de.testing CUSTOMER - could not clear cache for limit 1 id: unrated_10_0customer296169 
2012-07-18T13:09:35+02:00 DEBUG (7): webvm serving lieferando.de.testing CUSTOMER - could not clear cache for limit 1 id: unrated_25_0customer296169 
2012-07-18T13:09:35+02:00 DEBUG (7): webvm serving lieferando.de.testing CUSTOMER - could not clear cache for limit 1 id: unrated_50_0customer296169 
2012-07-18T13:09:35+02:00 DEBUG (7): webvm serving lieferando.de.testing CUSTOMER - could not clear cache for limit 1 id: unrated_100_0customer296169 
2012-07-18T13:09:35+02:00 DEBUG (7): webvm serving lieferando.de.testing CUSTOMER FIDELITY - could not clear cache for transactionsfidelity50da861d70995c6520c4d9c343283a9d 
2012-07-18T13:09:35+02:00 DEBUG (7): webvm serving lieferando.de.testing CUSTOMER FIDELITY - could not clear cache for open1fidelity50da861d70995c6520c4d9c343283a9d 
2012-07-18T13:09:35+02:00 DEBUG (7): webvm serving lieferando.de.testing CUSTOMER FIDELITY - could not clear cache for open0fidelity50da861d70995c6520c4d9c343283a9d 
2012-07-18T13:09:36+02:00 DEBUG (7): webvm serving lieferando.de.testing PIWIK: tracking customer variable customerId at value 0 
2012-07-18T13:09:37+02:00 DEBUG (7): webvm serving lieferando.de.testing PIWIK: tracking customer variable customerId at value  
2012-07-18T13:09:49+02:00 INFO (6): webvm serving lieferando.de.testing found 56 online and 8 offline services in #737 
2012-07-18T13:09:49+02:00 DEBUG (7): webvm serving lieferando.de.testing SMARTY: did not find template order/basis/service.htm in lieferando.de layout, switching successfully back to default 
2012-07-18T13:09:49+02:00 DEBUG (7): webvm serving lieferando.de.testing SMARTY: rendering template order/basis/service.htm 
2012-07-18T13:10:07+02:00 DEBUG (7): webvm serving lieferando.de.testing SMARTY: caching /media/sf_ydadmin/htdocs/lieferando/application/../public/cache/html/www.yourdelivery.local/lieferservice-berlin-12349.html 
2012-07-18T13:10:13+02:00 DEBUG (7): webvm serving lieferando.de.testing SMARTY: did not find template request/order/serviceinfo.htm in lieferando.de layout, switching successfully back to default 
2012-07-18T13:10:13+02:00 DEBUG (7): webvm serving lieferando.de.testing SMARTY: rendering template request/order/serviceinfo.htm 
2012-07-18T13:10:14+02:00 DEBUG (7): webvm serving lieferando.de.testing SMARTY: caching /media/sf_ydadmin/htdocs/lieferando/application/../public/cache/html/www.yourdelivery.local/request_order/serviceinfo/id/12492.html 
2012-07-18T14:16:13+02:00 INFO (6): webvm serving lieferando.de.testing found 56 online and 8 offline services in #737 
2012-07-18T14:16:13+02:00 DEBUG (7): webvm serving lieferando.de.testing SMARTY: did not find template order/basis/service.htm in lieferando.de layout, switching successfully back to default 
2012-07-18T14:16:13+02:00 DEBUG (7): webvm serving lieferando.de.testing SMARTY: rendering template order/basis/service.htm 
2012-07-18T14:16:37+02:00 DEBUG (7): webvm serving lieferando.de.testing SMARTY: caching /media/sf_ydadmin/htdocs/lieferando/application/../public/cache/html/www.yourdelivery.local/lieferservice-berlin-12349.html 
2012-07-18T15:15:18+02:00 DEBUG (7): webvm serving lieferando.de.testing SMARTY: did not find template index/index.htm in lieferando.de layout, switching successfully back to default 
2012-07-18T15:15:18+02:00 DEBUG (7): webvm serving lieferando.de.testing SMARTY: rendering template index/index.htm 
2012-07-18T15:15:19+02:00 DEBUG (7): webvm serving lieferando.de.testing SMARTY: caching /media/sf_ydadmin/htdocs/lieferando/application/../public/cache/html/www.yourdelivery.local/index.html 
2012-07-18T15:15:39+02:00 INFO (6): webvm serving lieferando.de.testing found 110 online and 9 offline services in #718 
2012-07-18T15:15:39+02:00 DEBUG (7): webvm serving lieferando.de.testing SMARTY: did not find template order/basis/service.htm in lieferando.de layout, switching successfully back to default 
2012-07-18T15:15:39+02:00 DEBUG (7): webvm serving lieferando.de.testing SMARTY: rendering template order/basis/service.htm 
2012-07-18T15:15:41+02:00 INFO (6): webvm serving lieferando.de.testing found 110 online and 9 offline services in #718 
2012-07-18T15:15:41+02:00 DEBUG (7): webvm serving lieferando.de.testing SMARTY: did not find template order/basis/service.htm in lieferando.de layout, switching successfully back to default 
2012-07-18T15:15:41+02:00 DEBUG (7): webvm serving lieferando.de.testing SMARTY: rendering template order/basis/service.htm 
2012-07-18T15:16:14+02:00 DEBUG (7): webvm serving lieferando.de.testing SMARTY: caching /media/sf_ydadmin/htdocs/lieferando/application/../public/cache/html/www.yourdelivery.local/lieferservice-berlin-12157.html 
2012-07-18T15:18:32+02:00 INFO (6): webvm serving lieferando.de.testing found 110 online and 9 offline services in #718 
2012-07-18T15:18:32+02:00 DEBUG (7): webvm serving lieferando.de.testing SMARTY: did not find template order/basis/service.htm in lieferando.de layout, switching successfully back to default 
2012-07-18T15:18:32+02:00 DEBUG (7): webvm serving lieferando.de.testing SMARTY: rendering template order/basis/service.htm 
2012-07-18T15:19:11+02:00 INFO (6): webvm serving lieferando.de.testing found 110 online and 9 offline services in #718 
2012-07-18T15:19:11+02:00 DEBUG (7): webvm serving lieferando.de.testing SMARTY: did not find template order/basis/service.htm in lieferando.de layout, switching successfully back to default 
2012-07-18T15:19:11+02:00 DEBUG (7): webvm serving lieferando.de.testing SMARTY: rendering template order/basis/service.htm 
2012-07-18T15:19:14+02:00 DEBUG (7): webvm serving lieferando.de.testing SMARTY: caching /media/sf_ydadmin/htdocs/lieferando/application/../public/cache/html/www.yourdelivery.local/lieferservice-berlin-12157.html 
2012-07-18T15:21:00+02:00 INFO (6): webvm serving lieferando.de.testing found 110 online and 9 offline services in #718 
2012-07-18T15:21:00+02:00 DEBUG (7): webvm serving lieferando.de.testing SMARTY: did not find template order/basis/service.htm in lieferando.de layout, switching successfully back to default 
2012-07-18T15:21:00+02:00 DEBUG (7): webvm serving lieferando.de.testing SMARTY: rendering template order/basis/service.htm 
2012-07-18T15:21:42+02:00 DEBUG (7): webvm serving lieferando.de.testing SMARTY: caching /media/sf_ydadmin/htdocs/lieferando/application/../public/cache/html/www.yourdelivery.local/lieferservice-berlin-12157.html 
2012-07-18T15:21:44+02:00 INFO (6): webvm serving lieferando.de.testing found 110 online and 9 offline services in #718 
2012-07-18T15:21:44+02:00 DEBUG (7): webvm serving lieferando.de.testing SMARTY: did not find template order/basis/service.htm in lieferando.de layout, switching successfully back to default 
2012-07-18T15:21:44+02:00 DEBUG (7): webvm serving lieferando.de.testing SMARTY: rendering template order/basis/service.htm 
2012-07-18T15:22:57+02:00 INFO (6): webvm serving lieferando.de.testing found 110 online and 9 offline services in #718 
2012-07-18T15:22:57+02:00 DEBUG (7): webvm serving lieferando.de.testing SMARTY: did not find template order/basis/service.htm in lieferando.de layout, switching successfully back to default 
2012-07-18T15:22:57+02:00 DEBUG (7): webvm serving lieferando.de.testing SMARTY: rendering template order/basis/service.htm 
2012-07-18T15:23:39+02:00 DEBUG (7): webvm serving lieferando.de.testing SMARTY: caching /media/sf_ydadmin/htdocs/lieferando/application/../public/cache/html/www.yourdelivery.local/lieferservice-berlin-12157.html 
2012-07-18T17:53:19+02:00 INFO (6): webvm serving lieferando.de.testing found 110 online and 9 offline services in #718 
2012-07-18T17:53:19+02:00 DEBUG (7): webvm serving lieferando.de.testing SMARTY: did not find template order/basis/service.htm in lieferando.de layout, switching successfully back to default 
2012-07-18T17:53:19+02:00 DEBUG (7): webvm serving lieferando.de.testing SMARTY: rendering template order/basis/service.htm 
2012-07-18T17:53:42+02:00 DEBUG (7): webvm serving lieferando.de.testing SMARTY: did not find template request/order/serviceinfo.htm in lieferando.de layout, switching successfully back to default 
2012-07-18T17:53:42+02:00 DEBUG (7): webvm serving lieferando.de.testing SMARTY: rendering template request/order/serviceinfo.htm 
2012-07-18T17:53:43+02:00 DEBUG (7): webvm serving lieferando.de.testing SMARTY: caching /media/sf_ydadmin/htdocs/lieferando/application/../public/cache/html/www.yourdelivery.local/request_order/serviceinfo/id/17358.html 
2012-07-18T17:54:02+02:00 DEBUG (7): webvm serving lieferando.de.testing SMARTY: caching /media/sf_ydadmin/htdocs/lieferando/application/../public/cache/html/www.yourdelivery.local/lieferservice-berlin-12157.html 
2012-07-18T17:54:06+02:00 INFO (6): webvm serving lieferando.de.testing found 110 online and 9 offline services in #718 
2012-07-18T17:54:06+02:00 DEBUG (7): webvm serving lieferando.de.testing SMARTY: did not find template order/basis/service.htm in lieferando.de layout, switching successfully back to default 
2012-07-18T17:54:06+02:00 DEBUG (7): webvm serving lieferando.de.testing SMARTY: rendering template order/basis/service.htm 
2012-07-18T18:02:20+02:00 INFO (6): webvm serving lieferando.de.testing found 110 online and 9 offline services in #718 
2012-07-18T18:02:20+02:00 DEBUG (7): webvm serving lieferando.de.testing SMARTY: did not find template order/basis/service.htm in lieferando.de layout, switching successfully back to default 
2012-07-18T18:02:20+02:00 DEBUG (7): webvm serving lieferando.de.testing SMARTY: rendering template order/basis/service.htm 
2012-07-18T18:03:02+02:00 DEBUG (7): webvm serving lieferando.de.testing SMARTY: caching /media/sf_ydadmin/htdocs/lieferando/application/../public/cache/html/www.yourdelivery.local/lieferservice-berlin-12157.html 
2012-07-18T18:03:25+02:00 INFO (6): webvm serving lieferando.de.testing found 110 online and 9 offline services in #718 
2012-07-18T18:03:25+02:00 DEBUG (7): webvm serving lieferando.de.testing SMARTY: did not find template order/basis/service.htm in lieferando.de layout, switching successfully back to default 
2012-07-18T18:03:25+02:00 DEBUG (7): webvm serving lieferando.de.testing SMARTY: rendering template order/basis/service.htm 
2012-07-18T18:04:06+02:00 DEBUG (7): webvm serving lieferando.de.testing SMARTY: caching /media/sf_ydadmin/htdocs/lieferando/application/../public/cache/html/www.yourdelivery.local/lieferservice-berlin-12157.html 
2012-07-18T18:04:18+02:00 INFO (6): webvm serving lieferando.de.testing found 21 online and 2 offline services in #30173 
2012-07-18T18:04:18+02:00 DEBUG (7): webvm serving lieferando.de.testing SMARTY: did not find template order/basis/service.htm in lieferando.de layout, switching successfully back to default 
2012-07-18T18:04:18+02:00 DEBUG (7): webvm serving lieferando.de.testing SMARTY: rendering template order/basis/service.htm 
2012-07-18T18:04:24+02:00 DEBUG (7): webvm serving lieferando.de.testing SMARTY: caching /media/sf_ydadmin/htdocs/lieferando/application/../public/cache/html/www.yourdelivery.local/lieferservice-castrop-rauxel-frohlinde-44577.html 
2012-07-18T18:05:06+02:00 INFO (6): webvm serving lieferando.de.testing found 21 online and 2 offline services in #30173 
2012-07-18T18:05:06+02:00 DEBUG (7): webvm serving lieferando.de.testing SMARTY: did not find template order/basis/service.htm in lieferando.de layout, switching successfully back to default 
2012-07-18T18:05:06+02:00 DEBUG (7): webvm serving lieferando.de.testing SMARTY: rendering template order/basis/service.htm 
2012-07-18T18:05:49+02:00 DEBUG (7): webvm serving lieferando.de.testing SMARTY: did not find template request/order/serviceinfo.htm in lieferando.de layout, switching successfully back to default 
2012-07-18T18:05:49+02:00 DEBUG (7): webvm serving lieferando.de.testing SMARTY: rendering template request/order/serviceinfo.htm 
2012-07-18T18:05:50+02:00 DEBUG (7): webvm serving lieferando.de.testing SMARTY: caching /media/sf_ydadmin/htdocs/lieferando/application/../public/cache/html/www.yourdelivery.local/request_order/serviceinfo/id/13712.html 
2012-07-18T18:05:50+02:00 INFO (6): webvm serving lieferando.de.testing found 21 online and 2 offline services in #30173 
2012-07-18T18:05:50+02:00 DEBUG (7): webvm serving lieferando.de.testing SMARTY: did not find template order/basis/service.htm in lieferando.de layout, switching successfully back to default 
2012-07-18T18:05:50+02:00 DEBUG (7): webvm serving lieferando.de.testing SMARTY: rendering template order/basis/service.htm 
2012-07-18T18:06:01+02:00 DEBUG (7): webvm serving lieferando.de.testing SMARTY: caching /media/sf_ydadmin/htdocs/lieferando/application/../public/cache/html/www.yourdelivery.local/lieferservice-castrop-rauxel-frohlinde-44577.html 
2012-07-18T18:06:28+02:00 INFO (6): webvm serving lieferando.de.testing found 21 online and 2 offline services in #30173 
2012-07-18T18:06:28+02:00 DEBUG (7): webvm serving lieferando.de.testing SMARTY: did not find template order/basis/service.htm in lieferando.de layout, switching successfully back to default 
2012-07-18T18:06:28+02:00 DEBUG (7): webvm serving lieferando.de.testing SMARTY: rendering template order/basis/service.htm 
2012-07-18T18:07:06+02:00 INFO (6): webvm serving lieferando.de.testing found 21 online and 2 offline services in #30173 
2012-07-18T18:07:06+02:00 DEBUG (7): webvm serving lieferando.de.testing SMARTY: did not find template order/basis/service.htm in lieferando.de layout, switching successfully back to default 
2012-07-18T18:07:06+02:00 DEBUG (7): webvm serving lieferando.de.testing SMARTY: rendering template order/basis/service.htm 
2012-07-18T18:08:19+02:00 INFO (6): webvm serving lieferando.de.testing found 21 online and 2 offline services in #30173 
2012-07-18T18:08:19+02:00 DEBUG (7): webvm serving lieferando.de.testing SMARTY: did not find template order/basis/service.htm in lieferando.de layout, switching successfully back to default 
2012-07-18T18:08:19+02:00 DEBUG (7): webvm serving lieferando.de.testing SMARTY: rendering template order/basis/service.htm 
2012-07-18T18:08:30+02:00 DEBUG (7): webvm serving lieferando.de.testing SMARTY: caching /media/sf_ydadmin/htdocs/lieferando/application/../public/cache/html/www.yourdelivery.local/lieferservice-castrop-rauxel-frohlinde-44577.html 
2012-07-18T18:10:47+02:00 INFO (6): webvm serving lieferando.de.testing found 21 online and 2 offline services in #30173 
2012-07-18T18:10:47+02:00 DEBUG (7): webvm serving lieferando.de.testing SMARTY: did not find template order/basis/service.htm in lieferando.de layout, switching successfully back to default 
2012-07-18T18:10:47+02:00 DEBUG (7): webvm serving lieferando.de.testing SMARTY: rendering template order/basis/service.htm 
2012-07-18T18:12:48+02:00 INFO (6): webvm serving lieferando.de.testing found 21 online and 2 offline services in #30173 
2012-07-18T18:12:48+02:00 DEBUG (7): webvm serving lieferando.de.testing SMARTY: did not find template order/basis/service.htm in lieferando.de layout, switching successfully back to default 
2012-07-18T18:12:48+02:00 DEBUG (7): webvm serving lieferando.de.testing SMARTY: rendering template order/basis/service.htm 
2012-07-18T18:12:59+02:00 DEBUG (7): webvm serving lieferando.de.testing SMARTY: caching /media/sf_ydadmin/htdocs/lieferando/application/../public/cache/html/www.yourdelivery.local/lieferservice-castrop-rauxel-frohlinde-44577.html 
2012-07-18T18:13:05+02:00 DEBUG (7): webvm serving lieferando.de.testing SMARTY: did not find template request/order/serviceinfo.htm in lieferando.de layout, switching successfully back to default 
2012-07-18T18:13:05+02:00 DEBUG (7): webvm serving lieferando.de.testing SMARTY: rendering template request/order/serviceinfo.htm 
2012-07-18T18:13:05+02:00 DEBUG (7): webvm serving lieferando.de.testing SMARTY: caching /media/sf_ydadmin/htdocs/lieferando/application/../public/cache/html/www.yourdelivery.local/request_order/serviceinfo/id/20745.html 
2012-07-18T18:18:35+02:00 INFO (6): webvm serving lieferando.de.testing found 21 online and 2 offline services in #30173 
2012-07-18T18:18:35+02:00 DEBUG (7): webvm serving lieferando.de.testing SMARTY: did not find template order/basis/service.htm in lieferando.de layout, switching successfully back to default 
2012-07-18T18:18:35+02:00 DEBUG (7): webvm serving lieferando.de.testing SMARTY: rendering template order/basis/service.htm 
2012-07-18T18:18:46+02:00 DEBUG (7): webvm serving lieferando.de.testing SMARTY: caching /media/sf_ydadmin/htdocs/lieferando/application/../public/cache/html/www.yourdelivery.local/lieferservice-castrop-rauxel-frohlinde-44577.html 
2012-07-18T18:20:29+02:00 INFO (6): webvm serving lieferando.de.testing found 21 online and 2 offline services in #30173 
2012-07-18T18:20:29+02:00 DEBUG (7): webvm serving lieferando.de.testing SMARTY: did not find template order/basis/service.htm in lieferando.de layout, switching successfully back to default 
2012-07-18T18:20:29+02:00 DEBUG (7): webvm serving lieferando.de.testing SMARTY: rendering template order/basis/service.htm 
2012-07-18T18:20:41+02:00 DEBUG (7): webvm serving lieferando.de.testing SMARTY: caching /media/sf_ydadmin/htdocs/lieferando/application/../public/cache/html/www.yourdelivery.local/lieferservice-castrop-rauxel-frohlinde-44577.html 
2012-07-18T18:22:29+02:00 INFO (6): webvm serving lieferando.de.testing found 21 online and 2 offline services in #30173 
2012-07-18T18:22:29+02:00 DEBUG (7): webvm serving lieferando.de.testing SMARTY: did not find template order/basis/service.htm in lieferando.de layout, switching successfully back to default 
2012-07-18T18:22:29+02:00 DEBUG (7): webvm serving lieferando.de.testing SMARTY: rendering template order/basis/service.htm 
2012-07-18T18:22:40+02:00 DEBUG (7): webvm serving lieferando.de.testing SMARTY: caching /media/sf_ydadmin/htdocs/lieferando/application/../public/cache/html/www.yourdelivery.local/lieferservice-castrop-rauxel-frohlinde-44577.html 
2012-07-18T18:23:30+02:00 INFO (6): webvm serving lieferando.de.testing found 21 online and 2 offline services in #30173 
2012-07-18T18:23:30+02:00 DEBUG (7): webvm serving lieferando.de.testing SMARTY: did not find template order/basis/service.htm in lieferando.de layout, switching successfully back to default 
2012-07-18T18:23:30+02:00 DEBUG (7): webvm serving lieferando.de.testing SMARTY: rendering template order/basis/service.htm 
2012-07-18T18:23:41+02:00 DEBUG (7): webvm serving lieferando.de.testing SMARTY: caching /media/sf_ydadmin/htdocs/lieferando/application/../public/cache/html/www.yourdelivery.local/lieferservice-castrop-rauxel-frohlinde-44577.html 
2012-07-18T18:24:02+02:00 INFO (6): webvm serving lieferando.de.testing found 128 online and 17 offline services in #644 
2012-07-18T18:24:02+02:00 DEBUG (7): webvm serving lieferando.de.testing SMARTY: did not find template order/basis/service.htm in lieferando.de layout, switching successfully back to default 
2012-07-18T18:24:02+02:00 DEBUG (7): webvm serving lieferando.de.testing SMARTY: rendering template order/basis/service.htm 
2012-07-18T18:24:54+02:00 DEBUG (7): webvm serving lieferando.de.testing SMARTY: caching /media/sf_ydadmin/htdocs/lieferando/application/../public/cache/html/www.yourdelivery.local/lieferservice-berlin-10115.html 
2012-07-18T18:28:14+02:00 INFO (6): webvm serving lieferando.de.testing found 21 online and 2 offline services in #30173 
2012-07-18T18:28:14+02:00 DEBUG (7): webvm serving lieferando.de.testing SMARTY: did not find template order/basis/service.htm in lieferando.de layout, switching successfully back to default 
2012-07-18T18:28:14+02:00 DEBUG (7): webvm serving lieferando.de.testing SMARTY: rendering template order/basis/service.htm 
2012-07-18T18:28:34+02:00 INFO (6): webvm serving lieferando.de.testing found 21 online and 2 offline services in #30173 
2012-07-18T18:28:34+02:00 DEBUG (7): webvm serving lieferando.de.testing SMARTY: did not find template order/basis/service.htm in lieferando.de layout, switching successfully back to default 
2012-07-18T18:28:34+02:00 DEBUG (7): webvm serving lieferando.de.testing SMARTY: rendering template order/basis/service.htm 
2012-07-18T18:29:04+02:00 INFO (6): webvm serving lieferando.de.testing found 21 online and 2 offline services in #30173 
2012-07-18T18:29:04+02:00 DEBUG (7): webvm serving lieferando.de.testing SMARTY: did not find template order/basis/service.htm in lieferando.de layout, switching successfully back to default 
2012-07-18T18:29:04+02:00 DEBUG (7): webvm serving lieferando.de.testing SMARTY: rendering template order/basis/service.htm 
