2012-06-01T14:00:51+02:00 CRIT (2): ydadmin-ThinkPad-X220-Tablet serving lieferando.de.testing could not find out memcache version on server ydadmin-ThinkPad-X220-Tablet, so this server will not use memcache for the next 10 minutes #0 log() called at [/home/ydadmin/htdocs/lieferando/library/Yourdelivery/Log.php:68]
#1 __call() called at [/home/ydadmin/htdocs/lieferando/application/Bootstrap.php:932]
#2 crit() called at [/home/ydadmin/htdocs/lieferando/application/Bootstrap.php:932]
#3 _initCaching() called at [/home/ydadmin/htdocs/lieferando/library/Zend/Application/Bootstrap/BootstrapAbstract.php:665]
#4 _executeResource() called at [/home/ydadmin/htdocs/lieferando/library/Zend/Application/Bootstrap/BootstrapAbstract.php:625]
#5 _bootstrap() called at [/home/ydadmin/htdocs/lieferando/library/Zend/Application/Bootstrap/BootstrapAbstract.php:582]
#6 bootstrap() called at [/home/ydadmin/htdocs/lieferando/application/Bootstrap.php:179]
#7 _initRoutes() called at [/home/ydadmin/htdocs/lieferando/library/Zend/Application/Bootstrap/BootstrapAbstract.php:665]
#8 _executeResource() called at [/home/ydadmin/htdocs/lieferando/library/Zend/Application/Bootstrap/BootstrapAbstract.php:618]
#9 _bootstrap() called at [/home/ydadmin/htdocs/lieferando/library/Zend/Application/Bootstrap/BootstrapAbstract.php:582]
#10 bootstrap() called at [/home/ydadmin/htdocs/lieferando/library/Zend/Application.php:355]
#11 bootstrap() called at [/home/ydadmin/htdocs/lieferando/public/index.php:111]

2012-06-01T14:00:52+02:00 DEBUG (7): ydadmin-ThinkPad-X220-Tablet serving lieferando.de.testing SMARTY: did not find template index/index.htm in lieferando.de layout, switching successfully back to default 
2012-06-01T14:00:52+02:00 DEBUG (7): ydadmin-ThinkPad-X220-Tablet serving lieferando.de.testing SMARTY: rendering template index/index.htm 
2012-06-01T14:00:52+02:00 DEBUG (7): ydadmin-ThinkPad-X220-Tablet serving lieferando.de.testing SMARTY: caching /home/ydadmin/htdocs/lieferando/application/../public/cache/html/www.yourdelivery.local/index.html 
2012-06-01T14:00:58+02:00 CRIT (2): ydadmin-ThinkPad-X220-Tablet serving lieferando.de.testing could not find out memcache version on server ydadmin-ThinkPad-X220-Tablet, so this server will not use memcache for the next 10 minutes #0 log() called at [/home/ydadmin/htdocs/lieferando/library/Yourdelivery/Log.php:68]
#1 __call() called at [/home/ydadmin/htdocs/lieferando/application/Bootstrap.php:932]
#2 crit() called at [/home/ydadmin/htdocs/lieferando/application/Bootstrap.php:932]
#3 _initCaching() called at [/home/ydadmin/htdocs/lieferando/library/Zend/Application/Bootstrap/BootstrapAbstract.php:665]
#4 _executeResource() called at [/home/ydadmin/htdocs/lieferando/library/Zend/Application/Bootstrap/BootstrapAbstract.php:625]
#5 _bootstrap() called at [/home/ydadmin/htdocs/lieferando/library/Zend/Application/Bootstrap/BootstrapAbstract.php:582]
#6 bootstrap() called at [/home/ydadmin/htdocs/lieferando/application/Bootstrap.php:179]
#7 _initRoutes() called at [/home/ydadmin/htdocs/lieferando/library/Zend/Application/Bootstrap/BootstrapAbstract.php:665]
#8 _executeResource() called at [/home/ydadmin/htdocs/lieferando/library/Zend/Application/Bootstrap/BootstrapAbstract.php:618]
#9 _bootstrap() called at [/home/ydadmin/htdocs/lieferando/library/Zend/Application/Bootstrap/BootstrapAbstract.php:582]
#10 bootstrap() called at [/home/ydadmin/htdocs/lieferando/library/Zend/Application.php:355]
#11 bootstrap() called at [/home/ydadmin/htdocs/lieferando/public/index.php:111]

2012-06-01T14:00:58+02:00 CRIT (2): ydadmin-ThinkPad-X220-Tablet serving lieferando.de.testing could not find out memcache version on server ydadmin-ThinkPad-X220-Tablet, so this server will not use memcache for the next 10 minutes #0 log() called at [/home/ydadmin/htdocs/lieferando/library/Yourdelivery/Log.php:68]
#1 __call() called at [/home/ydadmin/htdocs/lieferando/application/Bootstrap.php:932]
#2 crit() called at [/home/ydadmin/htdocs/lieferando/application/Bootstrap.php:932]
#3 _initCaching() called at [/home/ydadmin/htdocs/lieferando/library/Zend/Application/Bootstrap/BootstrapAbstract.php:665]
#4 _executeResource() called at [/home/ydadmin/htdocs/lieferando/library/Zend/Application/Bootstrap/BootstrapAbstract.php:625]
#5 _bootstrap() called at [/home/ydadmin/htdocs/lieferando/library/Zend/Application/Bootstrap/BootstrapAbstract.php:582]
#6 bootstrap() called at [/home/ydadmin/htdocs/lieferando/application/Bootstrap.php:179]
#7 _initRoutes() called at [/home/ydadmin/htdocs/lieferando/library/Zend/Application/Bootstrap/BootstrapAbstract.php:665]
#8 _executeResource() called at [/home/ydadmin/htdocs/lieferando/library/Zend/Application/Bootstrap/BootstrapAbstract.php:618]
#9 _bootstrap() called at [/home/ydadmin/htdocs/lieferando/library/Zend/Application/Bootstrap/BootstrapAbstract.php:582]
#10 bootstrap() called at [/home/ydadmin/htdocs/lieferando/library/Zend/Application.php:355]
#11 bootstrap() called at [/home/ydadmin/htdocs/lieferando/public/index.php:111]

2012-06-01T14:01:03+02:00 CRIT (2): ydadmin-ThinkPad-X220-Tablet serving lieferando.de.testing could not find out memcache version on server ydadmin-ThinkPad-X220-Tablet, so this server will not use memcache for the next 10 minutes #0 log() called at [/home/ydadmin/htdocs/lieferando/library/Yourdelivery/Log.php:68]
#1 __call() called at [/home/ydadmin/htdocs/lieferando/application/Bootstrap.php:932]
#2 crit() called at [/home/ydadmin/htdocs/lieferando/application/Bootstrap.php:932]
#3 _initCaching() called at [/home/ydadmin/htdocs/lieferando/library/Zend/Application/Bootstrap/BootstrapAbstract.php:665]
#4 _executeResource() called at [/home/ydadmin/htdocs/lieferando/library/Zend/Application/Bootstrap/BootstrapAbstract.php:625]
#5 _bootstrap() called at [/home/ydadmin/htdocs/lieferando/library/Zend/Application/Bootstrap/BootstrapAbstract.php:582]
#6 bootstrap() called at [/home/ydadmin/htdocs/lieferando/application/Bootstrap.php:179]
#7 _initRoutes() called at [/home/ydadmin/htdocs/lieferando/library/Zend/Application/Bootstrap/BootstrapAbstract.php:665]
#8 _executeResource() called at [/home/ydadmin/htdocs/lieferando/library/Zend/Application/Bootstrap/BootstrapAbstract.php:618]
#9 _bootstrap() called at [/home/ydadmin/htdocs/lieferando/library/Zend/Application/Bootstrap/BootstrapAbstract.php:582]
#10 bootstrap() called at [/home/ydadmin/htdocs/lieferando/library/Zend/Application.php:355]
#11 bootstrap() called at [/home/ydadmin/htdocs/lieferando/public/index.php:111]

2012-06-01T14:01:06+02:00 INFO (6): ydadmin-ThinkPad-X220-Tablet serving lieferando.de.testing found 131 online and 12 offline services in #644 
2012-06-01T14:01:06+02:00 DEBUG (7): ydadmin-ThinkPad-X220-Tablet serving lieferando.de.testing SMARTY: did not find template order/basis/service.htm in lieferando.de layout, switching successfully back to default 
2012-06-01T14:01:06+02:00 DEBUG (7): ydadmin-ThinkPad-X220-Tablet serving lieferando.de.testing SMARTY: rendering template order/basis/service.htm 
2012-06-01T14:01:30+02:00 DEBUG (7): ydadmin-ThinkPad-X220-Tablet serving lieferando.de.testing SMARTY: caching /home/ydadmin/htdocs/lieferando/application/../public/cache/html/www.yourdelivery.local/lieferservice-berlin-10115.html 
2012-06-01T14:01:31+02:00 CRIT (2): ydadmin-ThinkPad-X220-Tablet serving lieferando.de.testing could not find out memcache version on server ydadmin-ThinkPad-X220-Tablet, so this server will not use memcache for the next 10 minutes #0 log() called at [/home/ydadmin/htdocs/lieferando/library/Yourdelivery/Log.php:68]
#1 __call() called at [/home/ydadmin/htdocs/lieferando/application/Bootstrap.php:932]
#2 crit() called at [/home/ydadmin/htdocs/lieferando/application/Bootstrap.php:932]
#3 _initCaching() called at [/home/ydadmin/htdocs/lieferando/library/Zend/Application/Bootstrap/BootstrapAbstract.php:665]
#4 _executeResource() called at [/home/ydadmin/htdocs/lieferando/library/Zend/Application/Bootstrap/BootstrapAbstract.php:625]
#5 _bootstrap() called at [/home/ydadmin/htdocs/lieferando/library/Zend/Application/Bootstrap/BootstrapAbstract.php:582]
#6 bootstrap() called at [/home/ydadmin/htdocs/lieferando/application/Bootstrap.php:179]
#7 _initRoutes() called at [/home/ydadmin/htdocs/lieferando/library/Zend/Application/Bootstrap/BootstrapAbstract.php:665]
#8 _executeResource() called at [/home/ydadmin/htdocs/lieferando/library/Zend/Application/Bootstrap/BootstrapAbstract.php:618]
#9 _bootstrap() called at [/home/ydadmin/htdocs/lieferando/library/Zend/Application/Bootstrap/BootstrapAbstract.php:582]
#10 bootstrap() called at [/home/ydadmin/htdocs/lieferando/library/Zend/Application.php:355]
#11 bootstrap() called at [/home/ydadmin/htdocs/lieferando/public/index.php:111]

2012-06-01T14:01:32+02:00 CRIT (2): ydadmin-ThinkPad-X220-Tablet serving lieferando.de.testing could not find out memcache version on server ydadmin-ThinkPad-X220-Tablet, so this server will not use memcache for the next 10 minutes #0 log() called at [/home/ydadmin/htdocs/lieferando/library/Yourdelivery/Log.php:68]
#1 __call() called at [/home/ydadmin/htdocs/lieferando/application/Bootstrap.php:932]
#2 crit() called at [/home/ydadmin/htdocs/lieferando/application/Bootstrap.php:932]
#3 _initCaching() called at [/home/ydadmin/htdocs/lieferando/library/Zend/Application/Bootstrap/BootstrapAbstract.php:665]
#4 _executeResource() called at [/home/ydadmin/htdocs/lieferando/library/Zend/Application/Bootstrap/BootstrapAbstract.php:625]
#5 _bootstrap() called at [/home/ydadmin/htdocs/lieferando/library/Zend/Application/Bootstrap/BootstrapAbstract.php:582]
#6 bootstrap() called at [/home/ydadmin/htdocs/lieferando/application/Bootstrap.php:179]
#7 _initRoutes() called at [/home/ydadmin/htdocs/lieferando/library/Zend/Application/Bootstrap/BootstrapAbstract.php:665]
#8 _executeResource() called at [/home/ydadmin/htdocs/lieferando/library/Zend/Application/Bootstrap/BootstrapAbstract.php:618]
#9 _bootstrap() called at [/home/ydadmin/htdocs/lieferando/library/Zend/Application/Bootstrap/BootstrapAbstract.php:582]
#10 bootstrap() called at [/home/ydadmin/htdocs/lieferando/library/Zend/Application.php:355]
#11 bootstrap() called at [/home/ydadmin/htdocs/lieferando/public/index.php:111]

2012-06-01T14:01:32+02:00 DEBUG (7): ydadmin-ThinkPad-X220-Tablet serving lieferando.de.testing SMARTY: did not find template request/order/serviceinfo.htm in lieferando.de layout, switching successfully back to default 
2012-06-01T14:01:32+02:00 DEBUG (7): ydadmin-ThinkPad-X220-Tablet serving lieferando.de.testing SMARTY: rendering template request/order/serviceinfo.htm 
2012-06-01T14:01:32+02:00 DEBUG (7): ydadmin-ThinkPad-X220-Tablet serving lieferando.de.testing SMARTY: caching /home/ydadmin/htdocs/lieferando/application/../public/cache/html/www.yourdelivery.local/request_order/serviceinfo/id/13177.html 
2012-06-01T14:01:32+02:00 CRIT (2): ydadmin-ThinkPad-X220-Tablet serving lieferando.de.testing could not find out memcache version on server ydadmin-ThinkPad-X220-Tablet, so this server will not use memcache for the next 10 minutes #0 log() called at [/home/ydadmin/htdocs/lieferando/library/Yourdelivery/Log.php:68]
#1 __call() called at [/home/ydadmin/htdocs/lieferando/application/Bootstrap.php:932]
#2 crit() called at [/home/ydadmin/htdocs/lieferando/application/Bootstrap.php:932]
#3 _initCaching() called at [/home/ydadmin/htdocs/lieferando/library/Zend/Application/Bootstrap/BootstrapAbstract.php:665]
#4 _executeResource() called at [/home/ydadmin/htdocs/lieferando/library/Zend/Application/Bootstrap/BootstrapAbstract.php:625]
#5 _bootstrap() called at [/home/ydadmin/htdocs/lieferando/library/Zend/Application/Bootstrap/BootstrapAbstract.php:582]
#6 bootstrap() called at [/home/ydadmin/htdocs/lieferando/application/Bootstrap.php:179]
#7 _initRoutes() called at [/home/ydadmin/htdocs/lieferando/library/Zend/Application/Bootstrap/BootstrapAbstract.php:665]
#8 _executeResource() called at [/home/ydadmin/htdocs/lieferando/library/Zend/Application/Bootstrap/BootstrapAbstract.php:618]
#9 _bootstrap() called at [/home/ydadmin/htdocs/lieferando/library/Zend/Application/Bootstrap/BootstrapAbstract.php:582]
#10 bootstrap() called at [/home/ydadmin/htdocs/lieferando/library/Zend/Application.php:355]
#11 bootstrap() called at [/home/ydadmin/htdocs/lieferando/public/index.php:111]

2012-06-01T14:01:32+02:00 DEBUG (7): ydadmin-ThinkPad-X220-Tablet serving lieferando.de.testing SMARTY: did not find template request/order/serviceinfo.htm in lieferando.de layout, switching successfully back to default 
2012-06-01T14:01:32+02:00 DEBUG (7): ydadmin-ThinkPad-X220-Tablet serving lieferando.de.testing SMARTY: rendering template request/order/serviceinfo.htm 
2012-06-01T14:01:32+02:00 DEBUG (7): ydadmin-ThinkPad-X220-Tablet serving lieferando.de.testing SMARTY: caching /home/ydadmin/htdocs/lieferando/application/../public/cache/html/www.yourdelivery.local/request_order/serviceinfo/id/12291.html 
2012-06-01T14:19:01+02:00 CRIT (2): ydadmin-ThinkPad-X220-Tablet serving lieferando.de.testing could not find out memcache version on server ydadmin-ThinkPad-X220-Tablet, so this server will not use memcache for the next 10 minutes #0 log() called at [/home/ydadmin/htdocs/lieferando/library/Yourdelivery/Log.php:68]
#1 __call() called at [/home/ydadmin/htdocs/lieferando/application/Bootstrap.php:932]
#2 crit() called at [/home/ydadmin/htdocs/lieferando/application/Bootstrap.php:932]
#3 _initCaching() called at [/home/ydadmin/htdocs/lieferando/library/Zend/Application/Bootstrap/BootstrapAbstract.php:665]
#4 _executeResource() called at [/home/ydadmin/htdocs/lieferando/library/Zend/Application/Bootstrap/BootstrapAbstract.php:625]
#5 _bootstrap() called at [/home/ydadmin/htdocs/lieferando/library/Zend/Application/Bootstrap/BootstrapAbstract.php:582]
#6 bootstrap() called at [/home/ydadmin/htdocs/lieferando/application/Bootstrap.php:179]
#7 _initRoutes() called at [/home/ydadmin/htdocs/lieferando/library/Zend/Application/Bootstrap/BootstrapAbstract.php:665]
#8 _executeResource() called at [/home/ydadmin/htdocs/lieferando/library/Zend/Application/Bootstrap/BootstrapAbstract.php:618]
#9 _bootstrap() called at [/home/ydadmin/htdocs/lieferando/library/Zend/Application/Bootstrap/BootstrapAbstract.php:582]
#10 bootstrap() called at [/home/ydadmin/htdocs/lieferando/library/Zend/Application.php:355]
#11 bootstrap() called at [/home/ydadmin/htdocs/lieferando/public/index.php:111]

2012-06-01T14:19:01+02:00 DEBUG (7): ydadmin-ThinkPad-X220-Tablet serving lieferando.de.testing SMARTY: did not find template request/order/serviceinfo.htm in lieferando.de layout, switching successfully back to default 
2012-06-01T14:19:01+02:00 DEBUG (7): ydadmin-ThinkPad-X220-Tablet serving lieferando.de.testing SMARTY: rendering template request/order/serviceinfo.htm 
2012-06-01T14:19:01+02:00 DEBUG (7): ydadmin-ThinkPad-X220-Tablet serving lieferando.de.testing SMARTY: caching /home/ydadmin/htdocs/lieferando/application/../public/cache/html/www.yourdelivery.local/request_order/serviceinfo/id/12492.html 
2012-06-01T14:19:03+02:00 CRIT (2): ydadmin-ThinkPad-X220-Tablet serving lieferando.de.testing could not find out memcache version on server ydadmin-ThinkPad-X220-Tablet, so this server will not use memcache for the next 10 minutes #0 log() called at [/home/ydadmin/htdocs/lieferando/library/Yourdelivery/Log.php:68]
#1 __call() called at [/home/ydadmin/htdocs/lieferando/application/Bootstrap.php:932]
#2 crit() called at [/home/ydadmin/htdocs/lieferando/application/Bootstrap.php:932]
#3 _initCaching() called at [/home/ydadmin/htdocs/lieferando/library/Zend/Application/Bootstrap/BootstrapAbstract.php:665]
#4 _executeResource() called at [/home/ydadmin/htdocs/lieferando/library/Zend/Application/Bootstrap/BootstrapAbstract.php:625]
#5 _bootstrap() called at [/home/ydadmin/htdocs/lieferando/library/Zend/Application/Bootstrap/BootstrapAbstract.php:582]
#6 bootstrap() called at [/home/ydadmin/htdocs/lieferando/application/Bootstrap.php:179]
#7 _initRoutes() called at [/home/ydadmin/htdocs/lieferando/library/Zend/Application/Bootstrap/BootstrapAbstract.php:665]
#8 _executeResource() called at [/home/ydadmin/htdocs/lieferando/library/Zend/Application/Bootstrap/BootstrapAbstract.php:618]
#9 _bootstrap() called at [/home/ydadmin/htdocs/lieferando/library/Zend/Application/Bootstrap/BootstrapAbstract.php:582]
#10 bootstrap() called at [/home/ydadmin/htdocs/lieferando/library/Zend/Application.php:355]
#11 bootstrap() called at [/home/ydadmin/htdocs/lieferando/public/index.php:111]

2012-06-01T14:19:10+02:00 DEBUG (7): ydadmin-ThinkPad-X220-Tablet serving lieferando.de.testing SMARTY: did not find template order/basis/menu.htm in lieferando.de layout, switching successfully back to default 
2012-06-01T14:19:10+02:00 DEBUG (7): ydadmin-ThinkPad-X220-Tablet serving lieferando.de.testing SMARTY: rendering template order/basis/menu.htm 
2012-06-01T14:19:24+02:00 DEBUG (7): ydadmin-ThinkPad-X220-Tablet serving lieferando.de.testing SMARTY: caching /home/ydadmin/htdocs/lieferando/application/../public/cache/html/www.yourdelivery.local/lieferservice-safran-berlin.html 
2012-06-01T14:21:06+02:00 INFO (6): ydadmin-ThinkPad-X220-Tablet serving lieferando.de.testing found 3 online and 0 offline services in #32144 
2012-06-01T14:21:06+02:00 DEBUG (7): ydadmin-ThinkPad-X220-Tablet serving lieferando.de.testing SMARTY: did not find template order/basis/service.htm in lieferando.de layout, switching successfully back to default 
2012-06-01T14:21:06+02:00 DEBUG (7): ydadmin-ThinkPad-X220-Tablet serving lieferando.de.testing SMARTY: rendering template order/basis/service.htm 
2012-06-01T14:21:07+02:00 DEBUG (7): ydadmin-ThinkPad-X220-Tablet serving lieferando.de.testing SMARTY: caching /home/ydadmin/htdocs/lieferando/application/../public/cache/html/www.yourdelivery.local/lieferservice-germendorf-16515.html 
2012-06-01T14:21:09+02:00 DEBUG (7): ydadmin-ThinkPad-X220-Tablet serving lieferando.de.testing SMARTY: did not find template request/order/serviceinfo.htm in lieferando.de layout, switching successfully back to default 
2012-06-01T14:21:09+02:00 DEBUG (7): ydadmin-ThinkPad-X220-Tablet serving lieferando.de.testing SMARTY: rendering template request/order/serviceinfo.htm 
2012-06-01T14:21:09+02:00 DEBUG (7): ydadmin-ThinkPad-X220-Tablet serving lieferando.de.testing SMARTY: caching /home/ydadmin/htdocs/lieferando/application/../public/cache/html/www.yourdelivery.local/request_order/serviceinfo/id/17250.html 
2012-06-01T14:21:09+02:00 DEBUG (7): ydadmin-ThinkPad-X220-Tablet serving lieferando.de.testing SMARTY: did not find template request/order/serviceinfo.htm in lieferando.de layout, switching successfully back to default 
2012-06-01T14:21:09+02:00 DEBUG (7): ydadmin-ThinkPad-X220-Tablet serving lieferando.de.testing SMARTY: rendering template request/order/serviceinfo.htm 
2012-06-01T14:21:10+02:00 DEBUG (7): ydadmin-ThinkPad-X220-Tablet serving lieferando.de.testing SMARTY: caching /home/ydadmin/htdocs/lieferando/application/../public/cache/html/www.yourdelivery.local/request_order/serviceinfo/id/14617.html 
2012-06-01T14:21:12+02:00 DEBUG (7): ydadmin-ThinkPad-X220-Tablet serving lieferando.de.testing SMARTY: did not find template order/basis/menu.htm in lieferando.de layout, switching successfully back to default 
2012-06-01T14:21:12+02:00 DEBUG (7): ydadmin-ThinkPad-X220-Tablet serving lieferando.de.testing SMARTY: rendering template order/basis/menu.htm 
2012-06-01T14:21:12+02:00 DEBUG (7): ydadmin-ThinkPad-X220-Tablet serving lieferando.de.testing SMARTY: caching /home/ydadmin/htdocs/lieferando/application/../public/cache/html/www.yourdelivery.local/lieferservice-world-of-pizza-oranienburg.html 
2012-06-01T14:25:40+02:00 DEBUG (7): ydadmin-ThinkPad-X220-Tablet serving lieferando.de.testing SMARTY: did not find template order/basis/menu.htm in lieferando.de layout, switching successfully back to default 
2012-06-01T14:25:40+02:00 DEBUG (7): ydadmin-ThinkPad-X220-Tablet serving lieferando.de.testing SMARTY: rendering template order/basis/menu.htm 
2012-06-01T14:25:40+02:00 DEBUG (7): ydadmin-ThinkPad-X220-Tablet serving lieferando.de.testing SMARTY: did not find template order/basis/menu.htm in lieferando.de layout, switching successfully back to default 
2012-06-01T14:25:40+02:00 DEBUG (7): ydadmin-ThinkPad-X220-Tablet serving lieferando.de.testing SMARTY: rendering template order/basis/menu.htm 
2012-06-01T14:25:40+02:00 DEBUG (7): ydadmin-ThinkPad-X220-Tablet serving lieferando.de.testing SMARTY: did not find template order/basis/menu.htm in lieferando.de layout, switching successfully back to default 
2012-06-01T14:25:40+02:00 DEBUG (7): ydadmin-ThinkPad-X220-Tablet serving lieferando.de.testing SMARTY: rendering template order/basis/menu.htm 
2012-06-01T14:27:59+02:00 WARN (4): ydadmin-ThinkPad-X220-Tablet serving lieferando.de.testing could not validate form Default_Forms_Base with data Array
(
    [email] => my-unique-email@1338553679.de
)
form input field "email" failed with message: Deine E-Mail-Adresse konnte nicht verifiziert werden 
2012-06-01T14:27:59+02:00 WARN (4): ydadmin-ThinkPad-X220-Tablet serving lieferando.de.testing could not validate form Default_Forms_Base with data Array
(
    [cityId] => non-existing-cityId
    [plz] => 987654321
)
form input field "cityId" failed with message: No record matching non-existing-cityId was found 
2012-06-01T14:32:22+02:00 CRIT (2): ydadmin-ThinkPad-X220-Tablet serving lieferando.de.testing SMARTY: did not find template test/info.htm neither in default nor in lieferando.de layout #0 log() called at [/home/ydadmin/htdocs/lieferando/library/Yourdelivery/Log.php:68]
#1 __call() called at [/home/ydadmin/htdocs/lieferando/library/Default/View/Smarty.php:455]
#2 crit() called at [/home/ydadmin/htdocs/lieferando/library/Default/View/Smarty.php:455]
#3 render() called at [/home/ydadmin/htdocs/lieferando/library/Zend/Controller/Action/Helper/ViewRenderer.php:897]
#4 renderScript() called at [/home/ydadmin/htdocs/lieferando/library/Zend/Controller/Action/Helper/ViewRenderer.php:918]
#5 render() called at [/home/ydadmin/htdocs/lieferando/library/Zend/Controller/Action/Helper/ViewRenderer.php:957]
#6 postDispatch() called at [/home/ydadmin/htdocs/lieferando/library/Zend/Controller/Action/HelperBroker.php:277]
#7 notifyPostDispatch() called at [/home/ydadmin/htdocs/lieferando/library/Zend/Controller/Action.php:523]
#8 dispatch() called at [/home/ydadmin/htdocs/lieferando/library/Zend/Controller/Dispatcher/Standard.php:289]
#9 dispatch() called at [/home/ydadmin/htdocs/lieferando/library/Zend/Controller/Front.php:954]
#10 dispatch() called at [/home/ydadmin/htdocs/lieferando/library/Zend/Application/Bootstrap/Bootstrap.php:97]
#11 run() called at [/home/ydadmin/htdocs/lieferando/library/Zend/Application.php:366]
#12 run() called at [/home/ydadmin/htdocs/lieferando/public/index.php:111]

2012-06-01T14:34:19+02:00 DEBUG (7): ydadmin-ThinkPad-X220-Tablet serving lieferando.de.testing SMARTY: did not find template index/index.htm in lieferando.de layout, switching successfully back to default 
2012-06-01T14:34:19+02:00 DEBUG (7): ydadmin-ThinkPad-X220-Tablet serving lieferando.de.testing SMARTY: rendering template index/index.htm 
2012-06-01T14:35:09+02:00 DEBUG (7): ydadmin-ThinkPad-X220-Tablet serving lieferando.de.testing SMARTY: did not find template index/index.htm in lieferando.de layout, switching successfully back to default 
2012-06-01T14:35:09+02:00 DEBUG (7): ydadmin-ThinkPad-X220-Tablet serving lieferando.de.testing SMARTY: rendering template index/index.htm 
2012-06-01T14:36:50+02:00 DEBUG (7): ydadmin-ThinkPad-X220-Tablet serving lieferando.de.testing SMARTY: did not find template index/index.htm in lieferando.de layout, switching successfully back to default 
2012-06-01T14:36:50+02:00 DEBUG (7): ydadmin-ThinkPad-X220-Tablet serving lieferando.de.testing SMARTY: rendering template index/index.htm 
2012-06-01T14:38:09+02:00 INFO (6): ydadmin-ThinkPad-X220-Tablet serving lieferando.de.testing found 5 online and 1 offline services in #2321 
2012-06-01T14:38:09+02:00 DEBUG (7): ydadmin-ThinkPad-X220-Tablet serving lieferando.de.testing SMARTY: did not find template order/basis/service.htm in lieferando.de layout, switching successfully back to default 
2012-06-01T14:38:09+02:00 DEBUG (7): ydadmin-ThinkPad-X220-Tablet serving lieferando.de.testing SMARTY: rendering template order/basis/service.htm 
2012-06-01T14:38:09+02:00 DEBUG (7): ydadmin-ThinkPad-X220-Tablet serving lieferando.de.testing SMARTY: caching /home/ydadmin/htdocs/lieferando/application/../public/cache/html/www.yourdelivery.local/lieferservice-herford-32049.html 
2012-06-01T14:43:00+02:00 DEBUG (7): ydadmin-ThinkPad-X220-Tablet serving lieferando.de.testing SMARTY: did not find template request/order/serviceinfo.htm in lieferando.de layout, switching successfully back to default 
2012-06-01T14:43:00+02:00 DEBUG (7): ydadmin-ThinkPad-X220-Tablet serving lieferando.de.testing SMARTY: rendering template request/order/serviceinfo.htm 
2012-06-01T14:43:00+02:00 DEBUG (7): ydadmin-ThinkPad-X220-Tablet serving lieferando.de.testing SMARTY: caching /home/ydadmin/htdocs/lieferando/application/../public/cache/html/www.yourdelivery.local/request_order/serviceinfo/id/15821.html 
2012-06-01T14:43:00+02:00 DEBUG (7): ydadmin-ThinkPad-X220-Tablet serving lieferando.de.testing SMARTY: did not find template request/order/serviceinfo.htm in lieferando.de layout, switching successfully back to default 
2012-06-01T14:43:00+02:00 DEBUG (7): ydadmin-ThinkPad-X220-Tablet serving lieferando.de.testing SMARTY: rendering template request/order/serviceinfo.htm 
2012-06-01T14:43:00+02:00 DEBUG (7): ydadmin-ThinkPad-X220-Tablet serving lieferando.de.testing SMARTY: caching /home/ydadmin/htdocs/lieferando/application/../public/cache/html/www.yourdelivery.local/request_order/serviceinfo/id/18129.html 
2012-06-01T14:43:01+02:00 DEBUG (7): ydadmin-ThinkPad-X220-Tablet serving lieferando.de.testing SMARTY: did not find template request/order/serviceinfo.htm in lieferando.de layout, switching successfully back to default 
2012-06-01T14:43:01+02:00 DEBUG (7): ydadmin-ThinkPad-X220-Tablet serving lieferando.de.testing SMARTY: rendering template request/order/serviceinfo.htm 
2012-06-01T14:43:01+02:00 DEBUG (7): ydadmin-ThinkPad-X220-Tablet serving lieferando.de.testing SMARTY: caching /home/ydadmin/htdocs/lieferando/application/../public/cache/html/www.yourdelivery.local/request_order/serviceinfo/id/15964.html 
2012-06-01T14:43:01+02:00 DEBUG (7): ydadmin-ThinkPad-X220-Tablet serving lieferando.de.testing SMARTY: did not find template request/order/serviceinfo.htm in lieferando.de layout, switching successfully back to default 
2012-06-01T14:43:01+02:00 DEBUG (7): ydadmin-ThinkPad-X220-Tablet serving lieferando.de.testing SMARTY: rendering template request/order/serviceinfo.htm 
2012-06-01T14:43:01+02:00 DEBUG (7): ydadmin-ThinkPad-X220-Tablet serving lieferando.de.testing SMARTY: caching /home/ydadmin/htdocs/lieferando/application/../public/cache/html/www.yourdelivery.local/request_order/serviceinfo/id/18118.html 
