2012-10-18T09:43:48+02:00 DEBUG (7): ydadmin-ThinkPad-X220-Tablet serving lieferando.de.testing SMARTY: rendering template administration/login.htm 
2012-10-18T09:43:52+02:00 INFO (6): ydadmin-ThinkPad-X220-Tablet serving lieferando.de.testing Successfully loggged in admin #Supporter Jens Naie (417) 
2012-10-18T09:43:52+02:00 DEBUG (7): ydadmin-ThinkPad-X220-Tablet serving lieferando.de.testing SMARTY: rendering template administration/dashboard.htm 
2012-10-18T11:15:17+02:00 ERR (3): ydadmin-ThinkPad-X220-Tablet serving lieferando.de.testing API - SERVICE - GET: No service found for phonenumber #0 log() called at [/home/ydadmin/htdocs/lieferando/library/Yourdelivery/Log.php:73]
#1 __call() called at [/home/ydadmin/htdocs/lieferando/application/controllers/Get/Phoneorder/ServiceController.php:64]
#2 err() called at [/home/ydadmin/htdocs/lieferando/application/controllers/Get/Phoneorder/ServiceController.php:64]
#3 getAction() called at [/home/ydadmin/htdocs/lieferando/library/Zend/Controller/Action.php:513]
#4 dispatch() called at [/home/ydadmin/htdocs/lieferando/library/Zend/Controller/Dispatcher/Standard.php:289]
#5 dispatch() called at [/home/ydadmin/htdocs/lieferando/library/Zend/Controller/Front.php:954]
#6 dispatch() called at [/home/ydadmin/htdocs/lieferando/library/Zend/Application/Bootstrap/Bootstrap.php:97]
#7 run() called at [/home/ydadmin/htdocs/lieferando/library/Zend/Application.php:366]
#8 run() called at [/home/ydadmin/htdocs/lieferando/public/index.php:118]

2012-10-18T11:15:17+02:00 ERR (3): ydadmin-ThinkPad-X220-Tablet serving lieferando.de.testing API - MEAL - GET: Phoneorder for this restaurant not possible #0 log() called at [/home/ydadmin/htdocs/lieferando/library/Yourdelivery/Log.php:73]
#1 __call() called at [/home/ydadmin/htdocs/lieferando/application/controllers/Get/Phoneorder/MealController.php:51]
#2 err() called at [/home/ydadmin/htdocs/lieferando/application/controllers/Get/Phoneorder/MealController.php:51]
#3 indexAction() called at [/home/ydadmin/htdocs/lieferando/library/Zend/Controller/Action.php:513]
#4 dispatch() called at [/home/ydadmin/htdocs/lieferando/library/Zend/Controller/Dispatcher/Standard.php:289]
#5 dispatch() called at [/home/ydadmin/htdocs/lieferando/library/Zend/Controller/Front.php:954]
#6 dispatch() called at [/home/ydadmin/htdocs/lieferando/library/Zend/Application/Bootstrap/Bootstrap.php:97]
#7 run() called at [/home/ydadmin/htdocs/lieferando/library/Zend/Application.php:366]
#8 run() called at [/home/ydadmin/htdocs/lieferando/public/index.php:118]

2012-10-18T11:15:30+02:00 ERR (3): ydadmin-ThinkPad-X220-Tablet serving lieferando.de.testing API - SERVICE - GET: No service found for phonenumber #0 log() called at [/home/ydadmin/htdocs/lieferando/library/Yourdelivery/Log.php:73]
#1 __call() called at [/home/ydadmin/htdocs/lieferando/application/controllers/Get/Phoneorder/ServiceController.php:64]
#2 err() called at [/home/ydadmin/htdocs/lieferando/application/controllers/Get/Phoneorder/ServiceController.php:64]
#3 getAction() called at [/home/ydadmin/htdocs/lieferando/library/Zend/Controller/Action.php:513]
#4 dispatch() called at [/home/ydadmin/htdocs/lieferando/library/Zend/Controller/Dispatcher/Standard.php:289]
#5 dispatch() called at [/home/ydadmin/htdocs/lieferando/library/Zend/Controller/Front.php:954]
#6 dispatch() called at [/home/ydadmin/htdocs/lieferando/library/Zend/Application/Bootstrap/Bootstrap.php:97]
#7 run() called at [/home/ydadmin/htdocs/lieferando/library/Zend/Application.php:366]
#8 run() called at [/home/ydadmin/htdocs/lieferando/public/index.php:118]

2012-10-18T11:15:30+02:00 ERR (3): ydadmin-ThinkPad-X220-Tablet serving lieferando.de.testing API - MEAL - GET: Phoneorder for this restaurant not possible #0 log() called at [/home/ydadmin/htdocs/lieferando/library/Yourdelivery/Log.php:73]
#1 __call() called at [/home/ydadmin/htdocs/lieferando/application/controllers/Get/Phoneorder/MealController.php:51]
#2 err() called at [/home/ydadmin/htdocs/lieferando/application/controllers/Get/Phoneorder/MealController.php:51]
#3 indexAction() called at [/home/ydadmin/htdocs/lieferando/library/Zend/Controller/Action.php:513]
#4 dispatch() called at [/home/ydadmin/htdocs/lieferando/library/Zend/Controller/Dispatcher/Standard.php:289]
#5 dispatch() called at [/home/ydadmin/htdocs/lieferando/library/Zend/Controller/Front.php:954]
#6 dispatch() called at [/home/ydadmin/htdocs/lieferando/library/Zend/Application/Bootstrap/Bootstrap.php:97]
#7 run() called at [/home/ydadmin/htdocs/lieferando/library/Zend/Application.php:366]
#8 run() called at [/home/ydadmin/htdocs/lieferando/public/index.php:118]

2012-10-18T11:17:12+02:00 DEBUG (7): ydadmin-ThinkPad-X220-Tablet serving lieferando.de.testing saved model Yourdelivery_Model_Order_Private with id #1299647 new data :: Array(    [customer] =>     [nr] => 27024405    [time] => 2012-10-18 11:17:12    [deliverTime] => 2012-10-18 11:17:12    [mode] => rest    [kind] => priv    [ident] => bAZc2KgjBU0QSXFSm0tE    [serviceId] => 13454    [restaurantId] => 13454    [currentPayment] => bar    [payment] => bar    [total] => 1910    [courier] =>     [courierCost] => 0    [serviceDeliverCost] => 100    [charge] => 0    [contract] => 1    [ipAddr] => 127.0.0.1    [domain] => www.yourdelivery.test) 
2012-10-18T11:17:12+02:00 DEBUG (7): ydadmin-ThinkPad-X220-Tablet serving lieferando.de.testing saved model Yourdelivery_Model_Order_Deliverdelay with id #45 new data :: Array(    [serviceDeliverDelay] => 2400    [courierDeliverDelay] => 0    [orderId] => 1299647) 
2012-10-18T11:17:12+02:00 DEBUG (7): ydadmin-ThinkPad-X220-Tablet serving lieferando.de.testing found 10 points for action order 
2012-10-18T11:17:12+02:00 DEBUG (7): ydadmin-ThinkPad-X220-Tablet serving lieferando.de.testing saved model Yourdelivery_Model_Customer_FidelityTransaction with id #1270769 new data :: Array(    [email] => jens@kybernaut.de    [action] => order    [status] => 0    [points] => 10    [transactionData] => 1299647) 
2012-10-18T11:17:12+02:00 INFO (6): ydadmin-ThinkPad-X220-Tablet serving lieferando.de.testing successfully added 10 points to customer jens@kybernaut.de for action order 
2012-10-18T11:17:12+02:00 DEBUG (7): ydadmin-ThinkPad-X220-Tablet serving lieferando.de.testing CUSTOMER FIDELITY - cache cleared for transactionsfidelitycc441939b71fcd085aecefc9c9494189 
2012-10-18T11:17:12+02:00 DEBUG (7): ydadmin-ThinkPad-X220-Tablet serving lieferando.de.testing CUSTOMER FIDELITY - cache cleared for open1fidelitycc441939b71fcd085aecefc9c9494189 
2012-10-18T11:17:12+02:00 DEBUG (7): ydadmin-ThinkPad-X220-Tablet serving lieferando.de.testing CUSTOMER FIDELITY - cache cleared for open0fidelitycc441939b71fcd085aecefc9c9494189 
2012-10-18T11:17:13+02:00 DEBUG (7): ydadmin-ThinkPad-X220-Tablet serving lieferando.de.testing Status Wechsel in Order Tabelle: #1299647 - alter Status: 0 - neuer Status: 0 
2012-10-18T11:17:13+02:00 DEBUG (7): ydadmin-ThinkPad-X220-Tablet serving lieferando.de.testing New order status entry id: 1299647, status: 0 
2012-10-18T11:17:13+02:00 DEBUG (7): ydadmin-ThinkPad-X220-Tablet serving lieferando.de.testing updating model Default_Model_Base #1270769 with modified data :: Array(    [email] => jens@kybernaut.de    [transactionData] => 1299647    [status] => 0    [action] => order    [points] => 10    [updated] => 2012-10-18 11:17:13) 
2012-10-18T11:17:13+02:00 INFO (6): ydadmin-ThinkPad-X220-Tablet serving lieferando.de.testing successfully modifed transaction #1270769 of customer jens@kybernaut.de to status 0 
2012-10-18T11:17:13+02:00 DEBUG (7): ydadmin-ThinkPad-X220-Tablet serving lieferando.de.testing CUSTOMER FIDELITY - cache cleared for transactionsfidelitycc441939b71fcd085aecefc9c9494189 
2012-10-18T11:17:13+02:00 DEBUG (7): ydadmin-ThinkPad-X220-Tablet serving lieferando.de.testing CUSTOMER FIDELITY - cache cleared for open1fidelitycc441939b71fcd085aecefc9c9494189 
2012-10-18T11:17:13+02:00 DEBUG (7): ydadmin-ThinkPad-X220-Tablet serving lieferando.de.testing CUSTOMER FIDELITY - cache cleared for open0fidelitycc441939b71fcd085aecefc9c9494189 
2012-10-18T11:17:13+02:00 INFO (6): ydadmin-ThinkPad-X220-Tablet serving lieferando.de.testing handlePartnerLocation: last status for order #1299647 is  
2012-10-18T11:17:13+02:00 INFO (6): ydadmin-ThinkPad-X220-Tablet serving lieferando.de.testing handlePartnerLocation: created new row #13 for order #1299647 
2012-10-18T11:17:13+02:00 DEBUG (7): ydadmin-ThinkPad-X220-Tablet serving lieferando.de.testing saved model Yourdelivery_Model_Order_Sendby with id #680366 new data :: Array(    [orderId] => 1299647    [sendBy] => fax) 
2012-10-18T11:17:13+02:00 INFO (6): ydadmin-ThinkPad-X220-Tablet serving lieferando.de.testing send order #1299647 using the synchronous way 
2012-10-18T11:17:13+02:00 DEBUG (7): ydadmin-ThinkPad-X220-Tablet serving lieferando.de.testing Status Wechsel in Order Tabelle: #1299647 - alter Status: 0 - neuer Status: 0 
2012-10-18T11:17:13+02:00 DEBUG (7): ydadmin-ThinkPad-X220-Tablet serving lieferando.de.testing New order status entry id: 1299647, status: 0 
2012-10-18T11:17:13+02:00 DEBUG (7): ydadmin-ThinkPad-X220-Tablet serving lieferando.de.testing updating model Default_Model_Base #1270769 with modified data :: Array(    [email] => jens@kybernaut.de    [transactionData] => 1299647    [status] => 0    [action] => order    [points] => 10    [updated] => 2012-10-18 11:17:13) 
2012-10-18T11:17:13+02:00 INFO (6): ydadmin-ThinkPad-X220-Tablet serving lieferando.de.testing successfully modifed transaction #1270769 of customer jens@kybernaut.de to status 0 
2012-10-18T11:17:13+02:00 DEBUG (7): ydadmin-ThinkPad-X220-Tablet serving lieferando.de.testing CUSTOMER FIDELITY - cache cleared for transactionsfidelitycc441939b71fcd085aecefc9c9494189 
2012-10-18T11:17:13+02:00 DEBUG (7): ydadmin-ThinkPad-X220-Tablet serving lieferando.de.testing CUSTOMER FIDELITY - cache cleared for open1fidelitycc441939b71fcd085aecefc9c9494189 
2012-10-18T11:17:13+02:00 DEBUG (7): ydadmin-ThinkPad-X220-Tablet serving lieferando.de.testing CUSTOMER FIDELITY - cache cleared for open0fidelitycc441939b71fcd085aecefc9c9494189 
2012-10-18T11:17:13+02:00 INFO (6): ydadmin-ThinkPad-X220-Tablet serving lieferando.de.testing handlePartnerLocation: last status for order #1299647 is Array 
2012-10-18T11:17:13+02:00 DEBUG (7): ydadmin-ThinkPad-X220-Tablet serving lieferando.de.testing order pdf for order 1299647 does not exists yet, generating and returning 
2012-10-18T11:17:14+02:00 INFO (6): ydadmin-ThinkPad-X220-Tablet serving lieferando.de.testing RETARUS: succesfully send out fax 1299647-ordersheet-restaurant.pdf to 05113889917 
2012-10-18T12:35:15+02:00 DEBUG (7): ydadmin-ThinkPad-X220-Tablet serving lieferando.de.testing SMARTY: rendering template administration/dashboard.htm 
2012-10-18T12:35:40+02:00 DEBUG (7): ydadmin-ThinkPad-X220-Tablet serving lieferando.de.testing SMARTY: rendering template administration/district/index.htm 
2012-10-18T12:36:15+02:00 DEBUG (7): ydadmin-ThinkPad-X220-Tablet serving lieferando.de.testing SMARTY: rendering template request/administration/district-seo-text.htm 
2012-10-18T12:44:22+02:00 DEBUG (7): ydadmin-ThinkPad-X220-Tablet serving lieferando.de.testing SMARTY: rendering template administration/district/index.htm 
2012-10-18T12:44:35+02:00 DEBUG (7): ydadmin-ThinkPad-X220-Tablet serving lieferando.de.testing SMARTY: rendering template administration/city/index.htm 
2012-10-18T12:44:42+02:00 DEBUG (7): ydadmin-ThinkPad-X220-Tablet serving lieferando.de.testing SMARTY: rendering template administration/city/index.htm 
2012-10-18T12:44:59+02:00 DEBUG (7): ydadmin-ThinkPad-X220-Tablet serving lieferando.de.testing SMARTY: rendering template administration/city/index.htm 
2012-10-18T12:45:27+02:00 DEBUG (7): ydadmin-ThinkPad-X220-Tablet serving lieferando.de.testing SMARTY: rendering template request/administration/city-seo-text.htm 
2012-10-18T12:45:40+02:00 DEBUG (7): ydadmin-ThinkPad-X220-Tablet serving lieferando.de.testing updating model Default_Model_Base #4260 with modified data :: Array(    [plz] => 60437    [city] => Frankfurt am Main    [state] => Hessen    [district] => Niederursel    [stateId] => 6    [districtId] => 6331    [regionId] => 150    [parentCityId] => 0    [lat] => 50.1167    [lng] => 8.68333    [restUrl] => lieferservice-frankfurt-am-main-60437    [caterUrl] => catering-frankfurt-am-main-60437    [greatUrl] => grosshandel-frankfurt-am-main-60437    [cityUrl] =>     [seoText] => <p>Beim <strong>Lieferservice Frankfurt am Main 60437</strong> kann man jetzt <strong>online Essen bestellen</strong> und dazu ist zu bemerken, dass sich hier Tradition und Fortschritt aufs Vorteilhafteste verbinden, denn schon ein altes Sprichwort sagt, man solle nie den Tage vor dem Abend loben. Man k&ouml;nnte da beinahe auf die Idee kommen, die Altvorderen h&auml;tten doch recht &auml;hnliche Probleme gehabt, wir heute, denn auch uns verdrie&szlig;t es ja die Laune, wenn der Tag zwar gut verlaufen ist, jedoch zu guter letzt am Abend eine nahrhafte und k&ouml;stliche Mahlzeit fehlt &ndash; und wem w&uuml;rde es nicht auf die Laune schlagen, wenn er hungrig zu Bett gehen m&uuml;sste? Zum Gl&uuml;ck gibt es in unserer Zeit eine L&ouml;sung f&uuml;r dieses Problem: Ob Sie nun einen <a title="Pizzaservice Frankfurt jetzt testen!" href="/administration_city/index/PLZcity/pizzaservice-frankfurt">Pizzaservice in Frankfurt</a> suchen oder mehr Lust haben, beim <a title="Sushi Lieferservice Frankfurt &ndash; schnell, k&ouml;stlich und bequem" href="/administration_city/index/PLZcity/sushi-lieferservice-frankfurt">Sushi Lieferservice Frankfurt</a>zu bestellen &ndash; &uuml;ber das Internet-Bestellportal lieferando.de kommen Sie in jedem Fall in Rekordzeit zu genau dem Gericht, auf das Sie auch tats&auml;chlich richtig Appetit haben. Die unglaublich vielf&auml;ltige Auswahl, die die Online-Bestellung beim Lieferservice Frankfurt am Main 60437 mit sich bringt sind f&uuml;r Sie nat&uuml;rlich mit keinerlei Aufpreis oder Zusatzkosten verbunden, genau wie auch die zahlreichen weiteren Vorteile wie z. B.:</p><ul><li>die <strong>Order per Mausklick</strong>, die einfach <em>schneller</em> und <em>bequemer</em> ist</li><li>stets <strong>aktuelle Anbieterlisten und Speisekarten</strong>, so dass Sie keine unangenehme &Uuml;berraschung erleben</li><li>das <strong>lieferando Treuepunktsystem</strong>, mit dem Sie sich beim <a title="Essen bestellen leicht gemacht" href="/administration_city/index/PLZcity/essen-bestellen">Essen bestellen</a> <em>attraktive Rabatte</em> sichern k&ouml;nnen</li><li>die M&ouml;glichkeit mit der <strong>lieferando iPhone App</strong> mobil <em>von unterwegs zu bestellen</em></li></ul><p>Probieren Sie es am besten direkt aus und finden Sie den passenden <a title="Beim Heimservice online bestellen" href="/administration_city/index/PLZcity/heimservice">Heimservice</a> f&uuml;r Ihren Geschmack! Wir w&uuml;rden uns schon sehr wundern, wenn der Service von lieferando Sie nicht begeistern w&uuml;rde!</p>    [seoHeadline] => test    [phoneorderAllowed] => 0) 
2012-10-18T12:45:43+02:00 DEBUG (7): ydadmin-ThinkPad-X220-Tablet serving lieferando.de.testing SMARTY: rendering template request/administration/city-seo-text.htm 
2012-10-18T12:46:50+02:00 DEBUG (7): ydadmin-ThinkPad-X220-Tablet serving lieferando.de.testing updating model Default_Model_Base #4260 with modified data :: Array(    [plz] => 60437    [city] => Frankfurt am Main    [state] => Hessen    [district] => Niederursel    [stateId] => 6    [districtId] => 6331    [regionId] => 150    [parentCityId] => 0    [lat] => 50.1167    [lng] => 8.68333    [restUrl] => lieferservice-frankfurt-am-main-60437    [caterUrl] => catering-frankfurt-am-main-60437    [greatUrl] => grosshandel-frankfurt-am-main-60437    [cityUrl] =>     [seoText] => <p>Beim <strong>Lieferservice Frankfurt am Main 60437</strong> kann man jetzt <strong>online Essen bestellen</strong> und dazu ist zu bemerken, dass sich hier Tradition und Fortschritt aufs Vorteilhafteste verbinden, denn schon ein altes Sprichwort sagt, man solle nie den Tage vor dem Abend loben. Man k&ouml;nnte da beinahe auf die Idee kommen, die Altvorderen h&auml;tten doch recht &auml;hnliche Probleme gehabt, wir heute, denn auch uns verdrie&szlig;t es ja die Laune, wenn der Tag zwar gut verlaufen ist, jedoch zu guter letzt am Abend eine nahrhafte und k&ouml;stliche Mahlzeit fehlt &ndash; und wem w&uuml;rde es nicht auf die Laune schlagen, wenn er hungrig zu Bett gehen m&uuml;sste? Zum Gl&uuml;ck gibt es in unserer Zeit eine L&ouml;sung f&uuml;r dieses Problem: Ob Sie nun einen <a title="Pizzaservice Frankfurt jetzt testen!" href="/pizzaservice-frankfurt">Pizzaservice in Frankfurt</a> suchen oder mehr Lust haben, beim <a title="Sushi Lieferservice Frankfurt &ndash; schnell, k&ouml;stlich und bequem" href="/sushi-lieferservice-frankfurt">Sushi Lieferservice Frankfurt</a>zu bestellen &ndash; &uuml;ber das Internet-Bestellportal lieferando.de kommen Sie in jedem Fall in Rekordzeit zu genau dem Gericht, auf das Sie auch tats&auml;chlich richtig Appetit haben. Die unglaublich vielf&auml;ltige Auswahl, die die Online-Bestellung beim Lieferservice Frankfurt am Main 60437 mit sich bringt sind f&uuml;r Sie nat&uuml;rlich mit keinerlei Aufpreis oder Zusatzkosten verbunden, genau wie auch die zahlreichen weiteren Vorteile wie z. B.:</p><ul><li>die <strong>Order per Mausklick</strong>, die einfach <em>schneller</em> und <em>bequemer</em> ist</li><li>stets <strong>aktuelle Anbieterlisten und Speisekarten</strong>, so dass Sie keine unangenehme &Uuml;berraschung erleben</li><li>das <strong>lieferando Treuepunktsystem</strong>, mit dem Sie sich beim <a title="Essen bestellen leicht gemacht" href="/administration_city/index/PLZcity/essen-bestellen">Essen bestellen</a> <em>attraktive Rabatte</em> sichern k&ouml;nnen</li><li>die M&ouml;glichkeit mit der <strong>lieferando iPhone App</strong> mobil <em>von unterwegs zu bestellen</em></li></ul><p>Probieren Sie es am besten direkt aus und finden Sie den passenden <a title="Beim Heimservice online bestellen" href="/administration_city/index/PLZcity/heimservice">Heimservice</a> f&uuml;r Ihren Geschmack! Wir w&uuml;rden uns schon sehr wundern, wenn der Service von lieferando Sie nicht begeistern w&uuml;rde!</p>    [seoHeadline] => test    [phoneorderAllowed] => 0) 
2012-10-18T12:46:53+02:00 DEBUG (7): ydadmin-ThinkPad-X220-Tablet serving lieferando.de.testing SMARTY: rendering template request/administration/city-seo-text.htm 
2012-10-18T12:52:45+02:00 DEBUG (7): ydadmin-ThinkPad-X220-Tablet serving lieferando.de.testing SMARTY: rendering template administration/city/index.htm 
2012-10-18T12:52:49+02:00 DEBUG (7): ydadmin-ThinkPad-X220-Tablet serving lieferando.de.testing SMARTY: rendering template request/administration/city-seo-text.htm 
2012-10-18T13:59:07+02:00 DEBUG (7): ydadmin-ThinkPad-X220-Tablet serving lieferando.de.testing SMARTY: rendering template administration/city/index.htm 
2012-10-18T18:00:08+02:00 DEBUG (7): ydadmin-ThinkPad-X220-Tablet serving lieferando.de.testing SMARTY: rendering template index/index.htm 
2012-10-18T18:00:08+02:00 DEBUG (7): ydadmin-ThinkPad-X220-Tablet serving lieferando.de.testing SMARTY: caching /home/ydadmin/htdocs/lieferando/application/../public/cache/html/www.yourdelivery.test/index.html 
2012-10-18T18:00:35+02:00 INFO (6): ydadmin-ThinkPad-X220-Tablet serving lieferando.de.testing customer #258467 Jens Naie already a facebook user - facebookId 690363597 
2012-10-18T18:00:35+02:00 DEBUG (7): ydadmin-ThinkPad-X220-Tablet serving lieferando.de.testing updating model Default_Model_Base #258467 with modified data :: Array(    [title] => Herr/Frau    [name] => Naie    [prename] => Jens    [email] => jonz@kybernaut.de    [password] =>     [lang] => de    [sex] => m    [tel] =>     [privmail] =>     [autologin] => 0    [start] => 1    [lastlogin] => 2012-09-19 13:29:07    [countLogin] => 35    [deleted] => 0    [permanentDiscountId] =>     [ktoName] =>     [ktoNr] =>     [ktoBlz] =>     [updated] => 2012-10-18 18:00:35    [birthday] => 1971-09-03    [source] =>     [addition] =>     [facebookId] => 690363597    [facebookPost] => 1    [profileImage] => 1344438876.jpg    [nickname] =>     [whitelist] => 0    [hashtag] => 8121ae30813c9df7e60375fa89319ba2    [anrede] => Herr) 
2012-10-18T18:00:35+02:00 DEBUG (7): ydadmin-ThinkPad-X220-Tablet serving lieferando.de.testing updating model Default_Model_Base #258467 with modified data :: Array(    [title] => Herr/Frau    [name] => Naie    [prename] => Jens    [email] => jonz@kybernaut.de    [password] =>     [lang] => de    [sex] => m    [tel] =>     [privmail] =>     [autologin] => 0    [start] => 1    [lastlogin] => 2012-10-18 18:00:35    [countLogin] => 36    [deleted] => 0    [permanentDiscountId] =>     [ktoName] =>     [ktoNr] =>     [ktoBlz] =>     [updated] => 2012-10-18 18:00:35    [birthday] => 1971-09-03    [source] =>     [addition] =>     [facebookId] => 690363597    [facebookPost] => 1    [profileImage] => 1344438876.jpg    [nickname] =>     [whitelist] => 0    [hashtag] => 8121ae30813c9df7e60375fa89319ba2    [anrede] => Herr) 
2012-10-18T18:00:36+02:00 DEBUG (7): ydadmin-ThinkPad-X220-Tablet serving lieferando.de.testing PIWIK: tracking customer variable customerId at value 258467 
2012-10-18T18:00:36+02:00 INFO (6): ydadmin-ThinkPad-X220-Tablet serving lieferando.de.testing User  successfully logged in 
2012-10-18T18:00:36+02:00 DEBUG (7): ydadmin-ThinkPad-X220-Tablet serving lieferando.de.testing PIWIK: tracking customer variable customerId at value 258467 
2012-10-18T18:00:36+02:00 DEBUG (7): ydadmin-ThinkPad-X220-Tablet serving lieferando.de.testing SMARTY: rendering template order/private/start.htm 
2012-10-18T18:00:36+02:00 DEBUG (7): ydadmin-ThinkPad-X220-Tablet serving lieferando.de.testing search UNRATED ORDERS (limit 5 - start 0) for customer #258467 jonz@kybernaut.de - unratedOrderCount: 0 
2012-10-18T18:00:36+02:00 DEBUG (7): ydadmin-ThinkPad-X220-Tablet serving lieferando.de.testing found 5 points for action rate_high 
2012-10-18T18:00:36+02:00 DEBUG (7): ydadmin-ThinkPad-X220-Tablet serving lieferando.de.testing found 8 points for action accountimage 
2012-10-18T18:00:36+02:00 DEBUG (7): ydadmin-ThinkPad-X220-Tablet serving lieferando.de.testing FIDELITY - OPEN ACTIONS: Cache stored for id:  open0fidelity43a28b6df0a5a8bb018e642edbcc5e24 
2012-10-18T18:00:36+02:00 DEBUG (7): ydadmin-ThinkPad-X220-Tablet serving lieferando.de.testing get UNRATED ORDERS (limit 5 - start 0) for customer #258467 jonz@kybernaut.de from cache with id: unrated_5_0customer258467 - unratedOrderCount: Array 
2012-10-18T18:00:36+02:00 DEBUG (7): ydadmin-ThinkPad-X220-Tablet serving lieferando.de.testing found 5 points for action rate_high 
2012-10-18T18:00:36+02:00 DEBUG (7): ydadmin-ThinkPad-X220-Tablet serving lieferando.de.testing found 8 points for action accountimage 
2012-10-18T18:00:36+02:00 DEBUG (7): ydadmin-ThinkPad-X220-Tablet serving lieferando.de.testing FIDELITY - OPEN ACTIONS: Cache stored for id:  open0fidelity43a28b6df0a5a8bb018e642edbcc5e24 
2012-10-18T18:00:37+02:00 DEBUG (7): ydadmin-ThinkPad-X220-Tablet serving lieferando.de.testing don't show ratingLink for order #1299646, because state <= 0 - state = 0 
2012-10-18T18:00:43+02:00 INFO (6): ydadmin-ThinkPad-X220-Tablet serving lieferando.de.testing found 57 online and 4 offline services in #19943 
2012-10-18T18:00:43+02:00 DEBUG (7): ydadmin-ThinkPad-X220-Tablet serving lieferando.de.testing SMARTY: rendering template order/basis/service.htm 
2012-10-18T18:00:49+02:00 DEBUG (7): ydadmin-ThinkPad-X220-Tablet serving lieferando.de.testing SMARTY: caching /home/ydadmin/htdocs/lieferando/application/../public/cache/html/www.yourdelivery.test/lieferservice-berlin-baumschulenweg-12437.html 
2012-10-18T18:00:57+02:00 DEBUG (7): ydadmin-ThinkPad-X220-Tablet serving lieferando.de.testing SMARTY: rendering template request/order/serviceinfo.htm 
2012-10-18T18:00:57+02:00 DEBUG (7): ydadmin-ThinkPad-X220-Tablet serving lieferando.de.testing SMARTY: caching /home/ydadmin/htdocs/lieferando/application/../public/cache/html/www.yourdelivery.test/request_order/serviceinfo/id/12492.html 
2012-10-18T18:01:04+02:00 DEBUG (7): ydadmin-ThinkPad-X220-Tablet serving lieferando.de.testing SMARTY: rendering template request/order/serviceinfo.htm 
2012-10-18T18:01:04+02:00 DEBUG (7): ydadmin-ThinkPad-X220-Tablet serving lieferando.de.testing SMARTY: caching /home/ydadmin/htdocs/lieferando/application/../public/cache/html/www.yourdelivery.test/request_order/serviceinfo/id/13128.html 
2012-10-18T18:01:07+02:00 DEBUG (7): ydadmin-ThinkPad-X220-Tablet serving lieferando.de.testing SMARTY: rendering template order/basis/menu.htm 
2012-10-18T18:01:08+02:00 DEBUG (7): ydadmin-ThinkPad-X220-Tablet serving lieferando.de.testing SMARTY: caching /home/ydadmin/htdocs/lieferando/application/../public/cache/html/www.yourdelivery.test/lieferservice-feros-pizzeria-berlin.html 
2012-10-18T18:01:45+02:00 DEBUG (7): ydadmin-ThinkPad-X220-Tablet serving lieferando.de.testing SMARTY: rendering template request/order/callmeal.htm 
2012-10-18T18:01:45+02:00 DEBUG (7): ydadmin-ThinkPad-X220-Tablet serving lieferando.de.testing SMARTY: caching /home/ydadmin/htdocs/lieferando/application/../public/cache/html/www.yourdelivery.test/request_order/callmeal/id/215168/size/210904/update/false.html 
2012-10-18T18:02:04+02:00 DEBUG (7): ydadmin-ThinkPad-X220-Tablet serving lieferando.de.testing SMARTY: rendering template request/order/callmeal.htm 
2012-10-18T18:02:04+02:00 DEBUG (7): ydadmin-ThinkPad-X220-Tablet serving lieferando.de.testing SMARTY: caching /home/ydadmin/htdocs/lieferando/application/../public/cache/html/www.yourdelivery.test/request_order/callmeal/id/215168/size/210904/update/1.html 
2012-10-18T18:02:17+02:00 DEBUG (7): ydadmin-ThinkPad-X220-Tablet serving lieferando.de.testing SMARTY: rendering template order/private/finish.htm 
2012-10-18T18:02:21+02:00 DEBUG (7): ydadmin-ThinkPad-X220-Tablet serving lieferando.de.testing SMARTY: rendering template request/service/openingtimeday.htm 
2012-10-18T18:02:34+02:00 DEBUG (7): ydadmin-ThinkPad-X220-Tablet serving lieferando.de.testing SMARTY: rendering template user/index.htm 
2012-10-18T18:02:34+02:00 DEBUG (7): ydadmin-ThinkPad-X220-Tablet serving lieferando.de.testing get UNRATED ORDERS (limit 5 - start 0) for customer #258467 jonz@kybernaut.de from cache with id: unrated_5_0customer258467 - unratedOrderCount: Array 
2012-10-18T18:02:34+02:00 DEBUG (7): ydadmin-ThinkPad-X220-Tablet serving lieferando.de.testing found 5 points for action rate_high 
2012-10-18T18:02:34+02:00 DEBUG (7): ydadmin-ThinkPad-X220-Tablet serving lieferando.de.testing found 8 points for action accountimage 
2012-10-18T18:02:34+02:00 DEBUG (7): ydadmin-ThinkPad-X220-Tablet serving lieferando.de.testing FIDELITY - OPEN ACTIONS: Cache stored for id:  open0fidelity43a28b6df0a5a8bb018e642edbcc5e24 
2012-10-18T18:02:47+02:00 DEBUG (7): ydadmin-ThinkPad-X220-Tablet serving lieferando.de.testing SMARTY: rendering template user/socialnetworks.htm 
2012-10-18T18:02:55+02:00 DEBUG (7): ydadmin-ThinkPad-X220-Tablet serving lieferando.de.testing setting deliver time to sofort based on day: 18.10.2012 time: sofort 
2012-10-18T18:02:55+02:00 DEBUG (7): ydadmin-ThinkPad-X220-Tablet serving lieferando.de.testing saved model Yourdelivery_Model_Order_Private with id #1299648 new data :: Array(    [customerId] => 258467    [nr] => 39928541    [time] => 2012-10-18 18:02:55    [deliverTime] => 2012-10-18 18:02:55    [mode] => rest    [kind] => priv    [ident] => 3d9RLPApuUKgdKBIaRk2    [locationId] => 236447    [cpf] =>     [serviceId] => 13128    [restaurantId] => 13128    [floor] => 0    [lift] =>     [currentPayment] => bar    [payment] => bar    [change] => 0    [total] => 2250    [courier] =>     [courierCost] => 0    [serviceDeliverCost] => 0    [charge] => 0    [contract] => 1    [ipAddr] => 127.0.0.1    [domain] => www.yourdelivery.test) 
2012-10-18T18:02:55+02:00 DEBUG (7): ydadmin-ThinkPad-X220-Tablet serving lieferando.de.testing saved model Yourdelivery_Model_Order_Deliverdelay with id #46 new data :: Array(    [serviceDeliverDelay] => 2400    [courierDeliverDelay] => 0    [orderId] => 1299648) 
2012-10-18T18:02:55+02:00 DEBUG (7): ydadmin-ThinkPad-X220-Tablet serving lieferando.de.testing found 10 points for action order 
2012-10-18T18:02:55+02:00 DEBUG (7): ydadmin-ThinkPad-X220-Tablet serving lieferando.de.testing saved model Yourdelivery_Model_Customer_FidelityTransaction with id #1270770 new data :: Array(    [email] => jonz@kybernaut.de    [action] => order    [status] => 0    [points] => 10    [transactionData] => 1299648) 
2012-10-18T18:02:55+02:00 INFO (6): ydadmin-ThinkPad-X220-Tablet serving lieferando.de.testing successfully added 10 points to customer jonz@kybernaut.de for action order 
2012-10-18T18:02:55+02:00 DEBUG (7): ydadmin-ThinkPad-X220-Tablet serving lieferando.de.testing CUSTOMER FIDELITY - cache cleared for transactionsfidelity43a28b6df0a5a8bb018e642edbcc5e24 
2012-10-18T18:02:55+02:00 DEBUG (7): ydadmin-ThinkPad-X220-Tablet serving lieferando.de.testing CUSTOMER FIDELITY - cache cleared for open1fidelity43a28b6df0a5a8bb018e642edbcc5e24 
2012-10-18T18:02:55+02:00 DEBUG (7): ydadmin-ThinkPad-X220-Tablet serving lieferando.de.testing CUSTOMER FIDELITY - cache cleared for open0fidelity43a28b6df0a5a8bb018e642edbcc5e24 
2012-10-18T18:02:58+02:00 INFO (6): ydadmin-ThinkPad-X220-Tablet serving lieferando.de.testing Customer Fero's Pizzeria (★★★★★ ø4,68) posted a message on facebook 
2012-10-18T18:02:58+02:00 DEBUG (7): ydadmin-ThinkPad-X220-Tablet serving lieferando.de.testing found 0 points for action facebookpost 
2012-10-18T18:02:58+02:00 INFO (6): ydadmin-ThinkPad-X220-Tablet serving lieferando.de.testing  
2012-10-18T18:02:58+02:00 INFO (6): ydadmin-ThinkPad-X220-Tablet serving lieferando.de.testing customer #258467 Jens Naie sucessfully finished order #1299648 
2012-10-18T18:02:58+02:00 DEBUG (7): ydadmin-ThinkPad-X220-Tablet serving lieferando.de.testing Status Wechsel in Order Tabelle: #1299648 - alter Status: 0 - neuer Status: 0 
2012-10-18T18:02:58+02:00 DEBUG (7): ydadmin-ThinkPad-X220-Tablet serving lieferando.de.testing New order status entry id: 1299648, status: 0 
2012-10-18T18:02:58+02:00 DEBUG (7): ydadmin-ThinkPad-X220-Tablet serving lieferando.de.testing updating model Default_Model_Base #1270770 with modified data :: Array(    [email] => jonz@kybernaut.de    [transactionData] => 1299648    [status] => 0    [action] => order    [points] => 10    [updated] => 2012-10-18 18:02:58) 
2012-10-18T18:02:58+02:00 INFO (6): ydadmin-ThinkPad-X220-Tablet serving lieferando.de.testing successfully modifed transaction #1270770 of customer jonz@kybernaut.de to status 0 
2012-10-18T18:02:58+02:00 DEBUG (7): ydadmin-ThinkPad-X220-Tablet serving lieferando.de.testing CUSTOMER FIDELITY - cache cleared for transactionsfidelity43a28b6df0a5a8bb018e642edbcc5e24 
2012-10-18T18:02:58+02:00 DEBUG (7): ydadmin-ThinkPad-X220-Tablet serving lieferando.de.testing CUSTOMER FIDELITY - cache cleared for open1fidelity43a28b6df0a5a8bb018e642edbcc5e24 
2012-10-18T18:02:58+02:00 DEBUG (7): ydadmin-ThinkPad-X220-Tablet serving lieferando.de.testing CUSTOMER FIDELITY - cache cleared for open0fidelity43a28b6df0a5a8bb018e642edbcc5e24 
2012-10-18T18:02:58+02:00 INFO (6): ydadmin-ThinkPad-X220-Tablet serving lieferando.de.testing handlePartnerLocation: last status for order #1299648 is  
2012-10-18T18:02:58+02:00 INFO (6): ydadmin-ThinkPad-X220-Tablet serving lieferando.de.testing handlePartnerLocation: created new row #14 for order #1299648 
2012-10-18T18:02:58+02:00 DEBUG (7): ydadmin-ThinkPad-X220-Tablet serving lieferando.de.testing saved model Yourdelivery_Model_Order_Sendby with id #680367 new data :: Array(    [orderId] => 1299648    [sendBy] => fax) 
2012-10-18T18:02:58+02:00 INFO (6): ydadmin-ThinkPad-X220-Tablet serving lieferando.de.testing send order #1299648 using the synchronous way 
2012-10-18T18:02:58+02:00 DEBUG (7): ydadmin-ThinkPad-X220-Tablet serving lieferando.de.testing Status Wechsel in Order Tabelle: #1299648 - alter Status: 0 - neuer Status: 0 
2012-10-18T18:02:58+02:00 DEBUG (7): ydadmin-ThinkPad-X220-Tablet serving lieferando.de.testing New order status entry id: 1299648, status: 0 
2012-10-18T18:02:58+02:00 DEBUG (7): ydadmin-ThinkPad-X220-Tablet serving lieferando.de.testing updating model Default_Model_Base #1270770 with modified data :: Array(    [email] => jonz@kybernaut.de    [transactionData] => 1299648    [status] => 0    [action] => order    [points] => 10    [updated] => 2012-10-18 18:02:58) 
2012-10-18T18:02:58+02:00 INFO (6): ydadmin-ThinkPad-X220-Tablet serving lieferando.de.testing successfully modifed transaction #1270770 of customer jonz@kybernaut.de to status 0 
2012-10-18T18:02:58+02:00 DEBUG (7): ydadmin-ThinkPad-X220-Tablet serving lieferando.de.testing CUSTOMER FIDELITY - cache cleared for transactionsfidelity43a28b6df0a5a8bb018e642edbcc5e24 
2012-10-18T18:02:58+02:00 DEBUG (7): ydadmin-ThinkPad-X220-Tablet serving lieferando.de.testing CUSTOMER FIDELITY - cache cleared for open1fidelity43a28b6df0a5a8bb018e642edbcc5e24 
2012-10-18T18:02:58+02:00 DEBUG (7): ydadmin-ThinkPad-X220-Tablet serving lieferando.de.testing CUSTOMER FIDELITY - cache cleared for open0fidelity43a28b6df0a5a8bb018e642edbcc5e24 
2012-10-18T18:02:58+02:00 INFO (6): ydadmin-ThinkPad-X220-Tablet serving lieferando.de.testing handlePartnerLocation: last status for order #1299648 is Array 
2012-10-18T18:02:58+02:00 DEBUG (7): ydadmin-ThinkPad-X220-Tablet serving lieferando.de.testing order pdf for order 1299648 does not exists yet, generating and returning 
2012-10-18T18:02:59+02:00 INFO (6): ydadmin-ThinkPad-X220-Tablet serving lieferando.de.testing INTERFAX: successfully send fax for order#1299648 with code 123456789 
2012-10-18T18:02:59+02:00 INFO (6): ydadmin-ThinkPad-X220-Tablet serving lieferando.de.testing INTERFAX: succesfully send out fax 1299648-ordersheet-restaurant.pdf to 03067069412 
2012-10-18T18:02:59+02:00 DEBUG (7): ydadmin-ThinkPad-X220-Tablet serving lieferando.de.testing SMARTY: rendering template order/private/success.htm 
2012-10-18T18:03:00+02:00 DEBUG (7): ydadmin-ThinkPad-X220-Tablet serving lieferando.de.testing found 10 points for action order 
2012-10-18T18:03:00+02:00 DEBUG (7): ydadmin-ThinkPad-X220-Tablet serving lieferando.de.testing found 10 points for action order 
