2012-09-03T13:36:47+02:00 DEBUG (7): ydadmin-ThinkPad-X220-Tablet serving janamesa.com.br.testing SMARTY: rendering template restaurant/login.htm 
2012-09-03T13:36:53+02:00 DEBUG (7): ydadmin-ThinkPad-X220-Tablet serving janamesa.com.br.testing SMARTY: rendering template administration/login.htm 
2012-09-03T13:36:59+02:00 INFO (6): ydadmin-ThinkPad-X220-Tablet serving janamesa.com.br.testing Successfully loggged in admin #Supporter Jens Naie (345) 
2012-09-03T13:36:59+02:00 DEBUG (7): ydadmin-ThinkPad-X220-Tablet serving janamesa.com.br.testing SMARTY: rendering template administration/dashboard.htm 
2012-09-03T13:40:29+02:00 DEBUG (7): ydadmin-ThinkPad-X220-Tablet serving janamesa.com.br.testing SMARTY: rendering template administration/services.htm 
2012-09-03T13:40:44+02:00 DEBUG (7): ydadmin-ThinkPad-X220-Tablet serving janamesa.com.br.testing SMARTY: rendering template administration/services.htm 
2012-09-03T13:40:48+02:00 DEBUG (7): ydadmin-ThinkPad-X220-Tablet serving janamesa.com.br.testing SMARTY: rendering template administration/services.htm 
2012-09-03T13:40:55+02:00 INFO (6): ydadmin-ThinkPad-X220-Tablet serving janamesa.com.br.testing Logged to the restaurant Funny Pizzas (351) #Supporter Jens Naie (345) 
2012-09-03T13:40:55+02:00 DEBUG (7): ydadmin-ThinkPad-X220-Tablet serving janamesa.com.br.testing SMARTY: rendering template restaurant/index.htm 
2012-09-03T13:41:03+02:00 DEBUG (7): ydadmin-ThinkPad-X220-Tablet serving janamesa.com.br.testing SMARTY: rendering template restaurant/menu.htm 
2012-09-03T13:41:07+02:00 DEBUG (7): ydadmin-ThinkPad-X220-Tablet serving janamesa.com.br.testing SMARTY: rendering template request/restaurant/getcategory.htm 
2012-09-03T13:41:08+02:00 DEBUG (7): ydadmin-ThinkPad-X220-Tablet serving janamesa.com.br.testing SMARTY: rendering template request/restaurant/getcategorieslist.htm 
2012-09-03T13:41:18+02:00 DEBUG (7): ydadmin-ThinkPad-X220-Tablet serving janamesa.com.br.testing saved model Yourdelivery_Model_Meal_MealoptionsNn with id #61 new data :: Array(    [mealId] => 33868    [optionRowId] => 1543) 
2012-09-03T13:41:18+02:00 INFO (6): ydadmin-ThinkPad-X220-Tablet serving janamesa.com.br.testing Neue Mealoption wurde hinzugefügt #Supporter Jens Naie (345) 
2012-09-03T14:28:54+02:00 DEBUG (7): ydadmin-ThinkPad-X220-Tablet serving janamesa.com.br.testing SMARTY: rendering template index/index.htm 
2012-09-03T14:28:55+02:00 DEBUG (7): ydadmin-ThinkPad-X220-Tablet serving janamesa.com.br.testing SMARTY: caching /home/ydadmin/htdocs/lieferando/application/../public/cache/html/www.yourdelivery.local/index.html 
2012-09-03T14:29:11+02:00 INFO (6): ydadmin-ThinkPad-X220-Tablet serving janamesa.com.br.testing found 13 online and 0 offline services in #88709 
2012-09-03T14:29:11+02:00 DEBUG (7): ydadmin-ThinkPad-X220-Tablet serving janamesa.com.br.testing SMARTY: rendering template order/basis/service.htm 
2012-09-03T14:29:12+02:00 DEBUG (7): ydadmin-ThinkPad-X220-Tablet serving janamesa.com.br.testing SMARTY: caching /home/ydadmin/htdocs/lieferando/application/../public/cache/html/www.yourdelivery.local/servico-de-entrega-sao-paulo-05089-001.html 
2012-09-03T14:29:15+02:00 DEBUG (7): ydadmin-ThinkPad-X220-Tablet serving janamesa.com.br.testing SMARTY: rendering template request/order/lastorder.htm 
2012-09-03T14:29:15+02:00 DEBUG (7): ydadmin-ThinkPad-X220-Tablet serving janamesa.com.br.testing don't show ratingLink for order #992, because state <= 0 - state = 0 
2012-09-03T14:29:21+02:00 DEBUG (7): ydadmin-ThinkPad-X220-Tablet serving janamesa.com.br.testing SMARTY: rendering template request/order/serviceinfo.htm 
2012-09-03T14:29:21+02:00 DEBUG (7): ydadmin-ThinkPad-X220-Tablet serving janamesa.com.br.testing SMARTY: caching /home/ydadmin/htdocs/lieferando/application/../public/cache/html/www.yourdelivery.local/request_order/serviceinfo/id/351.html 
2012-09-03T14:29:22+02:00 DEBUG (7): ydadmin-ThinkPad-X220-Tablet serving janamesa.com.br.testing SMARTY: rendering template request/service/preorder.htm 
2012-09-03T14:29:22+02:00 DEBUG (7): ydadmin-ThinkPad-X220-Tablet serving janamesa.com.br.testing SMARTY: caching /home/ydadmin/htdocs/lieferando/application/../public/cache/html/www.yourdelivery.local/request_service/preorder/back/0/type/rest.html 
2012-09-03T14:29:24+02:00 DEBUG (7): ydadmin-ThinkPad-X220-Tablet serving janamesa.com.br.testing SMARTY: rendering template order/basis/menu.htm 
2012-09-03T14:29:25+02:00 DEBUG (7): ydadmin-ThinkPad-X220-Tablet serving janamesa.com.br.testing SMARTY: caching /home/ydadmin/htdocs/lieferando/application/../public/cache/html/www.yourdelivery.local/servico-de-entrega-funny-pizzas-sao-paulo.html 
2012-09-03T14:29:34+02:00 DEBUG (7): ydadmin-ThinkPad-X220-Tablet serving janamesa.com.br.testing SMARTY: rendering template request/order/callmeal.htm 
2012-09-03T14:29:34+02:00 DEBUG (7): ydadmin-ThinkPad-X220-Tablet serving janamesa.com.br.testing SMARTY: caching /home/ydadmin/htdocs/lieferando/application/../public/cache/html/www.yourdelivery.local/request_order/callmeal/id/36791/size/0/update/false.html 
2012-09-03T14:36:04+02:00 DEBUG (7): ydadmin-ThinkPad-X220-Tablet serving janamesa.com.br.testing saved model Yourdelivery_Model_Meals with id #36801 new data :: Array(    [attributes] =>     [name] => edrfgrtu    [description] =>     [mwst] => 18    [minAmount] => 1    [categoryId] => 14709    [restaurantId] => 351    [rank] => 6) 
2012-09-03T14:36:04+02:00 DEBUG (7): ydadmin-ThinkPad-X220-Tablet serving janamesa.com.br.testing saved model Yourdelivery_Model_Meal_SizesNn with id #51454 new data :: Array(    [mealId] => 36801    [sizeId] => 4078    [cost] => 3400    [pfand] => 0    [nr] =>     [hasSpecials] => 0) 
2012-09-03T14:36:04+02:00 DEBUG (7): ydadmin-ThinkPad-X220-Tablet serving janamesa.com.br.testing saved model Yourdelivery_Model_Meal_SizesNn with id #51455 new data :: Array(    [mealId] => 36801    [sizeId] => 4390    [cost] => 4500    [pfand] => 0    [nr] =>     [hasSpecials] => 0) 
2012-09-03T14:36:04+02:00 DEBUG (7): ydadmin-ThinkPad-X220-Tablet serving janamesa.com.br.testing SMARTY: rendering template request/restaurant/addmeal.htm 
2012-09-03T14:36:04+02:00 DEBUG (7): ydadmin-ThinkPad-X220-Tablet serving janamesa.com.br.testing SMARTY: rendering template request/restaurant/getmeal.htm 
2012-09-03T14:36:04+02:00 DEBUG (7): ydadmin-ThinkPad-X220-Tablet serving janamesa.com.br.testing SMARTY: rendering template request/restaurant/getcategorieslist.htm 
2012-09-03T14:36:16+02:00 DEBUG (7): ydadmin-ThinkPad-X220-Tablet serving janamesa.com.br.testing updating model Default_Model_Base #33874 with modified data :: Array(    [categoryId] => 14709    [name] => Pizza de Sardinha    [description] => com mussarela, sardinha, cebola e parmesão    [restaurantId] => 351    [nr] =>     [status] => 1    [mwst] => 18    [attributes] =>     [vegetarian] => 0    [tabaco] => 0    [bio] => 0    [minAmount] => 1    [deleted] => 0    [rank] => 5    [excludeFromMinCost] => 0    [alcohol] => 0    [updated] => 2012-09-03 14:36:16    [hasPicture] => 0    [spicy] => 0    [garlic] => 0    [fish] => 0    [priceType] => normal    [serviceId] => 351) 
2012-09-03T14:36:16+02:00 DEBUG (7): ydadmin-ThinkPad-X220-Tablet serving janamesa.com.br.testing updating model Default_Model_Base #47341 with modified data :: Array(    [mealId] => 33874    [sizeId] => 4078    [cost] => 2600    [pfand] => 0    [hasSpecials] => 1    [nr] =>     [updated] => 2012-09-03 14:36:16) 
2012-09-03T14:36:16+02:00 DEBUG (7): ydadmin-ThinkPad-X220-Tablet serving janamesa.com.br.testing updating model Default_Model_Base #36801 with modified data :: Array(    [categoryId] => 14709    [name] => edrfgrtu    [description] =>     [restaurantId] => 351    [nr] =>     [status] => 1    [mwst] => 18    [attributes] =>     [vegetarian] => 0    [tabaco] => 0    [bio] => 0    [minAmount] => 1    [deleted] => 0    [rank] => 6    [excludeFromMinCost] => 0    [alcohol] => 0    [updated] => 2012-09-03 14:36:16    [hasPicture] => 0    [spicy] => 0    [garlic] => 0    [fish] => 0    [priceType] => options_avg    [serviceId] => 351) 
2012-09-03T14:36:16+02:00 DEBUG (7): ydadmin-ThinkPad-X220-Tablet serving janamesa.com.br.testing updating model Default_Model_Base #51454 with modified data :: Array(    [mealId] => 36801    [sizeId] => 4078    [cost] => 3400    [pfand] => 0    [hasSpecials] => 0    [nr] =>     [updated] => 2012-09-03 14:36:16) 
2012-09-03T14:36:16+02:00 DEBUG (7): ydadmin-ThinkPad-X220-Tablet serving janamesa.com.br.testing updating model Default_Model_Base #51455 with modified data :: Array(    [mealId] => 36801    [sizeId] => 4390    [cost] => 4500    [pfand] => 0    [hasSpecials] => 0    [nr] =>     [updated] => 2012-09-03 14:36:16) 
2012-09-03T14:36:20+02:00 DEBUG (7): ydadmin-ThinkPad-X220-Tablet serving janamesa.com.br.testing SMARTY: rendering template request/restaurant/getcategory.htm 
2012-09-03T14:36:21+02:00 DEBUG (7): ydadmin-ThinkPad-X220-Tablet serving janamesa.com.br.testing SMARTY: rendering template request/restaurant/getcategorieslist.htm 
2012-09-03T14:36:37+02:00 DEBUG (7): ydadmin-ThinkPad-X220-Tablet serving janamesa.com.br.testing saved model Yourdelivery_Model_Meals with id #36802 new data :: Array(    [attributes] =>     [name] => zuizo    [description] =>     [mwst] => 18    [minAmount] => 1    [categoryId] => 14709    [restaurantId] => 351    [rank] => 7) 
2012-09-03T14:36:37+02:00 DEBUG (7): ydadmin-ThinkPad-X220-Tablet serving janamesa.com.br.testing saved model Yourdelivery_Model_Meal_SizesNn with id #51456 new data :: Array(    [mealId] => 36802    [sizeId] => 4078    [cost] => 3400    [pfand] => 0    [nr] =>     [hasSpecials] => 0) 
2012-09-03T14:36:37+02:00 DEBUG (7): ydadmin-ThinkPad-X220-Tablet serving janamesa.com.br.testing saved model Yourdelivery_Model_Meal_SizesNn with id #51457 new data :: Array(    [mealId] => 36802    [sizeId] => 4390    [cost] => 5600    [pfand] => 0    [nr] =>     [hasSpecials] => 0) 
2012-09-03T14:36:37+02:00 DEBUG (7): ydadmin-ThinkPad-X220-Tablet serving janamesa.com.br.testing SMARTY: rendering template request/restaurant/addmeal.htm 
2012-09-03T14:36:37+02:00 DEBUG (7): ydadmin-ThinkPad-X220-Tablet serving janamesa.com.br.testing SMARTY: rendering template request/restaurant/getmeal.htm 
2012-09-03T14:36:37+02:00 DEBUG (7): ydadmin-ThinkPad-X220-Tablet serving janamesa.com.br.testing SMARTY: rendering template request/restaurant/getcategorieslist.htm 
2012-09-03T14:36:44+02:00 DEBUG (7): ydadmin-ThinkPad-X220-Tablet serving janamesa.com.br.testing SMARTY: rendering template request/restaurant/getcategory.htm 
2012-09-03T14:36:44+02:00 DEBUG (7): ydadmin-ThinkPad-X220-Tablet serving janamesa.com.br.testing SMARTY: rendering template request/restaurant/getcategorieslist.htm 
2012-09-03T15:59:48+02:00 DEBUG (7): ydadmin-ThinkPad-X220-Tablet serving janamesa.com.br.testing saved model Yourdelivery_Model_Meals with id #36803 new data :: Array(    [categoryId] => 13375    [name] => Meal_with_mealoptions_Bbu76ubXhd    [description] =>     [restaurantId] => 174    [status] => 1    [mwst] => 18    [attributes] =>     [vegetarian] => 0    [tabaco] => 0    [bio] => 0    [minAmount] => 1    [deleted] => 0    [rank] => 14    [excludeFromMinCost] => 0    [alcohol] => 0    [updated] => 2012-09-03 15:59:48    [hasPicture] => 0    [spicy] => 0    [garlic] => 0    [fish] => 0    [priceType] => normal    [serviceId] => 174) 
2012-09-03T15:59:48+02:00 DEBUG (7): ydadmin-ThinkPad-X220-Tablet serving janamesa.com.br.testing saved model Yourdelivery_Model_Meals with id #36804 new data :: Array(    [categoryId] => 14566    [name] => Mealoption1_WWQzRgXEIn    [description] => com palmito, brócolis ao alho, mussarela, tomate cereja e azeitonas    [restaurantId] => 174    [status] => 1    [mwst] => 18    [attributes] =>     [vegetarian] => 0    [tabaco] => 0    [bio] => 0    [minAmount] => 1    [deleted] => 0    [rank] => 13    [excludeFromMinCost] => 0    [alcohol] => 0    [updated] => 2012-09-03 15:59:48    [hasPicture] => 0    [spicy] => 0    [garlic] => 0    [fish] => 0    [priceType] => normal    [serviceId] => 174) 
2012-09-03T15:59:48+02:00 DEBUG (7): ydadmin-ThinkPad-X220-Tablet serving janamesa.com.br.testing saved model Yourdelivery_Model_Meals with id #36805 new data :: Array(    [categoryId] => 13376    [name] => Mealoption2_R1tIenUL6M    [description] =>     [restaurantId] => 174    [status] => 1    [mwst] => 18    [attributes] =>     [vegetarian] => 0    [tabaco] => 0    [bio] => 0    [minAmount] => 1    [deleted] => 0    [rank] => 5    [excludeFromMinCost] => 0    [alcohol] => 0    [updated] => 2012-09-03 15:59:48    [hasPicture] => 0    [spicy] => 0    [garlic] => 0    [fish] => 0    [priceType] => normal    [serviceId] => 174) 
2012-09-03T16:03:02+02:00 DEBUG (7): ydadmin-ThinkPad-X220-Tablet serving janamesa.com.br.testing saved model Yourdelivery_Model_Meals with id #36806 new data :: Array(    [categoryId] => 12899    [name] => Meal_with_mealoptions_uau47Ks1TB    [description] =>     [restaurantId] => 129    [status] => 1    [mwst] => 18    [attributes] =>     [vegetarian] => 0    [tabaco] => 0    [bio] => 0    [minAmount] => 1    [deleted] => 0    [rank] => 11    [excludeFromMinCost] => 0    [alcohol] => 0    [updated] => 2012-09-03 16:03:02    [hasPicture] => 0    [spicy] => 0    [garlic] => 0    [fish] => 0    [priceType] => normal    [serviceId] => 129) 
2012-09-03T16:03:02+02:00 DEBUG (7): ydadmin-ThinkPad-X220-Tablet serving janamesa.com.br.testing saved model Yourdelivery_Model_Meals with id #36807 new data :: Array(    [categoryId] => 12904    [name] => Mealoption1_VdvqzdqAo1    [description] => com mussarela, aliche e alcaparras    [restaurantId] => 129    [status] => 1    [mwst] => 18    [attributes] =>     [vegetarian] => 0    [tabaco] => 0    [bio] => 0    [minAmount] => 1    [deleted] => 0    [rank] => 10    [excludeFromMinCost] => 0    [alcohol] => 0    [updated] => 2012-09-03 16:03:02    [hasPicture] => 0    [spicy] => 0    [garlic] => 0    [fish] => 0    [priceType] => normal    [serviceId] => 129) 
2012-09-03T16:03:02+02:00 DEBUG (7): ydadmin-ThinkPad-X220-Tablet serving janamesa.com.br.testing saved model Yourdelivery_Model_Meals with id #36808 new data :: Array(    [categoryId] => 12903    [name] => Mealoption2_x0hpkMbobV    [description] => com peperoni e mussarela    [restaurantId] => 129    [status] => 1    [mwst] => 18    [attributes] =>     [vegetarian] => 0    [tabaco] => 0    [bio] => 0    [minAmount] => 1    [deleted] => 0    [rank] => 15    [excludeFromMinCost] => 0    [alcohol] => 0    [updated] => 2012-09-03 16:03:02    [hasPicture] => 0    [spicy] => 0    [garlic] => 0    [fish] => 0    [priceType] => normal    [serviceId] => 129) 
2012-09-03T16:03:54+02:00 DEBUG (7): ydadmin-ThinkPad-X220-Tablet serving janamesa.com.br.testing saved model Yourdelivery_Model_Meals with id #36809 new data :: Array(    [categoryId] => 12864    [name] => Meal_with_mealoptions_3wRaHffvxx    [description] => com repolho, cenoura, pimentão colorido, bambú, cogumelo, brócolis e couve-flor selecionados ao molho shoyu    [restaurantId] => 132    [status] => 1    [mwst] => 18    [attributes] => vegetarian    [vegetarian] => 1    [tabaco] => 0    [bio] => 0    [minAmount] => 1    [deleted] => 0    [rank] => 5    [excludeFromMinCost] => 0    [alcohol] => 0    [updated] => 2012-09-03 16:03:54    [hasPicture] => 0    [spicy] => 0    [garlic] => 0    [fish] => 0    [priceType] => normal    [serviceId] => 132) 
2012-09-03T16:03:54+02:00 DEBUG (7): ydadmin-ThinkPad-X220-Tablet serving janamesa.com.br.testing saved model Yourdelivery_Model_Meals with id #36810 new data :: Array(    [categoryId] => 12912    [name] => Mealoption1_3LUUgkbw2Y    [description] =>     [restaurantId] => 132    [status] => 1    [mwst] => 18    [attributes] =>     [vegetarian] => 0    [tabaco] => 0    [bio] => 0    [minAmount] => 1    [deleted] => 0    [rank] => 6    [excludeFromMinCost] => 0    [alcohol] => 0    [updated] => 2012-09-03 16:03:54    [hasPicture] => 0    [spicy] => 0    [garlic] => 0    [fish] => 0    [priceType] => normal    [serviceId] => 132) 
2012-09-03T16:03:54+02:00 DEBUG (7): ydadmin-ThinkPad-X220-Tablet serving janamesa.com.br.testing saved model Yourdelivery_Model_Meals with id #36811 new data :: Array(    [categoryId] => 12864    [name] => Mealoption2_9Y6bUOG7OO    [description] => com repolho, cenoura, pimentão colorido, bambú, cogumelo, brócolis e couve-flor selecionados ao molho shoyu    [restaurantId] => 132    [status] => 1    [mwst] => 18    [attributes] => vegetarian    [vegetarian] => 1    [tabaco] => 0    [bio] => 0    [minAmount] => 1    [deleted] => 0    [rank] => 5    [excludeFromMinCost] => 0    [alcohol] => 0    [updated] => 2012-09-03 16:03:54    [hasPicture] => 0    [spicy] => 0    [garlic] => 0    [fish] => 0    [priceType] => normal    [serviceId] => 132) 
2012-09-03T16:04:10+02:00 DEBUG (7): ydadmin-ThinkPad-X220-Tablet serving janamesa.com.br.testing saved model Yourdelivery_Model_Meals with id #36812 new data :: Array(    [categoryId] => 11748    [name] => Meal_with_mealoptions_6vofduKm3M    [description] => com pão integral torrado, maionese trio, filé de frango grelhado, peito de peru, bacon, queijo prato, alface e tomate    [restaurantId] => 9    [status] => 1    [mwst] => 18    [attributes] =>     [vegetarian] => 0    [tabaco] => 0    [bio] => 0    [minAmount] => 1    [deleted] => 0    [rank] => 6    [excludeFromMinCost] => 0    [alcohol] => 0    [updated] => 2012-09-03 16:04:10    [hasPicture] => 0    [spicy] => 0    [garlic] => 0    [fish] => 0    [priceType] => normal    [serviceId] => 9) 
2012-09-03T16:04:10+02:00 DEBUG (7): ydadmin-ThinkPad-X220-Tablet serving janamesa.com.br.testing saved model Yourdelivery_Model_Meals with id #36813 new data :: Array(    [categoryId] => 11756    [name] => Mealoption1_1QpdmI7oid    [description] =>     [restaurantId] => 9    [status] => 1    [mwst] => 18    [attributes] =>     [minAmount] => 1    [deleted] => 0    [rank] => 1    [alcohol] => 0    [updated] => 2012-09-03 16:04:10    [hasPicture] => 0    [priceType] => normal    [serviceId] => 9) 
2012-09-03T16:04:10+02:00 DEBUG (7): ydadmin-ThinkPad-X220-Tablet serving janamesa.com.br.testing saved model Yourdelivery_Model_Meals with id #36814 new data :: Array(    [categoryId] => 11754    [name] => Mealoption2_KjptBhzoxA    [description] => com pão integral tostado, peito de peru, queijo branco, maionese light, alface e tomate    [restaurantId] => 9    [status] => 1    [mwst] => 18    [attributes] =>     [vegetarian] => 0    [tabaco] => 0    [bio] => 0    [minAmount] => 1    [deleted] => 0    [rank] => 1    [excludeFromMinCost] => 0    [alcohol] => 0    [updated] => 2012-09-03 16:04:10    [hasPicture] => 0    [spicy] => 0    [garlic] => 0    [fish] => 0    [priceType] => normal    [serviceId] => 9) 
2012-09-03T16:04:36+02:00 DEBUG (7): ydadmin-ThinkPad-X220-Tablet serving janamesa.com.br.testing saved model Yourdelivery_Model_Meals with id #36815 new data :: Array(    [categoryId] => 14343    [name] => Meal_with_mealoptions_3L6meYCYBv    [description] => com lombo defumado, cebola e catupiry    [restaurantId] => 252    [status] => 1    [mwst] => 18    [attributes] =>     [vegetarian] => 0    [tabaco] => 0    [bio] => 0    [minAmount] => 1    [deleted] => 0    [rank] => 27    [excludeFromMinCost] => 0    [alcohol] => 0    [updated] => 2012-09-03 16:04:36    [hasPicture] => 0    [spicy] => 0    [garlic] => 0    [fish] => 0    [priceType] => normal    [serviceId] => 252) 
2012-09-03T16:04:36+02:00 DEBUG (7): ydadmin-ThinkPad-X220-Tablet serving janamesa.com.br.testing saved model Yourdelivery_Model_Meals with id #36816 new data :: Array(    [categoryId] => 14343    [name] => Mealoption1_EBvnxnspX9    [description] => com brócolis ao alho e óleo, bacon e catupiry    [restaurantId] => 252    [status] => 1    [mwst] => 18    [attributes] =>     [vegetarian] => 0    [tabaco] => 0    [bio] => 0    [minAmount] => 1    [deleted] => 0    [rank] => 16    [excludeFromMinCost] => 0    [alcohol] => 0    [updated] => 2012-09-03 16:04:36    [hasPicture] => 0    [spicy] => 0    [garlic] => 0    [fish] => 0    [priceType] => normal    [serviceId] => 252) 
2012-09-03T16:04:36+02:00 DEBUG (7): ydadmin-ThinkPad-X220-Tablet serving janamesa.com.br.testing saved model Yourdelivery_Model_Meals with id #36817 new data :: Array(    [categoryId] => 14255    [name] => Mealoption2_FGLYjfLooT    [description] => com mussarela, fatias carnudas de tomate, musssarela de búfala e manjericão    [restaurantId] => 252    [status] => 1    [mwst] => 18    [attributes] =>     [vegetarian] => 0    [tabaco] => 0    [bio] => 0    [minAmount] => 1    [deleted] => 0    [rank] => 11    [excludeFromMinCost] => 0    [alcohol] => 0    [updated] => 2012-09-03 16:04:36    [hasPicture] => 0    [spicy] => 0    [garlic] => 0    [fish] => 0    [priceType] => normal    [serviceId] => 252) 
2012-09-03T16:05:13+02:00 DEBUG (7): ydadmin-ThinkPad-X220-Tablet serving janamesa.com.br.testing saved model Yourdelivery_Model_Meals with id #36818 new data :: Array(    [categoryId] => 13388    [name] => Meal_with_mealoptions_wMvjzzI0AC    [description] =>     [restaurantId] => 170    [status] => 1    [mwst] => 18    [attributes] =>     [vegetarian] => 0    [tabaco] => 0    [bio] => 0    [minAmount] => 1    [deleted] => 0    [rank] => 3    [excludeFromMinCost] => 0    [alcohol] => 0    [updated] => 2012-09-03 16:05:13    [hasPicture] => 0    [spicy] => 0    [garlic] => 0    [fish] => 0    [priceType] => normal    [serviceId] => 170) 
2012-09-03T16:05:13+02:00 DEBUG (7): ydadmin-ThinkPad-X220-Tablet serving janamesa.com.br.testing saved model Yourdelivery_Model_Meals with id #36819 new data :: Array(    [categoryId] => 13384    [name] => Mealoption1_lmZFkB1IPK    [description] => com arroz, feijão e batata chips    [restaurantId] => 170    [status] => 1    [mwst] => 18    [attributes] =>     [vegetarian] => 0    [tabaco] => 0    [bio] => 0    [minAmount] => 1    [deleted] => 0    [rank] => 7    [excludeFromMinCost] => 0    [alcohol] => 0    [updated] => 2012-09-03 16:05:13    [hasPicture] => 0    [spicy] => 0    [garlic] => 0    [fish] => 0    [priceType] => normal    [serviceId] => 170) 
2012-09-03T16:05:13+02:00 DEBUG (7): ydadmin-ThinkPad-X220-Tablet serving janamesa.com.br.testing saved model Yourdelivery_Model_Meals with id #36820 new data :: Array(    [categoryId] => 13381    [name] => Mealoption2_vSlNpWRKi4    [description] =>     [restaurantId] => 170    [status] => 1    [mwst] => 18    [attributes] =>     [vegetarian] => 0    [tabaco] => 0    [bio] => 0    [minAmount] => 1    [deleted] => 0    [rank] => 5    [excludeFromMinCost] => 0    [alcohol] => 0    [updated] => 2012-09-03 16:05:13    [hasPicture] => 0    [spicy] => 0    [garlic] => 0    [fish] => 0    [priceType] => normal    [serviceId] => 170) 
2012-09-03T16:05:34+02:00 DEBUG (7): ydadmin-ThinkPad-X220-Tablet serving janamesa.com.br.testing saved model Yourdelivery_Model_Meals with id #36821 new data :: Array(    [categoryId] => 13310    [name] => Meal_with_mealoptions_jrc2kh7ZMy    [description] => com arroz, feijão, fritas e salada    [restaurantId] => 165    [status] => 1    [mwst] => 18    [attributes] =>     [vegetarian] => 0    [tabaco] => 0    [bio] => 0    [minAmount] => 1    [deleted] => 0    [rank] => 4    [excludeFromMinCost] => 0    [alcohol] => 0    [updated] => 2012-09-03 16:05:34    [hasPicture] => 0    [spicy] => 0    [garlic] => 0    [fish] => 0    [priceType] => normal    [serviceId] => 165) 
2012-09-03T16:05:34+02:00 DEBUG (7): ydadmin-ThinkPad-X220-Tablet serving janamesa.com.br.testing saved model Yourdelivery_Model_Meals with id #36822 new data :: Array(    [categoryId] => 13314    [name] => Mealoption1_Y4JDV009Iw    [description] =>     [restaurantId] => 165    [status] => 1    [mwst] => 18    [attributes] =>     [vegetarian] => 0    [tabaco] => 0    [bio] => 0    [minAmount] => 1    [deleted] => 0    [rank] => 8    [excludeFromMinCost] => 0    [alcohol] => 0    [updated] => 2012-09-03 16:05:34    [hasPicture] => 0    [spicy] => 0    [garlic] => 0    [fish] => 0    [priceType] => normal    [serviceId] => 165) 
2012-09-03T16:05:34+02:00 DEBUG (7): ydadmin-ThinkPad-X220-Tablet serving janamesa.com.br.testing saved model Yourdelivery_Model_Meals with id #36823 new data :: Array(    [categoryId] => 13314    [name] => Mealoption2_PLgwiLxEe4    [description] =>     [restaurantId] => 165    [status] => 1    [mwst] => 18    [attributes] =>     [vegetarian] => 0    [tabaco] => 0    [bio] => 0    [minAmount] => 1    [deleted] => 0    [rank] => 6    [excludeFromMinCost] => 0    [alcohol] => 0    [updated] => 2012-09-03 16:05:34    [hasPicture] => 0    [spicy] => 0    [garlic] => 0    [fish] => 0    [priceType] => normal    [serviceId] => 165) 
2012-09-03T16:21:25+02:00 DEBUG (7): ydadmin-ThinkPad-X220-Tablet serving janamesa.com.br.testing updating model Default_Model_Base #32666 with modified data :: Array(    [categoryId] => 14605    [name] => Pastel de Maçã com Canela 20cm    [description] => com creme de maçã e canela    [restaurantId] => 343    [nr] =>     [status] => 1    [mwst] => 18    [attributes] =>     [vegetarian] => 0    [tabaco] => 0    [bio] => 0    [minAmount] => 1    [deleted] => 0    [rank] => 8    [excludeFromMinCost] => 0    [alcohol] => 0    [updated] => 2012-09-03 16:21:25    [hasPicture] => 0    [spicy] => 0    [garlic] => 0    [fish] => 0    [priceType] => options_avg    [serviceId] => 343) 
2012-09-03T16:22:17+02:00 DEBUG (7): ydadmin-ThinkPad-X220-Tablet serving janamesa.com.br.testing updating model Default_Model_Base #24832 with modified data :: Array(    [categoryId] => 13907    [name] => Guioza - 12 unidades    [description] =>     [restaurantId] => 249    [nr] =>     [status] => 1    [mwst] => 18    [attributes] =>     [vegetarian] => 0    [tabaco] => 0    [bio] => 0    [minAmount] => 1    [deleted] => 0    [rank] => 4    [excludeFromMinCost] => 0    [alcohol] => 0    [updated] => 2012-09-03 16:22:17    [hasPicture] => 0    [spicy] => 0    [garlic] => 0    [fish] => 0    [priceType] => options_avg    [serviceId] => 249) 
2012-09-03T17:43:08+02:00 DEBUG (7): ydadmin-ThinkPad-X220-Tablet serving janamesa.com.br.testing SMARTY: rendering template restaurant/menu.htm 
2012-09-03T17:43:14+02:00 DEBUG (7): ydadmin-ThinkPad-X220-Tablet serving janamesa.com.br.testing SMARTY: rendering template administration/services.htm 
2012-09-03T17:43:49+02:00 INFO (6): ydadmin-ThinkPad-X220-Tablet serving janamesa.com.br.testing Logged to the restaurant Pizzaria Adesso (364) #Supporter Jens Naie (345) 
2012-09-03T17:43:49+02:00 DEBUG (7): ydadmin-ThinkPad-X220-Tablet serving janamesa.com.br.testing SMARTY: rendering template restaurant/index.htm 
2012-09-03T17:43:54+02:00 DEBUG (7): ydadmin-ThinkPad-X220-Tablet serving janamesa.com.br.testing SMARTY: rendering template restaurant/menu.htm 
2012-09-03T17:43:57+02:00 DEBUG (7): ydadmin-ThinkPad-X220-Tablet serving janamesa.com.br.testing SMARTY: rendering template request/restaurant/getcategory.htm 
2012-09-03T17:43:58+02:00 DEBUG (7): ydadmin-ThinkPad-X220-Tablet serving janamesa.com.br.testing SMARTY: rendering template request/restaurant/getcategorieslist.htm 
2012-09-03T17:44:27+02:00 INFO (6): ydadmin-ThinkPad-X220-Tablet serving janamesa.com.br.testing Logged to the restaurant Bella & Buona Pizzaria Brooklin (348) #Supporter Jens Naie (345) 
2012-09-03T17:44:27+02:00 DEBUG (7): ydadmin-ThinkPad-X220-Tablet serving janamesa.com.br.testing SMARTY: rendering template restaurant/index.htm 
2012-09-03T17:44:32+02:00 DEBUG (7): ydadmin-ThinkPad-X220-Tablet serving janamesa.com.br.testing SMARTY: rendering template restaurant/menu.htm 
2012-09-03T17:44:35+02:00 DEBUG (7): ydadmin-ThinkPad-X220-Tablet serving janamesa.com.br.testing SMARTY: rendering template request/restaurant/getcategory.htm 
2012-09-03T17:44:37+02:00 DEBUG (7): ydadmin-ThinkPad-X220-Tablet serving janamesa.com.br.testing SMARTY: rendering template request/restaurant/getcategorieslist.htm 
2012-09-03T17:44:42+02:00 DEBUG (7): ydadmin-ThinkPad-X220-Tablet serving janamesa.com.br.testing SMARTY: rendering template request/restaurant/getcategory.htm 
2012-09-03T17:44:43+02:00 DEBUG (7): ydadmin-ThinkPad-X220-Tablet serving janamesa.com.br.testing SMARTY: rendering template request/restaurant/getcategorieslist.htm 
2012-09-03T17:44:48+02:00 DEBUG (7): ydadmin-ThinkPad-X220-Tablet serving janamesa.com.br.testing SMARTY: rendering template request/restaurant/getcategory.htm 
2012-09-03T17:44:48+02:00 DEBUG (7): ydadmin-ThinkPad-X220-Tablet serving janamesa.com.br.testing SMARTY: rendering template request/restaurant/getcategorieslist.htm 
2012-09-03T17:45:04+02:00 INFO (6): ydadmin-ThinkPad-X220-Tablet serving janamesa.com.br.testing Logged to the restaurant Funny Pizzas (351) #Supporter Jens Naie (345) 
2012-09-03T17:45:04+02:00 DEBUG (7): ydadmin-ThinkPad-X220-Tablet serving janamesa.com.br.testing SMARTY: rendering template restaurant/index.htm 
2012-09-03T17:45:09+02:00 DEBUG (7): ydadmin-ThinkPad-X220-Tablet serving janamesa.com.br.testing SMARTY: rendering template restaurant/menu.htm 
2012-09-03T17:45:16+02:00 DEBUG (7): ydadmin-ThinkPad-X220-Tablet serving janamesa.com.br.testing SMARTY: rendering template request/restaurant/getcategory.htm 
2012-09-03T17:45:17+02:00 DEBUG (7): ydadmin-ThinkPad-X220-Tablet serving janamesa.com.br.testing SMARTY: rendering template request/restaurant/getcategorieslist.htm 
2012-09-03T17:45:27+02:00 DEBUG (7): ydadmin-ThinkPad-X220-Tablet serving janamesa.com.br.testing SMARTY: rendering template restaurant/mealoptionrows.htm 
2012-09-03T17:45:38+02:00 DEBUG (7): ydadmin-ThinkPad-X220-Tablet serving janamesa.com.br.testing saved model Yourdelivery_Model_Meal_OptionRow with id #1548 new data :: Array(    [name] => test05    [internalName] =>     [minChoices] => 2    [choices] => 2    [description] =>     [categoryId] => 0    [rank] =>     [restaurantId] => 351) 
2012-09-03T17:45:38+02:00 DEBUG (7): ydadmin-ThinkPad-X220-Tablet serving janamesa.com.br.testing SMARTY: rendering template restaurant/mealoptionrows.htm 
2012-09-03T17:45:43+02:00 DEBUG (7): ydadmin-ThinkPad-X220-Tablet serving janamesa.com.br.testing SMARTY: rendering template restaurant/menu.htm 
2012-09-03T17:45:48+02:00 DEBUG (7): ydadmin-ThinkPad-X220-Tablet serving janamesa.com.br.testing SMARTY: rendering template request/restaurant/getcategory.htm 
2012-09-03T17:45:48+02:00 DEBUG (7): ydadmin-ThinkPad-X220-Tablet serving janamesa.com.br.testing SMARTY: rendering template request/restaurant/getcategorieslist.htm 
2012-09-03T17:45:54+02:00 DEBUG (7): ydadmin-ThinkPad-X220-Tablet serving janamesa.com.br.testing saved model Yourdelivery_Model_Meal_MealoptionsNn with id #62 new data :: Array(    [mealId] => 34276    [optionRowId] => 1548) 
2012-09-03T17:45:54+02:00 INFO (6): ydadmin-ThinkPad-X220-Tablet serving janamesa.com.br.testing Neue Mealoption wurde hinzugefügt #Supporter Jens Naie (345) 
2012-09-03T17:45:59+02:00 DEBUG (7): ydadmin-ThinkPad-X220-Tablet serving janamesa.com.br.testing saved model Yourdelivery_Model_Meal_MealoptionsNn with id #63 new data :: Array(    [mealId] => 34278    [optionRowId] => 1548) 
2012-09-03T17:45:59+02:00 INFO (6): ydadmin-ThinkPad-X220-Tablet serving janamesa.com.br.testing Neue Mealoption wurde hinzugefügt #Supporter Jens Naie (345) 
2012-09-03T17:46:03+02:00 DEBUG (7): ydadmin-ThinkPad-X220-Tablet serving janamesa.com.br.testing saved model Yourdelivery_Model_Meal_MealoptionsNn with id #64 new data :: Array(    [mealId] => 34279    [optionRowId] => 1548) 
2012-09-03T17:46:03+02:00 INFO (6): ydadmin-ThinkPad-X220-Tablet serving janamesa.com.br.testing Neue Mealoption wurde hinzugefügt #Supporter Jens Naie (345) 
2012-09-03T17:46:07+02:00 DEBUG (7): ydadmin-ThinkPad-X220-Tablet serving janamesa.com.br.testing saved model Yourdelivery_Model_Meal_MealoptionsNn with id #65 new data :: Array(    [mealId] => 34281    [optionRowId] => 1548) 
2012-09-03T17:46:07+02:00 INFO (6): ydadmin-ThinkPad-X220-Tablet serving janamesa.com.br.testing Neue Mealoption wurde hinzugefügt #Supporter Jens Naie (345) 
2012-09-03T17:46:16+02:00 DEBUG (7): ydadmin-ThinkPad-X220-Tablet serving janamesa.com.br.testing saved model Yourdelivery_Model_Meals with id #36824 new data :: Array(    [attributes] =>     [name] => test05    [description] =>     [mwst] => 18    [minAmount] => 1    [categoryId] => 14734    [restaurantId] => 351    [rank] => 9) 
2012-09-03T17:46:16+02:00 DEBUG (7): ydadmin-ThinkPad-X220-Tablet serving janamesa.com.br.testing SMARTY: rendering template request/restaurant/addmeal.htm 
2012-09-03T17:46:16+02:00 DEBUG (7): ydadmin-ThinkPad-X220-Tablet serving janamesa.com.br.testing SMARTY: rendering template request/restaurant/getcategorieslist.htm 
2012-09-03T17:46:16+02:00 DEBUG (7): ydadmin-ThinkPad-X220-Tablet serving janamesa.com.br.testing SMARTY: rendering template request/restaurant/getmeal.htm 
2012-09-03T17:46:23+02:00 DEBUG (7): ydadmin-ThinkPad-X220-Tablet serving janamesa.com.br.testing updating model Default_Model_Base #36824 with modified data :: Array(    [categoryId] => 14734    [name] => test05    [description] =>     [restaurantId] => 351    [nr] =>     [status] => 1    [mwst] => 18    [attributes] =>     [vegetarian] => 0    [tabaco] => 0    [bio] => 0    [minAmount] => 1    [deleted] => 0    [rank] => 9    [excludeFromMinCost] => 0    [alcohol] => 0    [updated] => 2012-09-03 17:46:23    [hasPicture] => 0    [spicy] => 0    [garlic] => 0    [fish] => 0    [priceType] => options_avg    [serviceId] => 351) 
2012-09-03T17:46:23+02:00 DEBUG (7): ydadmin-ThinkPad-X220-Tablet serving janamesa.com.br.testing saved model Yourdelivery_Model_Meal_SizesNn with id #51458 new data :: Array(    [mealId] => 36824    [sizeId] => 4108    [cost] => 2000    [pfand] => 0    [nr] => ) 
2012-09-03T17:46:26+02:00 DEBUG (7): ydadmin-ThinkPad-X220-Tablet serving janamesa.com.br.testing SMARTY: rendering template restaurant/menu/optionsformeal.htm 
2012-09-03T17:46:32+02:00 DEBUG (7): ydadmin-ThinkPad-X220-Tablet serving janamesa.com.br.testing saved model Yourdelivery_Model_Meal_OptionsRowsNn with id #3941 new data :: Array(    [restaurantId] => 351    [mealId] => 36824    [optionRowId] => 1548) 
2012-09-03T17:46:32+02:00 DEBUG (7): ydadmin-ThinkPad-X220-Tablet serving janamesa.com.br.testing SMARTY: rendering template restaurant/menu/manageoptionsmeal.htm 
2012-09-03T17:46:56+02:00 DEBUG (7): ydadmin-ThinkPad-X220-Tablet serving janamesa.com.br.testing SMARTY: rendering template request/order/lastorder.htm 
2012-09-03T17:46:56+02:00 DEBUG (7): ydadmin-ThinkPad-X220-Tablet serving janamesa.com.br.testing don't show ratingLink for order #992, because state <= 0 - state = 0 
2012-09-03T17:47:13+02:00 INFO (6): ydadmin-ThinkPad-X220-Tablet serving janamesa.com.br.testing appending fallback verbose information to order via cityId 73486 
2012-09-03T17:47:13+02:00 DEBUG (7): ydadmin-ThinkPad-X220-Tablet serving janamesa.com.br.testing SMARTY: rendering template order/private/finish.htm 
2012-09-03T17:47:17+02:00 DEBUG (7): ydadmin-ThinkPad-X220-Tablet serving janamesa.com.br.testing SMARTY: rendering template request/service/openingtimeday.htm 
2012-09-03T17:49:20+02:00 DEBUG (7): ydadmin-ThinkPad-X220-Tablet serving janamesa.com.br.testing SMARTY: rendering template order/basis/menu.htm 
2012-09-03T17:49:22+02:00 DEBUG (7): ydadmin-ThinkPad-X220-Tablet serving janamesa.com.br.testing SMARTY: caching /home/ydadmin/htdocs/lieferando/application/../public/cache/html/www.yourdelivery.local/servico-de-entrega-funny-pizzas-sao-paulo.html 
2012-09-03T17:49:32+02:00 DEBUG (7): ydadmin-ThinkPad-X220-Tablet serving janamesa.com.br.testing SMARTY: rendering template request/order/callmeal.htm 
2012-09-03T17:49:33+02:00 DEBUG (7): ydadmin-ThinkPad-X220-Tablet serving janamesa.com.br.testing SMARTY: caching /home/ydadmin/htdocs/lieferando/application/../public/cache/html/www.yourdelivery.local/request_order/callmeal/id/36824/size/4108/update/false.html 
2012-09-03T17:50:20+02:00 DEBUG (7): ydadmin-ThinkPad-X220-Tablet serving janamesa.com.br.testing SMARTY: rendering template order/basis/menu.htm 
2012-09-03T17:50:21+02:00 DEBUG (7): ydadmin-ThinkPad-X220-Tablet serving janamesa.com.br.testing SMARTY: caching /home/ydadmin/htdocs/lieferando/application/../public/cache/html/www.yourdelivery.local/servico-de-entrega-funny-pizzas-sao-paulo.html 
2012-09-03T17:50:30+02:00 DEBUG (7): ydadmin-ThinkPad-X220-Tablet serving janamesa.com.br.testing SMARTY: rendering template request/order/callmeal.htm 
2012-09-03T17:50:30+02:00 DEBUG (7): ydadmin-ThinkPad-X220-Tablet serving janamesa.com.br.testing SMARTY: caching /home/ydadmin/htdocs/lieferando/application/../public/cache/html/www.yourdelivery.local/request_order/callmeal/id/36824/size/4108/update/false.html 
2012-09-03T17:50:54+02:00 DEBUG (7): ydadmin-ThinkPad-X220-Tablet serving janamesa.com.br.testing SMARTY: rendering template order/basis/menu.htm 
2012-09-03T17:50:56+02:00 DEBUG (7): ydadmin-ThinkPad-X220-Tablet serving janamesa.com.br.testing SMARTY: caching /home/ydadmin/htdocs/lieferando/application/../public/cache/html/www.yourdelivery.local/servico-de-entrega-funny-pizzas-sao-paulo.html 
2012-09-03T17:51:10+02:00 DEBUG (7): ydadmin-ThinkPad-X220-Tablet serving janamesa.com.br.testing SMARTY: rendering template request/order/callmeal.htm 
2012-09-03T17:51:10+02:00 DEBUG (7): ydadmin-ThinkPad-X220-Tablet serving janamesa.com.br.testing SMARTY: caching /home/ydadmin/htdocs/lieferando/application/../public/cache/html/www.yourdelivery.local/request_order/callmeal/id/36824/size/4108/update/false.html 
2012-09-03T17:53:00+02:00 DEBUG (7): ydadmin-ThinkPad-X220-Tablet serving janamesa.com.br.testing SMARTY: rendering template order/basis/menu.htm 
2012-09-03T17:53:01+02:00 DEBUG (7): ydadmin-ThinkPad-X220-Tablet serving janamesa.com.br.testing SMARTY: caching /home/ydadmin/htdocs/lieferando/application/../public/cache/html/www.yourdelivery.local/servico-de-entrega-funny-pizzas-sao-paulo.html 
2012-09-03T17:53:24+02:00 DEBUG (7): ydadmin-ThinkPad-X220-Tablet serving janamesa.com.br.testing SMARTY: rendering template request/order/callmeal.htm 
2012-09-03T17:53:24+02:00 DEBUG (7): ydadmin-ThinkPad-X220-Tablet serving janamesa.com.br.testing SMARTY: caching /home/ydadmin/htdocs/lieferando/application/../public/cache/html/www.yourdelivery.local/request_order/callmeal/id/36824/size/4108/update/false.html 
