2012-07-22T17:17:18-03:00 DEBUG (7): ydadmin-ThinkPad-X220-Tablet serving lieferando.de.testing SMARTY: did not find template index/index.htm in lieferando.de layout, switching successfully back to default 
2012-07-22T17:17:18-03:00 DEBUG (7): ydadmin-ThinkPad-X220-Tablet serving lieferando.de.testing SMARTY: rendering template index/index.htm 
2012-07-22T17:17:18-03:00 DEBUG (7): ydadmin-ThinkPad-X220-Tablet serving lieferando.de.testing SMARTY: caching /home/ydadmin/htdocs/lieferando/application/../public/cache/html/www.yourdelivery.local/index.html 
2012-07-22T17:17:30-03:00 INFO (6): ydadmin-ThinkPad-X220-Tablet serving lieferando.de.testing found 129 online and 12 offline services in #644 
2012-07-22T17:17:30-03:00 DEBUG (7): ydadmin-ThinkPad-X220-Tablet serving lieferando.de.testing SMARTY: did not find template order/basis/service.htm in lieferando.de layout, switching successfully back to default 
2012-07-22T17:17:30-03:00 DEBUG (7): ydadmin-ThinkPad-X220-Tablet serving lieferando.de.testing SMARTY: rendering template order/basis/service.htm 
2012-07-22T17:18:36-03:00 DEBUG (7): ydadmin-ThinkPad-X220-Tablet serving lieferando.de.testing SMARTY: caching /home/ydadmin/htdocs/lieferando/application/../public/cache/html/www.yourdelivery.local/lieferservice-berlin-10115.html 
2012-07-22T17:21:44-03:00 INFO (6): ydadmin-ThinkPad-X220-Tablet serving lieferando.de.testing getting 5 cityIds for url /lieferservice-berlin-lichtenberg 
2012-07-22T17:21:46-03:00 INFO (6): ydadmin-ThinkPad-X220-Tablet serving lieferando.de.testing found 105 online and 16 offline services in #657,658,659,33960,39294 
2012-07-22T17:21:46-03:00 DEBUG (7): ydadmin-ThinkPad-X220-Tablet serving lieferando.de.testing SMARTY: did not find template order/basis/service.htm in lieferando.de layout, switching successfully back to default 
2012-07-22T17:21:46-03:00 DEBUG (7): ydadmin-ThinkPad-X220-Tablet serving lieferando.de.testing SMARTY: rendering template order/basis/service.htm 
2012-07-22T17:22:52-03:00 DEBUG (7): ydadmin-ThinkPad-X220-Tablet serving lieferando.de.testing SMARTY: caching /home/ydadmin/htdocs/lieferando/application/../public/cache/html/www.yourdelivery.local/lieferservice-berlin-lichtenberg.html 
2012-07-22T17:23:29-03:00 DEBUG (7): ydadmin-ThinkPad-X220-Tablet serving lieferando.de.testing SMARTY: did not find template request/order/serviceinfo.htm in lieferando.de layout, switching successfully back to default 
2012-07-22T17:23:29-03:00 DEBUG (7): ydadmin-ThinkPad-X220-Tablet serving lieferando.de.testing SMARTY: rendering template request/order/serviceinfo.htm 
2012-07-22T17:23:29-03:00 DEBUG (7): ydadmin-ThinkPad-X220-Tablet serving lieferando.de.testing SMARTY: caching /home/ydadmin/htdocs/lieferando/application/../public/cache/html/www.yourdelivery.local/request_order/serviceinfo/id/14844.html 
2012-07-22T17:23:40-03:00 INFO (6): ydadmin-ThinkPad-X220-Tablet serving lieferando.de.testing getting 7 cityIds for url /lieferservice-berlin-friedrichshain 
2012-07-22T17:23:43-03:00 INFO (6): ydadmin-ThinkPad-X220-Tablet serving lieferando.de.testing found 137 online and 19 offline services in #649,650,29952,29953,29954,29955,33962 
2012-07-22T17:23:43-03:00 DEBUG (7): ydadmin-ThinkPad-X220-Tablet serving lieferando.de.testing SMARTY: did not find template order/basis/service.htm in lieferando.de layout, switching successfully back to default 
2012-07-22T17:23:43-03:00 DEBUG (7): ydadmin-ThinkPad-X220-Tablet serving lieferando.de.testing SMARTY: rendering template order/basis/service.htm 
2012-07-22T17:25:02-03:00 DEBUG (7): ydadmin-ThinkPad-X220-Tablet serving lieferando.de.testing SMARTY: caching /home/ydadmin/htdocs/lieferando/application/../public/cache/html/www.yourdelivery.local/lieferservice-berlin-friedrichshain.html 
2012-07-22T17:25:13-03:00 DEBUG (7): ydadmin-ThinkPad-X220-Tablet serving lieferando.de.testing SMARTY: did not find template request/order/serviceinfo.htm in lieferando.de layout, switching successfully back to default 
2012-07-22T17:25:13-03:00 DEBUG (7): ydadmin-ThinkPad-X220-Tablet serving lieferando.de.testing SMARTY: rendering template request/order/serviceinfo.htm 
2012-07-22T17:25:13-03:00 DEBUG (7): ydadmin-ThinkPad-X220-Tablet serving lieferando.de.testing SMARTY: caching /home/ydadmin/htdocs/lieferando/application/../public/cache/html/www.yourdelivery.local/request_order/serviceinfo/id/11900.html 
2012-07-22T17:25:36-03:00 DEBUG (7): ydadmin-ThinkPad-X220-Tablet serving lieferando.de.testing SMARTY: did not find template request/service/preorder.htm in lieferando.de layout, switching successfully back to default 
2012-07-22T17:25:36-03:00 DEBUG (7): ydadmin-ThinkPad-X220-Tablet serving lieferando.de.testing SMARTY: rendering template request/service/preorder.htm 
2012-07-22T17:25:36-03:00 DEBUG (7): ydadmin-ThinkPad-X220-Tablet serving lieferando.de.testing SMARTY: caching /home/ydadmin/htdocs/lieferando/application/../public/cache/html/www.yourdelivery.local/request_service/preorder/type/rest.html 
2012-07-22T17:25:40-03:00 DEBUG (7): ydadmin-ThinkPad-X220-Tablet serving lieferando.de.testing SMARTY: did not find template order/basis/menu.htm in lieferando.de layout, switching successfully back to default 
2012-07-22T17:25:40-03:00 DEBUG (7): ydadmin-ThinkPad-X220-Tablet serving lieferando.de.testing SMARTY: rendering template order/basis/menu.htm 
2012-07-22T17:25:42-03:00 DEBUG (7): ydadmin-ThinkPad-X220-Tablet serving lieferando.de.testing SMARTY: caching /home/ydadmin/htdocs/lieferando/application/../public/cache/html/www.yourdelivery.local/lieferservice-kingyo-berlin.html 
