2012-07-04T15:06:53-03:00 DEBUG (7): ydadmin-ThinkPad-X220-Tablet serving janamesa.com.br.testing Creating bill for service Italia Pizza 
2012-07-04T15:06:55-03:00 ERR (3): ydadmin-ThinkPad-X220-Tablet serving janamesa.com.br.testing Konnte PDF nicht erstellt werden! Texfile korrupt: /home/ydadmin/htdocs/lieferando/application/templates/latex/compile/compile_1341425215_v3O1JUXH.tex #0 log() called at [/home/ydadmin/htdocs/lieferando/library/Yourdelivery/Log.php:68]
#1 __call() called at [/home/ydadmin/htdocs/lieferando/library/Yourdelivery/Pdf/Latex.php:256]
#2 err() called at [/home/ydadmin/htdocs/lieferando/library/Yourdelivery/Pdf/Latex.php:256]
#3 compile() called at [/home/ydadmin/htdocs/lieferando/application/models/Billing/Restaurant.php:1115]
#4 create() called at [/home/ydadmin/htdocs/lieferando/application/models/Billing.php:219]
#5 rebuild() called at [/home/ydadmin/htdocs/lieferando/application/controllers/Administration/BillingController.php:906]
#6 resetbillAction() called at [/home/ydadmin/htdocs/lieferando/library/Zend/Controller/Action.php:513]
#7 dispatch() called at [/home/ydadmin/htdocs/lieferando/library/Zend/Controller/Dispatcher/Standard.php:289]
#8 dispatch() called at [/home/ydadmin/htdocs/lieferando/library/Zend/Controller/Front.php:954]
#9 dispatch() called at [/home/ydadmin/htdocs/lieferando/library/Zend/Application/Bootstrap/Bootstrap.php:97]
#10 run() called at [/home/ydadmin/htdocs/lieferando/library/Zend/Application.php:366]
#11 run() called at [/home/ydadmin/htdocs/lieferando/public/index.php:111]

2012-07-04T15:06:55-03:00 ERR (3): ydadmin-ThinkPad-X220-Tablet serving janamesa.com.br.testing Could not create bill pdf #0 log() called at [/home/ydadmin/htdocs/lieferando/library/Yourdelivery/Log.php:68]
#1 __call() called at [/home/ydadmin/htdocs/lieferando/application/models/Billing/Restaurant.php:1124]
#2 err() called at [/home/ydadmin/htdocs/lieferando/application/models/Billing/Restaurant.php:1124]
#3 create() called at [/home/ydadmin/htdocs/lieferando/application/models/Billing.php:219]
#4 rebuild() called at [/home/ydadmin/htdocs/lieferando/application/controllers/Administration/BillingController.php:906]
#5 resetbillAction() called at [/home/ydadmin/htdocs/lieferando/library/Zend/Controller/Action.php:513]
#6 dispatch() called at [/home/ydadmin/htdocs/lieferando/library/Zend/Controller/Dispatcher/Standard.php:289]
#7 dispatch() called at [/home/ydadmin/htdocs/lieferando/library/Zend/Controller/Front.php:954]
#8 dispatch() called at [/home/ydadmin/htdocs/lieferando/library/Zend/Application/Bootstrap/Bootstrap.php:97]
#9 run() called at [/home/ydadmin/htdocs/lieferando/library/Zend/Application.php:366]
#10 run() called at [/home/ydadmin/htdocs/lieferando/public/index.php:111]

2012-07-04T15:06:55-03:00 CRIT (2): ydadmin-ThinkPad-X220-Tablet serving janamesa.com.br.testing could not reset bill 104, failed to create #0 log() called at [/home/ydadmin/htdocs/lieferando/library/Yourdelivery/Log.php:68]
#1 __call() called at [/home/ydadmin/htdocs/lieferando/application/models/Billing.php:221]
#2 crit() called at [/home/ydadmin/htdocs/lieferando/application/models/Billing.php:221]
#3 rebuild() called at [/home/ydadmin/htdocs/lieferando/application/controllers/Administration/BillingController.php:906]
#4 resetbillAction() called at [/home/ydadmin/htdocs/lieferando/library/Zend/Controller/Action.php:513]
#5 dispatch() called at [/home/ydadmin/htdocs/lieferando/library/Zend/Controller/Dispatcher/Standard.php:289]
#6 dispatch() called at [/home/ydadmin/htdocs/lieferando/library/Zend/Controller/Front.php:954]
#7 dispatch() called at [/home/ydadmin/htdocs/lieferando/library/Zend/Application/Bootstrap/Bootstrap.php:97]
#8 run() called at [/home/ydadmin/htdocs/lieferando/library/Zend/Application.php:366]
#9 run() called at [/home/ydadmin/htdocs/lieferando/public/index.php:111]

2012-07-04T15:06:56-03:00 DEBUG (7): ydadmin-ThinkPad-X220-Tablet serving janamesa.com.br.testing SMARTY: did not find template administration/billing/service.htm in janamesa.com.br layout, switching successfully back to default 
2012-07-04T15:06:56-03:00 DEBUG (7): ydadmin-ThinkPad-X220-Tablet serving janamesa.com.br.testing SMARTY: rendering template administration/billing/service.htm 
2012-07-04T15:08:55-03:00 DEBUG (7): ydadmin-ThinkPad-X220-Tablet serving janamesa.com.br.testing Creating bill for service Italia Pizza 
2012-07-04T15:09:00-03:00 DEBUG (7): ydadmin-ThinkPad-X220-Tablet serving janamesa.com.br.testing SMARTY: did not find template administration/billing/service.htm in janamesa.com.br layout, switching successfully back to default 
2012-07-04T15:09:00-03:00 DEBUG (7): ydadmin-ThinkPad-X220-Tablet serving janamesa.com.br.testing SMARTY: rendering template administration/billing/service.htm 
