2012-08-06T05:24:43-03:00 DEBUG (7): ydadmin-ThinkPad-X220-Tablet serving lieferando.de.testing SMARTY: did not find template administration/login.htm in lieferando.de layout, switching successfully back to default 
2012-08-06T05:24:43-03:00 DEBUG (7): ydadmin-ThinkPad-X220-Tablet serving lieferando.de.testing SMARTY: rendering template administration/login.htm 
2012-08-06T10:53:33-03:00 INFO (6): ydadmin-ThinkPad-X220-Tablet serving lieferando.de.testing found 12 online and 0 offline services in #5765 
2012-08-06T10:53:33-03:00 DEBUG (7): ydadmin-ThinkPad-X220-Tablet serving lieferando.de.testing SMARTY: did not find template order/basis/service.htm in lieferando.de layout, switching successfully back to default 
2012-08-06T10:53:33-03:00 DEBUG (7): ydadmin-ThinkPad-X220-Tablet serving lieferando.de.testing SMARTY: rendering template order/basis/service.htm 
2012-08-06T10:53:33-03:00 DEBUG (7): ydadmin-ThinkPad-X220-Tablet serving lieferando.de.testing SMARTY: did not find template request/order/serviceinfo.htm in lieferando.de layout, switching successfully back to default 
2012-08-06T10:53:33-03:00 DEBUG (7): ydadmin-ThinkPad-X220-Tablet serving lieferando.de.testing SMARTY: rendering template request/order/serviceinfo.htm 
2012-08-06T10:53:33-03:00 DEBUG (7): ydadmin-ThinkPad-X220-Tablet serving lieferando.de.testing SMARTY: caching /home/ydadmin/htdocs/lieferando/application/../public/cache/html/www.yourdelivery.local/request_order/serviceinfo/id/13944.html 
2012-08-06T10:53:40-03:00 DEBUG (7): ydadmin-ThinkPad-X220-Tablet serving lieferando.de.testing SMARTY: caching /home/ydadmin/htdocs/lieferando/application/../public/cache/html/www.yourdelivery.local/lieferservice-freiburg-im-breisgau-79100.html 
2012-08-06T10:59:28-03:00 DEBUG (7): ydadmin-ThinkPad-X220-Tablet serving lieferando.de.testing SMARTY: did not find template request/order/serviceinfo.htm in lieferando.de layout, switching successfully back to default 
2012-08-06T10:59:28-03:00 DEBUG (7): ydadmin-ThinkPad-X220-Tablet serving lieferando.de.testing SMARTY: rendering template request/order/serviceinfo.htm 
2012-08-06T10:59:28-03:00 DEBUG (7): ydadmin-ThinkPad-X220-Tablet serving lieferando.de.testing SMARTY: caching /home/ydadmin/htdocs/lieferando/application/../public/cache/html/www.yourdelivery.local/request_order/serviceinfo/id/14234.html 
2012-08-06T10:59:28-03:00 DEBUG (7): ydadmin-ThinkPad-X220-Tablet serving lieferando.de.testing SMARTY: did not find template request/order/serviceinfo.htm in lieferando.de layout, switching successfully back to default 
2012-08-06T10:59:28-03:00 DEBUG (7): ydadmin-ThinkPad-X220-Tablet serving lieferando.de.testing SMARTY: rendering template request/order/serviceinfo.htm 
2012-08-06T10:59:28-03:00 DEBUG (7): ydadmin-ThinkPad-X220-Tablet serving lieferando.de.testing SMARTY: caching /home/ydadmin/htdocs/lieferando/application/../public/cache/html/www.yourdelivery.local/request_order/serviceinfo/id/14241.html 
2012-08-06T10:59:31-03:00 DEBUG (7): ydadmin-ThinkPad-X220-Tablet serving lieferando.de.testing SMARTY: did not find template order/basis/menu.htm in lieferando.de layout, switching successfully back to default 
2012-08-06T10:59:31-03:00 DEBUG (7): ydadmin-ThinkPad-X220-Tablet serving lieferando.de.testing SMARTY: rendering template order/basis/menu.htm 
2012-08-06T10:59:38-03:00 DEBUG (7): ydadmin-ThinkPad-X220-Tablet serving lieferando.de.testing SMARTY: caching /home/ydadmin/htdocs/lieferando/application/../public/cache/html/www.yourdelivery.local/lieferservice-pizza-lucky-freiburg-im-breisgau.html 
2012-08-06T11:00:18-03:00 DEBUG (7): ydadmin-ThinkPad-X220-Tablet serving lieferando.de.testing SMARTY: did not find template request/order/serviceinfo.htm in lieferando.de layout, switching successfully back to default 
2012-08-06T11:00:18-03:00 DEBUG (7): ydadmin-ThinkPad-X220-Tablet serving lieferando.de.testing SMARTY: rendering template request/order/serviceinfo.htm 
2012-08-06T11:00:18-03:00 DEBUG (7): ydadmin-ThinkPad-X220-Tablet serving lieferando.de.testing SMARTY: caching /home/ydadmin/htdocs/lieferando/application/../public/cache/html/www.yourdelivery.local/request_order/serviceinfo/id/15322.html 
2012-08-06T11:00:20-03:00 INFO (6): ydadmin-ThinkPad-X220-Tablet serving lieferando.de.testing found 12 online and 0 offline services in #5765 
2012-08-06T11:00:20-03:00 DEBUG (7): ydadmin-ThinkPad-X220-Tablet serving lieferando.de.testing SMARTY: did not find template order/basis/service.htm in lieferando.de layout, switching successfully back to default 
2012-08-06T11:00:20-03:00 DEBUG (7): ydadmin-ThinkPad-X220-Tablet serving lieferando.de.testing SMARTY: rendering template order/basis/service.htm 
2012-08-06T11:00:26-03:00 DEBUG (7): ydadmin-ThinkPad-X220-Tablet serving lieferando.de.testing SMARTY: caching /home/ydadmin/htdocs/lieferando/application/../public/cache/html/www.yourdelivery.local/lieferservice-freiburg-im-breisgau-79100.html 
2012-08-06T11:01:17-03:00 INFO (6): ydadmin-ThinkPad-X220-Tablet serving lieferando.de.testing found 12 online and 0 offline services in #5765 
2012-08-06T11:01:17-03:00 DEBUG (7): ydadmin-ThinkPad-X220-Tablet serving lieferando.de.testing SMARTY: did not find template order/basis/service.htm in lieferando.de layout, switching successfully back to default 
2012-08-06T11:01:17-03:00 DEBUG (7): ydadmin-ThinkPad-X220-Tablet serving lieferando.de.testing SMARTY: rendering template order/basis/service.htm 
2012-08-06T11:01:23-03:00 DEBUG (7): ydadmin-ThinkPad-X220-Tablet serving lieferando.de.testing SMARTY: caching /home/ydadmin/htdocs/lieferando/application/../public/cache/html/www.yourdelivery.local/lieferservice-freiburg-im-breisgau-79100.html 
2012-08-06T11:01:44-03:00 DEBUG (7): ydadmin-ThinkPad-X220-Tablet serving lieferando.de.testing SMARTY: did not find template request/order/serviceinfo.htm in lieferando.de layout, switching successfully back to default 
2012-08-06T11:01:44-03:00 DEBUG (7): ydadmin-ThinkPad-X220-Tablet serving lieferando.de.testing SMARTY: rendering template request/order/serviceinfo.htm 
2012-08-06T11:01:44-03:00 DEBUG (7): ydadmin-ThinkPad-X220-Tablet serving lieferando.de.testing SMARTY: caching /home/ydadmin/htdocs/lieferando/application/../public/cache/html/www.yourdelivery.local/request_order/serviceinfo/id/14234.html 
2012-08-06T11:01:46-03:00 DEBUG (7): ydadmin-ThinkPad-X220-Tablet serving lieferando.de.testing SMARTY: did not find template request/order/serviceinfo.htm in lieferando.de layout, switching successfully back to default 
2012-08-06T11:01:46-03:00 DEBUG (7): ydadmin-ThinkPad-X220-Tablet serving lieferando.de.testing SMARTY: rendering template request/order/serviceinfo.htm 
2012-08-06T11:01:46-03:00 DEBUG (7): ydadmin-ThinkPad-X220-Tablet serving lieferando.de.testing SMARTY: caching /home/ydadmin/htdocs/lieferando/application/../public/cache/html/www.yourdelivery.local/request_order/serviceinfo/id/14237.html 
2012-08-06T11:01:53-03:00 DEBUG (7): ydadmin-ThinkPad-X220-Tablet serving lieferando.de.testing SMARTY: did not find template request/order/serviceinfo.htm in lieferando.de layout, switching successfully back to default 
2012-08-06T11:01:53-03:00 DEBUG (7): ydadmin-ThinkPad-X220-Tablet serving lieferando.de.testing SMARTY: rendering template request/order/serviceinfo.htm 
2012-08-06T11:01:53-03:00 DEBUG (7): ydadmin-ThinkPad-X220-Tablet serving lieferando.de.testing SMARTY: caching /home/ydadmin/htdocs/lieferando/application/../public/cache/html/www.yourdelivery.local/request_order/serviceinfo/id/14241.html 
2012-08-06T11:02:36-03:00 INFO (6): ydadmin-ThinkPad-X220-Tablet serving lieferando.de.testing found 12 online and 0 offline services in #5765 
2012-08-06T11:02:36-03:00 DEBUG (7): ydadmin-ThinkPad-X220-Tablet serving lieferando.de.testing SMARTY: did not find template order/basis/service.htm in lieferando.de layout, switching successfully back to default 
2012-08-06T11:02:36-03:00 DEBUG (7): ydadmin-ThinkPad-X220-Tablet serving lieferando.de.testing SMARTY: rendering template order/basis/service.htm 
2012-08-06T11:02:42-03:00 DEBUG (7): ydadmin-ThinkPad-X220-Tablet serving lieferando.de.testing SMARTY: caching /home/ydadmin/htdocs/lieferando/application/../public/cache/html/www.yourdelivery.local/lieferservice-freiburg-im-breisgau-79100.html 
2012-08-06T11:03:26-03:00 INFO (6): ydadmin-ThinkPad-X220-Tablet serving lieferando.de.testing found 12 online and 0 offline services in #5765 
2012-08-06T11:03:26-03:00 DEBUG (7): ydadmin-ThinkPad-X220-Tablet serving lieferando.de.testing SMARTY: did not find template order/basis/service.htm in lieferando.de layout, switching successfully back to default 
2012-08-06T11:03:26-03:00 DEBUG (7): ydadmin-ThinkPad-X220-Tablet serving lieferando.de.testing SMARTY: rendering template order/basis/service.htm 
2012-08-06T11:03:32-03:00 DEBUG (7): ydadmin-ThinkPad-X220-Tablet serving lieferando.de.testing SMARTY: caching /home/ydadmin/htdocs/lieferando/application/../public/cache/html/www.yourdelivery.local/lieferservice-freiburg-im-breisgau-79100.html 
2012-08-06T11:03:50-03:00 DEBUG (7): ydadmin-ThinkPad-X220-Tablet serving lieferando.de.testing SMARTY: did not find template request/order/serviceinfo.htm in lieferando.de layout, switching successfully back to default 
2012-08-06T11:03:50-03:00 DEBUG (7): ydadmin-ThinkPad-X220-Tablet serving lieferando.de.testing SMARTY: rendering template request/order/serviceinfo.htm 
2012-08-06T11:03:50-03:00 DEBUG (7): ydadmin-ThinkPad-X220-Tablet serving lieferando.de.testing SMARTY: caching /home/ydadmin/htdocs/lieferando/application/../public/cache/html/www.yourdelivery.local/request_order/serviceinfo/id/14241.html 
2012-08-06T11:03:54-03:00 INFO (6): ydadmin-ThinkPad-X220-Tablet serving lieferando.de.testing found 12 online and 0 offline services in #5765 
2012-08-06T11:03:54-03:00 DEBUG (7): ydadmin-ThinkPad-X220-Tablet serving lieferando.de.testing SMARTY: did not find template order/basis/service.htm in lieferando.de layout, switching successfully back to default 
2012-08-06T11:03:54-03:00 DEBUG (7): ydadmin-ThinkPad-X220-Tablet serving lieferando.de.testing SMARTY: rendering template order/basis/service.htm 
2012-08-06T11:04:00-03:00 DEBUG (7): ydadmin-ThinkPad-X220-Tablet serving lieferando.de.testing SMARTY: caching /home/ydadmin/htdocs/lieferando/application/../public/cache/html/www.yourdelivery.local/lieferservice-freiburg-im-breisgau-79100.html 
2012-08-06T11:15:37-03:00 INFO (6): ydadmin-ThinkPad-X220-Tablet serving lieferando.de.testing found 12 online and 0 offline services in #5765 
2012-08-06T11:15:37-03:00 DEBUG (7): ydadmin-ThinkPad-X220-Tablet serving lieferando.de.testing SMARTY: did not find template order/basis/service.htm in lieferando.de layout, switching successfully back to default 
2012-08-06T11:15:37-03:00 DEBUG (7): ydadmin-ThinkPad-X220-Tablet serving lieferando.de.testing SMARTY: rendering template order/basis/service.htm 
2012-08-06T11:15:43-03:00 DEBUG (7): ydadmin-ThinkPad-X220-Tablet serving lieferando.de.testing SMARTY: caching /home/ydadmin/htdocs/lieferando/application/../public/cache/html/www.yourdelivery.local/lieferservice-freiburg-im-breisgau-79100.html 
2012-08-06T11:18:38-03:00 INFO (6): ydadmin-ThinkPad-X220-Tablet serving lieferando.de.testing found 12 online and 0 offline services in #5765 
2012-08-06T11:18:38-03:00 DEBUG (7): ydadmin-ThinkPad-X220-Tablet serving lieferando.de.testing SMARTY: did not find template order/basis/service.htm in lieferando.de layout, switching successfully back to default 
2012-08-06T11:18:38-03:00 DEBUG (7): ydadmin-ThinkPad-X220-Tablet serving lieferando.de.testing SMARTY: rendering template order/basis/service.htm 
2012-08-06T11:18:44-03:00 DEBUG (7): ydadmin-ThinkPad-X220-Tablet serving lieferando.de.testing SMARTY: caching /home/ydadmin/htdocs/lieferando/application/../public/cache/html/www.yourdelivery.local/lieferservice-freiburg-im-breisgau-79100.html 
2012-08-06T11:19:14-03:00 DEBUG (7): ydadmin-ThinkPad-X220-Tablet serving lieferando.de.testing SMARTY: did not find template request/order/serviceinfo.htm in lieferando.de layout, switching successfully back to default 
2012-08-06T11:19:14-03:00 DEBUG (7): ydadmin-ThinkPad-X220-Tablet serving lieferando.de.testing SMARTY: rendering template request/order/serviceinfo.htm 
2012-08-06T11:19:14-03:00 DEBUG (7): ydadmin-ThinkPad-X220-Tablet serving lieferando.de.testing SMARTY: caching /home/ydadmin/htdocs/lieferando/application/../public/cache/html/www.yourdelivery.local/request_order/serviceinfo/id/15322.html 
2012-08-06T11:22:00-03:00 INFO (6): ydadmin-ThinkPad-X220-Tablet serving lieferando.de.testing found 12 online and 0 offline services in #5765 
2012-08-06T11:22:00-03:00 DEBUG (7): ydadmin-ThinkPad-X220-Tablet serving lieferando.de.testing SMARTY: did not find template order/basis/service.htm in lieferando.de layout, switching successfully back to default 
2012-08-06T11:22:00-03:00 DEBUG (7): ydadmin-ThinkPad-X220-Tablet serving lieferando.de.testing SMARTY: rendering template order/basis/service.htm 
2012-08-06T11:22:07-03:00 DEBUG (7): ydadmin-ThinkPad-X220-Tablet serving lieferando.de.testing SMARTY: caching /home/ydadmin/htdocs/lieferando/application/../public/cache/html/www.yourdelivery.local/lieferservice-freiburg-im-breisgau-79100.html 
2012-08-06T11:24:31-03:00 INFO (6): ydadmin-ThinkPad-X220-Tablet serving lieferando.de.testing customer #258466 Jens Naie already a facebook user - facebookId 690363597 
2012-08-06T11:24:31-03:00 DEBUG (7): ydadmin-ThinkPad-X220-Tablet serving lieferando.de.testing updating model Default_Model_Base #258466 with modified data :: Array(    [title] => Herr/Frau    [name] => Naie    [prename] => Jens    [email] => jonz@kybernaut.de    [password] => 9a8626a84a351341b0c09a37e5bf71fa    [lang] => de    [sex] => m    [tel] => 242356346    [privmail] =>     [autologin] => 0    [start] => 1    [lastlogin] => 2012-08-06 11:24:31    [countLogin] => 6    [deleted] => 0    [permanentDiscountId] =>     [ktoName] =>     [ktoNr] =>     [ktoBlz] =>     [updated] => 2012-08-06 11:24:31    [birthday] => 1971-09-03    [source] =>     [addition] =>     [facebookId] => 690363597    [facebookPost] => 1    [profileImage] => 1343730408.jpg    [nickname] =>     [whitelist] => 0    [anrede] => Herr) 
2012-08-06T11:24:32-03:00 DEBUG (7): ydadmin-ThinkPad-X220-Tablet serving lieferando.de.testing PIWIK: tracking customer variable customerId at value 258466 
2012-08-06T11:24:32-03:00 INFO (6): ydadmin-ThinkPad-X220-Tablet serving lieferando.de.testing User  successfully logged in 
2012-08-06T11:24:32-03:00 DEBUG (7): ydadmin-ThinkPad-X220-Tablet serving lieferando.de.testing PIWIK: tracking customer variable customerId at value 258466 
2012-08-06T13:58:32-03:00 DEBUG (7): ydadmin-ThinkPad-X220-Tablet serving lieferando.de.testing SMARTY: did not find template request/order/serviceinfo.htm in lieferando.de layout, switching successfully back to default 
2012-08-06T13:58:32-03:00 DEBUG (7): ydadmin-ThinkPad-X220-Tablet serving lieferando.de.testing SMARTY: rendering template request/order/serviceinfo.htm 
2012-08-06T13:58:32-03:00 DEBUG (7): ydadmin-ThinkPad-X220-Tablet serving lieferando.de.testing SMARTY: caching /home/ydadmin/htdocs/lieferando/application/../public/cache/html/www.yourdelivery.local/request_order/serviceinfo/id/13944.html 
2012-08-06T13:58:44-03:00 DEBUG (7): ydadmin-ThinkPad-X220-Tablet serving lieferando.de.testing SMARTY: did not find template request/order/serviceinfo.htm in lieferando.de layout, switching successfully back to default 
2012-08-06T13:58:44-03:00 DEBUG (7): ydadmin-ThinkPad-X220-Tablet serving lieferando.de.testing SMARTY: rendering template request/order/serviceinfo.htm 
2012-08-06T13:58:44-03:00 DEBUG (7): ydadmin-ThinkPad-X220-Tablet serving lieferando.de.testing SMARTY: caching /home/ydadmin/htdocs/lieferando/application/../public/cache/html/www.yourdelivery.local/request_order/serviceinfo/id/14241.html 
2012-08-06T14:21:55-03:00 DEBUG (7): ydadmin-ThinkPad-X220-Tablet serving lieferando.de.testing SMARTY: did not find template index/index.htm in lieferando.de layout, switching successfully back to default 
2012-08-06T14:21:55-03:00 DEBUG (7): ydadmin-ThinkPad-X220-Tablet serving lieferando.de.testing SMARTY: rendering template index/index.htm 
2012-08-06T14:22:00-03:00 DEBUG (7): ydadmin-ThinkPad-X220-Tablet serving lieferando.de.testing SMARTY: did not find template index/index.htm in lieferando.de layout, switching successfully back to default 
2012-08-06T14:22:00-03:00 DEBUG (7): ydadmin-ThinkPad-X220-Tablet serving lieferando.de.testing SMARTY: rendering template index/index.htm 
2012-08-06T14:22:36-03:00 DEBUG (7): ydadmin-ThinkPad-X220-Tablet serving lieferando.de.testing SMARTY: did not find template index/index.htm in lieferando.de layout, switching successfully back to default 
2012-08-06T14:22:36-03:00 DEBUG (7): ydadmin-ThinkPad-X220-Tablet serving lieferando.de.testing SMARTY: rendering template index/index.htm 
2012-08-06T14:22:37-03:00 DEBUG (7): ydadmin-ThinkPad-X220-Tablet serving lieferando.de.testing SMARTY: caching /home/ydadmin/htdocs/lieferando/application/../public/cache/html/www.yourdelivery.local/index.html 
2012-08-06T14:22:45-03:00 DEBUG (7): ydadmin-ThinkPad-X220-Tablet serving lieferando.de.testing SMARTY: did not find template user/index.htm in lieferando.de layout, switching successfully back to default 
2012-08-06T14:22:45-03:00 DEBUG (7): ydadmin-ThinkPad-X220-Tablet serving lieferando.de.testing SMARTY: rendering template user/index.htm 
2012-08-06T14:22:46-03:00 DEBUG (7): ydadmin-ThinkPad-X220-Tablet serving lieferando.de.testing search UNRATED ORDERS (limit 5 - start 0) for customer #258466 jonz@kybernaut.de - unratedOrderCount: 2 
2012-08-06T14:22:46-03:00 DEBUG (7): ydadmin-ThinkPad-X220-Tablet serving lieferando.de.testing found 5 points for action rate_high 
2012-08-06T14:22:46-03:00 DEBUG (7): ydadmin-ThinkPad-X220-Tablet serving lieferando.de.testing found 8 points for action accountimage 
2012-08-06T14:22:46-03:00 DEBUG (7): ydadmin-ThinkPad-X220-Tablet serving lieferando.de.testing FIDELITY - OPEN ACTIONS: could not store for id:  open0fidelity43a28b6df0a5a8bb018e642edbcc5e24 
2012-08-06T14:22:50-03:00 DEBUG (7): ydadmin-ThinkPad-X220-Tablet serving lieferando.de.testing SMARTY: did not find template user/socialnetworks.htm in lieferando.de layout, switching successfully back to default 
2012-08-06T14:22:50-03:00 DEBUG (7): ydadmin-ThinkPad-X220-Tablet serving lieferando.de.testing SMARTY: rendering template user/socialnetworks.htm 
2012-08-06T14:23:04-03:00 DEBUG (7): ydadmin-ThinkPad-X220-Tablet serving lieferando.de.testing CUSTOMER FIDELITY - could not clear cache for transactionsfidelity43a28b6df0a5a8bb018e642edbcc5e24 
2012-08-06T14:23:04-03:00 DEBUG (7): ydadmin-ThinkPad-X220-Tablet serving lieferando.de.testing CUSTOMER FIDELITY - could not clear cache for open1fidelity43a28b6df0a5a8bb018e642edbcc5e24 
2012-08-06T14:23:04-03:00 DEBUG (7): ydadmin-ThinkPad-X220-Tablet serving lieferando.de.testing CUSTOMER FIDELITY - could not clear cache for open0fidelity43a28b6df0a5a8bb018e642edbcc5e24 
2012-08-06T14:23:04-03:00 DEBUG (7): ydadmin-ThinkPad-X220-Tablet serving lieferando.de.testing CUSTOMER - could not clear cache for limit 1 id: rated_5_0customer258466 
2012-08-06T14:23:04-03:00 DEBUG (7): ydadmin-ThinkPad-X220-Tablet serving lieferando.de.testing CUSTOMER - could not clear cache for limit 1 id: rated_10_0customer258466 
2012-08-06T14:23:04-03:00 DEBUG (7): ydadmin-ThinkPad-X220-Tablet serving lieferando.de.testing CUSTOMER - could not clear cache for limit 1 id: rated_25_0customer258466 
2012-08-06T14:23:04-03:00 DEBUG (7): ydadmin-ThinkPad-X220-Tablet serving lieferando.de.testing CUSTOMER - could not clear cache for limit 1 id: rated_50_0customer258466 
2012-08-06T14:23:04-03:00 DEBUG (7): ydadmin-ThinkPad-X220-Tablet serving lieferando.de.testing CUSTOMER - could not clear cache for limit 1 id: rated_100_0customer258466 
2012-08-06T14:23:04-03:00 DEBUG (7): ydadmin-ThinkPad-X220-Tablet serving lieferando.de.testing CUSTOMER - could not clear cache for limit 1 id: unrated_5_0customer258466 
2012-08-06T14:23:04-03:00 DEBUG (7): ydadmin-ThinkPad-X220-Tablet serving lieferando.de.testing CUSTOMER - could not clear cache for limit 1 id: unrated_10_0customer258466 
2012-08-06T14:23:04-03:00 DEBUG (7): ydadmin-ThinkPad-X220-Tablet serving lieferando.de.testing CUSTOMER - could not clear cache for limit 1 id: unrated_25_0customer258466 
2012-08-06T14:23:04-03:00 DEBUG (7): ydadmin-ThinkPad-X220-Tablet serving lieferando.de.testing CUSTOMER - could not clear cache for limit 1 id: unrated_50_0customer258466 
2012-08-06T14:23:04-03:00 DEBUG (7): ydadmin-ThinkPad-X220-Tablet serving lieferando.de.testing CUSTOMER - could not clear cache for limit 1 id: unrated_100_0customer258466 
2012-08-06T14:23:04-03:00 DEBUG (7): ydadmin-ThinkPad-X220-Tablet serving lieferando.de.testing CUSTOMER FIDELITY - could not clear cache for transactionsfidelity43a28b6df0a5a8bb018e642edbcc5e24 
2012-08-06T14:23:04-03:00 DEBUG (7): ydadmin-ThinkPad-X220-Tablet serving lieferando.de.testing CUSTOMER FIDELITY - could not clear cache for open1fidelity43a28b6df0a5a8bb018e642edbcc5e24 
2012-08-06T14:23:04-03:00 DEBUG (7): ydadmin-ThinkPad-X220-Tablet serving lieferando.de.testing CUSTOMER FIDELITY - could not clear cache for open0fidelity43a28b6df0a5a8bb018e642edbcc5e24 
2012-08-06T14:23:04-03:00 DEBUG (7): ydadmin-ThinkPad-X220-Tablet serving lieferando.de.testing PIWIK: tracking customer variable customerId at value 0 
2012-08-06T14:23:04-03:00 DEBUG (7): ydadmin-ThinkPad-X220-Tablet serving lieferando.de.testing PIWIK: tracking customer variable customerId at value  
2012-08-06T14:25:22-03:00 DEBUG (7): ydadmin-ThinkPad-X220-Tablet serving lieferando.de.testing SMARTY: did not find template index/index.htm in lieferando.de layout, switching successfully back to default 
2012-08-06T14:25:22-03:00 DEBUG (7): ydadmin-ThinkPad-X220-Tablet serving lieferando.de.testing SMARTY: rendering template index/index.htm 
2012-08-06T14:25:22-03:00 DEBUG (7): ydadmin-ThinkPad-X220-Tablet serving lieferando.de.testing SMARTY: caching /home/ydadmin/htdocs/lieferando/application/../public/cache/html/www.yourdelivery.local/index.html 
2012-08-06T14:26:27-03:00 DEBUG (7): ydadmin-ThinkPad-X220-Tablet serving lieferando.de.testing SMARTY: did not find template index/index.htm in lieferando.de layout, switching successfully back to default 
2012-08-06T14:26:27-03:00 DEBUG (7): ydadmin-ThinkPad-X220-Tablet serving lieferando.de.testing SMARTY: rendering template index/index.htm 
2012-08-06T14:26:27-03:00 DEBUG (7): ydadmin-ThinkPad-X220-Tablet serving lieferando.de.testing SMARTY: caching /home/ydadmin/htdocs/lieferando/application/../public/cache/html/www.yourdelivery.local/index.html 
2012-08-06T14:27:42-03:00 DEBUG (7): ydadmin-ThinkPad-X220-Tablet serving lieferando.de.testing SMARTY: did not find template index/index.htm in lieferando.de layout, switching successfully back to default 
2012-08-06T14:27:42-03:00 DEBUG (7): ydadmin-ThinkPad-X220-Tablet serving lieferando.de.testing SMARTY: rendering template index/index.htm 
2012-08-06T14:27:42-03:00 DEBUG (7): ydadmin-ThinkPad-X220-Tablet serving lieferando.de.testing SMARTY: caching /home/ydadmin/htdocs/lieferando/application/../public/cache/html/www.yourdelivery.local/index.html 
2012-08-06T14:30:16-03:00 DEBUG (7): ydadmin-ThinkPad-X220-Tablet serving lieferando.de.testing SMARTY: did not find template index/index.htm in lieferando.de layout, switching successfully back to default 
2012-08-06T14:30:16-03:00 DEBUG (7): ydadmin-ThinkPad-X220-Tablet serving lieferando.de.testing SMARTY: rendering template index/index.htm 
2012-08-06T14:31:54-03:00 DEBUG (7): ydadmin-ThinkPad-X220-Tablet serving lieferando.de.testing SMARTY: did not find template index/index.htm in lieferando.de layout, switching successfully back to default 
2012-08-06T14:31:54-03:00 DEBUG (7): ydadmin-ThinkPad-X220-Tablet serving lieferando.de.testing SMARTY: rendering template index/index.htm 
2012-08-06T14:32:41-03:00 DEBUG (7): ydadmin-ThinkPad-X220-Tablet serving lieferando.de.testing SMARTY: did not find template index/index.htm in lieferando.de layout, switching successfully back to default 
2012-08-06T14:32:41-03:00 DEBUG (7): ydadmin-ThinkPad-X220-Tablet serving lieferando.de.testing SMARTY: rendering template index/index.htm 
2012-08-06T14:35:16-03:00 DEBUG (7): ydadmin-ThinkPad-X220-Tablet serving lieferando.de.testing SMARTY: did not find template index/index.htm in lieferando.de layout, switching successfully back to default 
2012-08-06T14:35:16-03:00 DEBUG (7): ydadmin-ThinkPad-X220-Tablet serving lieferando.de.testing SMARTY: rendering template index/index.htm 
2012-08-06T14:35:17-03:00 DEBUG (7): ydadmin-ThinkPad-X220-Tablet serving lieferando.de.testing SMARTY: caching /home/ydadmin/htdocs/lieferando/application/../public/cache/html/www.yourdelivery.local/index.html 
2012-08-06T14:46:18-03:00 DEBUG (7): ydadmin-ThinkPad-X220-Tablet serving lieferando.de.testing SMARTY: did not find template index/index.htm in lieferando.de layout, switching successfully back to default 
2012-08-06T14:46:18-03:00 DEBUG (7): ydadmin-ThinkPad-X220-Tablet serving lieferando.de.testing SMARTY: rendering template index/index.htm 
2012-08-06T14:46:18-03:00 DEBUG (7): ydadmin-ThinkPad-X220-Tablet serving lieferando.de.testing SMARTY: caching /home/ydadmin/htdocs/lieferando/application/../public/cache/html/www.yourdelivery.local/index.html 
2012-08-06T14:48:10-03:00 DEBUG (7): ydadmin-ThinkPad-X220-Tablet serving lieferando.de.testing SMARTY: did not find template index/index.htm in lieferando.de layout, switching successfully back to default 
2012-08-06T14:48:10-03:00 DEBUG (7): ydadmin-ThinkPad-X220-Tablet serving lieferando.de.testing SMARTY: rendering template index/index.htm 
2012-08-06T14:48:11-03:00 DEBUG (7): ydadmin-ThinkPad-X220-Tablet serving lieferando.de.testing SMARTY: caching /home/ydadmin/htdocs/lieferando/application/../public/cache/html/www.yourdelivery.local/index.html 
2012-08-06T14:50:46-03:00 DEBUG (7): ydadmin-ThinkPad-X220-Tablet serving lieferando.de.testing SMARTY: did not find template index/index.htm in lieferando.de layout, switching successfully back to default 
2012-08-06T14:50:46-03:00 DEBUG (7): ydadmin-ThinkPad-X220-Tablet serving lieferando.de.testing SMARTY: rendering template index/index.htm 
2012-08-06T14:50:47-03:00 DEBUG (7): ydadmin-ThinkPad-X220-Tablet serving lieferando.de.testing SMARTY: caching /home/ydadmin/htdocs/lieferando/application/../public/cache/html/www.yourdelivery.local/index.html 
2012-08-06T14:52:37-03:00 DEBUG (7): ydadmin-ThinkPad-X220-Tablet serving lieferando.de.testing SMARTY: did not find template index/index.htm in lieferando.de layout, switching successfully back to default 
2012-08-06T14:52:37-03:00 DEBUG (7): ydadmin-ThinkPad-X220-Tablet serving lieferando.de.testing SMARTY: rendering template index/index.htm 
2012-08-06T14:52:38-03:00 DEBUG (7): ydadmin-ThinkPad-X220-Tablet serving lieferando.de.testing SMARTY: caching /home/ydadmin/htdocs/lieferando/application/../public/cache/html/www.yourdelivery.local/index.html 
2012-08-06T14:53:53-03:00 DEBUG (7): ydadmin-ThinkPad-X220-Tablet serving lieferando.de.testing SMARTY: did not find template index/index.htm in lieferando.de layout, switching successfully back to default 
2012-08-06T14:53:53-03:00 DEBUG (7): ydadmin-ThinkPad-X220-Tablet serving lieferando.de.testing SMARTY: rendering template index/index.htm 
2012-08-06T14:53:53-03:00 DEBUG (7): ydadmin-ThinkPad-X220-Tablet serving lieferando.de.testing SMARTY: caching /home/ydadmin/htdocs/lieferando/application/../public/cache/html/www.yourdelivery.local/index.html 
2012-08-06T14:53:58-03:00 INFO (6): ydadmin-ThinkPad-X220-Tablet serving lieferando.de.testing found 12 online and 0 offline services in #5765 
2012-08-06T14:53:58-03:00 DEBUG (7): ydadmin-ThinkPad-X220-Tablet serving lieferando.de.testing SMARTY: did not find template order/basis/service.htm in lieferando.de layout, switching successfully back to default 
2012-08-06T14:53:58-03:00 DEBUG (7): ydadmin-ThinkPad-X220-Tablet serving lieferando.de.testing SMARTY: rendering template order/basis/service.htm 
2012-08-06T14:54:04-03:00 DEBUG (7): ydadmin-ThinkPad-X220-Tablet serving lieferando.de.testing SMARTY: caching /home/ydadmin/htdocs/lieferando/application/../public/cache/html/www.yourdelivery.local/lieferservice-freiburg-im-breisgau-79100.html 
2012-08-06T14:55:15-03:00 INFO (6): ydadmin-ThinkPad-X220-Tablet serving lieferando.de.testing found 12 online and 0 offline services in #5765 
2012-08-06T14:55:15-03:00 DEBUG (7): ydadmin-ThinkPad-X220-Tablet serving lieferando.de.testing SMARTY: did not find template order/basis/service.htm in lieferando.de layout, switching successfully back to default 
2012-08-06T14:55:15-03:00 DEBUG (7): ydadmin-ThinkPad-X220-Tablet serving lieferando.de.testing SMARTY: rendering template order/basis/service.htm 
2012-08-06T14:55:15-03:00 DEBUG (7): ydadmin-ThinkPad-X220-Tablet serving lieferando.de.testing SMARTY: did not find template request/order/serviceinfo.htm in lieferando.de layout, switching successfully back to default 
2012-08-06T14:55:15-03:00 DEBUG (7): ydadmin-ThinkPad-X220-Tablet serving lieferando.de.testing SMARTY: rendering template request/order/serviceinfo.htm 
2012-08-06T14:55:15-03:00 DEBUG (7): ydadmin-ThinkPad-X220-Tablet serving lieferando.de.testing SMARTY: caching /home/ydadmin/htdocs/lieferando/application/../public/cache/html/www.yourdelivery.local/request_order/serviceinfo/id/13944.html 
2012-08-06T14:55:21-03:00 DEBUG (7): ydadmin-ThinkPad-X220-Tablet serving lieferando.de.testing SMARTY: caching /home/ydadmin/htdocs/lieferando/application/../public/cache/html/www.yourdelivery.local/lieferservice-freiburg-im-breisgau-79100.html 
2012-08-06T14:55:38-03:00 DEBUG (7): ydadmin-ThinkPad-X220-Tablet serving lieferando.de.testing SMARTY: did not find template request/order/serviceinfo.htm in lieferando.de layout, switching successfully back to default 
2012-08-06T14:55:38-03:00 DEBUG (7): ydadmin-ThinkPad-X220-Tablet serving lieferando.de.testing SMARTY: rendering template request/order/serviceinfo.htm 
2012-08-06T14:55:38-03:00 DEBUG (7): ydadmin-ThinkPad-X220-Tablet serving lieferando.de.testing SMARTY: caching /home/ydadmin/htdocs/lieferando/application/../public/cache/html/www.yourdelivery.local/request_order/serviceinfo/id/14241.html 
2012-08-06T14:57:34-03:00 INFO (6): ydadmin-ThinkPad-X220-Tablet serving lieferando.de.testing found 12 online and 0 offline services in #5765 
2012-08-06T14:57:34-03:00 DEBUG (7): ydadmin-ThinkPad-X220-Tablet serving lieferando.de.testing SMARTY: did not find template order/basis/service.htm in lieferando.de layout, switching successfully back to default 
2012-08-06T14:57:34-03:00 DEBUG (7): ydadmin-ThinkPad-X220-Tablet serving lieferando.de.testing SMARTY: rendering template order/basis/service.htm 
2012-08-06T14:57:40-03:00 DEBUG (7): ydadmin-ThinkPad-X220-Tablet serving lieferando.de.testing SMARTY: caching /home/ydadmin/htdocs/lieferando/application/../public/cache/html/www.yourdelivery.local/lieferservice-freiburg-im-breisgau-79100.html 
2012-08-06T14:58:00-03:00 DEBUG (7): ydadmin-ThinkPad-X220-Tablet serving lieferando.de.testing SMARTY: did not find template request/order/serviceinfo.htm in lieferando.de layout, switching successfully back to default 
2012-08-06T14:58:00-03:00 DEBUG (7): ydadmin-ThinkPad-X220-Tablet serving lieferando.de.testing SMARTY: rendering template request/order/serviceinfo.htm 
2012-08-06T14:58:00-03:00 DEBUG (7): ydadmin-ThinkPad-X220-Tablet serving lieferando.de.testing SMARTY: caching /home/ydadmin/htdocs/lieferando/application/../public/cache/html/www.yourdelivery.local/request_order/serviceinfo/id/14241.html 
2012-08-06T14:58:03-03:00 INFO (6): ydadmin-ThinkPad-X220-Tablet serving lieferando.de.testing found 12 online and 0 offline services in #5765 
2012-08-06T14:58:03-03:00 DEBUG (7): ydadmin-ThinkPad-X220-Tablet serving lieferando.de.testing SMARTY: did not find template order/basis/service.htm in lieferando.de layout, switching successfully back to default 
2012-08-06T14:58:03-03:00 DEBUG (7): ydadmin-ThinkPad-X220-Tablet serving lieferando.de.testing SMARTY: rendering template order/basis/service.htm 
2012-08-06T14:58:04-03:00 DEBUG (7): ydadmin-ThinkPad-X220-Tablet serving lieferando.de.testing SMARTY: did not find template request/order/serviceinfo.htm in lieferando.de layout, switching successfully back to default 
2012-08-06T14:58:04-03:00 DEBUG (7): ydadmin-ThinkPad-X220-Tablet serving lieferando.de.testing SMARTY: rendering template request/order/serviceinfo.htm 
2012-08-06T14:58:04-03:00 DEBUG (7): ydadmin-ThinkPad-X220-Tablet serving lieferando.de.testing SMARTY: caching /home/ydadmin/htdocs/lieferando/application/../public/cache/html/www.yourdelivery.local/request_order/serviceinfo/id/13944.html 
2012-08-06T14:58:10-03:00 DEBUG (7): ydadmin-ThinkPad-X220-Tablet serving lieferando.de.testing SMARTY: caching /home/ydadmin/htdocs/lieferando/application/../public/cache/html/www.yourdelivery.local/lieferservice-freiburg-im-breisgau-79100.html 
2012-08-06T15:00:10-03:00 INFO (6): ydadmin-ThinkPad-X220-Tablet serving lieferando.de.testing found 12 online and 0 offline services in #5765 
2012-08-06T15:00:10-03:00 DEBUG (7): ydadmin-ThinkPad-X220-Tablet serving lieferando.de.testing SMARTY: did not find template order/basis/service.htm in lieferando.de layout, switching successfully back to default 
2012-08-06T15:00:10-03:00 DEBUG (7): ydadmin-ThinkPad-X220-Tablet serving lieferando.de.testing SMARTY: rendering template order/basis/service.htm 
2012-08-06T15:00:16-03:00 DEBUG (7): ydadmin-ThinkPad-X220-Tablet serving lieferando.de.testing SMARTY: caching /home/ydadmin/htdocs/lieferando/application/../public/cache/html/www.yourdelivery.local/lieferservice-freiburg-im-breisgau-79100.html 
2012-08-06T15:00:52-03:00 DEBUG (7): ydadmin-ThinkPad-X220-Tablet serving lieferando.de.testing SMARTY: did not find template request/order/serviceinfo.htm in lieferando.de layout, switching successfully back to default 
2012-08-06T15:00:52-03:00 DEBUG (7): ydadmin-ThinkPad-X220-Tablet serving lieferando.de.testing SMARTY: rendering template request/order/serviceinfo.htm 
2012-08-06T15:00:52-03:00 DEBUG (7): ydadmin-ThinkPad-X220-Tablet serving lieferando.de.testing SMARTY: caching /home/ydadmin/htdocs/lieferando/application/../public/cache/html/www.yourdelivery.local/request_order/serviceinfo/id/14241.html 
2012-08-06T15:00:55-03:00 INFO (6): ydadmin-ThinkPad-X220-Tablet serving lieferando.de.testing found 12 online and 0 offline services in #5765 
2012-08-06T15:00:55-03:00 DEBUG (7): ydadmin-ThinkPad-X220-Tablet serving lieferando.de.testing SMARTY: did not find template order/basis/service.htm in lieferando.de layout, switching successfully back to default 
2012-08-06T15:00:55-03:00 DEBUG (7): ydadmin-ThinkPad-X220-Tablet serving lieferando.de.testing SMARTY: rendering template order/basis/service.htm 
2012-08-06T15:01:02-03:00 DEBUG (7): ydadmin-ThinkPad-X220-Tablet serving lieferando.de.testing SMARTY: caching /home/ydadmin/htdocs/lieferando/application/../public/cache/html/www.yourdelivery.local/lieferservice-freiburg-im-breisgau-79100.html 
2012-08-06T15:03:55-03:00 DEBUG (7): ydadmin-ThinkPad-X220-Tablet serving lieferando.de.testing SMARTY: did not find template request/order/serviceinfo.htm in lieferando.de layout, switching successfully back to default 
2012-08-06T15:03:55-03:00 DEBUG (7): ydadmin-ThinkPad-X220-Tablet serving lieferando.de.testing SMARTY: rendering template request/order/serviceinfo.htm 
2012-08-06T15:03:56-03:00 DEBUG (7): ydadmin-ThinkPad-X220-Tablet serving lieferando.de.testing SMARTY: caching /home/ydadmin/htdocs/lieferando/application/../public/cache/html/www.yourdelivery.local/request_order/serviceinfo/id/13944.html 
2012-08-06T15:03:59-03:00 INFO (6): ydadmin-ThinkPad-X220-Tablet serving lieferando.de.testing found 12 online and 0 offline services in #5765 
2012-08-06T15:03:59-03:00 DEBUG (7): ydadmin-ThinkPad-X220-Tablet serving lieferando.de.testing SMARTY: did not find template order/basis/service.htm in lieferando.de layout, switching successfully back to default 
2012-08-06T15:03:59-03:00 DEBUG (7): ydadmin-ThinkPad-X220-Tablet serving lieferando.de.testing SMARTY: rendering template order/basis/service.htm 
2012-08-06T15:04:05-03:00 DEBUG (7): ydadmin-ThinkPad-X220-Tablet serving lieferando.de.testing SMARTY: caching /home/ydadmin/htdocs/lieferando/application/../public/cache/html/www.yourdelivery.local/lieferservice-freiburg-im-breisgau-79100.html 
2012-08-06T15:04:10-03:00 DEBUG (7): ydadmin-ThinkPad-X220-Tablet serving lieferando.de.testing SMARTY: did not find template request/order/serviceinfo.htm in lieferando.de layout, switching successfully back to default 
2012-08-06T15:04:10-03:00 DEBUG (7): ydadmin-ThinkPad-X220-Tablet serving lieferando.de.testing SMARTY: rendering template request/order/serviceinfo.htm 
2012-08-06T15:04:10-03:00 DEBUG (7): ydadmin-ThinkPad-X220-Tablet serving lieferando.de.testing SMARTY: caching /home/ydadmin/htdocs/lieferando/application/../public/cache/html/www.yourdelivery.local/request_order/serviceinfo/id/13944.html 
2012-08-06T15:06:20-03:00 DEBUG (7): ydadmin-ThinkPad-X220-Tablet serving lieferando.de.testing SMARTY: did not find template request/order/serviceinfo.htm in lieferando.de layout, switching successfully back to default 
2012-08-06T15:06:20-03:00 DEBUG (7): ydadmin-ThinkPad-X220-Tablet serving lieferando.de.testing SMARTY: rendering template request/order/serviceinfo.htm 
2012-08-06T15:06:20-03:00 DEBUG (7): ydadmin-ThinkPad-X220-Tablet serving lieferando.de.testing SMARTY: caching /home/ydadmin/htdocs/lieferando/application/../public/cache/html/www.yourdelivery.local/request_order/serviceinfo/id/14241.html 
2012-08-06T15:09:17-03:00 INFO (6): ydadmin-ThinkPad-X220-Tablet serving lieferando.de.testing found 12 online and 0 offline services in #5765 
2012-08-06T15:09:17-03:00 DEBUG (7): ydadmin-ThinkPad-X220-Tablet serving lieferando.de.testing SMARTY: did not find template order/basis/service.htm in lieferando.de layout, switching successfully back to default 
2012-08-06T15:09:17-03:00 DEBUG (7): ydadmin-ThinkPad-X220-Tablet serving lieferando.de.testing SMARTY: rendering template order/basis/service.htm 
2012-08-06T15:09:23-03:00 DEBUG (7): ydadmin-ThinkPad-X220-Tablet serving lieferando.de.testing SMARTY: caching /home/ydadmin/htdocs/lieferando/application/../public/cache/html/www.yourdelivery.local/lieferservice-freiburg-im-breisgau-79100.html 
2012-08-06T15:10:40-03:00 DEBUG (7): ydadmin-ThinkPad-X220-Tablet serving lieferando.de.testing SMARTY: did not find template request/order/serviceinfo.htm in lieferando.de layout, switching successfully back to default 
2012-08-06T15:10:40-03:00 DEBUG (7): ydadmin-ThinkPad-X220-Tablet serving lieferando.de.testing SMARTY: rendering template request/order/serviceinfo.htm 
2012-08-06T15:10:40-03:00 DEBUG (7): ydadmin-ThinkPad-X220-Tablet serving lieferando.de.testing SMARTY: caching /home/ydadmin/htdocs/lieferando/application/../public/cache/html/www.yourdelivery.local/request_order/serviceinfo/id/13944.html 
2012-08-06T15:10:54-03:00 INFO (6): ydadmin-ThinkPad-X220-Tablet serving lieferando.de.testing found 12 online and 0 offline services in #5765 
2012-08-06T15:10:54-03:00 DEBUG (7): ydadmin-ThinkPad-X220-Tablet serving lieferando.de.testing SMARTY: did not find template order/basis/service.htm in lieferando.de layout, switching successfully back to default 
2012-08-06T15:10:54-03:00 DEBUG (7): ydadmin-ThinkPad-X220-Tablet serving lieferando.de.testing SMARTY: rendering template order/basis/service.htm 
2012-08-06T15:11:01-03:00 DEBUG (7): ydadmin-ThinkPad-X220-Tablet serving lieferando.de.testing SMARTY: caching /home/ydadmin/htdocs/lieferando/application/../public/cache/html/www.yourdelivery.local/lieferservice-freiburg-im-breisgau-79100.html 
2012-08-06T15:11:11-03:00 INFO (6): ydadmin-ThinkPad-X220-Tablet serving lieferando.de.testing customer #258466 Jens Naie already a facebook user - facebookId 690363597 
2012-08-06T15:11:11-03:00 DEBUG (7): ydadmin-ThinkPad-X220-Tablet serving lieferando.de.testing updating model Default_Model_Base #258466 with modified data :: Array(    [title] => Herr/Frau    [name] => Naie    [prename] => Jens    [email] => jonz@kybernaut.de    [password] => 9a8626a84a351341b0c09a37e5bf71fa    [lang] => de    [sex] => m    [tel] => 242356346    [privmail] =>     [autologin] => 0    [start] => 1    [lastlogin] => 2012-08-06 15:11:11    [countLogin] => 7    [deleted] => 0    [permanentDiscountId] =>     [ktoName] =>     [ktoNr] =>     [ktoBlz] =>     [updated] => 2012-08-06 15:11:11    [birthday] => 1971-09-03    [source] =>     [addition] =>     [facebookId] => 690363597    [facebookPost] => 1    [profileImage] => 1343730408.jpg    [nickname] =>     [whitelist] => 0    [anrede] => Herr) 
2012-08-06T15:11:12-03:00 DEBUG (7): ydadmin-ThinkPad-X220-Tablet serving lieferando.de.testing PIWIK: tracking customer variable customerId at value 258466 
2012-08-06T15:11:12-03:00 INFO (6): ydadmin-ThinkPad-X220-Tablet serving lieferando.de.testing User  successfully logged in 
2012-08-06T15:11:12-03:00 DEBUG (7): ydadmin-ThinkPad-X220-Tablet serving lieferando.de.testing PIWIK: tracking customer variable customerId at value 258466 
2012-08-06T15:11:20-03:00 DEBUG (7): ydadmin-ThinkPad-X220-Tablet serving lieferando.de.testing SMARTY: did not find template user/index.htm in lieferando.de layout, switching successfully back to default 
2012-08-06T15:11:20-03:00 DEBUG (7): ydadmin-ThinkPad-X220-Tablet serving lieferando.de.testing SMARTY: rendering template user/index.htm 
2012-08-06T15:11:20-03:00 DEBUG (7): ydadmin-ThinkPad-X220-Tablet serving lieferando.de.testing search UNRATED ORDERS (limit 5 - start 0) for customer #258466 jonz@kybernaut.de - unratedOrderCount: 2 
2012-08-06T15:11:20-03:00 DEBUG (7): ydadmin-ThinkPad-X220-Tablet serving lieferando.de.testing found 5 points for action rate_high 
2012-08-06T15:11:20-03:00 DEBUG (7): ydadmin-ThinkPad-X220-Tablet serving lieferando.de.testing found 8 points for action accountimage 
2012-08-06T15:11:20-03:00 DEBUG (7): ydadmin-ThinkPad-X220-Tablet serving lieferando.de.testing FIDELITY - OPEN ACTIONS: could not store for id:  open0fidelity43a28b6df0a5a8bb018e642edbcc5e24 
2012-08-06T15:11:24-03:00 DEBUG (7): ydadmin-ThinkPad-X220-Tablet serving lieferando.de.testing CUSTOMER FIDELITY - could not clear cache for transactionsfidelity43a28b6df0a5a8bb018e642edbcc5e24 
2012-08-06T15:11:24-03:00 DEBUG (7): ydadmin-ThinkPad-X220-Tablet serving lieferando.de.testing CUSTOMER FIDELITY - could not clear cache for open1fidelity43a28b6df0a5a8bb018e642edbcc5e24 
2012-08-06T15:11:24-03:00 DEBUG (7): ydadmin-ThinkPad-X220-Tablet serving lieferando.de.testing CUSTOMER FIDELITY - could not clear cache for open0fidelity43a28b6df0a5a8bb018e642edbcc5e24 
2012-08-06T15:11:24-03:00 DEBUG (7): ydadmin-ThinkPad-X220-Tablet serving lieferando.de.testing CUSTOMER - could not clear cache for limit 1 id: rated_5_0customer258466 
2012-08-06T15:11:24-03:00 DEBUG (7): ydadmin-ThinkPad-X220-Tablet serving lieferando.de.testing CUSTOMER - could not clear cache for limit 1 id: rated_10_0customer258466 
2012-08-06T15:11:24-03:00 DEBUG (7): ydadmin-ThinkPad-X220-Tablet serving lieferando.de.testing CUSTOMER - could not clear cache for limit 1 id: rated_25_0customer258466 
2012-08-06T15:11:24-03:00 DEBUG (7): ydadmin-ThinkPad-X220-Tablet serving lieferando.de.testing CUSTOMER - could not clear cache for limit 1 id: rated_50_0customer258466 
2012-08-06T15:11:24-03:00 DEBUG (7): ydadmin-ThinkPad-X220-Tablet serving lieferando.de.testing CUSTOMER - could not clear cache for limit 1 id: rated_100_0customer258466 
2012-08-06T15:11:24-03:00 DEBUG (7): ydadmin-ThinkPad-X220-Tablet serving lieferando.de.testing CUSTOMER - could not clear cache for limit 1 id: unrated_5_0customer258466 
2012-08-06T15:11:24-03:00 DEBUG (7): ydadmin-ThinkPad-X220-Tablet serving lieferando.de.testing CUSTOMER - could not clear cache for limit 1 id: unrated_10_0customer258466 
2012-08-06T15:11:24-03:00 DEBUG (7): ydadmin-ThinkPad-X220-Tablet serving lieferando.de.testing CUSTOMER - could not clear cache for limit 1 id: unrated_25_0customer258466 
2012-08-06T15:11:24-03:00 DEBUG (7): ydadmin-ThinkPad-X220-Tablet serving lieferando.de.testing CUSTOMER - could not clear cache for limit 1 id: unrated_50_0customer258466 
2012-08-06T15:11:24-03:00 DEBUG (7): ydadmin-ThinkPad-X220-Tablet serving lieferando.de.testing CUSTOMER - could not clear cache for limit 1 id: unrated_100_0customer258466 
2012-08-06T15:11:24-03:00 DEBUG (7): ydadmin-ThinkPad-X220-Tablet serving lieferando.de.testing CUSTOMER FIDELITY - could not clear cache for transactionsfidelity43a28b6df0a5a8bb018e642edbcc5e24 
2012-08-06T15:11:24-03:00 DEBUG (7): ydadmin-ThinkPad-X220-Tablet serving lieferando.de.testing CUSTOMER FIDELITY - could not clear cache for open1fidelity43a28b6df0a5a8bb018e642edbcc5e24 
2012-08-06T15:11:24-03:00 DEBUG (7): ydadmin-ThinkPad-X220-Tablet serving lieferando.de.testing CUSTOMER FIDELITY - could not clear cache for open0fidelity43a28b6df0a5a8bb018e642edbcc5e24 
2012-08-06T15:11:25-03:00 DEBUG (7): ydadmin-ThinkPad-X220-Tablet serving lieferando.de.testing PIWIK: tracking customer variable customerId at value 0 
2012-08-06T15:11:25-03:00 DEBUG (7): ydadmin-ThinkPad-X220-Tablet serving lieferando.de.testing PIWIK: tracking customer variable customerId at value  
2012-08-06T15:11:26-03:00 DEBUG (7): ydadmin-ThinkPad-X220-Tablet serving lieferando.de.testing SMARTY: did not find template index/index.htm in lieferando.de layout, switching successfully back to default 
2012-08-06T15:11:26-03:00 DEBUG (7): ydadmin-ThinkPad-X220-Tablet serving lieferando.de.testing SMARTY: rendering template index/index.htm 
2012-08-06T15:11:26-03:00 DEBUG (7): ydadmin-ThinkPad-X220-Tablet serving lieferando.de.testing SMARTY: caching /home/ydadmin/htdocs/lieferando/application/../public/cache/html/www.yourdelivery.local/index.html 
2012-08-06T15:11:34-03:00 DEBUG (7): ydadmin-ThinkPad-X220-Tablet serving lieferando.de.testing no post 
2012-08-06T15:11:35-03:00 DEBUG (7): ydadmin-ThinkPad-X220-Tablet serving lieferando.de.testing PIWIK: tracking goal registerpage with revenue 0 
2012-08-06T15:11:35-03:00 DEBUG (7): ydadmin-ThinkPad-X220-Tablet serving lieferando.de.testing SMARTY: did not find template user/register.htm in lieferando.de layout, switching successfully back to default 
2012-08-06T15:11:35-03:00 DEBUG (7): ydadmin-ThinkPad-X220-Tablet serving lieferando.de.testing SMARTY: rendering template user/register.htm 
2012-08-06T15:21:11-03:00 DEBUG (7): ydadmin-ThinkPad-X220-Tablet serving lieferando.de.testing no post 
2012-08-06T15:21:11-03:00 DEBUG (7): ydadmin-ThinkPad-X220-Tablet serving lieferando.de.testing PIWIK: tracking goal registerpage with revenue 0 
2012-08-06T15:21:11-03:00 DEBUG (7): ydadmin-ThinkPad-X220-Tablet serving lieferando.de.testing SMARTY: did not find template user/register.htm in lieferando.de layout, switching successfully back to default 
2012-08-06T15:21:11-03:00 DEBUG (7): ydadmin-ThinkPad-X220-Tablet serving lieferando.de.testing SMARTY: rendering template user/register.htm 
2012-08-06T15:21:20-03:00 DEBUG (7): ydadmin-ThinkPad-X220-Tablet serving lieferando.de.testing no post 
2012-08-06T15:21:20-03:00 DEBUG (7): ydadmin-ThinkPad-X220-Tablet serving lieferando.de.testing PIWIK: tracking goal registerpage with revenue 0 
2012-08-06T15:21:20-03:00 DEBUG (7): ydadmin-ThinkPad-X220-Tablet serving lieferando.de.testing SMARTY: did not find template user/register.htm in lieferando.de layout, switching successfully back to default 
2012-08-06T15:21:20-03:00 DEBUG (7): ydadmin-ThinkPad-X220-Tablet serving lieferando.de.testing SMARTY: rendering template user/register.htm 
2012-08-06T15:21:33-03:00 DEBUG (7): ydadmin-ThinkPad-X220-Tablet serving lieferando.de.testing no post 
2012-08-06T15:21:33-03:00 DEBUG (7): ydadmin-ThinkPad-X220-Tablet serving lieferando.de.testing PIWIK: tracking goal registerpage with revenue 0 
2012-08-06T15:21:33-03:00 DEBUG (7): ydadmin-ThinkPad-X220-Tablet serving lieferando.de.testing SMARTY: did not find template user/register.htm in lieferando.de layout, switching successfully back to default 
2012-08-06T15:21:33-03:00 DEBUG (7): ydadmin-ThinkPad-X220-Tablet serving lieferando.de.testing SMARTY: rendering template user/register.htm 
2012-08-06T15:24:22-03:00 DEBUG (7): ydadmin-ThinkPad-X220-Tablet serving lieferando.de.testing no post 
2012-08-06T15:24:22-03:00 DEBUG (7): ydadmin-ThinkPad-X220-Tablet serving lieferando.de.testing PIWIK: tracking goal registerpage with revenue 0 
2012-08-06T15:24:22-03:00 DEBUG (7): ydadmin-ThinkPad-X220-Tablet serving lieferando.de.testing SMARTY: did not find template user/register.htm in lieferando.de layout, switching successfully back to default 
2012-08-06T15:24:22-03:00 DEBUG (7): ydadmin-ThinkPad-X220-Tablet serving lieferando.de.testing SMARTY: rendering template user/register.htm 
2012-08-06T15:24:27-03:00 DEBUG (7): ydadmin-ThinkPad-X220-Tablet serving lieferando.de.testing no post 
2012-08-06T15:24:27-03:00 DEBUG (7): ydadmin-ThinkPad-X220-Tablet serving lieferando.de.testing PIWIK: tracking goal registerpage with revenue 0 
2012-08-06T15:24:27-03:00 DEBUG (7): ydadmin-ThinkPad-X220-Tablet serving lieferando.de.testing SMARTY: did not find template user/register.htm in lieferando.de layout, switching successfully back to default 
2012-08-06T15:24:27-03:00 DEBUG (7): ydadmin-ThinkPad-X220-Tablet serving lieferando.de.testing SMARTY: rendering template user/register.htm 
2012-08-06T15:24:33-03:00 INFO (6): ydadmin-ThinkPad-X220-Tablet serving lieferando.de.testing customer #258466 Jens Naie already a facebook user - facebookId 690363597 
2012-08-06T15:24:33-03:00 DEBUG (7): ydadmin-ThinkPad-X220-Tablet serving lieferando.de.testing updating model Default_Model_Base #258466 with modified data :: Array(    [title] => Herr/Frau    [name] => Naie    [prename] => Jens    [email] => jonz@kybernaut.de    [password] => 9a8626a84a351341b0c09a37e5bf71fa    [lang] => de    [sex] => m    [tel] => 242356346    [privmail] =>     [autologin] => 0    [start] => 1    [lastlogin] => 2012-08-06 15:24:33    [countLogin] => 8    [deleted] => 0    [permanentDiscountId] =>     [ktoName] =>     [ktoNr] =>     [ktoBlz] =>     [updated] => 2012-08-06 15:24:33    [birthday] => 1971-09-03    [source] =>     [addition] =>     [facebookId] => 690363597    [facebookPost] => 1    [profileImage] => 1343730408.jpg    [nickname] =>     [whitelist] => 0    [anrede] => Herr) 
2012-08-06T15:24:33-03:00 DEBUG (7): ydadmin-ThinkPad-X220-Tablet serving lieferando.de.testing PIWIK: tracking customer variable customerId at value 258466 
2012-08-06T15:24:33-03:00 INFO (6): ydadmin-ThinkPad-X220-Tablet serving lieferando.de.testing User  successfully logged in 
2012-08-06T15:24:33-03:00 DEBUG (7): ydadmin-ThinkPad-X220-Tablet serving lieferando.de.testing PIWIK: tracking customer variable customerId at value 258466 
2012-08-06T15:24:33-03:00 DEBUG (7): ydadmin-ThinkPad-X220-Tablet serving lieferando.de.testing customer is already logged in 
2012-08-06T15:24:33-03:00 DEBUG (7): ydadmin-ThinkPad-X220-Tablet serving lieferando.de.testing SMARTY: did not find template user/settings.htm in lieferando.de layout, switching successfully back to default 
2012-08-06T15:24:33-03:00 DEBUG (7): ydadmin-ThinkPad-X220-Tablet serving lieferando.de.testing SMARTY: rendering template user/settings.htm 
2012-08-06T15:24:36-03:00 DEBUG (7): ydadmin-ThinkPad-X220-Tablet serving lieferando.de.testing SMARTY: did not find template order/private/start.htm in lieferando.de layout, switching successfully back to default 
2012-08-06T15:24:36-03:00 DEBUG (7): ydadmin-ThinkPad-X220-Tablet serving lieferando.de.testing SMARTY: rendering template order/private/start.htm 
2012-08-06T15:24:37-03:00 DEBUG (7): ydadmin-ThinkPad-X220-Tablet serving lieferando.de.testing search UNRATED ORDERS (limit 5 - start 0) for customer #258466 jonz@kybernaut.de - unratedOrderCount: 2 
2012-08-06T15:24:37-03:00 DEBUG (7): ydadmin-ThinkPad-X220-Tablet serving lieferando.de.testing found 5 points for action rate_high 
2012-08-06T15:24:37-03:00 DEBUG (7): ydadmin-ThinkPad-X220-Tablet serving lieferando.de.testing found 8 points for action accountimage 
2012-08-06T15:24:37-03:00 DEBUG (7): ydadmin-ThinkPad-X220-Tablet serving lieferando.de.testing FIDELITY - OPEN ACTIONS: could not store for id:  open0fidelity43a28b6df0a5a8bb018e642edbcc5e24 
2012-08-06T15:24:37-03:00 DEBUG (7): ydadmin-ThinkPad-X220-Tablet serving lieferando.de.testing FIDELITY - OPEN ACTIONS: variable was already set - don't recalculating 
2012-08-06T15:24:37-03:00 DEBUG (7): ydadmin-ThinkPad-X220-Tablet serving lieferando.de.testing show ratingLink for order #1299578 
2012-08-06T15:24:45-03:00 DEBUG (7): ydadmin-ThinkPad-X220-Tablet serving lieferando.de.testing SMARTY: did not find template index/index.htm in lieferando.de layout, switching successfully back to default 
2012-08-06T15:24:45-03:00 DEBUG (7): ydadmin-ThinkPad-X220-Tablet serving lieferando.de.testing SMARTY: rendering template index/index.htm 
2012-08-06T15:24:46-03:00 DEBUG (7): ydadmin-ThinkPad-X220-Tablet serving lieferando.de.testing SMARTY: caching /home/ydadmin/htdocs/lieferando/application/../public/cache/html/www.yourdelivery.local/index.html 
2012-08-06T15:24:53-03:00 INFO (6): ydadmin-ThinkPad-X220-Tablet serving lieferando.de.testing found 12 online and 0 offline services in #5765 
2012-08-06T15:24:53-03:00 DEBUG (7): ydadmin-ThinkPad-X220-Tablet serving lieferando.de.testing SMARTY: did not find template order/basis/service.htm in lieferando.de layout, switching successfully back to default 
2012-08-06T15:24:53-03:00 DEBUG (7): ydadmin-ThinkPad-X220-Tablet serving lieferando.de.testing SMARTY: rendering template order/basis/service.htm 
2012-08-06T15:24:59-03:00 DEBUG (7): ydadmin-ThinkPad-X220-Tablet serving lieferando.de.testing SMARTY: caching /home/ydadmin/htdocs/lieferando/application/../public/cache/html/www.yourdelivery.local/lieferservice-freiburg-im-breisgau-79100.html 
2012-08-06T15:25:34-03:00 DEBUG (7): ydadmin-ThinkPad-X220-Tablet serving lieferando.de.testing SMARTY: did not find template request/order/serviceinfo.htm in lieferando.de layout, switching successfully back to default 
2012-08-06T15:25:34-03:00 DEBUG (7): ydadmin-ThinkPad-X220-Tablet serving lieferando.de.testing SMARTY: rendering template request/order/serviceinfo.htm 
2012-08-06T15:25:34-03:00 DEBUG (7): ydadmin-ThinkPad-X220-Tablet serving lieferando.de.testing SMARTY: caching /home/ydadmin/htdocs/lieferando/application/../public/cache/html/www.yourdelivery.local/request_order/serviceinfo/id/14241.html 
2012-08-06T15:26:19-03:00 DEBUG (7): ydadmin-ThinkPad-X220-Tablet serving lieferando.de.testing SMARTY: did not find template request/order/serviceinfo.htm in lieferando.de layout, switching successfully back to default 
2012-08-06T15:26:19-03:00 DEBUG (7): ydadmin-ThinkPad-X220-Tablet serving lieferando.de.testing SMARTY: rendering template request/order/serviceinfo.htm 
2012-08-06T15:26:19-03:00 DEBUG (7): ydadmin-ThinkPad-X220-Tablet serving lieferando.de.testing SMARTY: caching /home/ydadmin/htdocs/lieferando/application/../public/cache/html/www.yourdelivery.local/request_order/serviceinfo/id/14234.html 
2012-08-06T15:28:06-03:00 INFO (6): ydadmin-ThinkPad-X220-Tablet serving lieferando.de.testing found 12 online and 0 offline services in #5765 
2012-08-06T15:28:06-03:00 DEBUG (7): ydadmin-ThinkPad-X220-Tablet serving lieferando.de.testing SMARTY: did not find template order/basis/service.htm in lieferando.de layout, switching successfully back to default 
2012-08-06T15:28:06-03:00 DEBUG (7): ydadmin-ThinkPad-X220-Tablet serving lieferando.de.testing SMARTY: rendering template order/basis/service.htm 
2012-08-06T15:28:12-03:00 DEBUG (7): ydadmin-ThinkPad-X220-Tablet serving lieferando.de.testing SMARTY: caching /home/ydadmin/htdocs/lieferando/application/../public/cache/html/www.yourdelivery.local/lieferservice-freiburg-im-breisgau-79100.html 
2012-08-06T15:28:25-03:00 DEBUG (7): ydadmin-ThinkPad-X220-Tablet serving lieferando.de.testing SMARTY: did not find template request/order/serviceinfo.htm in lieferando.de layout, switching successfully back to default 
2012-08-06T15:28:25-03:00 DEBUG (7): ydadmin-ThinkPad-X220-Tablet serving lieferando.de.testing SMARTY: rendering template request/order/serviceinfo.htm 
2012-08-06T15:28:25-03:00 DEBUG (7): ydadmin-ThinkPad-X220-Tablet serving lieferando.de.testing SMARTY: caching /home/ydadmin/htdocs/lieferando/application/../public/cache/html/www.yourdelivery.local/request_order/serviceinfo/id/14234.html 
2012-08-06T15:31:59-03:00 DEBUG (7): ydadmin-ThinkPad-X220-Tablet serving lieferando.de.testing SMARTY: did not find template request/order/serviceinfo.htm in lieferando.de layout, switching successfully back to default 
2012-08-06T15:31:59-03:00 DEBUG (7): ydadmin-ThinkPad-X220-Tablet serving lieferando.de.testing SMARTY: rendering template request/order/serviceinfo.htm 
2012-08-06T15:31:59-03:00 DEBUG (7): ydadmin-ThinkPad-X220-Tablet serving lieferando.de.testing SMARTY: caching /home/ydadmin/htdocs/lieferando/application/../public/cache/html/www.yourdelivery.local/request_order/serviceinfo/id/14237.html 
2012-08-06T15:33:30-03:00 INFO (6): ydadmin-ThinkPad-X220-Tablet serving lieferando.de.testing found 12 online and 0 offline services in #5765 
2012-08-06T15:33:30-03:00 DEBUG (7): ydadmin-ThinkPad-X220-Tablet serving lieferando.de.testing SMARTY: did not find template order/basis/service.htm in lieferando.de layout, switching successfully back to default 
2012-08-06T15:33:30-03:00 DEBUG (7): ydadmin-ThinkPad-X220-Tablet serving lieferando.de.testing SMARTY: rendering template order/basis/service.htm 
2012-08-06T15:33:31-03:00 DEBUG (7): ydadmin-ThinkPad-X220-Tablet serving lieferando.de.testing SMARTY: did not find template request/order/serviceinfo.htm in lieferando.de layout, switching successfully back to default 
2012-08-06T15:33:31-03:00 DEBUG (7): ydadmin-ThinkPad-X220-Tablet serving lieferando.de.testing SMARTY: rendering template request/order/serviceinfo.htm 
2012-08-06T15:33:31-03:00 DEBUG (7): ydadmin-ThinkPad-X220-Tablet serving lieferando.de.testing SMARTY: caching /home/ydadmin/htdocs/lieferando/application/../public/cache/html/www.yourdelivery.local/request_order/serviceinfo/id/13944.html 
2012-08-06T15:33:37-03:00 DEBUG (7): ydadmin-ThinkPad-X220-Tablet serving lieferando.de.testing SMARTY: caching /home/ydadmin/htdocs/lieferando/application/../public/cache/html/www.yourdelivery.local/lieferservice-freiburg-im-breisgau-79100.html 
2012-08-06T15:36:41-03:00 INFO (6): ydadmin-ThinkPad-X220-Tablet serving lieferando.de.testing found 12 online and 0 offline services in #5765 
2012-08-06T15:36:41-03:00 DEBUG (7): ydadmin-ThinkPad-X220-Tablet serving lieferando.de.testing SMARTY: did not find template order/basis/service.htm in lieferando.de layout, switching successfully back to default 
2012-08-06T15:36:41-03:00 DEBUG (7): ydadmin-ThinkPad-X220-Tablet serving lieferando.de.testing SMARTY: rendering template order/basis/service.htm 
2012-08-06T15:36:47-03:00 DEBUG (7): ydadmin-ThinkPad-X220-Tablet serving lieferando.de.testing SMARTY: caching /home/ydadmin/htdocs/lieferando/application/../public/cache/html/www.yourdelivery.local/lieferservice-freiburg-im-breisgau-79100.html 
2012-08-06T15:36:51-03:00 DEBUG (7): ydadmin-ThinkPad-X220-Tablet serving lieferando.de.testing SMARTY: did not find template request/order/serviceinfo.htm in lieferando.de layout, switching successfully back to default 
2012-08-06T15:36:51-03:00 DEBUG (7): ydadmin-ThinkPad-X220-Tablet serving lieferando.de.testing SMARTY: rendering template request/order/serviceinfo.htm 
2012-08-06T15:36:51-03:00 DEBUG (7): ydadmin-ThinkPad-X220-Tablet serving lieferando.de.testing SMARTY: caching /home/ydadmin/htdocs/lieferando/application/../public/cache/html/www.yourdelivery.local/request_order/serviceinfo/id/13944.html 
2012-08-06T15:36:57-03:00 DEBUG (7): ydadmin-ThinkPad-X220-Tablet serving lieferando.de.testing SMARTY: did not find template request/order/serviceinfo.htm in lieferando.de layout, switching successfully back to default 
2012-08-06T15:36:57-03:00 DEBUG (7): ydadmin-ThinkPad-X220-Tablet serving lieferando.de.testing SMARTY: rendering template request/order/serviceinfo.htm 
2012-08-06T15:36:57-03:00 DEBUG (7): ydadmin-ThinkPad-X220-Tablet serving lieferando.de.testing SMARTY: caching /home/ydadmin/htdocs/lieferando/application/../public/cache/html/www.yourdelivery.local/request_order/serviceinfo/id/14237.html 
2012-08-06T15:39:57-03:00 INFO (6): ydadmin-ThinkPad-X220-Tablet serving lieferando.de.testing found 12 online and 0 offline services in #5765 
2012-08-06T15:39:57-03:00 DEBUG (7): ydadmin-ThinkPad-X220-Tablet serving lieferando.de.testing SMARTY: did not find template order/basis/service.htm in lieferando.de layout, switching successfully back to default 
2012-08-06T15:39:57-03:00 DEBUG (7): ydadmin-ThinkPad-X220-Tablet serving lieferando.de.testing SMARTY: rendering template order/basis/service.htm 
2012-08-06T15:40:03-03:00 DEBUG (7): ydadmin-ThinkPad-X220-Tablet serving lieferando.de.testing SMARTY: caching /home/ydadmin/htdocs/lieferando/application/../public/cache/html/www.yourdelivery.local/lieferservice-freiburg-im-breisgau-79100.html 
2012-08-06T15:41:23-03:00 DEBUG (7): ydadmin-ThinkPad-X220-Tablet serving lieferando.de.testing SMARTY: did not find template request/order/serviceinfo.htm in lieferando.de layout, switching successfully back to default 
2012-08-06T15:41:23-03:00 DEBUG (7): ydadmin-ThinkPad-X220-Tablet serving lieferando.de.testing SMARTY: rendering template request/order/serviceinfo.htm 
2012-08-06T15:41:23-03:00 DEBUG (7): ydadmin-ThinkPad-X220-Tablet serving lieferando.de.testing SMARTY: caching /home/ydadmin/htdocs/lieferando/application/../public/cache/html/www.yourdelivery.local/request_order/serviceinfo/id/14234.html 
2012-08-06T15:41:26-03:00 INFO (6): ydadmin-ThinkPad-X220-Tablet serving lieferando.de.testing found 12 online and 0 offline services in #5765 
2012-08-06T15:41:26-03:00 DEBUG (7): ydadmin-ThinkPad-X220-Tablet serving lieferando.de.testing SMARTY: did not find template order/basis/service.htm in lieferando.de layout, switching successfully back to default 
2012-08-06T15:41:26-03:00 DEBUG (7): ydadmin-ThinkPad-X220-Tablet serving lieferando.de.testing SMARTY: rendering template order/basis/service.htm 
2012-08-06T15:41:32-03:00 DEBUG (7): ydadmin-ThinkPad-X220-Tablet serving lieferando.de.testing SMARTY: caching /home/ydadmin/htdocs/lieferando/application/../public/cache/html/www.yourdelivery.local/lieferservice-freiburg-im-breisgau-79100.html 
2012-08-06T15:41:43-03:00 DEBUG (7): ydadmin-ThinkPad-X220-Tablet serving lieferando.de.testing SMARTY: did not find template request/order/serviceinfo.htm in lieferando.de layout, switching successfully back to default 
2012-08-06T15:41:43-03:00 DEBUG (7): ydadmin-ThinkPad-X220-Tablet serving lieferando.de.testing SMARTY: rendering template request/order/serviceinfo.htm 
2012-08-06T15:41:43-03:00 DEBUG (7): ydadmin-ThinkPad-X220-Tablet serving lieferando.de.testing SMARTY: caching /home/ydadmin/htdocs/lieferando/application/../public/cache/html/www.yourdelivery.local/request_order/serviceinfo/id/13944.html 
2012-08-06T15:41:53-03:00 DEBUG (7): ydadmin-ThinkPad-X220-Tablet serving lieferando.de.testing SMARTY: did not find template request/order/serviceinfo.htm in lieferando.de layout, switching successfully back to default 
2012-08-06T15:41:53-03:00 DEBUG (7): ydadmin-ThinkPad-X220-Tablet serving lieferando.de.testing SMARTY: rendering template request/order/serviceinfo.htm 
2012-08-06T15:41:53-03:00 DEBUG (7): ydadmin-ThinkPad-X220-Tablet serving lieferando.de.testing SMARTY: caching /home/ydadmin/htdocs/lieferando/application/../public/cache/html/www.yourdelivery.local/request_order/serviceinfo/id/14234.html 
2012-08-06T15:42:11-03:00 INFO (6): ydadmin-ThinkPad-X220-Tablet serving lieferando.de.testing found 12 online and 0 offline services in #5765 
2012-08-06T15:42:11-03:00 DEBUG (7): ydadmin-ThinkPad-X220-Tablet serving lieferando.de.testing SMARTY: did not find template order/basis/service.htm in lieferando.de layout, switching successfully back to default 
2012-08-06T15:42:11-03:00 DEBUG (7): ydadmin-ThinkPad-X220-Tablet serving lieferando.de.testing SMARTY: rendering template order/basis/service.htm 
2012-08-06T15:42:18-03:00 DEBUG (7): ydadmin-ThinkPad-X220-Tablet serving lieferando.de.testing SMARTY: caching /home/ydadmin/htdocs/lieferando/application/../public/cache/html/www.yourdelivery.local/lieferservice-freiburg-im-breisgau-79100.html 
2012-08-06T15:42:55-03:00 INFO (6): ydadmin-ThinkPad-X220-Tablet serving lieferando.de.testing found 12 online and 0 offline services in #5765 
2012-08-06T15:42:55-03:00 DEBUG (7): ydadmin-ThinkPad-X220-Tablet serving lieferando.de.testing SMARTY: did not find template order/basis/service.htm in lieferando.de layout, switching successfully back to default 
2012-08-06T15:42:55-03:00 DEBUG (7): ydadmin-ThinkPad-X220-Tablet serving lieferando.de.testing SMARTY: rendering template order/basis/service.htm 
2012-08-06T15:43:01-03:00 DEBUG (7): ydadmin-ThinkPad-X220-Tablet serving lieferando.de.testing SMARTY: caching /home/ydadmin/htdocs/lieferando/application/../public/cache/html/www.yourdelivery.local/lieferservice-freiburg-im-breisgau-79100.html 
2012-08-06T15:43:12-03:00 DEBUG (7): ydadmin-ThinkPad-X220-Tablet serving lieferando.de.testing SMARTY: did not find template request/order/serviceinfo.htm in lieferando.de layout, switching successfully back to default 
2012-08-06T15:43:12-03:00 DEBUG (7): ydadmin-ThinkPad-X220-Tablet serving lieferando.de.testing SMARTY: rendering template request/order/serviceinfo.htm 
2012-08-06T15:43:12-03:00 DEBUG (7): ydadmin-ThinkPad-X220-Tablet serving lieferando.de.testing SMARTY: caching /home/ydadmin/htdocs/lieferando/application/../public/cache/html/www.yourdelivery.local/request_order/serviceinfo/id/13944.html 
2012-08-06T15:43:25-03:00 INFO (6): ydadmin-ThinkPad-X220-Tablet serving lieferando.de.testing found 12 online and 0 offline services in #5765 
2012-08-06T15:43:25-03:00 DEBUG (7): ydadmin-ThinkPad-X220-Tablet serving lieferando.de.testing SMARTY: did not find template order/basis/service.htm in lieferando.de layout, switching successfully back to default 
2012-08-06T15:43:25-03:00 DEBUG (7): ydadmin-ThinkPad-X220-Tablet serving lieferando.de.testing SMARTY: rendering template order/basis/service.htm 
2012-08-06T15:43:31-03:00 DEBUG (7): ydadmin-ThinkPad-X220-Tablet serving lieferando.de.testing SMARTY: caching /home/ydadmin/htdocs/lieferando/application/../public/cache/html/www.yourdelivery.local/lieferservice-freiburg-im-breisgau-79100.html 
2012-08-06T15:43:51-03:00 INFO (6): ydadmin-ThinkPad-X220-Tablet serving lieferando.de.testing found 12 online and 0 offline services in #5765 
2012-08-06T15:43:51-03:00 DEBUG (7): ydadmin-ThinkPad-X220-Tablet serving lieferando.de.testing SMARTY: did not find template order/basis/service.htm in lieferando.de layout, switching successfully back to default 
2012-08-06T15:43:51-03:00 DEBUG (7): ydadmin-ThinkPad-X220-Tablet serving lieferando.de.testing SMARTY: rendering template order/basis/service.htm 
2012-08-06T15:43:57-03:00 DEBUG (7): ydadmin-ThinkPad-X220-Tablet serving lieferando.de.testing SMARTY: caching /home/ydadmin/htdocs/lieferando/application/../public/cache/html/www.yourdelivery.local/lieferservice-freiburg-im-breisgau-79100.html 
2012-08-06T15:55:24-03:00 DEBUG (7): ydadmin-ThinkPad-X220-Tablet serving lieferando.de.testing SMARTY: did not find template request/order/serviceinfo.htm in lieferando.de layout, switching successfully back to default 
2012-08-06T15:55:24-03:00 DEBUG (7): ydadmin-ThinkPad-X220-Tablet serving lieferando.de.testing SMARTY: rendering template request/order/serviceinfo.htm 
2012-08-06T15:55:24-03:00 DEBUG (7): ydadmin-ThinkPad-X220-Tablet serving lieferando.de.testing SMARTY: caching /home/ydadmin/htdocs/lieferando/application/../public/cache/html/www.yourdelivery.local/request_order/serviceinfo/id/13944.html 
2012-08-06T15:55:26-03:00 DEBUG (7): ydadmin-ThinkPad-X220-Tablet serving lieferando.de.testing CUSTOMER FIDELITY - could not clear cache for transactionsfidelity43a28b6df0a5a8bb018e642edbcc5e24 
2012-08-06T15:55:26-03:00 DEBUG (7): ydadmin-ThinkPad-X220-Tablet serving lieferando.de.testing CUSTOMER FIDELITY - could not clear cache for open1fidelity43a28b6df0a5a8bb018e642edbcc5e24 
2012-08-06T15:55:26-03:00 DEBUG (7): ydadmin-ThinkPad-X220-Tablet serving lieferando.de.testing CUSTOMER FIDELITY - could not clear cache for open0fidelity43a28b6df0a5a8bb018e642edbcc5e24 
2012-08-06T15:55:26-03:00 DEBUG (7): ydadmin-ThinkPad-X220-Tablet serving lieferando.de.testing CUSTOMER - could not clear cache for limit 1 id: rated_5_0customer258466 
2012-08-06T15:55:26-03:00 DEBUG (7): ydadmin-ThinkPad-X220-Tablet serving lieferando.de.testing CUSTOMER - could not clear cache for limit 1 id: rated_10_0customer258466 
2012-08-06T15:55:26-03:00 DEBUG (7): ydadmin-ThinkPad-X220-Tablet serving lieferando.de.testing CUSTOMER - could not clear cache for limit 1 id: rated_25_0customer258466 
2012-08-06T15:55:26-03:00 DEBUG (7): ydadmin-ThinkPad-X220-Tablet serving lieferando.de.testing CUSTOMER - could not clear cache for limit 1 id: rated_50_0customer258466 
2012-08-06T15:55:26-03:00 DEBUG (7): ydadmin-ThinkPad-X220-Tablet serving lieferando.de.testing CUSTOMER - could not clear cache for limit 1 id: rated_100_0customer258466 
2012-08-06T15:55:26-03:00 DEBUG (7): ydadmin-ThinkPad-X220-Tablet serving lieferando.de.testing CUSTOMER - could not clear cache for limit 1 id: unrated_5_0customer258466 
2012-08-06T15:55:26-03:00 DEBUG (7): ydadmin-ThinkPad-X220-Tablet serving lieferando.de.testing CUSTOMER - could not clear cache for limit 1 id: unrated_10_0customer258466 
2012-08-06T15:55:26-03:00 DEBUG (7): ydadmin-ThinkPad-X220-Tablet serving lieferando.de.testing CUSTOMER - could not clear cache for limit 1 id: unrated_25_0customer258466 
2012-08-06T15:55:26-03:00 DEBUG (7): ydadmin-ThinkPad-X220-Tablet serving lieferando.de.testing CUSTOMER - could not clear cache for limit 1 id: unrated_50_0customer258466 
2012-08-06T15:55:26-03:00 DEBUG (7): ydadmin-ThinkPad-X220-Tablet serving lieferando.de.testing CUSTOMER - could not clear cache for limit 1 id: unrated_100_0customer258466 
2012-08-06T15:55:26-03:00 DEBUG (7): ydadmin-ThinkPad-X220-Tablet serving lieferando.de.testing CUSTOMER FIDELITY - could not clear cache for transactionsfidelity43a28b6df0a5a8bb018e642edbcc5e24 
2012-08-06T15:55:26-03:00 DEBUG (7): ydadmin-ThinkPad-X220-Tablet serving lieferando.de.testing CUSTOMER FIDELITY - could not clear cache for open1fidelity43a28b6df0a5a8bb018e642edbcc5e24 
2012-08-06T15:55:26-03:00 DEBUG (7): ydadmin-ThinkPad-X220-Tablet serving lieferando.de.testing CUSTOMER FIDELITY - could not clear cache for open0fidelity43a28b6df0a5a8bb018e642edbcc5e24 
2012-08-06T15:55:26-03:00 DEBUG (7): ydadmin-ThinkPad-X220-Tablet serving lieferando.de.testing PIWIK: tracking customer variable customerId at value 0 
2012-08-06T15:55:26-03:00 DEBUG (7): ydadmin-ThinkPad-X220-Tablet serving lieferando.de.testing PIWIK: tracking customer variable customerId at value  
2012-08-06T15:55:43-03:00 DEBUG (7): ydadmin-ThinkPad-X220-Tablet serving lieferando.de.testing no post 
2012-08-06T15:55:43-03:00 DEBUG (7): ydadmin-ThinkPad-X220-Tablet serving lieferando.de.testing PIWIK: tracking goal registerpage with revenue 0 
2012-08-06T15:55:43-03:00 DEBUG (7): ydadmin-ThinkPad-X220-Tablet serving lieferando.de.testing SMARTY: did not find template user/register.htm in lieferando.de layout, switching successfully back to default 
2012-08-06T15:55:43-03:00 DEBUG (7): ydadmin-ThinkPad-X220-Tablet serving lieferando.de.testing SMARTY: rendering template user/register.htm 
