2012-10-31T11:33:03+01:00 ERR (3): ydadmin-ThinkPad-X220-Tablet serving lieferando.de.testing API - MEAL - GET: Phoneorder for this restaurant not possible #0 log() called at [/home/ydadmin/htdocs/lieferando/library/Yourdelivery/Log.php:73]
#1 __call() called at [/home/ydadmin/htdocs/lieferando/application/controllers/Get/Phoneorder/MealController.php:54]
#2 err() called at [/home/ydadmin/htdocs/lieferando/application/controllers/Get/Phoneorder/MealController.php:54]
#3 indexAction() called at [/home/ydadmin/htdocs/lieferando/library/Zend/Controller/Action.php:513]
#4 dispatch() called at [/home/ydadmin/htdocs/lieferando/library/Zend/Controller/Dispatcher/Standard.php:289]
#5 dispatch() called at [/home/ydadmin/htdocs/lieferando/library/Zend/Controller/Front.php:954]
#6 dispatch() called at [/home/ydadmin/htdocs/lieferando/library/Zend/Application/Bootstrap/Bootstrap.php:97]
#7 run() called at [/home/ydadmin/htdocs/lieferando/library/Zend/Application.php:366]
#8 run() called at [/home/ydadmin/htdocs/lieferando/public/index.php:118]

2012-10-31T11:33:03+01:00 ERR (3): ydadmin-ThinkPad-X220-Tablet serving lieferando.de.testing API - SERVICE - GET: No service found for phonenumber #0 log() called at [/home/ydadmin/htdocs/lieferando/library/Yourdelivery/Log.php:73]
#1 __call() called at [/home/ydadmin/htdocs/lieferando/application/controllers/Get/Phoneorder/ServiceController.php:68]
#2 err() called at [/home/ydadmin/htdocs/lieferando/application/controllers/Get/Phoneorder/ServiceController.php:68]
#3 getAction() called at [/home/ydadmin/htdocs/lieferando/library/Zend/Controller/Action.php:513]
#4 dispatch() called at [/home/ydadmin/htdocs/lieferando/library/Zend/Controller/Dispatcher/Standard.php:289]
#5 dispatch() called at [/home/ydadmin/htdocs/lieferando/library/Zend/Controller/Front.php:954]
#6 dispatch() called at [/home/ydadmin/htdocs/lieferando/library/Zend/Application/Bootstrap/Bootstrap.php:97]
#7 run() called at [/home/ydadmin/htdocs/lieferando/library/Zend/Application.php:366]
#8 run() called at [/home/ydadmin/htdocs/lieferando/public/index.php:118]

2012-10-31T11:33:10+01:00 ERR (3): ydadmin-ThinkPad-X220-Tablet serving lieferando.de.testing API - SERVICE - GET: Service not online #0 log() called at [/home/ydadmin/htdocs/lieferando/library/Yourdelivery/Log.php:73]
#1 __call() called at [/home/ydadmin/htdocs/lieferando/application/controllers/Get/Phoneorder/ServiceController.php:74]
#2 err() called at [/home/ydadmin/htdocs/lieferando/application/controllers/Get/Phoneorder/ServiceController.php:74]
#3 getAction() called at [/home/ydadmin/htdocs/lieferando/library/Zend/Controller/Action.php:513]
#4 dispatch() called at [/home/ydadmin/htdocs/lieferando/library/Zend/Controller/Dispatcher/Standard.php:289]
#5 dispatch() called at [/home/ydadmin/htdocs/lieferando/library/Zend/Controller/Front.php:954]
#6 dispatch() called at [/home/ydadmin/htdocs/lieferando/library/Zend/Application/Bootstrap/Bootstrap.php:97]
#7 run() called at [/home/ydadmin/htdocs/lieferando/library/Zend/Application.php:366]
#8 run() called at [/home/ydadmin/htdocs/lieferando/public/index.php:118]

2012-10-31T11:33:10+01:00 ERR (3): ydadmin-ThinkPad-X220-Tablet serving lieferando.de.testing API - MEAL - GET: Phoneorder for this restaurant not possible #0 log() called at [/home/ydadmin/htdocs/lieferando/library/Yourdelivery/Log.php:73]
#1 __call() called at [/home/ydadmin/htdocs/lieferando/application/controllers/Get/Phoneorder/MealController.php:54]
#2 err() called at [/home/ydadmin/htdocs/lieferando/application/controllers/Get/Phoneorder/MealController.php:54]
#3 indexAction() called at [/home/ydadmin/htdocs/lieferando/library/Zend/Controller/Action.php:513]
#4 dispatch() called at [/home/ydadmin/htdocs/lieferando/library/Zend/Controller/Dispatcher/Standard.php:289]
#5 dispatch() called at [/home/ydadmin/htdocs/lieferando/library/Zend/Controller/Front.php:954]
#6 dispatch() called at [/home/ydadmin/htdocs/lieferando/library/Zend/Application/Bootstrap/Bootstrap.php:97]
#7 run() called at [/home/ydadmin/htdocs/lieferando/library/Zend/Application.php:366]
#8 run() called at [/home/ydadmin/htdocs/lieferando/public/index.php:118]

