2012-10-12T18:00:14+02:00 DEBUG (7): ydadmin-ThinkPad-X220-Tablet serving lieferando.de.testing SMARTY: rendering template index/index.htm 
2012-10-12T18:00:15+02:00 DEBUG (7): ydadmin-ThinkPad-X220-Tablet serving lieferando.de.testing SMARTY: caching /home/ydadmin/htdocs/lieferando/application/../public/cache/html/www.yourdelivery.test/index.html 
2012-10-12T18:00:36+02:00 DEBUG (7): ydadmin-ThinkPad-X220-Tablet serving lieferando.de.testing SMARTY: rendering template index/index.htm 
2012-10-12T18:00:37+02:00 DEBUG (7): ydadmin-ThinkPad-X220-Tablet serving lieferando.de.testing SMARTY: caching /home/ydadmin/htdocs/lieferando/application/../public/cache/html/www.yourdelivery.test/index.html 
2012-10-12T18:01:45+02:00 DEBUG (7): ydadmin-ThinkPad-X220-Tablet serving lieferando.de.testing SMARTY: rendering template index/index.htm 
2012-10-12T18:01:45+02:00 DEBUG (7): ydadmin-ThinkPad-X220-Tablet serving lieferando.de.testing SMARTY: caching /home/ydadmin/htdocs/lieferando/application/../public/cache/html/www.yourdelivery.test/index.html 
2012-10-12T18:04:14+02:00 INFO (6): ydadmin-ThinkPad-X220-Tablet serving lieferando.de.testing found 74 online and 3 offline services in #2154 
2012-10-12T18:04:14+02:00 DEBUG (7): ydadmin-ThinkPad-X220-Tablet serving lieferando.de.testing SMARTY: rendering template order/basis/service.htm 
2012-10-12T18:04:21+02:00 DEBUG (7): ydadmin-ThinkPad-X220-Tablet serving lieferando.de.testing SMARTY: caching /home/ydadmin/htdocs/lieferando/application/../public/cache/html/www.yourdelivery.test/lieferservice-hannover-30159.html 
2012-10-12T18:04:44+02:00 INFO (6): ydadmin-ThinkPad-X220-Tablet serving lieferando.de.testing found 74 online and 3 offline services in #2154 
2012-10-12T18:04:44+02:00 DEBUG (7): ydadmin-ThinkPad-X220-Tablet serving lieferando.de.testing SMARTY: rendering template order/basis/service.htm 
2012-10-12T18:04:46+02:00 DEBUG (7): ydadmin-ThinkPad-X220-Tablet serving lieferando.de.testing SMARTY: caching /home/ydadmin/htdocs/lieferando/application/../public/cache/html/www.yourdelivery.test/lieferservice-hannover-30159.html 
2012-10-12T18:05:09+02:00 DEBUG (7): ydadmin-ThinkPad-X220-Tablet serving lieferando.de.testing SMARTY: rendering template request/order/serviceinfo.htm 
2012-10-12T18:05:09+02:00 DEBUG (7): ydadmin-ThinkPad-X220-Tablet serving lieferando.de.testing SMARTY: rendering template request/order/serviceinfo.htm 
2012-10-12T18:05:09+02:00 DEBUG (7): ydadmin-ThinkPad-X220-Tablet serving lieferando.de.testing SMARTY: caching /home/ydadmin/htdocs/lieferando/application/../public/cache/html/www.yourdelivery.test/request_order/serviceinfo/id/13458.html 
2012-10-12T18:05:09+02:00 DEBUG (7): ydadmin-ThinkPad-X220-Tablet serving lieferando.de.testing SMARTY: caching /home/ydadmin/htdocs/lieferando/application/../public/cache/html/www.yourdelivery.test/request_order/serviceinfo/id/15465.html 
2012-10-12T18:05:13+02:00 DEBUG (7): ydadmin-ThinkPad-X220-Tablet serving lieferando.de.testing SMARTY: rendering template order/basis/menu.htm 
2012-10-12T18:05:14+02:00 DEBUG (7): ydadmin-ThinkPad-X220-Tablet serving lieferando.de.testing SMARTY: caching /home/ydadmin/htdocs/lieferando/application/../public/cache/html/www.yourdelivery.test/lieferservice-pizza-96-hannover.html 
2012-10-12T18:05:37+02:00 DEBUG (7): ydadmin-ThinkPad-X220-Tablet serving lieferando.de.testing SMARTY: rendering template order/basis/menu.htm 
2012-10-12T18:05:39+02:00 DEBUG (7): ydadmin-ThinkPad-X220-Tablet serving lieferando.de.testing SMARTY: caching /home/ydadmin/htdocs/lieferando/application/../public/cache/html/www.yourdelivery.test/lieferservice-pizza-96-hannover.html 
2012-10-12T18:06:05+02:00 DEBUG (7): ydadmin-ThinkPad-X220-Tablet serving lieferando.de.testing SMARTY: rendering template request/order/callmeal.htm 
2012-10-12T18:06:05+02:00 DEBUG (7): ydadmin-ThinkPad-X220-Tablet serving lieferando.de.testing SMARTY: caching /home/ydadmin/htdocs/lieferando/application/../public/cache/html/www.yourdelivery.test/request_order/callmeal/id/599848/size/92386/update/false.html 
2012-10-12T18:06:12+02:00 DEBUG (7): ydadmin-ThinkPad-X220-Tablet serving lieferando.de.testing SMARTY: rendering template order/private/finish.htm 
2012-10-12T18:06:16+02:00 DEBUG (7): ydadmin-ThinkPad-X220-Tablet serving lieferando.de.testing SMARTY: rendering template request/service/openingtimeday.htm 
2012-10-12T18:41:46+02:00 WARN (4): ydadmin-ThinkPad-X220-Tablet serving lieferando.de.testing hit finish page without posting, redirect to start page 
2012-10-12T18:41:46+02:00 DEBUG (7): ydadmin-ThinkPad-X220-Tablet serving lieferando.de.testing SMARTY: rendering template index/index.htm 
2012-10-12T18:41:46+02:00 DEBUG (7): ydadmin-ThinkPad-X220-Tablet serving lieferando.de.testing SMARTY: caching /home/ydadmin/htdocs/lieferando/application/../public/cache/html/www.yourdelivery.test/index.html 
2012-10-12T18:43:09+02:00 DEBUG (7): ydadmin-ThinkPad-X220-Tablet serving lieferando.de.testing saved model Yourdelivery_Model_Order_Private with id #1299641 new data :: Array(    [customer] =>     [nr] => 16011800    [time] => 2012-10-12 18:43:09    [deliverTime] => 2012-10-12 18:43:09    [mode] => rest    [kind] => priv    [ident] => HCbucAdxIKqzgY7DMG3h    [serviceId] => 14594    [restaurantId] => 14594    [currentPayment] => bar    [payment] => bar    [total] => 1280    [courier] =>     [courierCost] => 0    [serviceDeliverCost] => 150    [charge] => 0    [contract] => 1    [ipAddr] => 127.0.0.1    [domain] => www.yourdelivery.test) 
2012-10-12T18:43:09+02:00 DEBUG (7): ydadmin-ThinkPad-X220-Tablet serving lieferando.de.testing saved model Yourdelivery_Model_Order_Deliverdelay with id #39 new data :: Array(    [serviceDeliverDelay] => 2400    [courierDeliverDelay] => 0    [orderId] => 1299641) 
2012-10-12T18:43:09+02:00 DEBUG (7): ydadmin-ThinkPad-X220-Tablet serving lieferando.de.testing found 10 points for action order 
2012-10-12T18:43:09+02:00 DEBUG (7): ydadmin-ThinkPad-X220-Tablet serving lieferando.de.testing saved model Yourdelivery_Model_Customer_FidelityTransaction with id #1270761 new data :: Array(    [email] => hkh@oiuiu.de    [action] => order    [status] => 0    [points] => 10    [transactionData] => 1299641) 
2012-10-12T18:43:09+02:00 INFO (6): ydadmin-ThinkPad-X220-Tablet serving lieferando.de.testing successfully added 10 points to customer hkh@oiuiu.de for action order 
2012-10-12T18:43:09+02:00 DEBUG (7): ydadmin-ThinkPad-X220-Tablet serving lieferando.de.testing CUSTOMER FIDELITY - cache cleared for transactionsfidelity5f415d784aad03c16c38714c026dbde3 
2012-10-12T18:43:09+02:00 DEBUG (7): ydadmin-ThinkPad-X220-Tablet serving lieferando.de.testing CUSTOMER FIDELITY - cache cleared for open1fidelity5f415d784aad03c16c38714c026dbde3 
2012-10-12T18:43:09+02:00 DEBUG (7): ydadmin-ThinkPad-X220-Tablet serving lieferando.de.testing CUSTOMER FIDELITY - cache cleared for open0fidelity5f415d784aad03c16c38714c026dbde3 
2012-10-12T18:43:10+02:00 DEBUG (7): ydadmin-ThinkPad-X220-Tablet serving lieferando.de.testing Status Wechsel in Order Tabelle: #1299641 - alter Status: 0 - neuer Status: 0 
2012-10-12T18:43:10+02:00 DEBUG (7): ydadmin-ThinkPad-X220-Tablet serving lieferando.de.testing New order status entry id: 1299641, status: 0 
2012-10-12T18:43:10+02:00 DEBUG (7): ydadmin-ThinkPad-X220-Tablet serving lieferando.de.testing updating model Default_Model_Base #1270761 with modified data :: Array(    [email] => hkh@oiuiu.de    [transactionData] => 1299641    [status] => 0    [action] => order    [points] => 10    [updated] => 2012-10-12 18:43:10) 
2012-10-12T18:43:10+02:00 INFO (6): ydadmin-ThinkPad-X220-Tablet serving lieferando.de.testing successfully modifed transaction #1270761 of customer hkh@oiuiu.de to status 0 
2012-10-12T18:43:10+02:00 DEBUG (7): ydadmin-ThinkPad-X220-Tablet serving lieferando.de.testing CUSTOMER FIDELITY - cache cleared for transactionsfidelity5f415d784aad03c16c38714c026dbde3 
2012-10-12T18:43:10+02:00 DEBUG (7): ydadmin-ThinkPad-X220-Tablet serving lieferando.de.testing CUSTOMER FIDELITY - cache cleared for open1fidelity5f415d784aad03c16c38714c026dbde3 
2012-10-12T18:43:10+02:00 DEBUG (7): ydadmin-ThinkPad-X220-Tablet serving lieferando.de.testing CUSTOMER FIDELITY - cache cleared for open0fidelity5f415d784aad03c16c38714c026dbde3 
2012-10-12T18:43:10+02:00 INFO (6): ydadmin-ThinkPad-X220-Tablet serving lieferando.de.testing handlePartnerLocation: last status for order #1299641 is  
2012-10-12T18:43:10+02:00 INFO (6): ydadmin-ThinkPad-X220-Tablet serving lieferando.de.testing handlePartnerLocation: created new row #7 for order #1299641 
2012-10-12T18:43:10+02:00 DEBUG (7): ydadmin-ThinkPad-X220-Tablet serving lieferando.de.testing saved model Yourdelivery_Model_Order_Sendby with id #680360 new data :: Array(    [orderId] => 1299641    [sendBy] => fax) 
2012-10-12T18:43:10+02:00 DEBUG (7): ydadmin-ThinkPad-X220-Tablet serving lieferando.de.testing Status Wechsel in Order Tabelle: #1299641 - alter Status: 0 - neuer Status: 0 
2012-10-12T18:43:10+02:00 DEBUG (7): ydadmin-ThinkPad-X220-Tablet serving lieferando.de.testing New order status entry id: 1299641, status: 0 
2012-10-12T18:43:10+02:00 DEBUG (7): ydadmin-ThinkPad-X220-Tablet serving lieferando.de.testing updating model Default_Model_Base #1270761 with modified data :: Array(    [email] => hkh@oiuiu.de    [transactionData] => 1299641    [status] => 0    [action] => order    [points] => 10    [updated] => 2012-10-12 18:43:10) 
2012-10-12T18:43:10+02:00 INFO (6): ydadmin-ThinkPad-X220-Tablet serving lieferando.de.testing successfully modifed transaction #1270761 of customer hkh@oiuiu.de to status 0 
2012-10-12T18:43:10+02:00 DEBUG (7): ydadmin-ThinkPad-X220-Tablet serving lieferando.de.testing CUSTOMER FIDELITY - cache cleared for transactionsfidelity5f415d784aad03c16c38714c026dbde3 
2012-10-12T18:43:10+02:00 DEBUG (7): ydadmin-ThinkPad-X220-Tablet serving lieferando.de.testing CUSTOMER FIDELITY - cache cleared for open1fidelity5f415d784aad03c16c38714c026dbde3 
2012-10-12T18:43:10+02:00 DEBUG (7): ydadmin-ThinkPad-X220-Tablet serving lieferando.de.testing CUSTOMER FIDELITY - cache cleared for open0fidelity5f415d784aad03c16c38714c026dbde3 
2012-10-12T18:43:10+02:00 INFO (6): ydadmin-ThinkPad-X220-Tablet serving lieferando.de.testing handlePartnerLocation: last status for order #1299641 is Array 
2012-10-12T18:43:10+02:00 DEBUG (7): ydadmin-ThinkPad-X220-Tablet serving lieferando.de.testing order pdf for order 1299641 does not exists yet, generating and returning 
2012-10-12T18:43:11+02:00 INFO (6): ydadmin-ThinkPad-X220-Tablet serving lieferando.de.testing RETARUS: succesfully send out fax 1299641-ordersheet-restaurant.pdf to 0511936971023 
2012-10-12T18:45:00+02:00 DEBUG (7): ydadmin-ThinkPad-X220-Tablet serving lieferando.de.testing saved model Yourdelivery_Model_Order_Private with id #1299642 new data :: Array(    [customer] =>     [nr] => 91673548    [time] => 2012-10-12 18:45:00    [deliverTime] => 2012-10-12 18:45:00    [mode] => rest    [kind] => priv    [ident] => cXwBFKUQDIatSiUVIcOq    [serviceId] => 14594    [restaurantId] => 14594    [currentPayment] => bar    [payment] => bar    [total] => 1280    [courier] =>     [courierCost] => 0    [serviceDeliverCost] => 150    [charge] => 0    [contract] => 1    [ipAddr] => 127.0.0.1    [domain] => www.yourdelivery.test) 
2012-10-12T18:45:00+02:00 DEBUG (7): ydadmin-ThinkPad-X220-Tablet serving lieferando.de.testing saved model Yourdelivery_Model_Order_Deliverdelay with id #40 new data :: Array(    [serviceDeliverDelay] => 2400    [courierDeliverDelay] => 0    [orderId] => 1299642) 
2012-10-12T18:45:00+02:00 DEBUG (7): ydadmin-ThinkPad-X220-Tablet serving lieferando.de.testing found 10 points for action order 
2012-10-12T18:45:00+02:00 DEBUG (7): ydadmin-ThinkPad-X220-Tablet serving lieferando.de.testing saved model Yourdelivery_Model_Customer_FidelityTransaction with id #1270762 new data :: Array(    [email] => jonz@kybernaut.de    [action] => order    [status] => 0    [points] => 10    [transactionData] => 1299642) 
2012-10-12T18:45:00+02:00 INFO (6): ydadmin-ThinkPad-X220-Tablet serving lieferando.de.testing successfully added 10 points to customer jonz@kybernaut.de for action order 
2012-10-12T18:45:00+02:00 DEBUG (7): ydadmin-ThinkPad-X220-Tablet serving lieferando.de.testing CUSTOMER FIDELITY - cache cleared for transactionsfidelity43a28b6df0a5a8bb018e642edbcc5e24 
2012-10-12T18:45:00+02:00 DEBUG (7): ydadmin-ThinkPad-X220-Tablet serving lieferando.de.testing CUSTOMER FIDELITY - cache cleared for open1fidelity43a28b6df0a5a8bb018e642edbcc5e24 
2012-10-12T18:45:00+02:00 DEBUG (7): ydadmin-ThinkPad-X220-Tablet serving lieferando.de.testing CUSTOMER FIDELITY - cache cleared for open0fidelity43a28b6df0a5a8bb018e642edbcc5e24 
2012-10-12T18:45:00+02:00 DEBUG (7): ydadmin-ThinkPad-X220-Tablet serving lieferando.de.testing Status Wechsel in Order Tabelle: #1299642 - alter Status: 0 - neuer Status: 0 
2012-10-12T18:45:00+02:00 DEBUG (7): ydadmin-ThinkPad-X220-Tablet serving lieferando.de.testing New order status entry id: 1299642, status: 0 
2012-10-12T18:45:00+02:00 DEBUG (7): ydadmin-ThinkPad-X220-Tablet serving lieferando.de.testing updating model Default_Model_Base #1270762 with modified data :: Array(    [email] => jonz@kybernaut.de    [transactionData] => 1299642    [status] => 0    [action] => order    [points] => 10    [updated] => 2012-10-12 18:45:00) 
2012-10-12T18:45:00+02:00 INFO (6): ydadmin-ThinkPad-X220-Tablet serving lieferando.de.testing successfully modifed transaction #1270762 of customer jonz@kybernaut.de to status 0 
2012-10-12T18:45:00+02:00 DEBUG (7): ydadmin-ThinkPad-X220-Tablet serving lieferando.de.testing CUSTOMER FIDELITY - cache cleared for transactionsfidelity43a28b6df0a5a8bb018e642edbcc5e24 
2012-10-12T18:45:00+02:00 DEBUG (7): ydadmin-ThinkPad-X220-Tablet serving lieferando.de.testing CUSTOMER FIDELITY - cache cleared for open1fidelity43a28b6df0a5a8bb018e642edbcc5e24 
2012-10-12T18:45:00+02:00 DEBUG (7): ydadmin-ThinkPad-X220-Tablet serving lieferando.de.testing CUSTOMER FIDELITY - cache cleared for open0fidelity43a28b6df0a5a8bb018e642edbcc5e24 
2012-10-12T18:45:00+02:00 INFO (6): ydadmin-ThinkPad-X220-Tablet serving lieferando.de.testing handlePartnerLocation: last status for order #1299642 is  
2012-10-12T18:45:00+02:00 INFO (6): ydadmin-ThinkPad-X220-Tablet serving lieferando.de.testing handlePartnerLocation: created new row #8 for order #1299642 
2012-10-12T18:45:00+02:00 DEBUG (7): ydadmin-ThinkPad-X220-Tablet serving lieferando.de.testing saved model Yourdelivery_Model_Order_Sendby with id #680361 new data :: Array(    [orderId] => 1299642    [sendBy] => fax) 
2012-10-12T18:45:00+02:00 DEBUG (7): ydadmin-ThinkPad-X220-Tablet serving lieferando.de.testing Status Wechsel in Order Tabelle: #1299642 - alter Status: 0 - neuer Status: 0 
2012-10-12T18:45:00+02:00 DEBUG (7): ydadmin-ThinkPad-X220-Tablet serving lieferando.de.testing New order status entry id: 1299642, status: 0 
2012-10-12T18:45:00+02:00 DEBUG (7): ydadmin-ThinkPad-X220-Tablet serving lieferando.de.testing updating model Default_Model_Base #1270762 with modified data :: Array(    [email] => jonz@kybernaut.de    [transactionData] => 1299642    [status] => 0    [action] => order    [points] => 10    [updated] => 2012-10-12 18:45:00) 
2012-10-12T18:45:00+02:00 INFO (6): ydadmin-ThinkPad-X220-Tablet serving lieferando.de.testing successfully modifed transaction #1270762 of customer jonz@kybernaut.de to status 0 
2012-10-12T18:45:00+02:00 DEBUG (7): ydadmin-ThinkPad-X220-Tablet serving lieferando.de.testing CUSTOMER FIDELITY - cache cleared for transactionsfidelity43a28b6df0a5a8bb018e642edbcc5e24 
2012-10-12T18:45:00+02:00 DEBUG (7): ydadmin-ThinkPad-X220-Tablet serving lieferando.de.testing CUSTOMER FIDELITY - cache cleared for open1fidelity43a28b6df0a5a8bb018e642edbcc5e24 
2012-10-12T18:45:00+02:00 DEBUG (7): ydadmin-ThinkPad-X220-Tablet serving lieferando.de.testing CUSTOMER FIDELITY - cache cleared for open0fidelity43a28b6df0a5a8bb018e642edbcc5e24 
2012-10-12T18:45:00+02:00 INFO (6): ydadmin-ThinkPad-X220-Tablet serving lieferando.de.testing handlePartnerLocation: last status for order #1299642 is Array 
2012-10-12T18:45:00+02:00 DEBUG (7): ydadmin-ThinkPad-X220-Tablet serving lieferando.de.testing order pdf for order 1299642 does not exists yet, generating and returning 
2012-10-12T18:45:01+02:00 INFO (6): ydadmin-ThinkPad-X220-Tablet serving lieferando.de.testing RETARUS: succesfully send out fax 1299642-ordersheet-restaurant.pdf to 0511936971023 
2012-10-12T18:47:43+02:00 DEBUG (7): ydadmin-ThinkPad-X220-Tablet serving lieferando.de.testing saved model Yourdelivery_Model_Order_Private with id #1299643 new data :: Array(    [customer] =>     [nr] => 76470978    [time] => 2012-10-12 18:47:43    [deliverTime] => 2012-10-12 18:47:43    [mode] => rest    [kind] => priv    [ident] => il3Wb3s3ik3DNh4HRwgP    [serviceId] => 14594    [restaurantId] => 14594    [currentPayment] => bar    [payment] => bar    [total] => 1280    [courier] =>     [courierCost] => 0    [serviceDeliverCost] => 150    [charge] => 0    [contract] => 1    [ipAddr] => 127.0.0.1    [domain] => www.yourdelivery.test) 
2012-10-12T18:47:43+02:00 DEBUG (7): ydadmin-ThinkPad-X220-Tablet serving lieferando.de.testing saved model Yourdelivery_Model_Order_Deliverdelay with id #41 new data :: Array(    [serviceDeliverDelay] => 2400    [courierDeliverDelay] => 0    [orderId] => 1299643) 
2012-10-12T18:47:43+02:00 DEBUG (7): ydadmin-ThinkPad-X220-Tablet serving lieferando.de.testing found 10 points for action order 
2012-10-12T18:47:43+02:00 DEBUG (7): ydadmin-ThinkPad-X220-Tablet serving lieferando.de.testing saved model Yourdelivery_Model_Customer_FidelityTransaction with id #1270763 new data :: Array(    [email] => jonz@kybernaut.de    [action] => order    [status] => 0    [points] => 10    [transactionData] => 1299643) 
2012-10-12T18:47:43+02:00 INFO (6): ydadmin-ThinkPad-X220-Tablet serving lieferando.de.testing successfully added 10 points to customer jonz@kybernaut.de for action order 
2012-10-12T18:47:43+02:00 DEBUG (7): ydadmin-ThinkPad-X220-Tablet serving lieferando.de.testing CUSTOMER FIDELITY - cache cleared for transactionsfidelity43a28b6df0a5a8bb018e642edbcc5e24 
2012-10-12T18:47:43+02:00 DEBUG (7): ydadmin-ThinkPad-X220-Tablet serving lieferando.de.testing CUSTOMER FIDELITY - cache cleared for open1fidelity43a28b6df0a5a8bb018e642edbcc5e24 
2012-10-12T18:47:43+02:00 DEBUG (7): ydadmin-ThinkPad-X220-Tablet serving lieferando.de.testing CUSTOMER FIDELITY - cache cleared for open0fidelity43a28b6df0a5a8bb018e642edbcc5e24 
2012-10-12T18:47:43+02:00 DEBUG (7): ydadmin-ThinkPad-X220-Tablet serving lieferando.de.testing Status Wechsel in Order Tabelle: #1299643 - alter Status: 0 - neuer Status: 0 
2012-10-12T18:47:43+02:00 DEBUG (7): ydadmin-ThinkPad-X220-Tablet serving lieferando.de.testing New order status entry id: 1299643, status: 0 
2012-10-12T18:47:43+02:00 DEBUG (7): ydadmin-ThinkPad-X220-Tablet serving lieferando.de.testing updating model Default_Model_Base #1270763 with modified data :: Array(    [email] => jonz@kybernaut.de    [transactionData] => 1299643    [status] => 0    [action] => order    [points] => 10    [updated] => 2012-10-12 18:47:43) 
2012-10-12T18:47:43+02:00 INFO (6): ydadmin-ThinkPad-X220-Tablet serving lieferando.de.testing successfully modifed transaction #1270763 of customer jonz@kybernaut.de to status 0 
2012-10-12T18:47:43+02:00 DEBUG (7): ydadmin-ThinkPad-X220-Tablet serving lieferando.de.testing CUSTOMER FIDELITY - cache cleared for transactionsfidelity43a28b6df0a5a8bb018e642edbcc5e24 
2012-10-12T18:47:43+02:00 DEBUG (7): ydadmin-ThinkPad-X220-Tablet serving lieferando.de.testing CUSTOMER FIDELITY - cache cleared for open1fidelity43a28b6df0a5a8bb018e642edbcc5e24 
2012-10-12T18:47:43+02:00 DEBUG (7): ydadmin-ThinkPad-X220-Tablet serving lieferando.de.testing CUSTOMER FIDELITY - cache cleared for open0fidelity43a28b6df0a5a8bb018e642edbcc5e24 
2012-10-12T18:47:43+02:00 INFO (6): ydadmin-ThinkPad-X220-Tablet serving lieferando.de.testing handlePartnerLocation: last status for order #1299643 is  
2012-10-12T18:47:43+02:00 INFO (6): ydadmin-ThinkPad-X220-Tablet serving lieferando.de.testing handlePartnerLocation: created new row #9 for order #1299643 
2012-10-12T18:47:43+02:00 DEBUG (7): ydadmin-ThinkPad-X220-Tablet serving lieferando.de.testing saved model Yourdelivery_Model_Order_Sendby with id #680362 new data :: Array(    [orderId] => 1299643    [sendBy] => fax) 
2012-10-12T18:47:43+02:00 DEBUG (7): ydadmin-ThinkPad-X220-Tablet serving lieferando.de.testing Status Wechsel in Order Tabelle: #1299643 - alter Status: 0 - neuer Status: 0 
2012-10-12T18:47:43+02:00 DEBUG (7): ydadmin-ThinkPad-X220-Tablet serving lieferando.de.testing New order status entry id: 1299643, status: 0 
2012-10-12T18:47:43+02:00 DEBUG (7): ydadmin-ThinkPad-X220-Tablet serving lieferando.de.testing updating model Default_Model_Base #1270763 with modified data :: Array(    [email] => jonz@kybernaut.de    [transactionData] => 1299643    [status] => 0    [action] => order    [points] => 10    [updated] => 2012-10-12 18:47:43) 
2012-10-12T18:47:43+02:00 INFO (6): ydadmin-ThinkPad-X220-Tablet serving lieferando.de.testing successfully modifed transaction #1270763 of customer jonz@kybernaut.de to status 0 
2012-10-12T18:47:43+02:00 DEBUG (7): ydadmin-ThinkPad-X220-Tablet serving lieferando.de.testing CUSTOMER FIDELITY - cache cleared for transactionsfidelity43a28b6df0a5a8bb018e642edbcc5e24 
2012-10-12T18:47:43+02:00 DEBUG (7): ydadmin-ThinkPad-X220-Tablet serving lieferando.de.testing CUSTOMER FIDELITY - cache cleared for open1fidelity43a28b6df0a5a8bb018e642edbcc5e24 
2012-10-12T18:47:43+02:00 DEBUG (7): ydadmin-ThinkPad-X220-Tablet serving lieferando.de.testing CUSTOMER FIDELITY - cache cleared for open0fidelity43a28b6df0a5a8bb018e642edbcc5e24 
2012-10-12T18:47:43+02:00 INFO (6): ydadmin-ThinkPad-X220-Tablet serving lieferando.de.testing handlePartnerLocation: last status for order #1299643 is Array 
2012-10-12T18:47:43+02:00 DEBUG (7): ydadmin-ThinkPad-X220-Tablet serving lieferando.de.testing order pdf for order 1299643 does not exists yet, generating and returning 
2012-10-12T18:47:43+02:00 INFO (6): ydadmin-ThinkPad-X220-Tablet serving lieferando.de.testing RETARUS: succesfully send out fax 1299643-ordersheet-restaurant.pdf to 0511936971023 
2012-10-12T18:57:48+02:00 DEBUG (7): ydadmin-ThinkPad-X220-Tablet serving lieferando.de.testing saved model Yourdelivery_Model_Order_Private with id #1299644 new data :: Array(    [customer] =>     [nr] => 26031788    [time] => 2012-10-12 18:57:48    [deliverTime] => 2012-10-12 18:57:48    [mode] => rest    [kind] => priv    [ident] => 6G3cpqVJIN7qMv4MWVBV    [serviceId] => 14594    [restaurantId] => 14594    [currentPayment] => bar    [payment] => bar    [total] => 1280    [courier] =>     [courierCost] => 0    [serviceDeliverCost] => 150    [charge] => 0    [contract] => 1    [ipAddr] => 127.0.0.1    [domain] => www.yourdelivery.test) 
2012-10-12T18:57:48+02:00 DEBUG (7): ydadmin-ThinkPad-X220-Tablet serving lieferando.de.testing saved model Yourdelivery_Model_Order_Deliverdelay with id #42 new data :: Array(    [serviceDeliverDelay] => 2400    [courierDeliverDelay] => 0    [orderId] => 1299644) 
2012-10-12T18:57:48+02:00 DEBUG (7): ydadmin-ThinkPad-X220-Tablet serving lieferando.de.testing found 10 points for action order 
2012-10-12T18:57:48+02:00 DEBUG (7): ydadmin-ThinkPad-X220-Tablet serving lieferando.de.testing saved model Yourdelivery_Model_Customer_FidelityTransaction with id #1270764 new data :: Array(    [email] => jonz@kybernaut.de    [action] => order    [status] => 0    [points] => 10    [transactionData] => 1299644) 
2012-10-12T18:57:48+02:00 INFO (6): ydadmin-ThinkPad-X220-Tablet serving lieferando.de.testing successfully added 10 points to customer jonz@kybernaut.de for action order 
2012-10-12T18:57:48+02:00 DEBUG (7): ydadmin-ThinkPad-X220-Tablet serving lieferando.de.testing CUSTOMER FIDELITY - cache cleared for transactionsfidelity43a28b6df0a5a8bb018e642edbcc5e24 
2012-10-12T18:57:48+02:00 DEBUG (7): ydadmin-ThinkPad-X220-Tablet serving lieferando.de.testing CUSTOMER FIDELITY - cache cleared for open1fidelity43a28b6df0a5a8bb018e642edbcc5e24 
2012-10-12T18:57:48+02:00 DEBUG (7): ydadmin-ThinkPad-X220-Tablet serving lieferando.de.testing CUSTOMER FIDELITY - cache cleared for open0fidelity43a28b6df0a5a8bb018e642edbcc5e24 
2012-10-12T18:57:49+02:00 DEBUG (7): ydadmin-ThinkPad-X220-Tablet serving lieferando.de.testing Status Wechsel in Order Tabelle: #1299644 - alter Status: 0 - neuer Status: 0 
2012-10-12T18:57:49+02:00 DEBUG (7): ydadmin-ThinkPad-X220-Tablet serving lieferando.de.testing New order status entry id: 1299644, status: 0 
2012-10-12T18:57:49+02:00 DEBUG (7): ydadmin-ThinkPad-X220-Tablet serving lieferando.de.testing updating model Default_Model_Base #1270764 with modified data :: Array(    [email] => jonz@kybernaut.de    [transactionData] => 1299644    [status] => 0    [action] => order    [points] => 10    [updated] => 2012-10-12 18:57:49) 
2012-10-12T18:57:49+02:00 INFO (6): ydadmin-ThinkPad-X220-Tablet serving lieferando.de.testing successfully modifed transaction #1270764 of customer jonz@kybernaut.de to status 0 
2012-10-12T18:57:49+02:00 DEBUG (7): ydadmin-ThinkPad-X220-Tablet serving lieferando.de.testing CUSTOMER FIDELITY - cache cleared for transactionsfidelity43a28b6df0a5a8bb018e642edbcc5e24 
2012-10-12T18:57:49+02:00 DEBUG (7): ydadmin-ThinkPad-X220-Tablet serving lieferando.de.testing CUSTOMER FIDELITY - cache cleared for open1fidelity43a28b6df0a5a8bb018e642edbcc5e24 
2012-10-12T18:57:49+02:00 DEBUG (7): ydadmin-ThinkPad-X220-Tablet serving lieferando.de.testing CUSTOMER FIDELITY - cache cleared for open0fidelity43a28b6df0a5a8bb018e642edbcc5e24 
2012-10-12T18:57:49+02:00 INFO (6): ydadmin-ThinkPad-X220-Tablet serving lieferando.de.testing handlePartnerLocation: last status for order #1299644 is  
2012-10-12T18:57:49+02:00 INFO (6): ydadmin-ThinkPad-X220-Tablet serving lieferando.de.testing handlePartnerLocation: created new row #10 for order #1299644 
2012-10-12T18:57:49+02:00 DEBUG (7): ydadmin-ThinkPad-X220-Tablet serving lieferando.de.testing saved model Yourdelivery_Model_Order_Sendby with id #680363 new data :: Array(    [orderId] => 1299644    [sendBy] => fax) 
2012-10-12T18:57:49+02:00 DEBUG (7): ydadmin-ThinkPad-X220-Tablet serving lieferando.de.testing Status Wechsel in Order Tabelle: #1299644 - alter Status: 0 - neuer Status: 0 
2012-10-12T18:57:49+02:00 DEBUG (7): ydadmin-ThinkPad-X220-Tablet serving lieferando.de.testing New order status entry id: 1299644, status: 0 
2012-10-12T18:57:49+02:00 DEBUG (7): ydadmin-ThinkPad-X220-Tablet serving lieferando.de.testing updating model Default_Model_Base #1270764 with modified data :: Array(    [email] => jonz@kybernaut.de    [transactionData] => 1299644    [status] => 0    [action] => order    [points] => 10    [updated] => 2012-10-12 18:57:49) 
2012-10-12T18:57:49+02:00 INFO (6): ydadmin-ThinkPad-X220-Tablet serving lieferando.de.testing successfully modifed transaction #1270764 of customer jonz@kybernaut.de to status 0 
2012-10-12T18:57:49+02:00 DEBUG (7): ydadmin-ThinkPad-X220-Tablet serving lieferando.de.testing CUSTOMER FIDELITY - cache cleared for transactionsfidelity43a28b6df0a5a8bb018e642edbcc5e24 
2012-10-12T18:57:49+02:00 DEBUG (7): ydadmin-ThinkPad-X220-Tablet serving lieferando.de.testing CUSTOMER FIDELITY - cache cleared for open1fidelity43a28b6df0a5a8bb018e642edbcc5e24 
2012-10-12T18:57:49+02:00 DEBUG (7): ydadmin-ThinkPad-X220-Tablet serving lieferando.de.testing CUSTOMER FIDELITY - cache cleared for open0fidelity43a28b6df0a5a8bb018e642edbcc5e24 
2012-10-12T18:57:49+02:00 INFO (6): ydadmin-ThinkPad-X220-Tablet serving lieferando.de.testing handlePartnerLocation: last status for order #1299644 is Array 
2012-10-12T18:57:49+02:00 DEBUG (7): ydadmin-ThinkPad-X220-Tablet serving lieferando.de.testing order pdf for order 1299644 does not exists yet, generating and returning 
2012-10-12T18:57:50+02:00 INFO (6): ydadmin-ThinkPad-X220-Tablet serving lieferando.de.testing RETARUS: succesfully send out fax 1299644-ordersheet-restaurant.pdf to 0511936971023 
