2012-09-30T16:31:29+02:00 ERR (3): ydadmin-ThinkPad-X220-Tablet serving lieferando.de.testing API - MEAL - GET: no city has been provided #0 log() called at [/home/ydadmin/htdocs/lieferando/library/Yourdelivery/Log.php:68]
#1 __call() called at [/home/ydadmin/htdocs/lieferando/application/controllers/Get/Phoneorder/MealController.php:29]
#2 err() called at [/home/ydadmin/htdocs/lieferando/application/controllers/Get/Phoneorder/MealController.php:29]
#3 indexAction() called at [/home/ydadmin/htdocs/lieferando/library/Zend/Controller/Action.php:513]
#4 dispatch() called at [/home/ydadmin/htdocs/lieferando/library/Zend/Controller/Dispatcher/Standard.php:289]
#5 dispatch() called at [/home/ydadmin/htdocs/lieferando/library/Zend/Controller/Front.php:954]
#6 dispatch() called at [/home/ydadmin/htdocs/lieferando/library/Zend/Application/Bootstrap/Bootstrap.php:97]
#7 run() called at [/home/ydadmin/htdocs/lieferando/library/Zend/Application.php:366]
#8 run() called at [/home/ydadmin/htdocs/lieferando/public/index.php:118]

2012-09-30T16:31:29+02:00 ERR (3): ydadmin-ThinkPad-X220-Tablet serving lieferando.de.testing API - MEAL - GET: no city has been provided #0 log() called at [/home/ydadmin/htdocs/lieferando/library/Yourdelivery/Log.php:68]
#1 __call() called at [/home/ydadmin/htdocs/lieferando/application/controllers/Get/Phoneorder/ServiceController.php:29]
#2 err() called at [/home/ydadmin/htdocs/lieferando/application/controllers/Get/Phoneorder/ServiceController.php:29]
#3 getAction() called at [/home/ydadmin/htdocs/lieferando/library/Zend/Controller/Action.php:513]
#4 dispatch() called at [/home/ydadmin/htdocs/lieferando/library/Zend/Controller/Dispatcher/Standard.php:289]
#5 dispatch() called at [/home/ydadmin/htdocs/lieferando/library/Zend/Controller/Front.php:954]
#6 dispatch() called at [/home/ydadmin/htdocs/lieferando/library/Zend/Application/Bootstrap/Bootstrap.php:97]
#7 run() called at [/home/ydadmin/htdocs/lieferando/library/Zend/Application.php:366]
#8 run() called at [/home/ydadmin/htdocs/lieferando/public/index.php:118]

2012-09-30T16:31:38+02:00 ERR (3): ydadmin-ThinkPad-X220-Tablet serving lieferando.de.testing API - MEAL - GET: no city has been provided #0 log() called at [/home/ydadmin/htdocs/lieferando/library/Yourdelivery/Log.php:68]
#1 __call() called at [/home/ydadmin/htdocs/lieferando/application/controllers/Get/Phoneorder/MealController.php:29]
#2 err() called at [/home/ydadmin/htdocs/lieferando/application/controllers/Get/Phoneorder/MealController.php:29]
#3 indexAction() called at [/home/ydadmin/htdocs/lieferando/library/Zend/Controller/Action.php:513]
#4 dispatch() called at [/home/ydadmin/htdocs/lieferando/library/Zend/Controller/Dispatcher/Standard.php:289]
#5 dispatch() called at [/home/ydadmin/htdocs/lieferando/library/Zend/Controller/Front.php:954]
#6 dispatch() called at [/home/ydadmin/htdocs/lieferando/library/Zend/Application/Bootstrap/Bootstrap.php:97]
#7 run() called at [/home/ydadmin/htdocs/lieferando/library/Zend/Application.php:366]
#8 run() called at [/home/ydadmin/htdocs/lieferando/public/index.php:118]

2012-09-30T16:31:38+02:00 ERR (3): ydadmin-ThinkPad-X220-Tablet serving lieferando.de.testing API - MEAL - GET: no city has been provided #0 log() called at [/home/ydadmin/htdocs/lieferando/library/Yourdelivery/Log.php:68]
#1 __call() called at [/home/ydadmin/htdocs/lieferando/application/controllers/Get/Phoneorder/ServiceController.php:29]
#2 err() called at [/home/ydadmin/htdocs/lieferando/application/controllers/Get/Phoneorder/ServiceController.php:29]
#3 getAction() called at [/home/ydadmin/htdocs/lieferando/library/Zend/Controller/Action.php:513]
#4 dispatch() called at [/home/ydadmin/htdocs/lieferando/library/Zend/Controller/Dispatcher/Standard.php:289]
#5 dispatch() called at [/home/ydadmin/htdocs/lieferando/library/Zend/Controller/Front.php:954]
#6 dispatch() called at [/home/ydadmin/htdocs/lieferando/library/Zend/Application/Bootstrap/Bootstrap.php:97]
#7 run() called at [/home/ydadmin/htdocs/lieferando/library/Zend/Application.php:366]
#8 run() called at [/home/ydadmin/htdocs/lieferando/public/index.php:118]

2012-09-30T16:39:57+02:00 CRIT (2): ydadmin-ThinkPad-X220-Tablet serving lieferando.de.testing Run into error: Message: SQLSTATE[42S22]: Column not found: 1054 Unknown column 'r.restaurantPhoneorderAllowed' in 'field list'

Trace:
#0 /home/ydadmin/htdocs/lieferando/library/Zend/Db/Statement.php(320): Zend_Db_Statement_Pdo->_execute(Array)
#1 /home/ydadmin/htdocs/lieferando/library/Zend/Db/Adapter/Abstract.php(468): Zend_Db_Statement->execute(Array)
#2 /home/ydadmin/htdocs/lieferando/library/Zend/Db/Adapter/Pdo/Abstract.php(238): Zend_Db_Adapter_Abstract->query(Object(Zend_Db_Select), Array)
#3 /home/ydadmin/htdocs/lieferando/library/Zend/Db/Adapter/Abstract.php(725): Zend_Db_Adapter_Pdo_Abstract->query(Object(Zend_Db_Select), Array)
#4 /home/ydadmin/htdocs/lieferando/application/models/DbTable/Restaurant.php(2610): Zend_Db_Adapter_Abstract->fetchRow(Object(Zend_Db_Select))
#5 /home/ydadmin/htdocs/lieferando/application/controllers/Get/Phoneorder/MealController.php(35): Yourdelivery_Model_DbTable_Restaurant::findByPhoneNumberAndRegion(123, 197)
#6 /home/ydadmin/htdocs/lieferando/library/Zend/Controller/Action.php(513): Get_Phoneorder_MealController->indexAction()
#7 /home/ydadmin/htdocs/lieferando/library/Zend/Controller/Dispatcher/Standard.php(289): Zend_Controller_Action->dispatch('indexAction')
#8 /home/ydadmin/htdocs/lieferando/library/Zend/Controller/Front.php(954): Zend_Controller_Dispatcher_Standard->dispatch(Object(Zend_Controller_Request_Http), Object(Zend_Controller_Response_Http))
#9 /home/ydadmin/htdocs/lieferando/library/Zend/Application/Bootstrap/Bootstrap.php(97): Zend_Controller_Front->dispatch()
#10 /home/ydadmin/htdocs/lieferando/library/Zend/Application.php(366): Zend_Application_Bootstrap_Bootstrap->run()
#11 /home/ydadmin/htdocs/lieferando/public/index.php(118): Zend_Application->run()
#12 {main}

 #0 log() called at [/home/ydadmin/htdocs/lieferando/library/Yourdelivery/Log.php:68]
#1 __call() called at [/home/ydadmin/htdocs/lieferando/application/controllers/ErrorController.php:207]
#2 crit() called at [/home/ydadmin/htdocs/lieferando/application/controllers/ErrorController.php:207]
#3 errorAction() called at [/home/ydadmin/htdocs/lieferando/library/Zend/Controller/Action.php:513]
#4 dispatch() called at [/home/ydadmin/htdocs/lieferando/library/Zend/Controller/Dispatcher/Standard.php:289]
#5 dispatch() called at [/home/ydadmin/htdocs/lieferando/library/Zend/Controller/Front.php:954]
#6 dispatch() called at [/home/ydadmin/htdocs/lieferando/library/Zend/Application/Bootstrap/Bootstrap.php:97]
#7 run() called at [/home/ydadmin/htdocs/lieferando/library/Zend/Application.php:366]
#8 run() called at [/home/ydadmin/htdocs/lieferando/public/index.php:118]

2012-09-30T16:39:57+02:00 DEBUG (7): ydadmin-ThinkPad-X220-Tablet serving lieferando.de.testing SMARTY: rendering template error/error.htm 
2012-09-30T16:39:57+02:00 CRIT (2): ydadmin-ThinkPad-X220-Tablet serving lieferando.de.testing Run into error: Message: SQLSTATE[42S22]: Column not found: 1054 Unknown column 'r.restaurantPhoneorderAllowed' in 'field list'

Trace:
#0 /home/ydadmin/htdocs/lieferando/library/Zend/Db/Statement.php(320): Zend_Db_Statement_Pdo->_execute(Array)
#1 /home/ydadmin/htdocs/lieferando/library/Zend/Db/Adapter/Abstract.php(468): Zend_Db_Statement->execute(Array)
#2 /home/ydadmin/htdocs/lieferando/library/Zend/Db/Adapter/Pdo/Abstract.php(238): Zend_Db_Adapter_Abstract->query(Object(Zend_Db_Select), Array)
#3 /home/ydadmin/htdocs/lieferando/library/Zend/Db/Adapter/Abstract.php(725): Zend_Db_Adapter_Pdo_Abstract->query(Object(Zend_Db_Select), Array)
#4 /home/ydadmin/htdocs/lieferando/application/models/DbTable/Restaurant.php(2610): Zend_Db_Adapter_Abstract->fetchRow(Object(Zend_Db_Select))
#5 /home/ydadmin/htdocs/lieferando/application/controllers/Get/Phoneorder/ServiceController.php(35): Yourdelivery_Model_DbTable_Restaurant::findByPhoneNumberAndRegion(123, 197)
#6 /home/ydadmin/htdocs/lieferando/library/Zend/Controller/Action.php(513): Get_Phoneorder_ServiceController->getAction()
#7 /home/ydadmin/htdocs/lieferando/library/Zend/Controller/Dispatcher/Standard.php(289): Zend_Controller_Action->dispatch('getAction')
#8 /home/ydadmin/htdocs/lieferando/library/Zend/Controller/Front.php(954): Zend_Controller_Dispatcher_Standard->dispatch(Object(Zend_Controller_Request_Http), Object(Zend_Controller_Response_Http))
#9 /home/ydadmin/htdocs/lieferando/library/Zend/Application/Bootstrap/Bootstrap.php(97): Zend_Controller_Front->dispatch()
#10 /home/ydadmin/htdocs/lieferando/library/Zend/Application.php(366): Zend_Application_Bootstrap_Bootstrap->run()
#11 /home/ydadmin/htdocs/lieferando/public/index.php(118): Zend_Application->run()
#12 {main}

 #0 log() called at [/home/ydadmin/htdocs/lieferando/library/Yourdelivery/Log.php:68]
#1 __call() called at [/home/ydadmin/htdocs/lieferando/application/controllers/ErrorController.php:207]
#2 crit() called at [/home/ydadmin/htdocs/lieferando/application/controllers/ErrorController.php:207]
#3 errorAction() called at [/home/ydadmin/htdocs/lieferando/library/Zend/Controller/Action.php:513]
#4 dispatch() called at [/home/ydadmin/htdocs/lieferando/library/Zend/Controller/Dispatcher/Standard.php:289]
#5 dispatch() called at [/home/ydadmin/htdocs/lieferando/library/Zend/Controller/Front.php:954]
#6 dispatch() called at [/home/ydadmin/htdocs/lieferando/library/Zend/Application/Bootstrap/Bootstrap.php:97]
#7 run() called at [/home/ydadmin/htdocs/lieferando/library/Zend/Application.php:366]
#8 run() called at [/home/ydadmin/htdocs/lieferando/public/index.php:118]

2012-09-30T16:39:57+02:00 DEBUG (7): ydadmin-ThinkPad-X220-Tablet serving lieferando.de.testing SMARTY: rendering template error/error.htm 
2012-09-30T16:42:04+02:00 ERR (3): ydadmin-ThinkPad-X220-Tablet serving lieferando.de.testing API - MEAL - GET: Phoneorder for this restaurant not possible #0 log() called at [/home/ydadmin/htdocs/lieferando/library/Yourdelivery/Log.php:68]
#1 __call() called at [/home/ydadmin/htdocs/lieferando/application/controllers/Get/Phoneorder/MealController.php:40]
#2 err() called at [/home/ydadmin/htdocs/lieferando/application/controllers/Get/Phoneorder/MealController.php:40]
#3 indexAction() called at [/home/ydadmin/htdocs/lieferando/library/Zend/Controller/Action.php:513]
#4 dispatch() called at [/home/ydadmin/htdocs/lieferando/library/Zend/Controller/Dispatcher/Standard.php:289]
#5 dispatch() called at [/home/ydadmin/htdocs/lieferando/library/Zend/Controller/Front.php:954]
#6 dispatch() called at [/home/ydadmin/htdocs/lieferando/library/Zend/Application/Bootstrap/Bootstrap.php:97]
#7 run() called at [/home/ydadmin/htdocs/lieferando/library/Zend/Application.php:366]
#8 run() called at [/home/ydadmin/htdocs/lieferando/public/index.php:118]

2012-09-30T16:42:04+02:00 ERR (3): ydadmin-ThinkPad-X220-Tablet serving lieferando.de.testing API - MEAL - GET: No service found for phonenumber #0 log() called at [/home/ydadmin/htdocs/lieferando/library/Yourdelivery/Log.php:68]
#1 __call() called at [/home/ydadmin/htdocs/lieferando/application/controllers/Get/Phoneorder/ServiceController.php:39]
#2 err() called at [/home/ydadmin/htdocs/lieferando/application/controllers/Get/Phoneorder/ServiceController.php:39]
#3 getAction() called at [/home/ydadmin/htdocs/lieferando/library/Zend/Controller/Action.php:513]
#4 dispatch() called at [/home/ydadmin/htdocs/lieferando/library/Zend/Controller/Dispatcher/Standard.php:289]
#5 dispatch() called at [/home/ydadmin/htdocs/lieferando/library/Zend/Controller/Front.php:954]
#6 dispatch() called at [/home/ydadmin/htdocs/lieferando/library/Zend/Application/Bootstrap/Bootstrap.php:97]
#7 run() called at [/home/ydadmin/htdocs/lieferando/library/Zend/Application.php:366]
#8 run() called at [/home/ydadmin/htdocs/lieferando/public/index.php:118]

2012-09-30T17:48:48+02:00 DEBUG (7): ydadmin-ThinkPad-X220-Tablet serving lieferando.de.testing SMARTY: rendering template index/index.htm 
2012-09-30T17:48:48+02:00 DEBUG (7): ydadmin-ThinkPad-X220-Tablet serving lieferando.de.testing SMARTY: caching /home/ydadmin/htdocs/lieferando/application/../public/cache/html/www.yourdelivery.test/index.html 
2012-09-30T17:50:29+02:00 INFO (6): ydadmin-ThinkPad-X220-Tablet serving lieferando.de.testing found 70 online and 3 offline services in #19075 
2012-09-30T17:50:29+02:00 DEBUG (7): ydadmin-ThinkPad-X220-Tablet serving lieferando.de.testing SMARTY: rendering template order/basis/service.htm 
2012-09-30T17:50:31+02:00 INFO (6): ydadmin-ThinkPad-X220-Tablet serving lieferando.de.testing found 70 online and 3 offline services in #19075 
2012-09-30T17:50:31+02:00 DEBUG (7): ydadmin-ThinkPad-X220-Tablet serving lieferando.de.testing SMARTY: rendering template order/basis/service.htm 
2012-09-30T17:50:36+02:00 DEBUG (7): ydadmin-ThinkPad-X220-Tablet serving lieferando.de.testing SMARTY: caching /home/ydadmin/htdocs/lieferando/application/../public/cache/html/www.yourdelivery.test/lieferservice-hannover-mitte-30159.html 
2012-09-30T17:50:46+02:00 DEBUG (7): ydadmin-ThinkPad-X220-Tablet serving lieferando.de.testing SMARTY: rendering template request/order/serviceinfo.htm 
2012-09-30T17:50:46+02:00 DEBUG (7): ydadmin-ThinkPad-X220-Tablet serving lieferando.de.testing SMARTY: caching /home/ydadmin/htdocs/lieferando/application/../public/cache/html/www.yourdelivery.test/request_order/serviceinfo/id/15465.html 
2012-09-30T17:50:50+02:00 DEBUG (7): ydadmin-ThinkPad-X220-Tablet serving lieferando.de.testing SMARTY: rendering template order/basis/menu.htm 
2012-09-30T19:46:21+02:00 DEBUG (7): ydadmin-ThinkPad-X220-Tablet serving lieferando.de.testing SMARTY: rendering template order/basis/menu.htm 
2012-09-30T19:46:48+02:00 DEBUG (7): ydadmin-ThinkPad-X220-Tablet serving lieferando.de.testing SMARTY: rendering template order/basis/menu.htm 
2012-09-30T19:47:25+02:00 DEBUG (7): ydadmin-ThinkPad-X220-Tablet serving lieferando.de.testing SMARTY: rendering template order/basis/menu.htm 
2012-09-30T19:47:27+02:00 DEBUG (7): ydadmin-ThinkPad-X220-Tablet serving lieferando.de.testing SMARTY: caching /home/ydadmin/htdocs/lieferando/application/../public/cache/html/www.yourdelivery.test/lieferservice-pizza-96-hannover.html 
2012-09-30T19:48:50+02:00 DEBUG (7): ydadmin-ThinkPad-X220-Tablet serving lieferando.de.testing SMARTY: rendering template order/basis/menu.htm 
2012-09-30T19:48:52+02:00 DEBUG (7): ydadmin-ThinkPad-X220-Tablet serving lieferando.de.testing SMARTY: caching /home/ydadmin/htdocs/lieferando/application/../public/cache/html/www.yourdelivery.test/lieferservice-pizza-96-hannover.html 
2012-09-30T19:49:59+02:00 DEBUG (7): ydadmin-ThinkPad-X220-Tablet serving lieferando.de.testing SMARTY: rendering template order/basis/menu.htm 
2012-09-30T19:51:15+02:00 DEBUG (7): ydadmin-ThinkPad-X220-Tablet serving lieferando.de.testing SMARTY: rendering template order/basis/menu.htm 
2012-09-30T19:51:16+02:00 DEBUG (7): ydadmin-ThinkPad-X220-Tablet serving lieferando.de.testing SMARTY: caching /home/ydadmin/htdocs/lieferando/application/../public/cache/html/www.yourdelivery.test/lieferservice-pizza-96-hannover.html 
2012-09-30T19:52:15+02:00 DEBUG (7): ydadmin-ThinkPad-X220-Tablet serving lieferando.de.testing SMARTY: rendering template order/basis/menu.htm 
2012-09-30T19:52:17+02:00 DEBUG (7): ydadmin-ThinkPad-X220-Tablet serving lieferando.de.testing SMARTY: caching /home/ydadmin/htdocs/lieferando/application/../public/cache/html/www.yourdelivery.test/lieferservice-pizza-96-hannover.html 
2012-09-30T20:19:34+02:00 DEBUG (7): ydadmin-ThinkPad-X220-Tablet serving lieferando.de.testing SMARTY: rendering template order/basis/menu.htm 
2012-09-30T20:19:36+02:00 DEBUG (7): ydadmin-ThinkPad-X220-Tablet serving lieferando.de.testing SMARTY: caching /home/ydadmin/htdocs/lieferando/application/../public/cache/html/www.yourdelivery.test/lieferservice-pizza-96-hannover.html 
2012-09-30T20:23:40+02:00 DEBUG (7): ydadmin-ThinkPad-X220-Tablet serving lieferando.de.testing SMARTY: rendering template order/basis/menu.htm 
2012-09-30T20:23:42+02:00 DEBUG (7): ydadmin-ThinkPad-X220-Tablet serving lieferando.de.testing SMARTY: caching /home/ydadmin/htdocs/lieferando/application/../public/cache/html/www.yourdelivery.test/lieferservice-pizza-96-hannover.html 
2012-09-30T20:24:27+02:00 DEBUG (7): ydadmin-ThinkPad-X220-Tablet serving lieferando.de.testing SMARTY: rendering template order/basis/menu.htm 
2012-09-30T20:24:28+02:00 DEBUG (7): ydadmin-ThinkPad-X220-Tablet serving lieferando.de.testing SMARTY: caching /home/ydadmin/htdocs/lieferando/application/../public/cache/html/www.yourdelivery.test/lieferservice-pizza-96-hannover.html 
2012-09-30T20:26:48+02:00 DEBUG (7): ydadmin-ThinkPad-X220-Tablet serving lieferando.de.testing SMARTY: rendering template order/basis/menu.htm 
2012-09-30T20:26:50+02:00 DEBUG (7): ydadmin-ThinkPad-X220-Tablet serving lieferando.de.testing SMARTY: caching /home/ydadmin/htdocs/lieferando/application/../public/cache/html/www.yourdelivery.test/lieferservice-pizza-96-hannover.html 
2012-09-30T20:27:51+02:00 DEBUG (7): ydadmin-ThinkPad-X220-Tablet serving lieferando.de.testing SMARTY: rendering template order/basis/menu.htm 
2012-09-30T20:27:52+02:00 DEBUG (7): ydadmin-ThinkPad-X220-Tablet serving lieferando.de.testing SMARTY: caching /home/ydadmin/htdocs/lieferando/application/../public/cache/html/www.yourdelivery.test/lieferservice-pizza-96-hannover.html 
2012-09-30T20:29:03+02:00 DEBUG (7): ydadmin-ThinkPad-X220-Tablet serving lieferando.de.testing SMARTY: rendering template order/basis/menu.htm 
2012-09-30T20:29:05+02:00 DEBUG (7): ydadmin-ThinkPad-X220-Tablet serving lieferando.de.testing SMARTY: caching /home/ydadmin/htdocs/lieferando/application/../public/cache/html/www.yourdelivery.test/lieferservice-pizza-96-hannover.html 
2012-09-30T20:56:12+02:00 DEBUG (7): ydadmin-ThinkPad-X220-Tablet serving lieferando.de.testing saved model Yourdelivery_Model_Order_Private with id #1299599 new data :: Array(    [customer] =>     [nr] => 04713886    [time] => 2012-09-30 20:56:12    [deliverTime] => 2012-09-30 20:56:12    [mode] => rest    [kind] => priv    [ident] => OyAIglZeabqXsocXEsu1    [serviceId] => 15023    [restaurantId] => 15023    [currentPayment] => bar    [payment] => bar    [total] => 580    [courier] =>     [courierCost] => 0    [serviceDeliverCost] => 100    [charge] => 0    [contract] => 1    [ipAddr] => 127.0.0.1    [domain] => www.yourdelivery.test) 
2012-09-30T20:56:12+02:00 ERR (3): ydadmin-ThinkPad-X220-Tablet serving lieferando.de.testing API - ORDER - POST:Bestellung fehlgeschlagen: Could not store order data: SQLSTATE[23000]: Integrity constraint violation: 1048 Column 'email' cannot be null#0 /home/ydadmin/htdocs/lieferando/library/Zend/Db/Statement.php(320): Zend_Db_Statement_Pdo->_execute(Array)
#1 /home/ydadmin/htdocs/lieferando/library/Zend/Db/Adapter/Abstract.php(468): Zend_Db_Statement->execute(Array)
#2 /home/ydadmin/htdocs/lieferando/library/Zend/Db/Adapter/Pdo/Abstract.php(238): Zend_Db_Adapter_Abstract->query('INSERT INTO `or...', Array)
#3 /home/ydadmin/htdocs/lieferando/library/Zend/Db/Adapter/Abstract.php(546): Zend_Db_Adapter_Pdo_Abstract->query('INSERT INTO `or...', Array)
#4 /home/ydadmin/htdocs/lieferando/library/Zend/Db/Table/Abstract.php(1052): Zend_Db_Adapter_Abstract->insert('orders_customer', Array)
#5 /home/ydadmin/htdocs/lieferando/library/Default/Model/DbTable/Base.php(134): Zend_Db_Table_Abstract->insert(Array)
#6 /home/ydadmin/htdocs/lieferando/library/Zend/Db/Table/Row/Abstract.php(467): Default_Model_DbTable_Base->insert(Array)
#7 /home/ydadmin/htdocs/lieferando/library/Zend/Db/Table/Row/Abstract.php(438): Zend_Db_Table_Row_Abstract->_doInsert()
#8 /home/ydadmin/htdocs/lieferando/application/models/DbTable/Order.php(852): Zend_Db_Table_Row_Abstract->save()
#9 /home/ydadmin/htdocs/lieferando/application/models/Order/Abstract.php(1202): Yourdelivery_Model_DbTable_Order->storeCustomer(Object(Yourdelivery_Model_Customer_Anonym))
#10 /home/ydadmin/htdocs/lieferando/application/models/Order/Abstract.php(1025): Yourdelivery_Model_Order_Abstract->postFinish()
#11 /home/ydadmin/htdocs/lieferando/application/controllers/Get/Phoneorder/OrderController.php(107): Yourdelivery_Model_Order_Abstract->finish()
#12 /home/ydadmin/htdocs/lieferando/library/Zend/Controller/Action.php(513): Get_Phoneorder_OrderController->postAction()
#13 /home/ydadmin/htdocs/lieferando/library/Zend/Controller/Dispatcher/Standard.php(289): Zend_Controller_Action->dispatch('postAction')
#14 /home/ydadmin/htdocs/lieferando/library/Zend/Controller/Front.php(954): Zend_Controller_Dispatcher_Standard->dispatch(Object(Zend_Controller_Request_Http), Object(Zend_Controller_Response_Http))
#15 /home/ydadmin/htdocs/lieferando/library/Zend/Application/Bootstrap/Bootstrap.php(97): Zend_Controller_Front->dispatch()
#16 /home/ydadmin/htdocs/lieferando/library/Zend/Application.php(366): Zend_Application_Bootstrap_Bootstrap->run()
#17 /home/ydadmin/htdocs/lieferando/public/index.php(118): Zend_Application->run()
#18 {main} #0 log() called at [/home/ydadmin/htdocs/lieferando/library/Yourdelivery/Log.php:68]
#1 __call() called at [/home/ydadmin/htdocs/lieferando/application/controllers/Get/Phoneorder/OrderController.php:166]
#2 err() called at [/home/ydadmin/htdocs/lieferando/application/controllers/Get/Phoneorder/OrderController.php:166]
#3 postAction() called at [/home/ydadmin/htdocs/lieferando/library/Zend/Controller/Action.php:513]
#4 dispatch() called at [/home/ydadmin/htdocs/lieferando/library/Zend/Controller/Dispatcher/Standard.php:289]
#5 dispatch() called at [/home/ydadmin/htdocs/lieferando/library/Zend/Controller/Front.php:954]
#6 dispatch() called at [/home/ydadmin/htdocs/lieferando/library/Zend/Application/Bootstrap/Bootstrap.php:97]
#7 run() called at [/home/ydadmin/htdocs/lieferando/library/Zend/Application.php:366]
#8 run() called at [/home/ydadmin/htdocs/lieferando/public/index.php:118]

2012-09-30T20:57:07+02:00 DEBUG (7): ydadmin-ThinkPad-X220-Tablet serving lieferando.de.testing saved model Yourdelivery_Model_Order_Private with id #1299600 new data :: Array(    [customer] =>     [nr] => 66996999    [time] => 2012-09-30 20:57:07    [deliverTime] => 2012-09-30 20:57:07    [mode] => rest    [kind] => priv    [ident] => VwCD9MWcohxXMaX3Rvlq    [serviceId] => 15023    [restaurantId] => 15023    [currentPayment] => bar    [payment] => bar    [total] => 580    [courier] =>     [courierCost] => 0    [serviceDeliverCost] => 100    [charge] => 0    [contract] => 1    [ipAddr] => 127.0.0.1    [domain] => www.yourdelivery.test) 
2012-09-30T20:57:07+02:00 DEBUG (7): ydadmin-ThinkPad-X220-Tablet serving lieferando.de.testing saved model Yourdelivery_Model_Order_Deliverdelay with id #7 new data :: Array(    [serviceDeliverDelay] => 2400    [courierDeliverDelay] => 0    [orderId] => 1299600) 
2012-09-30T20:57:07+02:00 DEBUG (7): ydadmin-ThinkPad-X220-Tablet serving lieferando.de.testing found 10 points for action order 
2012-09-30T20:57:07+02:00 DEBUG (7): ydadmin-ThinkPad-X220-Tablet serving lieferando.de.testing saved model Yourdelivery_Model_Customer_FidelityTransaction with id #1270703 new data :: Array(    [email] => jonz    [action] => order    [status] => 0    [points] => 10    [transactionData] => 1299600) 
2012-09-30T20:57:07+02:00 INFO (6): ydadmin-ThinkPad-X220-Tablet serving lieferando.de.testing successfully added 10 points to customer jonz for action order 
2012-09-30T20:57:07+02:00 DEBUG (7): ydadmin-ThinkPad-X220-Tablet serving lieferando.de.testing CUSTOMER FIDELITY - cache cleared for transactionsfidelity4bf1f66ab84ae002afbac864f19e36d1 
2012-09-30T20:57:07+02:00 DEBUG (7): ydadmin-ThinkPad-X220-Tablet serving lieferando.de.testing CUSTOMER FIDELITY - cache cleared for open1fidelity4bf1f66ab84ae002afbac864f19e36d1 
2012-09-30T20:57:07+02:00 DEBUG (7): ydadmin-ThinkPad-X220-Tablet serving lieferando.de.testing CUSTOMER FIDELITY - cache cleared for open0fidelity4bf1f66ab84ae002afbac864f19e36d1 
2012-09-30T20:57:08+02:00 DEBUG (7): ydadmin-ThinkPad-X220-Tablet serving lieferando.de.testing Status Wechsel in Order Tabelle: #1299600 - alter Status: 0 - neuer Status: 0 
2012-09-30T20:57:08+02:00 DEBUG (7): ydadmin-ThinkPad-X220-Tablet serving lieferando.de.testing New order status entry id: 1299600, status: 0 
2012-09-30T20:57:08+02:00 DEBUG (7): ydadmin-ThinkPad-X220-Tablet serving lieferando.de.testing updating model Default_Model_Base #1270703 with modified data :: Array(    [email] => jonz    [transactionData] => 1299600    [status] => 0    [action] => order    [points] => 10    [updated] => 2012-09-30 20:57:08) 
2012-09-30T20:57:08+02:00 INFO (6): ydadmin-ThinkPad-X220-Tablet serving lieferando.de.testing successfully modifed transaction #1270703 of customer jonz to status 0 
2012-09-30T20:57:08+02:00 DEBUG (7): ydadmin-ThinkPad-X220-Tablet serving lieferando.de.testing CUSTOMER FIDELITY - cache cleared for transactionsfidelity4bf1f66ab84ae002afbac864f19e36d1 
2012-09-30T20:57:08+02:00 DEBUG (7): ydadmin-ThinkPad-X220-Tablet serving lieferando.de.testing CUSTOMER FIDELITY - cache cleared for open1fidelity4bf1f66ab84ae002afbac864f19e36d1 
2012-09-30T20:57:08+02:00 DEBUG (7): ydadmin-ThinkPad-X220-Tablet serving lieferando.de.testing CUSTOMER FIDELITY - cache cleared for open0fidelity4bf1f66ab84ae002afbac864f19e36d1 
2012-09-30T20:57:08+02:00 INFO (6): ydadmin-ThinkPad-X220-Tablet serving lieferando.de.testing handlePartnerLocation: last status for order #1299600 is  
2012-09-30T20:57:08+02:00 DEBUG (7): ydadmin-ThinkPad-X220-Tablet serving lieferando.de.testing saved model Yourdelivery_Model_Order_Sendby with id #680328 new data :: Array(    [orderId] => 1299600    [sendBy] => all) 
2012-09-30T20:57:08+02:00 DEBUG (7): ydadmin-ThinkPad-X220-Tablet serving lieferando.de.testing Status Wechsel in Order Tabelle: #1299600 - alter Status: 0 - neuer Status: 0 
2012-09-30T20:57:08+02:00 DEBUG (7): ydadmin-ThinkPad-X220-Tablet serving lieferando.de.testing New order status entry id: 1299600, status: 0 
2012-09-30T20:57:08+02:00 DEBUG (7): ydadmin-ThinkPad-X220-Tablet serving lieferando.de.testing updating model Default_Model_Base #1270703 with modified data :: Array(    [email] => jonz    [transactionData] => 1299600    [status] => 0    [action] => order    [points] => 10    [updated] => 2012-09-30 20:57:08) 
2012-09-30T20:57:08+02:00 INFO (6): ydadmin-ThinkPad-X220-Tablet serving lieferando.de.testing successfully modifed transaction #1270703 of customer jonz to status 0 
2012-09-30T20:57:08+02:00 DEBUG (7): ydadmin-ThinkPad-X220-Tablet serving lieferando.de.testing CUSTOMER FIDELITY - cache cleared for transactionsfidelity4bf1f66ab84ae002afbac864f19e36d1 
2012-09-30T20:57:08+02:00 DEBUG (7): ydadmin-ThinkPad-X220-Tablet serving lieferando.de.testing CUSTOMER FIDELITY - cache cleared for open1fidelity4bf1f66ab84ae002afbac864f19e36d1 
2012-09-30T20:57:08+02:00 DEBUG (7): ydadmin-ThinkPad-X220-Tablet serving lieferando.de.testing CUSTOMER FIDELITY - cache cleared for open0fidelity4bf1f66ab84ae002afbac864f19e36d1 
2012-09-30T20:57:08+02:00 INFO (6): ydadmin-ThinkPad-X220-Tablet serving lieferando.de.testing handlePartnerLocation: last status for order #1299600 is  
2012-09-30T20:57:08+02:00 DEBUG (7): ydadmin-ThinkPad-X220-Tablet serving lieferando.de.testing order pdf for order 1299600 does not exists yet, generating and returning 
2012-09-30T20:57:09+02:00 INFO (6): ydadmin-ThinkPad-X220-Tablet serving lieferando.de.testing INTERFAX: succesfully send out fax 1299600-ordersheet-restaurant.pdf to 05114500714 
2012-09-30T20:57:10+02:00 DEBUG (7): ydadmin-ThinkPad-X220-Tablet serving lieferando.de.testing order pdf /home/ydadmin/htdocs/lieferando/application/../storage/orders//30-09-2012/1299600-ordersheet-restaurant.pdf already exists, returning but not regenerating 
2012-09-30T20:57:10+02:00 DEBUG (7): ydadmin-ThinkPad-X220-Tablet serving lieferando.de.testing Status Wechsel in Order Tabelle: #1299600 - alter Status: 0 - neuer Status: 1 
2012-09-30T20:57:10+02:00 DEBUG (7): ydadmin-ThinkPad-X220-Tablet serving lieferando.de.testing New order status entry id: 1299600, status: 1 
2012-09-30T20:57:10+02:00 DEBUG (7): ydadmin-ThinkPad-X220-Tablet serving lieferando.de.testing updating model Default_Model_Base #1270703 with modified data :: Array(    [email] => jonz    [transactionData] => 1299600    [status] => 0    [action] => order    [points] => 10    [updated] => 2012-09-30 20:57:10) 
2012-09-30T20:57:10+02:00 INFO (6): ydadmin-ThinkPad-X220-Tablet serving lieferando.de.testing successfully modifed transaction #1270703 of customer jonz to status 0 
2012-09-30T20:57:10+02:00 DEBUG (7): ydadmin-ThinkPad-X220-Tablet serving lieferando.de.testing CUSTOMER FIDELITY - cache cleared for transactionsfidelity4bf1f66ab84ae002afbac864f19e36d1 
2012-09-30T20:57:10+02:00 DEBUG (7): ydadmin-ThinkPad-X220-Tablet serving lieferando.de.testing CUSTOMER FIDELITY - cache cleared for open1fidelity4bf1f66ab84ae002afbac864f19e36d1 
2012-09-30T20:57:10+02:00 DEBUG (7): ydadmin-ThinkPad-X220-Tablet serving lieferando.de.testing CUSTOMER FIDELITY - cache cleared for open0fidelity4bf1f66ab84ae002afbac864f19e36d1 
2012-09-30T20:57:10+02:00 INFO (6): ydadmin-ThinkPad-X220-Tablet serving lieferando.de.testing handlePartnerLocation: last status for order #1299600 is  
2012-09-30T20:57:10+02:00 INFO (6): ydadmin-ThinkPad-X220-Tablet serving lieferando.de.testing handlePartnerLocation: created new row #1 for order #1299600 
2012-09-30T20:57:10+02:00 DEBUG (7): ydadmin-ThinkPad-X220-Tablet serving lieferando.de.testing saved model Yourdelivery_Model_Customer with id #258469 new data :: Array(    [name] => ezt    [prename] => ret    [email] => jonz    [tel] =>     [password] => d41d8cd98f00b204e9800998ecf8427e) 
2012-09-30T20:57:10+02:00 DEBUG (7): ydadmin-ThinkPad-X220-Tablet serving lieferando.de.testing found 20 points for action register 
2012-09-30T20:57:10+02:00 DEBUG (7): ydadmin-ThinkPad-X220-Tablet serving lieferando.de.testing saved model Yourdelivery_Model_Customer_FidelityTransaction with id #1270704 new data :: Array(    [email] => jonz    [action] => register    [status] => 0    [points] => 20    [transactionData] => 258469) 
2012-09-30T20:57:10+02:00 INFO (6): ydadmin-ThinkPad-X220-Tablet serving lieferando.de.testing successfully added 20 points to customer jonz for action register 
2012-09-30T20:57:10+02:00 DEBUG (7): ydadmin-ThinkPad-X220-Tablet serving lieferando.de.testing CUSTOMER FIDELITY - cache cleared for transactionsfidelity4bf1f66ab84ae002afbac864f19e36d1 
2012-09-30T20:57:10+02:00 DEBUG (7): ydadmin-ThinkPad-X220-Tablet serving lieferando.de.testing CUSTOMER FIDELITY - cache cleared for open1fidelity4bf1f66ab84ae002afbac864f19e36d1 
2012-09-30T20:57:10+02:00 DEBUG (7): ydadmin-ThinkPad-X220-Tablet serving lieferando.de.testing CUSTOMER FIDELITY - cache cleared for open0fidelity4bf1f66ab84ae002afbac864f19e36d1 
2012-09-30T20:57:10+02:00 INFO (6): ydadmin-ThinkPad-X220-Tablet serving lieferando.de.testing customer #258469 successfully registered, added 20 fidelity points 
2012-09-30T20:57:10+02:00 DEBUG (7): ydadmin-ThinkPad-X220-Tablet serving lieferando.de.testing found 5 points for action registeraftersale 
2012-09-30T20:57:10+02:00 DEBUG (7): ydadmin-ThinkPad-X220-Tablet serving lieferando.de.testing saved model Yourdelivery_Model_Customer_FidelityTransaction with id #1270705 new data :: Array(    [email] => jonz    [action] => registeraftersale    [status] => 0    [points] => 5    [transactionData] => 258469) 
2012-09-30T20:57:10+02:00 INFO (6): ydadmin-ThinkPad-X220-Tablet serving lieferando.de.testing successfully added 5 points to customer jonz for action registeraftersale 
2012-09-30T20:57:10+02:00 DEBUG (7): ydadmin-ThinkPad-X220-Tablet serving lieferando.de.testing CUSTOMER FIDELITY - cache cleared for transactionsfidelity4bf1f66ab84ae002afbac864f19e36d1 
2012-09-30T20:57:10+02:00 DEBUG (7): ydadmin-ThinkPad-X220-Tablet serving lieferando.de.testing CUSTOMER FIDELITY - cache cleared for open1fidelity4bf1f66ab84ae002afbac864f19e36d1 
2012-09-30T20:57:10+02:00 DEBUG (7): ydadmin-ThinkPad-X220-Tablet serving lieferando.de.testing CUSTOMER FIDELITY - cache cleared for open0fidelity4bf1f66ab84ae002afbac864f19e36d1 
2012-09-30T20:57:11+02:00 DEBUG (7): ydadmin-ThinkPad-X220-Tablet serving lieferando.de.testing saved model Yourdelivery_Model_Location with id #236449 new data :: Array(    [cityId] => 2154    [street] => ezt    [hausnr] => 345    [tel] => ert    [comment] =>     [companyName] => er    [customerId] => 258469    [primary] => 1    [plz] => 30159) 
2012-09-30T20:57:11+02:00 DEBUG (7): ydadmin-ThinkPad-X220-Tablet serving lieferando.de.testing updating model Default_Model_Base #258469 with modified data :: Array(    [title] => Herr/Frau    [name] => ezt    [prename] => ret    [email] => jonz    [password] => aa1260f610c775539417f739541f9d39    [lang] => de    [sex] => n    [tel] =>     [privmail] =>     [autologin] => 0    [start] => 1    [lastlogin] => 0000-00-00 00:00:00    [countLogin] => 0    [deleted] => 0    [permanentDiscountId] =>     [ktoName] =>     [ktoNr] =>     [ktoBlz] =>     [updated] => 2012-09-30 20:57:11    [birthday] => 0000-00-00    [source] =>     [addition] =>     [facebookId] =>     [facebookPost] => 1    [profileImage] =>     [nickname] =>     [whitelist] => 0    [anrede] => Herr/Frau) 
2012-09-30T20:57:13+02:00 DEBUG (7): ydadmin-ThinkPad-X220-Tablet serving lieferando.de.testing PIWIK: tracking goal registerAfterSale with revenue 0 
2012-09-30T20:57:14+02:00 DEBUG (7): ydadmin-ThinkPad-X220-Tablet serving lieferando.de.testing PIWIK: tracking goal phoneOrderSuccess with revenue 0 
2012-09-30T21:08:14+02:00 DEBUG (7): ydadmin-ThinkPad-X220-Tablet serving lieferando.de.testing saved model Yourdelivery_Model_Order_Private with id #1299601 new data :: Array(    [customer] =>     [nr] => 12748935    [time] => 2012-09-30 21:08:14    [deliverTime] => 2012-09-30 21:08:14    [mode] => rest    [kind] => priv    [ident] => bTJC0tNzblJB9mjDuDNR    [serviceId] => 15023    [restaurantId] => 15023    [currentPayment] => bar    [payment] => bar    [total] => 690    [courier] =>     [courierCost] => 0    [serviceDeliverCost] => 100    [charge] => 0    [contract] => 1    [ipAddr] => 127.0.0.1    [domain] => www.yourdelivery.test) 
2012-09-30T21:08:14+02:00 ERR (3): ydadmin-ThinkPad-X220-Tablet serving lieferando.de.testing API - ORDER - POST:Bestellung fehlgeschlagen: Could not store order data: SQLSTATE[23000]: Integrity constraint violation: 1048 Column 'street' cannot be null#0 /home/ydadmin/htdocs/lieferando/library/Zend/Db/Statement.php(320): Zend_Db_Statement_Pdo->_execute(Array)
#1 /home/ydadmin/htdocs/lieferando/library/Zend/Db/Adapter/Abstract.php(468): Zend_Db_Statement->execute(Array)
#2 /home/ydadmin/htdocs/lieferando/library/Zend/Db/Adapter/Pdo/Abstract.php(238): Zend_Db_Adapter_Abstract->query('INSERT INTO `or...', Array)
#3 /home/ydadmin/htdocs/lieferando/library/Zend/Db/Adapter/Abstract.php(546): Zend_Db_Adapter_Pdo_Abstract->query('INSERT INTO `or...', Array)
#4 /home/ydadmin/htdocs/lieferando/library/Zend/Db/Table/Abstract.php(1052): Zend_Db_Adapter_Abstract->insert('orders_location', Array)
#5 /home/ydadmin/htdocs/lieferando/library/Default/Model/DbTable/Base.php(134): Zend_Db_Table_Abstract->insert(Array)
#6 /home/ydadmin/htdocs/lieferando/library/Zend/Db/Table/Row/Abstract.php(467): Default_Model_DbTable_Base->insert(Array)
#7 /home/ydadmin/htdocs/lieferando/library/Zend/Db/Table/Row/Abstract.php(438): Zend_Db_Table_Row_Abstract->_doInsert()
#8 /home/ydadmin/htdocs/lieferando/application/models/DbTable/Order.php(879): Zend_Db_Table_Row_Abstract->save()
#9 /home/ydadmin/htdocs/lieferando/application/models/Order/Abstract.php(1199): Yourdelivery_Model_DbTable_Order->storeLocation(Object(Yourdelivery_Model_Location))
#10 /home/ydadmin/htdocs/lieferando/application/models/Order/Abstract.php(1025): Yourdelivery_Model_Order_Abstract->postFinish()
#11 /home/ydadmin/htdocs/lieferando/application/controllers/Get/Phoneorder/OrderController.php(107): Yourdelivery_Model_Order_Abstract->finish()
#12 /home/ydadmin/htdocs/lieferando/library/Zend/Controller/Action.php(513): Get_Phoneorder_OrderController->postAction()
#13 /home/ydadmin/htdocs/lieferando/library/Zend/Controller/Dispatcher/Standard.php(289): Zend_Controller_Action->dispatch('postAction')
#14 /home/ydadmin/htdocs/lieferando/library/Zend/Controller/Front.php(954): Zend_Controller_Dispatcher_Standard->dispatch(Object(Zend_Controller_Request_Http), Object(Zend_Controller_Response_Http))
#15 /home/ydadmin/htdocs/lieferando/library/Zend/Application/Bootstrap/Bootstrap.php(97): Zend_Controller_Front->dispatch()
#16 /home/ydadmin/htdocs/lieferando/library/Zend/Application.php(366): Zend_Application_Bootstrap_Bootstrap->run()
#17 /home/ydadmin/htdocs/lieferando/public/index.php(118): Zend_Application->run()
#18 {main} #0 log() called at [/home/ydadmin/htdocs/lieferando/library/Yourdelivery/Log.php:68]
#1 __call() called at [/home/ydadmin/htdocs/lieferando/application/controllers/Get/Phoneorder/OrderController.php:166]
#2 err() called at [/home/ydadmin/htdocs/lieferando/application/controllers/Get/Phoneorder/OrderController.php:166]
#3 postAction() called at [/home/ydadmin/htdocs/lieferando/library/Zend/Controller/Action.php:513]
#4 dispatch() called at [/home/ydadmin/htdocs/lieferando/library/Zend/Controller/Dispatcher/Standard.php:289]
#5 dispatch() called at [/home/ydadmin/htdocs/lieferando/library/Zend/Controller/Front.php:954]
#6 dispatch() called at [/home/ydadmin/htdocs/lieferando/library/Zend/Application/Bootstrap/Bootstrap.php:97]
#7 run() called at [/home/ydadmin/htdocs/lieferando/library/Zend/Application.php:366]
#8 run() called at [/home/ydadmin/htdocs/lieferando/public/index.php:118]

2012-09-30T21:08:32+02:00 DEBUG (7): ydadmin-ThinkPad-X220-Tablet serving lieferando.de.testing saved model Yourdelivery_Model_Order_Private with id #1299602 new data :: Array(    [customer] =>     [nr] => 08117816    [time] => 2012-09-30 21:08:32    [deliverTime] => 2012-09-30 21:08:32    [mode] => rest    [kind] => priv    [ident] => GdGYT6neGJwwybLgNyZZ    [serviceId] => 15023    [restaurantId] => 15023    [currentPayment] => bar    [payment] => bar    [total] => 690    [courier] =>     [courierCost] => 0    [serviceDeliverCost] => 100    [charge] => 0    [contract] => 1    [ipAddr] => 127.0.0.1    [domain] => www.yourdelivery.test) 
2012-09-30T21:08:32+02:00 ERR (3): ydadmin-ThinkPad-X220-Tablet serving lieferando.de.testing API - ORDER - POST:Bestellung fehlgeschlagen: Could not store order data: SQLSTATE[23000]: Integrity constraint violation: 1048 Column 'street' cannot be null#0 /home/ydadmin/htdocs/lieferando/library/Zend/Db/Statement.php(320): Zend_Db_Statement_Pdo->_execute(Array)
#1 /home/ydadmin/htdocs/lieferando/library/Zend/Db/Adapter/Abstract.php(468): Zend_Db_Statement->execute(Array)
#2 /home/ydadmin/htdocs/lieferando/library/Zend/Db/Adapter/Pdo/Abstract.php(238): Zend_Db_Adapter_Abstract->query('INSERT INTO `or...', Array)
#3 /home/ydadmin/htdocs/lieferando/library/Zend/Db/Adapter/Abstract.php(546): Zend_Db_Adapter_Pdo_Abstract->query('INSERT INTO `or...', Array)
#4 /home/ydadmin/htdocs/lieferando/library/Zend/Db/Table/Abstract.php(1052): Zend_Db_Adapter_Abstract->insert('orders_location', Array)
#5 /home/ydadmin/htdocs/lieferando/library/Default/Model/DbTable/Base.php(134): Zend_Db_Table_Abstract->insert(Array)
#6 /home/ydadmin/htdocs/lieferando/library/Zend/Db/Table/Row/Abstract.php(467): Default_Model_DbTable_Base->insert(Array)
#7 /home/ydadmin/htdocs/lieferando/library/Zend/Db/Table/Row/Abstract.php(438): Zend_Db_Table_Row_Abstract->_doInsert()
#8 /home/ydadmin/htdocs/lieferando/application/models/DbTable/Order.php(879): Zend_Db_Table_Row_Abstract->save()
#9 /home/ydadmin/htdocs/lieferando/application/models/Order/Abstract.php(1199): Yourdelivery_Model_DbTable_Order->storeLocation(Object(Yourdelivery_Model_Location))
#10 /home/ydadmin/htdocs/lieferando/application/models/Order/Abstract.php(1025): Yourdelivery_Model_Order_Abstract->postFinish()
#11 /home/ydadmin/htdocs/lieferando/application/controllers/Get/Phoneorder/OrderController.php(107): Yourdelivery_Model_Order_Abstract->finish()
#12 /home/ydadmin/htdocs/lieferando/library/Zend/Controller/Action.php(513): Get_Phoneorder_OrderController->postAction()
#13 /home/ydadmin/htdocs/lieferando/library/Zend/Controller/Dispatcher/Standard.php(289): Zend_Controller_Action->dispatch('postAction')
#14 /home/ydadmin/htdocs/lieferando/library/Zend/Controller/Front.php(954): Zend_Controller_Dispatcher_Standard->dispatch(Object(Zend_Controller_Request_Http), Object(Zend_Controller_Response_Http))
#15 /home/ydadmin/htdocs/lieferando/library/Zend/Application/Bootstrap/Bootstrap.php(97): Zend_Controller_Front->dispatch()
#16 /home/ydadmin/htdocs/lieferando/library/Zend/Application.php(366): Zend_Application_Bootstrap_Bootstrap->run()
#17 /home/ydadmin/htdocs/lieferando/public/index.php(118): Zend_Application->run()
#18 {main} #0 log() called at [/home/ydadmin/htdocs/lieferando/library/Yourdelivery/Log.php:68]
#1 __call() called at [/home/ydadmin/htdocs/lieferando/application/controllers/Get/Phoneorder/OrderController.php:166]
#2 err() called at [/home/ydadmin/htdocs/lieferando/application/controllers/Get/Phoneorder/OrderController.php:166]
#3 postAction() called at [/home/ydadmin/htdocs/lieferando/library/Zend/Controller/Action.php:513]
#4 dispatch() called at [/home/ydadmin/htdocs/lieferando/library/Zend/Controller/Dispatcher/Standard.php:289]
#5 dispatch() called at [/home/ydadmin/htdocs/lieferando/library/Zend/Controller/Front.php:954]
#6 dispatch() called at [/home/ydadmin/htdocs/lieferando/library/Zend/Application/Bootstrap/Bootstrap.php:97]
#7 run() called at [/home/ydadmin/htdocs/lieferando/library/Zend/Application.php:366]
#8 run() called at [/home/ydadmin/htdocs/lieferando/public/index.php:118]

2012-09-30T21:08:48+02:00 DEBUG (7): ydadmin-ThinkPad-X220-Tablet serving lieferando.de.testing saved model Yourdelivery_Model_Order_Private with id #1299603 new data :: Array(    [customer] =>     [nr] => 29707388    [time] => 2012-09-30 21:08:48    [deliverTime] => 2012-09-30 21:08:48    [mode] => rest    [kind] => priv    [ident] => KQ21qmpS774pD2Mqagd0    [serviceId] => 15023    [restaurantId] => 15023    [currentPayment] => bar    [payment] => bar    [total] => 580    [courier] =>     [courierCost] => 0    [serviceDeliverCost] => 100    [charge] => 0    [contract] => 1    [ipAddr] => 127.0.0.1    [domain] => www.yourdelivery.test) 
2012-09-30T21:08:48+02:00 ERR (3): ydadmin-ThinkPad-X220-Tablet serving lieferando.de.testing API - ORDER - POST:Bestellung fehlgeschlagen: Could not store order data: SQLSTATE[23000]: Integrity constraint violation: 1048 Column 'street' cannot be null#0 /home/ydadmin/htdocs/lieferando/library/Zend/Db/Statement.php(320): Zend_Db_Statement_Pdo->_execute(Array)
#1 /home/ydadmin/htdocs/lieferando/library/Zend/Db/Adapter/Abstract.php(468): Zend_Db_Statement->execute(Array)
#2 /home/ydadmin/htdocs/lieferando/library/Zend/Db/Adapter/Pdo/Abstract.php(238): Zend_Db_Adapter_Abstract->query('INSERT INTO `or...', Array)
#3 /home/ydadmin/htdocs/lieferando/library/Zend/Db/Adapter/Abstract.php(546): Zend_Db_Adapter_Pdo_Abstract->query('INSERT INTO `or...', Array)
#4 /home/ydadmin/htdocs/lieferando/library/Zend/Db/Table/Abstract.php(1052): Zend_Db_Adapter_Abstract->insert('orders_location', Array)
#5 /home/ydadmin/htdocs/lieferando/library/Default/Model/DbTable/Base.php(134): Zend_Db_Table_Abstract->insert(Array)
#6 /home/ydadmin/htdocs/lieferando/library/Zend/Db/Table/Row/Abstract.php(467): Default_Model_DbTable_Base->insert(Array)
#7 /home/ydadmin/htdocs/lieferando/library/Zend/Db/Table/Row/Abstract.php(438): Zend_Db_Table_Row_Abstract->_doInsert()
#8 /home/ydadmin/htdocs/lieferando/application/models/DbTable/Order.php(879): Zend_Db_Table_Row_Abstract->save()
#9 /home/ydadmin/htdocs/lieferando/application/models/Order/Abstract.php(1199): Yourdelivery_Model_DbTable_Order->storeLocation(Object(Yourdelivery_Model_Location))
#10 /home/ydadmin/htdocs/lieferando/application/models/Order/Abstract.php(1025): Yourdelivery_Model_Order_Abstract->postFinish()
#11 /home/ydadmin/htdocs/lieferando/application/controllers/Get/Phoneorder/OrderController.php(107): Yourdelivery_Model_Order_Abstract->finish()
#12 /home/ydadmin/htdocs/lieferando/library/Zend/Controller/Action.php(513): Get_Phoneorder_OrderController->postAction()
#13 /home/ydadmin/htdocs/lieferando/library/Zend/Controller/Dispatcher/Standard.php(289): Zend_Controller_Action->dispatch('postAction')
#14 /home/ydadmin/htdocs/lieferando/library/Zend/Controller/Front.php(954): Zend_Controller_Dispatcher_Standard->dispatch(Object(Zend_Controller_Request_Http), Object(Zend_Controller_Response_Http))
#15 /home/ydadmin/htdocs/lieferando/library/Zend/Application/Bootstrap/Bootstrap.php(97): Zend_Controller_Front->dispatch()
#16 /home/ydadmin/htdocs/lieferando/library/Zend/Application.php(366): Zend_Application_Bootstrap_Bootstrap->run()
#17 /home/ydadmin/htdocs/lieferando/public/index.php(118): Zend_Application->run()
#18 {main} #0 log() called at [/home/ydadmin/htdocs/lieferando/library/Yourdelivery/Log.php:68]
#1 __call() called at [/home/ydadmin/htdocs/lieferando/application/controllers/Get/Phoneorder/OrderController.php:166]
#2 err() called at [/home/ydadmin/htdocs/lieferando/application/controllers/Get/Phoneorder/OrderController.php:166]
#3 postAction() called at [/home/ydadmin/htdocs/lieferando/library/Zend/Controller/Action.php:513]
#4 dispatch() called at [/home/ydadmin/htdocs/lieferando/library/Zend/Controller/Dispatcher/Standard.php:289]
#5 dispatch() called at [/home/ydadmin/htdocs/lieferando/library/Zend/Controller/Front.php:954]
#6 dispatch() called at [/home/ydadmin/htdocs/lieferando/library/Zend/Application/Bootstrap/Bootstrap.php:97]
#7 run() called at [/home/ydadmin/htdocs/lieferando/library/Zend/Application.php:366]
#8 run() called at [/home/ydadmin/htdocs/lieferando/public/index.php:118]

2012-09-30T21:10:30+02:00 DEBUG (7): ydadmin-ThinkPad-X220-Tablet serving lieferando.de.testing saved model Yourdelivery_Model_Order_Private with id #1299604 new data :: Array(    [customer] =>     [nr] => 22146203    [time] => 2012-09-30 21:10:30    [deliverTime] => 2012-09-30 21:10:30    [mode] => rest    [kind] => priv    [ident] => wGcOovMkG3Ug6EJYTCh0    [serviceId] => 15023    [restaurantId] => 15023    [currentPayment] => bar    [payment] => bar    [total] => 580    [courier] =>     [courierCost] => 0    [serviceDeliverCost] => 100    [charge] => 0    [contract] => 1    [ipAddr] => 127.0.0.1    [domain] => www.yourdelivery.test) 
2012-09-30T21:10:30+02:00 DEBUG (7): ydadmin-ThinkPad-X220-Tablet serving lieferando.de.testing saved model Yourdelivery_Model_Order_Deliverdelay with id #8 new data :: Array(    [serviceDeliverDelay] => 2400    [courierDeliverDelay] => 0    [orderId] => 1299604) 
2012-09-30T21:10:30+02:00 DEBUG (7): ydadmin-ThinkPad-X220-Tablet serving lieferando.de.testing found 10 points for action order 
2012-09-30T21:10:30+02:00 DEBUG (7): ydadmin-ThinkPad-X220-Tablet serving lieferando.de.testing saved model Yourdelivery_Model_Customer_FidelityTransaction with id #1270706 new data :: Array(    [email] => dgfthrt@rezt.de    [action] => order    [status] => 0    [points] => 10    [transactionData] => 1299604) 
2012-09-30T21:10:30+02:00 INFO (6): ydadmin-ThinkPad-X220-Tablet serving lieferando.de.testing successfully added 10 points to customer dgfthrt@rezt.de for action order 
2012-09-30T21:10:30+02:00 DEBUG (7): ydadmin-ThinkPad-X220-Tablet serving lieferando.de.testing CUSTOMER FIDELITY - cache cleared for transactionsfidelity6eced40e264f74bd54d00eca67de50dc 
2012-09-30T21:10:30+02:00 DEBUG (7): ydadmin-ThinkPad-X220-Tablet serving lieferando.de.testing CUSTOMER FIDELITY - cache cleared for open1fidelity6eced40e264f74bd54d00eca67de50dc 
2012-09-30T21:10:30+02:00 DEBUG (7): ydadmin-ThinkPad-X220-Tablet serving lieferando.de.testing CUSTOMER FIDELITY - cache cleared for open0fidelity6eced40e264f74bd54d00eca67de50dc 
2012-09-30T21:10:30+02:00 DEBUG (7): ydadmin-ThinkPad-X220-Tablet serving lieferando.de.testing Status Wechsel in Order Tabelle: #1299604 - alter Status: 0 - neuer Status: 0 
2012-09-30T21:10:30+02:00 DEBUG (7): ydadmin-ThinkPad-X220-Tablet serving lieferando.de.testing New order status entry id: 1299604, status: 0 
2012-09-30T21:10:30+02:00 DEBUG (7): ydadmin-ThinkPad-X220-Tablet serving lieferando.de.testing updating model Default_Model_Base #1270706 with modified data :: Array(    [email] => dgfthrt@rezt.de    [transactionData] => 1299604    [status] => 0    [action] => order    [points] => 10    [updated] => 2012-09-30 21:10:30) 
2012-09-30T21:10:30+02:00 INFO (6): ydadmin-ThinkPad-X220-Tablet serving lieferando.de.testing successfully modifed transaction #1270706 of customer dgfthrt@rezt.de to status 0 
2012-09-30T21:10:30+02:00 DEBUG (7): ydadmin-ThinkPad-X220-Tablet serving lieferando.de.testing CUSTOMER FIDELITY - cache cleared for transactionsfidelity6eced40e264f74bd54d00eca67de50dc 
2012-09-30T21:10:30+02:00 DEBUG (7): ydadmin-ThinkPad-X220-Tablet serving lieferando.de.testing CUSTOMER FIDELITY - cache cleared for open1fidelity6eced40e264f74bd54d00eca67de50dc 
2012-09-30T21:10:30+02:00 DEBUG (7): ydadmin-ThinkPad-X220-Tablet serving lieferando.de.testing CUSTOMER FIDELITY - cache cleared for open0fidelity6eced40e264f74bd54d00eca67de50dc 
2012-09-30T21:10:30+02:00 INFO (6): ydadmin-ThinkPad-X220-Tablet serving lieferando.de.testing handlePartnerLocation: last status for order #1299604 is  
2012-09-30T21:10:30+02:00 DEBUG (7): ydadmin-ThinkPad-X220-Tablet serving lieferando.de.testing saved model Yourdelivery_Model_Order_Sendby with id #680329 new data :: Array(    [orderId] => 1299604    [sendBy] => all) 
2012-09-30T21:10:30+02:00 DEBUG (7): ydadmin-ThinkPad-X220-Tablet serving lieferando.de.testing Status Wechsel in Order Tabelle: #1299604 - alter Status: 0 - neuer Status: 0 
2012-09-30T21:10:30+02:00 DEBUG (7): ydadmin-ThinkPad-X220-Tablet serving lieferando.de.testing New order status entry id: 1299604, status: 0 
2012-09-30T21:10:30+02:00 DEBUG (7): ydadmin-ThinkPad-X220-Tablet serving lieferando.de.testing updating model Default_Model_Base #1270706 with modified data :: Array(    [email] => dgfthrt@rezt.de    [transactionData] => 1299604    [status] => 0    [action] => order    [points] => 10    [updated] => 2012-09-30 21:10:30) 
2012-09-30T21:10:30+02:00 INFO (6): ydadmin-ThinkPad-X220-Tablet serving lieferando.de.testing successfully modifed transaction #1270706 of customer dgfthrt@rezt.de to status 0 
2012-09-30T21:10:30+02:00 DEBUG (7): ydadmin-ThinkPad-X220-Tablet serving lieferando.de.testing CUSTOMER FIDELITY - cache cleared for transactionsfidelity6eced40e264f74bd54d00eca67de50dc 
2012-09-30T21:10:30+02:00 DEBUG (7): ydadmin-ThinkPad-X220-Tablet serving lieferando.de.testing CUSTOMER FIDELITY - cache cleared for open1fidelity6eced40e264f74bd54d00eca67de50dc 
2012-09-30T21:10:30+02:00 DEBUG (7): ydadmin-ThinkPad-X220-Tablet serving lieferando.de.testing CUSTOMER FIDELITY - cache cleared for open0fidelity6eced40e264f74bd54d00eca67de50dc 
2012-09-30T21:10:30+02:00 INFO (6): ydadmin-ThinkPad-X220-Tablet serving lieferando.de.testing handlePartnerLocation: last status for order #1299604 is  
2012-09-30T21:10:30+02:00 DEBUG (7): ydadmin-ThinkPad-X220-Tablet serving lieferando.de.testing order pdf for order 1299604 does not exists yet, generating and returning 
2012-09-30T21:10:30+02:00 INFO (6): ydadmin-ThinkPad-X220-Tablet serving lieferando.de.testing INTERFAX: succesfully send out fax 1299604-ordersheet-restaurant.pdf to 05114500714 
2012-09-30T21:10:30+02:00 DEBUG (7): ydadmin-ThinkPad-X220-Tablet serving lieferando.de.testing order pdf /home/ydadmin/htdocs/lieferando/application/../storage/orders//30-09-2012/1299604-ordersheet-restaurant.pdf already exists, returning but not regenerating 
2012-09-30T21:10:31+02:00 DEBUG (7): ydadmin-ThinkPad-X220-Tablet serving lieferando.de.testing Status Wechsel in Order Tabelle: #1299604 - alter Status: 0 - neuer Status: 1 
2012-09-30T21:10:31+02:00 DEBUG (7): ydadmin-ThinkPad-X220-Tablet serving lieferando.de.testing New order status entry id: 1299604, status: 1 
2012-09-30T21:10:31+02:00 DEBUG (7): ydadmin-ThinkPad-X220-Tablet serving lieferando.de.testing updating model Default_Model_Base #1270706 with modified data :: Array(    [email] => dgfthrt@rezt.de    [transactionData] => 1299604    [status] => 0    [action] => order    [points] => 10    [updated] => 2012-09-30 21:10:31) 
2012-09-30T21:10:31+02:00 INFO (6): ydadmin-ThinkPad-X220-Tablet serving lieferando.de.testing successfully modifed transaction #1270706 of customer dgfthrt@rezt.de to status 0 
2012-09-30T21:10:31+02:00 DEBUG (7): ydadmin-ThinkPad-X220-Tablet serving lieferando.de.testing CUSTOMER FIDELITY - cache cleared for transactionsfidelity6eced40e264f74bd54d00eca67de50dc 
2012-09-30T21:10:31+02:00 DEBUG (7): ydadmin-ThinkPad-X220-Tablet serving lieferando.de.testing CUSTOMER FIDELITY - cache cleared for open1fidelity6eced40e264f74bd54d00eca67de50dc 
2012-09-30T21:10:31+02:00 DEBUG (7): ydadmin-ThinkPad-X220-Tablet serving lieferando.de.testing CUSTOMER FIDELITY - cache cleared for open0fidelity6eced40e264f74bd54d00eca67de50dc 
2012-09-30T21:10:31+02:00 INFO (6): ydadmin-ThinkPad-X220-Tablet serving lieferando.de.testing handlePartnerLocation: last status for order #1299604 is  
2012-09-30T21:10:31+02:00 INFO (6): ydadmin-ThinkPad-X220-Tablet serving lieferando.de.testing handlePartnerLocation: created new row #2 for order #1299604 
2012-09-30T21:10:32+02:00 DEBUG (7): ydadmin-ThinkPad-X220-Tablet serving lieferando.de.testing saved model Yourdelivery_Model_Order_Private with id #1299605 new data :: Array(    [customer] =>     [nr] => 97066421    [time] => 2012-09-30 21:10:32    [deliverTime] => 2012-09-30 21:10:32    [mode] => rest    [kind] => priv    [ident] => ZL26KGujiE7LFz6b4Jua    [serviceId] => 15023    [restaurantId] => 15023    [currentPayment] => bar    [payment] => bar    [total] => 580    [courier] =>     [courierCost] => 0    [serviceDeliverCost] => 100    [charge] => 0    [contract] => 1    [ipAddr] => 127.0.0.1    [domain] => www.yourdelivery.test) 
2012-09-30T21:10:32+02:00 DEBUG (7): ydadmin-ThinkPad-X220-Tablet serving lieferando.de.testing saved model Yourdelivery_Model_Order_Deliverdelay with id #9 new data :: Array(    [serviceDeliverDelay] => 2400    [courierDeliverDelay] => 0    [orderId] => 1299605) 
2012-09-30T21:10:32+02:00 DEBUG (7): ydadmin-ThinkPad-X220-Tablet serving lieferando.de.testing found 10 points for action order 
2012-09-30T21:10:32+02:00 DEBUG (7): ydadmin-ThinkPad-X220-Tablet serving lieferando.de.testing saved model Yourdelivery_Model_Customer_FidelityTransaction with id #1270707 new data :: Array(    [email] => dgfthrt@rezt.de    [action] => order    [status] => 0    [points] => 10    [transactionData] => 1299605) 
2012-09-30T21:10:32+02:00 INFO (6): ydadmin-ThinkPad-X220-Tablet serving lieferando.de.testing successfully added 10 points to customer dgfthrt@rezt.de for action order 
2012-09-30T21:10:32+02:00 DEBUG (7): ydadmin-ThinkPad-X220-Tablet serving lieferando.de.testing CUSTOMER FIDELITY - cache cleared for transactionsfidelity6eced40e264f74bd54d00eca67de50dc 
2012-09-30T21:10:32+02:00 DEBUG (7): ydadmin-ThinkPad-X220-Tablet serving lieferando.de.testing CUSTOMER FIDELITY - cache cleared for open1fidelity6eced40e264f74bd54d00eca67de50dc 
2012-09-30T21:10:32+02:00 DEBUG (7): ydadmin-ThinkPad-X220-Tablet serving lieferando.de.testing CUSTOMER FIDELITY - cache cleared for open0fidelity6eced40e264f74bd54d00eca67de50dc 
2012-09-30T21:10:32+02:00 DEBUG (7): ydadmin-ThinkPad-X220-Tablet serving lieferando.de.testing Status Wechsel in Order Tabelle: #1299605 - alter Status: 0 - neuer Status: 0 
2012-09-30T21:10:32+02:00 DEBUG (7): ydadmin-ThinkPad-X220-Tablet serving lieferando.de.testing New order status entry id: 1299605, status: 0 
2012-09-30T21:10:32+02:00 DEBUG (7): ydadmin-ThinkPad-X220-Tablet serving lieferando.de.testing updating model Default_Model_Base #1270707 with modified data :: Array(    [email] => dgfthrt@rezt.de    [transactionData] => 1299605    [status] => 0    [action] => order    [points] => 10    [updated] => 2012-09-30 21:10:32) 
2012-09-30T21:10:32+02:00 INFO (6): ydadmin-ThinkPad-X220-Tablet serving lieferando.de.testing successfully modifed transaction #1270707 of customer dgfthrt@rezt.de to status 0 
2012-09-30T21:10:32+02:00 DEBUG (7): ydadmin-ThinkPad-X220-Tablet serving lieferando.de.testing CUSTOMER FIDELITY - cache cleared for transactionsfidelity6eced40e264f74bd54d00eca67de50dc 
2012-09-30T21:10:32+02:00 DEBUG (7): ydadmin-ThinkPad-X220-Tablet serving lieferando.de.testing CUSTOMER FIDELITY - cache cleared for open1fidelity6eced40e264f74bd54d00eca67de50dc 
2012-09-30T21:10:32+02:00 DEBUG (7): ydadmin-ThinkPad-X220-Tablet serving lieferando.de.testing CUSTOMER FIDELITY - cache cleared for open0fidelity6eced40e264f74bd54d00eca67de50dc 
2012-09-30T21:10:32+02:00 INFO (6): ydadmin-ThinkPad-X220-Tablet serving lieferando.de.testing handlePartnerLocation: last status for order #1299605 is  
2012-09-30T21:10:32+02:00 DEBUG (7): ydadmin-ThinkPad-X220-Tablet serving lieferando.de.testing saved model Yourdelivery_Model_Order_Sendby with id #680330 new data :: Array(    [orderId] => 1299605    [sendBy] => all) 
2012-09-30T21:10:32+02:00 DEBUG (7): ydadmin-ThinkPad-X220-Tablet serving lieferando.de.testing Status Wechsel in Order Tabelle: #1299605 - alter Status: 0 - neuer Status: 0 
2012-09-30T21:10:32+02:00 DEBUG (7): ydadmin-ThinkPad-X220-Tablet serving lieferando.de.testing New order status entry id: 1299605, status: 0 
2012-09-30T21:10:32+02:00 DEBUG (7): ydadmin-ThinkPad-X220-Tablet serving lieferando.de.testing updating model Default_Model_Base #1270707 with modified data :: Array(    [email] => dgfthrt@rezt.de    [transactionData] => 1299605    [status] => 0    [action] => order    [points] => 10    [updated] => 2012-09-30 21:10:32) 
2012-09-30T21:10:32+02:00 INFO (6): ydadmin-ThinkPad-X220-Tablet serving lieferando.de.testing successfully modifed transaction #1270707 of customer dgfthrt@rezt.de to status 0 
2012-09-30T21:10:32+02:00 DEBUG (7): ydadmin-ThinkPad-X220-Tablet serving lieferando.de.testing CUSTOMER FIDELITY - cache cleared for transactionsfidelity6eced40e264f74bd54d00eca67de50dc 
2012-09-30T21:10:32+02:00 DEBUG (7): ydadmin-ThinkPad-X220-Tablet serving lieferando.de.testing CUSTOMER FIDELITY - cache cleared for open1fidelity6eced40e264f74bd54d00eca67de50dc 
2012-09-30T21:10:32+02:00 DEBUG (7): ydadmin-ThinkPad-X220-Tablet serving lieferando.de.testing CUSTOMER FIDELITY - cache cleared for open0fidelity6eced40e264f74bd54d00eca67de50dc 
2012-09-30T21:10:32+02:00 INFO (6): ydadmin-ThinkPad-X220-Tablet serving lieferando.de.testing handlePartnerLocation: last status for order #1299605 is  
2012-09-30T21:10:32+02:00 DEBUG (7): ydadmin-ThinkPad-X220-Tablet serving lieferando.de.testing order pdf for order 1299605 does not exists yet, generating and returning 
2012-09-30T21:10:34+02:00 INFO (6): ydadmin-ThinkPad-X220-Tablet serving lieferando.de.testing INTERFAX: succesfully send out fax 1299605-ordersheet-restaurant.pdf to 05114500714 
2012-09-30T21:10:34+02:00 DEBUG (7): ydadmin-ThinkPad-X220-Tablet serving lieferando.de.testing order pdf /home/ydadmin/htdocs/lieferando/application/../storage/orders//30-09-2012/1299605-ordersheet-restaurant.pdf already exists, returning but not regenerating 
2012-09-30T21:10:34+02:00 DEBUG (7): ydadmin-ThinkPad-X220-Tablet serving lieferando.de.testing Status Wechsel in Order Tabelle: #1299605 - alter Status: 0 - neuer Status: 1 
2012-09-30T21:10:34+02:00 DEBUG (7): ydadmin-ThinkPad-X220-Tablet serving lieferando.de.testing New order status entry id: 1299605, status: 1 
2012-09-30T21:10:34+02:00 DEBUG (7): ydadmin-ThinkPad-X220-Tablet serving lieferando.de.testing updating model Default_Model_Base #1270707 with modified data :: Array(    [email] => dgfthrt@rezt.de    [transactionData] => 1299605    [status] => 0    [action] => order    [points] => 10    [updated] => 2012-09-30 21:10:34) 
2012-09-30T21:10:34+02:00 INFO (6): ydadmin-ThinkPad-X220-Tablet serving lieferando.de.testing successfully modifed transaction #1270707 of customer dgfthrt@rezt.de to status 0 
2012-09-30T21:10:34+02:00 DEBUG (7): ydadmin-ThinkPad-X220-Tablet serving lieferando.de.testing CUSTOMER FIDELITY - cache cleared for transactionsfidelity6eced40e264f74bd54d00eca67de50dc 
2012-09-30T21:10:34+02:00 DEBUG (7): ydadmin-ThinkPad-X220-Tablet serving lieferando.de.testing CUSTOMER FIDELITY - cache cleared for open1fidelity6eced40e264f74bd54d00eca67de50dc 
2012-09-30T21:10:34+02:00 DEBUG (7): ydadmin-ThinkPad-X220-Tablet serving lieferando.de.testing CUSTOMER FIDELITY - cache cleared for open0fidelity6eced40e264f74bd54d00eca67de50dc 
2012-09-30T21:10:34+02:00 INFO (6): ydadmin-ThinkPad-X220-Tablet serving lieferando.de.testing handlePartnerLocation: last status for order #1299605 is  
2012-09-30T21:10:34+02:00 INFO (6): ydadmin-ThinkPad-X220-Tablet serving lieferando.de.testing handlePartnerLocation: created new row #3 for order #1299605 
2012-09-30T21:10:34+02:00 DEBUG (7): ydadmin-ThinkPad-X220-Tablet serving lieferando.de.testing saved model Yourdelivery_Model_Customer with id #258470 new data :: Array(    [name] => ez    [prename] => ret    [email] => dgfthrt@rezt.de    [tel] =>     [password] => d41d8cd98f00b204e9800998ecf8427e) 
2012-09-30T21:10:34+02:00 DEBUG (7): ydadmin-ThinkPad-X220-Tablet serving lieferando.de.testing found 20 points for action register 
2012-09-30T21:10:34+02:00 DEBUG (7): ydadmin-ThinkPad-X220-Tablet serving lieferando.de.testing saved model Yourdelivery_Model_Customer_FidelityTransaction with id #1270708 new data :: Array(    [email] => dgfthrt@rezt.de    [action] => register    [status] => 0    [points] => 20    [transactionData] => 258470) 
2012-09-30T21:10:34+02:00 INFO (6): ydadmin-ThinkPad-X220-Tablet serving lieferando.de.testing successfully added 20 points to customer dgfthrt@rezt.de for action register 
2012-09-30T21:10:34+02:00 DEBUG (7): ydadmin-ThinkPad-X220-Tablet serving lieferando.de.testing CUSTOMER FIDELITY - cache cleared for transactionsfidelity6eced40e264f74bd54d00eca67de50dc 
2012-09-30T21:10:34+02:00 DEBUG (7): ydadmin-ThinkPad-X220-Tablet serving lieferando.de.testing CUSTOMER FIDELITY - cache cleared for open1fidelity6eced40e264f74bd54d00eca67de50dc 
2012-09-30T21:10:34+02:00 DEBUG (7): ydadmin-ThinkPad-X220-Tablet serving lieferando.de.testing CUSTOMER FIDELITY - cache cleared for open0fidelity6eced40e264f74bd54d00eca67de50dc 
2012-09-30T21:10:34+02:00 INFO (6): ydadmin-ThinkPad-X220-Tablet serving lieferando.de.testing customer #258470 successfully registered, added 20 fidelity points 
2012-09-30T21:10:34+02:00 DEBUG (7): ydadmin-ThinkPad-X220-Tablet serving lieferando.de.testing found 5 points for action registeraftersale 
2012-09-30T21:10:34+02:00 DEBUG (7): ydadmin-ThinkPad-X220-Tablet serving lieferando.de.testing saved model Yourdelivery_Model_Customer_FidelityTransaction with id #1270709 new data :: Array(    [email] => dgfthrt@rezt.de    [action] => registeraftersale    [status] => 0    [points] => 5    [transactionData] => 258470) 
2012-09-30T21:10:34+02:00 INFO (6): ydadmin-ThinkPad-X220-Tablet serving lieferando.de.testing successfully added 5 points to customer dgfthrt@rezt.de for action registeraftersale 
2012-09-30T21:10:34+02:00 DEBUG (7): ydadmin-ThinkPad-X220-Tablet serving lieferando.de.testing CUSTOMER FIDELITY - cache cleared for transactionsfidelity6eced40e264f74bd54d00eca67de50dc 
2012-09-30T21:10:34+02:00 DEBUG (7): ydadmin-ThinkPad-X220-Tablet serving lieferando.de.testing CUSTOMER FIDELITY - cache cleared for open1fidelity6eced40e264f74bd54d00eca67de50dc 
2012-09-30T21:10:34+02:00 DEBUG (7): ydadmin-ThinkPad-X220-Tablet serving lieferando.de.testing CUSTOMER FIDELITY - cache cleared for open0fidelity6eced40e264f74bd54d00eca67de50dc 
2012-09-30T21:10:34+02:00 DEBUG (7): ydadmin-ThinkPad-X220-Tablet serving lieferando.de.testing saved model Yourdelivery_Model_Location with id #236450 new data :: Array(    [cityId] => 2154    [street] => erz    [hausnr] => 45    [tel] => dfg    [comment] =>     [customerId] => 258470    [primary] => 1    [plz] => 30159) 
2012-09-30T21:10:34+02:00 DEBUG (7): ydadmin-ThinkPad-X220-Tablet serving lieferando.de.testing updating model Default_Model_Base #258470 with modified data :: Array(    [title] => Herr/Frau    [name] => ez    [prename] => ret    [email] => dgfthrt@rezt.de    [password] => b963ebbd85e9f172ca0874c41c2e132d    [lang] => de    [sex] => n    [tel] =>     [privmail] =>     [autologin] => 0    [start] => 1    [lastlogin] => 0000-00-00 00:00:00    [countLogin] => 0    [deleted] => 0    [permanentDiscountId] =>     [ktoName] =>     [ktoNr] =>     [ktoBlz] =>     [updated] => 2012-09-30 21:10:34    [birthday] => 0000-00-00    [source] =>     [addition] =>     [facebookId] =>     [facebookPost] => 1    [profileImage] =>     [nickname] =>     [whitelist] => 0    [anrede] => Herr/Frau) 
2012-09-30T21:10:35+02:00 DEBUG (7): ydadmin-ThinkPad-X220-Tablet serving lieferando.de.testing PIWIK: tracking goal registerAfterSale with revenue 0 
2012-09-30T21:10:35+02:00 DEBUG (7): ydadmin-ThinkPad-X220-Tablet serving lieferando.de.testing PIWIK: tracking goal phoneOrderSuccess with revenue 0 
2012-09-30T21:10:38+02:00 DEBUG (7): ydadmin-ThinkPad-X220-Tablet serving lieferando.de.testing PIWIK: tracking goal phoneOrderSuccess with revenue 0 
2012-09-30T22:10:52+02:00 ERR (3): ydadmin-ThinkPad-X220-Tablet serving lieferando.de.testing API - ORDER - POST:Der Dienstleister hat zu diesem Zeitpunkt leider geschlossen #0 log() called at [/home/ydadmin/htdocs/lieferando/library/Yourdelivery/Log.php:68]
#1 __call() called at [/home/ydadmin/htdocs/lieferando/application/controllers/Get/Phoneorder/OrderController.php:170]
#2 err() called at [/home/ydadmin/htdocs/lieferando/application/controllers/Get/Phoneorder/OrderController.php:170]
#3 postAction() called at [/home/ydadmin/htdocs/lieferando/library/Zend/Controller/Action.php:513]
#4 dispatch() called at [/home/ydadmin/htdocs/lieferando/library/Zend/Controller/Dispatcher/Standard.php:289]
#5 dispatch() called at [/home/ydadmin/htdocs/lieferando/library/Zend/Controller/Front.php:954]
#6 dispatch() called at [/home/ydadmin/htdocs/lieferando/library/Zend/Application/Bootstrap/Bootstrap.php:97]
#7 run() called at [/home/ydadmin/htdocs/lieferando/library/Zend/Application.php:366]
#8 run() called at [/home/ydadmin/htdocs/lieferando/public/index.php:118]

2012-09-30T22:11:10+02:00 DEBUG (7): ydadmin-ThinkPad-X220-Tablet serving lieferando.de.testing saved model Yourdelivery_Model_Order_Private with id #1299606 new data :: Array(    [customer] =>     [nr] => 94981192    [time] => 2012-09-30 22:11:10    [deliverTime] => 2012-10-02 14:00:00    [mode] => rest    [kind] => priv    [ident] => zM7LyXZde6A9jxDlIOpa    [serviceId] => 15023    [restaurantId] => 15023    [currentPayment] => bar    [payment] => bar    [total] => 580    [courier] =>     [courierCost] => 0    [serviceDeliverCost] => 100    [charge] => 0    [contract] => 1    [ipAddr] => 127.0.0.1    [domain] => www.yourdelivery.test) 
2012-09-30T22:11:10+02:00 DEBUG (7): ydadmin-ThinkPad-X220-Tablet serving lieferando.de.testing saved model Yourdelivery_Model_Order_Deliverdelay with id #10 new data :: Array(    [serviceDeliverDelay] => 2400    [courierDeliverDelay] => 0    [orderId] => 1299606) 
2012-09-30T22:11:10+02:00 DEBUG (7): ydadmin-ThinkPad-X220-Tablet serving lieferando.de.testing found 10 points for action order 
2012-09-30T22:11:10+02:00 DEBUG (7): ydadmin-ThinkPad-X220-Tablet serving lieferando.de.testing saved model Yourdelivery_Model_Customer_FidelityTransaction with id #1270710 new data :: Array(    [email] => test2@kybernaut.de    [action] => order    [status] => 0    [points] => 10    [transactionData] => 1299606) 
2012-09-30T22:11:10+02:00 INFO (6): ydadmin-ThinkPad-X220-Tablet serving lieferando.de.testing successfully added 10 points to customer test2@kybernaut.de for action order 
2012-09-30T22:11:10+02:00 DEBUG (7): ydadmin-ThinkPad-X220-Tablet serving lieferando.de.testing CUSTOMER FIDELITY - cache cleared for transactionsfidelityb52471cd08fae71b8335040e666e9223 
2012-09-30T22:11:10+02:00 DEBUG (7): ydadmin-ThinkPad-X220-Tablet serving lieferando.de.testing CUSTOMER FIDELITY - cache cleared for open1fidelityb52471cd08fae71b8335040e666e9223 
2012-09-30T22:11:10+02:00 DEBUG (7): ydadmin-ThinkPad-X220-Tablet serving lieferando.de.testing CUSTOMER FIDELITY - cache cleared for open0fidelityb52471cd08fae71b8335040e666e9223 
2012-09-30T22:11:10+02:00 DEBUG (7): ydadmin-ThinkPad-X220-Tablet serving lieferando.de.testing Status Wechsel in Order Tabelle: #1299606 - alter Status: 0 - neuer Status: 0 
2012-09-30T22:11:10+02:00 DEBUG (7): ydadmin-ThinkPad-X220-Tablet serving lieferando.de.testing New order status entry id: 1299606, status: 0 
2012-09-30T22:11:10+02:00 DEBUG (7): ydadmin-ThinkPad-X220-Tablet serving lieferando.de.testing updating model Default_Model_Base #1270710 with modified data :: Array(    [email] => test2@kybernaut.de    [transactionData] => 1299606    [status] => 0    [action] => order    [points] => 10    [updated] => 2012-09-30 22:11:10) 
2012-09-30T22:11:10+02:00 INFO (6): ydadmin-ThinkPad-X220-Tablet serving lieferando.de.testing successfully modifed transaction #1270710 of customer test2@kybernaut.de to status 0 
2012-09-30T22:11:10+02:00 DEBUG (7): ydadmin-ThinkPad-X220-Tablet serving lieferando.de.testing CUSTOMER FIDELITY - cache cleared for transactionsfidelityb52471cd08fae71b8335040e666e9223 
2012-09-30T22:11:10+02:00 DEBUG (7): ydadmin-ThinkPad-X220-Tablet serving lieferando.de.testing CUSTOMER FIDELITY - cache cleared for open1fidelityb52471cd08fae71b8335040e666e9223 
2012-09-30T22:11:10+02:00 DEBUG (7): ydadmin-ThinkPad-X220-Tablet serving lieferando.de.testing CUSTOMER FIDELITY - cache cleared for open0fidelityb52471cd08fae71b8335040e666e9223 
2012-09-30T22:11:10+02:00 INFO (6): ydadmin-ThinkPad-X220-Tablet serving lieferando.de.testing handlePartnerLocation: last status for order #1299606 is  
2012-09-30T22:11:10+02:00 DEBUG (7): ydadmin-ThinkPad-X220-Tablet serving lieferando.de.testing saved model Yourdelivery_Model_Order_Sendby with id #680331 new data :: Array(    [orderId] => 1299606    [sendBy] => all) 
2012-09-30T22:11:10+02:00 DEBUG (7): ydadmin-ThinkPad-X220-Tablet serving lieferando.de.testing Status Wechsel in Order Tabelle: #1299606 - alter Status: 0 - neuer Status: 0 
2012-09-30T22:11:10+02:00 DEBUG (7): ydadmin-ThinkPad-X220-Tablet serving lieferando.de.testing New order status entry id: 1299606, status: 0 
2012-09-30T22:11:10+02:00 DEBUG (7): ydadmin-ThinkPad-X220-Tablet serving lieferando.de.testing updating model Default_Model_Base #1270710 with modified data :: Array(    [email] => test2@kybernaut.de    [transactionData] => 1299606    [status] => 0    [action] => order    [points] => 10    [updated] => 2012-09-30 22:11:10) 
2012-09-30T22:11:11+02:00 INFO (6): ydadmin-ThinkPad-X220-Tablet serving lieferando.de.testing successfully modifed transaction #1270710 of customer test2@kybernaut.de to status 0 
2012-09-30T22:11:11+02:00 DEBUG (7): ydadmin-ThinkPad-X220-Tablet serving lieferando.de.testing CUSTOMER FIDELITY - cache cleared for transactionsfidelityb52471cd08fae71b8335040e666e9223 
2012-09-30T22:11:11+02:00 DEBUG (7): ydadmin-ThinkPad-X220-Tablet serving lieferando.de.testing CUSTOMER FIDELITY - cache cleared for open1fidelityb52471cd08fae71b8335040e666e9223 
2012-09-30T22:11:11+02:00 DEBUG (7): ydadmin-ThinkPad-X220-Tablet serving lieferando.de.testing CUSTOMER FIDELITY - cache cleared for open0fidelityb52471cd08fae71b8335040e666e9223 
2012-09-30T22:11:11+02:00 INFO (6): ydadmin-ThinkPad-X220-Tablet serving lieferando.de.testing handlePartnerLocation: last status for order #1299606 is  
2012-09-30T22:11:11+02:00 DEBUG (7): ydadmin-ThinkPad-X220-Tablet serving lieferando.de.testing order pdf for order 1299606 does not exists yet, generating and returning 
2012-09-30T22:11:11+02:00 INFO (6): ydadmin-ThinkPad-X220-Tablet serving lieferando.de.testing INTERFAX: succesfully send out fax 1299606-ordersheet-restaurant.pdf to 05114500714 
2012-09-30T22:11:11+02:00 DEBUG (7): ydadmin-ThinkPad-X220-Tablet serving lieferando.de.testing order pdf /home/ydadmin/htdocs/lieferando/application/../storage/orders//30-09-2012/1299606-ordersheet-restaurant.pdf already exists, returning but not regenerating 
2012-09-30T22:11:11+02:00 DEBUG (7): ydadmin-ThinkPad-X220-Tablet serving lieferando.de.testing Status Wechsel in Order Tabelle: #1299606 - alter Status: 0 - neuer Status: 1 
2012-09-30T22:11:11+02:00 DEBUG (7): ydadmin-ThinkPad-X220-Tablet serving lieferando.de.testing New order status entry id: 1299606, status: 1 
2012-09-30T22:11:11+02:00 DEBUG (7): ydadmin-ThinkPad-X220-Tablet serving lieferando.de.testing updating model Default_Model_Base #1270710 with modified data :: Array(    [email] => test2@kybernaut.de    [transactionData] => 1299606    [status] => 0    [action] => order    [points] => 10    [updated] => 2012-09-30 22:11:11) 
2012-09-30T22:11:11+02:00 INFO (6): ydadmin-ThinkPad-X220-Tablet serving lieferando.de.testing successfully modifed transaction #1270710 of customer test2@kybernaut.de to status 0 
2012-09-30T22:11:11+02:00 DEBUG (7): ydadmin-ThinkPad-X220-Tablet serving lieferando.de.testing CUSTOMER FIDELITY - cache cleared for transactionsfidelityb52471cd08fae71b8335040e666e9223 
2012-09-30T22:11:11+02:00 DEBUG (7): ydadmin-ThinkPad-X220-Tablet serving lieferando.de.testing CUSTOMER FIDELITY - cache cleared for open1fidelityb52471cd08fae71b8335040e666e9223 
2012-09-30T22:11:11+02:00 DEBUG (7): ydadmin-ThinkPad-X220-Tablet serving lieferando.de.testing CUSTOMER FIDELITY - cache cleared for open0fidelityb52471cd08fae71b8335040e666e9223 
2012-09-30T22:11:11+02:00 INFO (6): ydadmin-ThinkPad-X220-Tablet serving lieferando.de.testing handlePartnerLocation: last status for order #1299606 is  
2012-09-30T22:11:11+02:00 INFO (6): ydadmin-ThinkPad-X220-Tablet serving lieferando.de.testing handlePartnerLocation: created new row #4 for order #1299606 
2012-09-30T22:11:16+02:00 DEBUG (7): ydadmin-ThinkPad-X220-Tablet serving lieferando.de.testing saved model Yourdelivery_Model_Customer with id #258471 new data :: Array(    [name] => erzt    [prename] => wet    [email] => test2@kybernaut.de    [tel] =>     [password] => d41d8cd98f00b204e9800998ecf8427e) 
2012-09-30T22:11:16+02:00 DEBUG (7): ydadmin-ThinkPad-X220-Tablet serving lieferando.de.testing found 20 points for action register 
2012-09-30T22:11:16+02:00 DEBUG (7): ydadmin-ThinkPad-X220-Tablet serving lieferando.de.testing saved model Yourdelivery_Model_Customer_FidelityTransaction with id #1270711 new data :: Array(    [email] => test2@kybernaut.de    [action] => register    [status] => 0    [points] => 20    [transactionData] => 258471) 
2012-09-30T22:11:16+02:00 INFO (6): ydadmin-ThinkPad-X220-Tablet serving lieferando.de.testing successfully added 20 points to customer test2@kybernaut.de for action register 
2012-09-30T22:11:16+02:00 DEBUG (7): ydadmin-ThinkPad-X220-Tablet serving lieferando.de.testing CUSTOMER FIDELITY - cache cleared for transactionsfidelityb52471cd08fae71b8335040e666e9223 
2012-09-30T22:11:16+02:00 DEBUG (7): ydadmin-ThinkPad-X220-Tablet serving lieferando.de.testing CUSTOMER FIDELITY - cache cleared for open1fidelityb52471cd08fae71b8335040e666e9223 
2012-09-30T22:11:16+02:00 DEBUG (7): ydadmin-ThinkPad-X220-Tablet serving lieferando.de.testing CUSTOMER FIDELITY - cache cleared for open0fidelityb52471cd08fae71b8335040e666e9223 
2012-09-30T22:11:16+02:00 INFO (6): ydadmin-ThinkPad-X220-Tablet serving lieferando.de.testing customer #258471 successfully registered, added 20 fidelity points 
2012-09-30T22:11:16+02:00 DEBUG (7): ydadmin-ThinkPad-X220-Tablet serving lieferando.de.testing found 5 points for action registeraftersale 
2012-09-30T22:11:16+02:00 DEBUG (7): ydadmin-ThinkPad-X220-Tablet serving lieferando.de.testing saved model Yourdelivery_Model_Customer_FidelityTransaction with id #1270712 new data :: Array(    [email] => test2@kybernaut.de    [action] => registeraftersale    [status] => 0    [points] => 5    [transactionData] => 258471) 
2012-09-30T22:11:16+02:00 INFO (6): ydadmin-ThinkPad-X220-Tablet serving lieferando.de.testing successfully added 5 points to customer test2@kybernaut.de for action registeraftersale 
2012-09-30T22:11:16+02:00 DEBUG (7): ydadmin-ThinkPad-X220-Tablet serving lieferando.de.testing CUSTOMER FIDELITY - cache cleared for transactionsfidelityb52471cd08fae71b8335040e666e9223 
2012-09-30T22:11:16+02:00 DEBUG (7): ydadmin-ThinkPad-X220-Tablet serving lieferando.de.testing CUSTOMER FIDELITY - cache cleared for open1fidelityb52471cd08fae71b8335040e666e9223 
2012-09-30T22:11:16+02:00 DEBUG (7): ydadmin-ThinkPad-X220-Tablet serving lieferando.de.testing CUSTOMER FIDELITY - cache cleared for open0fidelityb52471cd08fae71b8335040e666e9223 
2012-09-30T22:11:16+02:00 DEBUG (7): ydadmin-ThinkPad-X220-Tablet serving lieferando.de.testing saved model Yourdelivery_Model_Location with id #236451 new data :: Array(    [cityId] => 2154    [street] => erz    [hausnr] => 345    [tel] => 345    [comment] =>     [etage] => 2    [companyName] => wer    [customerId] => 258471    [primary] => 1    [plz] => 30159) 
2012-09-30T22:11:16+02:00 DEBUG (7): ydadmin-ThinkPad-X220-Tablet serving lieferando.de.testing updating model Default_Model_Base #258471 with modified data :: Array(    [title] => Herr/Frau    [name] => erzt    [prename] => wet    [email] => test2@kybernaut.de    [password] => d62606aa651c0c55b3ddcf4e8af46323    [lang] => de    [sex] => n    [tel] =>     [privmail] =>     [autologin] => 0    [start] => 1    [lastlogin] => 0000-00-00 00:00:00    [countLogin] => 0    [deleted] => 0    [permanentDiscountId] =>     [ktoName] =>     [ktoNr] =>     [ktoBlz] =>     [updated] => 2012-09-30 22:11:16    [birthday] => 0000-00-00    [source] =>     [addition] =>     [facebookId] =>     [facebookPost] => 1    [profileImage] =>     [nickname] =>     [whitelist] => 0    [anrede] => Herr/Frau) 
2012-09-30T22:11:17+02:00 DEBUG (7): ydadmin-ThinkPad-X220-Tablet serving lieferando.de.testing PIWIK: tracking goal registerAfterSale with revenue 0 
2012-09-30T22:11:17+02:00 DEBUG (7): ydadmin-ThinkPad-X220-Tablet serving lieferando.de.testing PIWIK: tracking goal phoneOrderSuccess with revenue 0 
2012-09-30T22:23:42+02:00 DEBUG (7): ydadmin-ThinkPad-X220-Tablet serving lieferando.de.testing saved model Yourdelivery_Model_Order_Private with id #1299607 new data :: Array(    [customer] =>     [nr] => 63533627    [time] => 2012-09-30 22:23:42    [deliverTime] => 2012-10-02 14:00:00    [mode] => rest    [kind] => priv    [ident] => YZpqP7uLyOOnnUisgmLT    [serviceId] => 15023    [restaurantId] => 15023    [currentPayment] => bar    [payment] => bar    [total] => 580    [courier] =>     [courierCost] => 0    [serviceDeliverCost] => 100    [charge] => 0    [contract] => 1    [ipAddr] => 127.0.0.1    [domain] => www.yourdelivery.test) 
2012-09-30T22:23:42+02:00 DEBUG (7): ydadmin-ThinkPad-X220-Tablet serving lieferando.de.testing saved model Yourdelivery_Model_Order_Deliverdelay with id #11 new data :: Array(    [serviceDeliverDelay] => 2400    [courierDeliverDelay] => 0    [orderId] => 1299607) 
2012-09-30T22:23:42+02:00 DEBUG (7): ydadmin-ThinkPad-X220-Tablet serving lieferando.de.testing found 10 points for action order 
2012-09-30T22:23:42+02:00 DEBUG (7): ydadmin-ThinkPad-X220-Tablet serving lieferando.de.testing saved model Yourdelivery_Model_Customer_FidelityTransaction with id #1270713 new data :: Array(    [email] => test3@kybernaut.de    [action] => order    [status] => 0    [points] => 10    [transactionData] => 1299607) 
2012-09-30T22:23:42+02:00 INFO (6): ydadmin-ThinkPad-X220-Tablet serving lieferando.de.testing successfully added 10 points to customer test3@kybernaut.de for action order 
2012-09-30T22:23:42+02:00 DEBUG (7): ydadmin-ThinkPad-X220-Tablet serving lieferando.de.testing CUSTOMER FIDELITY - cache cleared for transactionsfidelity9e9b9f5133a0716700d07452f77d3cf4 
2012-09-30T22:23:42+02:00 DEBUG (7): ydadmin-ThinkPad-X220-Tablet serving lieferando.de.testing CUSTOMER FIDELITY - cache cleared for open1fidelity9e9b9f5133a0716700d07452f77d3cf4 
2012-09-30T22:23:42+02:00 DEBUG (7): ydadmin-ThinkPad-X220-Tablet serving lieferando.de.testing CUSTOMER FIDELITY - cache cleared for open0fidelity9e9b9f5133a0716700d07452f77d3cf4 
2012-09-30T22:23:43+02:00 DEBUG (7): ydadmin-ThinkPad-X220-Tablet serving lieferando.de.testing Status Wechsel in Order Tabelle: #1299607 - alter Status: 0 - neuer Status: 0 
2012-09-30T22:23:43+02:00 DEBUG (7): ydadmin-ThinkPad-X220-Tablet serving lieferando.de.testing New order status entry id: 1299607, status: 0 
2012-09-30T22:23:43+02:00 DEBUG (7): ydadmin-ThinkPad-X220-Tablet serving lieferando.de.testing updating model Default_Model_Base #1270713 with modified data :: Array(    [email] => test3@kybernaut.de    [transactionData] => 1299607    [status] => 0    [action] => order    [points] => 10    [updated] => 2012-09-30 22:23:43) 
2012-09-30T22:23:43+02:00 INFO (6): ydadmin-ThinkPad-X220-Tablet serving lieferando.de.testing successfully modifed transaction #1270713 of customer test3@kybernaut.de to status 0 
2012-09-30T22:23:43+02:00 DEBUG (7): ydadmin-ThinkPad-X220-Tablet serving lieferando.de.testing CUSTOMER FIDELITY - cache cleared for transactionsfidelity9e9b9f5133a0716700d07452f77d3cf4 
2012-09-30T22:23:43+02:00 DEBUG (7): ydadmin-ThinkPad-X220-Tablet serving lieferando.de.testing CUSTOMER FIDELITY - cache cleared for open1fidelity9e9b9f5133a0716700d07452f77d3cf4 
2012-09-30T22:23:43+02:00 DEBUG (7): ydadmin-ThinkPad-X220-Tablet serving lieferando.de.testing CUSTOMER FIDELITY - cache cleared for open0fidelity9e9b9f5133a0716700d07452f77d3cf4 
2012-09-30T22:23:43+02:00 INFO (6): ydadmin-ThinkPad-X220-Tablet serving lieferando.de.testing handlePartnerLocation: last status for order #1299607 is  
2012-09-30T22:23:43+02:00 DEBUG (7): ydadmin-ThinkPad-X220-Tablet serving lieferando.de.testing saved model Yourdelivery_Model_Order_Sendby with id #680332 new data :: Array(    [orderId] => 1299607    [sendBy] => all) 
2012-09-30T22:23:43+02:00 DEBUG (7): ydadmin-ThinkPad-X220-Tablet serving lieferando.de.testing Status Wechsel in Order Tabelle: #1299607 - alter Status: 0 - neuer Status: 0 
2012-09-30T22:23:43+02:00 DEBUG (7): ydadmin-ThinkPad-X220-Tablet serving lieferando.de.testing New order status entry id: 1299607, status: 0 
2012-09-30T22:23:43+02:00 DEBUG (7): ydadmin-ThinkPad-X220-Tablet serving lieferando.de.testing updating model Default_Model_Base #1270713 with modified data :: Array(    [email] => test3@kybernaut.de    [transactionData] => 1299607    [status] => 0    [action] => order    [points] => 10    [updated] => 2012-09-30 22:23:43) 
2012-09-30T22:23:43+02:00 INFO (6): ydadmin-ThinkPad-X220-Tablet serving lieferando.de.testing successfully modifed transaction #1270713 of customer test3@kybernaut.de to status 0 
2012-09-30T22:23:43+02:00 DEBUG (7): ydadmin-ThinkPad-X220-Tablet serving lieferando.de.testing CUSTOMER FIDELITY - cache cleared for transactionsfidelity9e9b9f5133a0716700d07452f77d3cf4 
2012-09-30T22:23:43+02:00 DEBUG (7): ydadmin-ThinkPad-X220-Tablet serving lieferando.de.testing CUSTOMER FIDELITY - cache cleared for open1fidelity9e9b9f5133a0716700d07452f77d3cf4 
2012-09-30T22:23:43+02:00 DEBUG (7): ydadmin-ThinkPad-X220-Tablet serving lieferando.de.testing CUSTOMER FIDELITY - cache cleared for open0fidelity9e9b9f5133a0716700d07452f77d3cf4 
2012-09-30T22:23:43+02:00 INFO (6): ydadmin-ThinkPad-X220-Tablet serving lieferando.de.testing handlePartnerLocation: last status for order #1299607 is  
2012-09-30T22:23:43+02:00 DEBUG (7): ydadmin-ThinkPad-X220-Tablet serving lieferando.de.testing order pdf for order 1299607 does not exists yet, generating and returning 
2012-09-30T22:23:43+02:00 INFO (6): ydadmin-ThinkPad-X220-Tablet serving lieferando.de.testing INTERFAX: succesfully send out fax 1299607-ordersheet-restaurant.pdf to 05114500714 
2012-09-30T22:23:43+02:00 DEBUG (7): ydadmin-ThinkPad-X220-Tablet serving lieferando.de.testing order pdf /home/ydadmin/htdocs/lieferando/application/../storage/orders//30-09-2012/1299607-ordersheet-restaurant.pdf already exists, returning but not regenerating 
2012-09-30T22:23:44+02:00 DEBUG (7): ydadmin-ThinkPad-X220-Tablet serving lieferando.de.testing Status Wechsel in Order Tabelle: #1299607 - alter Status: 0 - neuer Status: 1 
2012-09-30T22:23:44+02:00 DEBUG (7): ydadmin-ThinkPad-X220-Tablet serving lieferando.de.testing New order status entry id: 1299607, status: 1 
2012-09-30T22:23:44+02:00 DEBUG (7): ydadmin-ThinkPad-X220-Tablet serving lieferando.de.testing updating model Default_Model_Base #1270713 with modified data :: Array(    [email] => test3@kybernaut.de    [transactionData] => 1299607    [status] => 0    [action] => order    [points] => 10    [updated] => 2012-09-30 22:23:44) 
2012-09-30T22:23:44+02:00 INFO (6): ydadmin-ThinkPad-X220-Tablet serving lieferando.de.testing successfully modifed transaction #1270713 of customer test3@kybernaut.de to status 0 
2012-09-30T22:23:44+02:00 DEBUG (7): ydadmin-ThinkPad-X220-Tablet serving lieferando.de.testing CUSTOMER FIDELITY - cache cleared for transactionsfidelity9e9b9f5133a0716700d07452f77d3cf4 
2012-09-30T22:23:44+02:00 DEBUG (7): ydadmin-ThinkPad-X220-Tablet serving lieferando.de.testing CUSTOMER FIDELITY - cache cleared for open1fidelity9e9b9f5133a0716700d07452f77d3cf4 
2012-09-30T22:23:44+02:00 DEBUG (7): ydadmin-ThinkPad-X220-Tablet serving lieferando.de.testing CUSTOMER FIDELITY - cache cleared for open0fidelity9e9b9f5133a0716700d07452f77d3cf4 
2012-09-30T22:23:44+02:00 INFO (6): ydadmin-ThinkPad-X220-Tablet serving lieferando.de.testing handlePartnerLocation: last status for order #1299607 is  
2012-09-30T22:23:44+02:00 INFO (6): ydadmin-ThinkPad-X220-Tablet serving lieferando.de.testing handlePartnerLocation: created new row #5 for order #1299607 
2012-09-30T22:23:44+02:00 DEBUG (7): ydadmin-ThinkPad-X220-Tablet serving lieferando.de.testing saved model Yourdelivery_Model_Customer with id #258472 new data :: Array(    [name] => ez    [prename] => frz    [email] => test3@kybernaut.de    [tel] =>     [password] => d41d8cd98f00b204e9800998ecf8427e) 
2012-09-30T22:23:44+02:00 DEBUG (7): ydadmin-ThinkPad-X220-Tablet serving lieferando.de.testing found 20 points for action register 
2012-09-30T22:23:44+02:00 DEBUG (7): ydadmin-ThinkPad-X220-Tablet serving lieferando.de.testing saved model Yourdelivery_Model_Customer_FidelityTransaction with id #1270714 new data :: Array(    [email] => test3@kybernaut.de    [action] => register    [status] => 0    [points] => 20    [transactionData] => 258472) 
2012-09-30T22:23:44+02:00 INFO (6): ydadmin-ThinkPad-X220-Tablet serving lieferando.de.testing successfully added 20 points to customer test3@kybernaut.de for action register 
2012-09-30T22:23:44+02:00 DEBUG (7): ydadmin-ThinkPad-X220-Tablet serving lieferando.de.testing CUSTOMER FIDELITY - cache cleared for transactionsfidelity9e9b9f5133a0716700d07452f77d3cf4 
2012-09-30T22:23:44+02:00 DEBUG (7): ydadmin-ThinkPad-X220-Tablet serving lieferando.de.testing CUSTOMER FIDELITY - cache cleared for open1fidelity9e9b9f5133a0716700d07452f77d3cf4 
2012-09-30T22:23:44+02:00 DEBUG (7): ydadmin-ThinkPad-X220-Tablet serving lieferando.de.testing CUSTOMER FIDELITY - cache cleared for open0fidelity9e9b9f5133a0716700d07452f77d3cf4 
2012-09-30T22:23:44+02:00 INFO (6): ydadmin-ThinkPad-X220-Tablet serving lieferando.de.testing customer #258472 successfully registered, added 20 fidelity points 
2012-09-30T22:23:44+02:00 DEBUG (7): ydadmin-ThinkPad-X220-Tablet serving lieferando.de.testing found 5 points for action registeraftersale 
2012-09-30T22:23:44+02:00 DEBUG (7): ydadmin-ThinkPad-X220-Tablet serving lieferando.de.testing saved model Yourdelivery_Model_Customer_FidelityTransaction with id #1270715 new data :: Array(    [email] => test3@kybernaut.de    [action] => registeraftersale    [status] => 0    [points] => 5    [transactionData] => 258472) 
2012-09-30T22:23:44+02:00 INFO (6): ydadmin-ThinkPad-X220-Tablet serving lieferando.de.testing successfully added 5 points to customer test3@kybernaut.de for action registeraftersale 
2012-09-30T22:23:44+02:00 DEBUG (7): ydadmin-ThinkPad-X220-Tablet serving lieferando.de.testing CUSTOMER FIDELITY - cache cleared for transactionsfidelity9e9b9f5133a0716700d07452f77d3cf4 
2012-09-30T22:23:44+02:00 DEBUG (7): ydadmin-ThinkPad-X220-Tablet serving lieferando.de.testing CUSTOMER FIDELITY - cache cleared for open1fidelity9e9b9f5133a0716700d07452f77d3cf4 
2012-09-30T22:23:44+02:00 DEBUG (7): ydadmin-ThinkPad-X220-Tablet serving lieferando.de.testing CUSTOMER FIDELITY - cache cleared for open0fidelity9e9b9f5133a0716700d07452f77d3cf4 
2012-09-30T22:23:44+02:00 DEBUG (7): ydadmin-ThinkPad-X220-Tablet serving lieferando.de.testing saved model Yourdelivery_Model_Location with id #236452 new data :: Array(    [cityId] => 2154    [street] => rezt    [hausnr] => 45    [tel] => 45e6    [comment] =>     [customerId] => 258472    [primary] => 1    [plz] => 30159) 
2012-09-30T22:23:44+02:00 DEBUG (7): ydadmin-ThinkPad-X220-Tablet serving lieferando.de.testing updating model Default_Model_Base #258472 with modified data :: Array(    [title] => Herr/Frau    [name] => ez    [prename] => frz    [email] => test3@kybernaut.de    [password] => bee12d0912be27f60faa0afa66c9a643    [lang] => de    [sex] => n    [tel] =>     [privmail] =>     [autologin] => 0    [start] => 1    [lastlogin] => 0000-00-00 00:00:00    [countLogin] => 0    [deleted] => 0    [permanentDiscountId] =>     [ktoName] =>     [ktoNr] =>     [ktoBlz] =>     [updated] => 2012-09-30 22:23:44    [birthday] => 0000-00-00    [source] =>     [addition] =>     [facebookId] =>     [facebookPost] => 1    [profileImage] =>     [nickname] =>     [whitelist] => 0    [anrede] => Herr/Frau) 
2012-09-30T22:23:49+02:00 DEBUG (7): ydadmin-ThinkPad-X220-Tablet serving lieferando.de.testing PIWIK: tracking goal registerAfterSale with revenue 0 
2012-09-30T22:23:49+02:00 DEBUG (7): ydadmin-ThinkPad-X220-Tablet serving lieferando.de.testing PIWIK: tracking goal phoneOrderSuccess with revenue 0 
2012-09-30T22:24:15+02:00 DEBUG (7): ydadmin-ThinkPad-X220-Tablet serving lieferando.de.testing saved model Yourdelivery_Model_Rabatt with id #46733 new data :: Array(    [name] => frz ez 30.09.2012. 22:24    [start] => 2012-09-30 22:24:15    [end] => 2012-10-07 22:24:15    [rrepeat] => 0    [number] => 1    [status] => 1    [kind] => 7    [info] => Telefonbestellungs-Gutschein    [fidelity] => 0    [rabatt] => 13    [onlyPrivate] => 1    [noCash] => 1) 
