2012-06-28T04:12:17-03:00 DEBUG (7): ydadmin-ThinkPad-X220-Tablet serving janamesa.com.br.testing SMARTY: did not find template administration/login.htm in janamesa.com.br layout, switching successfully back to default 
2012-06-28T04:12:17-03:00 DEBUG (7): ydadmin-ThinkPad-X220-Tablet serving janamesa.com.br.testing SMARTY: rendering template administration/login.htm 
2012-06-28T05:06:59-03:00 DEBUG (7): ydadmin-ThinkPad-X220-Tablet serving janamesa.com.br.testing SMARTY: did not find template order/basis/menu.htm in janamesa.com.br layout, switching successfully back to default 
2012-06-28T05:06:59-03:00 DEBUG (7): ydadmin-ThinkPad-X220-Tablet serving janamesa.com.br.testing SMARTY: rendering template order/basis/menu.htm 
2012-06-28T05:07:01-03:00 DEBUG (7): ydadmin-ThinkPad-X220-Tablet serving janamesa.com.br.testing SMARTY: caching /home/ydadmin/htdocs/lieferando/application/../public/cache/html/www.yourdelivery.local/servico-de-entrega-vic-cafe-tatuape-sao-paulo.html 
2012-06-28T05:07:06-03:00 INFO (6): ydadmin-ThinkPad-X220-Tablet serving janamesa.com.br.testing Successfully loggged in admin #Supporter Jens Naie (345) 
2012-06-28T05:07:06-03:00 DEBUG (7): ydadmin-ThinkPad-X220-Tablet serving janamesa.com.br.testing SMARTY: did not find template administration/dashboard.htm in janamesa.com.br layout, switching successfully back to default 
2012-06-28T05:07:06-03:00 DEBUG (7): ydadmin-ThinkPad-X220-Tablet serving janamesa.com.br.testing SMARTY: rendering template administration/dashboard.htm 
2012-06-28T05:07:08-03:00 DEBUG (7): ydadmin-ThinkPad-X220-Tablet serving janamesa.com.br.testing SMARTY: did not find template order/basis/menu.htm in janamesa.com.br layout, switching successfully back to default 
2012-06-28T05:07:08-03:00 DEBUG (7): ydadmin-ThinkPad-X220-Tablet serving janamesa.com.br.testing SMARTY: rendering template order/basis/menu.htm 
2012-06-28T05:07:09-03:00 DEBUG (7): ydadmin-ThinkPad-X220-Tablet serving janamesa.com.br.testing SMARTY: caching /home/ydadmin/htdocs/lieferando/application/../public/cache/html/www.yourdelivery.local/servico-de-entega-chopp-fast-sao-paulo.html 
2012-06-28T05:07:24-03:00 DEBUG (7): ydadmin-ThinkPad-X220-Tablet serving janamesa.com.br.testing SMARTY: did not find template index/index.htm in janamesa.com.br layout, switching successfully back to default 
2012-06-28T05:07:24-03:00 DEBUG (7): ydadmin-ThinkPad-X220-Tablet serving janamesa.com.br.testing SMARTY: rendering template index/index.htm 
2012-06-28T05:07:25-03:00 DEBUG (7): ydadmin-ThinkPad-X220-Tablet serving janamesa.com.br.testing SMARTY: caching /home/ydadmin/htdocs/lieferando/application/../public/cache/html/www.yourdelivery.local/index.html 
2012-06-28T05:11:49-03:00 DEBUG (7): ydadmin-ThinkPad-X220-Tablet serving janamesa.com.br.testing SMARTY: did not find template index/index.htm in janamesa.com.br layout, switching successfully back to default 
2012-06-28T05:11:49-03:00 DEBUG (7): ydadmin-ThinkPad-X220-Tablet serving janamesa.com.br.testing SMARTY: rendering template index/index.htm 
2012-06-28T05:11:49-03:00 DEBUG (7): ydadmin-ThinkPad-X220-Tablet serving janamesa.com.br.testing SMARTY: caching /home/ydadmin/htdocs/lieferando/application/../public/cache/html/www.yourdelivery.local/index.html 
2012-06-28T05:21:57-03:00 DEBUG (7): ydadmin-ThinkPad-X220-Tablet serving janamesa.com.br.testing SMARTY: did not find template index/index.htm in janamesa.com.br layout, switching successfully back to default 
2012-06-28T05:21:57-03:00 DEBUG (7): ydadmin-ThinkPad-X220-Tablet serving janamesa.com.br.testing SMARTY: rendering template index/index.htm 
2012-06-28T05:21:58-03:00 DEBUG (7): ydadmin-ThinkPad-X220-Tablet serving janamesa.com.br.testing SMARTY: caching /home/ydadmin/htdocs/lieferando/application/../public/cache/html/www.yourdelivery.local/index.html 
2012-06-28T05:24:10-03:00 DEBUG (7): ydadmin-ThinkPad-X220-Tablet serving janamesa.com.br.testing SMARTY: did not find template index/index.htm in janamesa.com.br layout, switching successfully back to default 
2012-06-28T05:24:10-03:00 DEBUG (7): ydadmin-ThinkPad-X220-Tablet serving janamesa.com.br.testing SMARTY: rendering template index/index.htm 
2012-06-28T05:24:11-03:00 DEBUG (7): ydadmin-ThinkPad-X220-Tablet serving janamesa.com.br.testing SMARTY: caching /home/ydadmin/htdocs/lieferando/application/../public/cache/html/www.yourdelivery.local/index.html 
2012-06-28T05:26:42-03:00 DEBUG (7): ydadmin-ThinkPad-X220-Tablet serving janamesa.com.br.testing SMARTY: did not find template index/index.htm in janamesa.com.br layout, switching successfully back to default 
2012-06-28T05:26:42-03:00 DEBUG (7): ydadmin-ThinkPad-X220-Tablet serving janamesa.com.br.testing SMARTY: rendering template index/index.htm 
2012-06-28T05:26:42-03:00 DEBUG (7): ydadmin-ThinkPad-X220-Tablet serving janamesa.com.br.testing SMARTY: caching /home/ydadmin/htdocs/lieferando/application/../public/cache/html/www.yourdelivery.local/index.html 
2012-06-28T05:41:36-03:00 DEBUG (7): ydadmin-ThinkPad-X220-Tablet serving janamesa.com.br.testing SMARTY: did not find template administration/dashboard.htm in janamesa.com.br layout, switching successfully back to default 
2012-06-28T05:41:36-03:00 DEBUG (7): ydadmin-ThinkPad-X220-Tablet serving janamesa.com.br.testing SMARTY: rendering template administration/dashboard.htm 
2012-06-28T05:41:51-03:00 DEBUG (7): ydadmin-ThinkPad-X220-Tablet serving janamesa.com.br.testing SMARTY: did not find template administration/services.htm in janamesa.com.br layout, switching successfully back to default 
2012-06-28T05:41:51-03:00 DEBUG (7): ydadmin-ThinkPad-X220-Tablet serving janamesa.com.br.testing SMARTY: rendering template administration/services.htm 
2012-06-28T05:41:56-03:00 DEBUG (7): ydadmin-ThinkPad-X220-Tablet serving janamesa.com.br.testing SMARTY: did not find template administration/services.htm in janamesa.com.br layout, switching successfully back to default 
2012-06-28T05:41:56-03:00 DEBUG (7): ydadmin-ThinkPad-X220-Tablet serving janamesa.com.br.testing SMARTY: rendering template administration/services.htm 
2012-06-28T05:42:01-03:00 DEBUG (7): ydadmin-ThinkPad-X220-Tablet serving janamesa.com.br.testing SMARTY: did not find template administration/services.htm in janamesa.com.br layout, switching successfully back to default 
2012-06-28T05:42:01-03:00 DEBUG (7): ydadmin-ThinkPad-X220-Tablet serving janamesa.com.br.testing SMARTY: rendering template administration/services.htm 
2012-06-28T05:42:06-03:00 DEBUG (7): ydadmin-ThinkPad-X220-Tablet serving janamesa.com.br.testing SMARTY: did not find template administration/services.htm in janamesa.com.br layout, switching successfully back to default 
2012-06-28T05:42:06-03:00 DEBUG (7): ydadmin-ThinkPad-X220-Tablet serving janamesa.com.br.testing SMARTY: rendering template administration/services.htm 
2012-06-28T06:11:43-03:00 DEBUG (7): ydadmin-ThinkPad-X220-Tablet serving janamesa.com.br.testing SMARTY: did not find template administration/service/edit/index.htm in janamesa.com.br layout, switching successfully back to default 
2012-06-28T06:11:43-03:00 DEBUG (7): ydadmin-ThinkPad-X220-Tablet serving janamesa.com.br.testing SMARTY: rendering template administration/service/edit/index.htm 
2012-06-28T06:11:50-03:00 DEBUG (7): ydadmin-ThinkPad-X220-Tablet serving janamesa.com.br.testing SMARTY: did not find template administration/service/edit/payments.htm in janamesa.com.br layout, switching successfully back to default 
2012-06-28T06:11:50-03:00 DEBUG (7): ydadmin-ThinkPad-X220-Tablet serving janamesa.com.br.testing SMARTY: rendering template administration/service/edit/payments.htm 
2012-06-28T06:12:38-03:00 DEBUG (7): ydadmin-ThinkPad-X220-Tablet serving janamesa.com.br.testing SMARTY: did not find template order/basis/menu.htm in janamesa.com.br layout, switching successfully back to default 
2012-06-28T06:12:38-03:00 DEBUG (7): ydadmin-ThinkPad-X220-Tablet serving janamesa.com.br.testing SMARTY: rendering template order/basis/menu.htm 
2012-06-28T06:12:40-03:00 DEBUG (7): ydadmin-ThinkPad-X220-Tablet serving janamesa.com.br.testing SMARTY: caching /home/ydadmin/htdocs/lieferando/application/../public/cache/html/www.yourdelivery.local/servico-de-entega-big-e-bay-fogazza-sao-paulo.html 
2012-06-28T06:12:51-03:00 DEBUG (7): ydadmin-ThinkPad-X220-Tablet serving janamesa.com.br.testing SMARTY: did not find template request/service/preorder.htm in janamesa.com.br layout, switching successfully back to default 
2012-06-28T06:12:51-03:00 DEBUG (7): ydadmin-ThinkPad-X220-Tablet serving janamesa.com.br.testing SMARTY: rendering template request/service/preorder.htm 
2012-06-28T06:12:51-03:00 DEBUG (7): ydadmin-ThinkPad-X220-Tablet serving janamesa.com.br.testing SMARTY: caching /home/ydadmin/htdocs/lieferando/application/../public/cache/html/www.yourdelivery.local/request_service/preorder/type/rest.html 
2012-06-28T06:12:59-03:00 DEBUG (7): ydadmin-ThinkPad-X220-Tablet serving janamesa.com.br.testing SMARTY: rendering template request/order/callmeal.htm 
2012-06-28T06:12:59-03:00 DEBUG (7): ydadmin-ThinkPad-X220-Tablet serving janamesa.com.br.testing SMARTY: caching /home/ydadmin/htdocs/lieferando/application/../public/cache/html/www.yourdelivery.local/request_order/callmeal/id/7068/size/1031/update/false.html 
2012-06-28T06:13:04-03:00 INFO (6): ydadmin-ThinkPad-X220-Tablet serving janamesa.com.br.testing appending fallback verbose information to order via cityId 819 
2012-06-28T06:13:05-03:00 DEBUG (7): ydadmin-ThinkPad-X220-Tablet serving janamesa.com.br.testing SMARTY: did not find template order/private/finish.htm in janamesa.com.br layout, switching successfully back to default 
2012-06-28T06:13:05-03:00 DEBUG (7): ydadmin-ThinkPad-X220-Tablet serving janamesa.com.br.testing SMARTY: rendering template order/private/finish.htm 
2012-06-28T06:13:08-03:00 DEBUG (7): ydadmin-ThinkPad-X220-Tablet serving janamesa.com.br.testing SMARTY: did not find template request/service/openingtimeday.htm in janamesa.com.br layout, switching successfully back to default 
2012-06-28T06:13:08-03:00 DEBUG (7): ydadmin-ThinkPad-X220-Tablet serving janamesa.com.br.testing SMARTY: rendering template request/service/openingtimeday.htm 
2012-06-28T06:13:25-03:00 DEBUG (7): ydadmin-ThinkPad-X220-Tablet serving janamesa.com.br.testing SMARTY: did not find template administration/service/edit/index.htm in janamesa.com.br layout, switching successfully back to default 
2012-06-28T06:13:25-03:00 DEBUG (7): ydadmin-ThinkPad-X220-Tablet serving janamesa.com.br.testing SMARTY: rendering template administration/service/edit/index.htm 
2012-06-28T06:14:02-03:00 DEBUG (7): ydadmin-ThinkPad-X220-Tablet serving janamesa.com.br.testing SMARTY: did not find template administration/services.htm in janamesa.com.br layout, switching successfully back to default 
2012-06-28T06:14:02-03:00 DEBUG (7): ydadmin-ThinkPad-X220-Tablet serving janamesa.com.br.testing SMARTY: rendering template administration/services.htm 
2012-06-28T06:14:15-03:00 INFO (6): ydadmin-ThinkPad-X220-Tablet serving janamesa.com.br.testing Logged to the restaurant Big e Baby Fogazza (75) #Supporter Jens Naie (345) 
2012-06-28T06:14:15-03:00 DEBUG (7): ydadmin-ThinkPad-X220-Tablet serving janamesa.com.br.testing SMARTY: did not find template restaurant/index.htm in janamesa.com.br layout, switching successfully back to default 
2012-06-28T06:14:15-03:00 DEBUG (7): ydadmin-ThinkPad-X220-Tablet serving janamesa.com.br.testing SMARTY: rendering template restaurant/index.htm 
2012-06-28T06:14:26-03:00 DEBUG (7): ydadmin-ThinkPad-X220-Tablet serving janamesa.com.br.testing SMARTY: did not find template restaurant/stats.htm in janamesa.com.br layout, switching successfully back to default 
2012-06-28T06:14:26-03:00 DEBUG (7): ydadmin-ThinkPad-X220-Tablet serving janamesa.com.br.testing SMARTY: rendering template restaurant/stats.htm 
2012-06-28T06:14:31-03:00 DEBUG (7): ydadmin-ThinkPad-X220-Tablet serving janamesa.com.br.testing SMARTY: did not find template restaurant/orders.htm in janamesa.com.br layout, switching successfully back to default 
2012-06-28T06:14:31-03:00 DEBUG (7): ydadmin-ThinkPad-X220-Tablet serving janamesa.com.br.testing SMARTY: rendering template restaurant/orders.htm 
2012-06-28T06:14:34-03:00 DEBUG (7): ydadmin-ThinkPad-X220-Tablet serving janamesa.com.br.testing SMARTY: did not find template restaurant/billing.htm in janamesa.com.br layout, switching successfully back to default 
2012-06-28T06:14:34-03:00 DEBUG (7): ydadmin-ThinkPad-X220-Tablet serving janamesa.com.br.testing SMARTY: rendering template restaurant/billing.htm 
2012-06-28T06:14:38-03:00 DEBUG (7): ydadmin-ThinkPad-X220-Tablet serving janamesa.com.br.testing SMARTY: did not find template restaurant/settings/index.htm in janamesa.com.br layout, switching successfully back to default 
2012-06-28T06:14:38-03:00 DEBUG (7): ydadmin-ThinkPad-X220-Tablet serving janamesa.com.br.testing SMARTY: rendering template restaurant/settings/index.htm 
2012-06-28T06:14:44-03:00 DEBUG (7): ydadmin-ThinkPad-X220-Tablet serving janamesa.com.br.testing SMARTY: did not find template restaurant/locations.htm in janamesa.com.br layout, switching successfully back to default 
2012-06-28T06:14:44-03:00 DEBUG (7): ydadmin-ThinkPad-X220-Tablet serving janamesa.com.br.testing SMARTY: rendering template restaurant/locations.htm 
2012-06-28T06:14:53-03:00 DEBUG (7): ydadmin-ThinkPad-X220-Tablet serving janamesa.com.br.testing SMARTY: did not find template restaurant/menu.htm in janamesa.com.br layout, switching successfully back to default 
2012-06-28T06:14:53-03:00 DEBUG (7): ydadmin-ThinkPad-X220-Tablet serving janamesa.com.br.testing SMARTY: rendering template restaurant/menu.htm 
2012-06-28T06:15:05-03:00 DEBUG (7): ydadmin-ThinkPad-X220-Tablet serving janamesa.com.br.testing SMARTY: did not find template restaurant/notepad/index.htm in janamesa.com.br layout, switching successfully back to default 
2012-06-28T06:15:05-03:00 DEBUG (7): ydadmin-ThinkPad-X220-Tablet serving janamesa.com.br.testing SMARTY: rendering template restaurant/notepad/index.htm 
2012-06-28T06:15:17-03:00 INFO (6): ydadmin-ThinkPad-X220-Tablet serving janamesa.com.br.testing Yourdelivery_Model_Servicetype_Restaurant: Starting uncache restaurant #75 
2012-06-28T06:15:20-03:00 INFO (6): ydadmin-ThinkPad-X220-Tablet serving janamesa.com.br.testing Yourdelivery_Model_Servicetype_Restaurant: Cache was flushed for restaurant #75 
2012-06-28T06:15:20-03:00 DEBUG (7): ydadmin-ThinkPad-X220-Tablet serving janamesa.com.br.testing SMARTY: did not find template restaurant/index.htm in janamesa.com.br layout, switching successfully back to default 
2012-06-28T06:15:20-03:00 DEBUG (7): ydadmin-ThinkPad-X220-Tablet serving janamesa.com.br.testing SMARTY: rendering template restaurant/index.htm 
2012-06-28T06:15:44-03:00 INFO (6): ydadmin-ThinkPad-X220-Tablet serving janamesa.com.br.testing appending fallback verbose information to order via cityId 819 
2012-06-28T06:15:44-03:00 DEBUG (7): ydadmin-ThinkPad-X220-Tablet serving janamesa.com.br.testing SMARTY: did not find template order/private/finish.htm in janamesa.com.br layout, switching successfully back to default 
2012-06-28T06:15:44-03:00 DEBUG (7): ydadmin-ThinkPad-X220-Tablet serving janamesa.com.br.testing SMARTY: rendering template order/private/finish.htm 
2012-06-28T06:15:48-03:00 DEBUG (7): ydadmin-ThinkPad-X220-Tablet serving janamesa.com.br.testing SMARTY: did not find template request/service/openingtimeday.htm in janamesa.com.br layout, switching successfully back to default 
2012-06-28T06:15:48-03:00 DEBUG (7): ydadmin-ThinkPad-X220-Tablet serving janamesa.com.br.testing SMARTY: rendering template request/service/openingtimeday.htm 
2012-06-28T06:16:00-03:00 DEBUG (7): ydadmin-ThinkPad-X220-Tablet serving janamesa.com.br.testing SMARTY: did not find template administration/service/edit/index.htm in janamesa.com.br layout, switching successfully back to default 
2012-06-28T06:16:00-03:00 DEBUG (7): ydadmin-ThinkPad-X220-Tablet serving janamesa.com.br.testing SMARTY: rendering template administration/service/edit/index.htm 
2012-06-28T06:16:10-03:00 DEBUG (7): ydadmin-ThinkPad-X220-Tablet serving janamesa.com.br.testing SMARTY: did not find template administration/service/edit/payments.htm in janamesa.com.br layout, switching successfully back to default 
2012-06-28T06:16:10-03:00 DEBUG (7): ydadmin-ThinkPad-X220-Tablet serving janamesa.com.br.testing SMARTY: rendering template administration/service/edit/payments.htm 
2012-06-28T06:16:20-03:00 DEBUG (7): ydadmin-ThinkPad-X220-Tablet serving janamesa.com.br.testing SMARTY: did not find template administration/service/edit/payments.htm in janamesa.com.br layout, switching successfully back to default 
2012-06-28T06:16:20-03:00 DEBUG (7): ydadmin-ThinkPad-X220-Tablet serving janamesa.com.br.testing SMARTY: rendering template administration/service/edit/payments.htm 
2012-06-28T06:16:27-03:00 INFO (6): ydadmin-ThinkPad-X220-Tablet serving janamesa.com.br.testing Yourdelivery_Model_Servicetype_Restaurant: Starting uncache restaurant #75 
2012-06-28T06:16:30-03:00 INFO (6): ydadmin-ThinkPad-X220-Tablet serving janamesa.com.br.testing Yourdelivery_Model_Servicetype_Restaurant: Cache was flushed for restaurant #75 
2012-06-28T06:16:30-03:00 DEBUG (7): ydadmin-ThinkPad-X220-Tablet serving janamesa.com.br.testing SMARTY: did not find template restaurant/index.htm in janamesa.com.br layout, switching successfully back to default 
2012-06-28T06:16:30-03:00 DEBUG (7): ydadmin-ThinkPad-X220-Tablet serving janamesa.com.br.testing SMARTY: rendering template restaurant/index.htm 
2012-06-28T06:16:40-03:00 INFO (6): ydadmin-ThinkPad-X220-Tablet serving janamesa.com.br.testing appending fallback verbose information to order via cityId 819 
2012-06-28T06:16:40-03:00 DEBUG (7): ydadmin-ThinkPad-X220-Tablet serving janamesa.com.br.testing SMARTY: did not find template order/private/finish.htm in janamesa.com.br layout, switching successfully back to default 
2012-06-28T06:16:40-03:00 DEBUG (7): ydadmin-ThinkPad-X220-Tablet serving janamesa.com.br.testing SMARTY: rendering template order/private/finish.htm 
2012-06-28T06:16:44-03:00 DEBUG (7): ydadmin-ThinkPad-X220-Tablet serving janamesa.com.br.testing SMARTY: did not find template request/service/openingtimeday.htm in janamesa.com.br layout, switching successfully back to default 
2012-06-28T06:16:44-03:00 DEBUG (7): ydadmin-ThinkPad-X220-Tablet serving janamesa.com.br.testing SMARTY: rendering template request/service/openingtimeday.htm 
2012-06-28T06:17:19-03:00 DEBUG (7): ydadmin-ThinkPad-X220-Tablet serving janamesa.com.br.testing SMARTY: did not find template administration/service/edit/payments.htm in janamesa.com.br layout, switching successfully back to default 
2012-06-28T06:17:19-03:00 DEBUG (7): ydadmin-ThinkPad-X220-Tablet serving janamesa.com.br.testing SMARTY: rendering template administration/service/edit/payments.htm 
2012-06-28T06:17:23-03:00 INFO (6): ydadmin-ThinkPad-X220-Tablet serving janamesa.com.br.testing Yourdelivery_Model_Servicetype_Restaurant: Starting uncache restaurant #75 
2012-06-28T06:17:25-03:00 INFO (6): ydadmin-ThinkPad-X220-Tablet serving janamesa.com.br.testing Yourdelivery_Model_Servicetype_Restaurant: Cache was flushed for restaurant #75 
2012-06-28T06:17:26-03:00 DEBUG (7): ydadmin-ThinkPad-X220-Tablet serving janamesa.com.br.testing SMARTY: did not find template restaurant/index.htm in janamesa.com.br layout, switching successfully back to default 
2012-06-28T06:17:26-03:00 DEBUG (7): ydadmin-ThinkPad-X220-Tablet serving janamesa.com.br.testing SMARTY: rendering template restaurant/index.htm 
2012-06-28T06:17:37-03:00 INFO (6): ydadmin-ThinkPad-X220-Tablet serving janamesa.com.br.testing appending fallback verbose information to order via cityId 819 
2012-06-28T06:17:38-03:00 DEBUG (7): ydadmin-ThinkPad-X220-Tablet serving janamesa.com.br.testing SMARTY: did not find template order/private/finish.htm in janamesa.com.br layout, switching successfully back to default 
2012-06-28T06:17:38-03:00 DEBUG (7): ydadmin-ThinkPad-X220-Tablet serving janamesa.com.br.testing SMARTY: rendering template order/private/finish.htm 
2012-06-28T06:17:41-03:00 DEBUG (7): ydadmin-ThinkPad-X220-Tablet serving janamesa.com.br.testing SMARTY: did not find template request/service/openingtimeday.htm in janamesa.com.br layout, switching successfully back to default 
2012-06-28T06:17:41-03:00 DEBUG (7): ydadmin-ThinkPad-X220-Tablet serving janamesa.com.br.testing SMARTY: rendering template request/service/openingtimeday.htm 
2012-06-28T06:44:51-03:00 DEBUG (7): ydadmin-ThinkPad-X220-Tablet serving janamesa.com.br.testing SMARTY: did not find template administration/service/edit/payments.htm in janamesa.com.br layout, switching successfully back to default 
2012-06-28T06:44:51-03:00 DEBUG (7): ydadmin-ThinkPad-X220-Tablet serving janamesa.com.br.testing SMARTY: rendering template administration/service/edit/payments.htm 
2012-06-28T06:50:20-03:00 INFO (6): ydadmin-ThinkPad-X220-Tablet serving janamesa.com.br.testing appending fallback verbose information to order via cityId 819 
2012-06-28T06:50:21-03:00 DEBUG (7): ydadmin-ThinkPad-X220-Tablet serving janamesa.com.br.testing SMARTY: did not find template order/private/finish.htm in janamesa.com.br layout, switching successfully back to default 
2012-06-28T06:50:21-03:00 DEBUG (7): ydadmin-ThinkPad-X220-Tablet serving janamesa.com.br.testing SMARTY: rendering template order/private/finish.htm 
2012-06-28T06:50:24-03:00 DEBUG (7): ydadmin-ThinkPad-X220-Tablet serving janamesa.com.br.testing SMARTY: did not find template request/service/openingtimeday.htm in janamesa.com.br layout, switching successfully back to default 
2012-06-28T06:50:24-03:00 DEBUG (7): ydadmin-ThinkPad-X220-Tablet serving janamesa.com.br.testing SMARTY: rendering template request/service/openingtimeday.htm 
2012-06-28T06:53:07-03:00 INFO (6): ydadmin-ThinkPad-X220-Tablet serving janamesa.com.br.testing appending fallback verbose information to order via cityId 819 
2012-06-28T06:53:07-03:00 DEBUG (7): ydadmin-ThinkPad-X220-Tablet serving janamesa.com.br.testing SMARTY: did not find template order/private/finish.htm in janamesa.com.br layout, switching successfully back to default 
2012-06-28T06:53:07-03:00 DEBUG (7): ydadmin-ThinkPad-X220-Tablet serving janamesa.com.br.testing SMARTY: rendering template order/private/finish.htm 
2012-06-28T06:53:11-03:00 DEBUG (7): ydadmin-ThinkPad-X220-Tablet serving janamesa.com.br.testing SMARTY: did not find template request/service/openingtimeday.htm in janamesa.com.br layout, switching successfully back to default 
2012-06-28T06:53:11-03:00 DEBUG (7): ydadmin-ThinkPad-X220-Tablet serving janamesa.com.br.testing SMARTY: rendering template request/service/openingtimeday.htm 
2012-06-28T06:57:13-03:00 INFO (6): ydadmin-ThinkPad-X220-Tablet serving janamesa.com.br.testing appending fallback verbose information to order via cityId 819 
2012-06-28T06:57:13-03:00 DEBUG (7): ydadmin-ThinkPad-X220-Tablet serving janamesa.com.br.testing SMARTY: did not find template order/private/finish.htm in janamesa.com.br layout, switching successfully back to default 
2012-06-28T06:57:13-03:00 DEBUG (7): ydadmin-ThinkPad-X220-Tablet serving janamesa.com.br.testing SMARTY: rendering template order/private/finish.htm 
2012-06-28T06:57:16-03:00 DEBUG (7): ydadmin-ThinkPad-X220-Tablet serving janamesa.com.br.testing SMARTY: did not find template request/service/openingtimeday.htm in janamesa.com.br layout, switching successfully back to default 
2012-06-28T06:57:16-03:00 DEBUG (7): ydadmin-ThinkPad-X220-Tablet serving janamesa.com.br.testing SMARTY: rendering template request/service/openingtimeday.htm 
2012-06-28T06:57:25-03:00 INFO (6): ydadmin-ThinkPad-X220-Tablet serving janamesa.com.br.testing appending fallback verbose information to order via cityId 819 
2012-06-28T06:57:25-03:00 DEBUG (7): ydadmin-ThinkPad-X220-Tablet serving janamesa.com.br.testing SMARTY: did not find template order/private/finish.htm in janamesa.com.br layout, switching successfully back to default 
2012-06-28T06:57:25-03:00 DEBUG (7): ydadmin-ThinkPad-X220-Tablet serving janamesa.com.br.testing SMARTY: rendering template order/private/finish.htm 
2012-06-28T06:57:29-03:00 DEBUG (7): ydadmin-ThinkPad-X220-Tablet serving janamesa.com.br.testing SMARTY: did not find template request/service/openingtimeday.htm in janamesa.com.br layout, switching successfully back to default 
2012-06-28T06:57:29-03:00 DEBUG (7): ydadmin-ThinkPad-X220-Tablet serving janamesa.com.br.testing SMARTY: rendering template request/service/openingtimeday.htm 
2012-06-28T06:58:55-03:00 INFO (6): ydadmin-ThinkPad-X220-Tablet serving janamesa.com.br.testing appending fallback verbose information to order via cityId 819 
2012-06-28T06:58:55-03:00 DEBUG (7): ydadmin-ThinkPad-X220-Tablet serving janamesa.com.br.testing SMARTY: did not find template order/private/finish.htm in janamesa.com.br layout, switching successfully back to default 
2012-06-28T06:58:55-03:00 DEBUG (7): ydadmin-ThinkPad-X220-Tablet serving janamesa.com.br.testing SMARTY: rendering template order/private/finish.htm 
2012-06-28T06:58:59-03:00 DEBUG (7): ydadmin-ThinkPad-X220-Tablet serving janamesa.com.br.testing SMARTY: did not find template request/service/openingtimeday.htm in janamesa.com.br layout, switching successfully back to default 
2012-06-28T06:58:59-03:00 DEBUG (7): ydadmin-ThinkPad-X220-Tablet serving janamesa.com.br.testing SMARTY: rendering template request/service/openingtimeday.htm 
2012-06-28T07:00:58-03:00 INFO (6): ydadmin-ThinkPad-X220-Tablet serving janamesa.com.br.testing appending fallback verbose information to order via cityId 819 
2012-06-28T07:00:58-03:00 DEBUG (7): ydadmin-ThinkPad-X220-Tablet serving janamesa.com.br.testing SMARTY: did not find template order/private/finish.htm in janamesa.com.br layout, switching successfully back to default 
2012-06-28T07:00:58-03:00 DEBUG (7): ydadmin-ThinkPad-X220-Tablet serving janamesa.com.br.testing SMARTY: rendering template order/private/finish.htm 
2012-06-28T07:01:02-03:00 DEBUG (7): ydadmin-ThinkPad-X220-Tablet serving janamesa.com.br.testing SMARTY: did not find template request/service/openingtimeday.htm in janamesa.com.br layout, switching successfully back to default 
2012-06-28T07:01:02-03:00 DEBUG (7): ydadmin-ThinkPad-X220-Tablet serving janamesa.com.br.testing SMARTY: rendering template request/service/openingtimeday.htm 
2012-06-28T07:02:57-03:00 INFO (6): ydadmin-ThinkPad-X220-Tablet serving janamesa.com.br.testing appending fallback verbose information to order via cityId 819 
2012-06-28T07:02:58-03:00 DEBUG (7): ydadmin-ThinkPad-X220-Tablet serving janamesa.com.br.testing SMARTY: did not find template order/private/finish.htm in janamesa.com.br layout, switching successfully back to default 
2012-06-28T07:02:58-03:00 DEBUG (7): ydadmin-ThinkPad-X220-Tablet serving janamesa.com.br.testing SMARTY: rendering template order/private/finish.htm 
2012-06-28T07:03:01-03:00 DEBUG (7): ydadmin-ThinkPad-X220-Tablet serving janamesa.com.br.testing SMARTY: did not find template request/service/openingtimeday.htm in janamesa.com.br layout, switching successfully back to default 
2012-06-28T07:03:01-03:00 DEBUG (7): ydadmin-ThinkPad-X220-Tablet serving janamesa.com.br.testing SMARTY: rendering template request/service/openingtimeday.htm 
2012-06-28T07:03:15-03:00 DEBUG (7): ydadmin-ThinkPad-X220-Tablet serving janamesa.com.br.testing SMARTY: did not find template administration/service/edit/payments.htm in janamesa.com.br layout, switching successfully back to default 
2012-06-28T07:03:15-03:00 DEBUG (7): ydadmin-ThinkPad-X220-Tablet serving janamesa.com.br.testing SMARTY: rendering template administration/service/edit/payments.htm 
2012-06-28T07:03:23-03:00 INFO (6): ydadmin-ThinkPad-X220-Tablet serving janamesa.com.br.testing appending fallback verbose information to order via cityId 819 
2012-06-28T07:03:23-03:00 DEBUG (7): ydadmin-ThinkPad-X220-Tablet serving janamesa.com.br.testing SMARTY: did not find template order/private/finish.htm in janamesa.com.br layout, switching successfully back to default 
2012-06-28T07:03:23-03:00 DEBUG (7): ydadmin-ThinkPad-X220-Tablet serving janamesa.com.br.testing SMARTY: rendering template order/private/finish.htm 
2012-06-28T07:03:25-03:00 DEBUG (7): ydadmin-ThinkPad-X220-Tablet serving janamesa.com.br.testing SMARTY: did not find template request/service/openingtimeday.htm in janamesa.com.br layout, switching successfully back to default 
2012-06-28T07:03:25-03:00 DEBUG (7): ydadmin-ThinkPad-X220-Tablet serving janamesa.com.br.testing SMARTY: rendering template request/service/openingtimeday.htm 
2012-06-28T07:09:42-03:00 DEBUG (7): ydadmin-ThinkPad-X220-Tablet serving janamesa.com.br.testing SMARTY: did not find template administration/service/edit/payments.htm in janamesa.com.br layout, switching successfully back to default 
2012-06-28T07:09:42-03:00 DEBUG (7): ydadmin-ThinkPad-X220-Tablet serving janamesa.com.br.testing SMARTY: rendering template administration/service/edit/payments.htm 
2012-06-28T07:09:48-03:00 INFO (6): ydadmin-ThinkPad-X220-Tablet serving janamesa.com.br.testing appending fallback verbose information to order via cityId 819 
2012-06-28T07:09:48-03:00 DEBUG (7): ydadmin-ThinkPad-X220-Tablet serving janamesa.com.br.testing SMARTY: did not find template order/private/finish.htm in janamesa.com.br layout, switching successfully back to default 
2012-06-28T07:09:48-03:00 DEBUG (7): ydadmin-ThinkPad-X220-Tablet serving janamesa.com.br.testing SMARTY: rendering template order/private/finish.htm 
2012-06-28T07:09:51-03:00 DEBUG (7): ydadmin-ThinkPad-X220-Tablet serving janamesa.com.br.testing SMARTY: did not find template request/service/openingtimeday.htm in janamesa.com.br layout, switching successfully back to default 
2012-06-28T07:09:51-03:00 DEBUG (7): ydadmin-ThinkPad-X220-Tablet serving janamesa.com.br.testing SMARTY: rendering template request/service/openingtimeday.htm 
2012-06-28T07:10:04-03:00 DEBUG (7): ydadmin-ThinkPad-X220-Tablet serving janamesa.com.br.testing SMARTY: did not find template administration/service/edit/payments.htm in janamesa.com.br layout, switching successfully back to default 
2012-06-28T07:10:04-03:00 DEBUG (7): ydadmin-ThinkPad-X220-Tablet serving janamesa.com.br.testing SMARTY: rendering template administration/service/edit/payments.htm 
2012-06-28T07:10:10-03:00 INFO (6): ydadmin-ThinkPad-X220-Tablet serving janamesa.com.br.testing appending fallback verbose information to order via cityId 819 
2012-06-28T07:10:10-03:00 DEBUG (7): ydadmin-ThinkPad-X220-Tablet serving janamesa.com.br.testing SMARTY: did not find template order/private/finish.htm in janamesa.com.br layout, switching successfully back to default 
2012-06-28T07:10:10-03:00 DEBUG (7): ydadmin-ThinkPad-X220-Tablet serving janamesa.com.br.testing SMARTY: rendering template order/private/finish.htm 
2012-06-28T07:10:12-03:00 DEBUG (7): ydadmin-ThinkPad-X220-Tablet serving janamesa.com.br.testing SMARTY: did not find template request/service/openingtimeday.htm in janamesa.com.br layout, switching successfully back to default 
2012-06-28T07:10:12-03:00 DEBUG (7): ydadmin-ThinkPad-X220-Tablet serving janamesa.com.br.testing SMARTY: rendering template request/service/openingtimeday.htm 
2012-06-28T09:48:11-03:00 DEBUG (7): ydadmin-ThinkPad-X220-Tablet serving janamesa.com.br.testing SMARTY: did not find template order/basis/menu.htm in janamesa.com.br layout, switching successfully back to default 
2012-06-28T09:48:11-03:00 DEBUG (7): ydadmin-ThinkPad-X220-Tablet serving janamesa.com.br.testing SMARTY: rendering template order/basis/menu.htm 
2012-06-28T09:48:13-03:00 DEBUG (7): ydadmin-ThinkPad-X220-Tablet serving janamesa.com.br.testing SMARTY: caching /home/ydadmin/htdocs/lieferando/application/../public/cache/html/www.yourdelivery.local/servico-de-entega-chopp-fast-sao-paulo.html 
2012-06-28T09:48:15-03:00 DEBUG (7): ydadmin-ThinkPad-X220-Tablet serving janamesa.com.br.testing SMARTY: did not find template request/service/preorder.htm in janamesa.com.br layout, switching successfully back to default 
2012-06-28T09:48:15-03:00 DEBUG (7): ydadmin-ThinkPad-X220-Tablet serving janamesa.com.br.testing SMARTY: rendering template request/service/preorder.htm 
2012-06-28T09:48:15-03:00 DEBUG (7): ydadmin-ThinkPad-X220-Tablet serving janamesa.com.br.testing SMARTY: caching /home/ydadmin/htdocs/lieferando/application/../public/cache/html/www.yourdelivery.local/request_service/preorder/type/rest.html 
2012-06-28T10:41:15-03:00 DEBUG (7): ydadmin-ThinkPad-X220-Tablet serving janamesa.com.br.testing SMARTY: did not find template order/basis/menu.htm in janamesa.com.br layout, switching successfully back to default 
2012-06-28T10:41:15-03:00 DEBUG (7): ydadmin-ThinkPad-X220-Tablet serving janamesa.com.br.testing SMARTY: rendering template order/basis/menu.htm 
2012-06-28T10:41:18-03:00 DEBUG (7): ydadmin-ThinkPad-X220-Tablet serving janamesa.com.br.testing SMARTY: caching /home/ydadmin/htdocs/lieferando/application/../public/cache/html/www.yourdelivery.local/servico-de-entega-chopp-fast-sao-paulo.html 
2012-06-28T10:42:39-03:00 DEBUG (7): ydadmin-ThinkPad-X220-Tablet serving janamesa.com.br.testing SMARTY: did not find template order/basis/menu.htm in janamesa.com.br layout, switching successfully back to default 
2012-06-28T10:42:39-03:00 DEBUG (7): ydadmin-ThinkPad-X220-Tablet serving janamesa.com.br.testing SMARTY: rendering template order/basis/menu.htm 
2012-06-28T10:42:41-03:00 DEBUG (7): ydadmin-ThinkPad-X220-Tablet serving janamesa.com.br.testing SMARTY: caching /home/ydadmin/htdocs/lieferando/application/../public/cache/html/www.yourdelivery.local/servico-de-entega-chopp-fast-sao-paulo.html 
2012-06-28T10:43:21-03:00 WARN (4): ydadmin-ThinkPad-X220-Tablet serving janamesa.com.br.testing hit finish page without posting, redirect to start page 
2012-06-28T10:43:21-03:00 DEBUG (7): ydadmin-ThinkPad-X220-Tablet serving janamesa.com.br.testing SMARTY: did not find template index/index.htm in janamesa.com.br layout, switching successfully back to default 
2012-06-28T10:43:21-03:00 DEBUG (7): ydadmin-ThinkPad-X220-Tablet serving janamesa.com.br.testing SMARTY: rendering template index/index.htm 
2012-06-28T10:43:22-03:00 DEBUG (7): ydadmin-ThinkPad-X220-Tablet serving janamesa.com.br.testing SMARTY: caching /home/ydadmin/htdocs/lieferando/application/../public/cache/html/www.yourdelivery.local/index.html 
2012-06-28T10:43:31-03:00 DEBUG (7): ydadmin-ThinkPad-X220-Tablet serving janamesa.com.br.testing SMARTY: did not find template administration/login.htm in janamesa.com.br layout, switching successfully back to default 
2012-06-28T10:43:31-03:00 DEBUG (7): ydadmin-ThinkPad-X220-Tablet serving janamesa.com.br.testing SMARTY: rendering template administration/login.htm 
2012-06-28T10:43:34-03:00 INFO (6): ydadmin-ThinkPad-X220-Tablet serving janamesa.com.br.testing Successfully loggged in admin #Supporter Jens Naie (345) 
2012-06-28T10:43:34-03:00 DEBUG (7): ydadmin-ThinkPad-X220-Tablet serving janamesa.com.br.testing SMARTY: did not find template administration/dashboard.htm in janamesa.com.br layout, switching successfully back to default 
2012-06-28T10:43:34-03:00 DEBUG (7): ydadmin-ThinkPad-X220-Tablet serving janamesa.com.br.testing SMARTY: rendering template administration/dashboard.htm 
2012-06-28T10:43:40-03:00 DEBUG (7): ydadmin-ThinkPad-X220-Tablet serving janamesa.com.br.testing SMARTY: did not find template administration/services.htm in janamesa.com.br layout, switching successfully back to default 
2012-06-28T10:43:40-03:00 DEBUG (7): ydadmin-ThinkPad-X220-Tablet serving janamesa.com.br.testing SMARTY: rendering template administration/services.htm 
2012-06-28T10:44:00-03:00 DEBUG (7): ydadmin-ThinkPad-X220-Tablet serving janamesa.com.br.testing SMARTY: did not find template administration/service/edit/index.htm in janamesa.com.br layout, switching successfully back to default 
2012-06-28T10:44:00-03:00 DEBUG (7): ydadmin-ThinkPad-X220-Tablet serving janamesa.com.br.testing SMARTY: rendering template administration/service/edit/index.htm 
2012-06-28T10:50:27-03:00 DEBUG (7): ydadmin-ThinkPad-X220-Tablet serving janamesa.com.br.testing SMARTY: did not find template order/basis/menu.htm in janamesa.com.br layout, switching successfully back to default 
2012-06-28T10:50:27-03:00 DEBUG (7): ydadmin-ThinkPad-X220-Tablet serving janamesa.com.br.testing SMARTY: rendering template order/basis/menu.htm 
2012-06-28T10:50:29-03:00 DEBUG (7): ydadmin-ThinkPad-X220-Tablet serving janamesa.com.br.testing SMARTY: caching /home/ydadmin/htdocs/lieferando/application/../public/cache/html/www.yourdelivery.local/servico-de-entrega-prestissimo-pizzas-sao-paulo.html 
2012-06-28T10:50:50-03:00 DEBUG (7): ydadmin-ThinkPad-X220-Tablet serving janamesa.com.br.testing SMARTY: did not find template request/service/preorder.htm in janamesa.com.br layout, switching successfully back to default 
2012-06-28T10:50:50-03:00 DEBUG (7): ydadmin-ThinkPad-X220-Tablet serving janamesa.com.br.testing SMARTY: rendering template request/service/preorder.htm 
2012-06-28T10:50:50-03:00 DEBUG (7): ydadmin-ThinkPad-X220-Tablet serving janamesa.com.br.testing SMARTY: caching /home/ydadmin/htdocs/lieferando/application/../public/cache/html/www.yourdelivery.local/request_service/preorder/type/rest.html 
2012-06-28T10:51:39-03:00 DEBUG (7): ydadmin-ThinkPad-X220-Tablet serving janamesa.com.br.testing SMARTY: did not find template order/basis/menu.htm in janamesa.com.br layout, switching successfully back to default 
2012-06-28T10:51:39-03:00 DEBUG (7): ydadmin-ThinkPad-X220-Tablet serving janamesa.com.br.testing SMARTY: rendering template order/basis/menu.htm 
2012-06-28T10:51:39-03:00 DEBUG (7): ydadmin-ThinkPad-X220-Tablet serving janamesa.com.br.testing SMARTY: caching /home/ydadmin/htdocs/lieferando/application/../public/cache/html/www.yourdelivery.local/servico-de-entega-chopp-fast-sao-paulo.html 
2012-06-28T11:02:57-03:00 DEBUG (7): ydadmin-ThinkPad-X220-Tablet serving janamesa.com.br.testing SMARTY: did not find template order/basis/menu.htm in janamesa.com.br layout, switching successfully back to default 
2012-06-28T11:02:57-03:00 DEBUG (7): ydadmin-ThinkPad-X220-Tablet serving janamesa.com.br.testing SMARTY: rendering template order/basis/menu.htm 
2012-06-28T11:03:00-03:00 DEBUG (7): ydadmin-ThinkPad-X220-Tablet serving janamesa.com.br.testing SMARTY: caching /home/ydadmin/htdocs/lieferando/application/../public/cache/html/www.yourdelivery.local/servico-de-entega-chopp-fast-sao-paulo.html 
2012-06-28T11:03:18-03:00 DEBUG (7): ydadmin-ThinkPad-X220-Tablet serving janamesa.com.br.testing SMARTY: did not find template order/basis/menu.htm in janamesa.com.br layout, switching successfully back to default 
2012-06-28T11:03:18-03:00 DEBUG (7): ydadmin-ThinkPad-X220-Tablet serving janamesa.com.br.testing SMARTY: rendering template order/basis/menu.htm 
2012-06-28T11:03:19-03:00 DEBUG (7): ydadmin-ThinkPad-X220-Tablet serving janamesa.com.br.testing SMARTY: caching /home/ydadmin/htdocs/lieferando/application/../public/cache/html/www.yourdelivery.local/servico-de-entega-dona-dja-restaurante-e-pizzaria-sao-paulo.html 
2012-06-28T11:03:44-03:00 DEBUG (7): ydadmin-ThinkPad-X220-Tablet serving janamesa.com.br.testing SMARTY: did not find template order/basis/menu.htm in janamesa.com.br layout, switching successfully back to default 
2012-06-28T11:03:44-03:00 DEBUG (7): ydadmin-ThinkPad-X220-Tablet serving janamesa.com.br.testing SMARTY: rendering template order/basis/menu.htm 
2012-06-28T11:03:47-03:00 DEBUG (7): ydadmin-ThinkPad-X220-Tablet serving janamesa.com.br.testing SMARTY: caching /home/ydadmin/htdocs/lieferando/application/../public/cache/html/www.yourdelivery.local/servico-de-entega-dona-dja-restaurante-e-pizzaria-sao-paulo.html 
2012-06-28T11:04:29-03:00 DEBUG (7): ydadmin-ThinkPad-X220-Tablet serving janamesa.com.br.testing SMARTY: did not find template order/basis/menu.htm in janamesa.com.br layout, switching successfully back to default 
2012-06-28T11:04:29-03:00 DEBUG (7): ydadmin-ThinkPad-X220-Tablet serving janamesa.com.br.testing SMARTY: rendering template order/basis/menu.htm 
2012-06-28T11:04:30-03:00 DEBUG (7): ydadmin-ThinkPad-X220-Tablet serving janamesa.com.br.testing SMARTY: caching /home/ydadmin/htdocs/lieferando/application/../public/cache/html/www.yourdelivery.local/servico-de-entega-chopp-fast-sao-paulo.html 
2012-06-28T11:12:52-03:00 DEBUG (7): ydadmin-ThinkPad-X220-Tablet serving janamesa.com.br.testing SMARTY: did not find template restaurant/login.htm in janamesa.com.br layout, switching successfully back to default 
2012-06-28T11:12:52-03:00 DEBUG (7): ydadmin-ThinkPad-X220-Tablet serving janamesa.com.br.testing SMARTY: rendering template restaurant/login.htm 
2012-06-28T11:13:09-03:00 INFO (6): ydadmin-ThinkPad-X220-Tablet serving janamesa.com.br.testing found 19 online and 3 offline services in #819 
2012-06-28T11:13:09-03:00 DEBUG (7): ydadmin-ThinkPad-X220-Tablet serving janamesa.com.br.testing SMARTY: rendering template order/basis/service.htm 
2012-06-28T11:13:11-03:00 DEBUG (7): ydadmin-ThinkPad-X220-Tablet serving janamesa.com.br.testing SMARTY: caching /home/ydadmin/htdocs/lieferando/application/../public/cache/html/www.yourdelivery.local/servico-de-entrega-sao-paulo-01517-100.html 
2012-06-28T11:13:20-03:00 DEBUG (7): ydadmin-ThinkPad-X220-Tablet serving janamesa.com.br.testing SMARTY: did not find template request/order/serviceinfo.htm in janamesa.com.br layout, switching successfully back to default 
2012-06-28T11:13:20-03:00 DEBUG (7): ydadmin-ThinkPad-X220-Tablet serving janamesa.com.br.testing SMARTY: rendering template request/order/serviceinfo.htm 
2012-06-28T11:13:20-03:00 DEBUG (7): ydadmin-ThinkPad-X220-Tablet serving janamesa.com.br.testing SMARTY: caching /home/ydadmin/htdocs/lieferando/application/../public/cache/html/www.yourdelivery.local/request_order/serviceinfo/id/54.html 
2012-06-28T11:13:37-03:00 DEBUG (7): ydadmin-ThinkPad-X220-Tablet serving janamesa.com.br.testing SMARTY: did not find template request/order/serviceinfo.htm in janamesa.com.br layout, switching successfully back to default 
2012-06-28T11:13:37-03:00 DEBUG (7): ydadmin-ThinkPad-X220-Tablet serving janamesa.com.br.testing SMARTY: rendering template request/order/serviceinfo.htm 
2012-06-28T11:13:37-03:00 DEBUG (7): ydadmin-ThinkPad-X220-Tablet serving janamesa.com.br.testing SMARTY: caching /home/ydadmin/htdocs/lieferando/application/../public/cache/html/www.yourdelivery.local/request_order/serviceinfo/id/111.html 
2012-06-28T12:00:00-03:00 INFO (6): ydadmin-ThinkPad-X220-Tablet serving janamesa.com.br.testing appending fallback verbose information to order via cityId 819 
2012-06-28T12:00:00-03:00 DEBUG (7): ydadmin-ThinkPad-X220-Tablet serving janamesa.com.br.testing SMARTY: did not find template order/private/finish.htm in janamesa.com.br layout, switching successfully back to default 
2012-06-28T12:00:00-03:00 DEBUG (7): ydadmin-ThinkPad-X220-Tablet serving janamesa.com.br.testing SMARTY: rendering template order/private/finish.htm 
2012-06-28T12:00:03-03:00 DEBUG (7): ydadmin-ThinkPad-X220-Tablet serving janamesa.com.br.testing SMARTY: did not find template request/service/openingtimeday.htm in janamesa.com.br layout, switching successfully back to default 
2012-06-28T12:00:03-03:00 DEBUG (7): ydadmin-ThinkPad-X220-Tablet serving janamesa.com.br.testing SMARTY: rendering template request/service/openingtimeday.htm 
2012-06-28T12:00:36-03:00 DEBUG (7): ydadmin-ThinkPad-X220-Tablet serving janamesa.com.br.testing SMARTY: did not find template administration/login.htm in janamesa.com.br layout, switching successfully back to default 
2012-06-28T12:00:36-03:00 DEBUG (7): ydadmin-ThinkPad-X220-Tablet serving janamesa.com.br.testing SMARTY: rendering template administration/login.htm 
2012-06-28T12:05:47-03:00 DEBUG (7): ydadmin-ThinkPad-X220-Tablet serving janamesa.com.br.testing SMARTY: did not find template administration/login.htm in janamesa.com.br layout, switching successfully back to default 
2012-06-28T12:05:47-03:00 DEBUG (7): ydadmin-ThinkPad-X220-Tablet serving janamesa.com.br.testing SMARTY: rendering template administration/login.htm 
2012-06-28T12:05:49-03:00 INFO (6): ydadmin-ThinkPad-X220-Tablet serving janamesa.com.br.testing Successfully loggged in admin #Supporter Jens Naie (345) 
2012-06-28T12:05:50-03:00 DEBUG (7): ydadmin-ThinkPad-X220-Tablet serving janamesa.com.br.testing SMARTY: did not find template administration/dashboard.htm in janamesa.com.br layout, switching successfully back to default 
2012-06-28T12:05:50-03:00 DEBUG (7): ydadmin-ThinkPad-X220-Tablet serving janamesa.com.br.testing SMARTY: rendering template administration/dashboard.htm 
2012-06-28T12:06:09-03:00 DEBUG (7): ydadmin-ThinkPad-X220-Tablet serving janamesa.com.br.testing SMARTY: did not find template administration/services.htm in janamesa.com.br layout, switching successfully back to default 
2012-06-28T12:06:09-03:00 DEBUG (7): ydadmin-ThinkPad-X220-Tablet serving janamesa.com.br.testing SMARTY: rendering template administration/services.htm 
2012-06-28T12:06:22-03:00 DEBUG (7): ydadmin-ThinkPad-X220-Tablet serving janamesa.com.br.testing SMARTY: did not find template administration/service/edit/index.htm in janamesa.com.br layout, switching successfully back to default 
2012-06-28T12:06:22-03:00 DEBUG (7): ydadmin-ThinkPad-X220-Tablet serving janamesa.com.br.testing SMARTY: rendering template administration/service/edit/index.htm 
2012-06-28T12:07:18-03:00 DEBUG (7): ydadmin-ThinkPad-X220-Tablet serving janamesa.com.br.testing SMARTY: did not find template administration/service/edit/contacts.htm in janamesa.com.br layout, switching successfully back to default 
2012-06-28T12:07:18-03:00 DEBUG (7): ydadmin-ThinkPad-X220-Tablet serving janamesa.com.br.testing SMARTY: rendering template administration/service/edit/contacts.htm 
2012-06-28T12:07:28-03:00 DEBUG (7): ydadmin-ThinkPad-X220-Tablet serving janamesa.com.br.testing SMARTY: did not find template administration/service/edit/assoc.htm in janamesa.com.br layout, switching successfully back to default 
2012-06-28T12:07:28-03:00 DEBUG (7): ydadmin-ThinkPad-X220-Tablet serving janamesa.com.br.testing SMARTY: rendering template administration/service/edit/assoc.htm 
2012-06-28T12:07:47-03:00 DEBUG (7): ydadmin-ThinkPad-X220-Tablet serving janamesa.com.br.testing SMARTY: did not find template administration/service/edit/piccategories.htm in janamesa.com.br layout, switching successfully back to default 
2012-06-28T12:07:47-03:00 DEBUG (7): ydadmin-ThinkPad-X220-Tablet serving janamesa.com.br.testing SMARTY: rendering template administration/service/edit/piccategories.htm 
2012-06-28T12:07:54-03:00 DEBUG (7): ydadmin-ThinkPad-X220-Tablet serving janamesa.com.br.testing SMARTY: did not find template administration/service/edit/documents.htm in janamesa.com.br layout, switching successfully back to default 
2012-06-28T12:07:54-03:00 DEBUG (7): ydadmin-ThinkPad-X220-Tablet serving janamesa.com.br.testing SMARTY: rendering template administration/service/edit/documents.htm 
2012-06-28T12:07:58-03:00 DEBUG (7): ydadmin-ThinkPad-X220-Tablet serving janamesa.com.br.testing SMARTY: did not find template administration/service/edit/comissions.htm in janamesa.com.br layout, switching successfully back to default 
2012-06-28T12:07:58-03:00 DEBUG (7): ydadmin-ThinkPad-X220-Tablet serving janamesa.com.br.testing SMARTY: rendering template administration/service/edit/comissions.htm 
2012-06-28T12:08:07-03:00 DEBUG (7): ydadmin-ThinkPad-X220-Tablet serving janamesa.com.br.testing SMARTY: did not find template administration/service/edit/billing.htm in janamesa.com.br layout, switching successfully back to default 
2012-06-28T12:08:07-03:00 DEBUG (7): ydadmin-ThinkPad-X220-Tablet serving janamesa.com.br.testing SMARTY: rendering template administration/service/edit/billing.htm 
2012-06-28T12:08:24-03:00 DEBUG (7): ydadmin-ThinkPad-X220-Tablet serving janamesa.com.br.testing SMARTY: did not find template administration/order/index.htm in janamesa.com.br layout, switching successfully back to default 
2012-06-28T12:08:24-03:00 DEBUG (7): ydadmin-ThinkPad-X220-Tablet serving janamesa.com.br.testing SMARTY: rendering template administration/order/index.htm 
2012-06-28T12:08:32-03:00 DEBUG (7): ydadmin-ThinkPad-X220-Tablet serving janamesa.com.br.testing SMARTY: did not find template administration/service/edit/logo.htm in janamesa.com.br layout, switching successfully back to default 
2012-06-28T12:08:32-03:00 DEBUG (7): ydadmin-ThinkPad-X220-Tablet serving janamesa.com.br.testing SMARTY: rendering template administration/service/edit/logo.htm 
2012-06-28T12:08:38-03:00 DEBUG (7): ydadmin-ThinkPad-X220-Tablet serving janamesa.com.br.testing SMARTY: did not find template administration/service/ratings/index.htm in janamesa.com.br layout, switching successfully back to default 
2012-06-28T12:08:38-03:00 DEBUG (7): ydadmin-ThinkPad-X220-Tablet serving janamesa.com.br.testing SMARTY: rendering template administration/service/ratings/index.htm 
2012-06-28T12:08:51-03:00 DEBUG (7): ydadmin-ThinkPad-X220-Tablet serving janamesa.com.br.testing SMARTY: did not find template administration/service/edit/setpassword.htm in janamesa.com.br layout, switching successfully back to default 
2012-06-28T12:08:51-03:00 DEBUG (7): ydadmin-ThinkPad-X220-Tablet serving janamesa.com.br.testing SMARTY: rendering template administration/service/edit/setpassword.htm 
2012-06-28T12:10:11-03:00 DEBUG (7): ydadmin-ThinkPad-X220-Tablet serving janamesa.com.br.testing SMARTY: did not find template administration/service/edit/index.htm in janamesa.com.br layout, switching successfully back to default 
2012-06-28T12:10:11-03:00 DEBUG (7): ydadmin-ThinkPad-X220-Tablet serving janamesa.com.br.testing SMARTY: rendering template administration/service/edit/index.htm 
2012-06-28T12:12:34-03:00 DEBUG (7): ydadmin-ThinkPad-X220-Tablet serving janamesa.com.br.testing SMARTY: did not find template administration/service/edit/index.htm in janamesa.com.br layout, switching successfully back to default 
2012-06-28T12:12:34-03:00 DEBUG (7): ydadmin-ThinkPad-X220-Tablet serving janamesa.com.br.testing SMARTY: rendering template administration/service/edit/index.htm 
2012-06-28T12:14:19-03:00 INFO (6): ydadmin-ThinkPad-X220-Tablet serving janamesa.com.br.testing Yourdelivery_Model_Servicetype_Restaurant: Starting uncache restaurant #345 
2012-06-28T12:14:19-03:00 INFO (6): ydadmin-ThinkPad-X220-Tablet serving janamesa.com.br.testing Yourdelivery_Model_Servicetype_Restaurant: Cache was flushed for restaurant #345 
2012-06-28T12:14:19-03:00 DEBUG (7): ydadmin-ThinkPad-X220-Tablet serving janamesa.com.br.testing updating model Default_Model_Base #345 with modified data :: Array(    [current] =>     [name] => Prestssimo Pizzas    [street] => Saint Hilaire    [hausnr] => 217    [plz] => 01423-040    [cityId] => 171721    [categoryId] => 27    [isOnline] => 0    [description] =>     [contactId] => 352    [ustid] =>     [tel] => (011) 3885-4356    [fax] => 0123    [email] => prestissimo@prestissimo.com.br    [status] => 3    [ktoName] =>     [ktoNr] =>     [ktoBlz] =>     [ktoIban] =>     [ktoSwift] =>     [ustIdNr] =>     [fee] => 0    [komm] => 8.00    [latitude] => 0.0000000    [longitude] => 0.0000000    [notify] => all    [notifyPayed] => 3    [customerNr] => 40344    [item] => 0    [deleted] => 0    [statecomment] => falta bancofalta fax2 meses sem prov    [debit] => 1    [billInterval] => 0    [sodexo] => 0    [ticketrestaurant] => 0    [onlyPickup] => 0    [billDeliverCost] => 1    [ratingQuality] =>     [ratingDelivery] =>     [ratingAdvisePercentPositive] => 0    [specialComment] =>     [specialInfo] =>     [billingContactId] => 352    [floorfee] => 0    [slots] => 0    [slotsPeriod] => 0    [checked] => 0    [billDeliver] => none    [updated] => 2012-06-28 12:14:19    [paymentbar] => 1    [isLogo] => 1    [menuUpdateTime] =>     [qypeId] =>     [acceptsPfand] =>     [onlycash] => 1    [faxService] => retarus    [offlineStatusUntil] => 28.06.2012    [placesEmail] =>     [placesPassword] =>     [placesComment] =>     [placesStatus] => nein    [franchiseTypeId] => 1    [restUrl] => servico-de-entrega-prestissimo-pizzas-sao-paulo    [caterUrl] => bufet-prestissimo-pizzas-sao-paulo    [greatUrl] => mercado-municipal-prestissimo-pizzas-sao-paulo    [metaTitle] =>     [metaKeywords] =>     [metaDescription] =>     [metaRobots] => noindex,follow    [kommSat] => 0.00    [itemSat] => 0    [feeSat] => 0    [topUntil] =>     [chargePercentage] => 0.00    [chargeFix] => 0.00    [chargeStart] =>     [password] =>     [laxContract] => 0    [orderticker] => 1    [sound] => 1    [franchiseName] =>     [noNotification] => 0    [billingName] =>     [offline-change-reason-text] => test) 
2012-06-28T12:14:19-03:00 DEBUG (7): ydadmin-ThinkPad-X220-Tablet serving janamesa.com.br.testing saved model Yourdelivery_Model_Servicetype_RestaurantNotepad with id #3028 new data :: Array(    [masterAdmin] => 1    [adminId] => 345    [restaurantId] => 345    [comment] => [offline status gesetzt: \'em andamento\']. Begrndung: test    [time] => 2012-06-28 12:14:19) 
2012-06-28T12:14:19-03:00 INFO (6): ydadmin-ThinkPad-X220-Tablet serving janamesa.com.br.testing Status of Prestssimo Pizzas (#345) changed from online to offline #Supporter Jens Naie (345) 
2012-06-28T12:14:19-03:00 INFO (6): ydadmin-ThinkPad-X220-Tablet serving janamesa.com.br.testing Offline status of Prestssimo Pizzas (345) changed from online to em andamento. Reason: test #Supporter Jens Naie (345) 
2012-06-28T12:14:19-03:00 INFO (6): ydadmin-ThinkPad-X220-Tablet serving janamesa.com.br.testing Successfully edited service Prestssimo Pizzas (345) #Supporter Jens Naie (345) 
2012-06-28T12:14:19-03:00 DEBUG (7): ydadmin-ThinkPad-X220-Tablet serving janamesa.com.br.testing SMARTY: did not find template administration/service/edit/index.htm in janamesa.com.br layout, switching successfully back to default 
2012-06-28T12:14:19-03:00 DEBUG (7): ydadmin-ThinkPad-X220-Tablet serving janamesa.com.br.testing SMARTY: rendering template administration/service/edit/index.htm 
2012-06-28T12:15:23-03:00 INFO (6): ydadmin-ThinkPad-X220-Tablet serving janamesa.com.br.testing Yourdelivery_Model_Servicetype_Restaurant: Starting uncache restaurant #345 
2012-06-28T12:15:23-03:00 INFO (6): ydadmin-ThinkPad-X220-Tablet serving janamesa.com.br.testing Yourdelivery_Model_Servicetype_Restaurant: Cache was flushed for restaurant #345 
2012-06-28T12:15:23-03:00 DEBUG (7): ydadmin-ThinkPad-X220-Tablet serving janamesa.com.br.testing updating model Default_Model_Base #345 with modified data :: Array(    [current] =>     [name] => Prestssimo Pizzas    [street] => Saint Hilaire    [hausnr] => 217    [plz] => 01423-040    [cityId] => 171721    [categoryId] => 27    [isOnline] => 0    [description] =>     [contactId] => 352    [ustid] =>     [tel] => (011) 3885-4356    [fax] => 0123    [email] => prestissimo@prestissimo.com.br    [status] => 4    [ktoName] =>     [ktoNr] =>     [ktoBlz] =>     [ktoIban] =>     [ktoSwift] =>     [ustIdNr] =>     [fee] => 0    [komm] => 8.00    [latitude] => 0.0000000    [longitude] => 0.0000000    [notify] => all    [notifyPayed] => 3    [customerNr] => 40344    [item] => 0    [deleted] => 0    [statecomment] => falta bancofalta fax2 meses sem prov    [debit] => 1    [billInterval] => 0    [sodexo] => 0    [ticketrestaurant] => 0    [onlyPickup] => 0    [billDeliverCost] => 1    [ratingQuality] =>     [ratingDelivery] =>     [ratingAdvisePercentPositive] => 0    [specialComment] =>     [specialInfo] =>     [billingContactId] => 352    [floorfee] => 0    [slots] => 0    [slotsPeriod] => 0    [checked] => 0    [billDeliver] => none    [updated] => 2012-06-28 12:15:23    [paymentbar] => 1    [isLogo] => 1    [menuUpdateTime] =>     [qypeId] =>     [acceptsPfand] =>     [onlycash] => 1    [faxService] => retarus    [offlineStatusUntil] => 28.06.2012    [placesEmail] =>     [placesPassword] =>     [placesComment] =>     [placesStatus] => nein    [franchiseTypeId] => 1    [restUrl] => servico-de-entrega-prestissimo-pizzas-sao-paulo    [caterUrl] => bufet-prestissimo-pizzas-sao-paulo    [greatUrl] => mercado-municipal-prestissimo-pizzas-sao-paulo    [metaTitle] =>     [metaKeywords] =>     [metaDescription] =>     [metaRobots] => noindex,follow    [kommSat] => 0.00    [itemSat] => 0    [feeSat] => 0    [topUntil] =>     [chargePercentage] => 0.00    [chargeFix] => 0.00    [chargeStart] =>     [password] =>     [laxContract] => 0    [orderticker] => 1    [sound] => 1    [franchiseName] =>     [noNotification] => 0    [billingName] =>     [offline-change-reason-text] => test2) 
2012-06-28T12:15:23-03:00 DEBUG (7): ydadmin-ThinkPad-X220-Tablet serving janamesa.com.br.testing saved model Yourdelivery_Model_Servicetype_RestaurantNotepad with id #3029 new data :: Array(    [masterAdmin] => 1    [adminId] => 345    [restaurantId] => 345    [comment] => [offline status gesetzt: \'em reforma\']. Begrndung: test2    [time] => 2012-06-28 12:15:23) 
2012-06-28T12:15:23-03:00 INFO (6): ydadmin-ThinkPad-X220-Tablet serving janamesa.com.br.testing Offline status of Prestssimo Pizzas (345) changed from em andamento to em reforma. Reason: test2 #Supporter Jens Naie (345) 
2012-06-28T12:15:23-03:00 INFO (6): ydadmin-ThinkPad-X220-Tablet serving janamesa.com.br.testing Successfully edited service Prestssimo Pizzas (345) #Supporter Jens Naie (345) 
2012-06-28T12:15:23-03:00 DEBUG (7): ydadmin-ThinkPad-X220-Tablet serving janamesa.com.br.testing SMARTY: did not find template administration/service/edit/index.htm in janamesa.com.br layout, switching successfully back to default 
2012-06-28T12:15:23-03:00 DEBUG (7): ydadmin-ThinkPad-X220-Tablet serving janamesa.com.br.testing SMARTY: rendering template administration/service/edit/index.htm 
2012-06-28T12:18:11-03:00 DEBUG (7): ydadmin-ThinkPad-X220-Tablet serving janamesa.com.br.testing SMARTY: did not find template administration/companys.htm in janamesa.com.br layout, switching successfully back to default 
2012-06-28T12:18:11-03:00 DEBUG (7): ydadmin-ThinkPad-X220-Tablet serving janamesa.com.br.testing SMARTY: rendering template administration/companys.htm 
2012-06-28T12:18:31-03:00 DEBUG (7): ydadmin-ThinkPad-X220-Tablet serving janamesa.com.br.testing SMARTY: did not find template administration/company/edit/index.htm in janamesa.com.br layout, switching successfully back to default 
2012-06-28T12:18:31-03:00 DEBUG (7): ydadmin-ThinkPad-X220-Tablet serving janamesa.com.br.testing SMARTY: rendering template administration/company/edit/index.htm 
2012-06-28T12:19:53-03:00 DEBUG (7): ydadmin-ThinkPad-X220-Tablet serving janamesa.com.br.testing SMARTY: did not find template administration/company/edit/contacts.htm in janamesa.com.br layout, switching successfully back to default 
2012-06-28T12:19:53-03:00 DEBUG (7): ydadmin-ThinkPad-X220-Tablet serving janamesa.com.br.testing SMARTY: rendering template administration/company/edit/contacts.htm 
2012-06-28T12:20:48-03:00 DEBUG (7): ydadmin-ThinkPad-X220-Tablet serving janamesa.com.br.testing SMARTY: did not find template administration/company/edit/assoc.htm in janamesa.com.br layout, switching successfully back to default 
2012-06-28T12:20:48-03:00 DEBUG (7): ydadmin-ThinkPad-X220-Tablet serving janamesa.com.br.testing SMARTY: rendering template administration/company/edit/assoc.htm 
2012-06-28T12:20:54-03:00 DEBUG (7): ydadmin-ThinkPad-X220-Tablet serving janamesa.com.br.testing SMARTY: rendering template order/company/start.htm 
2012-06-28T12:21:10-03:00 DEBUG (7): ydadmin-ThinkPad-X220-Tablet serving janamesa.com.br.testing SMARTY: did not find template company/address.htm in janamesa.com.br layout, switching successfully back to default 
2012-06-28T12:21:10-03:00 DEBUG (7): ydadmin-ThinkPad-X220-Tablet serving janamesa.com.br.testing SMARTY: rendering template company/address.htm 
2012-06-28T12:21:26-03:00 DEBUG (7): ydadmin-ThinkPad-X220-Tablet serving janamesa.com.br.testing SMARTY: did not find template company/index.htm in janamesa.com.br layout, switching successfully back to default 
2012-06-28T12:21:26-03:00 DEBUG (7): ydadmin-ThinkPad-X220-Tablet serving janamesa.com.br.testing SMARTY: rendering template company/index.htm 
2012-06-28T12:21:32-03:00 DEBUG (7): ydadmin-ThinkPad-X220-Tablet serving janamesa.com.br.testing SMARTY: did not find template company/addemployee.htm in janamesa.com.br layout, switching successfully back to default 
2012-06-28T12:21:32-03:00 DEBUG (7): ydadmin-ThinkPad-X220-Tablet serving janamesa.com.br.testing SMARTY: rendering template company/addemployee.htm 
2012-06-28T12:22:13-03:00 DEBUG (7): ydadmin-ThinkPad-X220-Tablet serving janamesa.com.br.testing SMARTY: did not find template company/employees.htm in janamesa.com.br layout, switching successfully back to default 
2012-06-28T12:22:13-03:00 DEBUG (7): ydadmin-ThinkPad-X220-Tablet serving janamesa.com.br.testing SMARTY: rendering template company/employees.htm 
2012-06-28T12:22:17-03:00 DEBUG (7): ydadmin-ThinkPad-X220-Tablet serving janamesa.com.br.testing SMARTY: did not find template company/employees.htm in janamesa.com.br layout, switching successfully back to default 
2012-06-28T12:22:17-03:00 DEBUG (7): ydadmin-ThinkPad-X220-Tablet serving janamesa.com.br.testing SMARTY: rendering template company/employees.htm 
2012-06-28T12:22:23-03:00 DEBUG (7): ydadmin-ThinkPad-X220-Tablet serving janamesa.com.br.testing SMARTY: did not find template company/employee.htm in janamesa.com.br layout, switching successfully back to default 
2012-06-28T12:22:23-03:00 DEBUG (7): ydadmin-ThinkPad-X220-Tablet serving janamesa.com.br.testing SMARTY: rendering template company/employee.htm 
2012-06-28T12:22:27-03:00 DEBUG (7): ydadmin-ThinkPad-X220-Tablet serving janamesa.com.br.testing SMARTY: did not find template company/employees.htm in janamesa.com.br layout, switching successfully back to default 
2012-06-28T12:22:27-03:00 DEBUG (7): ydadmin-ThinkPad-X220-Tablet serving janamesa.com.br.testing SMARTY: rendering template company/employees.htm 
2012-06-28T12:22:36-03:00 DEBUG (7): ydadmin-ThinkPad-X220-Tablet serving janamesa.com.br.testing SMARTY: did not find template company/budgets.htm in janamesa.com.br layout, switching successfully back to default 
2012-06-28T12:22:36-03:00 DEBUG (7): ydadmin-ThinkPad-X220-Tablet serving janamesa.com.br.testing SMARTY: rendering template company/budgets.htm 
2012-06-28T12:22:41-03:00 DEBUG (7): ydadmin-ThinkPad-X220-Tablet serving janamesa.com.br.testing SMARTY: did not find template company/addresses.htm in janamesa.com.br layout, switching successfully back to default 
2012-06-28T12:22:41-03:00 DEBUG (7): ydadmin-ThinkPad-X220-Tablet serving janamesa.com.br.testing SMARTY: rendering template company/addresses.htm 
2012-06-28T12:22:57-03:00 DEBUG (7): ydadmin-ThinkPad-X220-Tablet serving janamesa.com.br.testing SMARTY: did not find template company/settings.htm in janamesa.com.br layout, switching successfully back to default 
2012-06-28T12:22:57-03:00 DEBUG (7): ydadmin-ThinkPad-X220-Tablet serving janamesa.com.br.testing SMARTY: rendering template company/settings.htm 
2012-06-28T12:23:09-03:00 DEBUG (7): ydadmin-ThinkPad-X220-Tablet serving janamesa.com.br.testing SMARTY: did not find template company/index.htm in janamesa.com.br layout, switching successfully back to default 
2012-06-28T12:23:09-03:00 DEBUG (7): ydadmin-ThinkPad-X220-Tablet serving janamesa.com.br.testing SMARTY: rendering template company/index.htm 
2012-06-28T12:23:15-03:00 DEBUG (7): ydadmin-ThinkPad-X220-Tablet serving janamesa.com.br.testing SMARTY: did not find template company/settings.htm in janamesa.com.br layout, switching successfully back to default 
2012-06-28T12:23:15-03:00 DEBUG (7): ydadmin-ThinkPad-X220-Tablet serving janamesa.com.br.testing SMARTY: rendering template company/settings.htm 
2012-06-28T12:23:23-03:00 DEBUG (7): ydadmin-ThinkPad-X220-Tablet serving janamesa.com.br.testing SMARTY: did not find template company/employees.htm in janamesa.com.br layout, switching successfully back to default 
2012-06-28T12:23:23-03:00 DEBUG (7): ydadmin-ThinkPad-X220-Tablet serving janamesa.com.br.testing SMARTY: rendering template company/employees.htm 
2012-06-28T12:23:28-03:00 DEBUG (7): ydadmin-ThinkPad-X220-Tablet serving janamesa.com.br.testing SMARTY: did not find template company/employee.htm in janamesa.com.br layout, switching successfully back to default 
2012-06-28T12:23:28-03:00 DEBUG (7): ydadmin-ThinkPad-X220-Tablet serving janamesa.com.br.testing SMARTY: rendering template company/employee.htm 
2012-06-28T12:23:52-03:00 DEBUG (7): ydadmin-ThinkPad-X220-Tablet serving janamesa.com.br.testing SMARTY: did not find template company/budgets.htm in janamesa.com.br layout, switching successfully back to default 
2012-06-28T12:23:52-03:00 DEBUG (7): ydadmin-ThinkPad-X220-Tablet serving janamesa.com.br.testing SMARTY: rendering template company/budgets.htm 
2012-06-28T12:23:56-03:00 DEBUG (7): ydadmin-ThinkPad-X220-Tablet serving janamesa.com.br.testing SMARTY: did not find template company/addresses.htm in janamesa.com.br layout, switching successfully back to default 
2012-06-28T12:23:56-03:00 DEBUG (7): ydadmin-ThinkPad-X220-Tablet serving janamesa.com.br.testing SMARTY: rendering template company/addresses.htm 
2012-06-28T12:24:01-03:00 DEBUG (7): ydadmin-ThinkPad-X220-Tablet serving janamesa.com.br.testing SMARTY: did not find template company/settings.htm in janamesa.com.br layout, switching successfully back to default 
2012-06-28T12:24:01-03:00 DEBUG (7): ydadmin-ThinkPad-X220-Tablet serving janamesa.com.br.testing SMARTY: rendering template company/settings.htm 
2012-06-28T12:24:14-03:00 DEBUG (7): ydadmin-ThinkPad-X220-Tablet serving janamesa.com.br.testing SMARTY: did not find template company/contact.htm in janamesa.com.br layout, switching successfully back to default 
2012-06-28T12:24:14-03:00 DEBUG (7): ydadmin-ThinkPad-X220-Tablet serving janamesa.com.br.testing SMARTY: rendering template company/contact.htm 
2012-06-28T12:24:24-03:00 DEBUG (7): ydadmin-ThinkPad-X220-Tablet serving janamesa.com.br.testing SMARTY: did not find template company/billingcontact.htm in janamesa.com.br layout, switching successfully back to default 
2012-06-28T12:24:24-03:00 DEBUG (7): ydadmin-ThinkPad-X220-Tablet serving janamesa.com.br.testing SMARTY: rendering template company/billingcontact.htm 
2012-06-28T12:24:29-03:00 DEBUG (7): ydadmin-ThinkPad-X220-Tablet serving janamesa.com.br.testing SMARTY: did not find template company/billing.htm in janamesa.com.br layout, switching successfully back to default 
2012-06-28T12:24:29-03:00 DEBUG (7): ydadmin-ThinkPad-X220-Tablet serving janamesa.com.br.testing SMARTY: rendering template company/billing.htm 
2012-06-28T12:24:34-03:00 DEBUG (7): ydadmin-ThinkPad-X220-Tablet serving janamesa.com.br.testing SMARTY: did not find template company/projectnumbers.htm in janamesa.com.br layout, switching successfully back to default 
2012-06-28T12:24:34-03:00 DEBUG (7): ydadmin-ThinkPad-X220-Tablet serving janamesa.com.br.testing SMARTY: rendering template company/projectnumbers.htm 
2012-06-28T12:24:37-03:00 DEBUG (7): ydadmin-ThinkPad-X220-Tablet serving janamesa.com.br.testing SMARTY: did not find template company/costcenters.htm in janamesa.com.br layout, switching successfully back to default 
2012-06-28T12:24:37-03:00 DEBUG (7): ydadmin-ThinkPad-X220-Tablet serving janamesa.com.br.testing SMARTY: rendering template company/costcenters.htm 
2012-06-28T12:24:50-03:00 DEBUG (7): ydadmin-ThinkPad-X220-Tablet serving janamesa.com.br.testing SMARTY: did not find template company/costcenters.htm in janamesa.com.br layout, switching successfully back to default 
2012-06-28T12:24:50-03:00 DEBUG (7): ydadmin-ThinkPad-X220-Tablet serving janamesa.com.br.testing SMARTY: rendering template company/costcenters.htm 
2012-06-28T12:24:54-03:00 DEBUG (7): ydadmin-ThinkPad-X220-Tablet serving janamesa.com.br.testing SMARTY: did not find template company/addcostcenter.htm in janamesa.com.br layout, switching successfully back to default 
2012-06-28T12:24:54-03:00 DEBUG (7): ydadmin-ThinkPad-X220-Tablet serving janamesa.com.br.testing SMARTY: rendering template company/addcostcenter.htm 
2012-06-28T12:25:02-03:00 DEBUG (7): ydadmin-ThinkPad-X220-Tablet serving janamesa.com.br.testing SMARTY: did not find template company/orders.htm in janamesa.com.br layout, switching successfully back to default 
2012-06-28T12:25:02-03:00 DEBUG (7): ydadmin-ThinkPad-X220-Tablet serving janamesa.com.br.testing SMARTY: rendering template company/orders.htm 
2012-06-28T12:25:13-03:00 ERR (3): ydadmin-ThinkPad-X220-Tablet serving janamesa.com.br.testing PAGE NOT FOUND: /about-customer #0 log() called at [/home/ydadmin/htdocs/lieferando/library/Yourdelivery/Log.php:68]
#1 __call() called at [/home/ydadmin/htdocs/lieferando/application/controllers/ErrorController.php:187]
#2 err() called at [/home/ydadmin/htdocs/lieferando/application/controllers/ErrorController.php:187]
#3 errorAction() called at [/home/ydadmin/htdocs/lieferando/library/Zend/Controller/Action.php:513]
#4 dispatch() called at [/home/ydadmin/htdocs/lieferando/library/Zend/Controller/Dispatcher/Standard.php:289]
#5 dispatch() called at [/home/ydadmin/htdocs/lieferando/library/Zend/Controller/Front.php:954]
#6 dispatch() called at [/home/ydadmin/htdocs/lieferando/library/Zend/Application/Bootstrap/Bootstrap.php:97]
#7 run() called at [/home/ydadmin/htdocs/lieferando/library/Zend/Application.php:366]
#8 run() called at [/home/ydadmin/htdocs/lieferando/public/index.php:111]

2012-06-28T12:25:13-03:00 DEBUG (7): ydadmin-ThinkPad-X220-Tablet serving janamesa.com.br.testing SMARTY: did not find template error/notfound.htm in janamesa.com.br layout, switching successfully back to default 
2012-06-28T12:25:13-03:00 DEBUG (7): ydadmin-ThinkPad-X220-Tablet serving janamesa.com.br.testing SMARTY: rendering template error/notfound.htm 
2012-06-28T12:25:19-03:00 DEBUG (7): ydadmin-ThinkPad-X220-Tablet serving janamesa.com.br.testing SMARTY: did not find template index/index.htm in janamesa.com.br layout, switching successfully back to default 
2012-06-28T12:25:19-03:00 DEBUG (7): ydadmin-ThinkPad-X220-Tablet serving janamesa.com.br.testing SMARTY: rendering template index/index.htm 
2012-06-28T12:25:20-03:00 DEBUG (7): ydadmin-ThinkPad-X220-Tablet serving janamesa.com.br.testing SMARTY: caching /home/ydadmin/htdocs/lieferando/application/../public/cache/html/www.yourdelivery.local/index.html 
2012-06-28T12:26:54-03:00 DEBUG (7): ydadmin-ThinkPad-X220-Tablet serving janamesa.com.br.testing SMARTY: rendering template user/index.htm 
2012-06-28T12:26:54-03:00 DEBUG (7): ydadmin-ThinkPad-X220-Tablet serving janamesa.com.br.testing search UNRATED ORDERS (limit 5 - start 0) for customer #190 andradelacaz@andradelacaz.com.br - unratedOrderCount: 0 
2012-06-28T12:26:54-03:00 DEBUG (7): ydadmin-ThinkPad-X220-Tablet serving janamesa.com.br.testing found 5 points for action rate_high 
2012-06-28T12:26:54-03:00 DEBUG (7): ydadmin-ThinkPad-X220-Tablet serving janamesa.com.br.testing found 8 points for action accountimage 
2012-06-28T12:26:54-03:00 DEBUG (7): ydadmin-ThinkPad-X220-Tablet serving janamesa.com.br.testing FIDELITY - OPEN ACTIONS: could not store for id:  open0fidelityfddf3e74283adf256e7e93b58aa8c35d 
2012-06-28T12:26:55-03:00 DEBUG (7): ydadmin-ThinkPad-X220-Tablet serving janamesa.com.br.testing FIDELITY - OPEN ACTIONS: variable was already set - don't recalculating 
2012-06-28T12:27:00-03:00 DEBUG (7): ydadmin-ThinkPad-X220-Tablet serving janamesa.com.br.testing SMARTY: rendering template user/settings.htm 
2012-06-28T12:27:04-03:00 DEBUG (7): ydadmin-ThinkPad-X220-Tablet serving janamesa.com.br.testing SMARTY: rendering template user/locations.htm 
2012-06-28T12:27:32-03:00 DEBUG (7): ydadmin-ThinkPad-X220-Tablet serving janamesa.com.br.testing SMARTY: rendering template order/company/start.htm 
2012-06-28T12:27:41-03:00 DEBUG (7): ydadmin-ThinkPad-X220-Tablet serving janamesa.com.br.testing SMARTY: did not find template company/address.htm in janamesa.com.br layout, switching successfully back to default 
2012-06-28T12:27:41-03:00 DEBUG (7): ydadmin-ThinkPad-X220-Tablet serving janamesa.com.br.testing SMARTY: rendering template company/address.htm 
2012-06-28T12:27:59-03:00 DEBUG (7): ydadmin-ThinkPad-X220-Tablet serving janamesa.com.br.testing SMARTY: rendering template order/private/start.htm 
2012-06-28T12:27:59-03:00 DEBUG (7): ydadmin-ThinkPad-X220-Tablet serving janamesa.com.br.testing search UNRATED ORDERS (limit 5 - start 0) for customer #190 andradelacaz@andradelacaz.com.br - unratedOrderCount: 0 
2012-06-28T12:27:59-03:00 DEBUG (7): ydadmin-ThinkPad-X220-Tablet serving janamesa.com.br.testing found 5 points for action rate_high 
2012-06-28T12:27:59-03:00 DEBUG (7): ydadmin-ThinkPad-X220-Tablet serving janamesa.com.br.testing found 8 points for action accountimage 
2012-06-28T12:27:59-03:00 DEBUG (7): ydadmin-ThinkPad-X220-Tablet serving janamesa.com.br.testing FIDELITY - OPEN ACTIONS: could not store for id:  open0fidelityfddf3e74283adf256e7e93b58aa8c35d 
2012-06-28T12:27:59-03:00 DEBUG (7): ydadmin-ThinkPad-X220-Tablet serving janamesa.com.br.testing FIDELITY - OPEN ACTIONS: variable was already set - don't recalculating 
2012-06-28T12:28:00-03:00 DEBUG (7): ydadmin-ThinkPad-X220-Tablet serving janamesa.com.br.testing FIDELITY - OPEN ACTIONS: variable was already set - don't recalculating 
2012-06-28T12:28:00-03:00 DEBUG (7): ydadmin-ThinkPad-X220-Tablet serving janamesa.com.br.testing FIDELITY - OPEN ACTIONS: variable was already set - don't recalculating 
2012-06-28T12:28:05-03:00 DEBUG (7): ydadmin-ThinkPad-X220-Tablet serving janamesa.com.br.testing SMARTY: rendering template user/locations.htm 
2012-06-28T12:28:16-03:00 DEBUG (7): ydadmin-ThinkPad-X220-Tablet serving janamesa.com.br.testing SMARTY: rendering template order/company/start.htm 
2012-06-28T12:28:22-03:00 DEBUG (7): ydadmin-ThinkPad-X220-Tablet serving janamesa.com.br.testing SMARTY: did not find template company/address.htm in janamesa.com.br layout, switching successfully back to default 
2012-06-28T12:28:22-03:00 DEBUG (7): ydadmin-ThinkPad-X220-Tablet serving janamesa.com.br.testing SMARTY: rendering template company/address.htm 
2012-06-28T12:30:33-03:00 INFO (6): ydadmin-ThinkPad-X220-Tablet serving janamesa.com.br.testing found 19 online and 3 offline services in #819 
2012-06-28T12:30:33-03:00 DEBUG (7): ydadmin-ThinkPad-X220-Tablet serving janamesa.com.br.testing SMARTY: rendering template order/basis/service.htm 
2012-06-28T12:31:14-03:00 DEBUG (7): ydadmin-ThinkPad-X220-Tablet serving janamesa.com.br.testing saved model Yourdelivery_Model_Location with id #410 new data :: Array(    [street] => uiuoiuoiou    [hausnr] => 12    [cityId] => 819    [plz] => 01517-100    [tel] => 123456789    [etage] =>     [comment] =>     [budgets] =>     [companyName] => Andrade, Lacaz & Potenza Advocados    [companyId] => 11) 
2012-06-28T12:31:14-03:00 DEBUG (7): ydadmin-ThinkPad-X220-Tablet serving janamesa.com.br.testing saved model Yourdelivery_Model_Location with id #411 new data :: Array(    [street] => uiuoiuoiou    [hausnr] => 12    [cityId] => 819    [plz] => 01517-100    [tel] => 123456789    [etage] =>     [comment] =>     [budgets] =>     [customerId] => 190    [companyName] => Andrade, Lacaz & Potenza Advocados) 
2012-06-28T12:31:14-03:00 DEBUG (7): ydadmin-ThinkPad-X220-Tablet serving janamesa.com.br.testing SMARTY: did not find template company/addresses.htm in janamesa.com.br layout, switching successfully back to default 
2012-06-28T12:31:14-03:00 DEBUG (7): ydadmin-ThinkPad-X220-Tablet serving janamesa.com.br.testing SMARTY: rendering template company/addresses.htm 
2012-06-28T12:31:18-03:00 DEBUG (7): ydadmin-ThinkPad-X220-Tablet serving janamesa.com.br.testing SMARTY: did not find template company/address.htm in janamesa.com.br layout, switching successfully back to default 
2012-06-28T12:31:18-03:00 DEBUG (7): ydadmin-ThinkPad-X220-Tablet serving janamesa.com.br.testing SMARTY: rendering template company/address.htm 
2012-06-28T12:31:26-03:00 DEBUG (7): ydadmin-ThinkPad-X220-Tablet serving janamesa.com.br.testing SMARTY: rendering template user/index.htm 
2012-06-28T12:31:26-03:00 DEBUG (7): ydadmin-ThinkPad-X220-Tablet serving janamesa.com.br.testing search UNRATED ORDERS (limit 5 - start 0) for customer #190 andradelacaz@andradelacaz.com.br - unratedOrderCount: 0 
2012-06-28T12:31:26-03:00 DEBUG (7): ydadmin-ThinkPad-X220-Tablet serving janamesa.com.br.testing found 5 points for action rate_high 
2012-06-28T12:31:26-03:00 DEBUG (7): ydadmin-ThinkPad-X220-Tablet serving janamesa.com.br.testing found 8 points for action accountimage 
2012-06-28T12:31:26-03:00 DEBUG (7): ydadmin-ThinkPad-X220-Tablet serving janamesa.com.br.testing FIDELITY - OPEN ACTIONS: could not store for id:  open0fidelityfddf3e74283adf256e7e93b58aa8c35d 
2012-06-28T12:31:30-03:00 DEBUG (7): ydadmin-ThinkPad-X220-Tablet serving janamesa.com.br.testing SMARTY: rendering template order/company/start.htm 
2012-06-28T12:31:47-03:00 DEBUG (7): ydadmin-ThinkPad-X220-Tablet serving janamesa.com.br.testing SMARTY: did not find template order/basis/menu.htm in janamesa.com.br layout, switching successfully back to default 
2012-06-28T12:31:47-03:00 DEBUG (7): ydadmin-ThinkPad-X220-Tablet serving janamesa.com.br.testing SMARTY: rendering template order/basis/menu.htm 
2012-06-28T12:31:48-03:00 DEBUG (7): ydadmin-ThinkPad-X220-Tablet serving janamesa.com.br.testing SMARTY: caching /home/ydadmin/htdocs/lieferando/application/../public/cache/html/www.yourdelivery.local/servico-de-entega-china-vip-sao-paulo.html 
2012-06-28T12:31:58-03:00 DEBUG (7): ydadmin-ThinkPad-X220-Tablet serving janamesa.com.br.testing SMARTY: rendering template request/order/callmeal.htm 
2012-06-28T12:31:58-03:00 DEBUG (7): ydadmin-ThinkPad-X220-Tablet serving janamesa.com.br.testing SMARTY: caching /home/ydadmin/htdocs/lieferando/application/../public/cache/html/www.yourdelivery.local/request_order/callmeal/id/4357/size/635/update/false.html 
2012-06-28T12:32:03-03:00 WARN (4): ydadmin-ThinkPad-X220-Tablet serving janamesa.com.br.testing No budget, but tried to access finish page, redirecting back to private page 
2012-06-28T12:32:04-03:00 DEBUG (7): ydadmin-ThinkPad-X220-Tablet serving janamesa.com.br.testing SMARTY: rendering template order/private/start.htm 
2012-06-28T12:32:04-03:00 DEBUG (7): ydadmin-ThinkPad-X220-Tablet serving janamesa.com.br.testing search UNRATED ORDERS (limit 5 - start 0) for customer #190 andradelacaz@andradelacaz.com.br - unratedOrderCount: 0 
2012-06-28T12:32:04-03:00 DEBUG (7): ydadmin-ThinkPad-X220-Tablet serving janamesa.com.br.testing found 5 points for action rate_high 
2012-06-28T12:32:04-03:00 DEBUG (7): ydadmin-ThinkPad-X220-Tablet serving janamesa.com.br.testing found 8 points for action accountimage 
2012-06-28T12:32:04-03:00 DEBUG (7): ydadmin-ThinkPad-X220-Tablet serving janamesa.com.br.testing FIDELITY - OPEN ACTIONS: could not store for id:  open0fidelityfddf3e74283adf256e7e93b58aa8c35d 
2012-06-28T12:32:04-03:00 DEBUG (7): ydadmin-ThinkPad-X220-Tablet serving janamesa.com.br.testing FIDELITY - OPEN ACTIONS: variable was already set - don't recalculating 
2012-06-28T12:32:14-03:00 DEBUG (7): ydadmin-ThinkPad-X220-Tablet serving janamesa.com.br.testing SMARTY: rendering template order/company/start.htm 
2012-06-28T12:32:42-03:00 WARN (4): ydadmin-ThinkPad-X220-Tablet serving janamesa.com.br.testing No budget, but tried to access finish page, redirecting back to private page 
2012-06-28T12:32:43-03:00 DEBUG (7): ydadmin-ThinkPad-X220-Tablet serving janamesa.com.br.testing SMARTY: rendering template order/private/start.htm 
2012-06-28T12:32:43-03:00 DEBUG (7): ydadmin-ThinkPad-X220-Tablet serving janamesa.com.br.testing search UNRATED ORDERS (limit 5 - start 0) for customer #190 andradelacaz@andradelacaz.com.br - unratedOrderCount: 0 
2012-06-28T12:32:43-03:00 DEBUG (7): ydadmin-ThinkPad-X220-Tablet serving janamesa.com.br.testing found 5 points for action rate_high 
2012-06-28T12:32:43-03:00 DEBUG (7): ydadmin-ThinkPad-X220-Tablet serving janamesa.com.br.testing found 8 points for action accountimage 
2012-06-28T12:32:43-03:00 DEBUG (7): ydadmin-ThinkPad-X220-Tablet serving janamesa.com.br.testing FIDELITY - OPEN ACTIONS: could not store for id:  open0fidelityfddf3e74283adf256e7e93b58aa8c35d 
2012-06-28T12:32:43-03:00 DEBUG (7): ydadmin-ThinkPad-X220-Tablet serving janamesa.com.br.testing FIDELITY - OPEN ACTIONS: variable was already set - don't recalculating 
2012-06-28T12:33:14-03:00 INFO (6): ydadmin-ThinkPad-X220-Tablet serving janamesa.com.br.testing appending fallback verbose information to order via cityId 819 
2012-06-28T12:33:15-03:00 DEBUG (7): ydadmin-ThinkPad-X220-Tablet serving janamesa.com.br.testing SMARTY: did not find template order/private/finish.htm in janamesa.com.br layout, switching successfully back to default 
2012-06-28T12:33:15-03:00 DEBUG (7): ydadmin-ThinkPad-X220-Tablet serving janamesa.com.br.testing SMARTY: rendering template order/private/finish.htm 
2012-06-28T12:33:17-03:00 DEBUG (7): ydadmin-ThinkPad-X220-Tablet serving janamesa.com.br.testing SMARTY: did not find template request/service/openingtimeday.htm in janamesa.com.br layout, switching successfully back to default 
2012-06-28T12:33:17-03:00 DEBUG (7): ydadmin-ThinkPad-X220-Tablet serving janamesa.com.br.testing SMARTY: rendering template request/service/openingtimeday.htm 
