2012-08-23T10:59:08+02:00 DEBUG (7): ydadmin-ThinkPad-X220-Tablet serving janamesa.com.br.testing SMARTY: rendering template order/basis/menu.htm 
2012-08-23T10:59:10+02:00 DEBUG (7): ydadmin-ThinkPad-X220-Tablet serving janamesa.com.br.testing SMARTY: caching /home/ydadmin/htdocs/lieferando/application/../public/cache/html/www.yourdelivery.local/servico-de-entrega-funny-pizzas-sao-paulo.html 
2012-08-23T12:06:34+02:00 DEBUG (7): ydadmin-ThinkPad-X220-Tablet serving janamesa.com.br.testing SMARTY: rendering template administration/login.htm 
2012-08-23T12:06:37+02:00 INFO (6): ydadmin-ThinkPad-X220-Tablet serving janamesa.com.br.testing Successfully loggged in admin #Supporter Jens Naie (345) 
2012-08-23T12:06:37+02:00 DEBUG (7): ydadmin-ThinkPad-X220-Tablet serving janamesa.com.br.testing SMARTY: rendering template administration/dashboard.htm 
2012-08-23T12:06:54+02:00 DEBUG (7): ydadmin-ThinkPad-X220-Tablet serving janamesa.com.br.testing SMARTY: rendering template administration/services.htm 
2012-08-23T12:07:04+02:00 INFO (6): ydadmin-ThinkPad-X220-Tablet serving janamesa.com.br.testing Logged to the restaurant Funny Pizzas (351) #Supporter Jens Naie (345) 
2012-08-23T12:07:04+02:00 DEBUG (7): ydadmin-ThinkPad-X220-Tablet serving janamesa.com.br.testing SMARTY: rendering template restaurant/index.htm 
2012-08-23T12:07:30+02:00 DEBUG (7): ydadmin-ThinkPad-X220-Tablet serving janamesa.com.br.testing SMARTY: rendering template restaurant/menu.htm 
2012-08-23T12:07:33+02:00 DEBUG (7): ydadmin-ThinkPad-X220-Tablet serving janamesa.com.br.testing SMARTY: rendering template request/restaurant/getcategory.htm 
2012-08-23T12:07:33+02:00 DEBUG (7): ydadmin-ThinkPad-X220-Tablet serving janamesa.com.br.testing SMARTY: rendering template request/restaurant/getcategorieslist.htm 
2012-08-23T12:10:37+02:00 DEBUG (7): ydadmin-ThinkPad-X220-Tablet serving janamesa.com.br.testing SMARTY: rendering template restaurant/menu/optionsformeal.htm 
2012-08-23T12:35:21+02:00 DEBUG (7): ydadmin-ThinkPad-X220-Tablet serving janamesa.com.br.testing SMARTY: rendering template restaurant/menu/optionsformeal.htm 
2012-08-23T15:01:11+02:00 INFO (6): ydadmin-ThinkPad-X220-Tablet serving janamesa.com.br.testing Mealoption 13 wurde gelöscht #Supporter Jens Naie (345) 
2012-08-23T15:01:18+02:00 DEBUG (7): ydadmin-ThinkPad-X220-Tablet serving janamesa.com.br.testing saved model Yourdelivery_Model_Meal_MealoptionsNn with id #24 new data :: Array(    [mealId] => 33857    [optionRowId] => 1543) 
2012-08-23T15:02:17+02:00 DEBUG (7): ydadmin-ThinkPad-X220-Tablet serving janamesa.com.br.testing SMARTY: rendering template request/restaurant/getcategory.htm 
2012-08-23T15:02:18+02:00 DEBUG (7): ydadmin-ThinkPad-X220-Tablet serving janamesa.com.br.testing SMARTY: rendering template request/restaurant/getcategorieslist.htm 
2012-08-23T15:02:21+02:00 INFO (6): ydadmin-ThinkPad-X220-Tablet serving janamesa.com.br.testing Mealoption 23 wurde gelöscht #Supporter Jens Naie (345) 
2012-08-23T15:02:28+02:00 DEBUG (7): ydadmin-ThinkPad-X220-Tablet serving janamesa.com.br.testing saved model Yourdelivery_Model_Meal_MealoptionsNn with id #25 new data :: Array(    [mealId] => 33816    [optionRowId] => 1543) 
2012-08-23T15:03:50+02:00 DEBUG (7): ydadmin-ThinkPad-X220-Tablet serving janamesa.com.br.testing SMARTY: rendering template request/restaurant/getcategory.htm 
2012-08-23T15:03:51+02:00 DEBUG (7): ydadmin-ThinkPad-X220-Tablet serving janamesa.com.br.testing SMARTY: rendering template request/restaurant/getcategorieslist.htm 
2012-08-23T15:03:53+02:00 INFO (6): ydadmin-ThinkPad-X220-Tablet serving janamesa.com.br.testing Mealoption 25 wurde gelöscht #Supporter Jens Naie (345) 
2012-08-23T15:03:58+02:00 DEBUG (7): ydadmin-ThinkPad-X220-Tablet serving janamesa.com.br.testing saved model Yourdelivery_Model_Meal_MealoptionsNn with id #26 new data :: Array(    [mealId] => 33816    [optionRowId] => 1543) 
2012-08-23T15:05:19+02:00 DEBUG (7): ydadmin-ThinkPad-X220-Tablet serving janamesa.com.br.testing SMARTY: rendering template request/restaurant/getcategory.htm 
2012-08-23T15:05:19+02:00 DEBUG (7): ydadmin-ThinkPad-X220-Tablet serving janamesa.com.br.testing SMARTY: rendering template request/restaurant/getcategorieslist.htm 
2012-08-23T15:05:21+02:00 INFO (6): ydadmin-ThinkPad-X220-Tablet serving janamesa.com.br.testing Mealoption 26 wurde gelöscht #Supporter Jens Naie (345) 
2012-08-23T15:05:26+02:00 DEBUG (7): ydadmin-ThinkPad-X220-Tablet serving janamesa.com.br.testing saved model Yourdelivery_Model_Meal_MealoptionsNn with id #27 new data :: Array(    [mealId] => 33816    [optionRowId] => 1543) 
2012-08-23T15:05:26+02:00 CRIT (2): ydadmin-ThinkPad-X220-Tablet serving janamesa.com.br.testing Run into error: Message: SQLSTATE[42S02]: Base table or view not found: 1146 Table 'janamesa.com.br.meal' doesn't exist

Trace:
#0 /home/ydadmin/htdocs/lieferando/library/Zend/Db/Statement.php(320): Zend_Db_Statement_Pdo->_execute(Array)
#1 /home/ydadmin/htdocs/lieferando/library/Zend/Db/Adapter/Abstract.php(468): Zend_Db_Statement->execute(Array)
#2 /home/ydadmin/htdocs/lieferando/library/Zend/Db/Adapter/Pdo/Abstract.php(238): Zend_Db_Adapter_Abstract->query('SELECT m.id AS ...', Array)
#3 /home/ydadmin/htdocs/lieferando/application/models/DbTable/Meals.php(364): Zend_Db_Adapter_Pdo_Abstract->query('SELECT m.id AS ...')
#4 /home/ydadmin/htdocs/lieferando/application/models/Meals.php(554): Yourdelivery_Model_DbTable_Meals->getOptions()
#5 /home/ydadmin/htdocs/lieferando/application/models/Meals.php(1522): Yourdelivery_Model_Meals->hasOptions()
#6 /home/ydadmin/htdocs/lieferando/application/controllers/Administration/Request/Service/Meals/MealoptionsController.php(44): Yourdelivery_Model_Meals->updateHasSpecials()
#7 /home/ydadmin/htdocs/lieferando/library/Zend/Controller/Action.php(513): Administration_Request_Service_Meals_MealoptionsController->addAction()
#8 /home/ydadmin/htdocs/lieferando/library/Zend/Controller/Dispatcher/Standard.php(289): Zend_Controller_Action->dispatch('addAction')
#9 /home/ydadmin/htdocs/lieferando/library/Zend/Controller/Front.php(954): Zend_Controller_Dispatcher_Standard->dispatch(Object(Zend_Controller_Request_Http), Object(Zend_Controller_Response_Http))
#10 /home/ydadmin/htdocs/lieferando/library/Zend/Application/Bootstrap/Bootstrap.php(97): Zend_Controller_Front->dispatch()
#11 /home/ydadmin/htdocs/lieferando/library/Zend/Application.php(366): Zend_Application_Bootstrap_Bootstrap->run()
#12 /home/ydadmin/htdocs/lieferando/public/index.php(116): Zend_Application->run()
#13 {main}

 #0 log() called at [/home/ydadmin/htdocs/lieferando/library/Yourdelivery/Log.php:68]
#1 __call() called at [/home/ydadmin/htdocs/lieferando/application/controllers/ErrorController.php:207]
#2 crit() called at [/home/ydadmin/htdocs/lieferando/application/controllers/ErrorController.php:207]
#3 errorAction() called at [/home/ydadmin/htdocs/lieferando/library/Zend/Controller/Action.php:513]
#4 dispatch() called at [/home/ydadmin/htdocs/lieferando/library/Zend/Controller/Dispatcher/Standard.php:289]
#5 dispatch() called at [/home/ydadmin/htdocs/lieferando/library/Zend/Controller/Front.php:954]
#6 dispatch() called at [/home/ydadmin/htdocs/lieferando/library/Zend/Application/Bootstrap/Bootstrap.php:97]
#7 run() called at [/home/ydadmin/htdocs/lieferando/library/Zend/Application.php:366]
#8 run() called at [/home/ydadmin/htdocs/lieferando/public/index.php:116]

2012-08-23T15:05:26+02:00 DEBUG (7): ydadmin-ThinkPad-X220-Tablet serving janamesa.com.br.testing SMARTY: rendering template error/error.htm 
2012-08-23T15:34:45+02:00 DEBUG (7): ydadmin-ThinkPad-X220-Tablet serving janamesa.com.br.testing SMARTY: rendering template request/restaurant/getcategory.htm 
2012-08-23T15:34:46+02:00 DEBUG (7): ydadmin-ThinkPad-X220-Tablet serving janamesa.com.br.testing SMARTY: rendering template request/restaurant/getcategorieslist.htm 
2012-08-23T15:34:48+02:00 INFO (6): ydadmin-ThinkPad-X220-Tablet serving janamesa.com.br.testing Mealoption 27 wurde gelöscht #Supporter Jens Naie (345) 
2012-08-23T15:34:52+02:00 DEBUG (7): ydadmin-ThinkPad-X220-Tablet serving janamesa.com.br.testing saved model Yourdelivery_Model_Meal_MealoptionsNn with id #28 new data :: Array(    [mealId] => 33816    [optionRowId] => 1543) 
2012-08-23T15:34:52+02:00 CRIT (2): ydadmin-ThinkPad-X220-Tablet serving janamesa.com.br.testing Run into error: Message: SQLSTATE[42S02]: Base table or view not found: 1146 Table 'janamesa.com.br.meal' doesn't exist

Trace:
#0 /home/ydadmin/htdocs/lieferando/library/Zend/Db/Statement.php(320): Zend_Db_Statement_Pdo->_execute(Array)
#1 /home/ydadmin/htdocs/lieferando/library/Zend/Db/Adapter/Abstract.php(468): Zend_Db_Statement->execute(Array)
#2 /home/ydadmin/htdocs/lieferando/library/Zend/Db/Adapter/Pdo/Abstract.php(238): Zend_Db_Adapter_Abstract->query('SELECT m.id AS ...', Array)
#3 /home/ydadmin/htdocs/lieferando/application/models/DbTable/Meals.php(364): Zend_Db_Adapter_Pdo_Abstract->query('SELECT m.id AS ...')
#4 /home/ydadmin/htdocs/lieferando/application/models/Meals.php(554): Yourdelivery_Model_DbTable_Meals->getOptions()
#5 /home/ydadmin/htdocs/lieferando/application/models/Meals.php(1522): Yourdelivery_Model_Meals->hasOptions()
#6 /home/ydadmin/htdocs/lieferando/application/controllers/Administration/Request/Service/Meals/MealoptionsController.php(44): Yourdelivery_Model_Meals->updateHasSpecials()
#7 /home/ydadmin/htdocs/lieferando/library/Zend/Controller/Action.php(513): Administration_Request_Service_Meals_MealoptionsController->addAction()
#8 /home/ydadmin/htdocs/lieferando/library/Zend/Controller/Dispatcher/Standard.php(289): Zend_Controller_Action->dispatch('addAction')
#9 /home/ydadmin/htdocs/lieferando/library/Zend/Controller/Front.php(954): Zend_Controller_Dispatcher_Standard->dispatch(Object(Zend_Controller_Request_Http), Object(Zend_Controller_Response_Http))
#10 /home/ydadmin/htdocs/lieferando/library/Zend/Application/Bootstrap/Bootstrap.php(97): Zend_Controller_Front->dispatch()
#11 /home/ydadmin/htdocs/lieferando/library/Zend/Application.php(366): Zend_Application_Bootstrap_Bootstrap->run()
#12 /home/ydadmin/htdocs/lieferando/public/index.php(116): Zend_Application->run()
#13 {main}

 #0 log() called at [/home/ydadmin/htdocs/lieferando/library/Yourdelivery/Log.php:68]
#1 __call() called at [/home/ydadmin/htdocs/lieferando/application/controllers/ErrorController.php:207]
#2 crit() called at [/home/ydadmin/htdocs/lieferando/application/controllers/ErrorController.php:207]
#3 errorAction() called at [/home/ydadmin/htdocs/lieferando/library/Zend/Controller/Action.php:513]
#4 dispatch() called at [/home/ydadmin/htdocs/lieferando/library/Zend/Controller/Dispatcher/Standard.php:289]
#5 dispatch() called at [/home/ydadmin/htdocs/lieferando/library/Zend/Controller/Front.php:954]
#6 dispatch() called at [/home/ydadmin/htdocs/lieferando/library/Zend/Application/Bootstrap/Bootstrap.php:97]
#7 run() called at [/home/ydadmin/htdocs/lieferando/library/Zend/Application.php:366]
#8 run() called at [/home/ydadmin/htdocs/lieferando/public/index.php:116]

2012-08-23T15:34:52+02:00 DEBUG (7): ydadmin-ThinkPad-X220-Tablet serving janamesa.com.br.testing SMARTY: rendering template error/error.htm 
2012-08-23T15:36:09+02:00 DEBUG (7): ydadmin-ThinkPad-X220-Tablet serving janamesa.com.br.testing SMARTY: rendering template request/restaurant/getcategory.htm 
2012-08-23T15:36:10+02:00 DEBUG (7): ydadmin-ThinkPad-X220-Tablet serving janamesa.com.br.testing SMARTY: rendering template request/restaurant/getcategorieslist.htm 
2012-08-23T15:36:14+02:00 INFO (6): ydadmin-ThinkPad-X220-Tablet serving janamesa.com.br.testing Mealoption 28 wurde gelöscht #Supporter Jens Naie (345) 
2012-08-23T15:36:19+02:00 DEBUG (7): ydadmin-ThinkPad-X220-Tablet serving janamesa.com.br.testing saved model Yourdelivery_Model_Meal_MealoptionsNn with id #29 new data :: Array(    [mealId] => 33816    [optionRowId] => 1543) 
2012-08-23T15:37:04+02:00 DEBUG (7): ydadmin-ThinkPad-X220-Tablet serving janamesa.com.br.testing SMARTY: rendering template request/restaurant/getcategory.htm 
2012-08-23T15:37:04+02:00 DEBUG (7): ydadmin-ThinkPad-X220-Tablet serving janamesa.com.br.testing SMARTY: rendering template request/restaurant/getcategorieslist.htm 
2012-08-23T15:37:05+02:00 INFO (6): ydadmin-ThinkPad-X220-Tablet serving janamesa.com.br.testing Mealoption 29 wurde gelöscht #Supporter Jens Naie (345) 
2012-08-23T15:37:10+02:00 DEBUG (7): ydadmin-ThinkPad-X220-Tablet serving janamesa.com.br.testing saved model Yourdelivery_Model_Meal_MealoptionsNn with id #30 new data :: Array(    [mealId] => 33816    [optionRowId] => 1543) 
2012-08-23T15:38:07+02:00 DEBUG (7): ydadmin-ThinkPad-X220-Tablet serving janamesa.com.br.testing SMARTY: rendering template request/restaurant/getcategory.htm 
2012-08-23T15:38:08+02:00 DEBUG (7): ydadmin-ThinkPad-X220-Tablet serving janamesa.com.br.testing SMARTY: rendering template request/restaurant/getcategorieslist.htm 
2012-08-23T15:38:10+02:00 INFO (6): ydadmin-ThinkPad-X220-Tablet serving janamesa.com.br.testing Mealoption 30 wurde gelöscht #Supporter Jens Naie (345) 
2012-08-23T15:38:15+02:00 DEBUG (7): ydadmin-ThinkPad-X220-Tablet serving janamesa.com.br.testing saved model Yourdelivery_Model_Meal_MealoptionsNn with id #31 new data :: Array(    [mealId] => 33816    [optionRowId] => 1543) 
2012-08-23T15:38:15+02:00 CRIT (2): ydadmin-ThinkPad-X220-Tablet serving janamesa.com.br.testing Run into error: Message: SQLSTATE[42S02]: Base table or view not found: 1146 Table 'janamesa.com.br.meal' doesn't exist

Trace:
#0 /home/ydadmin/htdocs/lieferando/library/Zend/Db/Statement.php(320): Zend_Db_Statement_Pdo->_execute(Array)
#1 /home/ydadmin/htdocs/lieferando/library/Zend/Db/Adapter/Abstract.php(468): Zend_Db_Statement->execute(Array)
#2 /home/ydadmin/htdocs/lieferando/library/Zend/Db/Adapter/Pdo/Abstract.php(238): Zend_Db_Adapter_Abstract->query('SELECT m.id AS ...', Array)
#3 /home/ydadmin/htdocs/lieferando/application/models/DbTable/Meals.php(364): Zend_Db_Adapter_Pdo_Abstract->query('SELECT m.id AS ...')
#4 /home/ydadmin/htdocs/lieferando/application/models/Meals.php(554): Yourdelivery_Model_DbTable_Meals->getOptions()
#5 /home/ydadmin/htdocs/lieferando/application/models/Meals.php(1522): Yourdelivery_Model_Meals->hasOptions()
#6 /home/ydadmin/htdocs/lieferando/application/controllers/Administration/Request/Service/Meals/MealoptionsController.php(44): Yourdelivery_Model_Meals->updateHasSpecials()
#7 /home/ydadmin/htdocs/lieferando/library/Zend/Controller/Action.php(513): Administration_Request_Service_Meals_MealoptionsController->addAction()
#8 /home/ydadmin/htdocs/lieferando/library/Zend/Controller/Dispatcher/Standard.php(289): Zend_Controller_Action->dispatch('addAction')
#9 /home/ydadmin/htdocs/lieferando/library/Zend/Controller/Front.php(954): Zend_Controller_Dispatcher_Standard->dispatch(Object(Zend_Controller_Request_Http), Object(Zend_Controller_Response_Http))
#10 /home/ydadmin/htdocs/lieferando/library/Zend/Application/Bootstrap/Bootstrap.php(97): Zend_Controller_Front->dispatch()
#11 /home/ydadmin/htdocs/lieferando/library/Zend/Application.php(366): Zend_Application_Bootstrap_Bootstrap->run()
#12 /home/ydadmin/htdocs/lieferando/public/index.php(116): Zend_Application->run()
#13 {main}

 #0 log() called at [/home/ydadmin/htdocs/lieferando/library/Yourdelivery/Log.php:68]
#1 __call() called at [/home/ydadmin/htdocs/lieferando/application/controllers/ErrorController.php:207]
#2 crit() called at [/home/ydadmin/htdocs/lieferando/application/controllers/ErrorController.php:207]
#3 errorAction() called at [/home/ydadmin/htdocs/lieferando/library/Zend/Controller/Action.php:513]
#4 dispatch() called at [/home/ydadmin/htdocs/lieferando/library/Zend/Controller/Dispatcher/Standard.php:289]
#5 dispatch() called at [/home/ydadmin/htdocs/lieferando/library/Zend/Controller/Front.php:954]
#6 dispatch() called at [/home/ydadmin/htdocs/lieferando/library/Zend/Application/Bootstrap/Bootstrap.php:97]
#7 run() called at [/home/ydadmin/htdocs/lieferando/library/Zend/Application.php:366]
#8 run() called at [/home/ydadmin/htdocs/lieferando/public/index.php:116]

2012-08-23T15:38:15+02:00 DEBUG (7): ydadmin-ThinkPad-X220-Tablet serving janamesa.com.br.testing SMARTY: rendering template error/error.htm 
2012-08-23T15:38:28+02:00 DEBUG (7): ydadmin-ThinkPad-X220-Tablet serving janamesa.com.br.testing SMARTY: rendering template request/restaurant/getcategory.htm 
2012-08-23T15:38:28+02:00 DEBUG (7): ydadmin-ThinkPad-X220-Tablet serving janamesa.com.br.testing SMARTY: rendering template request/restaurant/getcategorieslist.htm 
2012-08-23T15:38:31+02:00 INFO (6): ydadmin-ThinkPad-X220-Tablet serving janamesa.com.br.testing Mealoption 31 wurde gelöscht #Supporter Jens Naie (345) 
2012-08-23T15:38:34+02:00 DEBUG (7): ydadmin-ThinkPad-X220-Tablet serving janamesa.com.br.testing saved model Yourdelivery_Model_Meal_MealoptionsNn with id #32 new data :: Array(    [mealId] => 33816    [optionRowId] => 1543) 
2012-08-23T15:39:23+02:00 DEBUG (7): ydadmin-ThinkPad-X220-Tablet serving janamesa.com.br.testing SMARTY: rendering template request/restaurant/getcategory.htm 
2012-08-23T15:39:24+02:00 DEBUG (7): ydadmin-ThinkPad-X220-Tablet serving janamesa.com.br.testing SMARTY: rendering template request/restaurant/getcategorieslist.htm 
2012-08-23T15:39:25+02:00 INFO (6): ydadmin-ThinkPad-X220-Tablet serving janamesa.com.br.testing Mealoption 32 wurde gelöscht #Supporter Jens Naie (345) 
2012-08-23T15:39:28+02:00 DEBUG (7): ydadmin-ThinkPad-X220-Tablet serving janamesa.com.br.testing saved model Yourdelivery_Model_Meal_MealoptionsNn with id #33 new data :: Array(    [mealId] => 33816    [optionRowId] => 1543) 
2012-08-23T15:39:50+02:00 DEBUG (7): ydadmin-ThinkPad-X220-Tablet serving janamesa.com.br.testing SMARTY: rendering template request/restaurant/getcategory.htm 
2012-08-23T15:39:50+02:00 DEBUG (7): ydadmin-ThinkPad-X220-Tablet serving janamesa.com.br.testing SMARTY: rendering template request/restaurant/getcategorieslist.htm 
2012-08-23T15:39:51+02:00 INFO (6): ydadmin-ThinkPad-X220-Tablet serving janamesa.com.br.testing Mealoption 33 wurde gelöscht #Supporter Jens Naie (345) 
2012-08-23T15:39:55+02:00 DEBUG (7): ydadmin-ThinkPad-X220-Tablet serving janamesa.com.br.testing saved model Yourdelivery_Model_Meal_MealoptionsNn with id #34 new data :: Array(    [mealId] => 33816    [optionRowId] => 1543) 
2012-08-23T15:39:55+02:00 CRIT (2): ydadmin-ThinkPad-X220-Tablet serving janamesa.com.br.testing Run into error: Message: SQLSTATE[42S02]: Base table or view not found: 1146 Table 'janamesa.com.br.meal' doesn't exist

Trace:
#0 /home/ydadmin/htdocs/lieferando/library/Zend/Db/Statement.php(320): Zend_Db_Statement_Pdo->_execute(Array)
#1 /home/ydadmin/htdocs/lieferando/library/Zend/Db/Adapter/Abstract.php(468): Zend_Db_Statement->execute(Array)
#2 /home/ydadmin/htdocs/lieferando/library/Zend/Db/Adapter/Pdo/Abstract.php(238): Zend_Db_Adapter_Abstract->query('SELECT m.id AS ...', Array)
#3 /home/ydadmin/htdocs/lieferando/application/models/DbTable/Meals.php(364): Zend_Db_Adapter_Pdo_Abstract->query('SELECT m.id AS ...')
#4 /home/ydadmin/htdocs/lieferando/application/models/Meals.php(554): Yourdelivery_Model_DbTable_Meals->getOptions()
#5 /home/ydadmin/htdocs/lieferando/application/models/Meals.php(1522): Yourdelivery_Model_Meals->hasOptions()
#6 /home/ydadmin/htdocs/lieferando/application/controllers/Administration/Request/Service/Meals/MealoptionsController.php(43): Yourdelivery_Model_Meals->updateHasSpecials()
#7 /home/ydadmin/htdocs/lieferando/library/Zend/Controller/Action.php(513): Administration_Request_Service_Meals_MealoptionsController->addAction()
#8 /home/ydadmin/htdocs/lieferando/library/Zend/Controller/Dispatcher/Standard.php(289): Zend_Controller_Action->dispatch('addAction')
#9 /home/ydadmin/htdocs/lieferando/library/Zend/Controller/Front.php(954): Zend_Controller_Dispatcher_Standard->dispatch(Object(Zend_Controller_Request_Http), Object(Zend_Controller_Response_Http))
#10 /home/ydadmin/htdocs/lieferando/library/Zend/Application/Bootstrap/Bootstrap.php(97): Zend_Controller_Front->dispatch()
#11 /home/ydadmin/htdocs/lieferando/library/Zend/Application.php(366): Zend_Application_Bootstrap_Bootstrap->run()
#12 /home/ydadmin/htdocs/lieferando/public/index.php(116): Zend_Application->run()
#13 {main}

 #0 log() called at [/home/ydadmin/htdocs/lieferando/library/Yourdelivery/Log.php:68]
#1 __call() called at [/home/ydadmin/htdocs/lieferando/application/controllers/ErrorController.php:207]
#2 crit() called at [/home/ydadmin/htdocs/lieferando/application/controllers/ErrorController.php:207]
#3 errorAction() called at [/home/ydadmin/htdocs/lieferando/library/Zend/Controller/Action.php:513]
#4 dispatch() called at [/home/ydadmin/htdocs/lieferando/library/Zend/Controller/Dispatcher/Standard.php:289]
#5 dispatch() called at [/home/ydadmin/htdocs/lieferando/library/Zend/Controller/Front.php:954]
#6 dispatch() called at [/home/ydadmin/htdocs/lieferando/library/Zend/Application/Bootstrap/Bootstrap.php:97]
#7 run() called at [/home/ydadmin/htdocs/lieferando/library/Zend/Application.php:366]
#8 run() called at [/home/ydadmin/htdocs/lieferando/public/index.php:116]

2012-08-23T15:39:55+02:00 DEBUG (7): ydadmin-ThinkPad-X220-Tablet serving janamesa.com.br.testing SMARTY: rendering template error/error.htm 
2012-08-23T15:43:43+02:00 DEBUG (7): ydadmin-ThinkPad-X220-Tablet serving janamesa.com.br.testing SMARTY: rendering template request/restaurant/getcategory.htm 
2012-08-23T15:43:43+02:00 DEBUG (7): ydadmin-ThinkPad-X220-Tablet serving janamesa.com.br.testing SMARTY: rendering template request/restaurant/getcategorieslist.htm 
2012-08-23T15:43:45+02:00 INFO (6): ydadmin-ThinkPad-X220-Tablet serving janamesa.com.br.testing Mealoption 34 wurde gelöscht #Supporter Jens Naie (345) 
2012-08-23T15:43:49+02:00 DEBUG (7): ydadmin-ThinkPad-X220-Tablet serving janamesa.com.br.testing saved model Yourdelivery_Model_Meal_MealoptionsNn with id #35 new data :: Array(    [mealId] => 33816    [optionRowId] => 1543) 
2012-08-23T15:45:25+02:00 DEBUG (7): ydadmin-ThinkPad-X220-Tablet serving janamesa.com.br.testing SMARTY: rendering template request/restaurant/getcategory.htm 
2012-08-23T15:45:25+02:00 DEBUG (7): ydadmin-ThinkPad-X220-Tablet serving janamesa.com.br.testing SMARTY: rendering template request/restaurant/getcategorieslist.htm 
2012-08-23T15:45:27+02:00 INFO (6): ydadmin-ThinkPad-X220-Tablet serving janamesa.com.br.testing Mealoption 35 wurde gelöscht #Supporter Jens Naie (345) 
2012-08-23T15:45:32+02:00 DEBUG (7): ydadmin-ThinkPad-X220-Tablet serving janamesa.com.br.testing saved model Yourdelivery_Model_Meal_MealoptionsNn with id #36 new data :: Array(    [mealId] => 33816    [optionRowId] => 1543) 
2012-08-23T15:46:12+02:00 DEBUG (7): ydadmin-ThinkPad-X220-Tablet serving janamesa.com.br.testing SMARTY: rendering template request/restaurant/getcategory.htm 
2012-08-23T15:46:12+02:00 DEBUG (7): ydadmin-ThinkPad-X220-Tablet serving janamesa.com.br.testing SMARTY: rendering template request/restaurant/getcategorieslist.htm 
2012-08-23T15:46:13+02:00 INFO (6): ydadmin-ThinkPad-X220-Tablet serving janamesa.com.br.testing Mealoption 36 wurde gelöscht #Supporter Jens Naie (345) 
2012-08-23T15:46:17+02:00 DEBUG (7): ydadmin-ThinkPad-X220-Tablet serving janamesa.com.br.testing saved model Yourdelivery_Model_Meal_MealoptionsNn with id #37 new data :: Array(    [mealId] => 33816    [optionRowId] => 1543) 
2012-08-23T15:46:17+02:00 CRIT (2): ydadmin-ThinkPad-X220-Tablet serving janamesa.com.br.testing Run into error: Message: SQLSTATE[42S02]: Base table or view not found: 1146 Table 'janamesa.com.br.meal' doesn't exist

Trace:
#0 /home/ydadmin/htdocs/lieferando/library/Zend/Db/Statement.php(320): Zend_Db_Statement_Pdo->_execute(Array)
#1 /home/ydadmin/htdocs/lieferando/library/Zend/Db/Adapter/Abstract.php(468): Zend_Db_Statement->execute(Array)
#2 /home/ydadmin/htdocs/lieferando/library/Zend/Db/Adapter/Pdo/Abstract.php(238): Zend_Db_Adapter_Abstract->query('SELECT m.id AS ...', Array)
#3 /home/ydadmin/htdocs/lieferando/application/models/DbTable/Meals.php(363): Zend_Db_Adapter_Pdo_Abstract->query('SELECT m.id AS ...')
#4 /home/ydadmin/htdocs/lieferando/application/models/Meals.php(554): Yourdelivery_Model_DbTable_Meals->getOptions()
#5 /home/ydadmin/htdocs/lieferando/application/models/Meals.php(1522): Yourdelivery_Model_Meals->hasOptions()
#6 /home/ydadmin/htdocs/lieferando/application/controllers/Administration/Request/Service/Meals/MealoptionsController.php(39): Yourdelivery_Model_Meals->updateHasSpecials()
#7 /home/ydadmin/htdocs/lieferando/library/Zend/Controller/Action.php(513): Administration_Request_Service_Meals_MealoptionsController->addAction()
#8 /home/ydadmin/htdocs/lieferando/library/Zend/Controller/Dispatcher/Standard.php(289): Zend_Controller_Action->dispatch('addAction')
#9 /home/ydadmin/htdocs/lieferando/library/Zend/Controller/Front.php(954): Zend_Controller_Dispatcher_Standard->dispatch(Object(Zend_Controller_Request_Http), Object(Zend_Controller_Response_Http))
#10 /home/ydadmin/htdocs/lieferando/library/Zend/Application/Bootstrap/Bootstrap.php(97): Zend_Controller_Front->dispatch()
#11 /home/ydadmin/htdocs/lieferando/library/Zend/Application.php(366): Zend_Application_Bootstrap_Bootstrap->run()
#12 /home/ydadmin/htdocs/lieferando/public/index.php(116): Zend_Application->run()
#13 {main}

 #0 log() called at [/home/ydadmin/htdocs/lieferando/library/Yourdelivery/Log.php:68]
#1 __call() called at [/home/ydadmin/htdocs/lieferando/application/controllers/ErrorController.php:207]
#2 crit() called at [/home/ydadmin/htdocs/lieferando/application/controllers/ErrorController.php:207]
#3 errorAction() called at [/home/ydadmin/htdocs/lieferando/library/Zend/Controller/Action.php:513]
#4 dispatch() called at [/home/ydadmin/htdocs/lieferando/library/Zend/Controller/Dispatcher/Standard.php:289]
#5 dispatch() called at [/home/ydadmin/htdocs/lieferando/library/Zend/Controller/Front.php:954]
#6 dispatch() called at [/home/ydadmin/htdocs/lieferando/library/Zend/Application/Bootstrap/Bootstrap.php:97]
#7 run() called at [/home/ydadmin/htdocs/lieferando/library/Zend/Application.php:366]
#8 run() called at [/home/ydadmin/htdocs/lieferando/public/index.php:116]

2012-08-23T15:46:17+02:00 DEBUG (7): ydadmin-ThinkPad-X220-Tablet serving janamesa.com.br.testing SMARTY: rendering template error/error.htm 
2012-08-23T15:47:14+02:00 DEBUG (7): ydadmin-ThinkPad-X220-Tablet serving janamesa.com.br.testing SMARTY: rendering template request/restaurant/getcategory.htm 
2012-08-23T15:47:14+02:00 DEBUG (7): ydadmin-ThinkPad-X220-Tablet serving janamesa.com.br.testing SMARTY: rendering template request/restaurant/getcategorieslist.htm 
2012-08-23T15:47:15+02:00 INFO (6): ydadmin-ThinkPad-X220-Tablet serving janamesa.com.br.testing Mealoption 37 wurde gelöscht #Supporter Jens Naie (345) 
2012-08-23T15:47:19+02:00 DEBUG (7): ydadmin-ThinkPad-X220-Tablet serving janamesa.com.br.testing saved model Yourdelivery_Model_Meal_MealoptionsNn with id #38 new data :: Array(    [mealId] => 33816    [optionRowId] => 1543) 
2012-08-23T15:49:42+02:00 DEBUG (7): ydadmin-ThinkPad-X220-Tablet serving janamesa.com.br.testing SMARTY: rendering template request/restaurant/getcategory.htm 
2012-08-23T15:49:42+02:00 DEBUG (7): ydadmin-ThinkPad-X220-Tablet serving janamesa.com.br.testing SMARTY: rendering template request/restaurant/getcategorieslist.htm 
2012-08-23T15:49:56+02:00 DEBUG (7): ydadmin-ThinkPad-X220-Tablet serving janamesa.com.br.testing SMARTY: rendering template request/restaurant/getcategory.htm 
2012-08-23T15:49:56+02:00 DEBUG (7): ydadmin-ThinkPad-X220-Tablet serving janamesa.com.br.testing SMARTY: rendering template request/restaurant/getcategorieslist.htm 
2012-08-23T15:49:58+02:00 INFO (6): ydadmin-ThinkPad-X220-Tablet serving janamesa.com.br.testing Mealoption 38 wurde gelöscht #Supporter Jens Naie (345) 
2012-08-23T15:50:01+02:00 DEBUG (7): ydadmin-ThinkPad-X220-Tablet serving janamesa.com.br.testing saved model Yourdelivery_Model_Meal_MealoptionsNn with id #39 new data :: Array(    [mealId] => 33816    [optionRowId] => 1543) 
2012-08-23T15:50:50+02:00 DEBUG (7): ydadmin-ThinkPad-X220-Tablet serving janamesa.com.br.testing SMARTY: rendering template request/restaurant/getcategory.htm 
2012-08-23T15:50:51+02:00 DEBUG (7): ydadmin-ThinkPad-X220-Tablet serving janamesa.com.br.testing SMARTY: rendering template request/restaurant/getcategorieslist.htm 
2012-08-23T15:50:52+02:00 INFO (6): ydadmin-ThinkPad-X220-Tablet serving janamesa.com.br.testing Mealoption 39 wurde gelöscht #Supporter Jens Naie (345) 
2012-08-23T15:50:55+02:00 DEBUG (7): ydadmin-ThinkPad-X220-Tablet serving janamesa.com.br.testing saved model Yourdelivery_Model_Meal_MealoptionsNn with id #40 new data :: Array(    [mealId] => 33816    [optionRowId] => 1543) 
2012-08-23T15:53:45+02:00 DEBUG (7): ydadmin-ThinkPad-X220-Tablet serving janamesa.com.br.testing SMARTY: rendering template request/restaurant/getcategory.htm 
2012-08-23T15:53:45+02:00 DEBUG (7): ydadmin-ThinkPad-X220-Tablet serving janamesa.com.br.testing SMARTY: rendering template request/restaurant/getcategorieslist.htm 
2012-08-23T15:53:48+02:00 INFO (6): ydadmin-ThinkPad-X220-Tablet serving janamesa.com.br.testing Mealoption 40 wurde gelöscht #Supporter Jens Naie (345) 
2012-08-23T15:53:53+02:00 DEBUG (7): ydadmin-ThinkPad-X220-Tablet serving janamesa.com.br.testing saved model Yourdelivery_Model_Meal_MealoptionsNn with id #41 new data :: Array(    [mealId] => 33816    [optionRowId] => 1543) 
2012-08-23T15:53:53+02:00 INFO (6): ydadmin-ThinkPad-X220-Tablet serving janamesa.com.br.testing Neue Mealoption wurde hinzugefügt #Supporter Jens Naie (345) 
2012-08-23T15:58:57+02:00 INFO (6): ydadmin-ThinkPad-X220-Tablet serving janamesa.com.br.testing Mealoption 41 wurde gelöscht #Supporter Jens Naie (345) 
2012-08-23T15:59:05+02:00 DEBUG (7): ydadmin-ThinkPad-X220-Tablet serving janamesa.com.br.testing saved model Yourdelivery_Model_Meal_MealoptionsNn with id #42 new data :: Array(    [mealId] => 33816    [optionRowId] => 1543) 
2012-08-23T16:01:12+02:00 DEBUG (7): ydadmin-ThinkPad-X220-Tablet serving janamesa.com.br.testing SMARTY: rendering template request/restaurant/getcategory.htm 
2012-08-23T16:01:13+02:00 DEBUG (7): ydadmin-ThinkPad-X220-Tablet serving janamesa.com.br.testing SMARTY: rendering template request/restaurant/getcategorieslist.htm 
2012-08-23T16:01:14+02:00 INFO (6): ydadmin-ThinkPad-X220-Tablet serving janamesa.com.br.testing Mealoption 42 wurde gelöscht #Supporter Jens Naie (345) 
2012-08-23T16:01:17+02:00 DEBUG (7): ydadmin-ThinkPad-X220-Tablet serving janamesa.com.br.testing saved model Yourdelivery_Model_Meal_MealoptionsNn with id #43 new data :: Array(    [mealId] => 33816    [optionRowId] => 1543) 
2012-08-23T16:01:17+02:00 INFO (6): ydadmin-ThinkPad-X220-Tablet serving janamesa.com.br.testing Neue Mealoption wurde hinzugefügt #Supporter Jens Naie (345) 
2012-08-23T16:02:56+02:00 DEBUG (7): ydadmin-ThinkPad-X220-Tablet serving janamesa.com.br.testing SMARTY: rendering template request/restaurant/getcategory.htm 
2012-08-23T16:02:56+02:00 DEBUG (7): ydadmin-ThinkPad-X220-Tablet serving janamesa.com.br.testing SMARTY: rendering template request/restaurant/getcategorieslist.htm 
2012-08-23T16:02:58+02:00 INFO (6): ydadmin-ThinkPad-X220-Tablet serving janamesa.com.br.testing Mealoption 43 wurde gelöscht #Supporter Jens Naie (345) 
2012-08-23T16:03:02+02:00 DEBUG (7): ydadmin-ThinkPad-X220-Tablet serving janamesa.com.br.testing saved model Yourdelivery_Model_Meal_MealoptionsNn with id #44 new data :: Array(    [mealId] => 33816    [optionRowId] => 1543) 
2012-08-23T16:03:02+02:00 INFO (6): ydadmin-ThinkPad-X220-Tablet serving janamesa.com.br.testing Neue Mealoption wurde hinzugefügt #Supporter Jens Naie (345) 
2012-08-23T16:03:54+02:00 DEBUG (7): ydadmin-ThinkPad-X220-Tablet serving janamesa.com.br.testing SMARTY: rendering template request/restaurant/getcategory.htm 
2012-08-23T16:03:54+02:00 DEBUG (7): ydadmin-ThinkPad-X220-Tablet serving janamesa.com.br.testing SMARTY: rendering template request/restaurant/getcategorieslist.htm 
2012-08-23T16:03:57+02:00 INFO (6): ydadmin-ThinkPad-X220-Tablet serving janamesa.com.br.testing Mealoption 44 wurde gelöscht #Supporter Jens Naie (345) 
2012-08-23T16:04:03+02:00 DEBUG (7): ydadmin-ThinkPad-X220-Tablet serving janamesa.com.br.testing saved model Yourdelivery_Model_Meal_MealoptionsNn with id #45 new data :: Array(    [mealId] => 33816    [optionRowId] => 1543) 
2012-08-23T16:04:03+02:00 INFO (6): ydadmin-ThinkPad-X220-Tablet serving janamesa.com.br.testing Neue Mealoption wurde hinzugefügt #Supporter Jens Naie (345) 
2012-08-23T16:04:57+02:00 DEBUG (7): ydadmin-ThinkPad-X220-Tablet serving janamesa.com.br.testing SMARTY: rendering template request/restaurant/getcategory.htm 
2012-08-23T16:04:58+02:00 DEBUG (7): ydadmin-ThinkPad-X220-Tablet serving janamesa.com.br.testing SMARTY: rendering template request/restaurant/getcategorieslist.htm 
2012-08-23T16:05:01+02:00 INFO (6): ydadmin-ThinkPad-X220-Tablet serving janamesa.com.br.testing Mealoption 45 wurde gelöscht #Supporter Jens Naie (345) 
2012-08-23T16:05:04+02:00 DEBUG (7): ydadmin-ThinkPad-X220-Tablet serving janamesa.com.br.testing saved model Yourdelivery_Model_Meal_MealoptionsNn with id #46 new data :: Array(    [mealId] => 33816    [optionRowId] => 1543) 
2012-08-23T16:05:04+02:00 INFO (6): ydadmin-ThinkPad-X220-Tablet serving janamesa.com.br.testing Neue Mealoption wurde hinzugefügt #Supporter Jens Naie (345) 
2012-08-23T16:07:57+02:00 DEBUG (7): ydadmin-ThinkPad-X220-Tablet serving janamesa.com.br.testing SMARTY: rendering template request/restaurant/getcategory.htm 
2012-08-23T16:07:57+02:00 DEBUG (7): ydadmin-ThinkPad-X220-Tablet serving janamesa.com.br.testing SMARTY: rendering template request/restaurant/getcategorieslist.htm 
2012-08-23T16:07:59+02:00 INFO (6): ydadmin-ThinkPad-X220-Tablet serving janamesa.com.br.testing Mealoption 46 wurde gelöscht #Supporter Jens Naie (345) 
2012-08-23T16:08:03+02:00 DEBUG (7): ydadmin-ThinkPad-X220-Tablet serving janamesa.com.br.testing saved model Yourdelivery_Model_Meal_MealoptionsNn with id #47 new data :: Array(    [mealId] => 33816    [optionRowId] => 1543) 
2012-08-23T16:08:04+02:00 INFO (6): ydadmin-ThinkPad-X220-Tablet serving janamesa.com.br.testing Neue Mealoption wurde hinzugefügt #Supporter Jens Naie (345) 
2012-08-23T16:12:57+02:00 DEBUG (7): ydadmin-ThinkPad-X220-Tablet serving janamesa.com.br.testing SMARTY: rendering template request/restaurant/getcategory.htm 
2012-08-23T16:12:57+02:00 DEBUG (7): ydadmin-ThinkPad-X220-Tablet serving janamesa.com.br.testing SMARTY: rendering template request/restaurant/getcategorieslist.htm 
2012-08-23T16:12:58+02:00 INFO (6): ydadmin-ThinkPad-X220-Tablet serving janamesa.com.br.testing Mealoption 47 wurde gelöscht #Supporter Jens Naie (345) 
2012-08-23T16:13:03+02:00 DEBUG (7): ydadmin-ThinkPad-X220-Tablet serving janamesa.com.br.testing saved model Yourdelivery_Model_Meal_MealoptionsNn with id #48 new data :: Array(    [mealId] => 33816    [optionRowId] => 1543) 
2012-08-23T16:13:03+02:00 INFO (6): ydadmin-ThinkPad-X220-Tablet serving janamesa.com.br.testing Neue Mealoption wurde hinzugefügt #Supporter Jens Naie (345) 
2012-08-23T16:20:44+02:00 DEBUG (7): ydadmin-ThinkPad-X220-Tablet serving janamesa.com.br.testing SMARTY: rendering template request/restaurant/getcategory.htm 
2012-08-23T16:20:44+02:00 DEBUG (7): ydadmin-ThinkPad-X220-Tablet serving janamesa.com.br.testing SMARTY: rendering template request/restaurant/getcategorieslist.htm 
2012-08-23T16:20:47+02:00 INFO (6): ydadmin-ThinkPad-X220-Tablet serving janamesa.com.br.testing Mealoption 48 wurde gelöscht #Supporter Jens Naie (345) 
2012-08-23T16:20:51+02:00 DEBUG (7): ydadmin-ThinkPad-X220-Tablet serving janamesa.com.br.testing saved model Yourdelivery_Model_Meal_MealoptionsNn with id #49 new data :: Array(    [mealId] => 33816    [optionRowId] => 1543) 
2012-08-23T16:20:51+02:00 INFO (6): ydadmin-ThinkPad-X220-Tablet serving janamesa.com.br.testing Neue Mealoption wurde hinzugefügt #Supporter Jens Naie (345) 
2012-08-23T16:24:41+02:00 DEBUG (7): ydadmin-ThinkPad-X220-Tablet serving janamesa.com.br.testing SMARTY: rendering template request/restaurant/getcategory.htm 
2012-08-23T16:24:41+02:00 DEBUG (7): ydadmin-ThinkPad-X220-Tablet serving janamesa.com.br.testing SMARTY: rendering template request/restaurant/getcategorieslist.htm 
2012-08-23T16:24:42+02:00 INFO (6): ydadmin-ThinkPad-X220-Tablet serving janamesa.com.br.testing Mealoption 49 wurde gelöscht #Supporter Jens Naie (345) 
2012-08-23T16:24:46+02:00 DEBUG (7): ydadmin-ThinkPad-X220-Tablet serving janamesa.com.br.testing saved model Yourdelivery_Model_Meal_MealoptionsNn with id #50 new data :: Array(    [mealId] => 33816    [optionRowId] => 1543) 
2012-08-23T16:24:46+02:00 INFO (6): ydadmin-ThinkPad-X220-Tablet serving janamesa.com.br.testing Neue Mealoption wurde hinzugefügt #Supporter Jens Naie (345) 
2012-08-23T16:25:44+02:00 DEBUG (7): ydadmin-ThinkPad-X220-Tablet serving janamesa.com.br.testing SMARTY: rendering template request/restaurant/getcategory.htm 
2012-08-23T16:25:45+02:00 DEBUG (7): ydadmin-ThinkPad-X220-Tablet serving janamesa.com.br.testing SMARTY: rendering template request/restaurant/getcategorieslist.htm 
2012-08-23T16:25:46+02:00 INFO (6): ydadmin-ThinkPad-X220-Tablet serving janamesa.com.br.testing Mealoption 50 wurde gelöscht #Supporter Jens Naie (345) 
2012-08-23T16:25:51+02:00 DEBUG (7): ydadmin-ThinkPad-X220-Tablet serving janamesa.com.br.testing saved model Yourdelivery_Model_Meal_MealoptionsNn with id #51 new data :: Array(    [mealId] => 33816    [optionRowId] => 1543) 
2012-08-23T16:25:51+02:00 INFO (6): ydadmin-ThinkPad-X220-Tablet serving janamesa.com.br.testing Neue Mealoption wurde hinzugefügt #Supporter Jens Naie (345) 
2012-08-23T16:27:19+02:00 DEBUG (7): ydadmin-ThinkPad-X220-Tablet serving janamesa.com.br.testing SMARTY: rendering template request/restaurant/getcategory.htm 
2012-08-23T16:27:19+02:00 DEBUG (7): ydadmin-ThinkPad-X220-Tablet serving janamesa.com.br.testing SMARTY: rendering template request/restaurant/getcategorieslist.htm 
2012-08-23T16:27:21+02:00 INFO (6): ydadmin-ThinkPad-X220-Tablet serving janamesa.com.br.testing Mealoption 51 wurde gelöscht #Supporter Jens Naie (345) 
2012-08-23T16:27:25+02:00 DEBUG (7): ydadmin-ThinkPad-X220-Tablet serving janamesa.com.br.testing saved model Yourdelivery_Model_Meal_MealoptionsNn with id #52 new data :: Array(    [mealId] => 33816    [optionRowId] => 1543) 
2012-08-23T16:27:25+02:00 INFO (6): ydadmin-ThinkPad-X220-Tablet serving janamesa.com.br.testing Neue Mealoption wurde hinzugefügt #Supporter Jens Naie (345) 
2012-08-23T18:07:01+02:00 DEBUG (7): ydadmin-ThinkPad-X220-Tablet serving janamesa.com.br.testing SMARTY: rendering template restaurant/mealcategories.htm 
2012-08-23T18:07:06+02:00 DEBUG (7): ydadmin-ThinkPad-X220-Tablet serving janamesa.com.br.testing SMARTY: rendering template restaurant/mealextrasgroups.htm 
2012-08-23T18:07:13+02:00 DEBUG (7): ydadmin-ThinkPad-X220-Tablet serving janamesa.com.br.testing SMARTY: rendering template restaurant/mealoptionrows.htm 
2012-08-23T18:07:32+02:00 DEBUG (7): ydadmin-ThinkPad-X220-Tablet serving janamesa.com.br.testing SMARTY: rendering template restaurant/options/editgroup.htm 
2012-08-23T18:07:40+02:00 DEBUG (7): ydadmin-ThinkPad-X220-Tablet serving janamesa.com.br.testing updating model Default_Model_Base #1543 with modified data :: Array(    [minChoices] => 2    [choices] => 2    [name] => Pizzahälften    [internalName] =>     [description] =>     [categoryId] => 0    [restaurantId] => 351    [rank] => 0    [updated] => 2012-08-23 18:07:40) 
2012-08-23T18:07:40+02:00 INFO (6): ydadmin-ThinkPad-X220-Tablet serving janamesa.com.br.testing Optionsgruppe Pizzahälften (1543) vom Restaurant 351 wurde bearbeitet #Supporter Jens Naie (345) 
2012-08-23T18:07:41+02:00 DEBUG (7): ydadmin-ThinkPad-X220-Tablet serving janamesa.com.br.testing SMARTY: rendering template restaurant/mealoptionrows.htm 
2012-08-23T18:08:01+02:00 DEBUG (7): ydadmin-ThinkPad-X220-Tablet serving janamesa.com.br.testing SMARTY: rendering template restaurant/menu.htm 
2012-08-23T18:08:04+02:00 DEBUG (7): ydadmin-ThinkPad-X220-Tablet serving janamesa.com.br.testing SMARTY: rendering template request/restaurant/getcategory.htm 
2012-08-23T18:08:04+02:00 DEBUG (7): ydadmin-ThinkPad-X220-Tablet serving janamesa.com.br.testing SMARTY: rendering template request/restaurant/getcategorieslist.htm 
2012-08-23T18:08:11+02:00 DEBUG (7): ydadmin-ThinkPad-X220-Tablet serving janamesa.com.br.testing SMARTY: rendering template restaurant/menu/optionsformeal.htm 
2012-08-23T18:08:36+02:00 DEBUG (7): ydadmin-ThinkPad-X220-Tablet serving janamesa.com.br.testing saved model Yourdelivery_Model_Meal_OptionsRowsNn with id #3937 new data :: Array(    [restaurantId] => 351    [mealId] => 36791    [optionRowId] => 1543) 
2012-08-23T18:08:36+02:00 DEBUG (7): ydadmin-ThinkPad-X220-Tablet serving janamesa.com.br.testing SMARTY: rendering template restaurant/menu/manageoptionsmeal.htm 
2012-08-23T18:09:38+02:00 INFO (6): ydadmin-ThinkPad-X220-Tablet serving janamesa.com.br.testing Mealoption 52 wurde gelöscht #Supporter Jens Naie (345) 
2012-08-23T18:09:47+02:00 INFO (6): ydadmin-ThinkPad-X220-Tablet serving janamesa.com.br.testing Mealoption 8 wurde gelöscht #Supporter Jens Naie (345) 
2012-08-23T18:09:49+02:00 INFO (6): ydadmin-ThinkPad-X220-Tablet serving janamesa.com.br.testing Mealoption 9 wurde gelöscht #Supporter Jens Naie (345) 
2012-08-23T18:09:51+02:00 INFO (6): ydadmin-ThinkPad-X220-Tablet serving janamesa.com.br.testing Mealoption 10 wurde gelöscht #Supporter Jens Naie (345) 
2012-08-23T18:09:54+02:00 INFO (6): ydadmin-ThinkPad-X220-Tablet serving janamesa.com.br.testing Mealoption 11 wurde gelöscht #Supporter Jens Naie (345) 
2012-08-23T18:09:57+02:00 INFO (6): ydadmin-ThinkPad-X220-Tablet serving janamesa.com.br.testing Mealoption 12 wurde gelöscht #Supporter Jens Naie (345) 
2012-08-23T18:10:03+02:00 INFO (6): ydadmin-ThinkPad-X220-Tablet serving janamesa.com.br.testing Mealoption 24 wurde gelöscht #Supporter Jens Naie (345) 
2012-08-23T18:10:10+02:00 DEBUG (7): ydadmin-ThinkPad-X220-Tablet serving janamesa.com.br.testing saved model Yourdelivery_Model_Meal_MealoptionsNn with id #53 new data :: Array(    [mealId] => 33857    [optionRowId] => 1543) 
2012-08-23T18:10:10+02:00 INFO (6): ydadmin-ThinkPad-X220-Tablet serving janamesa.com.br.testing Neue Mealoption wurde hinzugefügt #Supporter Jens Naie (345) 
2012-08-23T18:10:19+02:00 DEBUG (7): ydadmin-ThinkPad-X220-Tablet serving janamesa.com.br.testing saved model Yourdelivery_Model_Meal_MealoptionsNn with id #54 new data :: Array(    [mealId] => 33856    [optionRowId] => 1543) 
2012-08-23T18:10:19+02:00 INFO (6): ydadmin-ThinkPad-X220-Tablet serving janamesa.com.br.testing Neue Mealoption wurde hinzugefügt #Supporter Jens Naie (345) 
2012-08-23T18:10:23+02:00 DEBUG (7): ydadmin-ThinkPad-X220-Tablet serving janamesa.com.br.testing saved model Yourdelivery_Model_Meal_MealoptionsNn with id #55 new data :: Array(    [mealId] => 33854    [optionRowId] => 1543) 
2012-08-23T18:10:23+02:00 INFO (6): ydadmin-ThinkPad-X220-Tablet serving janamesa.com.br.testing Neue Mealoption wurde hinzugefügt #Supporter Jens Naie (345) 
2012-08-23T18:10:26+02:00 DEBUG (7): ydadmin-ThinkPad-X220-Tablet serving janamesa.com.br.testing saved model Yourdelivery_Model_Meal_MealoptionsNn with id #56 new data :: Array(    [mealId] => 33849    [optionRowId] => 1543) 
2012-08-23T18:10:26+02:00 INFO (6): ydadmin-ThinkPad-X220-Tablet serving janamesa.com.br.testing Neue Mealoption wurde hinzugefügt #Supporter Jens Naie (345) 
2012-08-23T18:10:30+02:00 DEBUG (7): ydadmin-ThinkPad-X220-Tablet serving janamesa.com.br.testing saved model Yourdelivery_Model_Meal_MealoptionsNn with id #57 new data :: Array(    [mealId] => 33845    [optionRowId] => 1543) 
2012-08-23T18:10:30+02:00 INFO (6): ydadmin-ThinkPad-X220-Tablet serving janamesa.com.br.testing Neue Mealoption wurde hinzugefügt #Supporter Jens Naie (345) 
2012-08-23T18:10:33+02:00 DEBUG (7): ydadmin-ThinkPad-X220-Tablet serving janamesa.com.br.testing saved model Yourdelivery_Model_Meal_MealoptionsNn with id #58 new data :: Array(    [mealId] => 33818    [optionRowId] => 1543) 
2012-08-23T18:10:33+02:00 INFO (6): ydadmin-ThinkPad-X220-Tablet serving janamesa.com.br.testing Neue Mealoption wurde hinzugefügt #Supporter Jens Naie (345) 
2012-08-23T18:10:37+02:00 DEBUG (7): ydadmin-ThinkPad-X220-Tablet serving janamesa.com.br.testing saved model Yourdelivery_Model_Meal_MealoptionsNn with id #59 new data :: Array(    [mealId] => 33816    [optionRowId] => 1543) 
2012-08-23T18:10:37+02:00 INFO (6): ydadmin-ThinkPad-X220-Tablet serving janamesa.com.br.testing Neue Mealoption wurde hinzugefügt #Supporter Jens Naie (345) 
2012-08-23T18:11:00+02:00 DEBUG (7): ydadmin-ThinkPad-X220-Tablet serving janamesa.com.br.testing SMARTY: rendering template order/basis/menu.htm 
2012-08-23T18:11:02+02:00 DEBUG (7): ydadmin-ThinkPad-X220-Tablet serving janamesa.com.br.testing SMARTY: caching /home/ydadmin/htdocs/lieferando/application/../public/cache/html/www.yourdelivery.local/servico-de-entrega-funny-pizzas-sao-paulo.html 
2012-08-23T18:11:09+02:00 DEBUG (7): ydadmin-ThinkPad-X220-Tablet serving janamesa.com.br.testing SMARTY: rendering template request/order/callmeal.htm 
2012-08-23T18:11:09+02:00 DEBUG (7): ydadmin-ThinkPad-X220-Tablet serving janamesa.com.br.testing SMARTY: caching /home/ydadmin/htdocs/lieferando/application/../public/cache/html/www.yourdelivery.local/request_order/callmeal/id/36791/size/4074/update/false.html 
2012-08-23T18:29:53+02:00 DEBUG (7): ydadmin-ThinkPad-X220-Tablet serving janamesa.com.br.testing SMARTY: rendering template order/basis/menu.htm 
2012-08-23T18:29:54+02:00 DEBUG (7): ydadmin-ThinkPad-X220-Tablet serving janamesa.com.br.testing SMARTY: caching /home/ydadmin/htdocs/lieferando/application/../public/cache/html/www.yourdelivery.local/servico-de-entrega-funny-pizzas-sao-paulo.html 
2012-08-23T18:30:01+02:00 DEBUG (7): ydadmin-ThinkPad-X220-Tablet serving janamesa.com.br.testing SMARTY: rendering template request/order/callmeal.htm 
2012-08-23T18:30:02+02:00 DEBUG (7): ydadmin-ThinkPad-X220-Tablet serving janamesa.com.br.testing SMARTY: caching /home/ydadmin/htdocs/lieferando/application/../public/cache/html/www.yourdelivery.local/request_order/callmeal/id/36791/size/4074/update/false.html 
2012-08-23T18:32:35+02:00 DEBUG (7): ydadmin-ThinkPad-X220-Tablet serving janamesa.com.br.testing SMARTY: rendering template order/basis/menu.htm 
2012-08-23T18:32:36+02:00 DEBUG (7): ydadmin-ThinkPad-X220-Tablet serving janamesa.com.br.testing SMARTY: caching /home/ydadmin/htdocs/lieferando/application/../public/cache/html/www.yourdelivery.local/servico-de-entrega-funny-pizzas-sao-paulo.html 
2012-08-23T18:32:42+02:00 DEBUG (7): ydadmin-ThinkPad-X220-Tablet serving janamesa.com.br.testing SMARTY: rendering template request/order/callmeal.htm 
2012-08-23T18:32:43+02:00 DEBUG (7): ydadmin-ThinkPad-X220-Tablet serving janamesa.com.br.testing SMARTY: caching /home/ydadmin/htdocs/lieferando/application/../public/cache/html/www.yourdelivery.local/request_order/callmeal/id/36791/size/4074/update/false.html 
2012-08-23T18:33:45+02:00 DEBUG (7): ydadmin-ThinkPad-X220-Tablet serving janamesa.com.br.testing SMARTY: rendering template order/basis/menu.htm 
2012-08-23T18:33:47+02:00 DEBUG (7): ydadmin-ThinkPad-X220-Tablet serving janamesa.com.br.testing SMARTY: caching /home/ydadmin/htdocs/lieferando/application/../public/cache/html/www.yourdelivery.local/servico-de-entrega-funny-pizzas-sao-paulo.html 
2012-08-23T18:33:54+02:00 DEBUG (7): ydadmin-ThinkPad-X220-Tablet serving janamesa.com.br.testing SMARTY: rendering template request/order/callmeal.htm 
2012-08-23T18:33:55+02:00 DEBUG (7): ydadmin-ThinkPad-X220-Tablet serving janamesa.com.br.testing SMARTY: caching /home/ydadmin/htdocs/lieferando/application/../public/cache/html/www.yourdelivery.local/request_order/callmeal/id/36791/size/4074/update/false.html 
2012-08-23T18:35:44+02:00 DEBUG (7): ydadmin-ThinkPad-X220-Tablet serving janamesa.com.br.testing SMARTY: rendering template order/basis/menu.htm 
2012-08-23T18:35:45+02:00 DEBUG (7): ydadmin-ThinkPad-X220-Tablet serving janamesa.com.br.testing SMARTY: caching /home/ydadmin/htdocs/lieferando/application/../public/cache/html/www.yourdelivery.local/servico-de-entrega-funny-pizzas-sao-paulo.html 
2012-08-23T18:35:53+02:00 DEBUG (7): ydadmin-ThinkPad-X220-Tablet serving janamesa.com.br.testing SMARTY: rendering template request/order/callmeal.htm 
2012-08-23T18:35:53+02:00 DEBUG (7): ydadmin-ThinkPad-X220-Tablet serving janamesa.com.br.testing SMARTY: caching /home/ydadmin/htdocs/lieferando/application/../public/cache/html/www.yourdelivery.local/request_order/callmeal/id/36791/size/4074/update/false.html 
2012-08-23T18:36:18+02:00 DEBUG (7): ydadmin-ThinkPad-X220-Tablet serving janamesa.com.br.testing SMARTY: rendering template order/basis/menu.htm 
2012-08-23T18:36:19+02:00 DEBUG (7): ydadmin-ThinkPad-X220-Tablet serving janamesa.com.br.testing SMARTY: caching /home/ydadmin/htdocs/lieferando/application/../public/cache/html/www.yourdelivery.local/servico-de-entrega-funny-pizzas-sao-paulo.html 
2012-08-23T18:36:26+02:00 DEBUG (7): ydadmin-ThinkPad-X220-Tablet serving janamesa.com.br.testing SMARTY: rendering template request/order/callmeal.htm 
2012-08-23T18:36:26+02:00 DEBUG (7): ydadmin-ThinkPad-X220-Tablet serving janamesa.com.br.testing SMARTY: caching /home/ydadmin/htdocs/lieferando/application/../public/cache/html/www.yourdelivery.local/request_order/callmeal/id/36791/size/4074/update/false.html 
2012-08-23T18:36:44+02:00 DEBUG (7): ydadmin-ThinkPad-X220-Tablet serving janamesa.com.br.testing SMARTY: rendering template order/basis/menu.htm 
2012-08-23T18:36:45+02:00 DEBUG (7): ydadmin-ThinkPad-X220-Tablet serving janamesa.com.br.testing SMARTY: caching /home/ydadmin/htdocs/lieferando/application/../public/cache/html/www.yourdelivery.local/servico-de-entrega-funny-pizzas-sao-paulo.html 
2012-08-23T18:36:52+02:00 DEBUG (7): ydadmin-ThinkPad-X220-Tablet serving janamesa.com.br.testing SMARTY: rendering template request/order/callmeal.htm 
2012-08-23T18:36:52+02:00 DEBUG (7): ydadmin-ThinkPad-X220-Tablet serving janamesa.com.br.testing SMARTY: caching /home/ydadmin/htdocs/lieferando/application/../public/cache/html/www.yourdelivery.local/request_order/callmeal/id/36791/size/4074/update/false.html 
2012-08-23T18:38:28+02:00 DEBUG (7): ydadmin-ThinkPad-X220-Tablet serving janamesa.com.br.testing SMARTY: rendering template order/basis/menu.htm 
2012-08-23T18:38:30+02:00 DEBUG (7): ydadmin-ThinkPad-X220-Tablet serving janamesa.com.br.testing SMARTY: caching /home/ydadmin/htdocs/lieferando/application/../public/cache/html/www.yourdelivery.local/servico-de-entrega-funny-pizzas-sao-paulo.html 
2012-08-23T18:38:38+02:00 DEBUG (7): ydadmin-ThinkPad-X220-Tablet serving janamesa.com.br.testing SMARTY: rendering template request/order/callmeal.htm 
2012-08-23T18:38:38+02:00 DEBUG (7): ydadmin-ThinkPad-X220-Tablet serving janamesa.com.br.testing SMARTY: caching /home/ydadmin/htdocs/lieferando/application/../public/cache/html/www.yourdelivery.local/request_order/callmeal/id/36791/size/4074/update/false.html 
2012-08-23T18:47:18+02:00 DEBUG (7): ydadmin-ThinkPad-X220-Tablet serving janamesa.com.br.testing SMARTY: rendering template order/basis/menu.htm 
2012-08-23T18:47:19+02:00 DEBUG (7): ydadmin-ThinkPad-X220-Tablet serving janamesa.com.br.testing SMARTY: caching /home/ydadmin/htdocs/lieferando/application/../public/cache/html/www.yourdelivery.local/servico-de-entrega-funny-pizzas-sao-paulo.html 
2012-08-23T18:47:26+02:00 DEBUG (7): ydadmin-ThinkPad-X220-Tablet serving janamesa.com.br.testing SMARTY: rendering template request/order/callmeal.htm 
2012-08-23T18:47:27+02:00 DEBUG (7): ydadmin-ThinkPad-X220-Tablet serving janamesa.com.br.testing SMARTY: caching /home/ydadmin/htdocs/lieferando/application/../public/cache/html/www.yourdelivery.local/request_order/callmeal/id/36791/size/4074/update/false.html 
2012-08-23T18:58:34+02:00 DEBUG (7): ydadmin-ThinkPad-X220-Tablet serving janamesa.com.br.testing SMARTY: rendering template order/basis/menu.htm 
2012-08-23T18:58:36+02:00 DEBUG (7): ydadmin-ThinkPad-X220-Tablet serving janamesa.com.br.testing SMARTY: caching /home/ydadmin/htdocs/lieferando/application/../public/cache/html/www.yourdelivery.local/servico-de-entrega-funny-pizzas-sao-paulo.html 
2012-08-23T18:58:47+02:00 DEBUG (7): ydadmin-ThinkPad-X220-Tablet serving janamesa.com.br.testing SMARTY: rendering template request/order/callmeal.htm 
2012-08-23T18:58:47+02:00 DEBUG (7): ydadmin-ThinkPad-X220-Tablet serving janamesa.com.br.testing SMARTY: caching /home/ydadmin/htdocs/lieferando/application/../public/cache/html/www.yourdelivery.local/request_order/callmeal/id/36791/size/4074/update/false.html 
2012-08-23T19:01:46+02:00 DEBUG (7): ydadmin-ThinkPad-X220-Tablet serving janamesa.com.br.testing SMARTY: rendering template order/basis/menu.htm 
2012-08-23T19:01:47+02:00 DEBUG (7): ydadmin-ThinkPad-X220-Tablet serving janamesa.com.br.testing SMARTY: caching /home/ydadmin/htdocs/lieferando/application/../public/cache/html/www.yourdelivery.local/servico-de-entrega-funny-pizzas-sao-paulo.html 
2012-08-23T19:01:56+02:00 DEBUG (7): ydadmin-ThinkPad-X220-Tablet serving janamesa.com.br.testing SMARTY: rendering template request/order/callmeal.htm 
2012-08-23T19:02:41+02:00 DEBUG (7): ydadmin-ThinkPad-X220-Tablet serving janamesa.com.br.testing SMARTY: rendering template order/basis/menu.htm 
2012-08-23T19:02:42+02:00 DEBUG (7): ydadmin-ThinkPad-X220-Tablet serving janamesa.com.br.testing SMARTY: caching /home/ydadmin/htdocs/lieferando/application/../public/cache/html/www.yourdelivery.local/servico-de-entrega-funny-pizzas-sao-paulo.html 
2012-08-23T19:02:50+02:00 DEBUG (7): ydadmin-ThinkPad-X220-Tablet serving janamesa.com.br.testing SMARTY: rendering template request/order/callmeal.htm 
2012-08-23T19:02:50+02:00 DEBUG (7): ydadmin-ThinkPad-X220-Tablet serving janamesa.com.br.testing SMARTY: caching /home/ydadmin/htdocs/lieferando/application/../public/cache/html/www.yourdelivery.local/request_order/callmeal/id/36791/size/4074/update/false.html 
2012-08-23T19:03:07+02:00 DEBUG (7): ydadmin-ThinkPad-X220-Tablet serving janamesa.com.br.testing SMARTY: rendering template order/basis/menu.htm 
2012-08-23T19:03:08+02:00 DEBUG (7): ydadmin-ThinkPad-X220-Tablet serving janamesa.com.br.testing SMARTY: caching /home/ydadmin/htdocs/lieferando/application/../public/cache/html/www.yourdelivery.local/servico-de-entrega-funny-pizzas-sao-paulo.html 
2012-08-23T19:03:15+02:00 DEBUG (7): ydadmin-ThinkPad-X220-Tablet serving janamesa.com.br.testing SMARTY: rendering template request/order/callmeal.htm 
2012-08-23T19:03:15+02:00 DEBUG (7): ydadmin-ThinkPad-X220-Tablet serving janamesa.com.br.testing SMARTY: caching /home/ydadmin/htdocs/lieferando/application/../public/cache/html/www.yourdelivery.local/request_order/callmeal/id/36791/size/4074/update/false.html 
2012-08-23T19:03:34+02:00 DEBUG (7): ydadmin-ThinkPad-X220-Tablet serving janamesa.com.br.testing SMARTY: rendering template order/basis/menu.htm 
2012-08-23T19:03:36+02:00 DEBUG (7): ydadmin-ThinkPad-X220-Tablet serving janamesa.com.br.testing SMARTY: caching /home/ydadmin/htdocs/lieferando/application/../public/cache/html/www.yourdelivery.local/servico-de-entrega-funny-pizzas-sao-paulo.html 
2012-08-23T19:03:42+02:00 DEBUG (7): ydadmin-ThinkPad-X220-Tablet serving janamesa.com.br.testing SMARTY: rendering template request/order/callmeal.htm 
2012-08-23T19:03:42+02:00 DEBUG (7): ydadmin-ThinkPad-X220-Tablet serving janamesa.com.br.testing SMARTY: caching /home/ydadmin/htdocs/lieferando/application/../public/cache/html/www.yourdelivery.local/request_order/callmeal/id/36791/size/4074/update/false.html 
2012-08-23T19:12:54+02:00 DEBUG (7): ydadmin-ThinkPad-X220-Tablet serving janamesa.com.br.testing SMARTY: rendering template order/basis/menu.htm 
2012-08-23T19:12:55+02:00 DEBUG (7): ydadmin-ThinkPad-X220-Tablet serving janamesa.com.br.testing SMARTY: caching /home/ydadmin/htdocs/lieferando/application/../public/cache/html/www.yourdelivery.local/servico-de-entrega-funny-pizzas-sao-paulo.html 
2012-08-23T19:13:00+02:00 DEBUG (7): ydadmin-ThinkPad-X220-Tablet serving janamesa.com.br.testing SMARTY: rendering template request/order/callmeal.htm 
2012-08-23T19:13:00+02:00 DEBUG (7): ydadmin-ThinkPad-X220-Tablet serving janamesa.com.br.testing SMARTY: caching /home/ydadmin/htdocs/lieferando/application/../public/cache/html/www.yourdelivery.local/request_order/callmeal/id/36791/size/4074/update/false.html 
2012-08-23T19:17:03+02:00 DEBUG (7): ydadmin-ThinkPad-X220-Tablet serving janamesa.com.br.testing SMARTY: rendering template order/basis/menu.htm 
2012-08-23T19:17:04+02:00 DEBUG (7): ydadmin-ThinkPad-X220-Tablet serving janamesa.com.br.testing SMARTY: caching /home/ydadmin/htdocs/lieferando/application/../public/cache/html/www.yourdelivery.local/servico-de-entrega-funny-pizzas-sao-paulo.html 
2012-08-23T19:17:10+02:00 DEBUG (7): ydadmin-ThinkPad-X220-Tablet serving janamesa.com.br.testing SMARTY: rendering template request/order/callmeal.htm 
2012-08-23T19:17:11+02:00 DEBUG (7): ydadmin-ThinkPad-X220-Tablet serving janamesa.com.br.testing SMARTY: caching /home/ydadmin/htdocs/lieferando/application/../public/cache/html/www.yourdelivery.local/request_order/callmeal/id/36791/size/4074/update/false.html 
2012-08-23T19:18:40+02:00 DEBUG (7): ydadmin-ThinkPad-X220-Tablet serving janamesa.com.br.testing SMARTY: rendering template order/basis/menu.htm 
2012-08-23T19:18:41+02:00 DEBUG (7): ydadmin-ThinkPad-X220-Tablet serving janamesa.com.br.testing SMARTY: caching /home/ydadmin/htdocs/lieferando/application/../public/cache/html/www.yourdelivery.local/servico-de-entrega-funny-pizzas-sao-paulo.html 
2012-08-23T19:18:51+02:00 DEBUG (7): ydadmin-ThinkPad-X220-Tablet serving janamesa.com.br.testing SMARTY: rendering template request/order/callmeal.htm 
2012-08-23T19:18:51+02:00 DEBUG (7): ydadmin-ThinkPad-X220-Tablet serving janamesa.com.br.testing SMARTY: caching /home/ydadmin/htdocs/lieferando/application/../public/cache/html/www.yourdelivery.local/request_order/callmeal/id/36791/size/4074/update/false.html 
2012-08-23T19:23:23+02:00 DEBUG (7): ydadmin-ThinkPad-X220-Tablet serving janamesa.com.br.testing SMARTY: rendering template request/order/callmeal.htm 
2012-08-23T19:23:24+02:00 DEBUG (7): ydadmin-ThinkPad-X220-Tablet serving janamesa.com.br.testing SMARTY: caching /home/ydadmin/htdocs/lieferando/application/../public/cache/html/www.yourdelivery.local/request_order/callmeal/id/36791/size/4074/update/false.html 
2012-08-23T19:24:26+02:00 DEBUG (7): ydadmin-ThinkPad-X220-Tablet serving janamesa.com.br.testing SMARTY: rendering template order/basis/menu.htm 
2012-08-23T19:24:28+02:00 DEBUG (7): ydadmin-ThinkPad-X220-Tablet serving janamesa.com.br.testing SMARTY: caching /home/ydadmin/htdocs/lieferando/application/../public/cache/html/www.yourdelivery.local/servico-de-entrega-funny-pizzas-sao-paulo.html 
2012-08-23T19:24:36+02:00 DEBUG (7): ydadmin-ThinkPad-X220-Tablet serving janamesa.com.br.testing SMARTY: rendering template request/order/callmeal.htm 
2012-08-23T19:24:37+02:00 DEBUG (7): ydadmin-ThinkPad-X220-Tablet serving janamesa.com.br.testing SMARTY: caching /home/ydadmin/htdocs/lieferando/application/../public/cache/html/www.yourdelivery.local/request_order/callmeal/id/36791/size/4074/update/false.html 
2012-08-23T19:26:08+02:00 DEBUG (7): ydadmin-ThinkPad-X220-Tablet serving janamesa.com.br.testing SMARTY: rendering template order/basis/menu.htm 
2012-08-23T19:26:09+02:00 DEBUG (7): ydadmin-ThinkPad-X220-Tablet serving janamesa.com.br.testing SMARTY: caching /home/ydadmin/htdocs/lieferando/application/../public/cache/html/www.yourdelivery.local/servico-de-entrega-funny-pizzas-sao-paulo.html 
2012-08-23T19:26:14+02:00 DEBUG (7): ydadmin-ThinkPad-X220-Tablet serving janamesa.com.br.testing SMARTY: rendering template request/order/callmeal.htm 
2012-08-23T19:26:15+02:00 DEBUG (7): ydadmin-ThinkPad-X220-Tablet serving janamesa.com.br.testing SMARTY: caching /home/ydadmin/htdocs/lieferando/application/../public/cache/html/www.yourdelivery.local/request_order/callmeal/id/36791/size/4074/update/false.html 
2012-08-23T19:30:22+02:00 DEBUG (7): ydadmin-ThinkPad-X220-Tablet serving janamesa.com.br.testing SMARTY: rendering template order/basis/menu.htm 
2012-08-23T19:30:23+02:00 DEBUG (7): ydadmin-ThinkPad-X220-Tablet serving janamesa.com.br.testing SMARTY: caching /home/ydadmin/htdocs/lieferando/application/../public/cache/html/www.yourdelivery.local/servico-de-entrega-funny-pizzas-sao-paulo.html 
2012-08-23T19:30:30+02:00 DEBUG (7): ydadmin-ThinkPad-X220-Tablet serving janamesa.com.br.testing SMARTY: rendering template request/order/callmeal.htm 
2012-08-23T19:30:30+02:00 DEBUG (7): ydadmin-ThinkPad-X220-Tablet serving janamesa.com.br.testing SMARTY: caching /home/ydadmin/htdocs/lieferando/application/../public/cache/html/www.yourdelivery.local/request_order/callmeal/id/36791/size/4074/update/false.html 
2012-08-23T19:31:18+02:00 DEBUG (7): ydadmin-ThinkPad-X220-Tablet serving janamesa.com.br.testing SMARTY: rendering template order/basis/menu.htm 
2012-08-23T19:31:19+02:00 DEBUG (7): ydadmin-ThinkPad-X220-Tablet serving janamesa.com.br.testing SMARTY: caching /home/ydadmin/htdocs/lieferando/application/../public/cache/html/www.yourdelivery.local/servico-de-entrega-funny-pizzas-sao-paulo.html 
2012-08-23T19:31:26+02:00 DEBUG (7): ydadmin-ThinkPad-X220-Tablet serving janamesa.com.br.testing SMARTY: rendering template request/order/callmeal.htm 
2012-08-23T19:31:26+02:00 DEBUG (7): ydadmin-ThinkPad-X220-Tablet serving janamesa.com.br.testing SMARTY: caching /home/ydadmin/htdocs/lieferando/application/../public/cache/html/www.yourdelivery.local/request_order/callmeal/id/36791/size/4074/update/false.html 
2012-08-23T19:32:04+02:00 DEBUG (7): ydadmin-ThinkPad-X220-Tablet serving janamesa.com.br.testing SMARTY: rendering template order/basis/menu.htm 
2012-08-23T19:32:05+02:00 DEBUG (7): ydadmin-ThinkPad-X220-Tablet serving janamesa.com.br.testing SMARTY: caching /home/ydadmin/htdocs/lieferando/application/../public/cache/html/www.yourdelivery.local/servico-de-entrega-funny-pizzas-sao-paulo.html 
2012-08-23T19:32:12+02:00 DEBUG (7): ydadmin-ThinkPad-X220-Tablet serving janamesa.com.br.testing SMARTY: rendering template request/order/callmeal.htm 
2012-08-23T19:32:12+02:00 DEBUG (7): ydadmin-ThinkPad-X220-Tablet serving janamesa.com.br.testing SMARTY: caching /home/ydadmin/htdocs/lieferando/application/../public/cache/html/www.yourdelivery.local/request_order/callmeal/id/36791/size/4074/update/false.html 
2012-08-23T19:37:54+02:00 DEBUG (7): ydadmin-ThinkPad-X220-Tablet serving janamesa.com.br.testing SMARTY: rendering template order/basis/menu.htm 
2012-08-23T19:37:55+02:00 DEBUG (7): ydadmin-ThinkPad-X220-Tablet serving janamesa.com.br.testing SMARTY: caching /home/ydadmin/htdocs/lieferando/application/../public/cache/html/www.yourdelivery.local/servico-de-entrega-funny-pizzas-sao-paulo.html 
2012-08-23T19:38:01+02:00 DEBUG (7): ydadmin-ThinkPad-X220-Tablet serving janamesa.com.br.testing SMARTY: rendering template request/order/callmeal.htm 
2012-08-23T19:38:01+02:00 DEBUG (7): ydadmin-ThinkPad-X220-Tablet serving janamesa.com.br.testing SMARTY: caching /home/ydadmin/htdocs/lieferando/application/../public/cache/html/www.yourdelivery.local/request_order/callmeal/id/36791/size/4074/update/false.html 
2012-08-23T20:01:46+02:00 DEBUG (7): ydadmin-ThinkPad-X220-Tablet serving janamesa.com.br.testing SMARTY: rendering template order/basis/menu.htm 
2012-08-23T20:01:47+02:00 DEBUG (7): ydadmin-ThinkPad-X220-Tablet serving janamesa.com.br.testing SMARTY: caching /home/ydadmin/htdocs/lieferando/application/../public/cache/html/www.yourdelivery.local/servico-de-entrega-funny-pizzas-sao-paulo.html 
2012-08-23T20:01:53+02:00 DEBUG (7): ydadmin-ThinkPad-X220-Tablet serving janamesa.com.br.testing SMARTY: rendering template request/order/callmeal.htm 
2012-08-23T20:01:54+02:00 DEBUG (7): ydadmin-ThinkPad-X220-Tablet serving janamesa.com.br.testing SMARTY: caching /home/ydadmin/htdocs/lieferando/application/../public/cache/html/www.yourdelivery.local/request_order/callmeal/id/36791/size/4074/update/false.html 
2012-08-23T20:07:42+02:00 DEBUG (7): ydadmin-ThinkPad-X220-Tablet serving janamesa.com.br.testing SMARTY: rendering template order/basis/menu.htm 
2012-08-23T20:07:44+02:00 DEBUG (7): ydadmin-ThinkPad-X220-Tablet serving janamesa.com.br.testing SMARTY: caching /home/ydadmin/htdocs/lieferando/application/../public/cache/html/www.yourdelivery.local/servico-de-entrega-funny-pizzas-sao-paulo.html 
2012-08-23T20:07:51+02:00 DEBUG (7): ydadmin-ThinkPad-X220-Tablet serving janamesa.com.br.testing SMARTY: rendering template request/order/callmeal.htm 
2012-08-23T20:07:51+02:00 DEBUG (7): ydadmin-ThinkPad-X220-Tablet serving janamesa.com.br.testing SMARTY: caching /home/ydadmin/htdocs/lieferando/application/../public/cache/html/www.yourdelivery.local/request_order/callmeal/id/36791/size/4074/update/false.html 
2012-08-23T20:15:39+02:00 DEBUG (7): ydadmin-ThinkPad-X220-Tablet serving janamesa.com.br.testing SMARTY: rendering template order/basis/menu.htm 
2012-08-23T20:15:41+02:00 DEBUG (7): ydadmin-ThinkPad-X220-Tablet serving janamesa.com.br.testing SMARTY: caching /home/ydadmin/htdocs/lieferando/application/../public/cache/html/www.yourdelivery.local/servico-de-entrega-funny-pizzas-sao-paulo.html 
2012-08-23T20:15:48+02:00 DEBUG (7): ydadmin-ThinkPad-X220-Tablet serving janamesa.com.br.testing SMARTY: rendering template request/order/callmeal.htm 
2012-08-23T20:15:48+02:00 DEBUG (7): ydadmin-ThinkPad-X220-Tablet serving janamesa.com.br.testing SMARTY: caching /home/ydadmin/htdocs/lieferando/application/../public/cache/html/www.yourdelivery.local/request_order/callmeal/id/36791/size/4074/update/false.html 
2012-08-23T20:16:59+02:00 DEBUG (7): ydadmin-ThinkPad-X220-Tablet serving janamesa.com.br.testing SMARTY: rendering template order/basis/menu.htm 
2012-08-23T20:17:00+02:00 DEBUG (7): ydadmin-ThinkPad-X220-Tablet serving janamesa.com.br.testing SMARTY: caching /home/ydadmin/htdocs/lieferando/application/../public/cache/html/www.yourdelivery.local/servico-de-entrega-funny-pizzas-sao-paulo.html 
2012-08-23T20:17:05+02:00 DEBUG (7): ydadmin-ThinkPad-X220-Tablet serving janamesa.com.br.testing SMARTY: rendering template request/order/callmeal.htm 
2012-08-23T20:17:06+02:00 DEBUG (7): ydadmin-ThinkPad-X220-Tablet serving janamesa.com.br.testing SMARTY: caching /home/ydadmin/htdocs/lieferando/application/../public/cache/html/www.yourdelivery.local/request_order/callmeal/id/36791/size/4074/update/false.html 
2012-08-23T20:22:26+02:00 DEBUG (7): ydadmin-ThinkPad-X220-Tablet serving janamesa.com.br.testing SMARTY: rendering template order/basis/menu.htm 
2012-08-23T20:22:27+02:00 DEBUG (7): ydadmin-ThinkPad-X220-Tablet serving janamesa.com.br.testing SMARTY: caching /home/ydadmin/htdocs/lieferando/application/../public/cache/html/www.yourdelivery.local/servico-de-entrega-funny-pizzas-sao-paulo.html 
2012-08-23T20:22:35+02:00 DEBUG (7): ydadmin-ThinkPad-X220-Tablet serving janamesa.com.br.testing SMARTY: rendering template request/order/callmeal.htm 
2012-08-23T20:22:35+02:00 DEBUG (7): ydadmin-ThinkPad-X220-Tablet serving janamesa.com.br.testing SMARTY: caching /home/ydadmin/htdocs/lieferando/application/../public/cache/html/www.yourdelivery.local/request_order/callmeal/id/36791/size/4074/update/false.html 
2012-08-23T20:24:10+02:00 DEBUG (7): ydadmin-ThinkPad-X220-Tablet serving janamesa.com.br.testing SMARTY: rendering template order/basis/menu.htm 
2012-08-23T20:24:11+02:00 DEBUG (7): ydadmin-ThinkPad-X220-Tablet serving janamesa.com.br.testing SMARTY: caching /home/ydadmin/htdocs/lieferando/application/../public/cache/html/www.yourdelivery.local/servico-de-entrega-funny-pizzas-sao-paulo.html 
2012-08-23T20:24:20+02:00 DEBUG (7): ydadmin-ThinkPad-X220-Tablet serving janamesa.com.br.testing SMARTY: rendering template request/order/callmeal.htm 
2012-08-23T20:24:21+02:00 DEBUG (7): ydadmin-ThinkPad-X220-Tablet serving janamesa.com.br.testing SMARTY: caching /home/ydadmin/htdocs/lieferando/application/../public/cache/html/www.yourdelivery.local/request_order/callmeal/id/36791/size/4074/update/false.html 
2012-08-23T20:34:07+02:00 DEBUG (7): ydadmin-ThinkPad-X220-Tablet serving janamesa.com.br.testing SMARTY: rendering template order/basis/menu.htm 
2012-08-23T20:34:08+02:00 DEBUG (7): ydadmin-ThinkPad-X220-Tablet serving janamesa.com.br.testing SMARTY: caching /home/ydadmin/htdocs/lieferando/application/../public/cache/html/www.yourdelivery.local/servico-de-entrega-funny-pizzas-sao-paulo.html 
2012-08-23T20:34:15+02:00 DEBUG (7): ydadmin-ThinkPad-X220-Tablet serving janamesa.com.br.testing SMARTY: rendering template request/order/callmeal.htm 
2012-08-23T20:34:15+02:00 DEBUG (7): ydadmin-ThinkPad-X220-Tablet serving janamesa.com.br.testing SMARTY: caching /home/ydadmin/htdocs/lieferando/application/../public/cache/html/www.yourdelivery.local/request_order/callmeal/id/36791/size/4074/update/false.html 
2012-08-23T20:37:48+02:00 DEBUG (7): ydadmin-ThinkPad-X220-Tablet serving janamesa.com.br.testing SMARTY: rendering template order/basis/menu.htm 
2012-08-23T20:37:49+02:00 DEBUG (7): ydadmin-ThinkPad-X220-Tablet serving janamesa.com.br.testing SMARTY: caching /home/ydadmin/htdocs/lieferando/application/../public/cache/html/www.yourdelivery.local/servico-de-entrega-funny-pizzas-sao-paulo.html 
2012-08-23T20:37:57+02:00 DEBUG (7): ydadmin-ThinkPad-X220-Tablet serving janamesa.com.br.testing SMARTY: rendering template request/order/callmeal.htm 
2012-08-23T20:37:57+02:00 DEBUG (7): ydadmin-ThinkPad-X220-Tablet serving janamesa.com.br.testing SMARTY: caching /home/ydadmin/htdocs/lieferando/application/../public/cache/html/www.yourdelivery.local/request_order/callmeal/id/36791/size/4074/update/false.html 
2012-08-23T20:38:30+02:00 DEBUG (7): ydadmin-ThinkPad-X220-Tablet serving janamesa.com.br.testing updating model Default_Model_Base #36791 with modified data :: Array(    [categoryId] => 14706    [name] => Halbe Pizza    [description] => Dies ist die berüchtigte halbe Pizza    [restaurantId] => 351    [nr] =>     [status] => 1    [mwst] => 19    [attributes] =>     [vegetarian] => 0    [tabaco] => 0    [bio] => 0    [minAmount] => 1    [deleted] => 0    [rank] => 8    [excludeFromMinCost] => 0    [alcohol] => 0    [updated] => 2012-08-23 20:38:30    [hasPicture] => 0    [spicy] => 0    [garlic] => 0    [fish] => 0    [priceType] => options_avg    [serviceId] => 351) 
2012-08-23T20:38:30+02:00 DEBUG (7): ydadmin-ThinkPad-X220-Tablet serving janamesa.com.br.testing updating model Default_Model_Base #51436 with modified data :: Array(    [mealId] => 36791    [sizeId] => 4074    [cost] => 3000    [pfand] => 0    [hasSpecials] => 1    [nr] =>     [updated] => 2012-08-23 20:38:30) 
2012-08-23T20:38:36+02:00 DEBUG (7): ydadmin-ThinkPad-X220-Tablet serving janamesa.com.br.testing SMARTY: rendering template order/basis/menu.htm 
2012-08-23T20:38:37+02:00 DEBUG (7): ydadmin-ThinkPad-X220-Tablet serving janamesa.com.br.testing SMARTY: caching /home/ydadmin/htdocs/lieferando/application/../public/cache/html/www.yourdelivery.local/servico-de-entrega-funny-pizzas-sao-paulo.html 
2012-08-23T20:38:45+02:00 DEBUG (7): ydadmin-ThinkPad-X220-Tablet serving janamesa.com.br.testing SMARTY: rendering template request/order/callmeal.htm 
2012-08-23T20:38:45+02:00 DEBUG (7): ydadmin-ThinkPad-X220-Tablet serving janamesa.com.br.testing SMARTY: caching /home/ydadmin/htdocs/lieferando/application/../public/cache/html/www.yourdelivery.local/request_order/callmeal/id/36791/size/4074/update/false.html 
2012-08-23T20:39:43+02:00 DEBUG (7): ydadmin-ThinkPad-X220-Tablet serving janamesa.com.br.testing SMARTY: rendering template order/basis/menu.htm 
2012-08-23T20:39:44+02:00 DEBUG (7): ydadmin-ThinkPad-X220-Tablet serving janamesa.com.br.testing SMARTY: caching /home/ydadmin/htdocs/lieferando/application/../public/cache/html/www.yourdelivery.local/servico-de-entrega-funny-pizzas-sao-paulo.html 
2012-08-23T20:39:50+02:00 DEBUG (7): ydadmin-ThinkPad-X220-Tablet serving janamesa.com.br.testing SMARTY: rendering template request/order/callmeal.htm 
2012-08-23T20:39:51+02:00 DEBUG (7): ydadmin-ThinkPad-X220-Tablet serving janamesa.com.br.testing SMARTY: caching /home/ydadmin/htdocs/lieferando/application/../public/cache/html/www.yourdelivery.local/request_order/callmeal/id/36791/size/4074/update/false.html 
2012-08-23T20:40:04+02:00 DEBUG (7): ydadmin-ThinkPad-X220-Tablet serving janamesa.com.br.testing SMARTY: rendering template order/basis/menu.htm 
2012-08-23T20:40:06+02:00 DEBUG (7): ydadmin-ThinkPad-X220-Tablet serving janamesa.com.br.testing SMARTY: caching /home/ydadmin/htdocs/lieferando/application/../public/cache/html/www.yourdelivery.local/servico-de-entrega-funny-pizzas-sao-paulo.html 
2012-08-23T20:40:34+02:00 DEBUG (7): ydadmin-ThinkPad-X220-Tablet serving janamesa.com.br.testing SMARTY: rendering template request/order/callmeal.htm 
2012-08-23T20:40:34+02:00 DEBUG (7): ydadmin-ThinkPad-X220-Tablet serving janamesa.com.br.testing SMARTY: caching /home/ydadmin/htdocs/lieferando/application/../public/cache/html/www.yourdelivery.local/request_order/callmeal/id/36791/size/4074/update/false.html 
2012-08-23T20:41:58+02:00 DEBUG (7): ydadmin-ThinkPad-X220-Tablet serving janamesa.com.br.testing SMARTY: rendering template order/basis/menu.htm 
2012-08-23T20:41:59+02:00 DEBUG (7): ydadmin-ThinkPad-X220-Tablet serving janamesa.com.br.testing SMARTY: caching /home/ydadmin/htdocs/lieferando/application/../public/cache/html/www.yourdelivery.local/servico-de-entrega-funny-pizzas-sao-paulo.html 
2012-08-23T20:42:05+02:00 DEBUG (7): ydadmin-ThinkPad-X220-Tablet serving janamesa.com.br.testing SMARTY: rendering template request/order/callmeal.htm 
2012-08-23T20:42:05+02:00 DEBUG (7): ydadmin-ThinkPad-X220-Tablet serving janamesa.com.br.testing SMARTY: caching /home/ydadmin/htdocs/lieferando/application/../public/cache/html/www.yourdelivery.local/request_order/callmeal/id/36791/size/4074/update/false.html 
2012-08-23T20:42:23+02:00 DEBUG (7): ydadmin-ThinkPad-X220-Tablet serving janamesa.com.br.testing SMARTY: rendering template order/basis/menu.htm 
2012-08-23T20:42:25+02:00 DEBUG (7): ydadmin-ThinkPad-X220-Tablet serving janamesa.com.br.testing SMARTY: caching /home/ydadmin/htdocs/lieferando/application/../public/cache/html/www.yourdelivery.local/servico-de-entrega-funny-pizzas-sao-paulo.html 
2012-08-23T20:42:35+02:00 DEBUG (7): ydadmin-ThinkPad-X220-Tablet serving janamesa.com.br.testing SMARTY: rendering template request/order/callmeal.htm 
2012-08-23T20:42:35+02:00 DEBUG (7): ydadmin-ThinkPad-X220-Tablet serving janamesa.com.br.testing SMARTY: caching /home/ydadmin/htdocs/lieferando/application/../public/cache/html/www.yourdelivery.local/request_order/callmeal/id/36791/size/4074/update/false.html 
2012-08-23T20:43:44+02:00 DEBUG (7): ydadmin-ThinkPad-X220-Tablet serving janamesa.com.br.testing SMARTY: rendering template request/order/callmeal.htm 
2012-08-23T20:43:44+02:00 DEBUG (7): ydadmin-ThinkPad-X220-Tablet serving janamesa.com.br.testing SMARTY: caching /home/ydadmin/htdocs/lieferando/application/../public/cache/html/www.yourdelivery.local/request_order/callmeal/id/36791/size/4074/update/1.html 
2012-08-23T21:08:19+02:00 DEBUG (7): ydadmin-ThinkPad-X220-Tablet serving janamesa.com.br.testing SMARTY: rendering template order/basis/menu.htm 
2012-08-23T21:08:21+02:00 DEBUG (7): ydadmin-ThinkPad-X220-Tablet serving janamesa.com.br.testing SMARTY: caching /home/ydadmin/htdocs/lieferando/application/../public/cache/html/www.yourdelivery.local/servico-de-entrega-funny-pizzas-sao-paulo.html 
2012-08-23T21:09:07+02:00 DEBUG (7): ydadmin-ThinkPad-X220-Tablet serving janamesa.com.br.testing SMARTY: rendering template order/basis/menu.htm 
2012-08-23T21:09:09+02:00 DEBUG (7): ydadmin-ThinkPad-X220-Tablet serving janamesa.com.br.testing SMARTY: caching /home/ydadmin/htdocs/lieferando/application/../public/cache/html/www.yourdelivery.local/servico-de-entrega-funny-pizzas-sao-paulo.html 
2012-08-23T21:11:33+02:00 DEBUG (7): ydadmin-ThinkPad-X220-Tablet serving janamesa.com.br.testing SMARTY: rendering template order/basis/menu.htm 
2012-08-23T21:11:34+02:00 DEBUG (7): ydadmin-ThinkPad-X220-Tablet serving janamesa.com.br.testing SMARTY: caching /home/ydadmin/htdocs/lieferando/application/../public/cache/html/www.yourdelivery.local/servico-de-entrega-funny-pizzas-sao-paulo.html 
2012-08-23T21:11:42+02:00 DEBUG (7): ydadmin-ThinkPad-X220-Tablet serving janamesa.com.br.testing SMARTY: rendering template request/order/callmeal.htm 
2012-08-23T21:11:42+02:00 DEBUG (7): ydadmin-ThinkPad-X220-Tablet serving janamesa.com.br.testing SMARTY: caching /home/ydadmin/htdocs/lieferando/application/../public/cache/html/www.yourdelivery.local/request_order/callmeal/id/36791/size/4074/update/false.html 
2012-08-23T21:12:20+02:00 DEBUG (7): ydadmin-ThinkPad-X220-Tablet serving janamesa.com.br.testing SMARTY: rendering template order/basis/menu.htm 
2012-08-23T21:12:22+02:00 DEBUG (7): ydadmin-ThinkPad-X220-Tablet serving janamesa.com.br.testing SMARTY: caching /home/ydadmin/htdocs/lieferando/application/../public/cache/html/www.yourdelivery.local/servico-de-entrega-funny-pizzas-sao-paulo.html 
2012-08-23T21:12:29+02:00 DEBUG (7): ydadmin-ThinkPad-X220-Tablet serving janamesa.com.br.testing SMARTY: rendering template request/order/callmeal.htm 
2012-08-23T21:12:30+02:00 DEBUG (7): ydadmin-ThinkPad-X220-Tablet serving janamesa.com.br.testing SMARTY: caching /home/ydadmin/htdocs/lieferando/application/../public/cache/html/www.yourdelivery.local/request_order/callmeal/id/36791/size/4074/update/false.html 
2012-08-23T21:13:19+02:00 DEBUG (7): ydadmin-ThinkPad-X220-Tablet serving janamesa.com.br.testing SMARTY: rendering template order/basis/menu.htm 
2012-08-23T21:13:20+02:00 DEBUG (7): ydadmin-ThinkPad-X220-Tablet serving janamesa.com.br.testing SMARTY: caching /home/ydadmin/htdocs/lieferando/application/../public/cache/html/www.yourdelivery.local/servico-de-entrega-funny-pizzas-sao-paulo.html 
2012-08-23T21:13:26+02:00 DEBUG (7): ydadmin-ThinkPad-X220-Tablet serving janamesa.com.br.testing SMARTY: rendering template request/order/callmeal.htm 
2012-08-23T21:13:26+02:00 DEBUG (7): ydadmin-ThinkPad-X220-Tablet serving janamesa.com.br.testing SMARTY: caching /home/ydadmin/htdocs/lieferando/application/../public/cache/html/www.yourdelivery.local/request_order/callmeal/id/36791/size/4074/update/false.html 
2012-08-23T21:14:31+02:00 DEBUG (7): ydadmin-ThinkPad-X220-Tablet serving janamesa.com.br.testing SMARTY: rendering template order/basis/menu.htm 
2012-08-23T21:14:33+02:00 DEBUG (7): ydadmin-ThinkPad-X220-Tablet serving janamesa.com.br.testing SMARTY: caching /home/ydadmin/htdocs/lieferando/application/../public/cache/html/www.yourdelivery.local/servico-de-entrega-funny-pizzas-sao-paulo.html 
2012-08-23T21:14:40+02:00 DEBUG (7): ydadmin-ThinkPad-X220-Tablet serving janamesa.com.br.testing SMARTY: rendering template request/order/callmeal.htm 
2012-08-23T21:14:40+02:00 DEBUG (7): ydadmin-ThinkPad-X220-Tablet serving janamesa.com.br.testing SMARTY: caching /home/ydadmin/htdocs/lieferando/application/../public/cache/html/www.yourdelivery.local/request_order/callmeal/id/36791/size/4074/update/false.html 
2012-08-23T21:17:42+02:00 DEBUG (7): ydadmin-ThinkPad-X220-Tablet serving janamesa.com.br.testing SMARTY: rendering template order/basis/menu.htm 
2012-08-23T21:17:43+02:00 DEBUG (7): ydadmin-ThinkPad-X220-Tablet serving janamesa.com.br.testing SMARTY: caching /home/ydadmin/htdocs/lieferando/application/../public/cache/html/www.yourdelivery.local/servico-de-entrega-funny-pizzas-sao-paulo.html 
2012-08-23T21:18:06+02:00 DEBUG (7): ydadmin-ThinkPad-X220-Tablet serving janamesa.com.br.testing SMARTY: rendering template request/order/callmeal.htm 
2012-08-23T21:18:06+02:00 DEBUG (7): ydadmin-ThinkPad-X220-Tablet serving janamesa.com.br.testing SMARTY: caching /home/ydadmin/htdocs/lieferando/application/../public/cache/html/www.yourdelivery.local/request_order/callmeal/id/36791/size/4074/update/false.html 
2012-08-23T21:18:25+02:00 DEBUG (7): ydadmin-ThinkPad-X220-Tablet serving janamesa.com.br.testing SMARTY: rendering template order/basis/menu.htm 
2012-08-23T21:18:27+02:00 DEBUG (7): ydadmin-ThinkPad-X220-Tablet serving janamesa.com.br.testing SMARTY: caching /home/ydadmin/htdocs/lieferando/application/../public/cache/html/www.yourdelivery.local/servico-de-entrega-funny-pizzas-sao-paulo.html 
2012-08-23T21:18:33+02:00 DEBUG (7): ydadmin-ThinkPad-X220-Tablet serving janamesa.com.br.testing SMARTY: rendering template request/order/callmeal.htm 
2012-08-23T21:18:34+02:00 DEBUG (7): ydadmin-ThinkPad-X220-Tablet serving janamesa.com.br.testing SMARTY: caching /home/ydadmin/htdocs/lieferando/application/../public/cache/html/www.yourdelivery.local/request_order/callmeal/id/36791/size/4074/update/false.html 
2012-08-23T21:19:08+02:00 DEBUG (7): ydadmin-ThinkPad-X220-Tablet serving janamesa.com.br.testing SMARTY: rendering template order/basis/menu.htm 
2012-08-23T21:19:10+02:00 DEBUG (7): ydadmin-ThinkPad-X220-Tablet serving janamesa.com.br.testing SMARTY: caching /home/ydadmin/htdocs/lieferando/application/../public/cache/html/www.yourdelivery.local/servico-de-entrega-funny-pizzas-sao-paulo.html 
2012-08-23T21:19:21+02:00 DEBUG (7): ydadmin-ThinkPad-X220-Tablet serving janamesa.com.br.testing SMARTY: rendering template request/order/callmeal.htm 
2012-08-23T21:19:22+02:00 DEBUG (7): ydadmin-ThinkPad-X220-Tablet serving janamesa.com.br.testing SMARTY: caching /home/ydadmin/htdocs/lieferando/application/../public/cache/html/www.yourdelivery.local/request_order/callmeal/id/36791/size/4074/update/false.html 
2012-08-23T21:21:00+02:00 DEBUG (7): ydadmin-ThinkPad-X220-Tablet serving janamesa.com.br.testing SMARTY: rendering template order/basis/menu.htm 
2012-08-23T21:21:01+02:00 DEBUG (7): ydadmin-ThinkPad-X220-Tablet serving janamesa.com.br.testing SMARTY: caching /home/ydadmin/htdocs/lieferando/application/../public/cache/html/www.yourdelivery.local/servico-de-entrega-funny-pizzas-sao-paulo.html 
2012-08-23T21:21:08+02:00 DEBUG (7): ydadmin-ThinkPad-X220-Tablet serving janamesa.com.br.testing SMARTY: rendering template request/order/callmeal.htm 
2012-08-23T21:21:09+02:00 DEBUG (7): ydadmin-ThinkPad-X220-Tablet serving janamesa.com.br.testing SMARTY: caching /home/ydadmin/htdocs/lieferando/application/../public/cache/html/www.yourdelivery.local/request_order/callmeal/id/36791/size/4074/update/false.html 
2012-08-23T21:22:15+02:00 DEBUG (7): ydadmin-ThinkPad-X220-Tablet serving janamesa.com.br.testing updating model Default_Model_Base #36791 with modified data :: Array(    [categoryId] => 14706    [name] => Halbe Pizza    [description] => Dies ist die berüchtigte halbe Pizza    [restaurantId] => 351    [nr] =>     [status] => 1    [mwst] => 19    [attributes] =>     [vegetarian] => 0    [tabaco] => 0    [bio] => 0    [minAmount] => 1    [deleted] => 0    [rank] => 8    [excludeFromMinCost] => 0    [alcohol] => 0    [updated] => 2012-08-23 21:22:15    [hasPicture] => 0    [spicy] => 0    [garlic] => 0    [fish] => 0    [priceType] => options_max    [serviceId] => 351) 
2012-08-23T21:22:15+02:00 DEBUG (7): ydadmin-ThinkPad-X220-Tablet serving janamesa.com.br.testing updating model Default_Model_Base #51436 with modified data :: Array(    [mealId] => 36791    [sizeId] => 4074    [cost] => 3000    [pfand] => 0    [hasSpecials] => 1    [nr] =>     [updated] => 2012-08-23 21:22:15) 
2012-08-23T21:22:21+02:00 DEBUG (7): ydadmin-ThinkPad-X220-Tablet serving janamesa.com.br.testing SMARTY: rendering template order/basis/menu.htm 
2012-08-23T21:22:22+02:00 DEBUG (7): ydadmin-ThinkPad-X220-Tablet serving janamesa.com.br.testing SMARTY: caching /home/ydadmin/htdocs/lieferando/application/../public/cache/html/www.yourdelivery.local/servico-de-entrega-funny-pizzas-sao-paulo.html 
2012-08-23T21:22:28+02:00 DEBUG (7): ydadmin-ThinkPad-X220-Tablet serving janamesa.com.br.testing SMARTY: rendering template request/order/callmeal.htm 
2012-08-23T21:22:28+02:00 DEBUG (7): ydadmin-ThinkPad-X220-Tablet serving janamesa.com.br.testing SMARTY: caching /home/ydadmin/htdocs/lieferando/application/../public/cache/html/www.yourdelivery.local/request_order/callmeal/id/36791/size/4074/update/false.html 
2012-08-23T21:23:27+02:00 INFO (6): ydadmin-ThinkPad-X220-Tablet serving janamesa.com.br.testing appending fallback verbose information to order via cityId 88709 
2012-08-23T21:23:28+02:00 DEBUG (7): ydadmin-ThinkPad-X220-Tablet serving janamesa.com.br.testing SMARTY: rendering template order/private/finish.htm 
2012-08-23T21:23:31+02:00 DEBUG (7): ydadmin-ThinkPad-X220-Tablet serving janamesa.com.br.testing SMARTY: rendering template request/service/openingtimeday.htm 
