2012-06-18T10:13:44-03:00 INFO (6): ydadmin-ThinkPad-X220-Tablet serving janamesa.com.br.testing appending fallback verbose information to order via cityId 68940 
2012-06-18T10:13:45-03:00 DEBUG (7): ydadmin-ThinkPad-X220-Tablet serving janamesa.com.br.testing SMARTY: did not find template order/private/finish.htm in janamesa.com.br layout, switching successfully back to default 
2012-06-18T10:13:45-03:00 DEBUG (7): ydadmin-ThinkPad-X220-Tablet serving janamesa.com.br.testing SMARTY: rendering template order/private/finish.htm 
2012-06-18T10:13:48-03:00 DEBUG (7): ydadmin-ThinkPad-X220-Tablet serving janamesa.com.br.testing SMARTY: did not find template request/service/openingtimeday.htm in janamesa.com.br layout, switching successfully back to default 
2012-06-18T10:13:48-03:00 DEBUG (7): ydadmin-ThinkPad-X220-Tablet serving janamesa.com.br.testing SMARTY: rendering template request/service/openingtimeday.htm 
2012-06-18T10:14:06-03:00 INFO (6): ydadmin-ThinkPad-X220-Tablet serving janamesa.com.br.testing appending fallback verbose information to order via cityId 68940 
2012-06-18T10:14:06-03:00 DEBUG (7): ydadmin-ThinkPad-X220-Tablet serving janamesa.com.br.testing SMARTY: did not find template order/private/finish.htm in janamesa.com.br layout, switching successfully back to default 
2012-06-18T10:14:06-03:00 DEBUG (7): ydadmin-ThinkPad-X220-Tablet serving janamesa.com.br.testing SMARTY: rendering template order/private/finish.htm 
2012-06-18T10:14:07-03:00 DEBUG (7): ydadmin-ThinkPad-X220-Tablet serving janamesa.com.br.testing SMARTY: did not find template request/service/openingtimeday.htm in janamesa.com.br layout, switching successfully back to default 
2012-06-18T10:14:07-03:00 DEBUG (7): ydadmin-ThinkPad-X220-Tablet serving janamesa.com.br.testing SMARTY: rendering template request/service/openingtimeday.htm 
2012-06-18T10:20:28-03:00 INFO (6): ydadmin-ThinkPad-X220-Tablet serving janamesa.com.br.testing appending fallback verbose information to order via cityId 68940 
2012-06-18T10:20:29-03:00 DEBUG (7): ydadmin-ThinkPad-X220-Tablet serving janamesa.com.br.testing SMARTY: did not find template order/private/finish.htm in janamesa.com.br layout, switching successfully back to default 
2012-06-18T10:20:29-03:00 DEBUG (7): ydadmin-ThinkPad-X220-Tablet serving janamesa.com.br.testing SMARTY: rendering template order/private/finish.htm 
2012-06-18T10:20:30-03:00 DEBUG (7): ydadmin-ThinkPad-X220-Tablet serving janamesa.com.br.testing SMARTY: did not find template request/service/openingtimeday.htm in janamesa.com.br layout, switching successfully back to default 
2012-06-18T10:20:30-03:00 DEBUG (7): ydadmin-ThinkPad-X220-Tablet serving janamesa.com.br.testing SMARTY: rendering template request/service/openingtimeday.htm 
2012-06-18T10:20:59-03:00 INFO (6): ydadmin-ThinkPad-X220-Tablet serving janamesa.com.br.testing appending fallback verbose information to order via cityId 68940 
2012-06-18T10:20:59-03:00 DEBUG (7): ydadmin-ThinkPad-X220-Tablet serving janamesa.com.br.testing SMARTY: did not find template order/private/finish.htm in janamesa.com.br layout, switching successfully back to default 
2012-06-18T10:20:59-03:00 DEBUG (7): ydadmin-ThinkPad-X220-Tablet serving janamesa.com.br.testing SMARTY: rendering template order/private/finish.htm 
2012-06-18T10:21:01-03:00 DEBUG (7): ydadmin-ThinkPad-X220-Tablet serving janamesa.com.br.testing SMARTY: did not find template request/service/openingtimeday.htm in janamesa.com.br layout, switching successfully back to default 
2012-06-18T10:21:01-03:00 DEBUG (7): ydadmin-ThinkPad-X220-Tablet serving janamesa.com.br.testing SMARTY: rendering template request/service/openingtimeday.htm 
2012-06-18T10:22:45-03:00 INFO (6): ydadmin-ThinkPad-X220-Tablet serving janamesa.com.br.testing appending fallback verbose information to order via cityId 68940 
2012-06-18T10:22:45-03:00 DEBUG (7): ydadmin-ThinkPad-X220-Tablet serving janamesa.com.br.testing SMARTY: did not find template order/private/finish.htm in janamesa.com.br layout, switching successfully back to default 
2012-06-18T10:22:45-03:00 DEBUG (7): ydadmin-ThinkPad-X220-Tablet serving janamesa.com.br.testing SMARTY: rendering template order/private/finish.htm 
2012-06-18T10:22:46-03:00 DEBUG (7): ydadmin-ThinkPad-X220-Tablet serving janamesa.com.br.testing SMARTY: did not find template request/service/openingtimeday.htm in janamesa.com.br layout, switching successfully back to default 
2012-06-18T10:22:46-03:00 DEBUG (7): ydadmin-ThinkPad-X220-Tablet serving janamesa.com.br.testing SMARTY: rendering template request/service/openingtimeday.htm 
2012-06-18T10:23:06-03:00 INFO (6): ydadmin-ThinkPad-X220-Tablet serving janamesa.com.br.testing appending fallback verbose information to order via cityId 68940 
2012-06-18T10:23:06-03:00 DEBUG (7): ydadmin-ThinkPad-X220-Tablet serving janamesa.com.br.testing SMARTY: did not find template order/private/finish.htm in janamesa.com.br layout, switching successfully back to default 
2012-06-18T10:23:06-03:00 DEBUG (7): ydadmin-ThinkPad-X220-Tablet serving janamesa.com.br.testing SMARTY: rendering template order/private/finish.htm 
2012-06-18T10:23:08-03:00 DEBUG (7): ydadmin-ThinkPad-X220-Tablet serving janamesa.com.br.testing SMARTY: did not find template request/service/openingtimeday.htm in janamesa.com.br layout, switching successfully back to default 
2012-06-18T10:23:08-03:00 DEBUG (7): ydadmin-ThinkPad-X220-Tablet serving janamesa.com.br.testing SMARTY: rendering template request/service/openingtimeday.htm 
2012-06-18T10:23:17-03:00 INFO (6): ydadmin-ThinkPad-X220-Tablet serving janamesa.com.br.testing appending fallback verbose information to order via cityId 68940 
2012-06-18T10:23:17-03:00 DEBUG (7): ydadmin-ThinkPad-X220-Tablet serving janamesa.com.br.testing SMARTY: did not find template order/private/finish.htm in janamesa.com.br layout, switching successfully back to default 
2012-06-18T10:23:17-03:00 DEBUG (7): ydadmin-ThinkPad-X220-Tablet serving janamesa.com.br.testing SMARTY: rendering template order/private/finish.htm 
2012-06-18T10:23:19-03:00 DEBUG (7): ydadmin-ThinkPad-X220-Tablet serving janamesa.com.br.testing SMARTY: did not find template request/service/openingtimeday.htm in janamesa.com.br layout, switching successfully back to default 
2012-06-18T10:23:19-03:00 DEBUG (7): ydadmin-ThinkPad-X220-Tablet serving janamesa.com.br.testing SMARTY: rendering template request/service/openingtimeday.htm 
2012-06-18T10:23:32-03:00 INFO (6): ydadmin-ThinkPad-X220-Tablet serving janamesa.com.br.testing appending fallback verbose information to order via cityId 68940 
2012-06-18T10:23:32-03:00 DEBUG (7): ydadmin-ThinkPad-X220-Tablet serving janamesa.com.br.testing SMARTY: did not find template order/private/finish.htm in janamesa.com.br layout, switching successfully back to default 
2012-06-18T10:23:32-03:00 DEBUG (7): ydadmin-ThinkPad-X220-Tablet serving janamesa.com.br.testing SMARTY: rendering template order/private/finish.htm 
2012-06-18T10:23:33-03:00 DEBUG (7): ydadmin-ThinkPad-X220-Tablet serving janamesa.com.br.testing SMARTY: did not find template request/service/openingtimeday.htm in janamesa.com.br layout, switching successfully back to default 
2012-06-18T10:23:33-03:00 DEBUG (7): ydadmin-ThinkPad-X220-Tablet serving janamesa.com.br.testing SMARTY: rendering template request/service/openingtimeday.htm 
2012-06-18T10:34:10-03:00 INFO (6): ydadmin-ThinkPad-X220-Tablet serving janamesa.com.br.testing appending fallback verbose information to order via cityId 68940 
2012-06-18T10:34:10-03:00 DEBUG (7): ydadmin-ThinkPad-X220-Tablet serving janamesa.com.br.testing SMARTY: did not find template order/private/finish.htm in janamesa.com.br layout, switching successfully back to default 
2012-06-18T10:34:10-03:00 DEBUG (7): ydadmin-ThinkPad-X220-Tablet serving janamesa.com.br.testing SMARTY: rendering template order/private/finish.htm 
2012-06-18T10:34:11-03:00 DEBUG (7): ydadmin-ThinkPad-X220-Tablet serving janamesa.com.br.testing SMARTY: did not find template request/service/openingtimeday.htm in janamesa.com.br layout, switching successfully back to default 
2012-06-18T10:34:11-03:00 DEBUG (7): ydadmin-ThinkPad-X220-Tablet serving janamesa.com.br.testing SMARTY: rendering template request/service/openingtimeday.htm 
2012-06-18T10:57:51-03:00 DEBUG (7): ydadmin-ThinkPad-X220-Tablet serving janamesa.com.br.testing SMARTY: did not find template administration/login.htm in janamesa.com.br layout, switching successfully back to default 
2012-06-18T10:57:51-03:00 DEBUG (7): ydadmin-ThinkPad-X220-Tablet serving janamesa.com.br.testing SMARTY: rendering template administration/login.htm 
2012-06-18T11:01:55-03:00 DEBUG (7): ydadmin-ThinkPad-X220-Tablet serving janamesa.com.br.testing SMARTY: did not find template index/index.htm in janamesa.com.br layout, switching successfully back to default 
2012-06-18T11:01:55-03:00 DEBUG (7): ydadmin-ThinkPad-X220-Tablet serving janamesa.com.br.testing SMARTY: rendering template index/index.htm 
2012-06-18T11:01:55-03:00 DEBUG (7): ydadmin-ThinkPad-X220-Tablet serving janamesa.com.br.testing SMARTY: caching /home/ydadmin/htdocs/lieferando/application/../public/cache/html/www.yourdelivery.local/index.html 
2012-06-18T11:02:07-03:00 INFO (6): ydadmin-ThinkPad-X220-Tablet serving janamesa.com.br.testing found 20 online and 3 offline services in #23261 
2012-06-18T11:02:07-03:00 DEBUG (7): ydadmin-ThinkPad-X220-Tablet serving janamesa.com.br.testing SMARTY: rendering template order/basis/service.htm 
2012-06-18T11:02:08-03:00 DEBUG (7): ydadmin-ThinkPad-X220-Tablet serving janamesa.com.br.testing SMARTY: caching /home/ydadmin/htdocs/lieferando/application/../public/cache/html/www.yourdelivery.local/servico-de-entrega-sao-paulo-01305-000.html 
2012-06-18T11:02:09-03:00 DEBUG (7): ydadmin-ThinkPad-X220-Tablet serving janamesa.com.br.testing SMARTY: did not find template request/order/serviceinfo.htm in janamesa.com.br layout, switching successfully back to default 
2012-06-18T11:02:09-03:00 DEBUG (7): ydadmin-ThinkPad-X220-Tablet serving janamesa.com.br.testing SMARTY: rendering template request/order/serviceinfo.htm 
2012-06-18T11:02:09-03:00 DEBUG (7): ydadmin-ThinkPad-X220-Tablet serving janamesa.com.br.testing SMARTY: caching /home/ydadmin/htdocs/lieferando/application/../public/cache/html/www.yourdelivery.local/request_order/serviceinfo/id/207.html 
2012-06-18T11:02:09-03:00 DEBUG (7): ydadmin-ThinkPad-X220-Tablet serving janamesa.com.br.testing SMARTY: did not find template request/order/serviceinfo.htm in janamesa.com.br layout, switching successfully back to default 
2012-06-18T11:02:09-03:00 DEBUG (7): ydadmin-ThinkPad-X220-Tablet serving janamesa.com.br.testing SMARTY: rendering template request/order/serviceinfo.htm 
2012-06-18T11:02:09-03:00 DEBUG (7): ydadmin-ThinkPad-X220-Tablet serving janamesa.com.br.testing SMARTY: did not find template request/order/serviceinfo.htm in janamesa.com.br layout, switching successfully back to default 
2012-06-18T11:02:09-03:00 DEBUG (7): ydadmin-ThinkPad-X220-Tablet serving janamesa.com.br.testing SMARTY: rendering template request/order/serviceinfo.htm 
2012-06-18T11:02:09-03:00 DEBUG (7): ydadmin-ThinkPad-X220-Tablet serving janamesa.com.br.testing SMARTY: caching /home/ydadmin/htdocs/lieferando/application/../public/cache/html/www.yourdelivery.local/request_order/serviceinfo/id/111.html 
2012-06-18T11:02:09-03:00 DEBUG (7): ydadmin-ThinkPad-X220-Tablet serving janamesa.com.br.testing SMARTY: caching /home/ydadmin/htdocs/lieferando/application/../public/cache/html/www.yourdelivery.local/request_order/serviceinfo/id/66.html 
2012-06-18T11:02:10-03:00 DEBUG (7): ydadmin-ThinkPad-X220-Tablet serving janamesa.com.br.testing SMARTY: did not find template order/basis/menu.htm in janamesa.com.br layout, switching successfully back to default 
2012-06-18T11:02:10-03:00 DEBUG (7): ydadmin-ThinkPad-X220-Tablet serving janamesa.com.br.testing SMARTY: rendering template order/basis/menu.htm 
2012-06-18T11:02:11-03:00 DEBUG (7): ydadmin-ThinkPad-X220-Tablet serving janamesa.com.br.testing SMARTY: caching /home/ydadmin/htdocs/lieferando/application/../public/cache/html/www.yourdelivery.local/servico-de-entega-bio-menu-sao-paulo.html 
2012-06-18T11:02:21-03:00 INFO (6): ydadmin-ThinkPad-X220-Tablet serving janamesa.com.br.testing appending fallback verbose information to order via cityId 23261 
2012-06-18T11:02:21-03:00 DEBUG (7): ydadmin-ThinkPad-X220-Tablet serving janamesa.com.br.testing SMARTY: did not find template order/private/finish.htm in janamesa.com.br layout, switching successfully back to default 
2012-06-18T11:02:21-03:00 DEBUG (7): ydadmin-ThinkPad-X220-Tablet serving janamesa.com.br.testing SMARTY: rendering template order/private/finish.htm 
2012-06-18T11:02:22-03:00 DEBUG (7): ydadmin-ThinkPad-X220-Tablet serving janamesa.com.br.testing SMARTY: did not find template request/service/openingtimeday.htm in janamesa.com.br layout, switching successfully back to default 
2012-06-18T11:02:22-03:00 DEBUG (7): ydadmin-ThinkPad-X220-Tablet serving janamesa.com.br.testing SMARTY: rendering template request/service/openingtimeday.htm 
2012-06-18T11:02:39-03:00 INFO (6): ydadmin-ThinkPad-X220-Tablet serving janamesa.com.br.testing appending fallback verbose information to order via cityId 23261 
2012-06-18T11:02:40-03:00 DEBUG (7): ydadmin-ThinkPad-X220-Tablet serving janamesa.com.br.testing SMARTY: did not find template order/private/finish.htm in janamesa.com.br layout, switching successfully back to default 
2012-06-18T11:02:40-03:00 DEBUG (7): ydadmin-ThinkPad-X220-Tablet serving janamesa.com.br.testing SMARTY: rendering template order/private/finish.htm 
2012-06-18T11:02:40-03:00 DEBUG (7): ydadmin-ThinkPad-X220-Tablet serving janamesa.com.br.testing SMARTY: did not find template request/service/openingtimeday.htm in janamesa.com.br layout, switching successfully back to default 
2012-06-18T11:02:40-03:00 DEBUG (7): ydadmin-ThinkPad-X220-Tablet serving janamesa.com.br.testing SMARTY: rendering template request/service/openingtimeday.htm 
2012-06-18T11:11:00-03:00 INFO (6): ydadmin-ThinkPad-X220-Tablet serving janamesa.com.br.testing appending fallback verbose information to order via cityId 23261 
2012-06-18T11:11:00-03:00 DEBUG (7): ydadmin-ThinkPad-X220-Tablet serving janamesa.com.br.testing SMARTY: did not find template order/private/finish.htm in janamesa.com.br layout, switching successfully back to default 
2012-06-18T11:11:00-03:00 DEBUG (7): ydadmin-ThinkPad-X220-Tablet serving janamesa.com.br.testing SMARTY: rendering template order/private/finish.htm 
2012-06-18T11:11:02-03:00 DEBUG (7): ydadmin-ThinkPad-X220-Tablet serving janamesa.com.br.testing SMARTY: did not find template request/service/openingtimeday.htm in janamesa.com.br layout, switching successfully back to default 
2012-06-18T11:11:02-03:00 DEBUG (7): ydadmin-ThinkPad-X220-Tablet serving janamesa.com.br.testing SMARTY: rendering template request/service/openingtimeday.htm 
2012-06-18T11:11:38-03:00 INFO (6): ydadmin-ThinkPad-X220-Tablet serving janamesa.com.br.testing appending fallback verbose information to order via cityId 23261 
2012-06-18T11:11:39-03:00 DEBUG (7): ydadmin-ThinkPad-X220-Tablet serving janamesa.com.br.testing SMARTY: did not find template order/private/finish.htm in janamesa.com.br layout, switching successfully back to default 
2012-06-18T11:11:39-03:00 DEBUG (7): ydadmin-ThinkPad-X220-Tablet serving janamesa.com.br.testing SMARTY: rendering template order/private/finish.htm 
2012-06-18T11:11:39-03:00 DEBUG (7): ydadmin-ThinkPad-X220-Tablet serving janamesa.com.br.testing SMARTY: did not find template request/service/openingtimeday.htm in janamesa.com.br layout, switching successfully back to default 
2012-06-18T11:11:39-03:00 DEBUG (7): ydadmin-ThinkPad-X220-Tablet serving janamesa.com.br.testing SMARTY: rendering template request/service/openingtimeday.htm 
2012-06-18T11:11:47-03:00 INFO (6): ydadmin-ThinkPad-X220-Tablet serving janamesa.com.br.testing appending fallback verbose information to order via cityId 23261 
2012-06-18T11:11:47-03:00 DEBUG (7): ydadmin-ThinkPad-X220-Tablet serving janamesa.com.br.testing SMARTY: did not find template order/private/finish.htm in janamesa.com.br layout, switching successfully back to default 
2012-06-18T11:11:47-03:00 DEBUG (7): ydadmin-ThinkPad-X220-Tablet serving janamesa.com.br.testing SMARTY: rendering template order/private/finish.htm 
2012-06-18T11:11:48-03:00 DEBUG (7): ydadmin-ThinkPad-X220-Tablet serving janamesa.com.br.testing SMARTY: did not find template request/service/openingtimeday.htm in janamesa.com.br layout, switching successfully back to default 
2012-06-18T11:11:48-03:00 DEBUG (7): ydadmin-ThinkPad-X220-Tablet serving janamesa.com.br.testing SMARTY: rendering template request/service/openingtimeday.htm 
2012-06-18T11:12:12-03:00 INFO (6): ydadmin-ThinkPad-X220-Tablet serving janamesa.com.br.testing appending fallback verbose information to order via cityId 23261 
2012-06-18T11:12:12-03:00 DEBUG (7): ydadmin-ThinkPad-X220-Tablet serving janamesa.com.br.testing SMARTY: did not find template order/private/finish.htm in janamesa.com.br layout, switching successfully back to default 
2012-06-18T11:12:12-03:00 DEBUG (7): ydadmin-ThinkPad-X220-Tablet serving janamesa.com.br.testing SMARTY: rendering template order/private/finish.htm 
2012-06-18T11:12:13-03:00 DEBUG (7): ydadmin-ThinkPad-X220-Tablet serving janamesa.com.br.testing SMARTY: did not find template request/service/openingtimeday.htm in janamesa.com.br layout, switching successfully back to default 
2012-06-18T11:12:13-03:00 DEBUG (7): ydadmin-ThinkPad-X220-Tablet serving janamesa.com.br.testing SMARTY: rendering template request/service/openingtimeday.htm 
2012-06-18T11:23:54-03:00 INFO (6): ydadmin-ThinkPad-X220-Tablet serving janamesa.com.br.testing appending fallback verbose information to order via cityId 68940 
2012-06-18T11:23:54-03:00 DEBUG (7): ydadmin-ThinkPad-X220-Tablet serving janamesa.com.br.testing SMARTY: did not find template order/private/finish.htm in janamesa.com.br layout, switching successfully back to default 
2012-06-18T11:23:54-03:00 DEBUG (7): ydadmin-ThinkPad-X220-Tablet serving janamesa.com.br.testing SMARTY: rendering template order/private/finish.htm 
2012-06-18T11:23:56-03:00 DEBUG (7): ydadmin-ThinkPad-X220-Tablet serving janamesa.com.br.testing SMARTY: did not find template request/service/openingtimeday.htm in janamesa.com.br layout, switching successfully back to default 
2012-06-18T11:23:56-03:00 DEBUG (7): ydadmin-ThinkPad-X220-Tablet serving janamesa.com.br.testing SMARTY: rendering template request/service/openingtimeday.htm 
2012-06-18T11:24:06-03:00 WARN (4): ydadmin-ThinkPad-X220-Tablet serving janamesa.com.br.testing User naie@lieferando.de failed while trying to log in 
2012-06-18T11:24:06-03:00 DEBUG (7): ydadmin-ThinkPad-X220-Tablet serving janamesa.com.br.testing SMARTY: did not find template user/loginfailed.htm in janamesa.com.br layout, switching successfully back to default 
2012-06-18T11:24:06-03:00 DEBUG (7): ydadmin-ThinkPad-X220-Tablet serving janamesa.com.br.testing SMARTY: rendering template user/loginfailed.htm 
2012-06-18T11:24:06-03:00 DEBUG (7): ydadmin-ThinkPad-X220-Tablet serving janamesa.com.br.testing SMARTY: caching /home/ydadmin/htdocs/lieferando/application/../public/cache/html/www.yourdelivery.local/user/loginfailed.html 
2012-06-18T11:24:14-03:00 WARN (4): ydadmin-ThinkPad-X220-Tablet serving janamesa.com.br.testing User naie@lieferando.de failed while trying to log in 
2012-06-18T11:24:20-03:00 DEBUG (7): ydadmin-ThinkPad-X220-Tablet serving janamesa.com.br.testing no post 
2012-06-18T11:24:20-03:00 DEBUG (7): ydadmin-ThinkPad-X220-Tablet serving janamesa.com.br.testing PIWIK: tracking goal registerpage with revenue 0 
2012-06-18T11:24:20-03:00 DEBUG (7): ydadmin-ThinkPad-X220-Tablet serving janamesa.com.br.testing SMARTY: rendering template user/register.htm 
2012-06-18T11:24:29-03:00 DEBUG (7): ydadmin-ThinkPad-X220-Tablet serving janamesa.com.br.testing no post 
2012-06-18T11:24:29-03:00 DEBUG (7): ydadmin-ThinkPad-X220-Tablet serving janamesa.com.br.testing PIWIK: tracking goal registerpage with revenue 0 
2012-06-18T11:24:29-03:00 DEBUG (7): ydadmin-ThinkPad-X220-Tablet serving janamesa.com.br.testing SMARTY: rendering template user/register.htm 
2012-06-18T11:24:41-03:00 DEBUG (7): ydadmin-ThinkPad-X220-Tablet serving janamesa.com.br.testing no post 
2012-06-18T11:24:41-03:00 DEBUG (7): ydadmin-ThinkPad-X220-Tablet serving janamesa.com.br.testing PIWIK: tracking goal registerpage with revenue 0 
2012-06-18T11:24:41-03:00 DEBUG (7): ydadmin-ThinkPad-X220-Tablet serving janamesa.com.br.testing SMARTY: rendering template user/register.htm 
2012-06-18T11:25:24-03:00 DEBUG (7): ydadmin-ThinkPad-X220-Tablet serving janamesa.com.br.testing no post 
2012-06-18T11:25:24-03:00 DEBUG (7): ydadmin-ThinkPad-X220-Tablet serving janamesa.com.br.testing PIWIK: tracking goal registerpage with revenue 0 
2012-06-18T11:25:24-03:00 DEBUG (7): ydadmin-ThinkPad-X220-Tablet serving janamesa.com.br.testing SMARTY: rendering template user/register.htm 
2012-06-18T12:07:48-03:00 DEBUG (7): ydadmin-ThinkPad-X220-Tablet serving janamesa.com.br.testing SMARTY: did not find template request/order/serviceinfo.htm in janamesa.com.br layout, switching successfully back to default 
2012-06-18T12:07:48-03:00 DEBUG (7): ydadmin-ThinkPad-X220-Tablet serving janamesa.com.br.testing SMARTY: rendering template request/order/serviceinfo.htm 
2012-06-18T12:07:48-03:00 DEBUG (7): ydadmin-ThinkPad-X220-Tablet serving janamesa.com.br.testing SMARTY: caching /home/ydadmin/htdocs/lieferando/application/../public/cache/html/www.yourdelivery.local/request_order/serviceinfo/id/77.html 
2012-06-18T12:07:52-03:00 DEBUG (7): ydadmin-ThinkPad-X220-Tablet serving janamesa.com.br.testing SMARTY: did not find template request/order/serviceinfo.htm in janamesa.com.br layout, switching successfully back to default 
2012-06-18T12:07:52-03:00 DEBUG (7): ydadmin-ThinkPad-X220-Tablet serving janamesa.com.br.testing SMARTY: rendering template request/order/serviceinfo.htm 
2012-06-18T12:07:52-03:00 DEBUG (7): ydadmin-ThinkPad-X220-Tablet serving janamesa.com.br.testing SMARTY: caching /home/ydadmin/htdocs/lieferando/application/../public/cache/html/www.yourdelivery.local/request_order/serviceinfo/id/248.html 
2012-06-18T12:07:55-03:00 DEBUG (7): ydadmin-ThinkPad-X220-Tablet serving janamesa.com.br.testing SMARTY: did not find template request/order/serviceinfo.htm in janamesa.com.br layout, switching successfully back to default 
2012-06-18T12:07:55-03:00 DEBUG (7): ydadmin-ThinkPad-X220-Tablet serving janamesa.com.br.testing SMARTY: rendering template request/order/serviceinfo.htm 
2012-06-18T12:07:55-03:00 DEBUG (7): ydadmin-ThinkPad-X220-Tablet serving janamesa.com.br.testing SMARTY: caching /home/ydadmin/htdocs/lieferando/application/../public/cache/html/www.yourdelivery.local/request_order/serviceinfo/id/104.html 
2012-06-18T12:13:03-03:00 INFO (6): ydadmin-ThinkPad-X220-Tablet serving janamesa.com.br.testing found 13 online and 2 offline services in #2472 
2012-06-18T12:13:03-03:00 DEBUG (7): ydadmin-ThinkPad-X220-Tablet serving janamesa.com.br.testing SMARTY: rendering template order/basis/service.htm 
2012-06-18T12:13:04-03:00 DEBUG (7): ydadmin-ThinkPad-X220-Tablet serving janamesa.com.br.testing SMARTY: caching /home/ydadmin/htdocs/lieferando/application/../public/cache/html/www.yourdelivery.local/servico-de-entrega-sao-paulo-01306-030.html 
2012-06-18T12:13:06-03:00 INFO (6): ydadmin-ThinkPad-X220-Tablet serving janamesa.com.br.testing found 17 online and 3 offline services in #32020 
2012-06-18T12:13:06-03:00 DEBUG (7): ydadmin-ThinkPad-X220-Tablet serving janamesa.com.br.testing SMARTY: rendering template order/basis/service.htm 
2012-06-18T12:13:06-03:00 DEBUG (7): ydadmin-ThinkPad-X220-Tablet serving janamesa.com.br.testing SMARTY: did not find template request/cityverbose/autocomplete/cep.htm in janamesa.com.br layout, switching successfully back to default 
2012-06-18T12:13:06-03:00 DEBUG (7): ydadmin-ThinkPad-X220-Tablet serving janamesa.com.br.testing SMARTY: rendering template request/cityverbose/autocomplete/cep.htm 
2012-06-18T12:13:07-03:00 DEBUG (7): ydadmin-ThinkPad-X220-Tablet serving janamesa.com.br.testing SMARTY: caching /home/ydadmin/htdocs/lieferando/application/../public/cache/html/www.yourdelivery.local/servico-de-entrega-sao-paulo-01451-001.html 
2012-06-18T12:17:07-03:00 DEBUG (7): ydadmin-ThinkPad-X220-Tablet serving janamesa.com.br.testing SMARTY: did not find template request/order/serviceinfo.htm in janamesa.com.br layout, switching successfully back to default 
2012-06-18T12:17:07-03:00 DEBUG (7): ydadmin-ThinkPad-X220-Tablet serving janamesa.com.br.testing SMARTY: rendering template request/order/serviceinfo.htm 
2012-06-18T12:17:07-03:00 DEBUG (7): ydadmin-ThinkPad-X220-Tablet serving janamesa.com.br.testing SMARTY: caching /home/ydadmin/htdocs/lieferando/application/../public/cache/html/www.yourdelivery.local/request_order/serviceinfo/id/54.html 
2012-06-18T12:26:08-03:00 DEBUG (7): ydadmin-ThinkPad-X220-Tablet serving janamesa.com.br.testing SMARTY: did not find template request/order/serviceinfo.htm in janamesa.com.br layout, switching successfully back to default 
2012-06-18T12:26:08-03:00 DEBUG (7): ydadmin-ThinkPad-X220-Tablet serving janamesa.com.br.testing SMARTY: rendering template request/order/serviceinfo.htm 
2012-06-18T12:26:08-03:00 DEBUG (7): ydadmin-ThinkPad-X220-Tablet serving janamesa.com.br.testing SMARTY: caching /home/ydadmin/htdocs/lieferando/application/../public/cache/html/www.yourdelivery.local/request_order/serviceinfo/id/105.html 
2012-06-18T12:27:24-03:00 DEBUG (7): ydadmin-ThinkPad-X220-Tablet serving janamesa.com.br.testing SMARTY: did not find template request/order/serviceinfo.htm in janamesa.com.br layout, switching successfully back to default 
2012-06-18T12:27:24-03:00 DEBUG (7): ydadmin-ThinkPad-X220-Tablet serving janamesa.com.br.testing SMARTY: rendering template request/order/serviceinfo.htm 
2012-06-18T12:27:24-03:00 DEBUG (7): ydadmin-ThinkPad-X220-Tablet serving janamesa.com.br.testing SMARTY: caching /home/ydadmin/htdocs/lieferando/application/../public/cache/html/www.yourdelivery.local/request_order/serviceinfo/id/73.html 
2012-06-18T13:00:16-03:00 ERR (3): ydadmin-ThinkPad-X220-Tablet serving janamesa.com.br.testing PAGE NOT FOUND: /servico-de-entega-bio-menu #0 log() called at [/home/ydadmin/htdocs/lieferando/library/Yourdelivery/Log.php:68]
#1 __call() called at [/home/ydadmin/htdocs/lieferando/application/controllers/ErrorController.php:187]
#2 err() called at [/home/ydadmin/htdocs/lieferando/application/controllers/ErrorController.php:187]
#3 errorAction() called at [/home/ydadmin/htdocs/lieferando/library/Zend/Controller/Action.php:513]
#4 dispatch() called at [/home/ydadmin/htdocs/lieferando/library/Zend/Controller/Dispatcher/Standard.php:289]
#5 dispatch() called at [/home/ydadmin/htdocs/lieferando/library/Zend/Controller/Front.php:954]
#6 dispatch() called at [/home/ydadmin/htdocs/lieferando/library/Zend/Application/Bootstrap/Bootstrap.php:97]
#7 run() called at [/home/ydadmin/htdocs/lieferando/library/Zend/Application.php:366]
#8 run() called at [/home/ydadmin/htdocs/lieferando/public/index.php:111]

2012-06-18T13:00:16-03:00 DEBUG (7): ydadmin-ThinkPad-X220-Tablet serving janamesa.com.br.testing SMARTY: did not find template error/notfound.htm in janamesa.com.br layout, switching successfully back to default 
2012-06-18T13:00:16-03:00 DEBUG (7): ydadmin-ThinkPad-X220-Tablet serving janamesa.com.br.testing SMARTY: rendering template error/notfound.htm 
2012-06-18T13:45:36-03:00 DEBUG (7): ydadmin-ThinkPad-X220-Tablet serving janamesa.com.br.testing SMARTY: did not find template order/basis/menu.htm in janamesa.com.br layout, switching successfully back to default 
2012-06-18T13:45:36-03:00 DEBUG (7): ydadmin-ThinkPad-X220-Tablet serving janamesa.com.br.testing SMARTY: rendering template order/basis/menu.htm 
2012-06-18T13:45:38-03:00 DEBUG (7): ydadmin-ThinkPad-X220-Tablet serving janamesa.com.br.testing SMARTY: caching /home/ydadmin/htdocs/lieferando/application/../public/cache/html/www.yourdelivery.local/servico-de-entega-bio-menu-sao-paulo.html 
2012-06-18T13:55:03-03:00 DEBUG (7): ydadmin-ThinkPad-X220-Tablet serving janamesa.com.br.testing SMARTY: did not find template order/basis/menu.htm in janamesa.com.br layout, switching successfully back to default 
2012-06-18T13:55:03-03:00 DEBUG (7): ydadmin-ThinkPad-X220-Tablet serving janamesa.com.br.testing SMARTY: rendering template order/basis/menu.htm 
2012-06-18T13:55:05-03:00 DEBUG (7): ydadmin-ThinkPad-X220-Tablet serving janamesa.com.br.testing SMARTY: caching /home/ydadmin/htdocs/lieferando/application/../public/cache/html/www.yourdelivery.local/servico-de-entega-bio-menu-sao-paulo.html 
2012-06-18T13:55:42-03:00 DEBUG (7): ydadmin-ThinkPad-X220-Tablet serving janamesa.com.br.testing SMARTY: did not find template order/basis/menu.htm in janamesa.com.br layout, switching successfully back to default 
2012-06-18T13:55:42-03:00 DEBUG (7): ydadmin-ThinkPad-X220-Tablet serving janamesa.com.br.testing SMARTY: rendering template order/basis/menu.htm 
2012-06-18T13:55:44-03:00 DEBUG (7): ydadmin-ThinkPad-X220-Tablet serving janamesa.com.br.testing SMARTY: caching /home/ydadmin/htdocs/lieferando/application/../public/cache/html/www.yourdelivery.local/servico-de-entega-bio-menu-sao-paulo.html 
2012-06-18T13:56:55-03:00 DEBUG (7): ydadmin-ThinkPad-X220-Tablet serving janamesa.com.br.testing SMARTY: did not find template index/index.htm in janamesa.com.br layout, switching successfully back to default 
2012-06-18T13:56:55-03:00 DEBUG (7): ydadmin-ThinkPad-X220-Tablet serving janamesa.com.br.testing SMARTY: rendering template index/index.htm 
2012-06-18T13:56:55-03:00 DEBUG (7): ydadmin-ThinkPad-X220-Tablet serving janamesa.com.br.testing SMARTY: caching /home/ydadmin/htdocs/lieferando/application/../public/cache/html/www.yourdelivery.local/index.html 
