2012-06-08T04:35:11-03:00 INFO (6): ydadmin-ThinkPad-X220-Tablet serving janamesa.com.br.testing PaymentHelper: OrderNr 20316190, ServiceId 67, CustomerId 1339140911, Nachricht: O pagamento à vista foi aceito 
2012-06-08T04:35:11-03:00 INFO (6): ydadmin-ThinkPad-X220-Tablet serving janamesa.com.br.testing PaymentHelper: OrderNr 20316190, ServiceId 67, CustomerId 1339140911, Nachricht: O pagamento à vista foi aceito 
2012-06-08T04:35:14-03:00 INFO (6): ydadmin-ThinkPad-X220-Tablet serving janamesa.com.br.testing PaymentHelper: OrderNr 18568535, ServiceId 105, CustomerId 1339140914, Nachricht: O pagamento à vista foi aceito 
2012-06-08T04:35:14-03:00 INFO (6): ydadmin-ThinkPad-X220-Tablet serving janamesa.com.br.testing PaymentHelper: OrderNr 18568535, ServiceId 105, CustomerId 1339140914, Nachricht: O pagamento à vista foi aceito 
2012-06-08T04:35:16-03:00 INFO (6): ydadmin-ThinkPad-X220-Tablet serving janamesa.com.br.testing PaymentHelper: OrderNr 58884288, ServiceId 2, CustomerId 1339140916, Nachricht: Pagamento de PayPal recusado, porque o pagamento de PayPal está desativado no sistema 
2012-06-08T04:35:16-03:00 INFO (6): ydadmin-ThinkPad-X220-Tablet serving janamesa.com.br.testing PaymentHelper: OrderNr 58884288, ServiceId 2, CustomerId 1339140916, Nachricht: Pagamento de PayPal recusado, porque o pagamento de PayPal está desativado no sistema 
2012-06-08T04:35:16-03:00 INFO (6): ydadmin-ThinkPad-X220-Tablet serving janamesa.com.br.testing PaymentHelper: OrderNr 58884288, ServiceId 2, CustomerId 1339140916, Nachricht: O pagamento com cartão de crédito foi aceito 
2012-06-08T04:35:16-03:00 INFO (6): ydadmin-ThinkPad-X220-Tablet serving janamesa.com.br.testing PaymentHelper: OrderNr 58884288, ServiceId 2, CustomerId 1339140916, Nachricht: O pagamento com cartão de crédito foi aceito 
2012-06-08T04:35:19-03:00 INFO (6): ydadmin-ThinkPad-X220-Tablet serving janamesa.com.br.testing PaymentHelper: OrderNr 76302505, ServiceId 72, CustomerId 1339140919, Nachricht: Pagamento de PayPal recusado, porque o pagamento de PayPal está desativado no sistema 
2012-06-08T04:35:19-03:00 INFO (6): ydadmin-ThinkPad-X220-Tablet serving janamesa.com.br.testing PaymentHelper: OrderNr 76302505, ServiceId 72, CustomerId 1339140919, Nachricht: Pagamento de PayPal recusado, porque o pagamento de PayPal está desativado no sistema 
2012-06-08T04:35:19-03:00 INFO (6): ydadmin-ThinkPad-X220-Tablet serving janamesa.com.br.testing PaymentHelper: OrderNr 76302505, ServiceId 72, CustomerId 1339140919, Nachricht: O pagamento com cartão de crédito foi aceito 
2012-06-08T04:35:19-03:00 INFO (6): ydadmin-ThinkPad-X220-Tablet serving janamesa.com.br.testing PaymentHelper: OrderNr 76302505, ServiceId 72, CustomerId 1339140919, Nachricht: O pagamento com cartão de crédito foi aceito 
2012-06-08T04:35:22-03:00 INFO (6): ydadmin-ThinkPad-X220-Tablet serving janamesa.com.br.testing PaymentHelper: OrderNr 20528511, ServiceId 43, CustomerId 1339140922, Nachricht: Pagamento de PayPal recusado, porque o pagamento de PayPal está desativado no sistema 
2012-06-08T04:35:22-03:00 INFO (6): ydadmin-ThinkPad-X220-Tablet serving janamesa.com.br.testing PaymentHelper: OrderNr 20528511, ServiceId 43, CustomerId 1339140922, Nachricht: Pagamento de PayPal recusado, porque o pagamento de PayPal está desativado no sistema 
2012-06-08T04:35:22-03:00 INFO (6): ydadmin-ThinkPad-X220-Tablet serving janamesa.com.br.testing PaymentHelper: OrderNr 20528511, ServiceId 43, CustomerId 1339140922, Nachricht: O pagamento com cartão de crédito foi aceito 
2012-06-08T04:35:22-03:00 INFO (6): ydadmin-ThinkPad-X220-Tablet serving janamesa.com.br.testing PaymentHelper: OrderNr 20528511, ServiceId 43, CustomerId 1339140922, Nachricht: O pagamento com cartão de crédito foi aceito 
2012-06-08T04:35:24-03:00 INFO (6): ydadmin-ThinkPad-X220-Tablet serving janamesa.com.br.testing PaymentHelper: OrderNr 43719340, ServiceId 297, CustomerId 1339140924, Nachricht: O pagamento à vista foi aceito 
2012-06-08T04:35:24-03:00 INFO (6): ydadmin-ThinkPad-X220-Tablet serving janamesa.com.br.testing PaymentHelper: OrderNr 43719340, ServiceId 297, CustomerId 1339140924, Nachricht: O pagamento à vista foi aceito 
2012-06-08T04:35:27-03:00 INFO (6): ydadmin-ThinkPad-X220-Tablet serving janamesa.com.br.testing PaymentHelper: OrderNr 17952947, ServiceId 90, CustomerId 1339140927, Nachricht: O pagamento à vista foi aceito 
2012-06-08T04:35:27-03:00 INFO (6): ydadmin-ThinkPad-X220-Tablet serving janamesa.com.br.testing PaymentHelper: OrderNr 17952947, ServiceId 90, CustomerId 1339140927, Nachricht: O pagamento à vista foi aceito 
2012-06-08T04:35:29-03:00 INFO (6): ydadmin-ThinkPad-X220-Tablet serving janamesa.com.br.testing PaymentHelper: OrderNr 79086496, ServiceId 143, CustomerId 1339140929, Nachricht: O pagamento à vista foi aceito 
2012-06-08T04:35:29-03:00 INFO (6): ydadmin-ThinkPad-X220-Tablet serving janamesa.com.br.testing PaymentHelper: OrderNr 79086496, ServiceId 143, CustomerId 1339140929, Nachricht: O pagamento à vista foi aceito 
2012-06-08T04:35:32-03:00 INFO (6): ydadmin-ThinkPad-X220-Tablet serving janamesa.com.br.testing PaymentHelper: OrderNr 01243658, ServiceId 81, CustomerId 1339140932, Nachricht: Pagamento de PayPal recusado, porque o pagamento de PayPal está desativado no sistema 
2012-06-08T04:35:32-03:00 INFO (6): ydadmin-ThinkPad-X220-Tablet serving janamesa.com.br.testing PaymentHelper: OrderNr 01243658, ServiceId 81, CustomerId 1339140932, Nachricht: Pagamento de PayPal recusado, porque o pagamento de PayPal está desativado no sistema 
2012-06-08T04:35:32-03:00 INFO (6): ydadmin-ThinkPad-X220-Tablet serving janamesa.com.br.testing PaymentHelper: OrderNr 01243658, ServiceId 81, CustomerId 1339140932, Nachricht: O pagamento com cartão de crédito foi aceito 
2012-06-08T04:35:32-03:00 INFO (6): ydadmin-ThinkPad-X220-Tablet serving janamesa.com.br.testing PaymentHelper: OrderNr 01243658, ServiceId 81, CustomerId 1339140932, Nachricht: O pagamento com cartão de crédito foi aceito 
2012-06-08T04:35:35-03:00 INFO (6): ydadmin-ThinkPad-X220-Tablet serving janamesa.com.br.testing PaymentHelper: OrderNr 98648351, ServiceId 109, CustomerId 1339140935, Nachricht: O pagamento à vista foi aceito 
2012-06-08T04:35:35-03:00 INFO (6): ydadmin-ThinkPad-X220-Tablet serving janamesa.com.br.testing PaymentHelper: OrderNr 98648351, ServiceId 109, CustomerId 1339140935, Nachricht: O pagamento à vista foi aceito 
2012-06-08T04:35:37-03:00 INFO (6): ydadmin-ThinkPad-X220-Tablet serving janamesa.com.br.testing PaymentHelper: OrderNr 81743088, ServiceId 101, CustomerId 1339140937, Nachricht: Pagamento de PayPal recusado, porque o pagamento de PayPal está desativado no sistema 
2012-06-08T04:35:37-03:00 INFO (6): ydadmin-ThinkPad-X220-Tablet serving janamesa.com.br.testing PaymentHelper: OrderNr 81743088, ServiceId 101, CustomerId 1339140937, Nachricht: Pagamento de PayPal recusado, porque o pagamento de PayPal está desativado no sistema 
2012-06-08T04:35:37-03:00 INFO (6): ydadmin-ThinkPad-X220-Tablet serving janamesa.com.br.testing PaymentHelper: OrderNr 81743088, ServiceId 101, CustomerId 1339140937, Nachricht: O pagamento com cartão de crédito foi aceito 
2012-06-08T04:35:37-03:00 INFO (6): ydadmin-ThinkPad-X220-Tablet serving janamesa.com.br.testing PaymentHelper: OrderNr 81743088, ServiceId 101, CustomerId 1339140937, Nachricht: O pagamento com cartão de crédito foi aceito 
2012-06-08T04:35:39-03:00 INFO (6): ydadmin-ThinkPad-X220-Tablet serving janamesa.com.br.testing PaymentHelper: OrderNr 89937259, ServiceId 105, CustomerId 1339140939, Nachricht: O pagamento à vista foi aceito 
2012-06-08T04:35:39-03:00 INFO (6): ydadmin-ThinkPad-X220-Tablet serving janamesa.com.br.testing PaymentHelper: OrderNr 89937259, ServiceId 105, CustomerId 1339140939, Nachricht: O pagamento à vista foi aceito 
2012-06-08T04:35:42-03:00 INFO (6): ydadmin-ThinkPad-X220-Tablet serving janamesa.com.br.testing PaymentHelper: OrderNr 03517778, ServiceId 118, CustomerId 1339140942, Nachricht: O pagamento à vista foi aceito 
2012-06-08T04:35:42-03:00 INFO (6): ydadmin-ThinkPad-X220-Tablet serving janamesa.com.br.testing PaymentHelper: OrderNr 03517778, ServiceId 118, CustomerId 1339140942, Nachricht: O pagamento à vista foi aceito 
2012-06-08T04:35:45-03:00 INFO (6): ydadmin-ThinkPad-X220-Tablet serving janamesa.com.br.testing PaymentHelper: OrderNr 35941167, ServiceId 8, CustomerId 1339140945, Nachricht: O pagamento à vista foi aceito 
2012-06-08T04:35:45-03:00 INFO (6): ydadmin-ThinkPad-X220-Tablet serving janamesa.com.br.testing PaymentHelper: OrderNr 35941167, ServiceId 8, CustomerId 1339140945, Nachricht: O pagamento à vista foi aceito 
2012-06-08T04:35:50-03:00 INFO (6): ydadmin-ThinkPad-X220-Tablet serving janamesa.com.br.testing PaymentHelper: OrderNr 63248944, ServiceId 117, CustomerId 1339140950, Nachricht: O pagamento à vista foi aceito 
2012-06-08T04:35:50-03:00 INFO (6): ydadmin-ThinkPad-X220-Tablet serving janamesa.com.br.testing PaymentHelper: OrderNr 63248944, ServiceId 117, CustomerId 1339140950, Nachricht: O pagamento à vista foi aceito 
2012-06-08T04:35:53-03:00 INFO (6): ydadmin-ThinkPad-X220-Tablet serving janamesa.com.br.testing PaymentHelper: OrderNr 36214238, ServiceId 118, CustomerId 1339140953, Nachricht: O pagamento à vista foi aceito 
2012-06-08T04:35:53-03:00 INFO (6): ydadmin-ThinkPad-X220-Tablet serving janamesa.com.br.testing PaymentHelper: OrderNr 36214238, ServiceId 118, CustomerId 1339140953, Nachricht: O pagamento à vista foi aceito 
2012-06-08T04:35:56-03:00 INFO (6): ydadmin-ThinkPad-X220-Tablet serving janamesa.com.br.testing PaymentHelper: OrderNr 31609396, ServiceId 15, CustomerId 1339140956, Nachricht: O pagamento à vista foi aceito 
2012-06-08T04:35:56-03:00 INFO (6): ydadmin-ThinkPad-X220-Tablet serving janamesa.com.br.testing PaymentHelper: OrderNr 31609396, ServiceId 15, CustomerId 1339140956, Nachricht: O pagamento à vista foi aceito 
2012-06-08T04:35:58-03:00 INFO (6): ydadmin-ThinkPad-X220-Tablet serving janamesa.com.br.testing PaymentHelper: OrderNr 10646313, ServiceId 23, CustomerId 1339140958, Nachricht: O pagamento com o cartão de crédito foi aceito, porque o uso de Voucher e o valor do pedido (não o valor aberto) de 131,50 o limite de 7,00  
2012-06-08T04:35:58-03:00 INFO (6): ydadmin-ThinkPad-X220-Tablet serving janamesa.com.br.testing PaymentHelper: OrderNr 10646313, ServiceId 23, CustomerId 1339140958, Nachricht: O pagamento com o cartão de crédito foi aceito, porque o uso de Voucher e o valor do pedido (não o valor aberto) de 131,50 o limite de 7,00  
2012-06-08T04:36:01-03:00 INFO (6): ydadmin-ThinkPad-X220-Tablet serving janamesa.com.br.testing PaymentHelper: OrderNr 41728905, ServiceId 94, CustomerId 1339140961, Nachricht: Pagamento de PayPal recusado, porque o pagamento de PayPal está desativado no sistema 
2012-06-08T04:36:01-03:00 INFO (6): ydadmin-ThinkPad-X220-Tablet serving janamesa.com.br.testing PaymentHelper: OrderNr 41728905, ServiceId 94, CustomerId 1339140961, Nachricht: Pagamento de PayPal recusado, porque o pagamento de PayPal está desativado no sistema 
2012-06-08T04:36:01-03:00 INFO (6): ydadmin-ThinkPad-X220-Tablet serving janamesa.com.br.testing PaymentHelper: OrderNr 41728905, ServiceId 94, CustomerId 1339140961, Nachricht: O pagamento com o cartão de crédito foi aceito, porque o uso de Voucher e o valor do pedido (não o valor aberto) de 49,50 o limite de 7,00  
2012-06-08T04:36:01-03:00 INFO (6): ydadmin-ThinkPad-X220-Tablet serving janamesa.com.br.testing PaymentHelper: OrderNr 41728905, ServiceId 94, CustomerId 1339140961, Nachricht: O pagamento com o cartão de crédito foi aceito, porque o uso de Voucher e o valor do pedido (não o valor aberto) de 49,50 o limite de 7,00  
2012-06-08T04:36:50-03:00 INFO (6): ydadmin-ThinkPad-X220-Tablet serving janamesa.com.br.testing PaymentHelper: OrderNr 12424899, ServiceId 114, CustomerId 1339141010, Nachricht: O pagamento à vista foi aceito 
2012-06-08T04:36:50-03:00 INFO (6): ydadmin-ThinkPad-X220-Tablet serving janamesa.com.br.testing PaymentHelper: OrderNr 12424899, ServiceId 114, CustomerId 1339141010, Nachricht: O pagamento à vista foi aceito 
2012-06-08T04:36:53-03:00 INFO (6): ydadmin-ThinkPad-X220-Tablet serving janamesa.com.br.testing PaymentHelper: OrderNr 33915067, ServiceId 232, CustomerId 1339141012, Nachricht: O pagamento à vista foi aceito 
2012-06-08T04:36:53-03:00 INFO (6): ydadmin-ThinkPad-X220-Tablet serving janamesa.com.br.testing PaymentHelper: OrderNr 33915067, ServiceId 232, CustomerId 1339141012, Nachricht: O pagamento à vista foi aceito 
2012-06-08T04:36:55-03:00 INFO (6): ydadmin-ThinkPad-X220-Tablet serving janamesa.com.br.testing PaymentHelper: OrderNr 24753123, ServiceId 15, CustomerId 1339141015, Nachricht: Pagamento de PayPal recusado, porque o pagamento de PayPal está desativado no sistema 
2012-06-08T04:36:55-03:00 INFO (6): ydadmin-ThinkPad-X220-Tablet serving janamesa.com.br.testing PaymentHelper: OrderNr 24753123, ServiceId 15, CustomerId 1339141015, Nachricht: Pagamento de PayPal recusado, porque o pagamento de PayPal está desativado no sistema 
2012-06-08T04:36:55-03:00 INFO (6): ydadmin-ThinkPad-X220-Tablet serving janamesa.com.br.testing PaymentHelper: OrderNr 24753123, ServiceId 15, CustomerId 1339141015, Nachricht: O pagamento com cartão de crédito foi aceito 
2012-06-08T04:36:55-03:00 INFO (6): ydadmin-ThinkPad-X220-Tablet serving janamesa.com.br.testing PaymentHelper: OrderNr 24753123, ServiceId 15, CustomerId 1339141015, Nachricht: O pagamento com cartão de crédito foi aceito 
2012-06-08T04:36:58-03:00 INFO (6): ydadmin-ThinkPad-X220-Tablet serving janamesa.com.br.testing PaymentHelper: OrderNr 83646090, ServiceId 75, CustomerId 1339141018, Nachricht: Pagamento de PayPal recusado, porque o pagamento de PayPal está desativado no sistema 
2012-06-08T04:36:58-03:00 INFO (6): ydadmin-ThinkPad-X220-Tablet serving janamesa.com.br.testing PaymentHelper: OrderNr 83646090, ServiceId 75, CustomerId 1339141018, Nachricht: Pagamento de PayPal recusado, porque o pagamento de PayPal está desativado no sistema 
2012-06-08T04:36:58-03:00 INFO (6): ydadmin-ThinkPad-X220-Tablet serving janamesa.com.br.testing PaymentHelper: OrderNr 83646090, ServiceId 75, CustomerId 1339141018, Nachricht: O pagamento com cartão de crédito foi aceito 
2012-06-08T04:36:58-03:00 INFO (6): ydadmin-ThinkPad-X220-Tablet serving janamesa.com.br.testing PaymentHelper: OrderNr 83646090, ServiceId 75, CustomerId 1339141018, Nachricht: O pagamento com cartão de crédito foi aceito 
2012-06-08T04:37:00-03:00 INFO (6): ydadmin-ThinkPad-X220-Tablet serving janamesa.com.br.testing PaymentHelper: OrderNr 96472281, ServiceId 101, CustomerId 1339141020, Nachricht: Pagamento de PayPal recusado, porque o pagamento de PayPal está desativado no sistema 
2012-06-08T04:37:00-03:00 INFO (6): ydadmin-ThinkPad-X220-Tablet serving janamesa.com.br.testing PaymentHelper: OrderNr 96472281, ServiceId 101, CustomerId 1339141020, Nachricht: Pagamento de PayPal recusado, porque o pagamento de PayPal está desativado no sistema 
2012-06-08T04:37:01-03:00 INFO (6): ydadmin-ThinkPad-X220-Tablet serving janamesa.com.br.testing PaymentHelper: OrderNr 96472281, ServiceId 101, CustomerId 1339141020, Nachricht: O pagamento com cartão de crédito foi aceito 
2012-06-08T04:37:01-03:00 INFO (6): ydadmin-ThinkPad-X220-Tablet serving janamesa.com.br.testing PaymentHelper: OrderNr 96472281, ServiceId 101, CustomerId 1339141020, Nachricht: O pagamento com cartão de crédito foi aceito 
2012-06-08T04:37:03-03:00 INFO (6): ydadmin-ThinkPad-X220-Tablet serving janamesa.com.br.testing PaymentHelper: OrderNr 80955070, ServiceId 40, CustomerId 1339141023, Nachricht: O pagamento à vista foi aceito 
2012-06-08T04:37:03-03:00 INFO (6): ydadmin-ThinkPad-X220-Tablet serving janamesa.com.br.testing PaymentHelper: OrderNr 80955070, ServiceId 40, CustomerId 1339141023, Nachricht: O pagamento à vista foi aceito 
2012-06-08T04:37:06-03:00 INFO (6): ydadmin-ThinkPad-X220-Tablet serving janamesa.com.br.testing PaymentHelper: OrderNr 49232933, ServiceId 196, CustomerId 1339141026, Nachricht: O pagamento à vista foi aceito 
2012-06-08T04:37:06-03:00 INFO (6): ydadmin-ThinkPad-X220-Tablet serving janamesa.com.br.testing PaymentHelper: OrderNr 49232933, ServiceId 196, CustomerId 1339141026, Nachricht: O pagamento à vista foi aceito 
2012-06-08T04:37:09-03:00 INFO (6): ydadmin-ThinkPad-X220-Tablet serving janamesa.com.br.testing PaymentHelper: OrderNr 87774585, ServiceId 82, CustomerId 1339141029, Nachricht: O pagamento à vista foi aceito 
2012-06-08T04:37:09-03:00 INFO (6): ydadmin-ThinkPad-X220-Tablet serving janamesa.com.br.testing PaymentHelper: OrderNr 87774585, ServiceId 82, CustomerId 1339141029, Nachricht: O pagamento à vista foi aceito 
2012-06-08T04:37:11-03:00 INFO (6): ydadmin-ThinkPad-X220-Tablet serving janamesa.com.br.testing PaymentHelper: OrderNr 30499807, ServiceId 23, CustomerId 1339141031, Nachricht: Pagamento de PayPal recusado, porque o pagamento de PayPal está desativado no sistema 
2012-06-08T04:37:11-03:00 INFO (6): ydadmin-ThinkPad-X220-Tablet serving janamesa.com.br.testing PaymentHelper: OrderNr 30499807, ServiceId 23, CustomerId 1339141031, Nachricht: Pagamento de PayPal recusado, porque o pagamento de PayPal está desativado no sistema 
2012-06-08T04:37:11-03:00 INFO (6): ydadmin-ThinkPad-X220-Tablet serving janamesa.com.br.testing PaymentHelper: OrderNr 30499807, ServiceId 23, CustomerId 1339141031, Nachricht: O pagamento com cartão de crédito foi aceito 
2012-06-08T04:37:11-03:00 INFO (6): ydadmin-ThinkPad-X220-Tablet serving janamesa.com.br.testing PaymentHelper: OrderNr 30499807, ServiceId 23, CustomerId 1339141031, Nachricht: O pagamento com cartão de crédito foi aceito 
2012-06-08T04:37:13-03:00 INFO (6): ydadmin-ThinkPad-X220-Tablet serving janamesa.com.br.testing PaymentHelper: OrderNr 72769020, ServiceId 80, CustomerId 1339141033, Nachricht: O pagamento à vista foi aceito 
2012-06-08T04:37:13-03:00 INFO (6): ydadmin-ThinkPad-X220-Tablet serving janamesa.com.br.testing PaymentHelper: OrderNr 72769020, ServiceId 80, CustomerId 1339141033, Nachricht: O pagamento à vista foi aceito 
2012-06-08T04:37:16-03:00 INFO (6): ydadmin-ThinkPad-X220-Tablet serving janamesa.com.br.testing PaymentHelper: OrderNr 90851682, ServiceId 71, CustomerId 1339141036, Nachricht: Pagamento de PayPal recusado, porque o pagamento de PayPal está desativado no sistema 
2012-06-08T04:37:16-03:00 INFO (6): ydadmin-ThinkPad-X220-Tablet serving janamesa.com.br.testing PaymentHelper: OrderNr 90851682, ServiceId 71, CustomerId 1339141036, Nachricht: Pagamento de PayPal recusado, porque o pagamento de PayPal está desativado no sistema 
2012-06-08T04:37:16-03:00 INFO (6): ydadmin-ThinkPad-X220-Tablet serving janamesa.com.br.testing PaymentHelper: OrderNr 90851682, ServiceId 71, CustomerId 1339141036, Nachricht: O pagamento com cartão de crédito foi aceito 
2012-06-08T04:37:16-03:00 INFO (6): ydadmin-ThinkPad-X220-Tablet serving janamesa.com.br.testing PaymentHelper: OrderNr 90851682, ServiceId 71, CustomerId 1339141036, Nachricht: O pagamento com cartão de crédito foi aceito 
2012-06-08T04:37:19-03:00 INFO (6): ydadmin-ThinkPad-X220-Tablet serving janamesa.com.br.testing PaymentHelper: OrderNr 93738521, ServiceId 90, CustomerId 1339141038, Nachricht: O pagamento à vista foi aceito 
2012-06-08T04:37:19-03:00 INFO (6): ydadmin-ThinkPad-X220-Tablet serving janamesa.com.br.testing PaymentHelper: OrderNr 93738521, ServiceId 90, CustomerId 1339141038, Nachricht: O pagamento à vista foi aceito 
2012-06-08T04:37:22-03:00 INFO (6): ydadmin-ThinkPad-X220-Tablet serving janamesa.com.br.testing PaymentHelper: OrderNr 37648721, ServiceId 101, CustomerId 1339141042, Nachricht: O pagamento à vista foi aceito 
2012-06-08T04:37:22-03:00 INFO (6): ydadmin-ThinkPad-X220-Tablet serving janamesa.com.br.testing PaymentHelper: OrderNr 37648721, ServiceId 101, CustomerId 1339141042, Nachricht: O pagamento à vista foi aceito 
2012-06-08T04:37:25-03:00 INFO (6): ydadmin-ThinkPad-X220-Tablet serving janamesa.com.br.testing PaymentHelper: OrderNr 28452170, ServiceId 168, CustomerId 1339141045, Nachricht: O pagamento à vista foi aceito 
2012-06-08T04:37:25-03:00 INFO (6): ydadmin-ThinkPad-X220-Tablet serving janamesa.com.br.testing PaymentHelper: OrderNr 28452170, ServiceId 168, CustomerId 1339141045, Nachricht: O pagamento à vista foi aceito 
2012-06-08T04:37:28-03:00 INFO (6): ydadmin-ThinkPad-X220-Tablet serving janamesa.com.br.testing PaymentHelper: OrderNr 81150765, ServiceId 127, CustomerId 1339141048, Nachricht: O pagamento à vista foi aceito 
2012-06-08T04:37:28-03:00 INFO (6): ydadmin-ThinkPad-X220-Tablet serving janamesa.com.br.testing PaymentHelper: OrderNr 81150765, ServiceId 127, CustomerId 1339141048, Nachricht: O pagamento à vista foi aceito 
2012-06-08T04:37:31-03:00 INFO (6): ydadmin-ThinkPad-X220-Tablet serving janamesa.com.br.testing PaymentHelper: OrderNr 56564790, ServiceId 71, CustomerId 1339141051, Nachricht: O pagamento à vista foi aceito 
2012-06-08T04:37:31-03:00 INFO (6): ydadmin-ThinkPad-X220-Tablet serving janamesa.com.br.testing PaymentHelper: OrderNr 56564790, ServiceId 71, CustomerId 1339141051, Nachricht: O pagamento à vista foi aceito 
2012-06-08T04:37:34-03:00 INFO (6): ydadmin-ThinkPad-X220-Tablet serving janamesa.com.br.testing PaymentHelper: OrderNr 94938488, ServiceId 134, CustomerId 1339141054, Nachricht: O pagamento à vista foi aceito 
2012-06-08T04:37:34-03:00 INFO (6): ydadmin-ThinkPad-X220-Tablet serving janamesa.com.br.testing PaymentHelper: OrderNr 94938488, ServiceId 134, CustomerId 1339141054, Nachricht: O pagamento à vista foi aceito 
2012-06-08T04:37:37-03:00 INFO (6): ydadmin-ThinkPad-X220-Tablet serving janamesa.com.br.testing PaymentHelper: OrderNr 08293540, ServiceId 72, CustomerId 1339141057, Nachricht: O pagamento com o cartão de crédito foi aceito, porque o uso de Voucher e o valor do pedido (não o valor aberto) de 160,80 o limite de 7,00  
2012-06-08T04:37:37-03:00 INFO (6): ydadmin-ThinkPad-X220-Tablet serving janamesa.com.br.testing PaymentHelper: OrderNr 08293540, ServiceId 72, CustomerId 1339141057, Nachricht: O pagamento com o cartão de crédito foi aceito, porque o uso de Voucher e o valor do pedido (não o valor aberto) de 160,80 o limite de 7,00  
2012-06-08T04:37:40-03:00 INFO (6): ydadmin-ThinkPad-X220-Tablet serving janamesa.com.br.testing PaymentHelper: OrderNr 64350143, ServiceId 134, CustomerId 1339141060, Nachricht: Pagamento de PayPal recusado, porque o pagamento de PayPal está desativado no sistema 
2012-06-08T04:37:40-03:00 INFO (6): ydadmin-ThinkPad-X220-Tablet serving janamesa.com.br.testing PaymentHelper: OrderNr 64350143, ServiceId 134, CustomerId 1339141060, Nachricht: Pagamento de PayPal recusado, porque o pagamento de PayPal está desativado no sistema 
2012-06-08T04:37:40-03:00 INFO (6): ydadmin-ThinkPad-X220-Tablet serving janamesa.com.br.testing PaymentHelper: OrderNr 64350143, ServiceId 134, CustomerId 1339141060, Nachricht: O pagamento com o cartão de crédito foi aceito, porque o uso de Voucher e o valor do pedido (não o valor aberto) de 47,30 o limite de 7,00  
2012-06-08T04:37:40-03:00 INFO (6): ydadmin-ThinkPad-X220-Tablet serving janamesa.com.br.testing PaymentHelper: OrderNr 64350143, ServiceId 134, CustomerId 1339141060, Nachricht: O pagamento com o cartão de crédito foi aceito, porque o uso de Voucher e o valor do pedido (não o valor aberto) de 47,30 o limite de 7,00  
2012-06-08T04:37:43-03:00 INFO (6): ydadmin-ThinkPad-X220-Tablet serving janamesa.com.br.testing PaymentHelper: OrderNr 02289725, ServiceId 135, CustomerId 1339141063, Nachricht: O pagamento com o cartão de crédito foi aceito, porque o uso de Voucher e o valor do pedido (não o valor aberto) de 151,00 o limite de 7,00  
2012-06-08T04:37:43-03:00 INFO (6): ydadmin-ThinkPad-X220-Tablet serving janamesa.com.br.testing PaymentHelper: OrderNr 02289725, ServiceId 135, CustomerId 1339141063, Nachricht: O pagamento com o cartão de crédito foi aceito, porque o uso de Voucher e o valor do pedido (não o valor aberto) de 151,00 o limite de 7,00  
2012-06-08T04:56:03-03:00 INFO (6): ydadmin-ThinkPad-X220-Tablet serving janamesa.com.br.testing PaymentHelper: OrderNr 57134309, ServiceId 205, CustomerId 1339142163, Nachricht: O pagamento à vista foi aceito 
2012-06-08T04:56:03-03:00 INFO (6): ydadmin-ThinkPad-X220-Tablet serving janamesa.com.br.testing PaymentHelper: OrderNr 57134309, ServiceId 205, CustomerId 1339142163, Nachricht: O pagamento à vista foi aceito 
2012-06-08T04:56:07-03:00 INFO (6): ydadmin-ThinkPad-X220-Tablet serving janamesa.com.br.testing PaymentHelper: OrderNr 80898170, ServiceId 105, CustomerId 1339142167, Nachricht: O pagamento à vista foi aceito 
2012-06-08T04:56:07-03:00 INFO (6): ydadmin-ThinkPad-X220-Tablet serving janamesa.com.br.testing PaymentHelper: OrderNr 80898170, ServiceId 105, CustomerId 1339142167, Nachricht: O pagamento à vista foi aceito 
2012-06-08T04:56:10-03:00 INFO (6): ydadmin-ThinkPad-X220-Tablet serving janamesa.com.br.testing PaymentHelper: OrderNr 72642391, ServiceId 75, CustomerId 1339142170, Nachricht: Pagamento de PayPal recusado, porque o pagamento de PayPal está desativado no sistema 
2012-06-08T04:56:10-03:00 INFO (6): ydadmin-ThinkPad-X220-Tablet serving janamesa.com.br.testing PaymentHelper: OrderNr 72642391, ServiceId 75, CustomerId 1339142170, Nachricht: Pagamento de PayPal recusado, porque o pagamento de PayPal está desativado no sistema 
2012-06-08T04:56:10-03:00 INFO (6): ydadmin-ThinkPad-X220-Tablet serving janamesa.com.br.testing PaymentHelper: OrderNr 72642391, ServiceId 75, CustomerId 1339142170, Nachricht: O pagamento com cartão de crédito foi aceito 
2012-06-08T04:56:10-03:00 INFO (6): ydadmin-ThinkPad-X220-Tablet serving janamesa.com.br.testing PaymentHelper: OrderNr 72642391, ServiceId 75, CustomerId 1339142170, Nachricht: O pagamento com cartão de crédito foi aceito 
2012-06-08T04:56:13-03:00 INFO (6): ydadmin-ThinkPad-X220-Tablet serving janamesa.com.br.testing PaymentHelper: OrderNr 97942509, ServiceId 8, CustomerId 1339142173, Nachricht: Pagamento de PayPal recusado, porque o pagamento de PayPal está desativado no sistema 
2012-06-08T04:56:13-03:00 INFO (6): ydadmin-ThinkPad-X220-Tablet serving janamesa.com.br.testing PaymentHelper: OrderNr 97942509, ServiceId 8, CustomerId 1339142173, Nachricht: Pagamento de PayPal recusado, porque o pagamento de PayPal está desativado no sistema 
2012-06-08T04:56:13-03:00 INFO (6): ydadmin-ThinkPad-X220-Tablet serving janamesa.com.br.testing PaymentHelper: OrderNr 97942509, ServiceId 8, CustomerId 1339142173, Nachricht: O pagamento com cartão de crédito foi aceito 
2012-06-08T04:56:13-03:00 INFO (6): ydadmin-ThinkPad-X220-Tablet serving janamesa.com.br.testing PaymentHelper: OrderNr 97942509, ServiceId 8, CustomerId 1339142173, Nachricht: O pagamento com cartão de crédito foi aceito 
2012-06-08T04:56:16-03:00 INFO (6): ydadmin-ThinkPad-X220-Tablet serving janamesa.com.br.testing PaymentHelper: OrderNr 66556682, ServiceId 288, CustomerId 1339142176, Nachricht: Pagamento de PayPal recusado, porque o pagamento de PayPal está desativado no sistema 
2012-06-08T04:56:16-03:00 INFO (6): ydadmin-ThinkPad-X220-Tablet serving janamesa.com.br.testing PaymentHelper: OrderNr 66556682, ServiceId 288, CustomerId 1339142176, Nachricht: Pagamento de PayPal recusado, porque o pagamento de PayPal está desativado no sistema 
2012-06-08T04:56:16-03:00 INFO (6): ydadmin-ThinkPad-X220-Tablet serving janamesa.com.br.testing PaymentHelper: OrderNr 66556682, ServiceId 288, CustomerId 1339142176, Nachricht: O pagamento com cartão de crédito foi aceito 
2012-06-08T04:56:16-03:00 INFO (6): ydadmin-ThinkPad-X220-Tablet serving janamesa.com.br.testing PaymentHelper: OrderNr 66556682, ServiceId 288, CustomerId 1339142176, Nachricht: O pagamento com cartão de crédito foi aceito 
2012-06-08T04:56:18-03:00 INFO (6): ydadmin-ThinkPad-X220-Tablet serving janamesa.com.br.testing PaymentHelper: OrderNr 87700870, ServiceId 67, CustomerId 1339142178, Nachricht: O pagamento à vista foi aceito 
2012-06-08T04:56:18-03:00 INFO (6): ydadmin-ThinkPad-X220-Tablet serving janamesa.com.br.testing PaymentHelper: OrderNr 87700870, ServiceId 67, CustomerId 1339142178, Nachricht: O pagamento à vista foi aceito 
2012-06-08T04:56:21-03:00 INFO (6): ydadmin-ThinkPad-X220-Tablet serving janamesa.com.br.testing PaymentHelper: OrderNr 12423675, ServiceId 105, CustomerId 1339142181, Nachricht: O pagamento à vista foi aceito 
2012-06-08T04:56:21-03:00 INFO (6): ydadmin-ThinkPad-X220-Tablet serving janamesa.com.br.testing PaymentHelper: OrderNr 12423675, ServiceId 105, CustomerId 1339142181, Nachricht: O pagamento à vista foi aceito 
2012-06-08T04:56:25-03:00 INFO (6): ydadmin-ThinkPad-X220-Tablet serving janamesa.com.br.testing PaymentHelper: OrderNr 24076811, ServiceId 107, CustomerId 1339142185, Nachricht: O pagamento à vista foi aceito 
2012-06-08T04:56:25-03:00 INFO (6): ydadmin-ThinkPad-X220-Tablet serving janamesa.com.br.testing PaymentHelper: OrderNr 24076811, ServiceId 107, CustomerId 1339142185, Nachricht: O pagamento à vista foi aceito 
2012-06-08T04:56:27-03:00 INFO (6): ydadmin-ThinkPad-X220-Tablet serving janamesa.com.br.testing PaymentHelper: OrderNr 24034371, ServiceId 38, CustomerId 1339142187, Nachricht: Pagamento de PayPal recusado, porque o pagamento de PayPal está desativado no sistema 
2012-06-08T04:56:27-03:00 INFO (6): ydadmin-ThinkPad-X220-Tablet serving janamesa.com.br.testing PaymentHelper: OrderNr 24034371, ServiceId 38, CustomerId 1339142187, Nachricht: Pagamento de PayPal recusado, porque o pagamento de PayPal está desativado no sistema 
2012-06-08T04:56:27-03:00 INFO (6): ydadmin-ThinkPad-X220-Tablet serving janamesa.com.br.testing PaymentHelper: OrderNr 24034371, ServiceId 38, CustomerId 1339142187, Nachricht: O pagamento com cartão de crédito foi aceito 
2012-06-08T04:56:27-03:00 INFO (6): ydadmin-ThinkPad-X220-Tablet serving janamesa.com.br.testing PaymentHelper: OrderNr 24034371, ServiceId 38, CustomerId 1339142187, Nachricht: O pagamento com cartão de crédito foi aceito 
2012-06-08T04:56:30-03:00 INFO (6): ydadmin-ThinkPad-X220-Tablet serving janamesa.com.br.testing PaymentHelper: OrderNr 85690223, ServiceId 248, CustomerId 1339142190, Nachricht: O pagamento à vista foi aceito 
2012-06-08T04:56:30-03:00 INFO (6): ydadmin-ThinkPad-X220-Tablet serving janamesa.com.br.testing PaymentHelper: OrderNr 85690223, ServiceId 248, CustomerId 1339142190, Nachricht: O pagamento à vista foi aceito 
2012-06-08T04:56:33-03:00 INFO (6): ydadmin-ThinkPad-X220-Tablet serving janamesa.com.br.testing PaymentHelper: OrderNr 00890896, ServiceId 70, CustomerId 1339142193, Nachricht: Pagamento de PayPal recusado, porque o pagamento de PayPal está desativado no sistema 
2012-06-08T04:56:33-03:00 INFO (6): ydadmin-ThinkPad-X220-Tablet serving janamesa.com.br.testing PaymentHelper: OrderNr 00890896, ServiceId 70, CustomerId 1339142193, Nachricht: Pagamento de PayPal recusado, porque o pagamento de PayPal está desativado no sistema 
2012-06-08T04:56:33-03:00 INFO (6): ydadmin-ThinkPad-X220-Tablet serving janamesa.com.br.testing PaymentHelper: OrderNr 00890896, ServiceId 70, CustomerId 1339142193, Nachricht: O pagamento com cartão de crédito foi aceito 
2012-06-08T04:56:33-03:00 INFO (6): ydadmin-ThinkPad-X220-Tablet serving janamesa.com.br.testing PaymentHelper: OrderNr 00890896, ServiceId 70, CustomerId 1339142193, Nachricht: O pagamento com cartão de crédito foi aceito 
2012-06-08T04:56:36-03:00 INFO (6): ydadmin-ThinkPad-X220-Tablet serving janamesa.com.br.testing PaymentHelper: OrderNr 66908315, ServiceId 90, CustomerId 1339142196, Nachricht: O pagamento à vista foi aceito 
2012-06-08T04:56:36-03:00 INFO (6): ydadmin-ThinkPad-X220-Tablet serving janamesa.com.br.testing PaymentHelper: OrderNr 66908315, ServiceId 90, CustomerId 1339142196, Nachricht: O pagamento à vista foi aceito 
2012-06-08T04:56:39-03:00 INFO (6): ydadmin-ThinkPad-X220-Tablet serving janamesa.com.br.testing PaymentHelper: OrderNr 73926912, ServiceId 288, CustomerId 1339142199, Nachricht: O pagamento à vista foi aceito 
2012-06-08T04:56:39-03:00 INFO (6): ydadmin-ThinkPad-X220-Tablet serving janamesa.com.br.testing PaymentHelper: OrderNr 73926912, ServiceId 288, CustomerId 1339142199, Nachricht: O pagamento à vista foi aceito 
2012-06-08T04:56:42-03:00 INFO (6): ydadmin-ThinkPad-X220-Tablet serving janamesa.com.br.testing PaymentHelper: OrderNr 68823301, ServiceId 138, CustomerId 1339142202, Nachricht: O pagamento à vista foi aceito 
2012-06-08T04:56:42-03:00 INFO (6): ydadmin-ThinkPad-X220-Tablet serving janamesa.com.br.testing PaymentHelper: OrderNr 68823301, ServiceId 138, CustomerId 1339142202, Nachricht: O pagamento à vista foi aceito 
2012-06-08T04:56:47-03:00 INFO (6): ydadmin-ThinkPad-X220-Tablet serving janamesa.com.br.testing PaymentHelper: OrderNr 56207991, ServiceId 29, CustomerId 1339142206, Nachricht: O pagamento à vista foi aceito 
2012-06-08T04:56:47-03:00 INFO (6): ydadmin-ThinkPad-X220-Tablet serving janamesa.com.br.testing PaymentHelper: OrderNr 56207991, ServiceId 29, CustomerId 1339142206, Nachricht: O pagamento à vista foi aceito 
2012-06-08T04:56:49-03:00 INFO (6): ydadmin-ThinkPad-X220-Tablet serving janamesa.com.br.testing PaymentHelper: OrderNr 69666511, ServiceId 136, CustomerId 1339142209, Nachricht: O pagamento à vista foi aceito 
2012-06-08T04:56:49-03:00 INFO (6): ydadmin-ThinkPad-X220-Tablet serving janamesa.com.br.testing PaymentHelper: OrderNr 69666511, ServiceId 136, CustomerId 1339142209, Nachricht: O pagamento à vista foi aceito 
2012-06-08T04:56:52-03:00 INFO (6): ydadmin-ThinkPad-X220-Tablet serving janamesa.com.br.testing PaymentHelper: OrderNr 02877968, ServiceId 102, CustomerId 1339142212, Nachricht: O pagamento à vista foi aceito 
2012-06-08T04:56:52-03:00 INFO (6): ydadmin-ThinkPad-X220-Tablet serving janamesa.com.br.testing PaymentHelper: OrderNr 02877968, ServiceId 102, CustomerId 1339142212, Nachricht: O pagamento à vista foi aceito 
2012-06-08T04:56:55-03:00 INFO (6): ydadmin-ThinkPad-X220-Tablet serving janamesa.com.br.testing PaymentHelper: OrderNr 58886855, ServiceId 94, CustomerId 1339142215, Nachricht: O pagamento com o cartão de crédito foi aceito, porque o uso de Voucher e o valor do pedido (não o valor aberto) de 28,80 o limite de 7,00  
2012-06-08T04:56:55-03:00 INFO (6): ydadmin-ThinkPad-X220-Tablet serving janamesa.com.br.testing PaymentHelper: OrderNr 58886855, ServiceId 94, CustomerId 1339142215, Nachricht: O pagamento com o cartão de crédito foi aceito, porque o uso de Voucher e o valor do pedido (não o valor aberto) de 28,80 o limite de 7,00  
2012-06-08T04:56:58-03:00 INFO (6): ydadmin-ThinkPad-X220-Tablet serving janamesa.com.br.testing PaymentHelper: OrderNr 38828940, ServiceId 166, CustomerId 1339142218, Nachricht: Pagamento de PayPal recusado, porque o pagamento de PayPal está desativado no sistema 
2012-06-08T04:56:58-03:00 INFO (6): ydadmin-ThinkPad-X220-Tablet serving janamesa.com.br.testing PaymentHelper: OrderNr 38828940, ServiceId 166, CustomerId 1339142218, Nachricht: Pagamento de PayPal recusado, porque o pagamento de PayPal está desativado no sistema 
2012-06-08T04:56:58-03:00 INFO (6): ydadmin-ThinkPad-X220-Tablet serving janamesa.com.br.testing PaymentHelper: OrderNr 38828940, ServiceId 166, CustomerId 1339142218, Nachricht: O pagamento com o cartão de crédito foi aceito, porque o uso de Voucher e o valor do pedido (não o valor aberto) de 129,00 o limite de 7,00  
2012-06-08T04:56:59-03:00 INFO (6): ydadmin-ThinkPad-X220-Tablet serving janamesa.com.br.testing PaymentHelper: OrderNr 38828940, ServiceId 166, CustomerId 1339142218, Nachricht: O pagamento com o cartão de crédito foi aceito, porque o uso de Voucher e o valor do pedido (não o valor aberto) de 129,00 o limite de 7,00  
2012-06-08T04:57:01-03:00 INFO (6): ydadmin-ThinkPad-X220-Tablet serving janamesa.com.br.testing PaymentHelper: OrderNr 37647960, ServiceId 38, CustomerId 1339142221, Nachricht: O pagamento com o cartão de crédito foi aceito, porque o uso de Voucher e o valor do pedido (não o valor aberto) de 21,00 o limite de 7,00  
2012-06-08T04:57:02-03:00 INFO (6): ydadmin-ThinkPad-X220-Tablet serving janamesa.com.br.testing PaymentHelper: OrderNr 37647960, ServiceId 38, CustomerId 1339142221, Nachricht: O pagamento com o cartão de crédito foi aceito, porque o uso de Voucher e o valor do pedido (não o valor aberto) de 21,00 o limite de 7,00  
2012-06-08T04:58:11-03:00 INFO (6): ydadmin-ThinkPad-X220-Tablet serving janamesa.com.br.testing PaymentHelper: OrderNr 51413991, ServiceId 173, CustomerId 1339142291, Nachricht: O pagamento com o cartão de crédito foi aceito, porque o uso de Voucher e o valor do pedido (não o valor aberto) de 18,00 o limite de 7,00  
2012-06-08T04:58:11-03:00 INFO (6): ydadmin-ThinkPad-X220-Tablet serving janamesa.com.br.testing PaymentHelper: OrderNr 51413991, ServiceId 173, CustomerId 1339142291, Nachricht: O pagamento com o cartão de crédito foi aceito, porque o uso de Voucher e o valor do pedido (não o valor aberto) de 18,00 o limite de 7,00  
2012-06-08T05:00:19-03:00 INFO (6): ydadmin-ThinkPad-X220-Tablet serving janamesa.com.br.testing PaymentHelper: OrderNr 22368560, ServiceId 132, CustomerId 1339142419, Nachricht: O pagamento com o cartão de crédito foi aceito, porque o uso de Voucher e o valor do pedido (não o valor aberto) de 153,50 o limite de 7,00  
2012-06-08T05:00:19-03:00 INFO (6): ydadmin-ThinkPad-X220-Tablet serving janamesa.com.br.testing PaymentHelper: OrderNr 22368560, ServiceId 132, CustomerId 1339142419, Nachricht: O pagamento com o cartão de crédito foi aceito, porque o uso de Voucher e o valor do pedido (não o valor aberto) de 153,50 o limite de 7,00  
2012-06-08T05:01:45-03:00 INFO (6): ydadmin-ThinkPad-X220-Tablet serving janamesa.com.br.testing PaymentHelper: OrderNr 51087146, ServiceId 80, CustomerId 1339142504, Nachricht: O pagamento com o cartão de crédito foi aceito, porque o uso de Voucher e o valor do pedido (não o valor aberto) de 118,50 o limite de 7,00  
2012-06-08T05:01:45-03:00 INFO (6): ydadmin-ThinkPad-X220-Tablet serving janamesa.com.br.testing PaymentHelper: OrderNr 51087146, ServiceId 80, CustomerId 1339142504, Nachricht: O pagamento com o cartão de crédito foi aceito, porque o uso de Voucher e o valor do pedido (não o valor aberto) de 118,50 o limite de 7,00  
2012-06-08T05:05:29-03:00 INFO (6): ydadmin-ThinkPad-X220-Tablet serving janamesa.com.br.testing PaymentHelper: OrderNr 71771441, ServiceId 15, CustomerId 1339142729, Nachricht: O pagamento com o cartão de crédito foi aceito, porque o uso de Voucher e o valor do pedido (não o valor aberto) de 47,50 o limite de 7,00  
2012-06-08T05:05:29-03:00 INFO (6): ydadmin-ThinkPad-X220-Tablet serving janamesa.com.br.testing PaymentHelper: OrderNr 71771441, ServiceId 15, CustomerId 1339142729, Nachricht: O pagamento com o cartão de crédito foi aceito, porque o uso de Voucher e o valor do pedido (não o valor aberto) de 47,50 o limite de 7,00  
2012-06-08T05:42:30-03:00 INFO (6): ydadmin-ThinkPad-X220-Tablet serving janamesa.com.br.testing PaymentHelper: OrderNr 43697488, ServiceId 236, CustomerId 1339144950, Nachricht: O pagamento com o cartão de crédito foi aceito, porque o uso de Voucher e o valor do pedido (não o valor aberto) de 23,00 o limite de 7,00  
2012-06-08T05:42:30-03:00 INFO (6): ydadmin-ThinkPad-X220-Tablet serving janamesa.com.br.testing PaymentHelper: OrderNr 43697488, ServiceId 236, CustomerId 1339144950, Nachricht: O pagamento com o cartão de crédito foi aceito, porque o uso de Voucher e o valor do pedido (não o valor aberto) de 23,00 o limite de 7,00  
2012-06-08T05:47:33-03:00 INFO (6): ydadmin-ThinkPad-X220-Tablet serving janamesa.com.br.testing PaymentHelper: OrderNr 88454530, ServiceId 241, CustomerId 1339145253, Nachricht: O pagamento com o cartão de crédito foi aceito, porque o uso de Voucher e o valor do pedido (não o valor aberto) de 105,00 o limite de 7,00  
2012-06-08T05:47:33-03:00 INFO (6): ydadmin-ThinkPad-X220-Tablet serving janamesa.com.br.testing PaymentHelper: OrderNr 88454530, ServiceId 241, CustomerId 1339145253, Nachricht: O pagamento com o cartão de crédito foi aceito, porque o uso de Voucher e o valor do pedido (não o valor aberto) de 105,00 o limite de 7,00  
2012-06-08T05:51:22-03:00 INFO (6): ydadmin-ThinkPad-X220-Tablet serving janamesa.com.br.testing PaymentHelper: OrderNr 49145126, ServiceId 132, CustomerId 1339145482, Nachricht: O pagamento com o cartão de crédito foi aceito, porque o uso de Voucher e o valor do pedido (não o valor aberto) de 89,50 o limite de 7,00  
2012-06-08T05:51:23-03:00 INFO (6): ydadmin-ThinkPad-X220-Tablet serving janamesa.com.br.testing PaymentHelper: OrderNr 49145126, ServiceId 132, CustomerId 1339145482, Nachricht: O pagamento com o cartão de crédito foi aceito, porque o uso de Voucher e o valor do pedido (não o valor aberto) de 89,50 o limite de 7,00  
2012-06-08T05:51:48-03:00 INFO (6): ydadmin-ThinkPad-X220-Tablet serving janamesa.com.br.testing PaymentHelper: OrderNr 30454143, ServiceId 241, CustomerId 1339145507, Nachricht: O pagamento com o cartão de crédito foi aceito, porque o uso de Voucher e o valor do pedido (não o valor aberto) de 14,50 o limite de 7,00  
2012-06-08T05:51:48-03:00 INFO (6): ydadmin-ThinkPad-X220-Tablet serving janamesa.com.br.testing PaymentHelper: OrderNr 30454143, ServiceId 241, CustomerId 1339145507, Nachricht: O pagamento com o cartão de crédito foi aceito, porque o uso de Voucher e o valor do pedido (não o valor aberto) de 14,50 o limite de 7,00  
2012-06-08T05:54:19-03:00 INFO (6): ydadmin-ThinkPad-X220-Tablet serving janamesa.com.br.testing PaymentHelper: OrderNr 56387269, ServiceId 72, CustomerId 1339145658, Nachricht: O pagamento com o cartão de crédito foi aceito, porque o uso de Voucher e o valor do pedido (não o valor aberto) de 120,50 o limite de 7,00  
2012-06-08T05:54:19-03:00 INFO (6): ydadmin-ThinkPad-X220-Tablet serving janamesa.com.br.testing PaymentHelper: OrderNr 56387269, ServiceId 72, CustomerId 1339145658, Nachricht: O pagamento com o cartão de crédito foi aceito, porque o uso de Voucher e o valor do pedido (não o valor aberto) de 120,50 o limite de 7,00  
2012-06-08T05:54:51-03:00 INFO (6): ydadmin-ThinkPad-X220-Tablet serving janamesa.com.br.testing PaymentHelper: OrderNr 20079438, ServiceId 53, CustomerId 1339145691, Nachricht: O pagamento com o cartão de crédito foi aceito, porque o uso de Voucher e o valor do pedido (não o valor aberto) de 167,00 o limite de 7,00  
2012-06-08T05:54:51-03:00 INFO (6): ydadmin-ThinkPad-X220-Tablet serving janamesa.com.br.testing PaymentHelper: OrderNr 20079438, ServiceId 53, CustomerId 1339145691, Nachricht: O pagamento com o cartão de crédito foi aceito, porque o uso de Voucher e o valor do pedido (não o valor aberto) de 167,00 o limite de 7,00  
2012-06-08T05:55:50-03:00 INFO (6): ydadmin-ThinkPad-X220-Tablet serving janamesa.com.br.testing PaymentHelper: OrderNr 20761084, ServiceId 8, CustomerId 1339145750, Nachricht: O pagamento com o cartão de crédito foi aceito, porque o uso de Voucher e o valor do pedido (não o valor aberto) de 27,50 o limite de 7,00  
2012-06-08T05:55:50-03:00 INFO (6): ydadmin-ThinkPad-X220-Tablet serving janamesa.com.br.testing PaymentHelper: OrderNr 20761084, ServiceId 8, CustomerId 1339145750, Nachricht: O pagamento com o cartão de crédito foi aceito, porque o uso de Voucher e o valor do pedido (não o valor aberto) de 27,50 o limite de 7,00  
2012-06-08T05:56:10-03:00 INFO (6): ydadmin-ThinkPad-X220-Tablet serving janamesa.com.br.testing PaymentHelper: OrderNr 07483885, ServiceId 101, CustomerId 1339145769, Nachricht: O pagamento com o cartão de crédito foi aceito, porque o uso de Voucher e o valor do pedido (não o valor aberto) de 60,50 o limite de 7,00  
2012-06-08T05:56:10-03:00 INFO (6): ydadmin-ThinkPad-X220-Tablet serving janamesa.com.br.testing PaymentHelper: OrderNr 07483885, ServiceId 101, CustomerId 1339145769, Nachricht: O pagamento com o cartão de crédito foi aceito, porque o uso de Voucher e o valor do pedido (não o valor aberto) de 60,50 o limite de 7,00  
2012-06-08T05:56:50-03:00 INFO (6): ydadmin-ThinkPad-X220-Tablet serving janamesa.com.br.testing PaymentHelper: OrderNr 91201835, ServiceId 71, CustomerId 1339145810, Nachricht: O pagamento com o cartão de crédito foi aceito, porque o uso de Voucher e o valor do pedido (não o valor aberto) de 67,70 o limite de 7,00  
2012-06-08T05:56:50-03:00 INFO (6): ydadmin-ThinkPad-X220-Tablet serving janamesa.com.br.testing PaymentHelper: OrderNr 91201835, ServiceId 71, CustomerId 1339145810, Nachricht: O pagamento com o cartão de crédito foi aceito, porque o uso de Voucher e o valor do pedido (não o valor aberto) de 67,70 o limite de 7,00  
2012-06-08T05:57:01-03:00 INFO (6): ydadmin-ThinkPad-X220-Tablet serving janamesa.com.br.testing PaymentHelper: OrderNr 52444001, ServiceId 242, CustomerId 1339145821, Nachricht: O pagamento com o cartão de crédito foi aceito, porque o uso de Voucher e o valor do pedido (não o valor aberto) de 59,70 o limite de 7,00  
2012-06-08T05:57:01-03:00 INFO (6): ydadmin-ThinkPad-X220-Tablet serving janamesa.com.br.testing PaymentHelper: OrderNr 52444001, ServiceId 242, CustomerId 1339145821, Nachricht: O pagamento com o cartão de crédito foi aceito, porque o uso de Voucher e o valor do pedido (não o valor aberto) de 59,70 o limite de 7,00  
