2012-08-27T09:32:08+02:00 INFO (6): ydadmin-ThinkPad-X220-Tablet serving janamesa.com.br.testing PaymentHelper: OrderNr 96038959, ServiceId 351, CustomerId 1346052728, Nachricht: Barzahlung zugestimmt 
2012-08-27T09:32:08+02:00 INFO (6): ydadmin-ThinkPad-X220-Tablet serving janamesa.com.br.testing PaymentHelper: OrderNr 96038959, ServiceId 351, CustomerId 1346052728, Nachricht: Sofortüberweisung abgelehnt, weil systemweit deaktiviert 
2012-08-27T09:32:08+02:00 INFO (6): ydadmin-ThinkPad-X220-Tablet serving janamesa.com.br.testing PaymentHelper: OrderNr 96038959, ServiceId 351, CustomerId 1346052728, Nachricht: Paypalbezahlung zugestimmt 
2012-08-27T09:32:08+02:00 INFO (6): ydadmin-ThinkPad-X220-Tablet serving janamesa.com.br.testing PaymentHelper: OrderNr 96038959, ServiceId 351, CustomerId 1346052728, Nachricht: Kreditkartenzahlung zugestimmt 
2012-08-27T09:32:09+02:00 INFO (6): ydadmin-ThinkPad-X220-Tablet serving janamesa.com.br.testing PaymentHelper: OrderNr 96038959, ServiceId 351, CustomerId 1346052728, Nachricht: Barzahlung zugestimmt 
2012-08-27T09:32:09+02:00 INFO (6): ydadmin-ThinkPad-X220-Tablet serving janamesa.com.br.testing PaymentHelper: OrderNr 96038959, ServiceId 351, CustomerId 1346052728, Nachricht: Sofortüberweisung abgelehnt, weil systemweit deaktiviert 
2012-08-27T09:32:09+02:00 INFO (6): ydadmin-ThinkPad-X220-Tablet serving janamesa.com.br.testing PaymentHelper: OrderNr 96038959, ServiceId 351, CustomerId 1346052728, Nachricht: Paypalbezahlung zugestimmt 
2012-08-27T09:32:09+02:00 INFO (6): ydadmin-ThinkPad-X220-Tablet serving janamesa.com.br.testing PaymentHelper: OrderNr 96038959, ServiceId 351, CustomerId 1346052728, Nachricht: Kreditkartenzahlung zugestimmt 
2012-08-27T09:33:10+02:00 INFO (6): ydadmin-ThinkPad-X220-Tablet serving janamesa.com.br.testing PaymentHelper: OrderNr 45265657, ServiceId 351, CustomerId 1346052790, Nachricht: Barzahlung zugestimmt 
2012-08-27T09:33:10+02:00 INFO (6): ydadmin-ThinkPad-X220-Tablet serving janamesa.com.br.testing PaymentHelper: OrderNr 45265657, ServiceId 351, CustomerId 1346052790, Nachricht: Sofortüberweisung abgelehnt, weil systemweit deaktiviert 
2012-08-27T09:33:10+02:00 INFO (6): ydadmin-ThinkPad-X220-Tablet serving janamesa.com.br.testing PaymentHelper: OrderNr 45265657, ServiceId 351, CustomerId 1346052790, Nachricht: Paypalbezahlung zugestimmt 
2012-08-27T09:33:10+02:00 INFO (6): ydadmin-ThinkPad-X220-Tablet serving janamesa.com.br.testing PaymentHelper: OrderNr 45265657, ServiceId 351, CustomerId 1346052790, Nachricht: Kreditkartenzahlung zugestimmt 
2012-08-27T09:33:11+02:00 INFO (6): ydadmin-ThinkPad-X220-Tablet serving janamesa.com.br.testing PaymentHelper: OrderNr 45265657, ServiceId 351, CustomerId 1346052790, Nachricht: Barzahlung zugestimmt 
2012-08-27T09:33:11+02:00 INFO (6): ydadmin-ThinkPad-X220-Tablet serving janamesa.com.br.testing PaymentHelper: OrderNr 45265657, ServiceId 351, CustomerId 1346052790, Nachricht: Sofortüberweisung abgelehnt, weil systemweit deaktiviert 
2012-08-27T09:33:11+02:00 INFO (6): ydadmin-ThinkPad-X220-Tablet serving janamesa.com.br.testing PaymentHelper: OrderNr 45265657, ServiceId 351, CustomerId 1346052790, Nachricht: Paypalbezahlung zugestimmt 
2012-08-27T09:33:11+02:00 INFO (6): ydadmin-ThinkPad-X220-Tablet serving janamesa.com.br.testing PaymentHelper: OrderNr 45265657, ServiceId 351, CustomerId 1346052790, Nachricht: Kreditkartenzahlung zugestimmt 
2012-08-27T09:36:44+02:00 INFO (6): ydadmin-ThinkPad-X220-Tablet serving janamesa.com.br.testing PaymentHelper: OrderNr 35125238, ServiceId 351, CustomerId 1346053004, Nachricht: Barzahlung zugestimmt 
2012-08-27T09:36:44+02:00 INFO (6): ydadmin-ThinkPad-X220-Tablet serving janamesa.com.br.testing PaymentHelper: OrderNr 35125238, ServiceId 351, CustomerId 1346053004, Nachricht: Sofortüberweisung abgelehnt, weil systemweit deaktiviert 
2012-08-27T09:36:44+02:00 INFO (6): ydadmin-ThinkPad-X220-Tablet serving janamesa.com.br.testing PaymentHelper: OrderNr 35125238, ServiceId 351, CustomerId 1346053004, Nachricht: Paypalbezahlung zugestimmt 
2012-08-27T09:36:44+02:00 INFO (6): ydadmin-ThinkPad-X220-Tablet serving janamesa.com.br.testing PaymentHelper: OrderNr 35125238, ServiceId 351, CustomerId 1346053004, Nachricht: Kreditkartenzahlung zugestimmt 
2012-08-27T09:36:45+02:00 INFO (6): ydadmin-ThinkPad-X220-Tablet serving janamesa.com.br.testing PaymentHelper: OrderNr 35125238, ServiceId 351, CustomerId 1346053004, Nachricht: Barzahlung zugestimmt 
2012-08-27T09:36:45+02:00 INFO (6): ydadmin-ThinkPad-X220-Tablet serving janamesa.com.br.testing PaymentHelper: OrderNr 35125238, ServiceId 351, CustomerId 1346053004, Nachricht: Sofortüberweisung abgelehnt, weil systemweit deaktiviert 
2012-08-27T09:36:45+02:00 INFO (6): ydadmin-ThinkPad-X220-Tablet serving janamesa.com.br.testing PaymentHelper: OrderNr 35125238, ServiceId 351, CustomerId 1346053004, Nachricht: Paypalbezahlung zugestimmt 
2012-08-27T09:36:45+02:00 INFO (6): ydadmin-ThinkPad-X220-Tablet serving janamesa.com.br.testing PaymentHelper: OrderNr 35125238, ServiceId 351, CustomerId 1346053004, Nachricht: Kreditkartenzahlung zugestimmt 
2012-08-27T09:54:37+02:00 INFO (6): ydadmin-ThinkPad-X220-Tablet serving janamesa.com.br.testing PaymentHelper: OrderNr 54106390, ServiceId 351, CustomerId 1346054075, Nachricht: Barzahlung zugestimmt 
2012-08-27T09:54:37+02:00 INFO (6): ydadmin-ThinkPad-X220-Tablet serving janamesa.com.br.testing PaymentHelper: OrderNr 54106390, ServiceId 351, CustomerId 1346054075, Nachricht: Sofortüberweisung abgelehnt, weil systemweit deaktiviert 
2012-08-27T09:54:37+02:00 INFO (6): ydadmin-ThinkPad-X220-Tablet serving janamesa.com.br.testing PaymentHelper: OrderNr 54106390, ServiceId 351, CustomerId 1346054075, Nachricht: Paypalbezahlung zugestimmt 
2012-08-27T09:54:37+02:00 INFO (6): ydadmin-ThinkPad-X220-Tablet serving janamesa.com.br.testing PaymentHelper: OrderNr 54106390, ServiceId 351, CustomerId 1346054075, Nachricht: Kreditkartenzahlung zugestimmt 
2012-08-27T09:55:19+02:00 INFO (6): ydadmin-ThinkPad-X220-Tablet serving janamesa.com.br.testing PaymentHelper: OrderNr 37200618, ServiceId 351, CustomerId 1346054119, Nachricht: Barzahlung zugestimmt 
2012-08-27T09:55:19+02:00 INFO (6): ydadmin-ThinkPad-X220-Tablet serving janamesa.com.br.testing PaymentHelper: OrderNr 37200618, ServiceId 351, CustomerId 1346054119, Nachricht: Sofortüberweisung abgelehnt, weil systemweit deaktiviert 
2012-08-27T09:55:19+02:00 INFO (6): ydadmin-ThinkPad-X220-Tablet serving janamesa.com.br.testing PaymentHelper: OrderNr 37200618, ServiceId 351, CustomerId 1346054119, Nachricht: Paypalbezahlung zugestimmt 
2012-08-27T09:55:19+02:00 INFO (6): ydadmin-ThinkPad-X220-Tablet serving janamesa.com.br.testing PaymentHelper: OrderNr 37200618, ServiceId 351, CustomerId 1346054119, Nachricht: Kreditkartenzahlung zugestimmt 
2012-08-27T09:55:20+02:00 INFO (6): ydadmin-ThinkPad-X220-Tablet serving janamesa.com.br.testing PaymentHelper: OrderNr 37200618, ServiceId 351, CustomerId 1346054119, Nachricht: Barzahlung zugestimmt 
2012-08-27T09:55:20+02:00 INFO (6): ydadmin-ThinkPad-X220-Tablet serving janamesa.com.br.testing PaymentHelper: OrderNr 37200618, ServiceId 351, CustomerId 1346054119, Nachricht: Sofortüberweisung abgelehnt, weil systemweit deaktiviert 
2012-08-27T09:55:20+02:00 INFO (6): ydadmin-ThinkPad-X220-Tablet serving janamesa.com.br.testing PaymentHelper: OrderNr 37200618, ServiceId 351, CustomerId 1346054119, Nachricht: Paypalbezahlung zugestimmt 
2012-08-27T09:55:20+02:00 INFO (6): ydadmin-ThinkPad-X220-Tablet serving janamesa.com.br.testing PaymentHelper: OrderNr 37200618, ServiceId 351, CustomerId 1346054119, Nachricht: Kreditkartenzahlung zugestimmt 
2012-08-27T10:02:17+02:00 INFO (6): ydadmin-ThinkPad-X220-Tablet serving janamesa.com.br.testing PaymentHelper: OrderNr 36820200, ServiceId 351, CustomerId 1346054537, Nachricht: Barzahlung zugestimmt 
2012-08-27T10:02:17+02:00 INFO (6): ydadmin-ThinkPad-X220-Tablet serving janamesa.com.br.testing PaymentHelper: OrderNr 36820200, ServiceId 351, CustomerId 1346054537, Nachricht: Sofortüberweisung abgelehnt, weil systemweit deaktiviert 
2012-08-27T10:02:17+02:00 INFO (6): ydadmin-ThinkPad-X220-Tablet serving janamesa.com.br.testing PaymentHelper: OrderNr 36820200, ServiceId 351, CustomerId 1346054537, Nachricht: Paypalbezahlung zugestimmt 
2012-08-27T10:02:17+02:00 INFO (6): ydadmin-ThinkPad-X220-Tablet serving janamesa.com.br.testing PaymentHelper: OrderNr 36820200, ServiceId 351, CustomerId 1346054537, Nachricht: Kreditkartenzahlung abgelehnt, weil offener Betrag der Privatbestellung von 2,00 kleiner als Grenze von 700 
2012-08-27T10:31:33+02:00 INFO (6): ydadmin-ThinkPad-X220-Tablet serving janamesa.com.br.testing PaymentHelper: OrderNr 60758666, ServiceId 351, CustomerId 1346056293, Nachricht: Barzahlung zugestimmt 
2012-08-27T10:31:33+02:00 INFO (6): ydadmin-ThinkPad-X220-Tablet serving janamesa.com.br.testing PaymentHelper: OrderNr 60758666, ServiceId 351, CustomerId 1346056293, Nachricht: Sofortüberweisung abgelehnt, weil systemweit deaktiviert 
2012-08-27T10:31:33+02:00 INFO (6): ydadmin-ThinkPad-X220-Tablet serving janamesa.com.br.testing PaymentHelper: OrderNr 60758666, ServiceId 351, CustomerId 1346056293, Nachricht: Paypalbezahlung zugestimmt 
2012-08-27T10:31:33+02:00 INFO (6): ydadmin-ThinkPad-X220-Tablet serving janamesa.com.br.testing PaymentHelper: OrderNr 60758666, ServiceId 351, CustomerId 1346056293, Nachricht: Kreditkartenzahlung abgelehnt, weil offener Betrag der Privatbestellung von 2,00 kleiner als Grenze von 700 
2012-08-27T11:03:13+02:00 INFO (6): ydadmin-ThinkPad-X220-Tablet serving janamesa.com.br.testing PaymentHelper: OrderNr 84779056, ServiceId 351, CustomerId 1346058192, Nachricht: Barzahlung zugestimmt 
2012-08-27T11:03:13+02:00 INFO (6): ydadmin-ThinkPad-X220-Tablet serving janamesa.com.br.testing PaymentHelper: OrderNr 84779056, ServiceId 351, CustomerId 1346058192, Nachricht: Sofortüberweisung abgelehnt, weil systemweit deaktiviert 
2012-08-27T11:03:13+02:00 INFO (6): ydadmin-ThinkPad-X220-Tablet serving janamesa.com.br.testing PaymentHelper: OrderNr 84779056, ServiceId 351, CustomerId 1346058192, Nachricht: Paypalbezahlung zugestimmt 
2012-08-27T11:03:13+02:00 INFO (6): ydadmin-ThinkPad-X220-Tablet serving janamesa.com.br.testing PaymentHelper: OrderNr 84779056, ServiceId 351, CustomerId 1346058192, Nachricht: Kreditkartenzahlung abgelehnt, weil offener Betrag der Privatbestellung von 2,00 kleiner als Grenze von 700 
2012-08-27T12:11:57+02:00 INFO (6): ydadmin-ThinkPad-X220-Tablet serving janamesa.com.br.testing PaymentHelper: OrderNr 21059351, ServiceId 351, CustomerId 1346062317, Nachricht: Barzahlung zugestimmt 
2012-08-27T12:11:57+02:00 INFO (6): ydadmin-ThinkPad-X220-Tablet serving janamesa.com.br.testing PaymentHelper: OrderNr 21059351, ServiceId 351, CustomerId 1346062317, Nachricht: Sofortüberweisung abgelehnt, weil systemweit deaktiviert 
2012-08-27T12:11:57+02:00 INFO (6): ydadmin-ThinkPad-X220-Tablet serving janamesa.com.br.testing PaymentHelper: OrderNr 21059351, ServiceId 351, CustomerId 1346062317, Nachricht: Paypalbezahlung zugestimmt 
2012-08-27T12:11:57+02:00 INFO (6): ydadmin-ThinkPad-X220-Tablet serving janamesa.com.br.testing PaymentHelper: OrderNr 21059351, ServiceId 351, CustomerId 1346062317, Nachricht: Kreditkartenzahlung abgelehnt, weil offener Betrag der Privatbestellung von 2,00 kleiner als Grenze von 700 
2012-08-27T12:21:12+02:00 INFO (6): ydadmin-ThinkPad-X220-Tablet serving janamesa.com.br.testing PaymentHelper: OrderNr 37144434, ServiceId 351, CustomerId 1346062872, Nachricht: Barzahlung zugestimmt 
2012-08-27T12:21:12+02:00 INFO (6): ydadmin-ThinkPad-X220-Tablet serving janamesa.com.br.testing PaymentHelper: OrderNr 37144434, ServiceId 351, CustomerId 1346062872, Nachricht: Sofortüberweisung abgelehnt, weil systemweit deaktiviert 
2012-08-27T12:21:12+02:00 INFO (6): ydadmin-ThinkPad-X220-Tablet serving janamesa.com.br.testing PaymentHelper: OrderNr 37144434, ServiceId 351, CustomerId 1346062872, Nachricht: Paypalbezahlung zugestimmt 
2012-08-27T12:21:12+02:00 INFO (6): ydadmin-ThinkPad-X220-Tablet serving janamesa.com.br.testing PaymentHelper: OrderNr 37144434, ServiceId 351, CustomerId 1346062872, Nachricht: Kreditkartenzahlung zugestimmt 
2012-08-27T12:21:53+02:00 INFO (6): ydadmin-ThinkPad-X220-Tablet serving janamesa.com.br.testing PaymentHelper: OrderNr 34549330, ServiceId 351, CustomerId 1346062913, Nachricht: Barzahlung zugestimmt 
2012-08-27T12:21:53+02:00 INFO (6): ydadmin-ThinkPad-X220-Tablet serving janamesa.com.br.testing PaymentHelper: OrderNr 34549330, ServiceId 351, CustomerId 1346062913, Nachricht: Sofortüberweisung abgelehnt, weil systemweit deaktiviert 
2012-08-27T12:21:53+02:00 INFO (6): ydadmin-ThinkPad-X220-Tablet serving janamesa.com.br.testing PaymentHelper: OrderNr 34549330, ServiceId 351, CustomerId 1346062913, Nachricht: Paypalbezahlung zugestimmt 
2012-08-27T12:21:53+02:00 INFO (6): ydadmin-ThinkPad-X220-Tablet serving janamesa.com.br.testing PaymentHelper: OrderNr 34549330, ServiceId 351, CustomerId 1346062913, Nachricht: Kreditkartenzahlung zugestimmt 
2012-08-27T12:21:54+02:00 INFO (6): ydadmin-ThinkPad-X220-Tablet serving janamesa.com.br.testing PaymentHelper: OrderNr 34549330, ServiceId 351, CustomerId 1346062913, Nachricht: Barzahlung zugestimmt 
2012-08-27T12:21:54+02:00 INFO (6): ydadmin-ThinkPad-X220-Tablet serving janamesa.com.br.testing PaymentHelper: OrderNr 34549330, ServiceId 351, CustomerId 1346062913, Nachricht: Sofortüberweisung abgelehnt, weil systemweit deaktiviert 
2012-08-27T12:21:54+02:00 INFO (6): ydadmin-ThinkPad-X220-Tablet serving janamesa.com.br.testing PaymentHelper: OrderNr 34549330, ServiceId 351, CustomerId 1346062913, Nachricht: Paypalbezahlung zugestimmt 
2012-08-27T12:21:54+02:00 INFO (6): ydadmin-ThinkPad-X220-Tablet serving janamesa.com.br.testing PaymentHelper: OrderNr 34549330, ServiceId 351, CustomerId 1346062913, Nachricht: Kreditkartenzahlung zugestimmt 
2012-08-27T12:22:25+02:00 INFO (6): ydadmin-ThinkPad-X220-Tablet serving janamesa.com.br.testing PaymentHelper: OrderNr 66294940, ServiceId 351, CustomerId 1346062945, Nachricht: Barzahlung zugestimmt 
2012-08-27T12:22:25+02:00 INFO (6): ydadmin-ThinkPad-X220-Tablet serving janamesa.com.br.testing PaymentHelper: OrderNr 66294940, ServiceId 351, CustomerId 1346062945, Nachricht: Sofortüberweisung abgelehnt, weil systemweit deaktiviert 
2012-08-27T12:22:25+02:00 INFO (6): ydadmin-ThinkPad-X220-Tablet serving janamesa.com.br.testing PaymentHelper: OrderNr 66294940, ServiceId 351, CustomerId 1346062945, Nachricht: Paypalbezahlung zugestimmt 
2012-08-27T12:22:25+02:00 INFO (6): ydadmin-ThinkPad-X220-Tablet serving janamesa.com.br.testing PaymentHelper: OrderNr 66294940, ServiceId 351, CustomerId 1346062945, Nachricht: Kreditkartenzahlung zugestimmt 
2012-08-27T13:37:22+02:00 INFO (6): ydadmin-ThinkPad-X220-Tablet serving janamesa.com.br.testing PaymentHelper: OrderNr 75555967, ServiceId 351, CustomerId 1346067441, Nachricht: Barzahlung zugestimmt 
2012-08-27T13:37:22+02:00 INFO (6): ydadmin-ThinkPad-X220-Tablet serving janamesa.com.br.testing PaymentHelper: OrderNr 75555967, ServiceId 351, CustomerId 1346067441, Nachricht: Sofortüberweisung abgelehnt, weil systemweit deaktiviert 
2012-08-27T13:37:22+02:00 INFO (6): ydadmin-ThinkPad-X220-Tablet serving janamesa.com.br.testing PaymentHelper: OrderNr 75555967, ServiceId 351, CustomerId 1346067441, Nachricht: Paypalbezahlung zugestimmt 
2012-08-27T13:37:22+02:00 INFO (6): ydadmin-ThinkPad-X220-Tablet serving janamesa.com.br.testing PaymentHelper: OrderNr 75555967, ServiceId 351, CustomerId 1346067441, Nachricht: Kreditkartenzahlung zugestimmt 
2012-08-27T13:39:56+02:00 INFO (6): ydadmin-ThinkPad-X220-Tablet serving janamesa.com.br.testing PaymentHelper: OrderNr 57374677, ServiceId 351, CustomerId 1346067596, Nachricht: Barzahlung zugestimmt 
2012-08-27T13:39:56+02:00 INFO (6): ydadmin-ThinkPad-X220-Tablet serving janamesa.com.br.testing PaymentHelper: OrderNr 57374677, ServiceId 351, CustomerId 1346067596, Nachricht: Sofortüberweisung abgelehnt, weil systemweit deaktiviert 
2012-08-27T13:39:56+02:00 INFO (6): ydadmin-ThinkPad-X220-Tablet serving janamesa.com.br.testing PaymentHelper: OrderNr 57374677, ServiceId 351, CustomerId 1346067596, Nachricht: Paypalbezahlung zugestimmt 
2012-08-27T13:39:56+02:00 INFO (6): ydadmin-ThinkPad-X220-Tablet serving janamesa.com.br.testing PaymentHelper: OrderNr 57374677, ServiceId 351, CustomerId 1346067596, Nachricht: Kreditkartenzahlung zugestimmt 
2012-08-27T13:40:21+02:00 INFO (6): ydadmin-ThinkPad-X220-Tablet serving janamesa.com.br.testing PaymentHelper: OrderNr 85858308, ServiceId 351, CustomerId 1346067621, Nachricht: Barzahlung zugestimmt 
2012-08-27T13:40:21+02:00 INFO (6): ydadmin-ThinkPad-X220-Tablet serving janamesa.com.br.testing PaymentHelper: OrderNr 85858308, ServiceId 351, CustomerId 1346067621, Nachricht: Sofortüberweisung abgelehnt, weil systemweit deaktiviert 
2012-08-27T13:40:21+02:00 INFO (6): ydadmin-ThinkPad-X220-Tablet serving janamesa.com.br.testing PaymentHelper: OrderNr 85858308, ServiceId 351, CustomerId 1346067621, Nachricht: Paypalbezahlung zugestimmt 
2012-08-27T13:40:21+02:00 INFO (6): ydadmin-ThinkPad-X220-Tablet serving janamesa.com.br.testing PaymentHelper: OrderNr 85858308, ServiceId 351, CustomerId 1346067621, Nachricht: Kreditkartenzahlung zugestimmt 
2012-08-27T13:41:06+02:00 INFO (6): ydadmin-ThinkPad-X220-Tablet serving janamesa.com.br.testing PaymentHelper: OrderNr 07101597, ServiceId 351, CustomerId 1346067666, Nachricht: Barzahlung zugestimmt 
2012-08-27T13:41:06+02:00 INFO (6): ydadmin-ThinkPad-X220-Tablet serving janamesa.com.br.testing PaymentHelper: OrderNr 07101597, ServiceId 351, CustomerId 1346067666, Nachricht: Sofortüberweisung abgelehnt, weil systemweit deaktiviert 
2012-08-27T13:41:06+02:00 INFO (6): ydadmin-ThinkPad-X220-Tablet serving janamesa.com.br.testing PaymentHelper: OrderNr 07101597, ServiceId 351, CustomerId 1346067666, Nachricht: Paypalbezahlung zugestimmt 
2012-08-27T13:41:06+02:00 INFO (6): ydadmin-ThinkPad-X220-Tablet serving janamesa.com.br.testing PaymentHelper: OrderNr 07101597, ServiceId 351, CustomerId 1346067666, Nachricht: Kreditkartenzahlung zugestimmt 
2012-08-27T13:50:10+02:00 INFO (6): ydadmin-ThinkPad-X220-Tablet serving janamesa.com.br.testing PaymentHelper: OrderNr 86565807, ServiceId 351, CustomerId 1346068209, Nachricht: Barzahlung zugestimmt 
2012-08-27T13:50:10+02:00 INFO (6): ydadmin-ThinkPad-X220-Tablet serving janamesa.com.br.testing PaymentHelper: OrderNr 86565807, ServiceId 351, CustomerId 1346068209, Nachricht: Sofortüberweisung abgelehnt, weil systemweit deaktiviert 
2012-08-27T13:50:10+02:00 INFO (6): ydadmin-ThinkPad-X220-Tablet serving janamesa.com.br.testing PaymentHelper: OrderNr 86565807, ServiceId 351, CustomerId 1346068209, Nachricht: Paypalbezahlung zugestimmt 
2012-08-27T13:50:10+02:00 INFO (6): ydadmin-ThinkPad-X220-Tablet serving janamesa.com.br.testing PaymentHelper: OrderNr 86565807, ServiceId 351, CustomerId 1346068209, Nachricht: Kreditkartenzahlung zugestimmt 
2012-08-27T13:53:29+02:00 INFO (6): ydadmin-ThinkPad-X220-Tablet serving janamesa.com.br.testing PaymentHelper: OrderNr 01932354, ServiceId 351, CustomerId 1346068408, Nachricht: Barzahlung zugestimmt 
2012-08-27T13:53:29+02:00 INFO (6): ydadmin-ThinkPad-X220-Tablet serving janamesa.com.br.testing PaymentHelper: OrderNr 01932354, ServiceId 351, CustomerId 1346068408, Nachricht: Sofortüberweisung abgelehnt, weil systemweit deaktiviert 
2012-08-27T13:53:29+02:00 INFO (6): ydadmin-ThinkPad-X220-Tablet serving janamesa.com.br.testing PaymentHelper: OrderNr 01932354, ServiceId 351, CustomerId 1346068408, Nachricht: Paypalbezahlung zugestimmt 
2012-08-27T13:53:29+02:00 INFO (6): ydadmin-ThinkPad-X220-Tablet serving janamesa.com.br.testing PaymentHelper: OrderNr 01932354, ServiceId 351, CustomerId 1346068408, Nachricht: Kreditkartenzahlung zugestimmt 
2012-08-27T13:53:49+02:00 INFO (6): ydadmin-ThinkPad-X220-Tablet serving janamesa.com.br.testing PaymentHelper: OrderNr 94498436, ServiceId 351, CustomerId 1346068428, Nachricht: Barzahlung zugestimmt 
2012-08-27T13:53:50+02:00 INFO (6): ydadmin-ThinkPad-X220-Tablet serving janamesa.com.br.testing PaymentHelper: OrderNr 16145133, ServiceId 351, CustomerId 1346068430, Nachricht: Barzahlung zugestimmt 
2012-08-27T14:32:15+02:00 INFO (6): ydadmin-ThinkPad-X220-Tablet serving janamesa.com.br.testing PaymentHelper: OrderNr 92736326, ServiceId 49, CustomerId 1346070735, Nachricht: Barzahlung zugestimmt 
2012-08-27T14:32:15+02:00 INFO (6): ydadmin-ThinkPad-X220-Tablet serving janamesa.com.br.testing PaymentHelper: OrderNr 92736326, ServiceId 49, CustomerId 1346070735, Nachricht: Barzahlung zugestimmt 
2012-08-27T14:32:17+02:00 INFO (6): ydadmin-ThinkPad-X220-Tablet serving janamesa.com.br.testing PaymentHelper: OrderNr 86116823, ServiceId 352, CustomerId 1346070737, Nachricht: Barzahlung zugestimmt 
2012-08-27T14:32:17+02:00 INFO (6): ydadmin-ThinkPad-X220-Tablet serving janamesa.com.br.testing PaymentHelper: OrderNr 86116823, ServiceId 352, CustomerId 1346070737, Nachricht: Barzahlung zugestimmt 
2012-08-27T14:32:19+02:00 INFO (6): ydadmin-ThinkPad-X220-Tablet serving janamesa.com.br.testing PaymentHelper: OrderNr 91096591, ServiceId 248, CustomerId 1346070739, Nachricht: Barzahlung abgelehnt, weil Rabatt "TestingDiscount-1346070739" keine Barzahlung erlaubt 
2012-08-27T14:32:19+02:00 INFO (6): ydadmin-ThinkPad-X220-Tablet serving janamesa.com.br.testing PaymentHelper: OrderNr 91096591, ServiceId 248, CustomerId 1346070739, Nachricht: Paypalbezahlung zugestimmt 
2012-08-27T14:32:19+02:00 INFO (6): ydadmin-ThinkPad-X220-Tablet serving janamesa.com.br.testing PaymentHelper: OrderNr 91096591, ServiceId 248, CustomerId 1346070739, Nachricht: Paypalbezahlung zugestimmt 
2012-08-27T14:32:21+02:00 INFO (6): ydadmin-ThinkPad-X220-Tablet serving janamesa.com.br.testing PaymentHelper: OrderNr 58448573, ServiceId 251, CustomerId 1346070740, Nachricht: Barzahlung abgelehnt, weil Rabatt "TestingDiscount-1346070740" keine Barzahlung erlaubt 
2012-08-27T14:32:21+02:00 INFO (6): ydadmin-ThinkPad-X220-Tablet serving janamesa.com.br.testing PaymentHelper: OrderNr 58448573, ServiceId 251, CustomerId 1346070740, Nachricht: Paypalbezahlung zugestimmt 
2012-08-27T14:32:21+02:00 INFO (6): ydadmin-ThinkPad-X220-Tablet serving janamesa.com.br.testing PaymentHelper: OrderNr 58448573, ServiceId 251, CustomerId 1346070740, Nachricht: Paypalbezahlung zugestimmt 
2012-08-27T14:32:22+02:00 INFO (6): ydadmin-ThinkPad-X220-Tablet serving janamesa.com.br.testing PaymentHelper: OrderNr 41970574, ServiceId 313, CustomerId 1346070742, Nachricht: Barzahlung abgelehnt, weil Rabatt "TestingDiscount-1346070741" keine Barzahlung erlaubt 
2012-08-27T14:32:22+02:00 INFO (6): ydadmin-ThinkPad-X220-Tablet serving janamesa.com.br.testing PaymentHelper: OrderNr 41970574, ServiceId 313, CustomerId 1346070742, Nachricht: Paypalbezahlung zugestimmt 
2012-08-27T14:32:22+02:00 INFO (6): ydadmin-ThinkPad-X220-Tablet serving janamesa.com.br.testing PaymentHelper: OrderNr 41970574, ServiceId 313, CustomerId 1346070742, Nachricht: Paypalbezahlung zugestimmt 
2012-08-27T14:32:24+02:00 INFO (6): ydadmin-ThinkPad-X220-Tablet serving janamesa.com.br.testing PaymentHelper: OrderNr 97331238, ServiceId 120, CustomerId 1346070744, Nachricht: Barzahlung zugestimmt 
2012-08-27T14:32:24+02:00 INFO (6): ydadmin-ThinkPad-X220-Tablet serving janamesa.com.br.testing PaymentHelper: OrderNr 97331238, ServiceId 120, CustomerId 1346070744, Nachricht: Barzahlung zugestimmt 
2012-08-27T14:32:27+02:00 INFO (6): ydadmin-ThinkPad-X220-Tablet serving janamesa.com.br.testing PaymentHelper: OrderNr 64049315, ServiceId 164, CustomerId 1346070747, Nachricht: Barzahlung zugestimmt 
2012-08-27T14:32:27+02:00 INFO (6): ydadmin-ThinkPad-X220-Tablet serving janamesa.com.br.testing PaymentHelper: OrderNr 64049315, ServiceId 164, CustomerId 1346070747, Nachricht: Barzahlung zugestimmt 
2012-08-27T14:32:38+02:00 INFO (6): ydadmin-ThinkPad-X220-Tablet serving janamesa.com.br.testing PaymentHelper: OrderNr 73046729, ServiceId 205, CustomerId 1346070757, Nachricht: Barzahlung zugestimmt 
2012-08-27T14:32:38+02:00 INFO (6): ydadmin-ThinkPad-X220-Tablet serving janamesa.com.br.testing PaymentHelper: OrderNr 73046729, ServiceId 205, CustomerId 1346070757, Nachricht: Barzahlung zugestimmt 
2012-08-27T14:32:40+02:00 INFO (6): ydadmin-ThinkPad-X220-Tablet serving janamesa.com.br.testing PaymentHelper: OrderNr 07078534, ServiceId 166, CustomerId 1346070760, Nachricht: Paypalbezahlung zugestimmt 
2012-08-27T14:32:40+02:00 INFO (6): ydadmin-ThinkPad-X220-Tablet serving janamesa.com.br.testing PaymentHelper: OrderNr 07078534, ServiceId 166, CustomerId 1346070760, Nachricht: Paypalbezahlung zugestimmt 
2012-08-27T14:32:41+02:00 INFO (6): ydadmin-ThinkPad-X220-Tablet serving janamesa.com.br.testing PaymentHelper: OrderNr 78768896, ServiceId 104, CustomerId 1346070761, Nachricht: Sofortüberweisung abgelehnt, weil systemweit deaktiviert 
2012-08-27T14:32:41+02:00 INFO (6): ydadmin-ThinkPad-X220-Tablet serving janamesa.com.br.testing PaymentHelper: OrderNr 78768896, ServiceId 104, CustomerId 1346070761, Nachricht: Paypalbezahlung zugestimmt 
2012-08-27T14:32:41+02:00 INFO (6): ydadmin-ThinkPad-X220-Tablet serving janamesa.com.br.testing PaymentHelper: OrderNr 78768896, ServiceId 104, CustomerId 1346070761, Nachricht: Paypalbezahlung zugestimmt 
2012-08-27T14:32:44+02:00 INFO (6): ydadmin-ThinkPad-X220-Tablet serving janamesa.com.br.testing PaymentHelper: OrderNr 15721965, ServiceId 289, CustomerId 1346070764, Nachricht: Paypalbezahlung zugestimmt 
2012-08-27T14:32:44+02:00 INFO (6): ydadmin-ThinkPad-X220-Tablet serving janamesa.com.br.testing PaymentHelper: OrderNr 15721965, ServiceId 289, CustomerId 1346070764, Nachricht: Paypalbezahlung zugestimmt 
2012-08-27T14:32:45+02:00 INFO (6): ydadmin-ThinkPad-X220-Tablet serving janamesa.com.br.testing PaymentHelper: OrderNr 78525874, ServiceId 243, CustomerId 1346070765, Nachricht: Sofortüberweisung abgelehnt, weil systemweit deaktiviert 
2012-08-27T14:32:45+02:00 INFO (6): ydadmin-ThinkPad-X220-Tablet serving janamesa.com.br.testing PaymentHelper: OrderNr 78525874, ServiceId 243, CustomerId 1346070765, Nachricht: Paypalbezahlung zugestimmt 
2012-08-27T14:32:45+02:00 INFO (6): ydadmin-ThinkPad-X220-Tablet serving janamesa.com.br.testing PaymentHelper: OrderNr 78525874, ServiceId 243, CustomerId 1346070765, Nachricht: Paypalbezahlung zugestimmt 
2012-08-27T14:32:47+02:00 INFO (6): ydadmin-ThinkPad-X220-Tablet serving janamesa.com.br.testing PaymentHelper: OrderNr 37181152, ServiceId 360, CustomerId 1346070767, Nachricht: Kreditkartenzahlung zugestimmt, weil Gutscheinverwendung und Bestellwert (nicht offener Wert) von 146,00 über Grenze von 7,00 
2012-08-27T14:32:47+02:00 INFO (6): ydadmin-ThinkPad-X220-Tablet serving janamesa.com.br.testing PaymentHelper: OrderNr 37181152, ServiceId 360, CustomerId 1346070767, Nachricht: Kreditkartenzahlung zugestimmt, weil Gutscheinverwendung und Bestellwert (nicht offener Wert) von 146,00 über Grenze von 7,00 
2012-08-27T14:32:48+02:00 INFO (6): ydadmin-ThinkPad-X220-Tablet serving janamesa.com.br.testing PaymentHelper: OrderNr 50504303, ServiceId 290, CustomerId 1346070768, Nachricht: Paypalbezahlung zugestimmt 
2012-08-27T14:32:48+02:00 INFO (6): ydadmin-ThinkPad-X220-Tablet serving janamesa.com.br.testing PaymentHelper: OrderNr 50504303, ServiceId 290, CustomerId 1346070768, Nachricht: Paypalbezahlung zugestimmt 
2012-08-27T14:32:50+02:00 INFO (6): ydadmin-ThinkPad-X220-Tablet serving janamesa.com.br.testing PaymentHelper: OrderNr 83519441, ServiceId 315, CustomerId 1346070770, Nachricht: Sofortüberweisung abgelehnt, weil systemweit deaktiviert 
2012-08-27T14:32:50+02:00 INFO (6): ydadmin-ThinkPad-X220-Tablet serving janamesa.com.br.testing PaymentHelper: OrderNr 83519441, ServiceId 315, CustomerId 1346070770, Nachricht: Paypalbezahlung zugestimmt 
2012-08-27T14:32:50+02:00 INFO (6): ydadmin-ThinkPad-X220-Tablet serving janamesa.com.br.testing PaymentHelper: OrderNr 83519441, ServiceId 315, CustomerId 1346070770, Nachricht: Paypalbezahlung zugestimmt 
2012-08-27T14:33:02+02:00 INFO (6): ydadmin-ThinkPad-X220-Tablet serving janamesa.com.br.testing PaymentHelper: OrderNr 44276686, ServiceId 58, CustomerId 354, Nachricht: Barzahlung zugestimmt 
2012-08-27T14:33:02+02:00 INFO (6): ydadmin-ThinkPad-X220-Tablet serving janamesa.com.br.testing PaymentHelper: OrderNr 44276686, ServiceId 58, CustomerId 354, Nachricht: Barzahlung zugestimmt 
2012-08-27T14:33:05+02:00 INFO (6): ydadmin-ThinkPad-X220-Tablet serving janamesa.com.br.testing PaymentHelper: OrderNr 16051106, ServiceId 58, CustomerId 354, Nachricht: Barzahlung zugestimmt 
2012-08-27T14:33:05+02:00 INFO (6): ydadmin-ThinkPad-X220-Tablet serving janamesa.com.br.testing PaymentHelper: OrderNr 16051106, ServiceId 58, CustomerId 354, Nachricht: Barzahlung zugestimmt 
2012-08-27T14:33:07+02:00 INFO (6): ydadmin-ThinkPad-X220-Tablet serving janamesa.com.br.testing PaymentHelper: OrderNr 80201795, ServiceId 58, CustomerId 354, Nachricht: Barzahlung zugestimmt 
2012-08-27T14:33:07+02:00 INFO (6): ydadmin-ThinkPad-X220-Tablet serving janamesa.com.br.testing PaymentHelper: OrderNr 80201795, ServiceId 58, CustomerId 354, Nachricht: Barzahlung zugestimmt 
2012-08-27T14:33:10+02:00 INFO (6): ydadmin-ThinkPad-X220-Tablet serving janamesa.com.br.testing PaymentHelper: OrderNr 71786615, ServiceId 227, CustomerId 391, Nachricht: Barzahlung zugestimmt 
2012-08-27T14:33:10+02:00 INFO (6): ydadmin-ThinkPad-X220-Tablet serving janamesa.com.br.testing PaymentHelper: OrderNr 71786615, ServiceId 227, CustomerId 391, Nachricht: Barzahlung zugestimmt 
2012-08-27T14:33:13+02:00 INFO (6): ydadmin-ThinkPad-X220-Tablet serving janamesa.com.br.testing PaymentHelper: OrderNr 51404667, ServiceId 253, CustomerId 134, Nachricht: Barzahlung zugestimmt 
2012-08-27T14:33:13+02:00 INFO (6): ydadmin-ThinkPad-X220-Tablet serving janamesa.com.br.testing PaymentHelper: OrderNr 51404667, ServiceId 253, CustomerId 134, Nachricht: Barzahlung zugestimmt 
2012-08-27T14:34:40+02:00 INFO (6): ydadmin-ThinkPad-X220-Tablet serving janamesa.com.br.testing PaymentHelper: OrderNr 22058825, ServiceId 159, CustomerId 1346070880, Nachricht: Barzahlung zugestimmt 
2012-08-27T14:34:40+02:00 INFO (6): ydadmin-ThinkPad-X220-Tablet serving janamesa.com.br.testing PaymentHelper: OrderNr 22058825, ServiceId 159, CustomerId 1346070880, Nachricht: Barzahlung zugestimmt 
2012-08-27T14:34:42+02:00 INFO (6): ydadmin-ThinkPad-X220-Tablet serving janamesa.com.br.testing PaymentHelper: OrderNr 85576046, ServiceId 119, CustomerId 1346070882, Nachricht: Paypalbezahlung zugestimmt 
2012-08-27T14:34:42+02:00 INFO (6): ydadmin-ThinkPad-X220-Tablet serving janamesa.com.br.testing PaymentHelper: OrderNr 85576046, ServiceId 119, CustomerId 1346070882, Nachricht: Paypalbezahlung zugestimmt 
2012-08-27T14:34:44+02:00 INFO (6): ydadmin-ThinkPad-X220-Tablet serving janamesa.com.br.testing PaymentHelper: OrderNr 37103586, ServiceId 174, CustomerId 1346070884, Nachricht: Barzahlung zugestimmt 
2012-08-27T14:34:44+02:00 INFO (6): ydadmin-ThinkPad-X220-Tablet serving janamesa.com.br.testing PaymentHelper: OrderNr 37103586, ServiceId 174, CustomerId 1346070884, Nachricht: Barzahlung zugestimmt 
2012-08-27T14:34:46+02:00 INFO (6): ydadmin-ThinkPad-X220-Tablet serving janamesa.com.br.testing PaymentHelper: OrderNr 37642355, ServiceId 77, CustomerId 1346070886, Nachricht: Barzahlung zugestimmt 
2012-08-27T14:34:46+02:00 INFO (6): ydadmin-ThinkPad-X220-Tablet serving janamesa.com.br.testing PaymentHelper: OrderNr 37642355, ServiceId 77, CustomerId 1346070886, Nachricht: Barzahlung zugestimmt 
2012-08-27T14:34:48+02:00 INFO (6): ydadmin-ThinkPad-X220-Tablet serving janamesa.com.br.testing PaymentHelper: OrderNr 40344366, ServiceId 363, CustomerId 1346070888, Nachricht: Barzahlung zugestimmt 
2012-08-27T14:34:48+02:00 INFO (6): ydadmin-ThinkPad-X220-Tablet serving janamesa.com.br.testing PaymentHelper: OrderNr 40344366, ServiceId 363, CustomerId 1346070888, Nachricht: Barzahlung zugestimmt 
2012-08-27T14:34:49+02:00 INFO (6): ydadmin-ThinkPad-X220-Tablet serving janamesa.com.br.testing PaymentHelper: OrderNr 01427132, ServiceId 297, CustomerId 1346070889, Nachricht: Barzahlung zugestimmt 
2012-08-27T14:34:49+02:00 INFO (6): ydadmin-ThinkPad-X220-Tablet serving janamesa.com.br.testing PaymentHelper: OrderNr 01427132, ServiceId 297, CustomerId 1346070889, Nachricht: Barzahlung zugestimmt 
2012-08-27T14:34:51+02:00 INFO (6): ydadmin-ThinkPad-X220-Tablet serving janamesa.com.br.testing PaymentHelper: OrderNr 68362043, ServiceId 370, CustomerId 1346070891, Nachricht: Barzahlung zugestimmt 
2012-08-27T14:34:51+02:00 INFO (6): ydadmin-ThinkPad-X220-Tablet serving janamesa.com.br.testing PaymentHelper: OrderNr 68362043, ServiceId 370, CustomerId 1346070891, Nachricht: Barzahlung zugestimmt 
2012-08-27T14:34:53+02:00 INFO (6): ydadmin-ThinkPad-X220-Tablet serving janamesa.com.br.testing PaymentHelper: OrderNr 27477696, ServiceId 227, CustomerId 1346070893, Nachricht: Barzahlung zugestimmt 
2012-08-27T14:34:53+02:00 INFO (6): ydadmin-ThinkPad-X220-Tablet serving janamesa.com.br.testing PaymentHelper: OrderNr 27477696, ServiceId 227, CustomerId 1346070893, Nachricht: Barzahlung zugestimmt 
2012-08-27T14:35:01+02:00 INFO (6): ydadmin-ThinkPad-X220-Tablet serving janamesa.com.br.testing PaymentHelper: OrderNr 69458711, ServiceId 207, CustomerId 1346070901, Nachricht: Barzahlung zugestimmt 
2012-08-27T14:35:01+02:00 INFO (6): ydadmin-ThinkPad-X220-Tablet serving janamesa.com.br.testing PaymentHelper: OrderNr 69458711, ServiceId 207, CustomerId 1346070901, Nachricht: Barzahlung zugestimmt 
2012-08-27T14:35:01+02:00 INFO (6): ydadmin-ThinkPad-X220-Tablet serving janamesa.com.br.testing PaymentHelper: OrderNr 76759049, ServiceId 207, CustomerId 1346070901, Nachricht: Barzahlung zugestimmt 
2012-08-27T14:35:02+02:00 INFO (6): ydadmin-ThinkPad-X220-Tablet serving janamesa.com.br.testing PaymentHelper: OrderNr 18919402, ServiceId 207, CustomerId 1346070902, Nachricht: Barzahlung zugestimmt 
2012-08-27T14:35:03+02:00 INFO (6): ydadmin-ThinkPad-X220-Tablet serving janamesa.com.br.testing PaymentHelper: OrderNr 41767709, ServiceId 236, CustomerId 1346070903, Nachricht: Barzahlung zugestimmt 
2012-08-27T14:35:03+02:00 INFO (6): ydadmin-ThinkPad-X220-Tablet serving janamesa.com.br.testing PaymentHelper: OrderNr 41767709, ServiceId 236, CustomerId 1346070903, Nachricht: Barzahlung zugestimmt 
2012-08-27T14:35:04+02:00 INFO (6): ydadmin-ThinkPad-X220-Tablet serving janamesa.com.br.testing PaymentHelper: OrderNr 82489994, ServiceId 166, CustomerId 1346070904, Nachricht: Barzahlung zugestimmt 
2012-08-27T14:35:04+02:00 INFO (6): ydadmin-ThinkPad-X220-Tablet serving janamesa.com.br.testing PaymentHelper: OrderNr 82489994, ServiceId 166, CustomerId 1346070904, Nachricht: Barzahlung zugestimmt 
2012-08-27T14:35:05+02:00 INFO (6): ydadmin-ThinkPad-X220-Tablet serving janamesa.com.br.testing PaymentHelper: OrderNr 42087503, ServiceId 29, CustomerId 1346070905, Nachricht: Barzahlung zugestimmt 
2012-08-27T14:35:05+02:00 INFO (6): ydadmin-ThinkPad-X220-Tablet serving janamesa.com.br.testing PaymentHelper: OrderNr 42087503, ServiceId 29, CustomerId 1346070905, Nachricht: Barzahlung zugestimmt 
2012-08-27T14:35:06+02:00 INFO (6): ydadmin-ThinkPad-X220-Tablet serving janamesa.com.br.testing PaymentHelper: OrderNr 46960538, ServiceId 243, CustomerId 1346070906, Nachricht: Barzahlung zugestimmt 
2012-08-27T14:35:06+02:00 INFO (6): ydadmin-ThinkPad-X220-Tablet serving janamesa.com.br.testing PaymentHelper: OrderNr 46960538, ServiceId 243, CustomerId 1346070906, Nachricht: Barzahlung zugestimmt 
2012-08-27T14:35:07+02:00 INFO (6): ydadmin-ThinkPad-X220-Tablet serving janamesa.com.br.testing PaymentHelper: OrderNr 18278529, ServiceId 237, CustomerId 1346070907, Nachricht: Barzahlung zugestimmt 
2012-08-27T14:35:07+02:00 INFO (6): ydadmin-ThinkPad-X220-Tablet serving janamesa.com.br.testing PaymentHelper: OrderNr 18278529, ServiceId 237, CustomerId 1346070907, Nachricht: Barzahlung zugestimmt 
2012-08-27T14:35:08+02:00 INFO (6): ydadmin-ThinkPad-X220-Tablet serving janamesa.com.br.testing PaymentHelper: OrderNr 52036706, ServiceId 60, CustomerId 1346070908, Nachricht: Barzahlung zugestimmt 
2012-08-27T14:35:08+02:00 INFO (6): ydadmin-ThinkPad-X220-Tablet serving janamesa.com.br.testing PaymentHelper: OrderNr 52036706, ServiceId 60, CustomerId 1346070908, Nachricht: Barzahlung zugestimmt 
2012-08-27T14:35:09+02:00 INFO (6): ydadmin-ThinkPad-X220-Tablet serving janamesa.com.br.testing PaymentHelper: OrderNr 39717781, ServiceId 29, CustomerId 1346070909, Nachricht: Barzahlung zugestimmt 
2012-08-27T14:35:09+02:00 INFO (6): ydadmin-ThinkPad-X220-Tablet serving janamesa.com.br.testing PaymentHelper: OrderNr 39717781, ServiceId 29, CustomerId 1346070909, Nachricht: Barzahlung zugestimmt 
2012-08-27T14:35:10+02:00 INFO (6): ydadmin-ThinkPad-X220-Tablet serving janamesa.com.br.testing PaymentHelper: OrderNr 85719673, ServiceId 340, CustomerId 1346070910, Nachricht: Barzahlung zugestimmt 
2012-08-27T14:35:10+02:00 INFO (6): ydadmin-ThinkPad-X220-Tablet serving janamesa.com.br.testing PaymentHelper: OrderNr 85719673, ServiceId 340, CustomerId 1346070910, Nachricht: Barzahlung zugestimmt 
2012-08-27T14:35:11+02:00 INFO (6): ydadmin-ThinkPad-X220-Tablet serving janamesa.com.br.testing PaymentHelper: OrderNr 84848236, ServiceId 340, CustomerId 1346070911, Nachricht: Barzahlung zugestimmt 
2012-08-27T14:35:11+02:00 INFO (6): ydadmin-ThinkPad-X220-Tablet serving janamesa.com.br.testing PaymentHelper: OrderNr 66870868, ServiceId 340, CustomerId 1346070911, Nachricht: Barzahlung zugestimmt 
2012-08-27T14:35:13+02:00 INFO (6): ydadmin-ThinkPad-X220-Tablet serving janamesa.com.br.testing PaymentHelper: OrderNr 38096681, ServiceId 60, CustomerId 1346070913, Nachricht: Barzahlung zugestimmt 
2012-08-27T14:35:13+02:00 INFO (6): ydadmin-ThinkPad-X220-Tablet serving janamesa.com.br.testing PaymentHelper: OrderNr 38096681, ServiceId 60, CustomerId 1346070913, Nachricht: Barzahlung zugestimmt 
2012-08-27T14:35:14+02:00 INFO (6): ydadmin-ThinkPad-X220-Tablet serving janamesa.com.br.testing PaymentHelper: OrderNr 75029961, ServiceId 81, CustomerId 1346070914, Nachricht: Barzahlung zugestimmt 
2012-08-27T14:35:14+02:00 INFO (6): ydadmin-ThinkPad-X220-Tablet serving janamesa.com.br.testing PaymentHelper: OrderNr 75029961, ServiceId 81, CustomerId 1346070914, Nachricht: Barzahlung zugestimmt 
2012-08-27T14:35:15+02:00 INFO (6): ydadmin-ThinkPad-X220-Tablet serving janamesa.com.br.testing PaymentHelper: OrderNr 05980358, ServiceId 339, CustomerId 1346070915, Nachricht: Barzahlung zugestimmt 
2012-08-27T14:35:15+02:00 INFO (6): ydadmin-ThinkPad-X220-Tablet serving janamesa.com.br.testing PaymentHelper: OrderNr 05980358, ServiceId 339, CustomerId 1346070915, Nachricht: Barzahlung zugestimmt 
2012-08-27T14:35:17+02:00 INFO (6): ydadmin-ThinkPad-X220-Tablet serving janamesa.com.br.testing PaymentHelper: OrderNr 38309162, ServiceId 61, CustomerId 1346070917, Nachricht: Barzahlung zugestimmt 
2012-08-27T14:35:17+02:00 INFO (6): ydadmin-ThinkPad-X220-Tablet serving janamesa.com.br.testing PaymentHelper: OrderNr 38309162, ServiceId 61, CustomerId 1346070917, Nachricht: Barzahlung zugestimmt 
2012-08-27T14:35:18+02:00 INFO (6): ydadmin-ThinkPad-X220-Tablet serving janamesa.com.br.testing PaymentHelper: OrderNr 96274120, ServiceId 71, CustomerId 1346070918, Nachricht: Barzahlung zugestimmt 
2012-08-27T14:35:18+02:00 INFO (6): ydadmin-ThinkPad-X220-Tablet serving janamesa.com.br.testing PaymentHelper: OrderNr 96274120, ServiceId 71, CustomerId 1346070918, Nachricht: Barzahlung zugestimmt 
2012-08-27T14:35:19+02:00 INFO (6): ydadmin-ThinkPad-X220-Tablet serving janamesa.com.br.testing PaymentHelper: OrderNr 42241356, ServiceId 71, CustomerId 1346070919, Nachricht: Barzahlung zugestimmt 
2012-08-27T14:35:19+02:00 INFO (6): ydadmin-ThinkPad-X220-Tablet serving janamesa.com.br.testing PaymentHelper: OrderNr 42241356, ServiceId 71, CustomerId 1346070919, Nachricht: Sofortüberweisung abgelehnt, weil systemweit deaktiviert 
2012-08-27T14:35:19+02:00 INFO (6): ydadmin-ThinkPad-X220-Tablet serving janamesa.com.br.testing PaymentHelper: OrderNr 42241356, ServiceId 71, CustomerId 1346070919, Nachricht: Paypalbezahlung zugestimmt 
2012-08-27T14:35:19+02:00 INFO (6): ydadmin-ThinkPad-X220-Tablet serving janamesa.com.br.testing PaymentHelper: OrderNr 42241356, ServiceId 71, CustomerId 1346070919, Nachricht: Kreditkartenzahlung zugestimmt 
2012-08-27T14:35:19+02:00 INFO (6): ydadmin-ThinkPad-X220-Tablet serving janamesa.com.br.testing PaymentHelper: OrderNr 42241356, ServiceId 71, CustomerId 1346070919, Nachricht: Barzahlung zugestimmt 
2012-08-27T14:35:19+02:00 INFO (6): ydadmin-ThinkPad-X220-Tablet serving janamesa.com.br.testing PaymentHelper: OrderNr 42241356, ServiceId 71, CustomerId 1346070919, Nachricht: Kreditkartenzahlung zugestimmt 
2012-08-27T14:35:20+02:00 INFO (6): ydadmin-ThinkPad-X220-Tablet serving janamesa.com.br.testing PaymentHelper: OrderNr 12091069, ServiceId 251, CustomerId 1346070920, Nachricht: Barzahlung zugestimmt 
2012-08-27T14:35:20+02:00 INFO (6): ydadmin-ThinkPad-X220-Tablet serving janamesa.com.br.testing PaymentHelper: OrderNr 12091069, ServiceId 251, CustomerId 1346070920, Nachricht: Barzahlung zugestimmt 
2012-08-27T14:35:20+02:00 INFO (6): ydadmin-ThinkPad-X220-Tablet serving janamesa.com.br.testing PaymentHelper: OrderNr 42787069, ServiceId 251, CustomerId 1346070920, Nachricht: Barzahlung abgelehnt, weil Rabatt "TestingDiscount-1346070920" keine Barzahlung erlaubt 
2012-08-27T14:35:21+02:00 INFO (6): ydadmin-ThinkPad-X220-Tablet serving janamesa.com.br.testing PaymentHelper: OrderNr 42787069, ServiceId 251, CustomerId 1346070920, Nachricht: Barzahlung abgelehnt, weil Rabatt "TestingDiscount-1346070920" keine Barzahlung erlaubt 
2012-08-27T14:35:21+02:00 INFO (6): ydadmin-ThinkPad-X220-Tablet serving janamesa.com.br.testing PaymentHelper: OrderNr 42787069, ServiceId 251, CustomerId 1346070920, Nachricht: Sofortüberweisung abgelehnt, weil systemweit deaktiviert 
2012-08-27T14:35:21+02:00 INFO (6): ydadmin-ThinkPad-X220-Tablet serving janamesa.com.br.testing PaymentHelper: OrderNr 42787069, ServiceId 251, CustomerId 1346070920, Nachricht: Paypalbezahlung zugestimmt 
2012-08-27T14:35:21+02:00 INFO (6): ydadmin-ThinkPad-X220-Tablet serving janamesa.com.br.testing PaymentHelper: OrderNr 42787069, ServiceId 251, CustomerId 1346070920, Nachricht: Kreditkartenzahlung zugestimmt, weil Gutscheinverwendung und Bestellwert (nicht offener Wert) von 108,50 über Grenze von 7,00 
2012-08-27T14:35:21+02:00 INFO (6): ydadmin-ThinkPad-X220-Tablet serving janamesa.com.br.testing PaymentHelper: OrderNr 99842138, ServiceId 251, CustomerId 1346070921, Nachricht: Paypalbezahlung zugestimmt 
2012-08-27T14:35:21+02:00 INFO (6): ydadmin-ThinkPad-X220-Tablet serving janamesa.com.br.testing PaymentHelper: OrderNr 24647230, ServiceId 251, CustomerId 1346070921, Nachricht: Paypalbezahlung zugestimmt 
2012-08-27T14:35:24+02:00 INFO (6): ydadmin-ThinkPad-X220-Tablet serving janamesa.com.br.testing PaymentHelper: OrderNr 27640162, ServiceId 102, CustomerId 1346070924, Nachricht: Barzahlung zugestimmt 
2012-08-27T14:35:24+02:00 INFO (6): ydadmin-ThinkPad-X220-Tablet serving janamesa.com.br.testing PaymentHelper: OrderNr 27640162, ServiceId 102, CustomerId 1346070924, Nachricht: Barzahlung zugestimmt 
2012-08-27T14:35:25+02:00 INFO (6): ydadmin-ThinkPad-X220-Tablet serving janamesa.com.br.testing PaymentHelper: OrderNr 20514205, ServiceId 102, CustomerId 1346070925, Nachricht: Paypalbezahlung zugestimmt 
2012-08-27T14:35:26+02:00 INFO (6): ydadmin-ThinkPad-X220-Tablet serving janamesa.com.br.testing PaymentHelper: OrderNr 93581688, ServiceId 102, CustomerId 1346070926, Nachricht: Paypalbezahlung zugestimmt 
2012-08-27T14:35:28+02:00 INFO (6): ydadmin-ThinkPad-X220-Tablet serving janamesa.com.br.testing PaymentHelper: OrderNr 51659927, ServiceId 250, CustomerId 1346070928, Nachricht: Barzahlung zugestimmt 
2012-08-27T14:35:28+02:00 INFO (6): ydadmin-ThinkPad-X220-Tablet serving janamesa.com.br.testing PaymentHelper: OrderNr 51659927, ServiceId 250, CustomerId 1346070928, Nachricht: Barzahlung zugestimmt 
2012-08-27T14:35:29+02:00 INFO (6): ydadmin-ThinkPad-X220-Tablet serving janamesa.com.br.testing PaymentHelper: OrderNr 04095107, ServiceId 250, CustomerId 1346070928, Nachricht: Paypalbezahlung zugestimmt 
2012-08-27T14:35:29+02:00 INFO (6): ydadmin-ThinkPad-X220-Tablet serving janamesa.com.br.testing PaymentHelper: OrderNr 79877369, ServiceId 250, CustomerId 1346070929, Nachricht: Paypalbezahlung zugestimmt 
2012-08-27T14:35:32+02:00 INFO (6): ydadmin-ThinkPad-X220-Tablet serving janamesa.com.br.testing PaymentHelper: OrderNr 99684207, ServiceId 313, CustomerId 1346070932, Nachricht: Barzahlung zugestimmt 
2012-08-27T14:35:32+02:00 INFO (6): ydadmin-ThinkPad-X220-Tablet serving janamesa.com.br.testing PaymentHelper: OrderNr 99684207, ServiceId 313, CustomerId 1346070932, Nachricht: Barzahlung zugestimmt 
2012-08-27T14:35:33+02:00 INFO (6): ydadmin-ThinkPad-X220-Tablet serving janamesa.com.br.testing PaymentHelper: OrderNr 93947555, ServiceId 70, CustomerId 351, Nachricht: Kreditkartenzahlung zugestimmt, weil Gutscheinverwendung und Bestellwert (nicht offener Wert) von 22,70 über Grenze von 7,00 
2012-08-27T14:35:33+02:00 INFO (6): ydadmin-ThinkPad-X220-Tablet serving janamesa.com.br.testing PaymentHelper: OrderNr 93947555, ServiceId 70, CustomerId 351, Nachricht: Kreditkartenzahlung zugestimmt, weil Gutscheinverwendung und Bestellwert (nicht offener Wert) von 22,70 über Grenze von 7,00 
2012-08-27T14:35:35+02:00 INFO (6): ydadmin-ThinkPad-X220-Tablet serving janamesa.com.br.testing PaymentHelper: OrderNr 89579696, ServiceId 346, CustomerId 1346070935, Nachricht: Barzahlung zugestimmt 
2012-08-27T14:35:35+02:00 INFO (6): ydadmin-ThinkPad-X220-Tablet serving janamesa.com.br.testing PaymentHelper: OrderNr 89579696, ServiceId 346, CustomerId 1346070935, Nachricht: Barzahlung zugestimmt 
2012-08-27T14:35:36+02:00 INFO (6): ydadmin-ThinkPad-X220-Tablet serving janamesa.com.br.testing PaymentHelper: OrderNr 04287871, ServiceId 292, CustomerId 1346070936, Nachricht: Barzahlung zugestimmt 
2012-08-27T14:35:36+02:00 INFO (6): ydadmin-ThinkPad-X220-Tablet serving janamesa.com.br.testing PaymentHelper: OrderNr 04287871, ServiceId 292, CustomerId 1346070936, Nachricht: Barzahlung zugestimmt 
2012-08-27T14:35:37+02:00 INFO (6): ydadmin-ThinkPad-X220-Tablet serving janamesa.com.br.testing PaymentHelper: OrderNr 13288006, ServiceId 292, CustomerId 1346070937, Nachricht: Barzahlung zugestimmt 
2012-08-27T14:35:37+02:00 INFO (6): ydadmin-ThinkPad-X220-Tablet serving janamesa.com.br.testing PaymentHelper: OrderNr 50500063, ServiceId 292, CustomerId 1346070937, Nachricht: Barzahlung zugestimmt 
2012-08-27T14:35:39+02:00 INFO (6): ydadmin-ThinkPad-X220-Tablet serving janamesa.com.br.testing PaymentHelper: OrderNr 00487607, ServiceId 313, CustomerId 1346070939, Nachricht: Barzahlung zugestimmt 
2012-08-27T14:35:39+02:00 INFO (6): ydadmin-ThinkPad-X220-Tablet serving janamesa.com.br.testing PaymentHelper: OrderNr 00487607, ServiceId 313, CustomerId 1346070939, Nachricht: Barzahlung zugestimmt 
2012-08-27T14:35:40+02:00 INFO (6): ydadmin-ThinkPad-X220-Tablet serving janamesa.com.br.testing PaymentHelper: OrderNr 54217324, ServiceId 324, CustomerId 1346070940, Nachricht: Barzahlung zugestimmt 
2012-08-27T14:35:40+02:00 INFO (6): ydadmin-ThinkPad-X220-Tablet serving janamesa.com.br.testing PaymentHelper: OrderNr 54217324, ServiceId 324, CustomerId 1346070940, Nachricht: Barzahlung zugestimmt 
2012-08-27T14:35:40+02:00 INFO (6): ydadmin-ThinkPad-X220-Tablet serving janamesa.com.br.testing PaymentHelper: OrderNr 85641172, ServiceId 324, CustomerId 1346070940, Nachricht: Barzahlung zugestimmt 
2012-08-27T14:35:41+02:00 INFO (6): ydadmin-ThinkPad-X220-Tablet serving janamesa.com.br.testing PaymentHelper: OrderNr 85641172, ServiceId 324, CustomerId 1346070940, Nachricht: Barzahlung zugestimmt 
2012-08-27T14:35:41+02:00 INFO (6): ydadmin-ThinkPad-X220-Tablet serving janamesa.com.br.testing PaymentHelper: OrderNr 63443414, ServiceId 310, CustomerId 1346070941, Nachricht: Barzahlung zugestimmt 
2012-08-27T14:35:41+02:00 INFO (6): ydadmin-ThinkPad-X220-Tablet serving janamesa.com.br.testing PaymentHelper: OrderNr 63443414, ServiceId 310, CustomerId 1346070941, Nachricht: Barzahlung zugestimmt 
2012-08-27T14:35:42+02:00 INFO (6): ydadmin-ThinkPad-X220-Tablet serving janamesa.com.br.testing PaymentHelper: OrderNr 69713047, ServiceId 310, CustomerId 1346070942, Nachricht: Barzahlung zugestimmt 
2012-08-27T14:35:42+02:00 INFO (6): ydadmin-ThinkPad-X220-Tablet serving janamesa.com.br.testing PaymentHelper: OrderNr 69713047, ServiceId 310, CustomerId 1346070942, Nachricht: Sofortüberweisung abgelehnt, weil systemweit deaktiviert 
2012-08-27T14:35:42+02:00 INFO (6): ydadmin-ThinkPad-X220-Tablet serving janamesa.com.br.testing PaymentHelper: OrderNr 69713047, ServiceId 310, CustomerId 1346070942, Nachricht: Paypalbezahlung zugestimmt 
2012-08-27T14:35:42+02:00 INFO (6): ydadmin-ThinkPad-X220-Tablet serving janamesa.com.br.testing PaymentHelper: OrderNr 69713047, ServiceId 310, CustomerId 1346070942, Nachricht: Kreditkartenzahlung zugestimmt 
2012-08-27T14:35:42+02:00 INFO (6): ydadmin-ThinkPad-X220-Tablet serving janamesa.com.br.testing PaymentHelper: OrderNr 83444551, ServiceId 165, CustomerId 1346070942, Nachricht: Barzahlung zugestimmt 
2012-08-27T14:35:42+02:00 INFO (6): ydadmin-ThinkPad-X220-Tablet serving janamesa.com.br.testing PaymentHelper: OrderNr 83444551, ServiceId 165, CustomerId 1346070942, Nachricht: Barzahlung zugestimmt 
2012-08-27T14:35:44+02:00 INFO (6): ydadmin-ThinkPad-X220-Tablet serving janamesa.com.br.testing PaymentHelper: OrderNr 55309615, ServiceId 242, CustomerId 1346070944, Nachricht: Barzahlung zugestimmt 
2012-08-27T14:35:44+02:00 INFO (6): ydadmin-ThinkPad-X220-Tablet serving janamesa.com.br.testing PaymentHelper: OrderNr 55309615, ServiceId 242, CustomerId 1346070944, Nachricht: Barzahlung zugestimmt 
2012-08-27T14:35:45+02:00 INFO (6): ydadmin-ThinkPad-X220-Tablet serving janamesa.com.br.testing PaymentHelper: OrderNr 20601957, ServiceId 125, CustomerId 1346070945, Nachricht: Barzahlung zugestimmt 
2012-08-27T14:35:45+02:00 INFO (6): ydadmin-ThinkPad-X220-Tablet serving janamesa.com.br.testing PaymentHelper: OrderNr 20601957, ServiceId 125, CustomerId 1346070945, Nachricht: Barzahlung zugestimmt 
2012-08-27T14:35:46+02:00 INFO (6): ydadmin-ThinkPad-X220-Tablet serving janamesa.com.br.testing PaymentHelper: OrderNr 77975652, ServiceId 249, CustomerId 1346070946, Nachricht: Barzahlung zugestimmt 
2012-08-27T14:35:46+02:00 INFO (6): ydadmin-ThinkPad-X220-Tablet serving janamesa.com.br.testing PaymentHelper: OrderNr 77975652, ServiceId 249, CustomerId 1346070946, Nachricht: Barzahlung zugestimmt 
2012-08-27T14:35:47+02:00 INFO (6): ydadmin-ThinkPad-X220-Tablet serving janamesa.com.br.testing PaymentHelper: OrderNr 86056508, ServiceId 91, CustomerId 1346070947, Nachricht: Barzahlung zugestimmt 
2012-08-27T14:35:47+02:00 INFO (6): ydadmin-ThinkPad-X220-Tablet serving janamesa.com.br.testing PaymentHelper: OrderNr 86056508, ServiceId 91, CustomerId 1346070947, Nachricht: Barzahlung zugestimmt 
2012-08-27T14:35:48+02:00 INFO (6): ydadmin-ThinkPad-X220-Tablet serving janamesa.com.br.testing PaymentHelper: OrderNr 76453868, ServiceId 91, CustomerId 1346070948, Nachricht: Barzahlung zugestimmt 
2012-08-27T14:35:48+02:00 INFO (6): ydadmin-ThinkPad-X220-Tablet serving janamesa.com.br.testing PaymentHelper: OrderNr 51532029, ServiceId 91, CustomerId 1346070948, Nachricht: Barzahlung zugestimmt 
2012-08-27T14:35:49+02:00 INFO (6): ydadmin-ThinkPad-X220-Tablet serving janamesa.com.br.testing PaymentHelper: OrderNr 55494219, ServiceId 310, CustomerId 1346070949, Nachricht: Barzahlung zugestimmt 
2012-08-27T14:35:49+02:00 INFO (6): ydadmin-ThinkPad-X220-Tablet serving janamesa.com.br.testing PaymentHelper: OrderNr 55494219, ServiceId 310, CustomerId 1346070949, Nachricht: Barzahlung zugestimmt 
2012-08-27T14:35:50+02:00 INFO (6): ydadmin-ThinkPad-X220-Tablet serving janamesa.com.br.testing PaymentHelper: OrderNr 28828301, ServiceId 360, CustomerId 1346070950, Nachricht: Barzahlung zugestimmt 
2012-08-27T14:35:50+02:00 INFO (6): ydadmin-ThinkPad-X220-Tablet serving janamesa.com.br.testing PaymentHelper: OrderNr 28828301, ServiceId 360, CustomerId 1346070950, Nachricht: Barzahlung zugestimmt 
2012-08-27T14:35:51+02:00 INFO (6): ydadmin-ThinkPad-X220-Tablet serving janamesa.com.br.testing PaymentHelper: OrderNr 22682983, ServiceId 360, CustomerId 1346070951, Nachricht: Paypalbezahlung zugestimmt 
2012-08-27T14:35:53+02:00 INFO (6): ydadmin-ThinkPad-X220-Tablet serving janamesa.com.br.testing PaymentHelper: OrderNr 22682983, ServiceId 360, CustomerId 1346070953, Nachricht: Barzahlung zugestimmt 
2012-08-27T14:35:54+02:00 INFO (6): ydadmin-ThinkPad-X220-Tablet serving janamesa.com.br.testing PaymentHelper: OrderNr 13079568, ServiceId 360, CustomerId 1346070954, Nachricht: Barzahlung zugestimmt 
2012-08-27T14:35:54+02:00 INFO (6): ydadmin-ThinkPad-X220-Tablet serving janamesa.com.br.testing PaymentHelper: OrderNr 13079568, ServiceId 360, CustomerId 1346070954, Nachricht: Barzahlung zugestimmt 
2012-08-27T14:35:55+02:00 INFO (6): ydadmin-ThinkPad-X220-Tablet serving janamesa.com.br.testing PaymentHelper: OrderNr 39289030, ServiceId 360, CustomerId 1346070955, Nachricht: Barzahlung zugestimmt 
2012-08-27T14:35:55+02:00 INFO (6): ydadmin-ThinkPad-X220-Tablet serving janamesa.com.br.testing PaymentHelper: OrderNr 79057940, ServiceId 360, CustomerId 1346070955, Nachricht: Barzahlung zugestimmt 
2012-08-27T14:37:41+02:00 INFO (6): ydadmin-ThinkPad-X220-Tablet serving janamesa.com.br.testing PaymentHelper: OrderNr 00435180, ServiceId 22, CustomerId 1346071061, Nachricht: Barzahlung zugestimmt 
2012-08-27T14:37:41+02:00 INFO (6): ydadmin-ThinkPad-X220-Tablet serving janamesa.com.br.testing PaymentHelper: OrderNr 00435180, ServiceId 22, CustomerId 1346071061, Nachricht: Barzahlung zugestimmt 
2012-08-27T14:37:43+02:00 INFO (6): ydadmin-ThinkPad-X220-Tablet serving janamesa.com.br.testing PaymentHelper: OrderNr 33635611, ServiceId 174, CustomerId 1346071063, Nachricht: Barzahlung zugestimmt 
2012-08-27T14:37:43+02:00 INFO (6): ydadmin-ThinkPad-X220-Tablet serving janamesa.com.br.testing PaymentHelper: OrderNr 33635611, ServiceId 174, CustomerId 1346071063, Nachricht: Barzahlung zugestimmt 
2012-08-27T14:37:45+02:00 INFO (6): ydadmin-ThinkPad-X220-Tablet serving janamesa.com.br.testing PaymentHelper: OrderNr 70195820, ServiceId 174, CustomerId 1346071065, Nachricht: Barzahlung zugestimmt 
2012-08-27T14:37:45+02:00 INFO (6): ydadmin-ThinkPad-X220-Tablet serving janamesa.com.br.testing PaymentHelper: OrderNr 70195820, ServiceId 174, CustomerId 1346071065, Nachricht: Barzahlung zugestimmt 
2012-08-27T14:37:47+02:00 INFO (6): ydadmin-ThinkPad-X220-Tablet serving janamesa.com.br.testing PaymentHelper: OrderNr 01871764, ServiceId 40, CustomerId 1346071067, Nachricht: Barzahlung zugestimmt 
2012-08-27T14:37:47+02:00 INFO (6): ydadmin-ThinkPad-X220-Tablet serving janamesa.com.br.testing PaymentHelper: OrderNr 01871764, ServiceId 40, CustomerId 1346071067, Nachricht: Barzahlung zugestimmt 
2012-08-27T14:37:49+02:00 INFO (6): ydadmin-ThinkPad-X220-Tablet serving janamesa.com.br.testing PaymentHelper: OrderNr 27497502, ServiceId 363, CustomerId 1346071069, Nachricht: Barzahlung zugestimmt 
2012-08-27T14:37:49+02:00 INFO (6): ydadmin-ThinkPad-X220-Tablet serving janamesa.com.br.testing PaymentHelper: OrderNr 27497502, ServiceId 363, CustomerId 1346071069, Nachricht: Barzahlung zugestimmt 
2012-08-27T14:37:51+02:00 INFO (6): ydadmin-ThinkPad-X220-Tablet serving janamesa.com.br.testing PaymentHelper: OrderNr 84822846, ServiceId 36, CustomerId 1346071070, Nachricht: Paypalbezahlung zugestimmt 
2012-08-27T14:37:51+02:00 INFO (6): ydadmin-ThinkPad-X220-Tablet serving janamesa.com.br.testing PaymentHelper: OrderNr 84822846, ServiceId 36, CustomerId 1346071070, Nachricht: Paypalbezahlung zugestimmt 
2012-08-27T14:37:52+02:00 INFO (6): ydadmin-ThinkPad-X220-Tablet serving janamesa.com.br.testing PaymentHelper: OrderNr 43354707, ServiceId 73, CustomerId 1346071072, Nachricht: Paypalbezahlung zugestimmt 
2012-08-27T14:37:52+02:00 INFO (6): ydadmin-ThinkPad-X220-Tablet serving janamesa.com.br.testing PaymentHelper: OrderNr 43354707, ServiceId 73, CustomerId 1346071072, Nachricht: Paypalbezahlung zugestimmt 
2012-08-27T14:37:54+02:00 INFO (6): ydadmin-ThinkPad-X220-Tablet serving janamesa.com.br.testing PaymentHelper: OrderNr 62786262, ServiceId 102, CustomerId 1346071074, Nachricht: Paypalbezahlung zugestimmt 
2012-08-27T14:37:54+02:00 INFO (6): ydadmin-ThinkPad-X220-Tablet serving janamesa.com.br.testing PaymentHelper: OrderNr 62786262, ServiceId 102, CustomerId 1346071074, Nachricht: Paypalbezahlung zugestimmt 
2012-08-27T14:37:56+02:00 INFO (6): ydadmin-ThinkPad-X220-Tablet serving janamesa.com.br.testing PaymentHelper: OrderNr 55013349, ServiceId 327, CustomerId 1346071076, Nachricht: Barzahlung zugestimmt 
2012-08-27T14:37:56+02:00 INFO (6): ydadmin-ThinkPad-X220-Tablet serving janamesa.com.br.testing PaymentHelper: OrderNr 55013349, ServiceId 327, CustomerId 1346071076, Nachricht: Barzahlung zugestimmt 
2012-08-27T14:37:58+02:00 INFO (6): ydadmin-ThinkPad-X220-Tablet serving janamesa.com.br.testing PaymentHelper: OrderNr 98738352, ServiceId 178, CustomerId 1346071078, Nachricht: Barzahlung zugestimmt 
2012-08-27T14:37:58+02:00 INFO (6): ydadmin-ThinkPad-X220-Tablet serving janamesa.com.br.testing PaymentHelper: OrderNr 98738352, ServiceId 178, CustomerId 1346071078, Nachricht: Barzahlung zugestimmt 
2012-08-27T14:38:00+02:00 INFO (6): ydadmin-ThinkPad-X220-Tablet serving janamesa.com.br.testing PaymentHelper: OrderNr 55076308, ServiceId 297, CustomerId 1346071080, Nachricht: Barzahlung zugestimmt 
2012-08-27T14:38:00+02:00 INFO (6): ydadmin-ThinkPad-X220-Tablet serving janamesa.com.br.testing PaymentHelper: OrderNr 55076308, ServiceId 297, CustomerId 1346071080, Nachricht: Barzahlung zugestimmt 
2012-08-27T14:38:01+02:00 INFO (6): ydadmin-ThinkPad-X220-Tablet serving janamesa.com.br.testing PaymentHelper: OrderNr 40375049, ServiceId 22, CustomerId 1346071081, Nachricht: Barzahlung zugestimmt 
2012-08-27T14:38:01+02:00 INFO (6): ydadmin-ThinkPad-X220-Tablet serving janamesa.com.br.testing PaymentHelper: OrderNr 40375049, ServiceId 22, CustomerId 1346071081, Nachricht: Barzahlung zugestimmt 
2012-08-27T14:38:03+02:00 INFO (6): ydadmin-ThinkPad-X220-Tablet serving janamesa.com.br.testing PaymentHelper: OrderNr 17586969, ServiceId 364, CustomerId 1346071083, Nachricht: Barzahlung zugestimmt 
2012-08-27T14:38:03+02:00 INFO (6): ydadmin-ThinkPad-X220-Tablet serving janamesa.com.br.testing PaymentHelper: OrderNr 17586969, ServiceId 364, CustomerId 1346071083, Nachricht: Barzahlung zugestimmt 
2012-08-27T14:38:04+02:00 INFO (6): ydadmin-ThinkPad-X220-Tablet serving janamesa.com.br.testing PaymentHelper: OrderNr 20011024, ServiceId 100, CustomerId 1346071084, Nachricht: Barzahlung zugestimmt 
2012-08-27T14:38:04+02:00 INFO (6): ydadmin-ThinkPad-X220-Tablet serving janamesa.com.br.testing PaymentHelper: OrderNr 20011024, ServiceId 100, CustomerId 1346071084, Nachricht: Barzahlung zugestimmt 
2012-08-27T14:38:06+02:00 INFO (6): ydadmin-ThinkPad-X220-Tablet serving janamesa.com.br.testing PaymentHelper: OrderNr 11384081, ServiceId 107, CustomerId 1346071086, Nachricht: Barzahlung zugestimmt 
2012-08-27T14:38:06+02:00 INFO (6): ydadmin-ThinkPad-X220-Tablet serving janamesa.com.br.testing PaymentHelper: OrderNr 11384081, ServiceId 107, CustomerId 1346071086, Nachricht: Barzahlung zugestimmt 
2012-08-27T14:38:08+02:00 INFO (6): ydadmin-ThinkPad-X220-Tablet serving janamesa.com.br.testing PaymentHelper: OrderNr 73395629, ServiceId 158, CustomerId 1346071088, Nachricht: Barzahlung zugestimmt 
2012-08-27T14:38:08+02:00 INFO (6): ydadmin-ThinkPad-X220-Tablet serving janamesa.com.br.testing PaymentHelper: OrderNr 73395629, ServiceId 158, CustomerId 1346071088, Nachricht: Barzahlung zugestimmt 
2012-08-27T14:38:09+02:00 INFO (6): ydadmin-ThinkPad-X220-Tablet serving janamesa.com.br.testing PaymentHelper: OrderNr 07169454, ServiceId 182, CustomerId 1346071089, Nachricht: Barzahlung zugestimmt 
2012-08-27T14:38:09+02:00 INFO (6): ydadmin-ThinkPad-X220-Tablet serving janamesa.com.br.testing PaymentHelper: OrderNr 07169454, ServiceId 182, CustomerId 1346071089, Nachricht: Barzahlung zugestimmt 
2012-08-27T14:38:11+02:00 INFO (6): ydadmin-ThinkPad-X220-Tablet serving janamesa.com.br.testing PaymentHelper: OrderNr 38604042, ServiceId 287, CustomerId 1346071091, Nachricht: Barzahlung zugestimmt 
2012-08-27T14:38:11+02:00 INFO (6): ydadmin-ThinkPad-X220-Tablet serving janamesa.com.br.testing PaymentHelper: OrderNr 38604042, ServiceId 287, CustomerId 1346071091, Nachricht: Barzahlung zugestimmt 
2012-08-27T14:38:13+02:00 INFO (6): ydadmin-ThinkPad-X220-Tablet serving janamesa.com.br.testing PaymentHelper: OrderNr 34563352, ServiceId 56, CustomerId 1346071092, Nachricht: Barzahlung zugestimmt 
2012-08-27T14:38:13+02:00 INFO (6): ydadmin-ThinkPad-X220-Tablet serving janamesa.com.br.testing PaymentHelper: OrderNr 34563352, ServiceId 56, CustomerId 1346071092, Nachricht: Barzahlung zugestimmt 
2012-08-27T14:38:14+02:00 INFO (6): ydadmin-ThinkPad-X220-Tablet serving janamesa.com.br.testing PaymentHelper: OrderNr 85988685, ServiceId 353, CustomerId 1346071094, Nachricht: Barzahlung zugestimmt 
2012-08-27T14:38:14+02:00 INFO (6): ydadmin-ThinkPad-X220-Tablet serving janamesa.com.br.testing PaymentHelper: OrderNr 85988685, ServiceId 353, CustomerId 1346071094, Nachricht: Barzahlung zugestimmt 
2012-08-27T14:38:16+02:00 INFO (6): ydadmin-ThinkPad-X220-Tablet serving janamesa.com.br.testing PaymentHelper: OrderNr 11507991, ServiceId 231, CustomerId 1346071096, Nachricht: Barzahlung zugestimmt 
2012-08-27T14:38:16+02:00 INFO (6): ydadmin-ThinkPad-X220-Tablet serving janamesa.com.br.testing PaymentHelper: OrderNr 11507991, ServiceId 231, CustomerId 1346071096, Nachricht: Barzahlung zugestimmt 
2012-08-27T14:38:17+02:00 INFO (6): ydadmin-ThinkPad-X220-Tablet serving janamesa.com.br.testing PaymentHelper: OrderNr 93474769, ServiceId 56, CustomerId 1346071097, Nachricht: Barzahlung zugestimmt 
2012-08-27T14:38:17+02:00 INFO (6): ydadmin-ThinkPad-X220-Tablet serving janamesa.com.br.testing PaymentHelper: OrderNr 93474769, ServiceId 56, CustomerId 1346071097, Nachricht: Barzahlung zugestimmt 
2012-08-27T14:38:19+02:00 INFO (6): ydadmin-ThinkPad-X220-Tablet serving janamesa.com.br.testing PaymentHelper: OrderNr 48267512, ServiceId 174, CustomerId 1346071099, Nachricht: Barzahlung zugestimmt 
2012-08-27T14:38:19+02:00 INFO (6): ydadmin-ThinkPad-X220-Tablet serving janamesa.com.br.testing PaymentHelper: OrderNr 48267512, ServiceId 174, CustomerId 1346071099, Nachricht: Barzahlung zugestimmt 
2012-08-27T14:38:21+02:00 INFO (6): ydadmin-ThinkPad-X220-Tablet serving janamesa.com.br.testing PaymentHelper: OrderNr 80728522, ServiceId 179, CustomerId 1346071101, Nachricht: Barzahlung zugestimmt 
2012-08-27T14:38:21+02:00 INFO (6): ydadmin-ThinkPad-X220-Tablet serving janamesa.com.br.testing PaymentHelper: OrderNr 80728522, ServiceId 179, CustomerId 1346071101, Nachricht: Barzahlung zugestimmt 
2012-08-27T14:38:23+02:00 INFO (6): ydadmin-ThinkPad-X220-Tablet serving janamesa.com.br.testing PaymentHelper: OrderNr 07092211, ServiceId 284, CustomerId 1346071103, Nachricht: Barzahlung zugestimmt 
2012-08-27T14:38:23+02:00 INFO (6): ydadmin-ThinkPad-X220-Tablet serving janamesa.com.br.testing PaymentHelper: OrderNr 07092211, ServiceId 284, CustomerId 1346071103, Nachricht: Barzahlung zugestimmt 
2012-08-27T14:38:24+02:00 INFO (6): ydadmin-ThinkPad-X220-Tablet serving janamesa.com.br.testing PaymentHelper: OrderNr 81114547, ServiceId 16, CustomerId 1346071104, Nachricht: Barzahlung zugestimmt 
2012-08-27T14:38:24+02:00 INFO (6): ydadmin-ThinkPad-X220-Tablet serving janamesa.com.br.testing PaymentHelper: OrderNr 81114547, ServiceId 16, CustomerId 1346071104, Nachricht: Barzahlung zugestimmt 
2012-08-27T14:38:26+02:00 INFO (6): ydadmin-ThinkPad-X220-Tablet serving janamesa.com.br.testing PaymentHelper: OrderNr 79271445, ServiceId 228, CustomerId 1346071106, Nachricht: Barzahlung zugestimmt 
2012-08-27T14:38:26+02:00 INFO (6): ydadmin-ThinkPad-X220-Tablet serving janamesa.com.br.testing PaymentHelper: OrderNr 79271445, ServiceId 228, CustomerId 1346071106, Nachricht: Barzahlung zugestimmt 
2012-08-27T14:38:27+02:00 INFO (6): ydadmin-ThinkPad-X220-Tablet serving janamesa.com.br.testing PaymentHelper: OrderNr 75077248, ServiceId 115, CustomerId 1346071107, Nachricht: Barzahlung zugestimmt 
2012-08-27T14:38:27+02:00 INFO (6): ydadmin-ThinkPad-X220-Tablet serving janamesa.com.br.testing PaymentHelper: OrderNr 75077248, ServiceId 115, CustomerId 1346071107, Nachricht: Barzahlung zugestimmt 
2012-08-27T14:38:29+02:00 INFO (6): ydadmin-ThinkPad-X220-Tablet serving janamesa.com.br.testing PaymentHelper: OrderNr 12942906, ServiceId 327, CustomerId 1346071109, Nachricht: Barzahlung zugestimmt 
2012-08-27T14:38:29+02:00 INFO (6): ydadmin-ThinkPad-X220-Tablet serving janamesa.com.br.testing PaymentHelper: OrderNr 12942906, ServiceId 327, CustomerId 1346071109, Nachricht: Barzahlung zugestimmt 
2012-08-27T14:38:59+02:00 INFO (6): ydadmin-ThinkPad-X220-Tablet serving janamesa.com.br.testing PaymentHelper: OrderNr 95749419, ServiceId 370, CustomerId 1346071139, Nachricht: Barzahlung zugestimmt 
2012-08-27T14:38:59+02:00 INFO (6): ydadmin-ThinkPad-X220-Tablet serving janamesa.com.br.testing PaymentHelper: OrderNr 95749419, ServiceId 370, CustomerId 1346071139, Nachricht: Barzahlung zugestimmt 
2012-08-27T14:39:46+02:00 INFO (6): ydadmin-ThinkPad-X220-Tablet serving janamesa.com.br.testing PaymentHelper: OrderNr 68560979, ServiceId 63, CustomerId 1346071186, Nachricht: Barzahlung abgelehnt, weil Rabatt "TestingDiscount-1346071185" keine Barzahlung erlaubt 
2012-08-27T14:39:46+02:00 INFO (6): ydadmin-ThinkPad-X220-Tablet serving janamesa.com.br.testing PaymentHelper: OrderNr 68560979, ServiceId 63, CustomerId 1346071186, Nachricht: Paypalbezahlung zugestimmt 
2012-08-27T14:39:46+02:00 INFO (6): ydadmin-ThinkPad-X220-Tablet serving janamesa.com.br.testing PaymentHelper: OrderNr 68560979, ServiceId 63, CustomerId 1346071186, Nachricht: Paypalbezahlung zugestimmt 
2012-08-27T14:39:48+02:00 INFO (6): ydadmin-ThinkPad-X220-Tablet serving janamesa.com.br.testing PaymentHelper: OrderNr 52167520, ServiceId 207, CustomerId 1346071188, Nachricht: Barzahlung zugestimmt 
2012-08-27T14:39:48+02:00 INFO (6): ydadmin-ThinkPad-X220-Tablet serving janamesa.com.br.testing PaymentHelper: OrderNr 52167520, ServiceId 207, CustomerId 1346071188, Nachricht: Barzahlung zugestimmt 
2012-08-27T14:39:50+02:00 INFO (6): ydadmin-ThinkPad-X220-Tablet serving janamesa.com.br.testing PaymentHelper: OrderNr 68874625, ServiceId 286, CustomerId 1346071190, Nachricht: Barzahlung zugestimmt 
2012-08-27T14:39:50+02:00 INFO (6): ydadmin-ThinkPad-X220-Tablet serving janamesa.com.br.testing PaymentHelper: OrderNr 68874625, ServiceId 286, CustomerId 1346071190, Nachricht: Barzahlung zugestimmt 
2012-08-27T14:39:51+02:00 INFO (6): ydadmin-ThinkPad-X220-Tablet serving janamesa.com.br.testing PaymentHelper: OrderNr 93083843, ServiceId 82, CustomerId 1346071191, Nachricht: Barzahlung zugestimmt 
2012-08-27T14:39:51+02:00 INFO (6): ydadmin-ThinkPad-X220-Tablet serving janamesa.com.br.testing PaymentHelper: OrderNr 93083843, ServiceId 82, CustomerId 1346071191, Nachricht: Barzahlung zugestimmt 
2012-08-27T14:39:52+02:00 INFO (6): ydadmin-ThinkPad-X220-Tablet serving janamesa.com.br.testing PaymentHelper: OrderNr 68240103, ServiceId 115, CustomerId 1346071192, Nachricht: Barzahlung zugestimmt 
2012-08-27T14:39:52+02:00 INFO (6): ydadmin-ThinkPad-X220-Tablet serving janamesa.com.br.testing PaymentHelper: OrderNr 68240103, ServiceId 115, CustomerId 1346071192, Nachricht: Barzahlung zugestimmt 
2012-08-27T14:39:54+02:00 INFO (6): ydadmin-ThinkPad-X220-Tablet serving janamesa.com.br.testing PaymentHelper: OrderNr 51057547, ServiceId 234, CustomerId 1346071194, Nachricht: Barzahlung zugestimmt 
2012-08-27T14:39:54+02:00 INFO (6): ydadmin-ThinkPad-X220-Tablet serving janamesa.com.br.testing PaymentHelper: OrderNr 51057547, ServiceId 234, CustomerId 1346071194, Nachricht: Barzahlung zugestimmt 
2012-08-27T14:39:55+02:00 INFO (6): ydadmin-ThinkPad-X220-Tablet serving janamesa.com.br.testing PaymentHelper: OrderNr 60066837, ServiceId 196, CustomerId 373, Nachricht: Barzahlung zugestimmt 
2012-08-27T14:39:55+02:00 INFO (6): ydadmin-ThinkPad-X220-Tablet serving janamesa.com.br.testing PaymentHelper: OrderNr 60066837, ServiceId 196, CustomerId 373, Nachricht: Barzahlung zugestimmt 
2012-08-27T14:39:58+02:00 INFO (6): ydadmin-ThinkPad-X220-Tablet serving janamesa.com.br.testing PaymentHelper: OrderNr 67271654, ServiceId 159, CustomerId 1346071198, Nachricht: Barzahlung zugestimmt 
2012-08-27T14:39:58+02:00 INFO (6): ydadmin-ThinkPad-X220-Tablet serving janamesa.com.br.testing PaymentHelper: OrderNr 67271654, ServiceId 159, CustomerId 1346071198, Nachricht: Barzahlung zugestimmt 
2012-08-27T14:39:59+02:00 INFO (6): ydadmin-ThinkPad-X220-Tablet serving janamesa.com.br.testing PaymentHelper: OrderNr 97491904, ServiceId 345, CustomerId 1346071199, Nachricht: Barzahlung zugestimmt 
2012-08-27T14:39:59+02:00 INFO (6): ydadmin-ThinkPad-X220-Tablet serving janamesa.com.br.testing PaymentHelper: OrderNr 97491904, ServiceId 345, CustomerId 1346071199, Nachricht: Barzahlung zugestimmt 
2012-08-27T14:40:01+02:00 INFO (6): ydadmin-ThinkPad-X220-Tablet serving janamesa.com.br.testing PaymentHelper: OrderNr 07639939, ServiceId 107, CustomerId 1346071201, Nachricht: Barzahlung zugestimmt 
2012-08-27T14:40:01+02:00 INFO (6): ydadmin-ThinkPad-X220-Tablet serving janamesa.com.br.testing PaymentHelper: OrderNr 07639939, ServiceId 107, CustomerId 1346071201, Nachricht: Barzahlung zugestimmt 
2012-08-27T14:40:03+02:00 INFO (6): ydadmin-ThinkPad-X220-Tablet serving janamesa.com.br.testing PaymentHelper: OrderNr 47814458, ServiceId 327, CustomerId 1346071202, Nachricht: Barzahlung zugestimmt 
2012-08-27T14:40:03+02:00 INFO (6): ydadmin-ThinkPad-X220-Tablet serving janamesa.com.br.testing PaymentHelper: OrderNr 47814458, ServiceId 327, CustomerId 1346071202, Nachricht: Barzahlung zugestimmt 
2012-08-27T14:40:04+02:00 INFO (6): ydadmin-ThinkPad-X220-Tablet serving janamesa.com.br.testing PaymentHelper: OrderNr 48557977, ServiceId 285, CustomerId 1346071204, Nachricht: Barzahlung zugestimmt 
2012-08-27T14:40:04+02:00 INFO (6): ydadmin-ThinkPad-X220-Tablet serving janamesa.com.br.testing PaymentHelper: OrderNr 48557977, ServiceId 285, CustomerId 1346071204, Nachricht: Barzahlung zugestimmt 
2012-08-27T14:40:07+02:00 INFO (6): ydadmin-ThinkPad-X220-Tablet serving janamesa.com.br.testing PaymentHelper: OrderNr 44947642, ServiceId 93, CustomerId 1346071207, Nachricht: Barzahlung zugestimmt 
2012-08-27T14:40:07+02:00 INFO (6): ydadmin-ThinkPad-X220-Tablet serving janamesa.com.br.testing PaymentHelper: OrderNr 44947642, ServiceId 93, CustomerId 1346071207, Nachricht: Barzahlung zugestimmt 
2012-08-27T14:40:09+02:00 INFO (6): ydadmin-ThinkPad-X220-Tablet serving janamesa.com.br.testing PaymentHelper: OrderNr 07809603, ServiceId 42, CustomerId 454, Nachricht: Barzahlung zugestimmt 
2012-08-27T14:40:09+02:00 INFO (6): ydadmin-ThinkPad-X220-Tablet serving janamesa.com.br.testing PaymentHelper: OrderNr 07809603, ServiceId 42, CustomerId 454, Nachricht: Barzahlung abgelehnt, weil Rabatt "TestingDiscount-1346071209" keine Barzahlung erlaubt 
2012-08-27T14:40:09+02:00 INFO (6): ydadmin-ThinkPad-X220-Tablet serving janamesa.com.br.testing PaymentHelper: OrderNr 98544007, ServiceId 119, CustomerId 1346071209, Nachricht: Barzahlung abgelehnt, weil Rabatt "TestingDiscount-1346071209" keine Barzahlung erlaubt 
2012-08-27T14:40:09+02:00 INFO (6): ydadmin-ThinkPad-X220-Tablet serving janamesa.com.br.testing PaymentHelper: OrderNr 98544007, ServiceId 119, CustomerId 1346071209, Nachricht: Paypalbezahlung zugestimmt 
2012-08-27T14:40:09+02:00 INFO (6): ydadmin-ThinkPad-X220-Tablet serving janamesa.com.br.testing PaymentHelper: OrderNr 98544007, ServiceId 119, CustomerId 1346071209, Nachricht: Paypalbezahlung zugestimmt 
2012-08-27T14:40:10+02:00 INFO (6): ydadmin-ThinkPad-X220-Tablet serving janamesa.com.br.testing PaymentHelper: OrderNr 93132010, ServiceId 115, CustomerId 1346071210, Nachricht: Barzahlung zugestimmt 
2012-08-27T14:40:10+02:00 INFO (6): ydadmin-ThinkPad-X220-Tablet serving janamesa.com.br.testing PaymentHelper: OrderNr 93132010, ServiceId 115, CustomerId 1346071210, Nachricht: Barzahlung zugestimmt 
2012-08-27T14:40:13+02:00 INFO (6): ydadmin-ThinkPad-X220-Tablet serving janamesa.com.br.testing PaymentHelper: OrderNr 40164607, ServiceId 40, CustomerId 1346071213, Nachricht: Barzahlung zugestimmt 
2012-08-27T14:40:13+02:00 INFO (6): ydadmin-ThinkPad-X220-Tablet serving janamesa.com.br.testing PaymentHelper: OrderNr 40164607, ServiceId 40, CustomerId 1346071213, Nachricht: Barzahlung zugestimmt 
2012-08-27T14:40:16+02:00 INFO (6): ydadmin-ThinkPad-X220-Tablet serving janamesa.com.br.testing PaymentHelper: OrderNr 21817999, ServiceId 95, CustomerId 1346071216, Nachricht: Barzahlung zugestimmt 
2012-08-27T14:40:16+02:00 INFO (6): ydadmin-ThinkPad-X220-Tablet serving janamesa.com.br.testing PaymentHelper: OrderNr 21817999, ServiceId 95, CustomerId 1346071216, Nachricht: Barzahlung zugestimmt 
2012-08-27T14:40:17+02:00 INFO (6): ydadmin-ThinkPad-X220-Tablet serving janamesa.com.br.testing PaymentHelper: OrderNr 88429714, ServiceId 82, CustomerId 1346071217, Nachricht: Barzahlung zugestimmt 
2012-08-27T14:40:17+02:00 INFO (6): ydadmin-ThinkPad-X220-Tablet serving janamesa.com.br.testing PaymentHelper: OrderNr 88429714, ServiceId 82, CustomerId 1346071217, Nachricht: Barzahlung zugestimmt 
2012-08-27T14:40:18+02:00 INFO (6): ydadmin-ThinkPad-X220-Tablet serving janamesa.com.br.testing PaymentHelper: OrderNr 64241258, ServiceId 234, CustomerId 1346071218, Nachricht: Barzahlung zugestimmt 
2012-08-27T14:40:18+02:00 INFO (6): ydadmin-ThinkPad-X220-Tablet serving janamesa.com.br.testing PaymentHelper: OrderNr 64241258, ServiceId 234, CustomerId 1346071218, Nachricht: Barzahlung zugestimmt 
2012-08-27T14:40:20+02:00 INFO (6): ydadmin-ThinkPad-X220-Tablet serving janamesa.com.br.testing PaymentHelper: OrderNr 71627831, ServiceId 0, CustomerId 267, Nachricht: Barzahlung zugestimmt 
2012-08-27T14:40:20+02:00 INFO (6): ydadmin-ThinkPad-X220-Tablet serving janamesa.com.br.testing PaymentHelper: OrderNr 71627831, ServiceId 0, CustomerId 267, Nachricht: Barzahlung zugestimmt 
2012-08-27T14:40:20+02:00 INFO (6): ydadmin-ThinkPad-X220-Tablet serving janamesa.com.br.testing PaymentHelper: OrderNr 15982716, ServiceId 287, CustomerId 1346071220, Nachricht: Barzahlung zugestimmt 
2012-08-27T14:40:20+02:00 INFO (6): ydadmin-ThinkPad-X220-Tablet serving janamesa.com.br.testing PaymentHelper: OrderNr 15982716, ServiceId 287, CustomerId 1346071220, Nachricht: Barzahlung zugestimmt 
2012-08-27T14:40:22+02:00 INFO (6): ydadmin-ThinkPad-X220-Tablet serving janamesa.com.br.testing PaymentHelper: OrderNr 69370605, ServiceId 90, CustomerId 1346071222, Nachricht: Barzahlung zugestimmt 
2012-08-27T14:40:22+02:00 INFO (6): ydadmin-ThinkPad-X220-Tablet serving janamesa.com.br.testing PaymentHelper: OrderNr 69370605, ServiceId 90, CustomerId 1346071222, Nachricht: Barzahlung zugestimmt 
2012-08-27T14:40:24+02:00 INFO (6): ydadmin-ThinkPad-X220-Tablet serving janamesa.com.br.testing PaymentHelper: OrderNr 62264164, ServiceId 90, CustomerId 1346071224, Nachricht: Barzahlung zugestimmt 
2012-08-27T14:40:24+02:00 INFO (6): ydadmin-ThinkPad-X220-Tablet serving janamesa.com.br.testing PaymentHelper: OrderNr 62264164, ServiceId 90, CustomerId 1346071224, Nachricht: Barzahlung zugestimmt 
2012-08-27T14:40:26+02:00 INFO (6): ydadmin-ThinkPad-X220-Tablet serving janamesa.com.br.testing PaymentHelper: OrderNr 10702195, ServiceId 120, CustomerId 238, Nachricht: Barzahlung zugestimmt 
2012-08-27T14:40:26+02:00 INFO (6): ydadmin-ThinkPad-X220-Tablet serving janamesa.com.br.testing PaymentHelper: OrderNr 10702195, ServiceId 120, CustomerId 238, Nachricht: Barzahlung zugestimmt 
2012-08-27T14:40:29+02:00 INFO (6): ydadmin-ThinkPad-X220-Tablet serving janamesa.com.br.testing PaymentHelper: OrderNr 03850073, ServiceId 231, CustomerId 304, Nachricht: Barzahlung zugestimmt 
2012-08-27T14:40:29+02:00 INFO (6): ydadmin-ThinkPad-X220-Tablet serving janamesa.com.br.testing PaymentHelper: OrderNr 03850073, ServiceId 231, CustomerId 304, Nachricht: Barzahlung zugestimmt 
2012-08-27T14:40:31+02:00 INFO (6): ydadmin-ThinkPad-X220-Tablet serving janamesa.com.br.testing PaymentHelper: OrderNr 76480756, ServiceId 40, CustomerId 1346071231, Nachricht: Barzahlung zugestimmt 
2012-08-27T14:40:31+02:00 INFO (6): ydadmin-ThinkPad-X220-Tablet serving janamesa.com.br.testing PaymentHelper: OrderNr 76480756, ServiceId 40, CustomerId 1346071231, Nachricht: Barzahlung zugestimmt 
2012-08-27T14:40:33+02:00 INFO (6): ydadmin-ThinkPad-X220-Tablet serving janamesa.com.br.testing PaymentHelper: OrderNr 97941764, ServiceId 182, CustomerId 309, Nachricht: Barzahlung zugestimmt 
2012-08-27T14:40:33+02:00 INFO (6): ydadmin-ThinkPad-X220-Tablet serving janamesa.com.br.testing PaymentHelper: OrderNr 97941764, ServiceId 182, CustomerId 309, Nachricht: Barzahlung zugestimmt 
2012-08-27T14:40:36+02:00 INFO (6): ydadmin-ThinkPad-X220-Tablet serving janamesa.com.br.testing PaymentHelper: OrderNr 50951361, ServiceId 240, CustomerId 126, Nachricht: Barzahlung zugestimmt 
2012-08-27T14:40:36+02:00 INFO (6): ydadmin-ThinkPad-X220-Tablet serving janamesa.com.br.testing PaymentHelper: OrderNr 50951361, ServiceId 240, CustomerId 126, Nachricht: Barzahlung zugestimmt 
2012-08-27T14:40:38+02:00 INFO (6): ydadmin-ThinkPad-X220-Tablet serving janamesa.com.br.testing PaymentHelper: OrderNr 09646989, ServiceId 240, CustomerId 126, Nachricht: Barzahlung zugestimmt 
2012-08-27T14:40:38+02:00 INFO (6): ydadmin-ThinkPad-X220-Tablet serving janamesa.com.br.testing PaymentHelper: OrderNr 09646989, ServiceId 240, CustomerId 126, Nachricht: Barzahlung zugestimmt 
2012-08-27T14:40:41+02:00 INFO (6): ydadmin-ThinkPad-X220-Tablet serving janamesa.com.br.testing PaymentHelper: OrderNr 50936792, ServiceId 52, CustomerId 126, Nachricht: Barzahlung zugestimmt 
2012-08-27T14:40:41+02:00 INFO (6): ydadmin-ThinkPad-X220-Tablet serving janamesa.com.br.testing PaymentHelper: OrderNr 50936792, ServiceId 52, CustomerId 126, Nachricht: Barzahlung zugestimmt 
