2012-06-20T09:49:45-03:00 INFO (6): ydadmin-ThinkPad-X220-Tablet serving janamesa.com.br.testing PaymentHelper: OrderNr 41983590, ServiceId 66, CustomerId 1340196583, Nachricht: O pagamento à vista foi aceito 
2012-06-20T09:49:45-03:00 INFO (6): ydadmin-ThinkPad-X220-Tablet serving janamesa.com.br.testing PaymentHelper: OrderNr 41983590, ServiceId 66, CustomerId 1340196583, Nachricht: A transferência imediata foi recusada, porque o sistema foi desativado  
2012-06-20T09:49:45-03:00 INFO (6): ydadmin-ThinkPad-X220-Tablet serving janamesa.com.br.testing PaymentHelper: OrderNr 41983590, ServiceId 66, CustomerId 1340196583, Nachricht: Paypalbezahlung zugestimmt 
2012-06-20T09:49:45-03:00 INFO (6): ydadmin-ThinkPad-X220-Tablet serving janamesa.com.br.testing PaymentHelper: OrderNr 41983590, ServiceId 66, CustomerId 1340196583, Nachricht: O pagamento com cartão de crédito foi aceito 
2012-06-20T09:49:45-03:00 INFO (6): ydadmin-ThinkPad-X220-Tablet serving janamesa.com.br.testing PaymentHelper: OrderNr 41983590, ServiceId 66, CustomerId 1340196583, Nachricht: O pagamento à vista foi aceito 
2012-06-20T09:49:45-03:00 INFO (6): ydadmin-ThinkPad-X220-Tablet serving janamesa.com.br.testing PaymentHelper: OrderNr 41983590, ServiceId 66, CustomerId 1340196583, Nachricht: Paypalbezahlung zugestimmt 
2012-06-20T09:49:45-03:00 INFO (6): ydadmin-ThinkPad-X220-Tablet serving janamesa.com.br.testing PaymentHelper: OrderNr 41983590, ServiceId 66, CustomerId 1340196583, Nachricht: O pagamento com cartão de crédito foi aceito 
2012-06-20T09:50:31-03:00 INFO (6): ydadmin-ThinkPad-X220-Tablet serving janamesa.com.br.testing PaymentHelper: OrderNr 72292789, ServiceId 66, CustomerId 1340196631, Nachricht: O pagamento à vista foi aceito 
2012-06-20T09:50:31-03:00 INFO (6): ydadmin-ThinkPad-X220-Tablet serving janamesa.com.br.testing PaymentHelper: OrderNr 72292789, ServiceId 66, CustomerId 1340196631, Nachricht: A transferência imediata foi recusada, porque o sistema foi desativado  
2012-06-20T09:50:31-03:00 INFO (6): ydadmin-ThinkPad-X220-Tablet serving janamesa.com.br.testing PaymentHelper: OrderNr 72292789, ServiceId 66, CustomerId 1340196631, Nachricht: Paypalbezahlung zugestimmt 
2012-06-20T09:50:31-03:00 INFO (6): ydadmin-ThinkPad-X220-Tablet serving janamesa.com.br.testing PaymentHelper: OrderNr 72292789, ServiceId 66, CustomerId 1340196631, Nachricht: O pagamento com cartão de crédito foi aceito 
2012-06-20T09:50:31-03:00 INFO (6): ydadmin-ThinkPad-X220-Tablet serving janamesa.com.br.testing PaymentHelper: OrderNr 72292789, ServiceId 66, CustomerId 1340196631, Nachricht: O pagamento à vista foi aceito 
2012-06-20T09:50:31-03:00 INFO (6): ydadmin-ThinkPad-X220-Tablet serving janamesa.com.br.testing PaymentHelper: OrderNr 72292789, ServiceId 66, CustomerId 1340196631, Nachricht: Paypalbezahlung zugestimmt 
2012-06-20T09:50:31-03:00 INFO (6): ydadmin-ThinkPad-X220-Tablet serving janamesa.com.br.testing PaymentHelper: OrderNr 72292789, ServiceId 66, CustomerId 1340196631, Nachricht: O pagamento com cartão de crédito foi aceito 
2012-06-20T09:58:39-03:00 INFO (6): ydadmin-ThinkPad-X220-Tablet serving janamesa.com.br.testing PaymentHelper: OrderNr 12065214, ServiceId 70, CustomerId 392, Nachricht: O pagamento à vista foi aceito 
2012-06-20T09:58:39-03:00 INFO (6): ydadmin-ThinkPad-X220-Tablet serving janamesa.com.br.testing PaymentHelper: OrderNr 12065214, ServiceId 70, CustomerId 392, Nachricht: A transferência imediata foi recusada, porque o sistema foi desativado  
2012-06-20T09:58:39-03:00 INFO (6): ydadmin-ThinkPad-X220-Tablet serving janamesa.com.br.testing PaymentHelper: OrderNr 12065214, ServiceId 70, CustomerId 392, Nachricht: Paypalbezahlung zugestimmt 
2012-06-20T09:58:39-03:00 INFO (6): ydadmin-ThinkPad-X220-Tablet serving janamesa.com.br.testing PaymentHelper: OrderNr 12065214, ServiceId 70, CustomerId 392, Nachricht: O pagamento com cartão de crédito foi aceito 
2012-06-20T09:58:39-03:00 INFO (6): ydadmin-ThinkPad-X220-Tablet serving janamesa.com.br.testing PaymentHelper: OrderNr 12065214, ServiceId 70, CustomerId 392, Nachricht: O pagamento à vista foi aceito 
2012-06-20T09:58:40-03:00 INFO (6): ydadmin-ThinkPad-X220-Tablet serving janamesa.com.br.testing PaymentHelper: OrderNr 12065214, ServiceId 70, CustomerId 392, Nachricht: Paypalbezahlung zugestimmt 
2012-06-20T09:58:40-03:00 INFO (6): ydadmin-ThinkPad-X220-Tablet serving janamesa.com.br.testing PaymentHelper: OrderNr 12065214, ServiceId 70, CustomerId 392, Nachricht: O pagamento com cartão de crédito foi aceito 
2012-06-20T10:01:10-03:00 INFO (6): ydadmin-ThinkPad-X220-Tablet serving janamesa.com.br.testing PaymentHelper: OrderNr 96016397, ServiceId 70, CustomerId 392, Nachricht: O pagamento à vista foi aceito 
2012-06-20T10:01:10-03:00 INFO (6): ydadmin-ThinkPad-X220-Tablet serving janamesa.com.br.testing PaymentHelper: OrderNr 96016397, ServiceId 70, CustomerId 392, Nachricht: A transferência imediata foi recusada, porque o sistema foi desativado  
2012-06-20T10:01:10-03:00 INFO (6): ydadmin-ThinkPad-X220-Tablet serving janamesa.com.br.testing PaymentHelper: OrderNr 96016397, ServiceId 70, CustomerId 392, Nachricht: Paypalbezahlung zugestimmt 
2012-06-20T10:01:10-03:00 INFO (6): ydadmin-ThinkPad-X220-Tablet serving janamesa.com.br.testing PaymentHelper: OrderNr 96016397, ServiceId 70, CustomerId 392, Nachricht: O pagamento com cartão de crédito foi aceito 
2012-06-20T10:01:10-03:00 INFO (6): ydadmin-ThinkPad-X220-Tablet serving janamesa.com.br.testing PaymentHelper: OrderNr 96016397, ServiceId 70, CustomerId 392, Nachricht: O pagamento à vista foi aceito 
2012-06-20T10:01:10-03:00 INFO (6): ydadmin-ThinkPad-X220-Tablet serving janamesa.com.br.testing PaymentHelper: OrderNr 96016397, ServiceId 70, CustomerId 392, Nachricht: Paypalbezahlung zugestimmt 
2012-06-20T10:01:10-03:00 INFO (6): ydadmin-ThinkPad-X220-Tablet serving janamesa.com.br.testing PaymentHelper: OrderNr 96016397, ServiceId 70, CustomerId 392, Nachricht: O pagamento com cartão de crédito foi aceito 
2012-06-20T10:03:24-03:00 INFO (6): ydadmin-ThinkPad-X220-Tablet serving janamesa.com.br.testing PaymentHelper: OrderNr 35717011, ServiceId 70, CustomerId 392, Nachricht: O pagamento à vista foi aceito 
2012-06-20T10:03:24-03:00 INFO (6): ydadmin-ThinkPad-X220-Tablet serving janamesa.com.br.testing PaymentHelper: OrderNr 35717011, ServiceId 70, CustomerId 392, Nachricht: A transferência imediata foi recusada, porque o sistema foi desativado  
2012-06-20T10:03:24-03:00 INFO (6): ydadmin-ThinkPad-X220-Tablet serving janamesa.com.br.testing PaymentHelper: OrderNr 35717011, ServiceId 70, CustomerId 392, Nachricht: Paypalbezahlung zugestimmt 
2012-06-20T10:03:24-03:00 INFO (6): ydadmin-ThinkPad-X220-Tablet serving janamesa.com.br.testing PaymentHelper: OrderNr 35717011, ServiceId 70, CustomerId 392, Nachricht: O pagamento com cartão de crédito foi aceito 
2012-06-20T10:03:24-03:00 INFO (6): ydadmin-ThinkPad-X220-Tablet serving janamesa.com.br.testing PaymentHelper: OrderNr 35717011, ServiceId 70, CustomerId 392, Nachricht: O pagamento à vista foi aceito 
2012-06-20T10:03:24-03:00 INFO (6): ydadmin-ThinkPad-X220-Tablet serving janamesa.com.br.testing PaymentHelper: OrderNr 35717011, ServiceId 70, CustomerId 392, Nachricht: Paypalbezahlung zugestimmt 
2012-06-20T10:03:24-03:00 INFO (6): ydadmin-ThinkPad-X220-Tablet serving janamesa.com.br.testing PaymentHelper: OrderNr 35717011, ServiceId 70, CustomerId 392, Nachricht: O pagamento com cartão de crédito foi aceito 
2012-06-20T10:13:40-03:00 INFO (6): ydadmin-ThinkPad-X220-Tablet serving janamesa.com.br.testing PaymentHelper: OrderNr 71501457, ServiceId 70, CustomerId 392, Nachricht: O pagamento à vista foi aceito 
2012-06-20T10:13:40-03:00 INFO (6): ydadmin-ThinkPad-X220-Tablet serving janamesa.com.br.testing PaymentHelper: OrderNr 71501457, ServiceId 70, CustomerId 392, Nachricht: A transferência imediata foi recusada, porque o sistema foi desativado  
2012-06-20T10:13:40-03:00 INFO (6): ydadmin-ThinkPad-X220-Tablet serving janamesa.com.br.testing PaymentHelper: OrderNr 71501457, ServiceId 70, CustomerId 392, Nachricht: Paypalbezahlung zugestimmt 
2012-06-20T10:13:40-03:00 INFO (6): ydadmin-ThinkPad-X220-Tablet serving janamesa.com.br.testing PaymentHelper: OrderNr 71501457, ServiceId 70, CustomerId 392, Nachricht: O pagamento com cartão de crédito foi aceito 
2012-06-20T10:13:40-03:00 INFO (6): ydadmin-ThinkPad-X220-Tablet serving janamesa.com.br.testing PaymentHelper: OrderNr 71501457, ServiceId 70, CustomerId 392, Nachricht: O pagamento à vista foi aceito 
2012-06-20T10:13:40-03:00 INFO (6): ydadmin-ThinkPad-X220-Tablet serving janamesa.com.br.testing PaymentHelper: OrderNr 71501457, ServiceId 70, CustomerId 392, Nachricht: Paypalbezahlung zugestimmt 
2012-06-20T10:13:40-03:00 INFO (6): ydadmin-ThinkPad-X220-Tablet serving janamesa.com.br.testing PaymentHelper: OrderNr 71501457, ServiceId 70, CustomerId 392, Nachricht: O pagamento com cartão de crédito foi aceito 
2012-06-20T10:13:41-03:00 INFO (6): ydadmin-ThinkPad-X220-Tablet serving janamesa.com.br.testing PaymentHelper: OrderNr 71501457, ServiceId 70, CustomerId 392, Nachricht: O pagamento à vista foi aceito 
2012-06-20T10:13:41-03:00 INFO (6): ydadmin-ThinkPad-X220-Tablet serving janamesa.com.br.testing PaymentHelper: OrderNr 71501457, ServiceId 70, CustomerId 392, Nachricht: A transferência imediata foi recusada, porque o sistema foi desativado  
2012-06-20T10:13:41-03:00 INFO (6): ydadmin-ThinkPad-X220-Tablet serving janamesa.com.br.testing PaymentHelper: OrderNr 71501457, ServiceId 70, CustomerId 392, Nachricht: Paypalbezahlung zugestimmt 
2012-06-20T10:13:41-03:00 INFO (6): ydadmin-ThinkPad-X220-Tablet serving janamesa.com.br.testing PaymentHelper: OrderNr 71501457, ServiceId 70, CustomerId 392, Nachricht: O pagamento com cartão de crédito foi aceito 
2012-06-20T10:13:41-03:00 INFO (6): ydadmin-ThinkPad-X220-Tablet serving janamesa.com.br.testing PaymentHelper: OrderNr 71501457, ServiceId 70, CustomerId 392, Nachricht: O pagamento à vista foi aceito 
2012-06-20T10:13:41-03:00 INFO (6): ydadmin-ThinkPad-X220-Tablet serving janamesa.com.br.testing PaymentHelper: OrderNr 71501457, ServiceId 70, CustomerId 392, Nachricht: Paypalbezahlung zugestimmt 
2012-06-20T10:13:41-03:00 INFO (6): ydadmin-ThinkPad-X220-Tablet serving janamesa.com.br.testing PaymentHelper: OrderNr 71501457, ServiceId 70, CustomerId 392, Nachricht: O pagamento com cartão de crédito foi aceito 
2012-06-20T10:15:37-03:00 INFO (6): ydadmin-ThinkPad-X220-Tablet serving janamesa.com.br.testing PaymentHelper: OrderNr 01819807, ServiceId 70, CustomerId 392, Nachricht: O pagamento à vista foi aceito 
2012-06-20T10:15:37-03:00 INFO (6): ydadmin-ThinkPad-X220-Tablet serving janamesa.com.br.testing PaymentHelper: OrderNr 01819807, ServiceId 70, CustomerId 392, Nachricht: A transferência imediata foi recusada, porque o sistema foi desativado  
2012-06-20T10:15:37-03:00 INFO (6): ydadmin-ThinkPad-X220-Tablet serving janamesa.com.br.testing PaymentHelper: OrderNr 01819807, ServiceId 70, CustomerId 392, Nachricht: Paypalbezahlung zugestimmt 
2012-06-20T10:15:37-03:00 INFO (6): ydadmin-ThinkPad-X220-Tablet serving janamesa.com.br.testing PaymentHelper: OrderNr 01819807, ServiceId 70, CustomerId 392, Nachricht: O pagamento com cartão de crédito foi aceito 
2012-06-20T10:15:37-03:00 INFO (6): ydadmin-ThinkPad-X220-Tablet serving janamesa.com.br.testing PaymentHelper: OrderNr 01819807, ServiceId 70, CustomerId 392, Nachricht: O pagamento à vista foi aceito 
2012-06-20T10:15:37-03:00 INFO (6): ydadmin-ThinkPad-X220-Tablet serving janamesa.com.br.testing PaymentHelper: OrderNr 01819807, ServiceId 70, CustomerId 392, Nachricht: Paypalbezahlung zugestimmt 
2012-06-20T10:15:37-03:00 INFO (6): ydadmin-ThinkPad-X220-Tablet serving janamesa.com.br.testing PaymentHelper: OrderNr 01819807, ServiceId 70, CustomerId 392, Nachricht: O pagamento com cartão de crédito foi aceito 
2012-06-20T10:15:38-03:00 INFO (6): ydadmin-ThinkPad-X220-Tablet serving janamesa.com.br.testing PaymentHelper: OrderNr 01819807, ServiceId 70, CustomerId 392, Nachricht: O pagamento à vista foi aceito 
2012-06-20T10:15:38-03:00 INFO (6): ydadmin-ThinkPad-X220-Tablet serving janamesa.com.br.testing PaymentHelper: OrderNr 01819807, ServiceId 70, CustomerId 392, Nachricht: A transferência imediata foi recusada, porque o sistema foi desativado  
2012-06-20T10:15:38-03:00 INFO (6): ydadmin-ThinkPad-X220-Tablet serving janamesa.com.br.testing PaymentHelper: OrderNr 01819807, ServiceId 70, CustomerId 392, Nachricht: Paypalbezahlung zugestimmt 
2012-06-20T10:15:38-03:00 INFO (6): ydadmin-ThinkPad-X220-Tablet serving janamesa.com.br.testing PaymentHelper: OrderNr 01819807, ServiceId 70, CustomerId 392, Nachricht: O pagamento com cartão de crédito foi aceito 
2012-06-20T10:15:38-03:00 INFO (6): ydadmin-ThinkPad-X220-Tablet serving janamesa.com.br.testing PaymentHelper: OrderNr 01819807, ServiceId 70, CustomerId 392, Nachricht: O pagamento à vista foi aceito 
2012-06-20T10:15:38-03:00 INFO (6): ydadmin-ThinkPad-X220-Tablet serving janamesa.com.br.testing PaymentHelper: OrderNr 01819807, ServiceId 70, CustomerId 392, Nachricht: Paypalbezahlung zugestimmt 
2012-06-20T10:15:38-03:00 INFO (6): ydadmin-ThinkPad-X220-Tablet serving janamesa.com.br.testing PaymentHelper: OrderNr 01819807, ServiceId 70, CustomerId 392, Nachricht: O pagamento com cartão de crédito foi aceito 
2012-06-20T10:18:11-03:00 INFO (6): ydadmin-ThinkPad-X220-Tablet serving janamesa.com.br.testing PaymentHelper: OrderNr 61755631, ServiceId 70, CustomerId 392, Nachricht: O pagamento à vista foi aceito 
2012-06-20T10:18:11-03:00 INFO (6): ydadmin-ThinkPad-X220-Tablet serving janamesa.com.br.testing PaymentHelper: OrderNr 61755631, ServiceId 70, CustomerId 392, Nachricht: A transferência imediata foi recusada, porque o sistema foi desativado  
2012-06-20T10:18:11-03:00 INFO (6): ydadmin-ThinkPad-X220-Tablet serving janamesa.com.br.testing PaymentHelper: OrderNr 61755631, ServiceId 70, CustomerId 392, Nachricht: Paypalbezahlung zugestimmt 
2012-06-20T10:18:11-03:00 INFO (6): ydadmin-ThinkPad-X220-Tablet serving janamesa.com.br.testing PaymentHelper: OrderNr 61755631, ServiceId 70, CustomerId 392, Nachricht: O pagamento com cartão de crédito foi aceito 
2012-06-20T10:18:11-03:00 INFO (6): ydadmin-ThinkPad-X220-Tablet serving janamesa.com.br.testing PaymentHelper: OrderNr 61755631, ServiceId 70, CustomerId 392, Nachricht: O pagamento à vista foi aceito 
2012-06-20T10:18:11-03:00 INFO (6): ydadmin-ThinkPad-X220-Tablet serving janamesa.com.br.testing PaymentHelper: OrderNr 61755631, ServiceId 70, CustomerId 392, Nachricht: Paypalbezahlung zugestimmt 
2012-06-20T10:18:11-03:00 INFO (6): ydadmin-ThinkPad-X220-Tablet serving janamesa.com.br.testing PaymentHelper: OrderNr 61755631, ServiceId 70, CustomerId 392, Nachricht: O pagamento com cartão de crédito foi aceito 
2012-06-20T10:18:13-03:00 INFO (6): ydadmin-ThinkPad-X220-Tablet serving janamesa.com.br.testing PaymentHelper: OrderNr 61755631, ServiceId 70, CustomerId 392, Nachricht: O pagamento à vista foi aceito 
2012-06-20T10:18:13-03:00 INFO (6): ydadmin-ThinkPad-X220-Tablet serving janamesa.com.br.testing PaymentHelper: OrderNr 61755631, ServiceId 70, CustomerId 392, Nachricht: A transferência imediata foi recusada, porque o sistema foi desativado  
2012-06-20T10:18:13-03:00 INFO (6): ydadmin-ThinkPad-X220-Tablet serving janamesa.com.br.testing PaymentHelper: OrderNr 61755631, ServiceId 70, CustomerId 392, Nachricht: Paypalbezahlung zugestimmt 
2012-06-20T10:18:13-03:00 INFO (6): ydadmin-ThinkPad-X220-Tablet serving janamesa.com.br.testing PaymentHelper: OrderNr 61755631, ServiceId 70, CustomerId 392, Nachricht: O pagamento com cartão de crédito foi aceito 
2012-06-20T10:18:13-03:00 INFO (6): ydadmin-ThinkPad-X220-Tablet serving janamesa.com.br.testing PaymentHelper: OrderNr 61755631, ServiceId 70, CustomerId 392, Nachricht: O pagamento à vista foi aceito 
2012-06-20T10:18:13-03:00 INFO (6): ydadmin-ThinkPad-X220-Tablet serving janamesa.com.br.testing PaymentHelper: OrderNr 61755631, ServiceId 70, CustomerId 392, Nachricht: Paypalbezahlung zugestimmt 
2012-06-20T10:18:13-03:00 INFO (6): ydadmin-ThinkPad-X220-Tablet serving janamesa.com.br.testing PaymentHelper: OrderNr 61755631, ServiceId 70, CustomerId 392, Nachricht: O pagamento com cartão de crédito foi aceito 
2012-06-20T10:18:47-03:00 INFO (6): ydadmin-ThinkPad-X220-Tablet serving janamesa.com.br.testing PaymentHelper: OrderNr 52786708, ServiceId 70, CustomerId 392, Nachricht: O pagamento à vista foi aceito 
2012-06-20T10:18:47-03:00 INFO (6): ydadmin-ThinkPad-X220-Tablet serving janamesa.com.br.testing PaymentHelper: OrderNr 52786708, ServiceId 70, CustomerId 392, Nachricht: A transferência imediata foi recusada, porque o sistema foi desativado  
2012-06-20T10:18:47-03:00 INFO (6): ydadmin-ThinkPad-X220-Tablet serving janamesa.com.br.testing PaymentHelper: OrderNr 52786708, ServiceId 70, CustomerId 392, Nachricht: Paypalbezahlung zugestimmt 
2012-06-20T10:18:47-03:00 INFO (6): ydadmin-ThinkPad-X220-Tablet serving janamesa.com.br.testing PaymentHelper: OrderNr 52786708, ServiceId 70, CustomerId 392, Nachricht: O pagamento com cartão de crédito foi aceito 
2012-06-20T10:18:47-03:00 INFO (6): ydadmin-ThinkPad-X220-Tablet serving janamesa.com.br.testing PaymentHelper: OrderNr 52786708, ServiceId 70, CustomerId 392, Nachricht: O pagamento à vista foi aceito 
2012-06-20T10:18:47-03:00 INFO (6): ydadmin-ThinkPad-X220-Tablet serving janamesa.com.br.testing PaymentHelper: OrderNr 52786708, ServiceId 70, CustomerId 392, Nachricht: Paypalbezahlung zugestimmt 
2012-06-20T10:18:47-03:00 INFO (6): ydadmin-ThinkPad-X220-Tablet serving janamesa.com.br.testing PaymentHelper: OrderNr 52786708, ServiceId 70, CustomerId 392, Nachricht: O pagamento com cartão de crédito foi aceito 
2012-06-20T10:37:41-03:00 INFO (6): ydadmin-ThinkPad-X220-Tablet serving janamesa.com.br.testing PaymentHelper: OrderNr 20409276, ServiceId 70, CustomerId 392, Nachricht: O pagamento à vista foi aceito 
2012-06-20T10:37:41-03:00 INFO (6): ydadmin-ThinkPad-X220-Tablet serving janamesa.com.br.testing PaymentHelper: OrderNr 20409276, ServiceId 70, CustomerId 392, Nachricht: A transferência imediata foi recusada, porque o sistema foi desativado  
2012-06-20T10:37:41-03:00 INFO (6): ydadmin-ThinkPad-X220-Tablet serving janamesa.com.br.testing PaymentHelper: OrderNr 20409276, ServiceId 70, CustomerId 392, Nachricht: Paypalbezahlung zugestimmt 
2012-06-20T10:37:41-03:00 INFO (6): ydadmin-ThinkPad-X220-Tablet serving janamesa.com.br.testing PaymentHelper: OrderNr 20409276, ServiceId 70, CustomerId 392, Nachricht: O pagamento com cartão de crédito foi aceito 
2012-06-20T10:37:41-03:00 INFO (6): ydadmin-ThinkPad-X220-Tablet serving janamesa.com.br.testing PaymentHelper: OrderNr 20409276, ServiceId 70, CustomerId 392, Nachricht: O pagamento à vista foi aceito 
2012-06-20T10:37:41-03:00 INFO (6): ydadmin-ThinkPad-X220-Tablet serving janamesa.com.br.testing PaymentHelper: OrderNr 20409276, ServiceId 70, CustomerId 392, Nachricht: Paypalbezahlung zugestimmt 
2012-06-20T10:37:41-03:00 INFO (6): ydadmin-ThinkPad-X220-Tablet serving janamesa.com.br.testing PaymentHelper: OrderNr 20409276, ServiceId 70, CustomerId 392, Nachricht: O pagamento com cartão de crédito foi aceito 
2012-06-20T11:05:24-03:00 INFO (6): ydadmin-ThinkPad-X220-Tablet serving janamesa.com.br.testing PaymentHelper: OrderNr 17878043, ServiceId 111, CustomerId 392, Nachricht: O pagamento à vista foi aceito 
2012-06-20T11:05:24-03:00 INFO (6): ydadmin-ThinkPad-X220-Tablet serving janamesa.com.br.testing PaymentHelper: OrderNr 17878043, ServiceId 111, CustomerId 392, Nachricht: Pagamento de PayPal recusado, porque o restaurante só aceita pagamento à vista, ele não é premium  
2012-06-20T11:05:24-03:00 INFO (6): ydadmin-ThinkPad-X220-Tablet serving janamesa.com.br.testing PaymentHelper: OrderNr 17878043, ServiceId 111, CustomerId 392, Nachricht: O pagamento com o cartão de crédito foi recusado, porque o restaurante "Chopp Fast" só aceita pagamenteo à vista, ele não é premium 
2012-06-20T11:08:29-03:00 INFO (6): ydadmin-ThinkPad-X220-Tablet serving janamesa.com.br.testing PaymentHelper: OrderNr 92825667, ServiceId 111, CustomerId 392, Nachricht: O pagamento à vista foi aceito 
2012-06-20T11:08:29-03:00 INFO (6): ydadmin-ThinkPad-X220-Tablet serving janamesa.com.br.testing PaymentHelper: OrderNr 92825667, ServiceId 111, CustomerId 392, Nachricht: Pagamento de PayPal recusado, porque o restaurante só aceita pagamento à vista, ele não é premium  
2012-06-20T11:08:29-03:00 INFO (6): ydadmin-ThinkPad-X220-Tablet serving janamesa.com.br.testing PaymentHelper: OrderNr 92825667, ServiceId 111, CustomerId 392, Nachricht: O pagamento com o cartão de crédito foi recusado, porque o restaurante "Chopp Fast" só aceita pagamenteo à vista, ele não é premium 
2012-06-20T11:09:57-03:00 INFO (6): ydadmin-ThinkPad-X220-Tablet serving janamesa.com.br.testing PaymentHelper: OrderNr 52220712, ServiceId 111, CustomerId 392, Nachricht: O pagamento à vista foi aceito 
2012-06-20T11:09:57-03:00 INFO (6): ydadmin-ThinkPad-X220-Tablet serving janamesa.com.br.testing PaymentHelper: OrderNr 52220712, ServiceId 111, CustomerId 392, Nachricht: Pagamento de PayPal recusado, porque o restaurante só aceita pagamento à vista, ele não é premium  
2012-06-20T11:09:57-03:00 INFO (6): ydadmin-ThinkPad-X220-Tablet serving janamesa.com.br.testing PaymentHelper: OrderNr 52220712, ServiceId 111, CustomerId 392, Nachricht: O pagamento com o cartão de crédito foi recusado, porque o restaurante "Chopp Fast" só aceita pagamenteo à vista, ele não é premium 
2012-06-20T11:11:01-03:00 INFO (6): ydadmin-ThinkPad-X220-Tablet serving janamesa.com.br.testing PaymentHelper: OrderNr 72159479, ServiceId 111, CustomerId 392, Nachricht: O pagamento à vista foi aceito 
2012-06-20T11:11:01-03:00 INFO (6): ydadmin-ThinkPad-X220-Tablet serving janamesa.com.br.testing PaymentHelper: OrderNr 72159479, ServiceId 111, CustomerId 392, Nachricht: Pagamento de PayPal recusado, porque o restaurante só aceita pagamento à vista, ele não é premium  
2012-06-20T11:11:01-03:00 INFO (6): ydadmin-ThinkPad-X220-Tablet serving janamesa.com.br.testing PaymentHelper: OrderNr 72159479, ServiceId 111, CustomerId 392, Nachricht: O pagamento com o cartão de crédito foi recusado, porque o restaurante "Chopp Fast" só aceita pagamenteo à vista, ele não é premium 
2012-06-20T11:11:02-03:00 INFO (6): ydadmin-ThinkPad-X220-Tablet serving janamesa.com.br.testing PaymentHelper: OrderNr 72159479, ServiceId 111, CustomerId 392, Nachricht: O pagamento à vista foi aceito 
2012-06-20T11:11:02-03:00 INFO (6): ydadmin-ThinkPad-X220-Tablet serving janamesa.com.br.testing PaymentHelper: OrderNr 72159479, ServiceId 111, CustomerId 392, Nachricht: Pagamento de PayPal recusado, porque o restaurante só aceita pagamento à vista, ele não é premium  
2012-06-20T11:11:02-03:00 INFO (6): ydadmin-ThinkPad-X220-Tablet serving janamesa.com.br.testing PaymentHelper: OrderNr 72159479, ServiceId 111, CustomerId 392, Nachricht: O pagamento com o cartão de crédito foi recusado, porque o restaurante "Chopp Fast" só aceita pagamenteo à vista, ele não é premium 
