2012-06-07T04:56:26-03:00 INFO (6): ydadmin-ThinkPad-X220-Tablet serving janamesa.com.br.testing PaymentHelper: OrderNr 47561966, ServiceId 159, CustomerId 1339055786, Nachricht: O pagamento à vista foi aceito 
2012-06-07T04:56:26-03:00 INFO (6): ydadmin-ThinkPad-X220-Tablet serving janamesa.com.br.testing PaymentHelper: OrderNr 47561966, ServiceId 159, CustomerId 1339055786, Nachricht: O pagamento à vista foi aceito 
2012-06-07T04:56:30-03:00 INFO (6): ydadmin-ThinkPad-X220-Tablet serving janamesa.com.br.testing PaymentHelper: OrderNr 32778960, ServiceId 228, CustomerId 1339055790, Nachricht: O pagamento à vista foi aceito 
2012-06-07T04:56:30-03:00 INFO (6): ydadmin-ThinkPad-X220-Tablet serving janamesa.com.br.testing PaymentHelper: OrderNr 32778960, ServiceId 228, CustomerId 1339055790, Nachricht: O pagamento à vista foi aceito 
2012-06-07T04:56:33-03:00 INFO (6): ydadmin-ThinkPad-X220-Tablet serving janamesa.com.br.testing PaymentHelper: OrderNr 21286264, ServiceId 206, CustomerId 1339055793, Nachricht: Pagamento de PayPal recusado, porque o pagamento de PayPal está desativado no sistema 
2012-06-07T04:56:33-03:00 INFO (6): ydadmin-ThinkPad-X220-Tablet serving janamesa.com.br.testing PaymentHelper: OrderNr 21286264, ServiceId 206, CustomerId 1339055793, Nachricht: Pagamento de PayPal recusado, porque o pagamento de PayPal está desativado no sistema 
2012-06-07T04:56:33-03:00 INFO (6): ydadmin-ThinkPad-X220-Tablet serving janamesa.com.br.testing PaymentHelper: OrderNr 21286264, ServiceId 206, CustomerId 1339055793, Nachricht: O pagamento com cartão de crédito foi aceito 
2012-06-07T04:56:33-03:00 INFO (6): ydadmin-ThinkPad-X220-Tablet serving janamesa.com.br.testing PaymentHelper: OrderNr 21286264, ServiceId 206, CustomerId 1339055793, Nachricht: O pagamento com cartão de crédito foi aceito 
2012-06-07T04:56:36-03:00 INFO (6): ydadmin-ThinkPad-X220-Tablet serving janamesa.com.br.testing PaymentHelper: OrderNr 79989352, ServiceId 79, CustomerId 1339055795, Nachricht: Pagamento de PayPal recusado, porque o pagamento de PayPal está desativado no sistema 
2012-06-07T04:56:36-03:00 INFO (6): ydadmin-ThinkPad-X220-Tablet serving janamesa.com.br.testing PaymentHelper: OrderNr 79989352, ServiceId 79, CustomerId 1339055795, Nachricht: Pagamento de PayPal recusado, porque o pagamento de PayPal está desativado no sistema 
2012-06-07T04:56:36-03:00 INFO (6): ydadmin-ThinkPad-X220-Tablet serving janamesa.com.br.testing PaymentHelper: OrderNr 79989352, ServiceId 79, CustomerId 1339055795, Nachricht: O pagamento com cartão de crédito foi aceito 
2012-06-07T04:56:36-03:00 INFO (6): ydadmin-ThinkPad-X220-Tablet serving janamesa.com.br.testing PaymentHelper: OrderNr 79989352, ServiceId 79, CustomerId 1339055795, Nachricht: O pagamento com cartão de crédito foi aceito 
2012-06-07T04:56:39-03:00 INFO (6): ydadmin-ThinkPad-X220-Tablet serving janamesa.com.br.testing PaymentHelper: OrderNr 17207555, ServiceId 29, CustomerId 1339055798, Nachricht: Pagamento de PayPal recusado, porque o pagamento de PayPal está desativado no sistema 
2012-06-07T04:56:39-03:00 INFO (6): ydadmin-ThinkPad-X220-Tablet serving janamesa.com.br.testing PaymentHelper: OrderNr 17207555, ServiceId 29, CustomerId 1339055798, Nachricht: Pagamento de PayPal recusado, porque o pagamento de PayPal está desativado no sistema 
2012-06-07T04:56:39-03:00 INFO (6): ydadmin-ThinkPad-X220-Tablet serving janamesa.com.br.testing PaymentHelper: OrderNr 17207555, ServiceId 29, CustomerId 1339055798, Nachricht: O pagamento com cartão de crédito foi aceito 
2012-06-07T04:56:39-03:00 INFO (6): ydadmin-ThinkPad-X220-Tablet serving janamesa.com.br.testing PaymentHelper: OrderNr 17207555, ServiceId 29, CustomerId 1339055798, Nachricht: O pagamento com cartão de crédito foi aceito 
2012-06-07T04:56:41-03:00 INFO (6): ydadmin-ThinkPad-X220-Tablet serving janamesa.com.br.testing PaymentHelper: OrderNr 89344429, ServiceId 105, CustomerId 1339055801, Nachricht: O pagamento à vista foi aceito 
2012-06-07T04:56:41-03:00 INFO (6): ydadmin-ThinkPad-X220-Tablet serving janamesa.com.br.testing PaymentHelper: OrderNr 89344429, ServiceId 105, CustomerId 1339055801, Nachricht: O pagamento à vista foi aceito 
2012-06-07T04:56:45-03:00 INFO (6): ydadmin-ThinkPad-X220-Tablet serving janamesa.com.br.testing PaymentHelper: OrderNr 37002457, ServiceId 230, CustomerId 1339055804, Nachricht: O pagamento à vista foi aceito 
2012-06-07T04:56:45-03:00 INFO (6): ydadmin-ThinkPad-X220-Tablet serving janamesa.com.br.testing PaymentHelper: OrderNr 37002457, ServiceId 230, CustomerId 1339055804, Nachricht: O pagamento à vista foi aceito 
2012-06-07T04:56:48-03:00 INFO (6): ydadmin-ThinkPad-X220-Tablet serving janamesa.com.br.testing PaymentHelper: OrderNr 63601723, ServiceId 297, CustomerId 1339055808, Nachricht: O pagamento à vista foi aceito 
2012-06-07T04:56:48-03:00 INFO (6): ydadmin-ThinkPad-X220-Tablet serving janamesa.com.br.testing PaymentHelper: OrderNr 63601723, ServiceId 297, CustomerId 1339055808, Nachricht: O pagamento à vista foi aceito 
2012-06-07T04:56:51-03:00 INFO (6): ydadmin-ThinkPad-X220-Tablet serving janamesa.com.br.testing PaymentHelper: OrderNr 41084213, ServiceId 207, CustomerId 1339055811, Nachricht: Pagamento de PayPal recusado, porque o pagamento de PayPal está desativado no sistema 
2012-06-07T04:56:51-03:00 INFO (6): ydadmin-ThinkPad-X220-Tablet serving janamesa.com.br.testing PaymentHelper: OrderNr 41084213, ServiceId 207, CustomerId 1339055811, Nachricht: Pagamento de PayPal recusado, porque o pagamento de PayPal está desativado no sistema 
2012-06-07T04:56:51-03:00 INFO (6): ydadmin-ThinkPad-X220-Tablet serving janamesa.com.br.testing PaymentHelper: OrderNr 41084213, ServiceId 207, CustomerId 1339055811, Nachricht: O pagamento com cartão de crédito foi aceito 
2012-06-07T04:56:51-03:00 INFO (6): ydadmin-ThinkPad-X220-Tablet serving janamesa.com.br.testing PaymentHelper: OrderNr 41084213, ServiceId 207, CustomerId 1339055811, Nachricht: O pagamento com cartão de crédito foi aceito 
2012-06-07T04:56:55-03:00 INFO (6): ydadmin-ThinkPad-X220-Tablet serving janamesa.com.br.testing PaymentHelper: OrderNr 40274730, ServiceId 3, CustomerId 1339055815, Nachricht: O pagamento à vista foi aceito 
2012-06-07T04:56:55-03:00 INFO (6): ydadmin-ThinkPad-X220-Tablet serving janamesa.com.br.testing PaymentHelper: OrderNr 40274730, ServiceId 3, CustomerId 1339055815, Nachricht: O pagamento à vista foi aceito 
2012-06-07T04:56:59-03:00 INFO (6): ydadmin-ThinkPad-X220-Tablet serving janamesa.com.br.testing PaymentHelper: OrderNr 82137280, ServiceId 72, CustomerId 1339055819, Nachricht: Pagamento de PayPal recusado, porque o pagamento de PayPal está desativado no sistema 
2012-06-07T04:56:59-03:00 INFO (6): ydadmin-ThinkPad-X220-Tablet serving janamesa.com.br.testing PaymentHelper: OrderNr 82137280, ServiceId 72, CustomerId 1339055819, Nachricht: Pagamento de PayPal recusado, porque o pagamento de PayPal está desativado no sistema 
2012-06-07T04:56:59-03:00 INFO (6): ydadmin-ThinkPad-X220-Tablet serving janamesa.com.br.testing PaymentHelper: OrderNr 82137280, ServiceId 72, CustomerId 1339055819, Nachricht: O pagamento com cartão de crédito foi aceito 
2012-06-07T04:56:59-03:00 INFO (6): ydadmin-ThinkPad-X220-Tablet serving janamesa.com.br.testing PaymentHelper: OrderNr 82137280, ServiceId 72, CustomerId 1339055819, Nachricht: O pagamento com cartão de crédito foi aceito 
2012-06-07T04:57:01-03:00 INFO (6): ydadmin-ThinkPad-X220-Tablet serving janamesa.com.br.testing PaymentHelper: OrderNr 46422158, ServiceId 67, CustomerId 1339055821, Nachricht: O pagamento à vista foi aceito 
2012-06-07T04:57:01-03:00 INFO (6): ydadmin-ThinkPad-X220-Tablet serving janamesa.com.br.testing PaymentHelper: OrderNr 46422158, ServiceId 67, CustomerId 1339055821, Nachricht: O pagamento à vista foi aceito 
2012-06-07T04:57:04-03:00 INFO (6): ydadmin-ThinkPad-X220-Tablet serving janamesa.com.br.testing PaymentHelper: OrderNr 68947517, ServiceId 8, CustomerId 1339055824, Nachricht: O pagamento à vista foi aceito 
2012-06-07T04:57:04-03:00 INFO (6): ydadmin-ThinkPad-X220-Tablet serving janamesa.com.br.testing PaymentHelper: OrderNr 68947517, ServiceId 8, CustomerId 1339055824, Nachricht: O pagamento à vista foi aceito 
2012-06-07T04:57:07-03:00 INFO (6): ydadmin-ThinkPad-X220-Tablet serving janamesa.com.br.testing PaymentHelper: OrderNr 22461832, ServiceId 74, CustomerId 1339055827, Nachricht: O pagamento à vista foi aceito 
2012-06-07T04:57:07-03:00 INFO (6): ydadmin-ThinkPad-X220-Tablet serving janamesa.com.br.testing PaymentHelper: OrderNr 22461832, ServiceId 74, CustomerId 1339055827, Nachricht: O pagamento à vista foi aceito 
2012-06-07T04:57:11-03:00 INFO (6): ydadmin-ThinkPad-X220-Tablet serving janamesa.com.br.testing PaymentHelper: OrderNr 37041595, ServiceId 81, CustomerId 1339055831, Nachricht: O pagamento à vista foi aceito 
2012-06-07T04:57:11-03:00 INFO (6): ydadmin-ThinkPad-X220-Tablet serving janamesa.com.br.testing PaymentHelper: OrderNr 37041595, ServiceId 81, CustomerId 1339055831, Nachricht: O pagamento à vista foi aceito 
2012-06-07T04:57:14-03:00 INFO (6): ydadmin-ThinkPad-X220-Tablet serving janamesa.com.br.testing PaymentHelper: OrderNr 99726119, ServiceId 75, CustomerId 1339055834, Nachricht: O pagamento à vista foi aceito 
2012-06-07T04:57:14-03:00 INFO (6): ydadmin-ThinkPad-X220-Tablet serving janamesa.com.br.testing PaymentHelper: OrderNr 99726119, ServiceId 75, CustomerId 1339055834, Nachricht: O pagamento à vista foi aceito 
2012-06-07T04:57:16-03:00 INFO (6): ydadmin-ThinkPad-X220-Tablet serving janamesa.com.br.testing PaymentHelper: OrderNr 96794281, ServiceId 144, CustomerId 1339055836, Nachricht: O pagamento à vista foi aceito 
2012-06-07T04:57:16-03:00 INFO (6): ydadmin-ThinkPad-X220-Tablet serving janamesa.com.br.testing PaymentHelper: OrderNr 96794281, ServiceId 144, CustomerId 1339055836, Nachricht: O pagamento à vista foi aceito 
2012-06-07T04:57:18-03:00 INFO (6): ydadmin-ThinkPad-X220-Tablet serving janamesa.com.br.testing PaymentHelper: OrderNr 19825944, ServiceId 117, CustomerId 1339055838, Nachricht: O pagamento com o cartão de crédito foi aceito, porque o uso de Voucher e o valor do pedido (não o valor aberto) de 66,00 o limite de 7,00  
2012-06-07T04:57:18-03:00 INFO (6): ydadmin-ThinkPad-X220-Tablet serving janamesa.com.br.testing PaymentHelper: OrderNr 19825944, ServiceId 117, CustomerId 1339055838, Nachricht: O pagamento com o cartão de crédito foi aceito, porque o uso de Voucher e o valor do pedido (não o valor aberto) de 66,00 o limite de 7,00  
2012-06-07T04:57:21-03:00 INFO (6): ydadmin-ThinkPad-X220-Tablet serving janamesa.com.br.testing PaymentHelper: OrderNr 79188113, ServiceId 43, CustomerId 1339055841, Nachricht: Pagamento de PayPal recusado, porque o pagamento de PayPal está desativado no sistema 
2012-06-07T04:57:21-03:00 INFO (6): ydadmin-ThinkPad-X220-Tablet serving janamesa.com.br.testing PaymentHelper: OrderNr 79188113, ServiceId 43, CustomerId 1339055841, Nachricht: Pagamento de PayPal recusado, porque o pagamento de PayPal está desativado no sistema 
2012-06-07T04:57:21-03:00 INFO (6): ydadmin-ThinkPad-X220-Tablet serving janamesa.com.br.testing PaymentHelper: OrderNr 79188113, ServiceId 43, CustomerId 1339055841, Nachricht: O pagamento com o cartão de crédito foi aceito, porque o uso de Voucher e o valor do pedido (não o valor aberto) de 17,20 o limite de 7,00  
2012-06-07T04:57:21-03:00 INFO (6): ydadmin-ThinkPad-X220-Tablet serving janamesa.com.br.testing PaymentHelper: OrderNr 79188113, ServiceId 43, CustomerId 1339055841, Nachricht: O pagamento com o cartão de crédito foi aceito, porque o uso de Voucher e o valor do pedido (não o valor aberto) de 17,20 o limite de 7,00  
2012-06-07T05:06:27-03:00 INFO (6): ydadmin-ThinkPad-X220-Tablet serving janamesa.com.br.testing PaymentHelper: OrderNr 06649905, ServiceId 159, CustomerId 1339056387, Nachricht: O pagamento à vista foi aceito 
2012-06-07T05:06:27-03:00 INFO (6): ydadmin-ThinkPad-X220-Tablet serving janamesa.com.br.testing PaymentHelper: OrderNr 06649905, ServiceId 159, CustomerId 1339056387, Nachricht: O pagamento à vista foi aceito 
2012-06-07T05:07:29-03:00 INFO (6): ydadmin-ThinkPad-X220-Tablet serving janamesa.com.br.testing PaymentHelper: OrderNr 54636222, ServiceId 115, CustomerId 1339056448, Nachricht: O pagamento à vista foi aceito 
2012-06-07T05:07:29-03:00 INFO (6): ydadmin-ThinkPad-X220-Tablet serving janamesa.com.br.testing PaymentHelper: OrderNr 54636222, ServiceId 115, CustomerId 1339056448, Nachricht: O pagamento à vista foi aceito 
2012-06-07T05:08:31-03:00 INFO (6): ydadmin-ThinkPad-X220-Tablet serving janamesa.com.br.testing PaymentHelper: OrderNr 90265892, ServiceId 292, CustomerId 1339056510, Nachricht: Pagamento de PayPal recusado, porque o pagamento de PayPal está desativado no sistema 
2012-06-07T05:08:31-03:00 INFO (6): ydadmin-ThinkPad-X220-Tablet serving janamesa.com.br.testing PaymentHelper: OrderNr 90265892, ServiceId 292, CustomerId 1339056510, Nachricht: Pagamento de PayPal recusado, porque o pagamento de PayPal está desativado no sistema 
2012-06-07T05:08:31-03:00 INFO (6): ydadmin-ThinkPad-X220-Tablet serving janamesa.com.br.testing PaymentHelper: OrderNr 90265892, ServiceId 292, CustomerId 1339056510, Nachricht: O pagamento com cartão de crédito foi aceito 
2012-06-07T05:08:31-03:00 INFO (6): ydadmin-ThinkPad-X220-Tablet serving janamesa.com.br.testing PaymentHelper: OrderNr 90265892, ServiceId 292, CustomerId 1339056510, Nachricht: O pagamento com cartão de crédito foi aceito 
2012-06-07T05:09:32-03:00 INFO (6): ydadmin-ThinkPad-X220-Tablet serving janamesa.com.br.testing PaymentHelper: OrderNr 81616699, ServiceId 53, CustomerId 1339056572, Nachricht: Pagamento de PayPal recusado, porque o pagamento de PayPal está desativado no sistema 
2012-06-07T05:09:32-03:00 INFO (6): ydadmin-ThinkPad-X220-Tablet serving janamesa.com.br.testing PaymentHelper: OrderNr 81616699, ServiceId 53, CustomerId 1339056572, Nachricht: Pagamento de PayPal recusado, porque o pagamento de PayPal está desativado no sistema 
2012-06-07T05:09:32-03:00 INFO (6): ydadmin-ThinkPad-X220-Tablet serving janamesa.com.br.testing PaymentHelper: OrderNr 81616699, ServiceId 53, CustomerId 1339056572, Nachricht: O pagamento com cartão de crédito foi aceito 
2012-06-07T05:09:32-03:00 INFO (6): ydadmin-ThinkPad-X220-Tablet serving janamesa.com.br.testing PaymentHelper: OrderNr 81616699, ServiceId 53, CustomerId 1339056572, Nachricht: O pagamento com cartão de crédito foi aceito 
2012-06-07T05:10:34-03:00 INFO (6): ydadmin-ThinkPad-X220-Tablet serving janamesa.com.br.testing PaymentHelper: OrderNr 82143299, ServiceId 237, CustomerId 1339056634, Nachricht: Pagamento de PayPal recusado, porque o pagamento de PayPal está desativado no sistema 
2012-06-07T05:10:34-03:00 INFO (6): ydadmin-ThinkPad-X220-Tablet serving janamesa.com.br.testing PaymentHelper: OrderNr 82143299, ServiceId 237, CustomerId 1339056634, Nachricht: Pagamento de PayPal recusado, porque o pagamento de PayPal está desativado no sistema 
2012-06-07T05:10:34-03:00 INFO (6): ydadmin-ThinkPad-X220-Tablet serving janamesa.com.br.testing PaymentHelper: OrderNr 82143299, ServiceId 237, CustomerId 1339056634, Nachricht: O pagamento com cartão de crédito foi aceito 
2012-06-07T05:10:34-03:00 INFO (6): ydadmin-ThinkPad-X220-Tablet serving janamesa.com.br.testing PaymentHelper: OrderNr 82143299, ServiceId 237, CustomerId 1339056634, Nachricht: O pagamento com cartão de crédito foi aceito 
2012-06-07T05:43:34-03:00 INFO (6): ydadmin-ThinkPad-X220-Tablet serving janamesa.com.br.testing PaymentHelper: OrderNr 65165600, ServiceId 284, CustomerId 1339058614, Nachricht: O pagamento à vista foi aceito 
2012-06-07T05:43:34-03:00 INFO (6): ydadmin-ThinkPad-X220-Tablet serving janamesa.com.br.testing PaymentHelper: OrderNr 65165600, ServiceId 284, CustomerId 1339058614, Nachricht: O pagamento à vista foi aceito 
2012-06-07T05:43:37-03:00 INFO (6): ydadmin-ThinkPad-X220-Tablet serving janamesa.com.br.testing PaymentHelper: OrderNr 89790643, ServiceId 22, CustomerId 1339058617, Nachricht: O pagamento à vista foi aceito 
2012-06-07T05:43:37-03:00 INFO (6): ydadmin-ThinkPad-X220-Tablet serving janamesa.com.br.testing PaymentHelper: OrderNr 89790643, ServiceId 22, CustomerId 1339058617, Nachricht: O pagamento à vista foi aceito 
2012-06-07T05:43:39-03:00 INFO (6): ydadmin-ThinkPad-X220-Tablet serving janamesa.com.br.testing PaymentHelper: OrderNr 41798782, ServiceId 3, CustomerId 1339058619, Nachricht: Pagamento de PayPal recusado, porque o pagamento de PayPal está desativado no sistema 
2012-06-07T05:43:39-03:00 INFO (6): ydadmin-ThinkPad-X220-Tablet serving janamesa.com.br.testing PaymentHelper: OrderNr 41798782, ServiceId 3, CustomerId 1339058619, Nachricht: Pagamento de PayPal recusado, porque o pagamento de PayPal está desativado no sistema 
2012-06-07T05:43:39-03:00 INFO (6): ydadmin-ThinkPad-X220-Tablet serving janamesa.com.br.testing PaymentHelper: OrderNr 41798782, ServiceId 3, CustomerId 1339058619, Nachricht: O pagamento com cartão de crédito foi aceito 
2012-06-07T05:43:39-03:00 INFO (6): ydadmin-ThinkPad-X220-Tablet serving janamesa.com.br.testing PaymentHelper: OrderNr 41798782, ServiceId 3, CustomerId 1339058619, Nachricht: O pagamento com cartão de crédito foi aceito 
2012-06-07T05:43:41-03:00 INFO (6): ydadmin-ThinkPad-X220-Tablet serving janamesa.com.br.testing PaymentHelper: OrderNr 48811123, ServiceId 30, CustomerId 1339058621, Nachricht: Pagamento de PayPal recusado, porque o pagamento de PayPal está desativado no sistema 
2012-06-07T05:43:41-03:00 INFO (6): ydadmin-ThinkPad-X220-Tablet serving janamesa.com.br.testing PaymentHelper: OrderNr 48811123, ServiceId 30, CustomerId 1339058621, Nachricht: Pagamento de PayPal recusado, porque o pagamento de PayPal está desativado no sistema 
2012-06-07T05:43:41-03:00 INFO (6): ydadmin-ThinkPad-X220-Tablet serving janamesa.com.br.testing PaymentHelper: OrderNr 48811123, ServiceId 30, CustomerId 1339058621, Nachricht: O pagamento com cartão de crédito foi aceito 
2012-06-07T05:43:41-03:00 INFO (6): ydadmin-ThinkPad-X220-Tablet serving janamesa.com.br.testing PaymentHelper: OrderNr 48811123, ServiceId 30, CustomerId 1339058621, Nachricht: O pagamento com cartão de crédito foi aceito 
2012-06-07T05:43:44-03:00 INFO (6): ydadmin-ThinkPad-X220-Tablet serving janamesa.com.br.testing PaymentHelper: OrderNr 47274134, ServiceId 113, CustomerId 1339058624, Nachricht: Pagamento de PayPal recusado, porque o pagamento de PayPal está desativado no sistema 
2012-06-07T05:43:44-03:00 INFO (6): ydadmin-ThinkPad-X220-Tablet serving janamesa.com.br.testing PaymentHelper: OrderNr 47274134, ServiceId 113, CustomerId 1339058624, Nachricht: Pagamento de PayPal recusado, porque o pagamento de PayPal está desativado no sistema 
2012-06-07T05:43:44-03:00 INFO (6): ydadmin-ThinkPad-X220-Tablet serving janamesa.com.br.testing PaymentHelper: OrderNr 47274134, ServiceId 113, CustomerId 1339058624, Nachricht: O pagamento com cartão de crédito foi aceito 
2012-06-07T05:43:44-03:00 INFO (6): ydadmin-ThinkPad-X220-Tablet serving janamesa.com.br.testing PaymentHelper: OrderNr 47274134, ServiceId 113, CustomerId 1339058624, Nachricht: O pagamento com cartão de crédito foi aceito 
2012-06-07T05:43:46-03:00 INFO (6): ydadmin-ThinkPad-X220-Tablet serving janamesa.com.br.testing PaymentHelper: OrderNr 55317340, ServiceId 285, CustomerId 1339058626, Nachricht: O pagamento à vista foi aceito 
2012-06-07T05:43:46-03:00 INFO (6): ydadmin-ThinkPad-X220-Tablet serving janamesa.com.br.testing PaymentHelper: OrderNr 55317340, ServiceId 285, CustomerId 1339058626, Nachricht: O pagamento à vista foi aceito 
2012-06-07T05:43:48-03:00 INFO (6): ydadmin-ThinkPad-X220-Tablet serving janamesa.com.br.testing PaymentHelper: OrderNr 96340417, ServiceId 143, CustomerId 1339058628, Nachricht: O pagamento à vista foi aceito 
2012-06-07T05:43:48-03:00 INFO (6): ydadmin-ThinkPad-X220-Tablet serving janamesa.com.br.testing PaymentHelper: OrderNr 96340417, ServiceId 143, CustomerId 1339058628, Nachricht: O pagamento à vista foi aceito 
2012-06-07T05:43:51-03:00 INFO (6): ydadmin-ThinkPad-X220-Tablet serving janamesa.com.br.testing PaymentHelper: OrderNr 67115122, ServiceId 90, CustomerId 1339058631, Nachricht: O pagamento à vista foi aceito 
2012-06-07T05:43:51-03:00 INFO (6): ydadmin-ThinkPad-X220-Tablet serving janamesa.com.br.testing PaymentHelper: OrderNr 67115122, ServiceId 90, CustomerId 1339058631, Nachricht: O pagamento à vista foi aceito 
2012-06-07T05:43:53-03:00 INFO (6): ydadmin-ThinkPad-X220-Tablet serving janamesa.com.br.testing PaymentHelper: OrderNr 10449891, ServiceId 229, CustomerId 1339058633, Nachricht: Pagamento de PayPal recusado, porque o pagamento de PayPal está desativado no sistema 
2012-06-07T05:43:53-03:00 INFO (6): ydadmin-ThinkPad-X220-Tablet serving janamesa.com.br.testing PaymentHelper: OrderNr 10449891, ServiceId 229, CustomerId 1339058633, Nachricht: Pagamento de PayPal recusado, porque o pagamento de PayPal está desativado no sistema 
2012-06-07T05:43:53-03:00 INFO (6): ydadmin-ThinkPad-X220-Tablet serving janamesa.com.br.testing PaymentHelper: OrderNr 10449891, ServiceId 229, CustomerId 1339058633, Nachricht: O pagamento com cartão de crédito foi aceito 
2012-06-07T05:43:53-03:00 INFO (6): ydadmin-ThinkPad-X220-Tablet serving janamesa.com.br.testing PaymentHelper: OrderNr 10449891, ServiceId 229, CustomerId 1339058633, Nachricht: O pagamento com cartão de crédito foi aceito 
2012-06-07T05:43:56-03:00 INFO (6): ydadmin-ThinkPad-X220-Tablet serving janamesa.com.br.testing PaymentHelper: OrderNr 07539585, ServiceId 133, CustomerId 1339058636, Nachricht: O pagamento à vista foi aceito 
2012-06-07T05:43:56-03:00 INFO (6): ydadmin-ThinkPad-X220-Tablet serving janamesa.com.br.testing PaymentHelper: OrderNr 07539585, ServiceId 133, CustomerId 1339058636, Nachricht: O pagamento à vista foi aceito 
2012-06-07T05:43:59-03:00 INFO (6): ydadmin-ThinkPad-X220-Tablet serving janamesa.com.br.testing PaymentHelper: OrderNr 37307343, ServiceId 75, CustomerId 1339058638, Nachricht: Pagamento de PayPal recusado, porque o pagamento de PayPal está desativado no sistema 
2012-06-07T05:43:59-03:00 INFO (6): ydadmin-ThinkPad-X220-Tablet serving janamesa.com.br.testing PaymentHelper: OrderNr 37307343, ServiceId 75, CustomerId 1339058638, Nachricht: Pagamento de PayPal recusado, porque o pagamento de PayPal está desativado no sistema 
2012-06-07T05:43:59-03:00 INFO (6): ydadmin-ThinkPad-X220-Tablet serving janamesa.com.br.testing PaymentHelper: OrderNr 37307343, ServiceId 75, CustomerId 1339058638, Nachricht: O pagamento com cartão de crédito foi aceito 
2012-06-07T05:43:59-03:00 INFO (6): ydadmin-ThinkPad-X220-Tablet serving janamesa.com.br.testing PaymentHelper: OrderNr 37307343, ServiceId 75, CustomerId 1339058638, Nachricht: O pagamento com cartão de crédito foi aceito 
2012-06-07T05:44:02-03:00 INFO (6): ydadmin-ThinkPad-X220-Tablet serving janamesa.com.br.testing PaymentHelper: OrderNr 31861772, ServiceId 196, CustomerId 1339058642, Nachricht: O pagamento à vista foi aceito 
2012-06-07T05:44:02-03:00 INFO (6): ydadmin-ThinkPad-X220-Tablet serving janamesa.com.br.testing PaymentHelper: OrderNr 31861772, ServiceId 196, CustomerId 1339058642, Nachricht: O pagamento à vista foi aceito 
2012-06-07T05:44:04-03:00 INFO (6): ydadmin-ThinkPad-X220-Tablet serving janamesa.com.br.testing PaymentHelper: OrderNr 30426480, ServiceId 116, CustomerId 1339058644, Nachricht: O pagamento à vista foi aceito 
2012-06-07T05:44:04-03:00 INFO (6): ydadmin-ThinkPad-X220-Tablet serving janamesa.com.br.testing PaymentHelper: OrderNr 30426480, ServiceId 116, CustomerId 1339058644, Nachricht: O pagamento à vista foi aceito 
2012-06-07T05:44:08-03:00 INFO (6): ydadmin-ThinkPad-X220-Tablet serving janamesa.com.br.testing PaymentHelper: OrderNr 65101941, ServiceId 23, CustomerId 1339058647, Nachricht: O pagamento à vista foi aceito 
2012-06-07T05:44:08-03:00 INFO (6): ydadmin-ThinkPad-X220-Tablet serving janamesa.com.br.testing PaymentHelper: OrderNr 65101941, ServiceId 23, CustomerId 1339058647, Nachricht: O pagamento à vista foi aceito 
2012-06-07T05:44:13-03:00 INFO (6): ydadmin-ThinkPad-X220-Tablet serving janamesa.com.br.testing PaymentHelper: OrderNr 55046065, ServiceId 117, CustomerId 1339058653, Nachricht: O pagamento à vista foi aceito 
2012-06-07T05:44:13-03:00 INFO (6): ydadmin-ThinkPad-X220-Tablet serving janamesa.com.br.testing PaymentHelper: OrderNr 55046065, ServiceId 117, CustomerId 1339058653, Nachricht: O pagamento à vista foi aceito 
2012-06-07T05:44:16-03:00 INFO (6): ydadmin-ThinkPad-X220-Tablet serving janamesa.com.br.testing PaymentHelper: OrderNr 25544545, ServiceId 35, CustomerId 1339058655, Nachricht: O pagamento à vista foi aceito 
2012-06-07T05:44:16-03:00 INFO (6): ydadmin-ThinkPad-X220-Tablet serving janamesa.com.br.testing PaymentHelper: OrderNr 25544545, ServiceId 35, CustomerId 1339058655, Nachricht: O pagamento à vista foi aceito 
2012-06-07T05:44:18-03:00 INFO (6): ydadmin-ThinkPad-X220-Tablet serving janamesa.com.br.testing PaymentHelper: OrderNr 02418350, ServiceId 101, CustomerId 1339058658, Nachricht: O pagamento à vista foi aceito 
2012-06-07T05:44:18-03:00 INFO (6): ydadmin-ThinkPad-X220-Tablet serving janamesa.com.br.testing PaymentHelper: OrderNr 02418350, ServiceId 101, CustomerId 1339058658, Nachricht: O pagamento à vista foi aceito 
2012-06-07T05:44:21-03:00 INFO (6): ydadmin-ThinkPad-X220-Tablet serving janamesa.com.br.testing PaymentHelper: OrderNr 24258773, ServiceId 70, CustomerId 1339058661, Nachricht: O pagamento com o cartão de crédito foi aceito, porque o uso de Voucher e o valor do pedido (não o valor aberto) de 75,70 o limite de 7,00  
2012-06-07T05:44:21-03:00 INFO (6): ydadmin-ThinkPad-X220-Tablet serving janamesa.com.br.testing PaymentHelper: OrderNr 24258773, ServiceId 70, CustomerId 1339058661, Nachricht: O pagamento com o cartão de crédito foi aceito, porque o uso de Voucher e o valor do pedido (não o valor aberto) de 75,70 o limite de 7,00  
2012-06-07T05:44:24-03:00 INFO (6): ydadmin-ThinkPad-X220-Tablet serving janamesa.com.br.testing PaymentHelper: OrderNr 54981216, ServiceId 168, CustomerId 1339058664, Nachricht: Pagamento de PayPal recusado, porque o pagamento de PayPal está desativado no sistema 
2012-06-07T05:44:24-03:00 INFO (6): ydadmin-ThinkPad-X220-Tablet serving janamesa.com.br.testing PaymentHelper: OrderNr 54981216, ServiceId 168, CustomerId 1339058664, Nachricht: Pagamento de PayPal recusado, porque o pagamento de PayPal está desativado no sistema 
2012-06-07T05:44:24-03:00 INFO (6): ydadmin-ThinkPad-X220-Tablet serving janamesa.com.br.testing PaymentHelper: OrderNr 54981216, ServiceId 168, CustomerId 1339058664, Nachricht: O pagamento com o cartão de crédito foi aceito, porque o uso de Voucher e o valor do pedido (não o valor aberto) de 150,95 o limite de 7,00  
2012-06-07T05:44:24-03:00 INFO (6): ydadmin-ThinkPad-X220-Tablet serving janamesa.com.br.testing PaymentHelper: OrderNr 54981216, ServiceId 168, CustomerId 1339058664, Nachricht: O pagamento com o cartão de crédito foi aceito, porque o uso de Voucher e o valor do pedido (não o valor aberto) de 150,95 o limite de 7,00  
2012-06-07T06:03:53-03:00 INFO (6): ydadmin-ThinkPad-X220-Tablet serving janamesa.com.br.testing PaymentHelper: OrderNr 35284866, ServiceId 311, CustomerId 1339059832, Nachricht: O pagamento à vista foi aceito 
2012-06-07T06:03:53-03:00 INFO (6): ydadmin-ThinkPad-X220-Tablet serving janamesa.com.br.testing PaymentHelper: OrderNr 35284866, ServiceId 311, CustomerId 1339059832, Nachricht: A transferência imediata foi recusada, porque o sistema foi desativado  
2012-06-07T06:03:53-03:00 INFO (6): ydadmin-ThinkPad-X220-Tablet serving janamesa.com.br.testing PaymentHelper: OrderNr 35284866, ServiceId 311, CustomerId 1339059832, Nachricht: Pagamento de PayPal recusado, porque o pagamento de PayPal está desativado no sistema 
2012-06-07T06:03:53-03:00 INFO (6): ydadmin-ThinkPad-X220-Tablet serving janamesa.com.br.testing PaymentHelper: OrderNr 35284866, ServiceId 311, CustomerId 1339059832, Nachricht: O pagamento com cartão de crédito foi aceito 
2012-06-07T06:03:53-03:00 INFO (6): ydadmin-ThinkPad-X220-Tablet serving janamesa.com.br.testing PaymentHelper: OrderNr 35284866, ServiceId 311, CustomerId 1339059832, Nachricht: O pagamento à vista foi aceito 
2012-06-07T06:03:53-03:00 INFO (6): ydadmin-ThinkPad-X220-Tablet serving janamesa.com.br.testing PaymentHelper: OrderNr 35284866, ServiceId 311, CustomerId 1339059832, Nachricht: O pagamento com cartão de crédito foi aceito 
2012-06-07T06:52:07-03:00 INFO (6): ydadmin-ThinkPad-X220-Tablet serving janamesa.com.br.testing PaymentHelper: OrderNr 84834783, ServiceId 105, CustomerId 1339062727, Nachricht: O pagamento à vista foi aceito 
2012-06-07T06:52:07-03:00 INFO (6): ydadmin-ThinkPad-X220-Tablet serving janamesa.com.br.testing PaymentHelper: OrderNr 84834783, ServiceId 105, CustomerId 1339062727, Nachricht: O pagamento à vista foi aceito 
2012-06-07T06:52:10-03:00 INFO (6): ydadmin-ThinkPad-X220-Tablet serving janamesa.com.br.testing PaymentHelper: OrderNr 81014781, ServiceId 67, CustomerId 1339062730, Nachricht: O pagamento à vista foi aceito 
2012-06-07T06:52:10-03:00 INFO (6): ydadmin-ThinkPad-X220-Tablet serving janamesa.com.br.testing PaymentHelper: OrderNr 81014781, ServiceId 67, CustomerId 1339062730, Nachricht: O pagamento à vista foi aceito 
2012-06-07T06:52:14-03:00 INFO (6): ydadmin-ThinkPad-X220-Tablet serving janamesa.com.br.testing PaymentHelper: OrderNr 01385379, ServiceId 75, CustomerId 1339062734, Nachricht: Pagamento de PayPal recusado, porque o pagamento de PayPal está desativado no sistema 
2012-06-07T06:52:14-03:00 INFO (6): ydadmin-ThinkPad-X220-Tablet serving janamesa.com.br.testing PaymentHelper: OrderNr 01385379, ServiceId 75, CustomerId 1339062734, Nachricht: Pagamento de PayPal recusado, porque o pagamento de PayPal está desativado no sistema 
2012-06-07T06:52:14-03:00 INFO (6): ydadmin-ThinkPad-X220-Tablet serving janamesa.com.br.testing PaymentHelper: OrderNr 01385379, ServiceId 75, CustomerId 1339062734, Nachricht: O pagamento com cartão de crédito foi aceito 
2012-06-07T06:52:14-03:00 INFO (6): ydadmin-ThinkPad-X220-Tablet serving janamesa.com.br.testing PaymentHelper: OrderNr 01385379, ServiceId 75, CustomerId 1339062734, Nachricht: O pagamento com cartão de crédito foi aceito 
2012-06-07T06:52:17-03:00 INFO (6): ydadmin-ThinkPad-X220-Tablet serving janamesa.com.br.testing PaymentHelper: OrderNr 88784541, ServiceId 94, CustomerId 1339062737, Nachricht: Pagamento de PayPal recusado, porque o pagamento de PayPal está desativado no sistema 
2012-06-07T06:52:17-03:00 INFO (6): ydadmin-ThinkPad-X220-Tablet serving janamesa.com.br.testing PaymentHelper: OrderNr 88784541, ServiceId 94, CustomerId 1339062737, Nachricht: Pagamento de PayPal recusado, porque o pagamento de PayPal está desativado no sistema 
2012-06-07T06:52:17-03:00 INFO (6): ydadmin-ThinkPad-X220-Tablet serving janamesa.com.br.testing PaymentHelper: OrderNr 88784541, ServiceId 94, CustomerId 1339062737, Nachricht: O pagamento com cartão de crédito foi aceito 
2012-06-07T06:52:17-03:00 INFO (6): ydadmin-ThinkPad-X220-Tablet serving janamesa.com.br.testing PaymentHelper: OrderNr 88784541, ServiceId 94, CustomerId 1339062737, Nachricht: O pagamento com cartão de crédito foi aceito 
2012-06-07T06:52:20-03:00 INFO (6): ydadmin-ThinkPad-X220-Tablet serving janamesa.com.br.testing PaymentHelper: OrderNr 98830728, ServiceId 288, CustomerId 1339062740, Nachricht: Pagamento de PayPal recusado, porque o pagamento de PayPal está desativado no sistema 
2012-06-07T06:52:20-03:00 INFO (6): ydadmin-ThinkPad-X220-Tablet serving janamesa.com.br.testing PaymentHelper: OrderNr 98830728, ServiceId 288, CustomerId 1339062740, Nachricht: Pagamento de PayPal recusado, porque o pagamento de PayPal está desativado no sistema 
2012-06-07T06:52:20-03:00 INFO (6): ydadmin-ThinkPad-X220-Tablet serving janamesa.com.br.testing PaymentHelper: OrderNr 98830728, ServiceId 288, CustomerId 1339062740, Nachricht: O pagamento com cartão de crédito foi aceito 
2012-06-07T06:52:20-03:00 INFO (6): ydadmin-ThinkPad-X220-Tablet serving janamesa.com.br.testing PaymentHelper: OrderNr 98830728, ServiceId 288, CustomerId 1339062740, Nachricht: O pagamento com cartão de crédito foi aceito 
2012-06-07T06:52:23-03:00 INFO (6): ydadmin-ThinkPad-X220-Tablet serving janamesa.com.br.testing PaymentHelper: OrderNr 58816825, ServiceId 230, CustomerId 1339062743, Nachricht: O pagamento à vista foi aceito 
2012-06-07T06:52:23-03:00 INFO (6): ydadmin-ThinkPad-X220-Tablet serving janamesa.com.br.testing PaymentHelper: OrderNr 58816825, ServiceId 230, CustomerId 1339062743, Nachricht: O pagamento à vista foi aceito 
2012-06-07T06:52:26-03:00 INFO (6): ydadmin-ThinkPad-X220-Tablet serving janamesa.com.br.testing PaymentHelper: OrderNr 52312715, ServiceId 67, CustomerId 1339062746, Nachricht: O pagamento à vista foi aceito 
2012-06-07T06:52:26-03:00 INFO (6): ydadmin-ThinkPad-X220-Tablet serving janamesa.com.br.testing PaymentHelper: OrderNr 52312715, ServiceId 67, CustomerId 1339062746, Nachricht: O pagamento à vista foi aceito 
2012-06-07T06:52:29-03:00 INFO (6): ydadmin-ThinkPad-X220-Tablet serving janamesa.com.br.testing PaymentHelper: OrderNr 06962459, ServiceId 90, CustomerId 1339062749, Nachricht: O pagamento à vista foi aceito 
2012-06-07T06:52:29-03:00 INFO (6): ydadmin-ThinkPad-X220-Tablet serving janamesa.com.br.testing PaymentHelper: OrderNr 06962459, ServiceId 90, CustomerId 1339062749, Nachricht: O pagamento à vista foi aceito 
2012-06-07T06:52:32-03:00 INFO (6): ydadmin-ThinkPad-X220-Tablet serving janamesa.com.br.testing PaymentHelper: OrderNr 33587138, ServiceId 75, CustomerId 1339062752, Nachricht: Pagamento de PayPal recusado, porque o pagamento de PayPal está desativado no sistema 
2012-06-07T06:52:32-03:00 INFO (6): ydadmin-ThinkPad-X220-Tablet serving janamesa.com.br.testing PaymentHelper: OrderNr 33587138, ServiceId 75, CustomerId 1339062752, Nachricht: Pagamento de PayPal recusado, porque o pagamento de PayPal está desativado no sistema 
2012-06-07T06:52:32-03:00 INFO (6): ydadmin-ThinkPad-X220-Tablet serving janamesa.com.br.testing PaymentHelper: OrderNr 33587138, ServiceId 75, CustomerId 1339062752, Nachricht: O pagamento com cartão de crédito foi aceito 
2012-06-07T06:52:32-03:00 INFO (6): ydadmin-ThinkPad-X220-Tablet serving janamesa.com.br.testing PaymentHelper: OrderNr 33587138, ServiceId 75, CustomerId 1339062752, Nachricht: O pagamento com cartão de crédito foi aceito 
2012-06-07T06:52:37-03:00 INFO (6): ydadmin-ThinkPad-X220-Tablet serving janamesa.com.br.testing PaymentHelper: OrderNr 81668215, ServiceId 63, CustomerId 1339062757, Nachricht: O pagamento à vista foi aceito 
2012-06-07T06:52:37-03:00 INFO (6): ydadmin-ThinkPad-X220-Tablet serving janamesa.com.br.testing PaymentHelper: OrderNr 81668215, ServiceId 63, CustomerId 1339062757, Nachricht: O pagamento à vista foi aceito 
2012-06-07T06:52:39-03:00 INFO (6): ydadmin-ThinkPad-X220-Tablet serving janamesa.com.br.testing PaymentHelper: OrderNr 26729111, ServiceId 249, CustomerId 1339062759, Nachricht: Pagamento de PayPal recusado, porque o pagamento de PayPal está desativado no sistema 
2012-06-07T06:52:39-03:00 INFO (6): ydadmin-ThinkPad-X220-Tablet serving janamesa.com.br.testing PaymentHelper: OrderNr 26729111, ServiceId 249, CustomerId 1339062759, Nachricht: Pagamento de PayPal recusado, porque o pagamento de PayPal está desativado no sistema 
2012-06-07T06:52:39-03:00 INFO (6): ydadmin-ThinkPad-X220-Tablet serving janamesa.com.br.testing PaymentHelper: OrderNr 26729111, ServiceId 249, CustomerId 1339062759, Nachricht: O pagamento com cartão de crédito foi aceito 
2012-06-07T06:52:39-03:00 INFO (6): ydadmin-ThinkPad-X220-Tablet serving janamesa.com.br.testing PaymentHelper: OrderNr 26729111, ServiceId 249, CustomerId 1339062759, Nachricht: O pagamento com cartão de crédito foi aceito 
2012-06-07T06:52:42-03:00 INFO (6): ydadmin-ThinkPad-X220-Tablet serving janamesa.com.br.testing PaymentHelper: OrderNr 24653209, ServiceId 230, CustomerId 1339062762, Nachricht: O pagamento à vista foi aceito 
2012-06-07T06:52:42-03:00 INFO (6): ydadmin-ThinkPad-X220-Tablet serving janamesa.com.br.testing PaymentHelper: OrderNr 24653209, ServiceId 230, CustomerId 1339062762, Nachricht: O pagamento à vista foi aceito 
2012-06-07T06:52:45-03:00 INFO (6): ydadmin-ThinkPad-X220-Tablet serving janamesa.com.br.testing PaymentHelper: OrderNr 51255412, ServiceId 70, CustomerId 1339062765, Nachricht: O pagamento à vista foi aceito 
2012-06-07T06:52:45-03:00 INFO (6): ydadmin-ThinkPad-X220-Tablet serving janamesa.com.br.testing PaymentHelper: OrderNr 51255412, ServiceId 70, CustomerId 1339062765, Nachricht: O pagamento à vista foi aceito 
2012-06-07T06:52:49-03:00 INFO (6): ydadmin-ThinkPad-X220-Tablet serving janamesa.com.br.testing PaymentHelper: OrderNr 09735736, ServiceId 113, CustomerId 1339062769, Nachricht: O pagamento à vista foi aceito 
2012-06-07T06:52:49-03:00 INFO (6): ydadmin-ThinkPad-X220-Tablet serving janamesa.com.br.testing PaymentHelper: OrderNr 09735736, ServiceId 113, CustomerId 1339062769, Nachricht: O pagamento à vista foi aceito 
2012-06-07T06:52:54-03:00 INFO (6): ydadmin-ThinkPad-X220-Tablet serving janamesa.com.br.testing PaymentHelper: OrderNr 64843320, ServiceId 134, CustomerId 1339062773, Nachricht: O pagamento à vista foi aceito 
2012-06-07T06:52:54-03:00 INFO (6): ydadmin-ThinkPad-X220-Tablet serving janamesa.com.br.testing PaymentHelper: OrderNr 64843320, ServiceId 134, CustomerId 1339062773, Nachricht: O pagamento à vista foi aceito 
2012-06-07T06:52:57-03:00 INFO (6): ydadmin-ThinkPad-X220-Tablet serving janamesa.com.br.testing PaymentHelper: OrderNr 03828819, ServiceId 15, CustomerId 1339062777, Nachricht: O pagamento à vista foi aceito 
2012-06-07T06:52:57-03:00 INFO (6): ydadmin-ThinkPad-X220-Tablet serving janamesa.com.br.testing PaymentHelper: OrderNr 03828819, ServiceId 15, CustomerId 1339062777, Nachricht: O pagamento à vista foi aceito 
2012-06-07T06:52:59-03:00 INFO (6): ydadmin-ThinkPad-X220-Tablet serving janamesa.com.br.testing PaymentHelper: OrderNr 30172867, ServiceId 248, CustomerId 1339062779, Nachricht: O pagamento à vista foi aceito 
2012-06-07T06:52:59-03:00 INFO (6): ydadmin-ThinkPad-X220-Tablet serving janamesa.com.br.testing PaymentHelper: OrderNr 30172867, ServiceId 248, CustomerId 1339062779, Nachricht: O pagamento à vista foi aceito 
2012-06-07T06:53:04-03:00 INFO (6): ydadmin-ThinkPad-X220-Tablet serving janamesa.com.br.testing PaymentHelper: OrderNr 78478728, ServiceId 75, CustomerId 1339062784, Nachricht: O pagamento com o cartão de crédito foi aceito, porque o uso de Voucher e o valor do pedido (não o valor aberto) de 29,50 o limite de 7,00  
2012-06-07T06:53:04-03:00 INFO (6): ydadmin-ThinkPad-X220-Tablet serving janamesa.com.br.testing PaymentHelper: OrderNr 78478728, ServiceId 75, CustomerId 1339062784, Nachricht: O pagamento com o cartão de crédito foi aceito, porque o uso de Voucher e o valor do pedido (não o valor aberto) de 29,50 o limite de 7,00  
2012-06-07T06:53:08-03:00 INFO (6): ydadmin-ThinkPad-X220-Tablet serving janamesa.com.br.testing PaymentHelper: OrderNr 80202394, ServiceId 117, CustomerId 1339062788, Nachricht: Pagamento de PayPal recusado, porque o pagamento de PayPal está desativado no sistema 
2012-06-07T06:53:08-03:00 INFO (6): ydadmin-ThinkPad-X220-Tablet serving janamesa.com.br.testing PaymentHelper: OrderNr 80202394, ServiceId 117, CustomerId 1339062788, Nachricht: Pagamento de PayPal recusado, porque o pagamento de PayPal está desativado no sistema 
2012-06-07T06:53:08-03:00 INFO (6): ydadmin-ThinkPad-X220-Tablet serving janamesa.com.br.testing PaymentHelper: OrderNr 80202394, ServiceId 117, CustomerId 1339062788, Nachricht: O pagamento com o cartão de crédito foi aceito, porque o uso de Voucher e o valor do pedido (não o valor aberto) de 109,70 o limite de 7,00  
2012-06-07T06:53:08-03:00 INFO (6): ydadmin-ThinkPad-X220-Tablet serving janamesa.com.br.testing PaymentHelper: OrderNr 80202394, ServiceId 117, CustomerId 1339062788, Nachricht: O pagamento com o cartão de crédito foi aceito, porque o uso de Voucher e o valor do pedido (não o valor aberto) de 109,70 o limite de 7,00  
2012-06-07T09:57:55-03:00 INFO (6): ydadmin-ThinkPad-X220-Tablet serving janamesa.com.br.testing PaymentHelper: OrderNr 59438350, ServiceId 77, CustomerId 1339073875, Nachricht: O pagamento à vista foi aceito 
2012-06-07T09:57:55-03:00 INFO (6): ydadmin-ThinkPad-X220-Tablet serving janamesa.com.br.testing PaymentHelper: OrderNr 59438350, ServiceId 77, CustomerId 1339073875, Nachricht: O pagamento à vista foi aceito 
2012-06-07T09:57:58-03:00 INFO (6): ydadmin-ThinkPad-X220-Tablet serving janamesa.com.br.testing PaymentHelper: OrderNr 92457407, ServiceId 285, CustomerId 1339073878, Nachricht: O pagamento à vista foi aceito 
2012-06-07T09:57:58-03:00 INFO (6): ydadmin-ThinkPad-X220-Tablet serving janamesa.com.br.testing PaymentHelper: OrderNr 92457407, ServiceId 285, CustomerId 1339073878, Nachricht: O pagamento à vista foi aceito 
2012-06-07T09:58:00-03:00 INFO (6): ydadmin-ThinkPad-X220-Tablet serving janamesa.com.br.testing PaymentHelper: OrderNr 40519765, ServiceId 53, CustomerId 1339073880, Nachricht: Pagamento de PayPal recusado, porque o pagamento de PayPal está desativado no sistema 
2012-06-07T09:58:00-03:00 INFO (6): ydadmin-ThinkPad-X220-Tablet serving janamesa.com.br.testing PaymentHelper: OrderNr 40519765, ServiceId 53, CustomerId 1339073880, Nachricht: Pagamento de PayPal recusado, porque o pagamento de PayPal está desativado no sistema 
2012-06-07T09:58:00-03:00 INFO (6): ydadmin-ThinkPad-X220-Tablet serving janamesa.com.br.testing PaymentHelper: OrderNr 40519765, ServiceId 53, CustomerId 1339073880, Nachricht: O pagamento com cartão de crédito foi aceito 
2012-06-07T09:58:00-03:00 INFO (6): ydadmin-ThinkPad-X220-Tablet serving janamesa.com.br.testing PaymentHelper: OrderNr 40519765, ServiceId 53, CustomerId 1339073880, Nachricht: O pagamento com cartão de crédito foi aceito 
2012-06-07T09:58:02-03:00 INFO (6): ydadmin-ThinkPad-X220-Tablet serving janamesa.com.br.testing PaymentHelper: OrderNr 25047462, ServiceId 29, CustomerId 1339073882, Nachricht: Pagamento de PayPal recusado, porque o pagamento de PayPal está desativado no sistema 
2012-06-07T09:58:02-03:00 INFO (6): ydadmin-ThinkPad-X220-Tablet serving janamesa.com.br.testing PaymentHelper: OrderNr 25047462, ServiceId 29, CustomerId 1339073882, Nachricht: Pagamento de PayPal recusado, porque o pagamento de PayPal está desativado no sistema 
2012-06-07T09:58:02-03:00 INFO (6): ydadmin-ThinkPad-X220-Tablet serving janamesa.com.br.testing PaymentHelper: OrderNr 25047462, ServiceId 29, CustomerId 1339073882, Nachricht: O pagamento com cartão de crédito foi aceito 
2012-06-07T09:58:03-03:00 INFO (6): ydadmin-ThinkPad-X220-Tablet serving janamesa.com.br.testing PaymentHelper: OrderNr 25047462, ServiceId 29, CustomerId 1339073882, Nachricht: O pagamento com cartão de crédito foi aceito 
2012-06-07T09:58:05-03:00 INFO (6): ydadmin-ThinkPad-X220-Tablet serving janamesa.com.br.testing PaymentHelper: OrderNr 52045877, ServiceId 74, CustomerId 1339073885, Nachricht: Pagamento de PayPal recusado, porque o pagamento de PayPal está desativado no sistema 
2012-06-07T09:58:05-03:00 INFO (6): ydadmin-ThinkPad-X220-Tablet serving janamesa.com.br.testing PaymentHelper: OrderNr 52045877, ServiceId 74, CustomerId 1339073885, Nachricht: Pagamento de PayPal recusado, porque o pagamento de PayPal está desativado no sistema 
2012-06-07T09:58:05-03:00 INFO (6): ydadmin-ThinkPad-X220-Tablet serving janamesa.com.br.testing PaymentHelper: OrderNr 52045877, ServiceId 74, CustomerId 1339073885, Nachricht: O pagamento com cartão de crédito foi aceito 
2012-06-07T09:58:05-03:00 INFO (6): ydadmin-ThinkPad-X220-Tablet serving janamesa.com.br.testing PaymentHelper: OrderNr 52045877, ServiceId 74, CustomerId 1339073885, Nachricht: O pagamento com cartão de crédito foi aceito 
2012-06-07T09:58:07-03:00 INFO (6): ydadmin-ThinkPad-X220-Tablet serving janamesa.com.br.testing PaymentHelper: OrderNr 67232392, ServiceId 228, CustomerId 1339073887, Nachricht: O pagamento à vista foi aceito 
2012-06-07T09:58:07-03:00 INFO (6): ydadmin-ThinkPad-X220-Tablet serving janamesa.com.br.testing PaymentHelper: OrderNr 67232392, ServiceId 228, CustomerId 1339073887, Nachricht: O pagamento à vista foi aceito 
2012-06-07T09:58:09-03:00 INFO (6): ydadmin-ThinkPad-X220-Tablet serving janamesa.com.br.testing PaymentHelper: OrderNr 95503714, ServiceId 40, CustomerId 1339073889, Nachricht: O pagamento à vista foi aceito 
2012-06-07T09:58:09-03:00 INFO (6): ydadmin-ThinkPad-X220-Tablet serving janamesa.com.br.testing PaymentHelper: OrderNr 95503714, ServiceId 40, CustomerId 1339073889, Nachricht: O pagamento à vista foi aceito 
2012-06-07T09:58:12-03:00 INFO (6): ydadmin-ThinkPad-X220-Tablet serving janamesa.com.br.testing PaymentHelper: OrderNr 19890106, ServiceId 254, CustomerId 1339073892, Nachricht: O pagamento à vista foi aceito 
2012-06-07T09:58:12-03:00 INFO (6): ydadmin-ThinkPad-X220-Tablet serving janamesa.com.br.testing PaymentHelper: OrderNr 19890106, ServiceId 254, CustomerId 1339073892, Nachricht: O pagamento à vista foi aceito 
2012-06-07T09:58:14-03:00 INFO (6): ydadmin-ThinkPad-X220-Tablet serving janamesa.com.br.testing PaymentHelper: OrderNr 39377754, ServiceId 81, CustomerId 1339073894, Nachricht: Pagamento de PayPal recusado, porque o pagamento de PayPal está desativado no sistema 
2012-06-07T09:58:14-03:00 INFO (6): ydadmin-ThinkPad-X220-Tablet serving janamesa.com.br.testing PaymentHelper: OrderNr 39377754, ServiceId 81, CustomerId 1339073894, Nachricht: Pagamento de PayPal recusado, porque o pagamento de PayPal está desativado no sistema 
2012-06-07T09:58:14-03:00 INFO (6): ydadmin-ThinkPad-X220-Tablet serving janamesa.com.br.testing PaymentHelper: OrderNr 39377754, ServiceId 81, CustomerId 1339073894, Nachricht: O pagamento com cartão de crédito foi aceito 
2012-06-07T09:58:14-03:00 INFO (6): ydadmin-ThinkPad-X220-Tablet serving janamesa.com.br.testing PaymentHelper: OrderNr 39377754, ServiceId 81, CustomerId 1339073894, Nachricht: O pagamento com cartão de crédito foi aceito 
2012-06-07T09:58:17-03:00 INFO (6): ydadmin-ThinkPad-X220-Tablet serving janamesa.com.br.testing PaymentHelper: OrderNr 23521587, ServiceId 206, CustomerId 1339073897, Nachricht: O pagamento à vista foi aceito 
2012-06-07T09:58:17-03:00 INFO (6): ydadmin-ThinkPad-X220-Tablet serving janamesa.com.br.testing PaymentHelper: OrderNr 23521587, ServiceId 206, CustomerId 1339073897, Nachricht: O pagamento à vista foi aceito 
2012-06-07T09:58:19-03:00 INFO (6): ydadmin-ThinkPad-X220-Tablet serving janamesa.com.br.testing PaymentHelper: OrderNr 42187486, ServiceId 118, CustomerId 1339073899, Nachricht: Pagamento de PayPal recusado, porque o pagamento de PayPal está desativado no sistema 
2012-06-07T09:58:19-03:00 INFO (6): ydadmin-ThinkPad-X220-Tablet serving janamesa.com.br.testing PaymentHelper: OrderNr 42187486, ServiceId 118, CustomerId 1339073899, Nachricht: Pagamento de PayPal recusado, porque o pagamento de PayPal está desativado no sistema 
2012-06-07T09:58:19-03:00 INFO (6): ydadmin-ThinkPad-X220-Tablet serving janamesa.com.br.testing PaymentHelper: OrderNr 42187486, ServiceId 118, CustomerId 1339073899, Nachricht: O pagamento com cartão de crédito foi aceito 
2012-06-07T09:58:19-03:00 INFO (6): ydadmin-ThinkPad-X220-Tablet serving janamesa.com.br.testing PaymentHelper: OrderNr 42187486, ServiceId 118, CustomerId 1339073899, Nachricht: O pagamento com cartão de crédito foi aceito 
2012-06-07T09:58:21-03:00 INFO (6): ydadmin-ThinkPad-X220-Tablet serving janamesa.com.br.testing PaymentHelper: OrderNr 33238500, ServiceId 196, CustomerId 1339073901, Nachricht: O pagamento à vista foi aceito 
2012-06-07T09:58:21-03:00 INFO (6): ydadmin-ThinkPad-X220-Tablet serving janamesa.com.br.testing PaymentHelper: OrderNr 33238500, ServiceId 196, CustomerId 1339073901, Nachricht: O pagamento à vista foi aceito 
2012-06-07T09:58:24-03:00 INFO (6): ydadmin-ThinkPad-X220-Tablet serving janamesa.com.br.testing PaymentHelper: OrderNr 36564366, ServiceId 75, CustomerId 1339073904, Nachricht: O pagamento à vista foi aceito 
2012-06-07T09:58:24-03:00 INFO (6): ydadmin-ThinkPad-X220-Tablet serving janamesa.com.br.testing PaymentHelper: OrderNr 36564366, ServiceId 75, CustomerId 1339073904, Nachricht: O pagamento à vista foi aceito 
2012-06-07T09:58:28-03:00 INFO (6): ydadmin-ThinkPad-X220-Tablet serving janamesa.com.br.testing PaymentHelper: OrderNr 46440840, ServiceId 75, CustomerId 1339073908, Nachricht: O pagamento à vista foi aceito 
2012-06-07T09:58:28-03:00 INFO (6): ydadmin-ThinkPad-X220-Tablet serving janamesa.com.br.testing PaymentHelper: OrderNr 46440840, ServiceId 75, CustomerId 1339073908, Nachricht: O pagamento à vista foi aceito 
2012-06-07T09:58:32-03:00 INFO (6): ydadmin-ThinkPad-X220-Tablet serving janamesa.com.br.testing PaymentHelper: OrderNr 12686446, ServiceId 72, CustomerId 1339073912, Nachricht: O pagamento à vista foi aceito 
2012-06-07T09:58:32-03:00 INFO (6): ydadmin-ThinkPad-X220-Tablet serving janamesa.com.br.testing PaymentHelper: OrderNr 12686446, ServiceId 72, CustomerId 1339073912, Nachricht: O pagamento à vista foi aceito 
2012-06-07T09:58:34-03:00 INFO (6): ydadmin-ThinkPad-X220-Tablet serving janamesa.com.br.testing PaymentHelper: OrderNr 45484383, ServiceId 292, CustomerId 1339073914, Nachricht: O pagamento à vista foi aceito 
2012-06-07T09:58:34-03:00 INFO (6): ydadmin-ThinkPad-X220-Tablet serving janamesa.com.br.testing PaymentHelper: OrderNr 45484383, ServiceId 292, CustomerId 1339073914, Nachricht: O pagamento à vista foi aceito 
2012-06-07T09:58:37-03:00 INFO (6): ydadmin-ThinkPad-X220-Tablet serving janamesa.com.br.testing PaymentHelper: OrderNr 09222724, ServiceId 72, CustomerId 1339073917, Nachricht: O pagamento à vista foi aceito 
2012-06-07T09:58:37-03:00 INFO (6): ydadmin-ThinkPad-X220-Tablet serving janamesa.com.br.testing PaymentHelper: OrderNr 09222724, ServiceId 72, CustomerId 1339073917, Nachricht: O pagamento à vista foi aceito 
2012-06-07T09:58:40-03:00 INFO (6): ydadmin-ThinkPad-X220-Tablet serving janamesa.com.br.testing PaymentHelper: OrderNr 62953881, ServiceId 55, CustomerId 1339073920, Nachricht: O pagamento com o cartão de crédito foi aceito, porque o uso de Voucher e o valor do pedido (não o valor aberto) de 15,50 o limite de 7,00  
2012-06-07T09:58:40-03:00 INFO (6): ydadmin-ThinkPad-X220-Tablet serving janamesa.com.br.testing PaymentHelper: OrderNr 62953881, ServiceId 55, CustomerId 1339073920, Nachricht: O pagamento com o cartão de crédito foi aceito, porque o uso de Voucher e o valor do pedido (não o valor aberto) de 15,50 o limite de 7,00  
2012-06-07T09:58:43-03:00 INFO (6): ydadmin-ThinkPad-X220-Tablet serving janamesa.com.br.testing PaymentHelper: OrderNr 69046298, ServiceId 29, CustomerId 1339073923, Nachricht: Pagamento de PayPal recusado, porque o pagamento de PayPal está desativado no sistema 
2012-06-07T09:58:43-03:00 INFO (6): ydadmin-ThinkPad-X220-Tablet serving janamesa.com.br.testing PaymentHelper: OrderNr 69046298, ServiceId 29, CustomerId 1339073923, Nachricht: Pagamento de PayPal recusado, porque o pagamento de PayPal está desativado no sistema 
2012-06-07T09:58:43-03:00 INFO (6): ydadmin-ThinkPad-X220-Tablet serving janamesa.com.br.testing PaymentHelper: OrderNr 69046298, ServiceId 29, CustomerId 1339073923, Nachricht: O pagamento com o cartão de crédito foi aceito, porque o uso de Voucher e o valor do pedido (não o valor aberto) de 647,00 o limite de 7,00  
2012-06-07T09:58:43-03:00 INFO (6): ydadmin-ThinkPad-X220-Tablet serving janamesa.com.br.testing PaymentHelper: OrderNr 69046298, ServiceId 29, CustomerId 1339073923, Nachricht: O pagamento com o cartão de crédito foi aceito, porque o uso de Voucher e o valor do pedido (não o valor aberto) de 647,00 o limite de 7,00  
