2012-06-11T07:32:40-03:00 INFO (6): ydadmin-ThinkPad-X220-Tablet serving janamesa.com.br.testing PaymentHelper: OrderNr 76789989, ServiceId 118, CustomerId 1339410758, Nachricht: O pagamento à vista foi aceito 
2012-06-11T07:32:40-03:00 INFO (6): ydadmin-ThinkPad-X220-Tablet serving janamesa.com.br.testing PaymentHelper: OrderNr 76789989, ServiceId 118, CustomerId 1339410758, Nachricht: A transferência imediata foi recusada, porque o sistema foi desativado  
2012-06-11T07:32:40-03:00 INFO (6): ydadmin-ThinkPad-X220-Tablet serving janamesa.com.br.testing PaymentHelper: OrderNr 76789989, ServiceId 118, CustomerId 1339410758, Nachricht: Pagamento de PayPal recusado, porque o pagamento de PayPal está desativado no sistema 
2012-06-11T07:32:40-03:00 INFO (6): ydadmin-ThinkPad-X220-Tablet serving janamesa.com.br.testing PaymentHelper: OrderNr 76789989, ServiceId 118, CustomerId 1339410758, Nachricht: O pagamento com cartão de crédito foi aceito 
2012-06-11T07:32:40-03:00 INFO (6): ydadmin-ThinkPad-X220-Tablet serving janamesa.com.br.testing PaymentHelper: OrderNr 76789989, ServiceId 118, CustomerId 1339410758, Nachricht: O pagamento à vista foi aceito 
2012-06-11T07:32:40-03:00 INFO (6): ydadmin-ThinkPad-X220-Tablet serving janamesa.com.br.testing PaymentHelper: OrderNr 76789989, ServiceId 118, CustomerId 1339410758, Nachricht: O pagamento com cartão de crédito foi aceito 
2012-06-11T07:34:33-03:00 INFO (6): ydadmin-ThinkPad-X220-Tablet serving janamesa.com.br.testing PaymentHelper: OrderNr 16773732, ServiceId 120, CustomerId 1339410873, Nachricht: O pagamento à vista foi aceito 
2012-06-11T07:34:33-03:00 INFO (6): ydadmin-ThinkPad-X220-Tablet serving janamesa.com.br.testing PaymentHelper: OrderNr 16773732, ServiceId 120, CustomerId 1339410873, Nachricht: O pagamento com o cartão de crédito foi recusado, porque o restaurante "Casa D´Pizzas" só aceita pagamenteo à vista, ele não é premium 
2012-06-11T07:36:01-03:00 INFO (6): ydadmin-ThinkPad-X220-Tablet serving janamesa.com.br.testing PaymentHelper: OrderNr 13542056, ServiceId 120, CustomerId 1339410961, Nachricht: O pagamento à vista foi aceito 
2012-06-11T07:36:02-03:00 INFO (6): ydadmin-ThinkPad-X220-Tablet serving janamesa.com.br.testing PaymentHelper: OrderNr 64647314, ServiceId 120, CustomerId 1339410962, Nachricht: O pagamento à vista foi aceito 
2012-06-11T07:44:31-03:00 INFO (6): ydadmin-ThinkPad-X220-Tablet serving janamesa.com.br.testing PaymentHelper: OrderNr 73452202, ServiceId 311, CustomerId 1339411471, Nachricht: O pagamento à vista foi aceito 
2012-06-11T07:44:31-03:00 INFO (6): ydadmin-ThinkPad-X220-Tablet serving janamesa.com.br.testing PaymentHelper: OrderNr 73452202, ServiceId 311, CustomerId 1339411471, Nachricht: A transferência imediata foi recusada, porque o sistema foi desativado  
2012-06-11T07:44:31-03:00 INFO (6): ydadmin-ThinkPad-X220-Tablet serving janamesa.com.br.testing PaymentHelper: OrderNr 73452202, ServiceId 311, CustomerId 1339411471, Nachricht: Pagamento de PayPal recusado, porque o pagamento de PayPal está desativado no sistema 
2012-06-11T07:44:31-03:00 INFO (6): ydadmin-ThinkPad-X220-Tablet serving janamesa.com.br.testing PaymentHelper: OrderNr 73452202, ServiceId 311, CustomerId 1339411471, Nachricht: O pagamento com cartão de crédito foi aceito 
2012-06-11T07:44:31-03:00 INFO (6): ydadmin-ThinkPad-X220-Tablet serving janamesa.com.br.testing PaymentHelper: OrderNr 73452202, ServiceId 311, CustomerId 1339411471, Nachricht: O pagamento à vista foi aceito 
2012-06-11T07:44:31-03:00 INFO (6): ydadmin-ThinkPad-X220-Tablet serving janamesa.com.br.testing PaymentHelper: OrderNr 73452202, ServiceId 311, CustomerId 1339411471, Nachricht: O pagamento com cartão de crédito foi aceito 
2012-06-11T07:44:55-03:00 INFO (6): ydadmin-ThinkPad-X220-Tablet serving janamesa.com.br.testing PaymentHelper: OrderNr 62396007, ServiceId 311, CustomerId 1339411494, Nachricht: O pagamento à vista foi aceito 
2012-06-11T07:44:55-03:00 INFO (6): ydadmin-ThinkPad-X220-Tablet serving janamesa.com.br.testing PaymentHelper: OrderNr 62396007, ServiceId 311, CustomerId 1339411494, Nachricht: O pagamento à vista foi aceito 
2012-06-11T07:44:55-03:00 INFO (6): ydadmin-ThinkPad-X220-Tablet serving janamesa.com.br.testing PaymentHelper: OrderNr 62396007, ServiceId 311, CustomerId 1339411494, Nachricht: O pagamento à vista foi aceito 
2012-06-11T07:44:55-03:00 INFO (6): ydadmin-ThinkPad-X220-Tablet serving janamesa.com.br.testing PaymentHelper: OrderNr 62396007, ServiceId 311, CustomerId 1339411494, Nachricht: O pagamento com cartão de crédito foi aceito 
2012-06-11T07:45:15-03:00 INFO (6): ydadmin-ThinkPad-X220-Tablet serving janamesa.com.br.testing PaymentHelper: OrderNr 10713441, ServiceId 311, CustomerId 1339411515, Nachricht: O pagamento à vista foi aceito 
2012-06-11T07:45:15-03:00 INFO (6): ydadmin-ThinkPad-X220-Tablet serving janamesa.com.br.testing PaymentHelper: OrderNr 10713441, ServiceId 311, CustomerId 1339411515, Nachricht: O pagamento à vista foi aceito 
2012-06-11T07:45:15-03:00 INFO (6): ydadmin-ThinkPad-X220-Tablet serving janamesa.com.br.testing PaymentHelper: OrderNr 10713441, ServiceId 311, CustomerId 1339411515, Nachricht: O pagamento à vista foi aceito 
2012-06-11T07:45:15-03:00 INFO (6): ydadmin-ThinkPad-X220-Tablet serving janamesa.com.br.testing PaymentHelper: OrderNr 10713441, ServiceId 311, CustomerId 1339411515, Nachricht: O pagamento com cartão de crédito foi aceito 
2012-06-11T07:54:17-03:00 INFO (6): ydadmin-ThinkPad-X220-Tablet serving janamesa.com.br.testing PaymentHelper: OrderNr 86598293, ServiceId 87, CustomerId 1339412057, Nachricht: O pagamento à vista foi aceito 
2012-06-11T07:54:17-03:00 INFO (6): ydadmin-ThinkPad-X220-Tablet serving janamesa.com.br.testing PaymentHelper: OrderNr 86598293, ServiceId 87, CustomerId 1339412057, Nachricht: A transferência imediata foi recusada, porque o sistema foi desativado  
2012-06-11T07:54:17-03:00 INFO (6): ydadmin-ThinkPad-X220-Tablet serving janamesa.com.br.testing PaymentHelper: OrderNr 86598293, ServiceId 87, CustomerId 1339412057, Nachricht: Pagamento de PayPal recusado, porque o pagamento de PayPal está desativado no sistema 
2012-06-11T07:54:17-03:00 INFO (6): ydadmin-ThinkPad-X220-Tablet serving janamesa.com.br.testing PaymentHelper: OrderNr 86598293, ServiceId 87, CustomerId 1339412057, Nachricht: O pagamento com cartão de crédito foi aceito 
2012-06-11T07:54:17-03:00 INFO (6): ydadmin-ThinkPad-X220-Tablet serving janamesa.com.br.testing PaymentHelper: OrderNr 86598293, ServiceId 87, CustomerId 1339412057, Nachricht: O pagamento à vista foi aceito 
2012-06-11T07:54:17-03:00 INFO (6): ydadmin-ThinkPad-X220-Tablet serving janamesa.com.br.testing PaymentHelper: OrderNr 86598293, ServiceId 87, CustomerId 1339412057, Nachricht: O pagamento com cartão de crédito foi aceito 
2012-06-11T07:54:39-03:00 INFO (6): ydadmin-ThinkPad-X220-Tablet serving janamesa.com.br.testing PaymentHelper: OrderNr 18605742, ServiceId 87, CustomerId 1339412079, Nachricht: O pagamento à vista foi aceito 
2012-06-11T07:54:39-03:00 INFO (6): ydadmin-ThinkPad-X220-Tablet serving janamesa.com.br.testing PaymentHelper: OrderNr 18605742, ServiceId 87, CustomerId 1339412079, Nachricht: O pagamento à vista foi aceito 
2012-06-11T07:54:39-03:00 INFO (6): ydadmin-ThinkPad-X220-Tablet serving janamesa.com.br.testing PaymentHelper: OrderNr 18605742, ServiceId 87, CustomerId 1339412079, Nachricht: O pagamento à vista foi aceito 
2012-06-11T07:54:39-03:00 INFO (6): ydadmin-ThinkPad-X220-Tablet serving janamesa.com.br.testing PaymentHelper: OrderNr 18605742, ServiceId 87, CustomerId 1339412079, Nachricht: O pagamento com cartão de crédito foi aceito 
2012-06-11T07:56:18-03:00 INFO (6): ydadmin-ThinkPad-X220-Tablet serving janamesa.com.br.testing PaymentHelper: OrderNr 94149036, ServiceId 87, CustomerId 1339412178, Nachricht: O pagamento à vista foi aceito 
2012-06-11T07:56:18-03:00 INFO (6): ydadmin-ThinkPad-X220-Tablet serving janamesa.com.br.testing PaymentHelper: OrderNr 43660154, ServiceId 87, CustomerId 1339412178, Nachricht: O pagamento à vista foi aceito 
2012-06-11T09:52:22-03:00 INFO (6): ydadmin-ThinkPad-X220-Tablet serving janamesa.com.br.testing PaymentHelper: OrderNr 19981859, ServiceId 87, CustomerId 1339419141, Nachricht: O pagamento à vista foi aceito 
2012-06-11T09:52:22-03:00 INFO (6): ydadmin-ThinkPad-X220-Tablet serving janamesa.com.br.testing PaymentHelper: OrderNr 19981859, ServiceId 87, CustomerId 1339419141, Nachricht: A transferência imediata foi recusada, porque o sistema foi desativado  
2012-06-11T09:52:22-03:00 INFO (6): ydadmin-ThinkPad-X220-Tablet serving janamesa.com.br.testing PaymentHelper: OrderNr 19981859, ServiceId 87, CustomerId 1339419141, Nachricht: Pagamento de PayPal recusado, porque o pagamento de PayPal está desativado no sistema 
2012-06-11T09:52:22-03:00 INFO (6): ydadmin-ThinkPad-X220-Tablet serving janamesa.com.br.testing PaymentHelper: OrderNr 19981859, ServiceId 87, CustomerId 1339419141, Nachricht: O pagamento com cartão de crédito foi aceito 
2012-06-11T09:52:22-03:00 INFO (6): ydadmin-ThinkPad-X220-Tablet serving janamesa.com.br.testing PaymentHelper: OrderNr 19981859, ServiceId 87, CustomerId 1339419141, Nachricht: O pagamento à vista foi aceito 
2012-06-11T09:52:22-03:00 INFO (6): ydadmin-ThinkPad-X220-Tablet serving janamesa.com.br.testing PaymentHelper: OrderNr 19981859, ServiceId 87, CustomerId 1339419141, Nachricht: O pagamento com cartão de crédito foi aceito 
2012-06-11T09:52:49-03:00 INFO (6): ydadmin-ThinkPad-X220-Tablet serving janamesa.com.br.testing PaymentHelper: OrderNr 88345588, ServiceId 87, CustomerId 1339419169, Nachricht: O pagamento à vista foi aceito 
2012-06-11T09:52:50-03:00 INFO (6): ydadmin-ThinkPad-X220-Tablet serving janamesa.com.br.testing PaymentHelper: OrderNr 82207306, ServiceId 87, CustomerId 1339419170, Nachricht: O pagamento à vista foi aceito 
2012-06-11T09:54:13-03:00 INFO (6): ydadmin-ThinkPad-X220-Tablet serving janamesa.com.br.testing PaymentHelper: OrderNr 17651477, ServiceId 87, CustomerId 1339419253, Nachricht: O pagamento à vista foi aceito 
2012-06-11T09:54:13-03:00 INFO (6): ydadmin-ThinkPad-X220-Tablet serving janamesa.com.br.testing PaymentHelper: OrderNr 17651477, ServiceId 87, CustomerId 1339419253, Nachricht: A transferência imediata foi recusada, porque o sistema foi desativado  
2012-06-11T09:54:13-03:00 INFO (6): ydadmin-ThinkPad-X220-Tablet serving janamesa.com.br.testing PaymentHelper: OrderNr 17651477, ServiceId 87, CustomerId 1339419253, Nachricht: Pagamento de PayPal recusado, porque o pagamento de PayPal está desativado no sistema 
2012-06-11T09:54:14-03:00 INFO (6): ydadmin-ThinkPad-X220-Tablet serving janamesa.com.br.testing PaymentHelper: OrderNr 17651477, ServiceId 87, CustomerId 1339419253, Nachricht: O pagamento com cartão de crédito foi aceito 
2012-06-11T09:54:14-03:00 INFO (6): ydadmin-ThinkPad-X220-Tablet serving janamesa.com.br.testing PaymentHelper: OrderNr 17651477, ServiceId 87, CustomerId 1339419253, Nachricht: O pagamento à vista foi aceito 
2012-06-11T09:54:14-03:00 INFO (6): ydadmin-ThinkPad-X220-Tablet serving janamesa.com.br.testing PaymentHelper: OrderNr 17651477, ServiceId 87, CustomerId 1339419253, Nachricht: O pagamento com cartão de crédito foi aceito 
2012-06-11T09:54:35-03:00 INFO (6): ydadmin-ThinkPad-X220-Tablet serving janamesa.com.br.testing PaymentHelper: OrderNr 91791747, ServiceId 87, CustomerId 1339419275, Nachricht: O pagamento à vista foi aceito 
2012-06-11T09:54:36-03:00 INFO (6): ydadmin-ThinkPad-X220-Tablet serving janamesa.com.br.testing PaymentHelper: OrderNr 20407002, ServiceId 87, CustomerId 1339419276, Nachricht: O pagamento à vista foi aceito 
2012-06-11T12:27:43-03:00 INFO (6): ydadmin-ThinkPad-X220-Tablet serving janamesa.com.br.testing PaymentHelper: OrderNr 76988432, ServiceId 300, CustomerId 1339428463, Nachricht: Barzahlung zugestimmt 
2012-06-11T12:27:43-03:00 INFO (6): ydadmin-ThinkPad-X220-Tablet serving janamesa.com.br.testing PaymentHelper: OrderNr 76988432, ServiceId 300, CustomerId 1339428463, Nachricht: Barzahlung zugestimmt 
2012-06-11T12:27:46-03:00 INFO (6): ydadmin-ThinkPad-X220-Tablet serving janamesa.com.br.testing PaymentHelper: OrderNr 58158019, ServiceId 231, CustomerId 1339428466, Nachricht: Barzahlung zugestimmt 
2012-06-11T12:27:46-03:00 INFO (6): ydadmin-ThinkPad-X220-Tablet serving janamesa.com.br.testing PaymentHelper: OrderNr 58158019, ServiceId 231, CustomerId 1339428466, Nachricht: Barzahlung zugestimmt 
2012-06-11T12:27:49-03:00 INFO (6): ydadmin-ThinkPad-X220-Tablet serving janamesa.com.br.testing PaymentHelper: OrderNr 43596107, ServiceId 104, CustomerId 1339428469, Nachricht: Paypalbezahlung abgelehnt, weil systemweit deaktiviert 
2012-06-11T12:27:49-03:00 INFO (6): ydadmin-ThinkPad-X220-Tablet serving janamesa.com.br.testing PaymentHelper: OrderNr 43596107, ServiceId 104, CustomerId 1339428469, Nachricht: Paypalbezahlung abgelehnt, weil systemweit deaktiviert 
2012-06-11T12:27:49-03:00 INFO (6): ydadmin-ThinkPad-X220-Tablet serving janamesa.com.br.testing PaymentHelper: OrderNr 43596107, ServiceId 104, CustomerId 1339428469, Nachricht: Kreditkartenzahlung zugestimmt 
2012-06-11T12:27:49-03:00 INFO (6): ydadmin-ThinkPad-X220-Tablet serving janamesa.com.br.testing PaymentHelper: OrderNr 43596107, ServiceId 104, CustomerId 1339428469, Nachricht: Kreditkartenzahlung zugestimmt 
2012-06-11T12:27:51-03:00 INFO (6): ydadmin-ThinkPad-X220-Tablet serving janamesa.com.br.testing PaymentHelper: OrderNr 87518101, ServiceId 65, CustomerId 1339428471, Nachricht: Paypalbezahlung abgelehnt, weil systemweit deaktiviert 
2012-06-11T12:27:51-03:00 INFO (6): ydadmin-ThinkPad-X220-Tablet serving janamesa.com.br.testing PaymentHelper: OrderNr 87518101, ServiceId 65, CustomerId 1339428471, Nachricht: Paypalbezahlung abgelehnt, weil systemweit deaktiviert 
2012-06-11T12:27:51-03:00 INFO (6): ydadmin-ThinkPad-X220-Tablet serving janamesa.com.br.testing PaymentHelper: OrderNr 87518101, ServiceId 65, CustomerId 1339428471, Nachricht: Kreditkartenzahlung zugestimmt 
2012-06-11T12:27:51-03:00 INFO (6): ydadmin-ThinkPad-X220-Tablet serving janamesa.com.br.testing PaymentHelper: OrderNr 87518101, ServiceId 65, CustomerId 1339428471, Nachricht: Kreditkartenzahlung zugestimmt 
2012-06-11T12:27:54-03:00 INFO (6): ydadmin-ThinkPad-X220-Tablet serving janamesa.com.br.testing PaymentHelper: OrderNr 12085285, ServiceId 29, CustomerId 1339428474, Nachricht: Paypalbezahlung abgelehnt, weil systemweit deaktiviert 
2012-06-11T12:27:54-03:00 INFO (6): ydadmin-ThinkPad-X220-Tablet serving janamesa.com.br.testing PaymentHelper: OrderNr 12085285, ServiceId 29, CustomerId 1339428474, Nachricht: Paypalbezahlung abgelehnt, weil systemweit deaktiviert 
2012-06-11T12:27:54-03:00 INFO (6): ydadmin-ThinkPad-X220-Tablet serving janamesa.com.br.testing PaymentHelper: OrderNr 12085285, ServiceId 29, CustomerId 1339428474, Nachricht: Kreditkartenzahlung zugestimmt 
2012-06-11T12:27:54-03:00 INFO (6): ydadmin-ThinkPad-X220-Tablet serving janamesa.com.br.testing PaymentHelper: OrderNr 12085285, ServiceId 29, CustomerId 1339428474, Nachricht: Kreditkartenzahlung zugestimmt 
2012-06-11T12:27:56-03:00 INFO (6): ydadmin-ThinkPad-X220-Tablet serving janamesa.com.br.testing PaymentHelper: OrderNr 04439634, ServiceId 77, CustomerId 1339428476, Nachricht: Barzahlung zugestimmt 
2012-06-11T12:27:56-03:00 INFO (6): ydadmin-ThinkPad-X220-Tablet serving janamesa.com.br.testing PaymentHelper: OrderNr 04439634, ServiceId 77, CustomerId 1339428476, Nachricht: Barzahlung zugestimmt 
2012-06-11T12:27:58-03:00 INFO (6): ydadmin-ThinkPad-X220-Tablet serving janamesa.com.br.testing PaymentHelper: OrderNr 75712442, ServiceId 231, CustomerId 1339428478, Nachricht: Barzahlung zugestimmt 
2012-06-11T12:27:58-03:00 INFO (6): ydadmin-ThinkPad-X220-Tablet serving janamesa.com.br.testing PaymentHelper: OrderNr 75712442, ServiceId 231, CustomerId 1339428478, Nachricht: Barzahlung zugestimmt 
2012-06-11T12:28:01-03:00 INFO (6): ydadmin-ThinkPad-X220-Tablet serving janamesa.com.br.testing PaymentHelper: OrderNr 43935126, ServiceId 196, CustomerId 1339428481, Nachricht: Barzahlung zugestimmt 
2012-06-11T12:28:01-03:00 INFO (6): ydadmin-ThinkPad-X220-Tablet serving janamesa.com.br.testing PaymentHelper: OrderNr 43935126, ServiceId 196, CustomerId 1339428481, Nachricht: Barzahlung zugestimmt 
2012-06-11T12:28:03-03:00 INFO (6): ydadmin-ThinkPad-X220-Tablet serving janamesa.com.br.testing PaymentHelper: OrderNr 38840185, ServiceId 71, CustomerId 1339428483, Nachricht: Paypalbezahlung abgelehnt, weil systemweit deaktiviert 
2012-06-11T12:28:03-03:00 INFO (6): ydadmin-ThinkPad-X220-Tablet serving janamesa.com.br.testing PaymentHelper: OrderNr 38840185, ServiceId 71, CustomerId 1339428483, Nachricht: Paypalbezahlung abgelehnt, weil systemweit deaktiviert 
2012-06-11T12:28:03-03:00 INFO (6): ydadmin-ThinkPad-X220-Tablet serving janamesa.com.br.testing PaymentHelper: OrderNr 38840185, ServiceId 71, CustomerId 1339428483, Nachricht: Kreditkartenzahlung zugestimmt 
2012-06-11T12:28:03-03:00 INFO (6): ydadmin-ThinkPad-X220-Tablet serving janamesa.com.br.testing PaymentHelper: OrderNr 38840185, ServiceId 71, CustomerId 1339428483, Nachricht: Kreditkartenzahlung zugestimmt 
2012-06-11T12:28:06-03:00 INFO (6): ydadmin-ThinkPad-X220-Tablet serving janamesa.com.br.testing PaymentHelper: OrderNr 96131729, ServiceId 169, CustomerId 1339428486, Nachricht: Barzahlung zugestimmt 
2012-06-11T12:28:06-03:00 INFO (6): ydadmin-ThinkPad-X220-Tablet serving janamesa.com.br.testing PaymentHelper: OrderNr 96131729, ServiceId 169, CustomerId 1339428486, Nachricht: Barzahlung zugestimmt 
2012-06-11T12:28:08-03:00 INFO (6): ydadmin-ThinkPad-X220-Tablet serving janamesa.com.br.testing PaymentHelper: OrderNr 57136556, ServiceId 291, CustomerId 1339428488, Nachricht: Paypalbezahlung abgelehnt, weil systemweit deaktiviert 
2012-06-11T12:28:08-03:00 INFO (6): ydadmin-ThinkPad-X220-Tablet serving janamesa.com.br.testing PaymentHelper: OrderNr 57136556, ServiceId 291, CustomerId 1339428488, Nachricht: Paypalbezahlung abgelehnt, weil systemweit deaktiviert 
2012-06-11T12:28:08-03:00 INFO (6): ydadmin-ThinkPad-X220-Tablet serving janamesa.com.br.testing PaymentHelper: OrderNr 57136556, ServiceId 291, CustomerId 1339428488, Nachricht: Kreditkartenzahlung zugestimmt 
2012-06-11T12:28:08-03:00 INFO (6): ydadmin-ThinkPad-X220-Tablet serving janamesa.com.br.testing PaymentHelper: OrderNr 57136556, ServiceId 291, CustomerId 1339428488, Nachricht: Kreditkartenzahlung zugestimmt 
2012-06-11T12:28:10-03:00 INFO (6): ydadmin-ThinkPad-X220-Tablet serving janamesa.com.br.testing PaymentHelper: OrderNr 29107053, ServiceId 67, CustomerId 1339428490, Nachricht: Barzahlung zugestimmt 
2012-06-11T12:28:10-03:00 INFO (6): ydadmin-ThinkPad-X220-Tablet serving janamesa.com.br.testing PaymentHelper: OrderNr 29107053, ServiceId 67, CustomerId 1339428490, Nachricht: Barzahlung zugestimmt 
2012-06-11T12:28:13-03:00 INFO (6): ydadmin-ThinkPad-X220-Tablet serving janamesa.com.br.testing PaymentHelper: OrderNr 49600112, ServiceId 109, CustomerId 1339428492, Nachricht: Barzahlung zugestimmt 
2012-06-11T12:28:13-03:00 INFO (6): ydadmin-ThinkPad-X220-Tablet serving janamesa.com.br.testing PaymentHelper: OrderNr 49600112, ServiceId 109, CustomerId 1339428492, Nachricht: Barzahlung zugestimmt 
2012-06-11T12:28:16-03:00 INFO (6): ydadmin-ThinkPad-X220-Tablet serving janamesa.com.br.testing PaymentHelper: OrderNr 16758794, ServiceId 75, CustomerId 1339428496, Nachricht: Barzahlung zugestimmt 
2012-06-11T12:28:16-03:00 INFO (6): ydadmin-ThinkPad-X220-Tablet serving janamesa.com.br.testing PaymentHelper: OrderNr 16758794, ServiceId 75, CustomerId 1339428496, Nachricht: Barzahlung zugestimmt 
2012-06-11T12:28:20-03:00 INFO (6): ydadmin-ThinkPad-X220-Tablet serving janamesa.com.br.testing PaymentHelper: OrderNr 07450590, ServiceId 72, CustomerId 1339428500, Nachricht: Barzahlung zugestimmt 
2012-06-11T12:28:20-03:00 INFO (6): ydadmin-ThinkPad-X220-Tablet serving janamesa.com.br.testing PaymentHelper: OrderNr 07450590, ServiceId 72, CustomerId 1339428500, Nachricht: Barzahlung zugestimmt 
2012-06-11T12:28:23-03:00 INFO (6): ydadmin-ThinkPad-X220-Tablet serving janamesa.com.br.testing PaymentHelper: OrderNr 85026232, ServiceId 72, CustomerId 1339428502, Nachricht: Barzahlung zugestimmt 
2012-06-11T12:28:23-03:00 INFO (6): ydadmin-ThinkPad-X220-Tablet serving janamesa.com.br.testing PaymentHelper: OrderNr 85026232, ServiceId 72, CustomerId 1339428502, Nachricht: Barzahlung zugestimmt 
2012-06-11T12:28:25-03:00 INFO (6): ydadmin-ThinkPad-X220-Tablet serving janamesa.com.br.testing PaymentHelper: OrderNr 52211324, ServiceId 28, CustomerId 1339428505, Nachricht: Barzahlung zugestimmt 
2012-06-11T12:28:25-03:00 INFO (6): ydadmin-ThinkPad-X220-Tablet serving janamesa.com.br.testing PaymentHelper: OrderNr 52211324, ServiceId 28, CustomerId 1339428505, Nachricht: Barzahlung zugestimmt 
2012-06-11T12:28:28-03:00 INFO (6): ydadmin-ThinkPad-X220-Tablet serving janamesa.com.br.testing PaymentHelper: OrderNr 72034379, ServiceId 169, CustomerId 1339428508, Nachricht: Kreditkartenzahlung zugestimmt, weil Gutscheinverwendung und Bestellwert (nicht offener Wert) von 61,50 über Grenze von 7,00 
2012-06-11T12:28:28-03:00 INFO (6): ydadmin-ThinkPad-X220-Tablet serving janamesa.com.br.testing PaymentHelper: OrderNr 72034379, ServiceId 169, CustomerId 1339428508, Nachricht: Kreditkartenzahlung zugestimmt, weil Gutscheinverwendung und Bestellwert (nicht offener Wert) von 61,50 über Grenze von 7,00 
2012-06-11T12:28:31-03:00 INFO (6): ydadmin-ThinkPad-X220-Tablet serving janamesa.com.br.testing PaymentHelper: OrderNr 33652959, ServiceId 94, CustomerId 1339428511, Nachricht: Paypalbezahlung abgelehnt, weil systemweit deaktiviert 
2012-06-11T12:28:31-03:00 INFO (6): ydadmin-ThinkPad-X220-Tablet serving janamesa.com.br.testing PaymentHelper: OrderNr 33652959, ServiceId 94, CustomerId 1339428511, Nachricht: Paypalbezahlung abgelehnt, weil systemweit deaktiviert 
2012-06-11T12:28:31-03:00 INFO (6): ydadmin-ThinkPad-X220-Tablet serving janamesa.com.br.testing PaymentHelper: OrderNr 33652959, ServiceId 94, CustomerId 1339428511, Nachricht: Kreditkartenzahlung zugestimmt, weil Gutscheinverwendung und Bestellwert (nicht offener Wert) von 29,80 über Grenze von 7,00 
2012-06-11T12:28:31-03:00 INFO (6): ydadmin-ThinkPad-X220-Tablet serving janamesa.com.br.testing PaymentHelper: OrderNr 33652959, ServiceId 94, CustomerId 1339428511, Nachricht: Kreditkartenzahlung zugestimmt, weil Gutscheinverwendung und Bestellwert (nicht offener Wert) von 29,80 über Grenze von 7,00 
