2012-06-18T10:13:45-03:00 INFO (6): ydadmin-ThinkPad-X220-Tablet serving janamesa.com.br.testing PaymentHelper: OrderNr 35601688, ServiceId 164, CustomerId 1340025224, Nachricht: O pagamento à vista foi aceito 
2012-06-18T10:13:45-03:00 INFO (6): ydadmin-ThinkPad-X220-Tablet serving janamesa.com.br.testing PaymentHelper: OrderNr 35601688, ServiceId 164, CustomerId 1340025224, Nachricht: Pagamento de PayPal recusado, porque o restaurante só aceita pagamento à vista, ele não é premium  
2012-06-18T10:13:45-03:00 INFO (6): ydadmin-ThinkPad-X220-Tablet serving janamesa.com.br.testing PaymentHelper: OrderNr 35601688, ServiceId 164, CustomerId 1340025224, Nachricht: O pagamento com o cartão de crédito foi recusado, porque o restaurante "Big Boy I" só aceita pagamenteo à vista, ele não é premium 
2012-06-18T10:13:46-03:00 INFO (6): ydadmin-ThinkPad-X220-Tablet serving janamesa.com.br.testing PaymentHelper: OrderNr 35601688, ServiceId 164, CustomerId 1340025224, Nachricht: O pagamento à vista foi aceito 
2012-06-18T10:13:46-03:00 INFO (6): ydadmin-ThinkPad-X220-Tablet serving janamesa.com.br.testing PaymentHelper: OrderNr 35601688, ServiceId 164, CustomerId 1340025224, Nachricht: Pagamento de PayPal recusado, porque o restaurante só aceita pagamento à vista, ele não é premium  
2012-06-18T10:13:46-03:00 INFO (6): ydadmin-ThinkPad-X220-Tablet serving janamesa.com.br.testing PaymentHelper: OrderNr 35601688, ServiceId 164, CustomerId 1340025224, Nachricht: O pagamento com o cartão de crédito foi recusado, porque o restaurante "Big Boy I" só aceita pagamenteo à vista, ele não é premium 
2012-06-18T10:14:06-03:00 INFO (6): ydadmin-ThinkPad-X220-Tablet serving janamesa.com.br.testing PaymentHelper: OrderNr 37573608, ServiceId 164, CustomerId 1340025246, Nachricht: O pagamento à vista foi aceito 
2012-06-18T10:14:06-03:00 INFO (6): ydadmin-ThinkPad-X220-Tablet serving janamesa.com.br.testing PaymentHelper: OrderNr 37573608, ServiceId 164, CustomerId 1340025246, Nachricht: Pagamento de PayPal recusado, porque o restaurante só aceita pagamento à vista, ele não é premium  
2012-06-18T10:14:06-03:00 INFO (6): ydadmin-ThinkPad-X220-Tablet serving janamesa.com.br.testing PaymentHelper: OrderNr 37573608, ServiceId 164, CustomerId 1340025246, Nachricht: O pagamento com o cartão de crédito foi recusado, porque o restaurante "Big Boy I" só aceita pagamenteo à vista, ele não é premium 
2012-06-18T10:20:29-03:00 INFO (6): ydadmin-ThinkPad-X220-Tablet serving janamesa.com.br.testing PaymentHelper: OrderNr 56818262, ServiceId 164, CustomerId 1340025628, Nachricht: O pagamento à vista foi aceito 
2012-06-18T10:20:29-03:00 INFO (6): ydadmin-ThinkPad-X220-Tablet serving janamesa.com.br.testing PaymentHelper: OrderNr 56818262, ServiceId 164, CustomerId 1340025628, Nachricht: Pagamento de PayPal recusado, porque o restaurante só aceita pagamento à vista, ele não é premium  
2012-06-18T10:20:29-03:00 INFO (6): ydadmin-ThinkPad-X220-Tablet serving janamesa.com.br.testing PaymentHelper: OrderNr 56818262, ServiceId 164, CustomerId 1340025628, Nachricht: O pagamento com o cartão de crédito foi recusado, porque o restaurante "Big Boy I" só aceita pagamenteo à vista, ele não é premium 
2012-06-18T10:20:59-03:00 INFO (6): ydadmin-ThinkPad-X220-Tablet serving janamesa.com.br.testing PaymentHelper: OrderNr 86057669, ServiceId 164, CustomerId 1340025659, Nachricht: O pagamento à vista foi aceito 
2012-06-18T10:20:59-03:00 INFO (6): ydadmin-ThinkPad-X220-Tablet serving janamesa.com.br.testing PaymentHelper: OrderNr 86057669, ServiceId 164, CustomerId 1340025659, Nachricht: Pagamento de PayPal recusado, porque o restaurante só aceita pagamento à vista, ele não é premium  
2012-06-18T10:20:59-03:00 INFO (6): ydadmin-ThinkPad-X220-Tablet serving janamesa.com.br.testing PaymentHelper: OrderNr 86057669, ServiceId 164, CustomerId 1340025659, Nachricht: O pagamento com o cartão de crédito foi recusado, porque o restaurante "Big Boy I" só aceita pagamenteo à vista, ele não é premium 
2012-06-18T10:22:45-03:00 INFO (6): ydadmin-ThinkPad-X220-Tablet serving janamesa.com.br.testing PaymentHelper: OrderNr 32496300, ServiceId 164, CustomerId 1340025765, Nachricht: O pagamento à vista foi aceito 
2012-06-18T10:22:45-03:00 INFO (6): ydadmin-ThinkPad-X220-Tablet serving janamesa.com.br.testing PaymentHelper: OrderNr 32496300, ServiceId 164, CustomerId 1340025765, Nachricht: Pagamento de PayPal recusado, porque o restaurante só aceita pagamento à vista, ele não é premium  
2012-06-18T10:22:45-03:00 INFO (6): ydadmin-ThinkPad-X220-Tablet serving janamesa.com.br.testing PaymentHelper: OrderNr 32496300, ServiceId 164, CustomerId 1340025765, Nachricht: O pagamento com o cartão de crédito foi recusado, porque o restaurante "Big Boy I" só aceita pagamenteo à vista, ele não é premium 
2012-06-18T10:23:06-03:00 INFO (6): ydadmin-ThinkPad-X220-Tablet serving janamesa.com.br.testing PaymentHelper: OrderNr 16379176, ServiceId 164, CustomerId 1340025786, Nachricht: O pagamento à vista foi aceito 
2012-06-18T10:23:06-03:00 INFO (6): ydadmin-ThinkPad-X220-Tablet serving janamesa.com.br.testing PaymentHelper: OrderNr 16379176, ServiceId 164, CustomerId 1340025786, Nachricht: Pagamento de PayPal recusado, porque o restaurante só aceita pagamento à vista, ele não é premium  
2012-06-18T10:23:06-03:00 INFO (6): ydadmin-ThinkPad-X220-Tablet serving janamesa.com.br.testing PaymentHelper: OrderNr 16379176, ServiceId 164, CustomerId 1340025786, Nachricht: O pagamento com o cartão de crédito foi recusado, porque o restaurante "Big Boy I" só aceita pagamenteo à vista, ele não é premium 
2012-06-18T10:23:18-03:00 INFO (6): ydadmin-ThinkPad-X220-Tablet serving janamesa.com.br.testing PaymentHelper: OrderNr 98792653, ServiceId 164, CustomerId 1340025797, Nachricht: O pagamento à vista foi aceito 
2012-06-18T10:23:18-03:00 INFO (6): ydadmin-ThinkPad-X220-Tablet serving janamesa.com.br.testing PaymentHelper: OrderNr 98792653, ServiceId 164, CustomerId 1340025797, Nachricht: Pagamento de PayPal recusado, porque o restaurante só aceita pagamento à vista, ele não é premium  
2012-06-18T10:23:18-03:00 INFO (6): ydadmin-ThinkPad-X220-Tablet serving janamesa.com.br.testing PaymentHelper: OrderNr 98792653, ServiceId 164, CustomerId 1340025797, Nachricht: O pagamento com o cartão de crédito foi recusado, porque o restaurante "Big Boy I" só aceita pagamenteo à vista, ele não é premium 
2012-06-18T10:23:32-03:00 INFO (6): ydadmin-ThinkPad-X220-Tablet serving janamesa.com.br.testing PaymentHelper: OrderNr 60825609, ServiceId 164, CustomerId 1340025812, Nachricht: O pagamento à vista foi aceito 
2012-06-18T10:23:32-03:00 INFO (6): ydadmin-ThinkPad-X220-Tablet serving janamesa.com.br.testing PaymentHelper: OrderNr 60825609, ServiceId 164, CustomerId 1340025812, Nachricht: Pagamento de PayPal recusado, porque o restaurante só aceita pagamento à vista, ele não é premium  
2012-06-18T10:23:32-03:00 INFO (6): ydadmin-ThinkPad-X220-Tablet serving janamesa.com.br.testing PaymentHelper: OrderNr 60825609, ServiceId 164, CustomerId 1340025812, Nachricht: O pagamento com o cartão de crédito foi recusado, porque o restaurante "Big Boy I" só aceita pagamenteo à vista, ele não é premium 
2012-06-18T10:34:10-03:00 INFO (6): ydadmin-ThinkPad-X220-Tablet serving janamesa.com.br.testing PaymentHelper: OrderNr 24102193, ServiceId 164, CustomerId 1340026450, Nachricht: O pagamento à vista foi aceito 
2012-06-18T10:34:10-03:00 INFO (6): ydadmin-ThinkPad-X220-Tablet serving janamesa.com.br.testing PaymentHelper: OrderNr 24102193, ServiceId 164, CustomerId 1340026450, Nachricht: Pagamento de PayPal recusado, porque o restaurante só aceita pagamento à vista, ele não é premium  
2012-06-18T10:34:10-03:00 INFO (6): ydadmin-ThinkPad-X220-Tablet serving janamesa.com.br.testing PaymentHelper: OrderNr 24102193, ServiceId 164, CustomerId 1340026450, Nachricht: O pagamento com o cartão de crédito foi recusado, porque o restaurante "Big Boy I" só aceita pagamenteo à vista, ele não é premium 
2012-06-18T11:02:21-03:00 INFO (6): ydadmin-ThinkPad-X220-Tablet serving janamesa.com.br.testing PaymentHelper: OrderNr 31458097, ServiceId 66, CustomerId 1340028141, Nachricht: O pagamento à vista foi aceito 
2012-06-18T11:02:21-03:00 INFO (6): ydadmin-ThinkPad-X220-Tablet serving janamesa.com.br.testing PaymentHelper: OrderNr 31458097, ServiceId 66, CustomerId 1340028141, Nachricht: A transferência imediata foi recusada, porque o sistema foi desativado  
2012-06-18T11:02:21-03:00 INFO (6): ydadmin-ThinkPad-X220-Tablet serving janamesa.com.br.testing PaymentHelper: OrderNr 31458097, ServiceId 66, CustomerId 1340028141, Nachricht: Paypalbezahlung zugestimmt 
2012-06-18T11:02:21-03:00 INFO (6): ydadmin-ThinkPad-X220-Tablet serving janamesa.com.br.testing PaymentHelper: OrderNr 31458097, ServiceId 66, CustomerId 1340028141, Nachricht: O pagamento com cartão de crédito foi aceito 
2012-06-18T11:02:21-03:00 INFO (6): ydadmin-ThinkPad-X220-Tablet serving janamesa.com.br.testing PaymentHelper: OrderNr 31458097, ServiceId 66, CustomerId 1340028141, Nachricht: O pagamento à vista foi aceito 
2012-06-18T11:02:21-03:00 INFO (6): ydadmin-ThinkPad-X220-Tablet serving janamesa.com.br.testing PaymentHelper: OrderNr 31458097, ServiceId 66, CustomerId 1340028141, Nachricht: Paypalbezahlung zugestimmt 
2012-06-18T11:02:21-03:00 INFO (6): ydadmin-ThinkPad-X220-Tablet serving janamesa.com.br.testing PaymentHelper: OrderNr 31458097, ServiceId 66, CustomerId 1340028141, Nachricht: O pagamento com cartão de crédito foi aceito 
2012-06-18T11:02:40-03:00 INFO (6): ydadmin-ThinkPad-X220-Tablet serving janamesa.com.br.testing PaymentHelper: OrderNr 02910608, ServiceId 66, CustomerId 1340028159, Nachricht: O pagamento à vista foi aceito 
2012-06-18T11:02:40-03:00 INFO (6): ydadmin-ThinkPad-X220-Tablet serving janamesa.com.br.testing PaymentHelper: OrderNr 02910608, ServiceId 66, CustomerId 1340028159, Nachricht: A transferência imediata foi recusada, porque o sistema foi desativado  
2012-06-18T11:02:40-03:00 INFO (6): ydadmin-ThinkPad-X220-Tablet serving janamesa.com.br.testing PaymentHelper: OrderNr 02910608, ServiceId 66, CustomerId 1340028159, Nachricht: Paypalbezahlung zugestimmt 
2012-06-18T11:02:40-03:00 INFO (6): ydadmin-ThinkPad-X220-Tablet serving janamesa.com.br.testing PaymentHelper: OrderNr 02910608, ServiceId 66, CustomerId 1340028159, Nachricht: O pagamento com cartão de crédito foi aceito 
2012-06-18T11:02:40-03:00 INFO (6): ydadmin-ThinkPad-X220-Tablet serving janamesa.com.br.testing PaymentHelper: OrderNr 02910608, ServiceId 66, CustomerId 1340028159, Nachricht: O pagamento à vista foi aceito 
2012-06-18T11:02:40-03:00 INFO (6): ydadmin-ThinkPad-X220-Tablet serving janamesa.com.br.testing PaymentHelper: OrderNr 02910608, ServiceId 66, CustomerId 1340028159, Nachricht: Paypalbezahlung zugestimmt 
2012-06-18T11:02:40-03:00 INFO (6): ydadmin-ThinkPad-X220-Tablet serving janamesa.com.br.testing PaymentHelper: OrderNr 02910608, ServiceId 66, CustomerId 1340028159, Nachricht: O pagamento com cartão de crédito foi aceito 
2012-06-18T11:11:00-03:00 INFO (6): ydadmin-ThinkPad-X220-Tablet serving janamesa.com.br.testing PaymentHelper: OrderNr 27377383, ServiceId 66, CustomerId 1340028660, Nachricht: O pagamento à vista foi aceito 
2012-06-18T11:11:00-03:00 INFO (6): ydadmin-ThinkPad-X220-Tablet serving janamesa.com.br.testing PaymentHelper: OrderNr 27377383, ServiceId 66, CustomerId 1340028660, Nachricht: A transferência imediata foi recusada, porque o sistema foi desativado  
2012-06-18T11:11:00-03:00 INFO (6): ydadmin-ThinkPad-X220-Tablet serving janamesa.com.br.testing PaymentHelper: OrderNr 27377383, ServiceId 66, CustomerId 1340028660, Nachricht: Paypalbezahlung zugestimmt 
2012-06-18T11:11:00-03:00 INFO (6): ydadmin-ThinkPad-X220-Tablet serving janamesa.com.br.testing PaymentHelper: OrderNr 27377383, ServiceId 66, CustomerId 1340028660, Nachricht: O pagamento com cartão de crédito foi aceito 
2012-06-18T11:11:00-03:00 INFO (6): ydadmin-ThinkPad-X220-Tablet serving janamesa.com.br.testing PaymentHelper: OrderNr 27377383, ServiceId 66, CustomerId 1340028660, Nachricht: O pagamento à vista foi aceito 
2012-06-18T11:11:00-03:00 INFO (6): ydadmin-ThinkPad-X220-Tablet serving janamesa.com.br.testing PaymentHelper: OrderNr 27377383, ServiceId 66, CustomerId 1340028660, Nachricht: Paypalbezahlung zugestimmt 
2012-06-18T11:11:00-03:00 INFO (6): ydadmin-ThinkPad-X220-Tablet serving janamesa.com.br.testing PaymentHelper: OrderNr 27377383, ServiceId 66, CustomerId 1340028660, Nachricht: O pagamento com cartão de crédito foi aceito 
2012-06-18T11:11:01-03:00 INFO (6): ydadmin-ThinkPad-X220-Tablet serving janamesa.com.br.testing PaymentHelper: OrderNr 27377383, ServiceId 66, CustomerId 1340028660, Nachricht: O pagamento à vista foi aceito 
2012-06-18T11:11:01-03:00 INFO (6): ydadmin-ThinkPad-X220-Tablet serving janamesa.com.br.testing PaymentHelper: OrderNr 27377383, ServiceId 66, CustomerId 1340028660, Nachricht: A transferência imediata foi recusada, porque o sistema foi desativado  
2012-06-18T11:11:01-03:00 INFO (6): ydadmin-ThinkPad-X220-Tablet serving janamesa.com.br.testing PaymentHelper: OrderNr 27377383, ServiceId 66, CustomerId 1340028660, Nachricht: Paypalbezahlung zugestimmt 
2012-06-18T11:11:01-03:00 INFO (6): ydadmin-ThinkPad-X220-Tablet serving janamesa.com.br.testing PaymentHelper: OrderNr 27377383, ServiceId 66, CustomerId 1340028660, Nachricht: O pagamento com cartão de crédito foi aceito 
2012-06-18T11:11:01-03:00 INFO (6): ydadmin-ThinkPad-X220-Tablet serving janamesa.com.br.testing PaymentHelper: OrderNr 27377383, ServiceId 66, CustomerId 1340028660, Nachricht: O pagamento à vista foi aceito 
2012-06-18T11:11:01-03:00 INFO (6): ydadmin-ThinkPad-X220-Tablet serving janamesa.com.br.testing PaymentHelper: OrderNr 27377383, ServiceId 66, CustomerId 1340028660, Nachricht: Paypalbezahlung zugestimmt 
2012-06-18T11:11:01-03:00 INFO (6): ydadmin-ThinkPad-X220-Tablet serving janamesa.com.br.testing PaymentHelper: OrderNr 27377383, ServiceId 66, CustomerId 1340028660, Nachricht: O pagamento com cartão de crédito foi aceito 
2012-06-18T11:11:39-03:00 INFO (6): ydadmin-ThinkPad-X220-Tablet serving janamesa.com.br.testing PaymentHelper: OrderNr 49276157, ServiceId 66, CustomerId 1340028698, Nachricht: O pagamento à vista foi aceito 
2012-06-18T11:11:39-03:00 INFO (6): ydadmin-ThinkPad-X220-Tablet serving janamesa.com.br.testing PaymentHelper: OrderNr 49276157, ServiceId 66, CustomerId 1340028698, Nachricht: A transferência imediata foi recusada, porque o sistema foi desativado  
2012-06-18T11:11:39-03:00 INFO (6): ydadmin-ThinkPad-X220-Tablet serving janamesa.com.br.testing PaymentHelper: OrderNr 49276157, ServiceId 66, CustomerId 1340028698, Nachricht: Paypalbezahlung zugestimmt 
2012-06-18T11:11:39-03:00 INFO (6): ydadmin-ThinkPad-X220-Tablet serving janamesa.com.br.testing PaymentHelper: OrderNr 49276157, ServiceId 66, CustomerId 1340028698, Nachricht: O pagamento com cartão de crédito foi aceito 
2012-06-18T11:11:39-03:00 INFO (6): ydadmin-ThinkPad-X220-Tablet serving janamesa.com.br.testing PaymentHelper: OrderNr 49276157, ServiceId 66, CustomerId 1340028698, Nachricht: O pagamento à vista foi aceito 
2012-06-18T11:11:39-03:00 INFO (6): ydadmin-ThinkPad-X220-Tablet serving janamesa.com.br.testing PaymentHelper: OrderNr 49276157, ServiceId 66, CustomerId 1340028698, Nachricht: Paypalbezahlung zugestimmt 
2012-06-18T11:11:39-03:00 INFO (6): ydadmin-ThinkPad-X220-Tablet serving janamesa.com.br.testing PaymentHelper: OrderNr 49276157, ServiceId 66, CustomerId 1340028698, Nachricht: O pagamento com cartão de crédito foi aceito 
2012-06-18T11:11:47-03:00 INFO (6): ydadmin-ThinkPad-X220-Tablet serving janamesa.com.br.testing PaymentHelper: OrderNr 49993353, ServiceId 66, CustomerId 1340028707, Nachricht: O pagamento à vista foi aceito 
2012-06-18T11:11:47-03:00 INFO (6): ydadmin-ThinkPad-X220-Tablet serving janamesa.com.br.testing PaymentHelper: OrderNr 49993353, ServiceId 66, CustomerId 1340028707, Nachricht: A transferência imediata foi recusada, porque o sistema foi desativado  
2012-06-18T11:11:47-03:00 INFO (6): ydadmin-ThinkPad-X220-Tablet serving janamesa.com.br.testing PaymentHelper: OrderNr 49993353, ServiceId 66, CustomerId 1340028707, Nachricht: Paypalbezahlung zugestimmt 
2012-06-18T11:11:47-03:00 INFO (6): ydadmin-ThinkPad-X220-Tablet serving janamesa.com.br.testing PaymentHelper: OrderNr 49993353, ServiceId 66, CustomerId 1340028707, Nachricht: O pagamento com cartão de crédito foi aceito 
2012-06-18T11:11:47-03:00 INFO (6): ydadmin-ThinkPad-X220-Tablet serving janamesa.com.br.testing PaymentHelper: OrderNr 49993353, ServiceId 66, CustomerId 1340028707, Nachricht: O pagamento à vista foi aceito 
2012-06-18T11:11:47-03:00 INFO (6): ydadmin-ThinkPad-X220-Tablet serving janamesa.com.br.testing PaymentHelper: OrderNr 49993353, ServiceId 66, CustomerId 1340028707, Nachricht: Paypalbezahlung zugestimmt 
2012-06-18T11:11:47-03:00 INFO (6): ydadmin-ThinkPad-X220-Tablet serving janamesa.com.br.testing PaymentHelper: OrderNr 49993353, ServiceId 66, CustomerId 1340028707, Nachricht: O pagamento com cartão de crédito foi aceito 
2012-06-18T11:12:12-03:00 INFO (6): ydadmin-ThinkPad-X220-Tablet serving janamesa.com.br.testing PaymentHelper: OrderNr 91601165, ServiceId 66, CustomerId 1340028732, Nachricht: O pagamento à vista foi aceito 
2012-06-18T11:12:12-03:00 INFO (6): ydadmin-ThinkPad-X220-Tablet serving janamesa.com.br.testing PaymentHelper: OrderNr 91601165, ServiceId 66, CustomerId 1340028732, Nachricht: A transferência imediata foi recusada, porque o sistema foi desativado  
2012-06-18T11:12:12-03:00 INFO (6): ydadmin-ThinkPad-X220-Tablet serving janamesa.com.br.testing PaymentHelper: OrderNr 91601165, ServiceId 66, CustomerId 1340028732, Nachricht: Paypalbezahlung zugestimmt 
2012-06-18T11:12:12-03:00 INFO (6): ydadmin-ThinkPad-X220-Tablet serving janamesa.com.br.testing PaymentHelper: OrderNr 91601165, ServiceId 66, CustomerId 1340028732, Nachricht: O pagamento com cartão de crédito foi aceito 
2012-06-18T11:12:12-03:00 INFO (6): ydadmin-ThinkPad-X220-Tablet serving janamesa.com.br.testing PaymentHelper: OrderNr 91601165, ServiceId 66, CustomerId 1340028732, Nachricht: O pagamento à vista foi aceito 
2012-06-18T11:12:12-03:00 INFO (6): ydadmin-ThinkPad-X220-Tablet serving janamesa.com.br.testing PaymentHelper: OrderNr 91601165, ServiceId 66, CustomerId 1340028732, Nachricht: Paypalbezahlung zugestimmt 
2012-06-18T11:12:12-03:00 INFO (6): ydadmin-ThinkPad-X220-Tablet serving janamesa.com.br.testing PaymentHelper: OrderNr 91601165, ServiceId 66, CustomerId 1340028732, Nachricht: O pagamento com cartão de crédito foi aceito 
2012-06-18T11:23:55-03:00 INFO (6): ydadmin-ThinkPad-X220-Tablet serving janamesa.com.br.testing PaymentHelper: OrderNr 60538379, ServiceId 164, CustomerId 1340029434, Nachricht: O pagamento à vista foi aceito 
2012-06-18T11:23:55-03:00 INFO (6): ydadmin-ThinkPad-X220-Tablet serving janamesa.com.br.testing PaymentHelper: OrderNr 60538379, ServiceId 164, CustomerId 1340029434, Nachricht: Pagamento de PayPal recusado, porque o restaurante só aceita pagamento à vista, ele não é premium  
2012-06-18T11:23:55-03:00 INFO (6): ydadmin-ThinkPad-X220-Tablet serving janamesa.com.br.testing PaymentHelper: OrderNr 60538379, ServiceId 164, CustomerId 1340029434, Nachricht: O pagamento com o cartão de crédito foi recusado, porque o restaurante "Big Boy I" só aceita pagamenteo à vista, ele não é premium 
