2012-06-12T11:25:59-03:00 INFO (6): ydadmin-ThinkPad-X220-Tablet serving janamesa.com.br.testing PaymentHelper: OrderNr 90132017, ServiceId 67, CustomerId 286, Nachricht: Barzahlung zugestimmt 
2012-06-12T11:25:59-03:00 INFO (6): ydadmin-ThinkPad-X220-Tablet serving janamesa.com.br.testing PaymentHelper: OrderNr 90132017, ServiceId 67, CustomerId 286, Nachricht: Kreditkartenzahlung abgelehnt, weil Restaurant "Art'n Pizza" nur Barzahlung akzeptiert, Restaurant ist nicht Premium 
2012-06-12T11:29:16-03:00 INFO (6): ydadmin-ThinkPad-X220-Tablet serving janamesa.com.br.testing PaymentHelper: OrderNr 56011538, ServiceId 67, CustomerId 286, Nachricht: Barzahlung zugestimmt 
2012-06-12T11:29:16-03:00 INFO (6): ydadmin-ThinkPad-X220-Tablet serving janamesa.com.br.testing PaymentHelper: OrderNr 56011538, ServiceId 67, CustomerId 286, Nachricht: Kreditkartenzahlung abgelehnt, weil Restaurant "Art'n Pizza" nur Barzahlung akzeptiert, Restaurant ist nicht Premium 
2012-06-12T11:42:41-03:00 INFO (6): ydadmin-ThinkPad-X220-Tablet serving janamesa.com.br.testing PaymentHelper: OrderNr 20001589, ServiceId 67, CustomerId 286, Nachricht: Barzahlung zugestimmt 
2012-06-12T11:42:41-03:00 INFO (6): ydadmin-ThinkPad-X220-Tablet serving janamesa.com.br.testing PaymentHelper: OrderNr 20001589, ServiceId 67, CustomerId 286, Nachricht: Kreditkartenzahlung abgelehnt, weil Restaurant "Art'n Pizza" nur Barzahlung akzeptiert, Restaurant ist nicht Premium 
2012-06-12T11:46:17-03:00 INFO (6): ydadmin-ThinkPad-X220-Tablet serving janamesa.com.br.testing PaymentHelper: OrderNr 14964230, ServiceId 67, CustomerId 286, Nachricht: Barzahlung zugestimmt 
2012-06-12T11:46:17-03:00 INFO (6): ydadmin-ThinkPad-X220-Tablet serving janamesa.com.br.testing PaymentHelper: OrderNr 14964230, ServiceId 67, CustomerId 286, Nachricht: Kreditkartenzahlung abgelehnt, weil Restaurant "Art'n Pizza" nur Barzahlung akzeptiert, Restaurant ist nicht Premium 
2012-06-12T11:47:08-03:00 INFO (6): ydadmin-ThinkPad-X220-Tablet serving janamesa.com.br.testing PaymentHelper: OrderNr 85018933, ServiceId 67, CustomerId 286, Nachricht: Barzahlung zugestimmt 
2012-06-12T11:47:08-03:00 INFO (6): ydadmin-ThinkPad-X220-Tablet serving janamesa.com.br.testing PaymentHelper: OrderNr 85018933, ServiceId 67, CustomerId 286, Nachricht: Kreditkartenzahlung abgelehnt, weil Restaurant "Art'n Pizza" nur Barzahlung akzeptiert, Restaurant ist nicht Premium 
2012-06-12T11:47:54-03:00 INFO (6): ydadmin-ThinkPad-X220-Tablet serving janamesa.com.br.testing PaymentHelper: OrderNr 69508319, ServiceId 67, CustomerId 286, Nachricht: Barzahlung zugestimmt 
2012-06-12T11:47:54-03:00 INFO (6): ydadmin-ThinkPad-X220-Tablet serving janamesa.com.br.testing PaymentHelper: OrderNr 69508319, ServiceId 67, CustomerId 286, Nachricht: Kreditkartenzahlung abgelehnt, weil Restaurant "Art'n Pizza" nur Barzahlung akzeptiert, Restaurant ist nicht Premium 
2012-06-12T11:57:31-03:00 INFO (6): ydadmin-ThinkPad-X220-Tablet serving janamesa.com.br.testing PaymentHelper: OrderNr 30562730, ServiceId 2, CustomerId 286, Nachricht: Barzahlung zugestimmt 
2012-06-12T11:57:31-03:00 INFO (6): ydadmin-ThinkPad-X220-Tablet serving janamesa.com.br.testing PaymentHelper: OrderNr 30562730, ServiceId 2, CustomerId 286, Nachricht: Sofortüberweisung abgelehnt, weil systemweit deaktiviert 
2012-06-12T11:57:31-03:00 INFO (6): ydadmin-ThinkPad-X220-Tablet serving janamesa.com.br.testing PaymentHelper: OrderNr 30562730, ServiceId 2, CustomerId 286, Nachricht: Paypalbezahlung abgelehnt, weil systemweit deaktiviert 
2012-06-12T11:57:31-03:00 INFO (6): ydadmin-ThinkPad-X220-Tablet serving janamesa.com.br.testing PaymentHelper: OrderNr 30562730, ServiceId 2, CustomerId 286, Nachricht: Kreditkartenzahlung zugestimmt 
2012-06-12T11:57:31-03:00 INFO (6): ydadmin-ThinkPad-X220-Tablet serving janamesa.com.br.testing PaymentHelper: OrderNr 30562730, ServiceId 2, CustomerId 286, Nachricht: Barzahlung zugestimmt 
2012-06-12T11:57:31-03:00 INFO (6): ydadmin-ThinkPad-X220-Tablet serving janamesa.com.br.testing PaymentHelper: OrderNr 30562730, ServiceId 2, CustomerId 286, Nachricht: Kreditkartenzahlung zugestimmt 
2012-06-12T12:26:04-03:00 INFO (6): ydadmin-ThinkPad-X220-Tablet serving janamesa.com.br.testing PaymentHelper: OrderNr 58079999, ServiceId 2, CustomerId 286, Nachricht: Barzahlung zugestimmt 
2012-06-12T12:26:04-03:00 INFO (6): ydadmin-ThinkPad-X220-Tablet serving janamesa.com.br.testing PaymentHelper: OrderNr 58079999, ServiceId 2, CustomerId 286, Nachricht: Sofortüberweisung abgelehnt, weil systemweit deaktiviert 
2012-06-12T12:26:04-03:00 INFO (6): ydadmin-ThinkPad-X220-Tablet serving janamesa.com.br.testing PaymentHelper: OrderNr 58079999, ServiceId 2, CustomerId 286, Nachricht: Paypalbezahlung abgelehnt, weil systemweit deaktiviert 
2012-06-12T12:26:04-03:00 INFO (6): ydadmin-ThinkPad-X220-Tablet serving janamesa.com.br.testing PaymentHelper: OrderNr 58079999, ServiceId 2, CustomerId 286, Nachricht: Kreditkartenzahlung zugestimmt 
2012-06-12T12:26:04-03:00 INFO (6): ydadmin-ThinkPad-X220-Tablet serving janamesa.com.br.testing PaymentHelper: OrderNr 58079999, ServiceId 2, CustomerId 286, Nachricht: Barzahlung zugestimmt 
2012-06-12T12:26:04-03:00 INFO (6): ydadmin-ThinkPad-X220-Tablet serving janamesa.com.br.testing PaymentHelper: OrderNr 58079999, ServiceId 2, CustomerId 286, Nachricht: Kreditkartenzahlung zugestimmt 
2012-06-12T12:26:54-03:00 INFO (6): ydadmin-ThinkPad-X220-Tablet serving janamesa.com.br.testing PaymentHelper: OrderNr 67435137, ServiceId 2, CustomerId 286, Nachricht: Barzahlung zugestimmt 
2012-06-12T12:26:54-03:00 INFO (6): ydadmin-ThinkPad-X220-Tablet serving janamesa.com.br.testing PaymentHelper: OrderNr 67435137, ServiceId 2, CustomerId 286, Nachricht: Sofortüberweisung abgelehnt, weil systemweit deaktiviert 
2012-06-12T12:26:54-03:00 INFO (6): ydadmin-ThinkPad-X220-Tablet serving janamesa.com.br.testing PaymentHelper: OrderNr 67435137, ServiceId 2, CustomerId 286, Nachricht: Paypalbezahlung abgelehnt, weil systemweit deaktiviert 
2012-06-12T12:26:54-03:00 INFO (6): ydadmin-ThinkPad-X220-Tablet serving janamesa.com.br.testing PaymentHelper: OrderNr 67435137, ServiceId 2, CustomerId 286, Nachricht: Kreditkartenzahlung zugestimmt 
2012-06-12T12:26:54-03:00 INFO (6): ydadmin-ThinkPad-X220-Tablet serving janamesa.com.br.testing PaymentHelper: OrderNr 67435137, ServiceId 2, CustomerId 286, Nachricht: Barzahlung zugestimmt 
2012-06-12T12:26:54-03:00 INFO (6): ydadmin-ThinkPad-X220-Tablet serving janamesa.com.br.testing PaymentHelper: OrderNr 67435137, ServiceId 2, CustomerId 286, Nachricht: Kreditkartenzahlung zugestimmt 
2012-06-12T12:28:27-03:00 INFO (6): ydadmin-ThinkPad-X220-Tablet serving janamesa.com.br.testing PaymentHelper: OrderNr 67251419, ServiceId 2, CustomerId 286, Nachricht: Barzahlung zugestimmt 
2012-06-12T12:28:27-03:00 INFO (6): ydadmin-ThinkPad-X220-Tablet serving janamesa.com.br.testing PaymentHelper: OrderNr 67251419, ServiceId 2, CustomerId 286, Nachricht: Sofortüberweisung abgelehnt, weil systemweit deaktiviert 
2012-06-12T12:28:27-03:00 INFO (6): ydadmin-ThinkPad-X220-Tablet serving janamesa.com.br.testing PaymentHelper: OrderNr 67251419, ServiceId 2, CustomerId 286, Nachricht: Paypalbezahlung abgelehnt, weil systemweit deaktiviert 
2012-06-12T12:28:27-03:00 INFO (6): ydadmin-ThinkPad-X220-Tablet serving janamesa.com.br.testing PaymentHelper: OrderNr 67251419, ServiceId 2, CustomerId 286, Nachricht: Kreditkartenzahlung zugestimmt 
2012-06-12T12:28:27-03:00 INFO (6): ydadmin-ThinkPad-X220-Tablet serving janamesa.com.br.testing PaymentHelper: OrderNr 67251419, ServiceId 2, CustomerId 286, Nachricht: Barzahlung zugestimmt 
2012-06-12T12:28:27-03:00 INFO (6): ydadmin-ThinkPad-X220-Tablet serving janamesa.com.br.testing PaymentHelper: OrderNr 67251419, ServiceId 2, CustomerId 286, Nachricht: Kreditkartenzahlung zugestimmt 
2012-06-12T12:29:18-03:00 INFO (6): ydadmin-ThinkPad-X220-Tablet serving janamesa.com.br.testing PaymentHelper: OrderNr 30345737, ServiceId 2, CustomerId 286, Nachricht: Barzahlung zugestimmt 
2012-06-12T12:29:18-03:00 INFO (6): ydadmin-ThinkPad-X220-Tablet serving janamesa.com.br.testing PaymentHelper: OrderNr 30345737, ServiceId 2, CustomerId 286, Nachricht: Sofortüberweisung abgelehnt, weil systemweit deaktiviert 
2012-06-12T12:29:18-03:00 INFO (6): ydadmin-ThinkPad-X220-Tablet serving janamesa.com.br.testing PaymentHelper: OrderNr 30345737, ServiceId 2, CustomerId 286, Nachricht: Paypalbezahlung abgelehnt, weil systemweit deaktiviert 
2012-06-12T12:29:18-03:00 INFO (6): ydadmin-ThinkPad-X220-Tablet serving janamesa.com.br.testing PaymentHelper: OrderNr 30345737, ServiceId 2, CustomerId 286, Nachricht: Kreditkartenzahlung zugestimmt 
2012-06-12T12:29:18-03:00 INFO (6): ydadmin-ThinkPad-X220-Tablet serving janamesa.com.br.testing PaymentHelper: OrderNr 30345737, ServiceId 2, CustomerId 286, Nachricht: Barzahlung zugestimmt 
2012-06-12T12:29:18-03:00 INFO (6): ydadmin-ThinkPad-X220-Tablet serving janamesa.com.br.testing PaymentHelper: OrderNr 30345737, ServiceId 2, CustomerId 286, Nachricht: Kreditkartenzahlung zugestimmt 
2012-06-12T12:29:22-03:00 INFO (6): ydadmin-ThinkPad-X220-Tablet serving janamesa.com.br.testing PaymentHelper: OrderNr 30345737, ServiceId 2, CustomerId 286, Nachricht: Barzahlung zugestimmt 
2012-06-12T12:29:22-03:00 INFO (6): ydadmin-ThinkPad-X220-Tablet serving janamesa.com.br.testing PaymentHelper: OrderNr 30345737, ServiceId 2, CustomerId 286, Nachricht: Sofortüberweisung abgelehnt, weil systemweit deaktiviert 
2012-06-12T12:29:22-03:00 INFO (6): ydadmin-ThinkPad-X220-Tablet serving janamesa.com.br.testing PaymentHelper: OrderNr 30345737, ServiceId 2, CustomerId 286, Nachricht: Paypalbezahlung abgelehnt, weil systemweit deaktiviert 
2012-06-12T12:29:22-03:00 INFO (6): ydadmin-ThinkPad-X220-Tablet serving janamesa.com.br.testing PaymentHelper: OrderNr 30345737, ServiceId 2, CustomerId 286, Nachricht: Kreditkartenzahlung zugestimmt 
2012-06-12T12:29:22-03:00 INFO (6): ydadmin-ThinkPad-X220-Tablet serving janamesa.com.br.testing PaymentHelper: OrderNr 30345737, ServiceId 2, CustomerId 286, Nachricht: Barzahlung zugestimmt 
2012-06-12T12:29:22-03:00 INFO (6): ydadmin-ThinkPad-X220-Tablet serving janamesa.com.br.testing PaymentHelper: OrderNr 30345737, ServiceId 2, CustomerId 286, Nachricht: Kreditkartenzahlung zugestimmt 
2012-06-12T12:34:28-03:00 INFO (6): ydadmin-ThinkPad-X220-Tablet serving janamesa.com.br.testing PaymentHelper: OrderNr 91324580, ServiceId 2, CustomerId 286, Nachricht: Barzahlung zugestimmt 
2012-06-12T12:34:28-03:00 INFO (6): ydadmin-ThinkPad-X220-Tablet serving janamesa.com.br.testing PaymentHelper: OrderNr 91324580, ServiceId 2, CustomerId 286, Nachricht: Sofortüberweisung abgelehnt, weil systemweit deaktiviert 
2012-06-12T12:34:28-03:00 INFO (6): ydadmin-ThinkPad-X220-Tablet serving janamesa.com.br.testing PaymentHelper: OrderNr 91324580, ServiceId 2, CustomerId 286, Nachricht: Paypalbezahlung abgelehnt, weil systemweit deaktiviert 
2012-06-12T12:34:28-03:00 INFO (6): ydadmin-ThinkPad-X220-Tablet serving janamesa.com.br.testing PaymentHelper: OrderNr 91324580, ServiceId 2, CustomerId 286, Nachricht: Kreditkartenzahlung zugestimmt 
2012-06-12T12:34:28-03:00 INFO (6): ydadmin-ThinkPad-X220-Tablet serving janamesa.com.br.testing PaymentHelper: OrderNr 91324580, ServiceId 2, CustomerId 286, Nachricht: Barzahlung zugestimmt 
2012-06-12T12:34:28-03:00 INFO (6): ydadmin-ThinkPad-X220-Tablet serving janamesa.com.br.testing PaymentHelper: OrderNr 91324580, ServiceId 2, CustomerId 286, Nachricht: Kreditkartenzahlung zugestimmt 
2012-06-12T12:34:30-03:00 INFO (6): ydadmin-ThinkPad-X220-Tablet serving janamesa.com.br.testing PaymentHelper: OrderNr 91324580, ServiceId 2, CustomerId 286, Nachricht: Barzahlung zugestimmt 
2012-06-12T12:34:30-03:00 INFO (6): ydadmin-ThinkPad-X220-Tablet serving janamesa.com.br.testing PaymentHelper: OrderNr 91324580, ServiceId 2, CustomerId 286, Nachricht: Sofortüberweisung abgelehnt, weil systemweit deaktiviert 
2012-06-12T12:34:30-03:00 INFO (6): ydadmin-ThinkPad-X220-Tablet serving janamesa.com.br.testing PaymentHelper: OrderNr 91324580, ServiceId 2, CustomerId 286, Nachricht: Paypalbezahlung abgelehnt, weil systemweit deaktiviert 
2012-06-12T12:34:30-03:00 INFO (6): ydadmin-ThinkPad-X220-Tablet serving janamesa.com.br.testing PaymentHelper: OrderNr 91324580, ServiceId 2, CustomerId 286, Nachricht: Kreditkartenzahlung zugestimmt 
2012-06-12T12:34:30-03:00 INFO (6): ydadmin-ThinkPad-X220-Tablet serving janamesa.com.br.testing PaymentHelper: OrderNr 91324580, ServiceId 2, CustomerId 286, Nachricht: Barzahlung zugestimmt 
2012-06-12T12:34:30-03:00 INFO (6): ydadmin-ThinkPad-X220-Tablet serving janamesa.com.br.testing PaymentHelper: OrderNr 91324580, ServiceId 2, CustomerId 286, Nachricht: Kreditkartenzahlung zugestimmt 
2012-06-12T12:38:49-03:00 INFO (6): ydadmin-ThinkPad-X220-Tablet serving janamesa.com.br.testing PaymentHelper: OrderNr 02405775, ServiceId 2, CustomerId 286, Nachricht: Barzahlung zugestimmt 
2012-06-12T12:38:52-03:00 INFO (6): ydadmin-ThinkPad-X220-Tablet serving janamesa.com.br.testing PaymentHelper: OrderNr 02405775, ServiceId 2, CustomerId 286, Nachricht: Sofortüberweisung abgelehnt, weil systemweit deaktiviert 
2012-06-12T12:38:54-03:00 INFO (6): ydadmin-ThinkPad-X220-Tablet serving janamesa.com.br.testing PaymentHelper: OrderNr 02405775, ServiceId 2, CustomerId 286, Nachricht: Paypalbezahlung abgelehnt, weil systemweit deaktiviert 
2012-06-12T12:39:21-03:00 INFO (6): ydadmin-ThinkPad-X220-Tablet serving janamesa.com.br.testing PaymentHelper: OrderNr 02405775, ServiceId 2, CustomerId 286, Nachricht: Kreditkartenzahlung zugestimmt 
2012-06-12T12:39:29-03:00 INFO (6): ydadmin-ThinkPad-X220-Tablet serving janamesa.com.br.testing PaymentHelper: OrderNr 02405775, ServiceId 2, CustomerId 286, Nachricht: Barzahlung zugestimmt 
2012-06-12T12:39:48-03:00 INFO (6): ydadmin-ThinkPad-X220-Tablet serving janamesa.com.br.testing PaymentHelper: OrderNr 02405775, ServiceId 2, CustomerId 286, Nachricht: Kreditkartenzahlung zugestimmt 
2012-06-12T12:43:49-03:00 INFO (6): ydadmin-ThinkPad-X220-Tablet serving janamesa.com.br.testing PaymentHelper: OrderNr 76628834, ServiceId 2, CustomerId 286, Nachricht: Barzahlung zugestimmt 
2012-06-12T12:43:49-03:00 INFO (6): ydadmin-ThinkPad-X220-Tablet serving janamesa.com.br.testing PaymentHelper: OrderNr 76628834, ServiceId 2, CustomerId 286, Nachricht: Sofortüberweisung abgelehnt, weil systemweit deaktiviert 
2012-06-12T12:43:49-03:00 INFO (6): ydadmin-ThinkPad-X220-Tablet serving janamesa.com.br.testing PaymentHelper: OrderNr 76628834, ServiceId 2, CustomerId 286, Nachricht: Paypalbezahlung abgelehnt, weil systemweit deaktiviert 
2012-06-12T12:43:49-03:00 INFO (6): ydadmin-ThinkPad-X220-Tablet serving janamesa.com.br.testing PaymentHelper: OrderNr 76628834, ServiceId 2, CustomerId 286, Nachricht: Kreditkartenzahlung zugestimmt 
2012-06-12T12:43:49-03:00 INFO (6): ydadmin-ThinkPad-X220-Tablet serving janamesa.com.br.testing PaymentHelper: OrderNr 76628834, ServiceId 2, CustomerId 286, Nachricht: Barzahlung zugestimmt 
2012-06-12T12:43:49-03:00 INFO (6): ydadmin-ThinkPad-X220-Tablet serving janamesa.com.br.testing PaymentHelper: OrderNr 76628834, ServiceId 2, CustomerId 286, Nachricht: Kreditkartenzahlung zugestimmt 
2012-06-12T12:47:34-03:00 INFO (6): ydadmin-ThinkPad-X220-Tablet serving janamesa.com.br.testing PaymentHelper: OrderNr 07709846, ServiceId 2, CustomerId 286, Nachricht: Barzahlung zugestimmt 
2012-06-12T12:47:34-03:00 INFO (6): ydadmin-ThinkPad-X220-Tablet serving janamesa.com.br.testing PaymentHelper: OrderNr 07709846, ServiceId 2, CustomerId 286, Nachricht: Sofortüberweisung abgelehnt, weil systemweit deaktiviert 
2012-06-12T12:47:34-03:00 INFO (6): ydadmin-ThinkPad-X220-Tablet serving janamesa.com.br.testing PaymentHelper: OrderNr 07709846, ServiceId 2, CustomerId 286, Nachricht: Paypalbezahlung abgelehnt, weil systemweit deaktiviert 
2012-06-12T12:47:34-03:00 INFO (6): ydadmin-ThinkPad-X220-Tablet serving janamesa.com.br.testing PaymentHelper: OrderNr 07709846, ServiceId 2, CustomerId 286, Nachricht: Kreditkartenzahlung zugestimmt 
2012-06-12T12:47:34-03:00 INFO (6): ydadmin-ThinkPad-X220-Tablet serving janamesa.com.br.testing PaymentHelper: OrderNr 07709846, ServiceId 2, CustomerId 286, Nachricht: Barzahlung zugestimmt 
2012-06-12T12:47:34-03:00 INFO (6): ydadmin-ThinkPad-X220-Tablet serving janamesa.com.br.testing PaymentHelper: OrderNr 07709846, ServiceId 2, CustomerId 286, Nachricht: Kreditkartenzahlung zugestimmt 
