2012-07-10T05:53:53-03:00 INFO (6): ydadmin-ThinkPad-X220-Tablet serving janamesa.com.br.testing PaymentHelper: OrderNr 38490729, ServiceId 47, CustomerId 468, Nachricht: O pagamento à vista foi aceito 
2012-07-10T05:53:53-03:00 INFO (6): ydadmin-ThinkPad-X220-Tablet serving janamesa.com.br.testing PaymentHelper: OrderNr 38490729, ServiceId 47, CustomerId 468, Nachricht: A transferência imediata foi recusada, porque o sistema foi desativado  
2012-07-10T05:53:53-03:00 INFO (6): ydadmin-ThinkPad-X220-Tablet serving janamesa.com.br.testing PaymentHelper: OrderNr 38490729, ServiceId 47, CustomerId 468, Nachricht: Paypalbezahlung zugestimmt 
2012-07-10T05:53:53-03:00 INFO (6): ydadmin-ThinkPad-X220-Tablet serving janamesa.com.br.testing PaymentHelper: OrderNr 38490729, ServiceId 47, CustomerId 468, Nachricht: O pagamento com cartão de crédito foi aceito 
2012-07-10T05:53:53-03:00 INFO (6): ydadmin-ThinkPad-X220-Tablet serving janamesa.com.br.testing PaymentHelper: OrderNr 38490729, ServiceId 47, CustomerId 468, Nachricht: O pagamento à vista foi aceito 
2012-07-10T05:53:53-03:00 INFO (6): ydadmin-ThinkPad-X220-Tablet serving janamesa.com.br.testing PaymentHelper: OrderNr 38490729, ServiceId 47, CustomerId 468, Nachricht: O pagamento com cartão de crédito foi aceito 
2012-07-10T05:54:23-03:00 INFO (6): ydadmin-ThinkPad-X220-Tablet serving janamesa.com.br.testing PaymentHelper: OrderNr 49901950, ServiceId 47, CustomerId 468, Nachricht: O pagamento à vista foi aceito 
2012-07-10T05:54:27-03:00 INFO (6): ydadmin-ThinkPad-X220-Tablet serving janamesa.com.br.testing PaymentHelper: OrderNr 89936070, ServiceId 47, CustomerId 468, Nachricht: O pagamento à vista foi aceito 
2012-07-10T06:00:53-03:00 INFO (6): ydadmin-ThinkPad-X220-Tablet serving janamesa.com.br.testing PaymentHelper: OrderNr 60463643, ServiceId 47, CustomerId 468, Nachricht: O pagamento à vista foi aceito 
2012-07-10T06:00:53-03:00 INFO (6): ydadmin-ThinkPad-X220-Tablet serving janamesa.com.br.testing PaymentHelper: OrderNr 60463643, ServiceId 47, CustomerId 468, Nachricht: A transferência imediata foi recusada, porque o sistema foi desativado  
2012-07-10T06:00:53-03:00 INFO (6): ydadmin-ThinkPad-X220-Tablet serving janamesa.com.br.testing PaymentHelper: OrderNr 60463643, ServiceId 47, CustomerId 468, Nachricht: Paypalbezahlung zugestimmt 
2012-07-10T06:00:53-03:00 INFO (6): ydadmin-ThinkPad-X220-Tablet serving janamesa.com.br.testing PaymentHelper: OrderNr 60463643, ServiceId 47, CustomerId 468, Nachricht: O pagamento com cartão de crédito foi aceito 
2012-07-10T06:00:53-03:00 INFO (6): ydadmin-ThinkPad-X220-Tablet serving janamesa.com.br.testing PaymentHelper: OrderNr 60463643, ServiceId 47, CustomerId 468, Nachricht: O pagamento à vista foi aceito 
2012-07-10T06:00:53-03:00 INFO (6): ydadmin-ThinkPad-X220-Tablet serving janamesa.com.br.testing PaymentHelper: OrderNr 60463643, ServiceId 47, CustomerId 468, Nachricht: O pagamento com cartão de crédito foi aceito 
2012-07-10T06:01:02-03:00 INFO (6): ydadmin-ThinkPad-X220-Tablet serving janamesa.com.br.testing PaymentHelper: OrderNr 81596657, ServiceId 47, CustomerId 468, Nachricht: O pagamento à vista foi aceito 
2012-07-10T06:01:05-03:00 INFO (6): ydadmin-ThinkPad-X220-Tablet serving janamesa.com.br.testing PaymentHelper: OrderNr 97562100, ServiceId 47, CustomerId 468, Nachricht: O pagamento à vista foi aceito 
2012-07-10T06:02:13-03:00 INFO (6): ydadmin-ThinkPad-X220-Tablet serving janamesa.com.br.testing PaymentHelper: OrderNr 06309784, ServiceId 47, CustomerId 468, Nachricht: O pagamento à vista foi aceito 
2012-07-10T06:02:13-03:00 INFO (6): ydadmin-ThinkPad-X220-Tablet serving janamesa.com.br.testing PaymentHelper: OrderNr 06309784, ServiceId 47, CustomerId 468, Nachricht: A transferência imediata foi recusada, porque o sistema foi desativado  
2012-07-10T06:02:13-03:00 INFO (6): ydadmin-ThinkPad-X220-Tablet serving janamesa.com.br.testing PaymentHelper: OrderNr 06309784, ServiceId 47, CustomerId 468, Nachricht: Paypalbezahlung zugestimmt 
2012-07-10T06:02:13-03:00 INFO (6): ydadmin-ThinkPad-X220-Tablet serving janamesa.com.br.testing PaymentHelper: OrderNr 06309784, ServiceId 47, CustomerId 468, Nachricht: O pagamento com cartão de crédito foi aceito 
2012-07-10T06:02:13-03:00 INFO (6): ydadmin-ThinkPad-X220-Tablet serving janamesa.com.br.testing PaymentHelper: OrderNr 06309784, ServiceId 47, CustomerId 468, Nachricht: O pagamento à vista foi aceito 
2012-07-10T06:02:13-03:00 INFO (6): ydadmin-ThinkPad-X220-Tablet serving janamesa.com.br.testing PaymentHelper: OrderNr 06309784, ServiceId 47, CustomerId 468, Nachricht: O pagamento com cartão de crédito foi aceito 
2012-07-10T06:02:33-03:00 INFO (6): ydadmin-ThinkPad-X220-Tablet serving janamesa.com.br.testing PaymentHelper: OrderNr 05624012, ServiceId 47, CustomerId 468, Nachricht: O pagamento à vista foi aceito 
2012-07-10T06:06:15-03:00 INFO (6): ydadmin-ThinkPad-X220-Tablet serving janamesa.com.br.testing PaymentHelper: OrderNr 80271249, ServiceId 47, CustomerId 468, Nachricht: O pagamento à vista foi aceito 
2012-07-10T06:06:15-03:00 INFO (6): ydadmin-ThinkPad-X220-Tablet serving janamesa.com.br.testing PaymentHelper: OrderNr 80271249, ServiceId 47, CustomerId 468, Nachricht: A transferência imediata foi recusada, porque o sistema foi desativado  
2012-07-10T06:06:15-03:00 INFO (6): ydadmin-ThinkPad-X220-Tablet serving janamesa.com.br.testing PaymentHelper: OrderNr 80271249, ServiceId 47, CustomerId 468, Nachricht: Paypalbezahlung zugestimmt 
2012-07-10T06:06:15-03:00 INFO (6): ydadmin-ThinkPad-X220-Tablet serving janamesa.com.br.testing PaymentHelper: OrderNr 80271249, ServiceId 47, CustomerId 468, Nachricht: O pagamento com cartão de crédito foi aceito 
2012-07-10T06:06:15-03:00 INFO (6): ydadmin-ThinkPad-X220-Tablet serving janamesa.com.br.testing PaymentHelper: OrderNr 80271249, ServiceId 47, CustomerId 468, Nachricht: O pagamento à vista foi aceito 
2012-07-10T06:06:16-03:00 INFO (6): ydadmin-ThinkPad-X220-Tablet serving janamesa.com.br.testing PaymentHelper: OrderNr 80271249, ServiceId 47, CustomerId 468, Nachricht: O pagamento com cartão de crédito foi aceito 
2012-07-10T06:06:23-03:00 INFO (6): ydadmin-ThinkPad-X220-Tablet serving janamesa.com.br.testing PaymentHelper: OrderNr 99856818, ServiceId 47, CustomerId 468, Nachricht: O pagamento à vista foi aceito 
2012-07-10T06:09:09-03:00 INFO (6): ydadmin-ThinkPad-X220-Tablet serving janamesa.com.br.testing PaymentHelper: OrderNr 15751896, ServiceId 47, CustomerId 468, Nachricht: O pagamento à vista foi aceito 
2012-07-10T06:09:09-03:00 INFO (6): ydadmin-ThinkPad-X220-Tablet serving janamesa.com.br.testing PaymentHelper: OrderNr 15751896, ServiceId 47, CustomerId 468, Nachricht: A transferência imediata foi recusada, porque o sistema foi desativado  
2012-07-10T06:09:09-03:00 INFO (6): ydadmin-ThinkPad-X220-Tablet serving janamesa.com.br.testing PaymentHelper: OrderNr 15751896, ServiceId 47, CustomerId 468, Nachricht: Paypalbezahlung zugestimmt 
2012-07-10T06:09:09-03:00 INFO (6): ydadmin-ThinkPad-X220-Tablet serving janamesa.com.br.testing PaymentHelper: OrderNr 15751896, ServiceId 47, CustomerId 468, Nachricht: O pagamento com cartão de crédito foi aceito 
2012-07-10T06:09:09-03:00 INFO (6): ydadmin-ThinkPad-X220-Tablet serving janamesa.com.br.testing PaymentHelper: OrderNr 15751896, ServiceId 47, CustomerId 468, Nachricht: O pagamento à vista foi aceito 
2012-07-10T06:09:09-03:00 INFO (6): ydadmin-ThinkPad-X220-Tablet serving janamesa.com.br.testing PaymentHelper: OrderNr 15751896, ServiceId 47, CustomerId 468, Nachricht: O pagamento com cartão de crédito foi aceito 
2012-07-10T06:09:18-03:00 INFO (6): ydadmin-ThinkPad-X220-Tablet serving janamesa.com.br.testing PaymentHelper: OrderNr 62889173, ServiceId 47, CustomerId 468, Nachricht: O pagamento à vista foi aceito 
2012-07-10T06:24:01-03:00 INFO (6): ydadmin-ThinkPad-X220-Tablet serving janamesa.com.br.testing PaymentHelper: OrderNr 91619011, ServiceId 47, CustomerId 468, Nachricht: O pagamento à vista foi aceito 
2012-07-10T06:24:03-03:00 INFO (6): ydadmin-ThinkPad-X220-Tablet serving janamesa.com.br.testing PaymentHelper: OrderNr 84070610, ServiceId 47, CustomerId 468, Nachricht: O pagamento à vista foi aceito 
2012-07-10T06:29:57-03:00 INFO (6): ydadmin-ThinkPad-X220-Tablet serving janamesa.com.br.testing PaymentHelper: OrderNr 60984878, ServiceId 47, CustomerId 468, Nachricht: O pagamento à vista foi aceito 
2012-07-10T06:29:57-03:00 INFO (6): ydadmin-ThinkPad-X220-Tablet serving janamesa.com.br.testing PaymentHelper: OrderNr 60984878, ServiceId 47, CustomerId 468, Nachricht: A transferência imediata foi recusada, porque o sistema foi desativado  
2012-07-10T06:29:57-03:00 INFO (6): ydadmin-ThinkPad-X220-Tablet serving janamesa.com.br.testing PaymentHelper: OrderNr 60984878, ServiceId 47, CustomerId 468, Nachricht: Paypalbezahlung zugestimmt 
2012-07-10T06:29:57-03:00 INFO (6): ydadmin-ThinkPad-X220-Tablet serving janamesa.com.br.testing PaymentHelper: OrderNr 60984878, ServiceId 47, CustomerId 468, Nachricht: O pagamento com cartão de crédito foi aceito 
2012-07-10T06:29:57-03:00 INFO (6): ydadmin-ThinkPad-X220-Tablet serving janamesa.com.br.testing PaymentHelper: OrderNr 60984878, ServiceId 47, CustomerId 468, Nachricht: O pagamento à vista foi aceito 
2012-07-10T06:29:57-03:00 INFO (6): ydadmin-ThinkPad-X220-Tablet serving janamesa.com.br.testing PaymentHelper: OrderNr 60984878, ServiceId 47, CustomerId 468, Nachricht: O pagamento com cartão de crédito foi aceito 
2012-07-10T06:30:12-03:00 INFO (6): ydadmin-ThinkPad-X220-Tablet serving janamesa.com.br.testing PaymentHelper: OrderNr 33690196, ServiceId 47, CustomerId 468, Nachricht: O pagamento à vista foi aceito 
2012-07-10T07:05:45-03:00 INFO (6): ydadmin-ThinkPad-X220-Tablet serving janamesa.com.br.testing PaymentHelper: OrderNr 64916530, ServiceId 47, CustomerId 468, Nachricht: O pagamento à vista foi aceito 
2012-07-10T07:05:45-03:00 INFO (6): ydadmin-ThinkPad-X220-Tablet serving janamesa.com.br.testing PaymentHelper: OrderNr 64916530, ServiceId 47, CustomerId 468, Nachricht: A transferência imediata foi recusada, porque o sistema foi desativado  
2012-07-10T07:05:45-03:00 INFO (6): ydadmin-ThinkPad-X220-Tablet serving janamesa.com.br.testing PaymentHelper: OrderNr 64916530, ServiceId 47, CustomerId 468, Nachricht: Paypalbezahlung zugestimmt 
2012-07-10T07:05:45-03:00 INFO (6): ydadmin-ThinkPad-X220-Tablet serving janamesa.com.br.testing PaymentHelper: OrderNr 64916530, ServiceId 47, CustomerId 468, Nachricht: O pagamento com cartão de crédito foi aceito 
2012-07-10T07:05:45-03:00 INFO (6): ydadmin-ThinkPad-X220-Tablet serving janamesa.com.br.testing PaymentHelper: OrderNr 64916530, ServiceId 47, CustomerId 468, Nachricht: O pagamento à vista foi aceito 
2012-07-10T07:05:45-03:00 INFO (6): ydadmin-ThinkPad-X220-Tablet serving janamesa.com.br.testing PaymentHelper: OrderNr 64916530, ServiceId 47, CustomerId 468, Nachricht: O pagamento com cartão de crédito foi aceito 
2012-07-10T07:05:52-03:00 INFO (6): ydadmin-ThinkPad-X220-Tablet serving janamesa.com.br.testing PaymentHelper: OrderNr 77336220, ServiceId 47, CustomerId 468, Nachricht: O pagamento à vista foi aceito 
2012-07-10T07:08:22-03:00 INFO (6): ydadmin-ThinkPad-X220-Tablet serving janamesa.com.br.testing PaymentHelper: OrderNr 33418883, ServiceId 47, CustomerId 468, Nachricht: O pagamento à vista foi aceito 
2012-07-10T07:08:22-03:00 INFO (6): ydadmin-ThinkPad-X220-Tablet serving janamesa.com.br.testing PaymentHelper: OrderNr 33418883, ServiceId 47, CustomerId 468, Nachricht: A transferência imediata foi recusada, porque o sistema foi desativado  
2012-07-10T07:08:22-03:00 INFO (6): ydadmin-ThinkPad-X220-Tablet serving janamesa.com.br.testing PaymentHelper: OrderNr 33418883, ServiceId 47, CustomerId 468, Nachricht: Paypalbezahlung zugestimmt 
2012-07-10T07:08:22-03:00 INFO (6): ydadmin-ThinkPad-X220-Tablet serving janamesa.com.br.testing PaymentHelper: OrderNr 33418883, ServiceId 47, CustomerId 468, Nachricht: O pagamento com cartão de crédito foi aceito 
2012-07-10T07:08:22-03:00 INFO (6): ydadmin-ThinkPad-X220-Tablet serving janamesa.com.br.testing PaymentHelper: OrderNr 33418883, ServiceId 47, CustomerId 468, Nachricht: O pagamento à vista foi aceito 
2012-07-10T07:08:22-03:00 INFO (6): ydadmin-ThinkPad-X220-Tablet serving janamesa.com.br.testing PaymentHelper: OrderNr 33418883, ServiceId 47, CustomerId 468, Nachricht: O pagamento com cartão de crédito foi aceito 
2012-07-10T07:08:29-03:00 INFO (6): ydadmin-ThinkPad-X220-Tablet serving janamesa.com.br.testing PaymentHelper: OrderNr 16145090, ServiceId 47, CustomerId 468, Nachricht: O pagamento à vista foi aceito 
2012-07-10T07:13:31-03:00 INFO (6): ydadmin-ThinkPad-X220-Tablet serving janamesa.com.br.testing PaymentHelper: OrderNr 95477000, ServiceId 47, CustomerId 468, Nachricht: O pagamento à vista foi aceito 
2012-07-10T07:13:31-03:00 INFO (6): ydadmin-ThinkPad-X220-Tablet serving janamesa.com.br.testing PaymentHelper: OrderNr 95477000, ServiceId 47, CustomerId 468, Nachricht: A transferência imediata foi recusada, porque o sistema foi desativado  
2012-07-10T07:13:31-03:00 INFO (6): ydadmin-ThinkPad-X220-Tablet serving janamesa.com.br.testing PaymentHelper: OrderNr 95477000, ServiceId 47, CustomerId 468, Nachricht: Paypalbezahlung zugestimmt 
2012-07-10T07:13:31-03:00 INFO (6): ydadmin-ThinkPad-X220-Tablet serving janamesa.com.br.testing PaymentHelper: OrderNr 95477000, ServiceId 47, CustomerId 468, Nachricht: O pagamento com cartão de crédito foi aceito 
2012-07-10T07:13:31-03:00 INFO (6): ydadmin-ThinkPad-X220-Tablet serving janamesa.com.br.testing PaymentHelper: OrderNr 95477000, ServiceId 47, CustomerId 468, Nachricht: O pagamento à vista foi aceito 
2012-07-10T07:13:31-03:00 INFO (6): ydadmin-ThinkPad-X220-Tablet serving janamesa.com.br.testing PaymentHelper: OrderNr 95477000, ServiceId 47, CustomerId 468, Nachricht: O pagamento com cartão de crédito foi aceito 
2012-07-10T07:13:38-03:00 INFO (6): ydadmin-ThinkPad-X220-Tablet serving janamesa.com.br.testing PaymentHelper: OrderNr 07189226, ServiceId 47, CustomerId 468, Nachricht: O pagamento à vista foi aceito 
2012-07-10T07:22:58-03:00 INFO (6): ydadmin-ThinkPad-X220-Tablet serving janamesa.com.br.testing PaymentHelper: OrderNr 97605790, ServiceId 47, CustomerId 468, Nachricht: O pagamento à vista foi aceito 
2012-07-10T07:22:58-03:00 INFO (6): ydadmin-ThinkPad-X220-Tablet serving janamesa.com.br.testing PaymentHelper: OrderNr 97605790, ServiceId 47, CustomerId 468, Nachricht: A transferência imediata foi recusada, porque o sistema foi desativado  
2012-07-10T07:22:58-03:00 INFO (6): ydadmin-ThinkPad-X220-Tablet serving janamesa.com.br.testing PaymentHelper: OrderNr 97605790, ServiceId 47, CustomerId 468, Nachricht: Paypalbezahlung zugestimmt 
2012-07-10T07:22:58-03:00 INFO (6): ydadmin-ThinkPad-X220-Tablet serving janamesa.com.br.testing PaymentHelper: OrderNr 97605790, ServiceId 47, CustomerId 468, Nachricht: O pagamento com cartão de crédito foi aceito 
2012-07-10T07:22:58-03:00 INFO (6): ydadmin-ThinkPad-X220-Tablet serving janamesa.com.br.testing PaymentHelper: OrderNr 97605790, ServiceId 47, CustomerId 468, Nachricht: O pagamento à vista foi aceito 
2012-07-10T07:22:58-03:00 INFO (6): ydadmin-ThinkPad-X220-Tablet serving janamesa.com.br.testing PaymentHelper: OrderNr 97605790, ServiceId 47, CustomerId 468, Nachricht: O pagamento com cartão de crédito foi aceito 
2012-07-10T07:23:06-03:00 INFO (6): ydadmin-ThinkPad-X220-Tablet serving janamesa.com.br.testing PaymentHelper: OrderNr 35247474, ServiceId 47, CustomerId 468, Nachricht: O pagamento à vista foi aceito 
2012-07-10T11:55:19-03:00 INFO (6): ydadmin-ThinkPad-X220-Tablet serving janamesa.com.br.testing PaymentHelper: OrderNr 59500591, ServiceId 314, CustomerId 468, Nachricht: O pagamento à vista foi aceito 
2012-07-10T11:55:19-03:00 INFO (6): ydadmin-ThinkPad-X220-Tablet serving janamesa.com.br.testing PaymentHelper: OrderNr 59500591, ServiceId 314, CustomerId 468, Nachricht: A transferência imediata foi recusada, porque o sistema foi desativado  
2012-07-10T11:55:19-03:00 INFO (6): ydadmin-ThinkPad-X220-Tablet serving janamesa.com.br.testing PaymentHelper: OrderNr 59500591, ServiceId 314, CustomerId 468, Nachricht: Paypalbezahlung zugestimmt 
2012-07-10T11:55:19-03:00 INFO (6): ydadmin-ThinkPad-X220-Tablet serving janamesa.com.br.testing PaymentHelper: OrderNr 59500591, ServiceId 314, CustomerId 468, Nachricht: O pagamento com cartão de crédito foi aceito 
2012-07-10T11:55:29-03:00 INFO (6): ydadmin-ThinkPad-X220-Tablet serving janamesa.com.br.testing PaymentHelper: OrderNr 98088147, ServiceId 314, CustomerId 468, Nachricht: O pagamento à vista foi aceito 
2012-07-10T11:55:30-03:00 INFO (6): ydadmin-ThinkPad-X220-Tablet serving janamesa.com.br.testing PaymentHelper: OrderNr 55792080, ServiceId 314, CustomerId 468, Nachricht: O pagamento à vista foi aceito 
2012-07-10T12:04:10-03:00 INFO (6): ydadmin-ThinkPad-X220-Tablet serving janamesa.com.br.testing PaymentHelper: OrderNr 57293510, ServiceId 314, CustomerId 468, Nachricht: O pagamento à vista foi aceito 
2012-07-10T12:04:10-03:00 INFO (6): ydadmin-ThinkPad-X220-Tablet serving janamesa.com.br.testing PaymentHelper: OrderNr 57293510, ServiceId 314, CustomerId 468, Nachricht: A transferência imediata foi recusada, porque o sistema foi desativado  
2012-07-10T12:04:10-03:00 INFO (6): ydadmin-ThinkPad-X220-Tablet serving janamesa.com.br.testing PaymentHelper: OrderNr 57293510, ServiceId 314, CustomerId 468, Nachricht: Paypalbezahlung zugestimmt 
2012-07-10T12:04:10-03:00 INFO (6): ydadmin-ThinkPad-X220-Tablet serving janamesa.com.br.testing PaymentHelper: OrderNr 57293510, ServiceId 314, CustomerId 468, Nachricht: O pagamento com cartão de crédito foi aceito 
2012-07-10T12:04:18-03:00 INFO (6): ydadmin-ThinkPad-X220-Tablet serving janamesa.com.br.testing PaymentHelper: OrderNr 69807672, ServiceId 314, CustomerId 468, Nachricht: O pagamento à vista foi aceito 
2012-07-10T12:16:06-03:00 INFO (6): ydadmin-ThinkPad-X220-Tablet serving janamesa.com.br.testing PaymentHelper: OrderNr 24730667, ServiceId 314, CustomerId 468, Nachricht: O pagamento à vista foi aceito 
2012-07-10T12:16:06-03:00 INFO (6): ydadmin-ThinkPad-X220-Tablet serving janamesa.com.br.testing PaymentHelper: OrderNr 24730667, ServiceId 314, CustomerId 468, Nachricht: A transferência imediata foi recusada, porque o sistema foi desativado  
2012-07-10T12:16:06-03:00 INFO (6): ydadmin-ThinkPad-X220-Tablet serving janamesa.com.br.testing PaymentHelper: OrderNr 24730667, ServiceId 314, CustomerId 468, Nachricht: Paypalbezahlung zugestimmt 
2012-07-10T12:16:06-03:00 INFO (6): ydadmin-ThinkPad-X220-Tablet serving janamesa.com.br.testing PaymentHelper: OrderNr 24730667, ServiceId 314, CustomerId 468, Nachricht: O pagamento com cartão de crédito foi aceito 
2012-07-10T12:16:13-03:00 INFO (6): ydadmin-ThinkPad-X220-Tablet serving janamesa.com.br.testing PaymentHelper: OrderNr 72486702, ServiceId 314, CustomerId 468, Nachricht: O pagamento à vista foi aceito 
2012-07-10T12:46:07-03:00 INFO (6): ydadmin-ThinkPad-X220-Tablet serving janamesa.com.br.testing PaymentHelper: OrderNr 57214225, ServiceId 314, CustomerId 468, Nachricht: O pagamento à vista foi aceito 
2012-07-10T12:48:24-03:00 INFO (6): ydadmin-ThinkPad-X220-Tablet serving janamesa.com.br.testing PaymentHelper: OrderNr 04162388, ServiceId 15, CustomerId 468, Nachricht: O pagamento à vista foi aceito 
2012-07-10T12:48:24-03:00 INFO (6): ydadmin-ThinkPad-X220-Tablet serving janamesa.com.br.testing PaymentHelper: OrderNr 04162388, ServiceId 15, CustomerId 468, Nachricht: A transferência imediata foi recusada, porque o sistema foi desativado  
2012-07-10T12:48:24-03:00 INFO (6): ydadmin-ThinkPad-X220-Tablet serving janamesa.com.br.testing PaymentHelper: OrderNr 04162388, ServiceId 15, CustomerId 468, Nachricht: Paypalbezahlung zugestimmt 
2012-07-10T12:48:24-03:00 INFO (6): ydadmin-ThinkPad-X220-Tablet serving janamesa.com.br.testing PaymentHelper: OrderNr 04162388, ServiceId 15, CustomerId 468, Nachricht: O pagamento com o cartão de crédito foi aceito, porque existe um montante aberto de um pedido individual de 2,50 pequeno limite de 700 
2012-07-10T12:48:24-03:00 INFO (6): ydadmin-ThinkPad-X220-Tablet serving janamesa.com.br.testing PaymentHelper: OrderNr 04162388, ServiceId 15, CustomerId 468, Nachricht: O pagamento à vista foi aceito 
2012-07-10T12:48:24-03:00 INFO (6): ydadmin-ThinkPad-X220-Tablet serving janamesa.com.br.testing PaymentHelper: OrderNr 04162388, ServiceId 15, CustomerId 468, Nachricht: O pagamento com o cartão de crédito foi aceito, porque existe um montante aberto de um pedido individual de 2,50 pequeno limite de 700 
2012-07-10T12:48:57-03:00 INFO (6): ydadmin-ThinkPad-X220-Tablet serving janamesa.com.br.testing PaymentHelper: OrderNr 33205282, ServiceId 15, CustomerId 468, Nachricht: O pagamento à vista foi aceito 
2012-07-10T12:48:58-03:00 INFO (6): ydadmin-ThinkPad-X220-Tablet serving janamesa.com.br.testing PaymentHelper: OrderNr 33205282, ServiceId 15, CustomerId 468, Nachricht: O pagamento à vista foi aceito 
2012-07-10T12:48:58-03:00 INFO (6): ydadmin-ThinkPad-X220-Tablet serving janamesa.com.br.testing PaymentHelper: OrderNr 33205282, ServiceId 15, CustomerId 468, Nachricht: O pagamento à vista foi aceito 
2012-07-10T12:48:58-03:00 INFO (6): ydadmin-ThinkPad-X220-Tablet serving janamesa.com.br.testing PaymentHelper: OrderNr 33205282, ServiceId 15, CustomerId 468, Nachricht: O pagamento com o cartão de crédito foi aceito, porque existe um montante aberto de um pedido individual de 2,50 pequeno limite de 700 
2012-07-10T12:49:51-03:00 INFO (6): ydadmin-ThinkPad-X220-Tablet serving janamesa.com.br.testing PaymentHelper: OrderNr 35790662, ServiceId 15, CustomerId 468, Nachricht: O pagamento à vista foi aceito 
2012-07-10T12:49:51-03:00 INFO (6): ydadmin-ThinkPad-X220-Tablet serving janamesa.com.br.testing PaymentHelper: OrderNr 35790662, ServiceId 15, CustomerId 468, Nachricht: O pagamento à vista foi aceito 
2012-07-10T12:49:51-03:00 INFO (6): ydadmin-ThinkPad-X220-Tablet serving janamesa.com.br.testing PaymentHelper: OrderNr 35790662, ServiceId 15, CustomerId 468, Nachricht: O pagamento à vista foi aceito 
2012-07-10T12:49:51-03:00 INFO (6): ydadmin-ThinkPad-X220-Tablet serving janamesa.com.br.testing PaymentHelper: OrderNr 35790662, ServiceId 15, CustomerId 468, Nachricht: O pagamento com o cartão de crédito foi aceito, porque existe um montante aberto de um pedido individual de 2,50 pequeno limite de 700 
2012-07-10T12:51:24-03:00 INFO (6): ydadmin-ThinkPad-X220-Tablet serving janamesa.com.br.testing PaymentHelper: OrderNr 14223854, ServiceId 118, CustomerId 468, Nachricht: O pagamento à vista foi aceito 
2012-07-10T12:51:24-03:00 INFO (6): ydadmin-ThinkPad-X220-Tablet serving janamesa.com.br.testing PaymentHelper: OrderNr 14223854, ServiceId 118, CustomerId 468, Nachricht: A transferência imediata foi recusada, porque o sistema foi desativado  
2012-07-10T12:51:24-03:00 INFO (6): ydadmin-ThinkPad-X220-Tablet serving janamesa.com.br.testing PaymentHelper: OrderNr 14223854, ServiceId 118, CustomerId 468, Nachricht: Paypalbezahlung zugestimmt 
2012-07-10T12:51:24-03:00 INFO (6): ydadmin-ThinkPad-X220-Tablet serving janamesa.com.br.testing PaymentHelper: OrderNr 14223854, ServiceId 118, CustomerId 468, Nachricht: O pagamento com cartão de crédito foi aceito 
2012-07-10T12:51:24-03:00 INFO (6): ydadmin-ThinkPad-X220-Tablet serving janamesa.com.br.testing PaymentHelper: OrderNr 14223854, ServiceId 118, CustomerId 468, Nachricht: O pagamento à vista foi aceito 
2012-07-10T12:51:24-03:00 INFO (6): ydadmin-ThinkPad-X220-Tablet serving janamesa.com.br.testing PaymentHelper: OrderNr 14223854, ServiceId 118, CustomerId 468, Nachricht: O pagamento com cartão de crédito foi aceito 
2012-07-10T12:52:14-03:00 INFO (6): ydadmin-ThinkPad-X220-Tablet serving janamesa.com.br.testing PaymentHelper: OrderNr 07139497, ServiceId 118, CustomerId 468, Nachricht: O pagamento à vista foi aceito 
2012-07-10T12:52:14-03:00 INFO (6): ydadmin-ThinkPad-X220-Tablet serving janamesa.com.br.testing PaymentHelper: OrderNr 07139497, ServiceId 118, CustomerId 468, Nachricht: A transferência imediata foi recusada, porque o sistema foi desativado  
2012-07-10T12:52:14-03:00 INFO (6): ydadmin-ThinkPad-X220-Tablet serving janamesa.com.br.testing PaymentHelper: OrderNr 07139497, ServiceId 118, CustomerId 468, Nachricht: Paypalbezahlung zugestimmt 
2012-07-10T12:52:14-03:00 INFO (6): ydadmin-ThinkPad-X220-Tablet serving janamesa.com.br.testing PaymentHelper: OrderNr 07139497, ServiceId 118, CustomerId 468, Nachricht: O pagamento com cartão de crédito foi aceito 
2012-07-10T12:52:14-03:00 INFO (6): ydadmin-ThinkPad-X220-Tablet serving janamesa.com.br.testing PaymentHelper: OrderNr 07139497, ServiceId 118, CustomerId 468, Nachricht: O pagamento à vista foi aceito 
2012-07-10T12:52:14-03:00 INFO (6): ydadmin-ThinkPad-X220-Tablet serving janamesa.com.br.testing PaymentHelper: OrderNr 07139497, ServiceId 118, CustomerId 468, Nachricht: O pagamento com cartão de crédito foi aceito 
2012-07-10T12:53:35-03:00 INFO (6): ydadmin-ThinkPad-X220-Tablet serving janamesa.com.br.testing PaymentHelper: OrderNr 38715251, ServiceId 118, CustomerId 468, Nachricht: O pagamento à vista foi aceito 
2012-07-10T12:53:35-03:00 INFO (6): ydadmin-ThinkPad-X220-Tablet serving janamesa.com.br.testing PaymentHelper: OrderNr 38715251, ServiceId 118, CustomerId 468, Nachricht: A transferência imediata foi recusada, porque o sistema foi desativado  
2012-07-10T12:53:35-03:00 INFO (6): ydadmin-ThinkPad-X220-Tablet serving janamesa.com.br.testing PaymentHelper: OrderNr 38715251, ServiceId 118, CustomerId 468, Nachricht: Paypalbezahlung zugestimmt 
2012-07-10T12:53:35-03:00 INFO (6): ydadmin-ThinkPad-X220-Tablet serving janamesa.com.br.testing PaymentHelper: OrderNr 38715251, ServiceId 118, CustomerId 468, Nachricht: O pagamento com cartão de crédito foi aceito 
2012-07-10T12:53:35-03:00 INFO (6): ydadmin-ThinkPad-X220-Tablet serving janamesa.com.br.testing PaymentHelper: OrderNr 38715251, ServiceId 118, CustomerId 468, Nachricht: O pagamento à vista foi aceito 
2012-07-10T12:53:35-03:00 INFO (6): ydadmin-ThinkPad-X220-Tablet serving janamesa.com.br.testing PaymentHelper: OrderNr 38715251, ServiceId 118, CustomerId 468, Nachricht: O pagamento com cartão de crédito foi aceito 
2012-07-10T12:54:01-03:00 INFO (6): ydadmin-ThinkPad-X220-Tablet serving janamesa.com.br.testing PaymentHelper: OrderNr 33767883, ServiceId 118, CustomerId 468, Nachricht: O pagamento com cartão de crédito foi aceito 
2012-07-10T12:54:01-03:00 INFO (6): ydadmin-ThinkPad-X220-Tablet serving janamesa.com.br.testing PaymentHelper: OrderNr 33767883, ServiceId 118, CustomerId 468, Nachricht: O pagamento com cartão de crédito foi aceito 
2012-07-10T12:54:01-03:00 INFO (6): ydadmin-ThinkPad-X220-Tablet serving janamesa.com.br.testing PaymentHelper: OrderNr 33767883, ServiceId 118, CustomerId 468, Nachricht: O pagamento à vista foi aceito 
2012-07-10T12:54:01-03:00 INFO (6): ydadmin-ThinkPad-X220-Tablet serving janamesa.com.br.testing PaymentHelper: OrderNr 33767883, ServiceId 118, CustomerId 468, Nachricht: O pagamento com cartão de crédito foi aceito 
2012-07-10T12:58:32-03:00 INFO (6): ydadmin-ThinkPad-X220-Tablet serving janamesa.com.br.testing PaymentHelper: OrderNr 34398595, ServiceId 118, CustomerId 468, Nachricht: O pagamento com cartão de crédito foi aceito 
2012-07-10T12:58:32-03:00 INFO (6): ydadmin-ThinkPad-X220-Tablet serving janamesa.com.br.testing PaymentHelper: OrderNr 34398595, ServiceId 118, CustomerId 468, Nachricht: O pagamento com cartão de crédito foi aceito 
2012-07-10T12:58:32-03:00 INFO (6): ydadmin-ThinkPad-X220-Tablet serving janamesa.com.br.testing PaymentHelper: OrderNr 34398595, ServiceId 118, CustomerId 468, Nachricht: O pagamento à vista foi aceito 
2012-07-10T12:58:32-03:00 INFO (6): ydadmin-ThinkPad-X220-Tablet serving janamesa.com.br.testing PaymentHelper: OrderNr 34398595, ServiceId 118, CustomerId 468, Nachricht: Paypalbezahlung zugestimmt 
2012-07-10T12:58:32-03:00 INFO (6): ydadmin-ThinkPad-X220-Tablet serving janamesa.com.br.testing PaymentHelper: OrderNr 34398595, ServiceId 118, CustomerId 468, Nachricht: O pagamento com cartão de crédito foi aceito 
2012-07-10T12:58:51-03:00 INFO (6): ydadmin-ThinkPad-X220-Tablet serving janamesa.com.br.testing PaymentHelper: OrderNr 58692480, ServiceId 118, CustomerId 468, Nachricht: Paypalbezahlung zugestimmt 
2012-07-10T12:58:51-03:00 INFO (6): ydadmin-ThinkPad-X220-Tablet serving janamesa.com.br.testing PaymentHelper: OrderNr 58692480, ServiceId 118, CustomerId 468, Nachricht: Paypalbezahlung zugestimmt 
2012-07-10T12:58:51-03:00 INFO (6): ydadmin-ThinkPad-X220-Tablet serving janamesa.com.br.testing PaymentHelper: OrderNr 58692480, ServiceId 118, CustomerId 468, Nachricht: O pagamento à vista foi aceito 
2012-07-10T12:58:51-03:00 INFO (6): ydadmin-ThinkPad-X220-Tablet serving janamesa.com.br.testing PaymentHelper: OrderNr 58692480, ServiceId 118, CustomerId 468, Nachricht: Paypalbezahlung zugestimmt 
2012-07-10T12:58:51-03:00 INFO (6): ydadmin-ThinkPad-X220-Tablet serving janamesa.com.br.testing PaymentHelper: OrderNr 58692480, ServiceId 118, CustomerId 468, Nachricht: O pagamento com cartão de crédito foi aceito 
2012-07-10T12:59:41-03:00 INFO (6): ydadmin-ThinkPad-X220-Tablet serving janamesa.com.br.testing PaymentHelper: OrderNr 11426855, ServiceId 118, CustomerId 468, Nachricht: O pagamento à vista foi aceito 
2012-07-10T13:55:13-03:00 INFO (6): ydadmin-ThinkPad-X220-Tablet serving janamesa.com.br.testing PaymentHelper: OrderNr 48260580, ServiceId 22, CustomerId 468, Nachricht: O pagamento à vista foi aceito 
2012-07-10T13:55:23-03:00 INFO (6): ydadmin-ThinkPad-X220-Tablet serving janamesa.com.br.testing PaymentHelper: OrderNr 30870507, ServiceId 22, CustomerId 468, Nachricht: O pagamento à vista foi aceito 
2012-07-10T13:55:27-03:00 INFO (6): ydadmin-ThinkPad-X220-Tablet serving janamesa.com.br.testing PaymentHelper: OrderNr 55159141, ServiceId 22, CustomerId 468, Nachricht: O pagamento à vista foi aceito 
2012-07-10T13:58:56-03:00 INFO (6): ydadmin-ThinkPad-X220-Tablet serving janamesa.com.br.testing PaymentHelper: OrderNr 27666863, ServiceId 87, CustomerId 468, Nachricht: O pagamento à vista foi aceito 
2012-07-10T13:58:56-03:00 INFO (6): ydadmin-ThinkPad-X220-Tablet serving janamesa.com.br.testing PaymentHelper: OrderNr 27666863, ServiceId 87, CustomerId 468, Nachricht: A transferência imediata foi recusada, porque o sistema foi desativado  
2012-07-10T13:58:56-03:00 INFO (6): ydadmin-ThinkPad-X220-Tablet serving janamesa.com.br.testing PaymentHelper: OrderNr 27666863, ServiceId 87, CustomerId 468, Nachricht: Paypalbezahlung zugestimmt 
2012-07-10T13:58:56-03:00 INFO (6): ydadmin-ThinkPad-X220-Tablet serving janamesa.com.br.testing PaymentHelper: OrderNr 27666863, ServiceId 87, CustomerId 468, Nachricht: O pagamento com cartão de crédito foi aceito 
2012-07-10T13:58:56-03:00 INFO (6): ydadmin-ThinkPad-X220-Tablet serving janamesa.com.br.testing PaymentHelper: OrderNr 27666863, ServiceId 87, CustomerId 468, Nachricht: O pagamento à vista foi aceito 
2012-07-10T13:58:56-03:00 INFO (6): ydadmin-ThinkPad-X220-Tablet serving janamesa.com.br.testing PaymentHelper: OrderNr 27666863, ServiceId 87, CustomerId 468, Nachricht: O pagamento com cartão de crédito foi aceito 
2012-07-10T13:59:02-03:00 INFO (6): ydadmin-ThinkPad-X220-Tablet serving janamesa.com.br.testing PaymentHelper: OrderNr 64888798, ServiceId 87, CustomerId 468, Nachricht: O pagamento à vista foi aceito 
2012-07-10T13:59:06-03:00 INFO (6): ydadmin-ThinkPad-X220-Tablet serving janamesa.com.br.testing PaymentHelper: OrderNr 34666088, ServiceId 87, CustomerId 468, Nachricht: O pagamento à vista foi aceito 
