2012-06-13T06:48:27-03:00 INFO (6): ydadmin-ThinkPad-X220-Tablet serving janamesa.com.br.testing PaymentHelper: OrderNr 53542756, ServiceId 311, CustomerId 1339580907, Nachricht: Barzahlung zugestimmt 
2012-06-13T06:48:27-03:00 INFO (6): ydadmin-ThinkPad-X220-Tablet serving janamesa.com.br.testing PaymentHelper: OrderNr 53542756, ServiceId 311, CustomerId 1339580907, Nachricht: Sofort端berweisung abgelehnt, weil systemweit deaktiviert 
2012-06-13T06:48:27-03:00 INFO (6): ydadmin-ThinkPad-X220-Tablet serving janamesa.com.br.testing PaymentHelper: OrderNr 53542756, ServiceId 311, CustomerId 1339580907, Nachricht: Paypalbezahlung abgelehnt, weil systemweit deaktiviert 
2012-06-13T06:48:27-03:00 INFO (6): ydadmin-ThinkPad-X220-Tablet serving janamesa.com.br.testing PaymentHelper: OrderNr 53542756, ServiceId 311, CustomerId 1339580907, Nachricht: Kreditkartenzahlung zugestimmt 
2012-06-13T06:48:27-03:00 INFO (6): ydadmin-ThinkPad-X220-Tablet serving janamesa.com.br.testing PaymentHelper: OrderNr 53542756, ServiceId 311, CustomerId 1339580907, Nachricht: Barzahlung zugestimmt 
2012-06-13T06:48:27-03:00 INFO (6): ydadmin-ThinkPad-X220-Tablet serving janamesa.com.br.testing PaymentHelper: OrderNr 53542756, ServiceId 311, CustomerId 1339580907, Nachricht: Kreditkartenzahlung zugestimmt 
2012-06-13T06:48:28-03:00 INFO (6): ydadmin-ThinkPad-X220-Tablet serving janamesa.com.br.testing PaymentHelper: OrderNr 53542756, ServiceId 311, CustomerId 1339580907, Nachricht: Barzahlung zugestimmt 
2012-06-13T06:48:28-03:00 INFO (6): ydadmin-ThinkPad-X220-Tablet serving janamesa.com.br.testing PaymentHelper: OrderNr 53542756, ServiceId 311, CustomerId 1339580907, Nachricht: Sofort端berweisung abgelehnt, weil systemweit deaktiviert 
2012-06-13T06:48:28-03:00 INFO (6): ydadmin-ThinkPad-X220-Tablet serving janamesa.com.br.testing PaymentHelper: OrderNr 53542756, ServiceId 311, CustomerId 1339580907, Nachricht: Paypalbezahlung abgelehnt, weil systemweit deaktiviert 
2012-06-13T06:48:28-03:00 INFO (6): ydadmin-ThinkPad-X220-Tablet serving janamesa.com.br.testing PaymentHelper: OrderNr 53542756, ServiceId 311, CustomerId 1339580907, Nachricht: Kreditkartenzahlung zugestimmt 
2012-06-13T06:48:28-03:00 INFO (6): ydadmin-ThinkPad-X220-Tablet serving janamesa.com.br.testing PaymentHelper: OrderNr 53542756, ServiceId 311, CustomerId 1339580907, Nachricht: Barzahlung zugestimmt 
2012-06-13T06:48:28-03:00 INFO (6): ydadmin-ThinkPad-X220-Tablet serving janamesa.com.br.testing PaymentHelper: OrderNr 53542756, ServiceId 311, CustomerId 1339580907, Nachricht: Kreditkartenzahlung zugestimmt 
2012-06-13T06:49:11-03:00 INFO (6): ydadmin-ThinkPad-X220-Tablet serving janamesa.com.br.testing PaymentHelper: OrderNr 39654822, ServiceId 311, CustomerId 1339580951, Nachricht: Barzahlung zugestimmt 
2012-06-13T06:49:11-03:00 INFO (6): ydadmin-ThinkPad-X220-Tablet serving janamesa.com.br.testing PaymentHelper: OrderNr 39654822, ServiceId 311, CustomerId 1339580951, Nachricht: Sofort端berweisung abgelehnt, weil systemweit deaktiviert 
2012-06-13T06:49:11-03:00 INFO (6): ydadmin-ThinkPad-X220-Tablet serving janamesa.com.br.testing PaymentHelper: OrderNr 39654822, ServiceId 311, CustomerId 1339580951, Nachricht: Paypalbezahlung zugestimmt 
2012-06-13T06:49:11-03:00 INFO (6): ydadmin-ThinkPad-X220-Tablet serving janamesa.com.br.testing PaymentHelper: OrderNr 39654822, ServiceId 311, CustomerId 1339580951, Nachricht: Kreditkartenzahlung zugestimmt 
2012-06-13T06:49:11-03:00 INFO (6): ydadmin-ThinkPad-X220-Tablet serving janamesa.com.br.testing PaymentHelper: OrderNr 39654822, ServiceId 311, CustomerId 1339580951, Nachricht: Barzahlung zugestimmt 
2012-06-13T06:49:11-03:00 INFO (6): ydadmin-ThinkPad-X220-Tablet serving janamesa.com.br.testing PaymentHelper: OrderNr 39654822, ServiceId 311, CustomerId 1339580951, Nachricht: Paypalbezahlung zugestimmt 
2012-06-13T06:49:11-03:00 INFO (6): ydadmin-ThinkPad-X220-Tablet serving janamesa.com.br.testing PaymentHelper: OrderNr 39654822, ServiceId 311, CustomerId 1339580951, Nachricht: Kreditkartenzahlung zugestimmt 
2012-06-13T06:57:34-03:00 INFO (6): ydadmin-ThinkPad-X220-Tablet serving janamesa.com.br.testing PaymentHelper: OrderNr 31359320, ServiceId 311, CustomerId 1339581454, Nachricht: Paypalbezahlung zugestimmt 
2012-06-13T06:57:35-03:00 INFO (6): ydadmin-ThinkPad-X220-Tablet serving janamesa.com.br.testing PaymentHelper: OrderNr 31359320, ServiceId 311, CustomerId 1339581454, Nachricht: Paypalbezahlung zugestimmt 
2012-06-13T06:57:35-03:00 INFO (6): ydadmin-ThinkPad-X220-Tablet serving janamesa.com.br.testing PaymentHelper: OrderNr 31359320, ServiceId 311, CustomerId 1339581454, Nachricht: Barzahlung zugestimmt 
2012-06-13T06:57:35-03:00 INFO (6): ydadmin-ThinkPad-X220-Tablet serving janamesa.com.br.testing PaymentHelper: OrderNr 31359320, ServiceId 311, CustomerId 1339581454, Nachricht: Paypalbezahlung zugestimmt 
2012-06-13T06:57:35-03:00 INFO (6): ydadmin-ThinkPad-X220-Tablet serving janamesa.com.br.testing PaymentHelper: OrderNr 31359320, ServiceId 311, CustomerId 1339581454, Nachricht: Kreditkartenzahlung zugestimmt 
2012-06-13T06:58:00-03:00 INFO (6): ydadmin-ThinkPad-X220-Tablet serving janamesa.com.br.testing PaymentHelper: OrderNr 99755888, ServiceId 311, CustomerId 1339581480, Nachricht: Paypalbezahlung zugestimmt 
2012-06-13T06:58:01-03:00 INFO (6): ydadmin-ThinkPad-X220-Tablet serving janamesa.com.br.testing PaymentHelper: OrderNr 37786496, ServiceId 311, CustomerId 1339581481, Nachricht: Paypalbezahlung zugestimmt 
2012-06-13T07:23:57-03:00 INFO (6): ydadmin-ThinkPad-X220-Tablet serving janamesa.com.br.testing PaymentHelper: OrderNr 41591471, ServiceId 311, CustomerId 1339583036, Nachricht: Barzahlung zugestimmt 
2012-06-13T07:23:57-03:00 INFO (6): ydadmin-ThinkPad-X220-Tablet serving janamesa.com.br.testing PaymentHelper: OrderNr 41591471, ServiceId 311, CustomerId 1339583036, Nachricht: Sofort端berweisung abgelehnt, weil systemweit deaktiviert 
2012-06-13T07:23:57-03:00 INFO (6): ydadmin-ThinkPad-X220-Tablet serving janamesa.com.br.testing PaymentHelper: OrderNr 41591471, ServiceId 311, CustomerId 1339583036, Nachricht: Paypalbezahlung zugestimmt 
2012-06-13T07:23:57-03:00 INFO (6): ydadmin-ThinkPad-X220-Tablet serving janamesa.com.br.testing PaymentHelper: OrderNr 41591471, ServiceId 311, CustomerId 1339583036, Nachricht: Kreditkartenzahlung zugestimmt 
2012-06-13T07:23:57-03:00 INFO (6): ydadmin-ThinkPad-X220-Tablet serving janamesa.com.br.testing PaymentHelper: OrderNr 41591471, ServiceId 311, CustomerId 1339583036, Nachricht: Barzahlung zugestimmt 
2012-06-13T07:23:57-03:00 INFO (6): ydadmin-ThinkPad-X220-Tablet serving janamesa.com.br.testing PaymentHelper: OrderNr 41591471, ServiceId 311, CustomerId 1339583036, Nachricht: Paypalbezahlung zugestimmt 
2012-06-13T07:23:57-03:00 INFO (6): ydadmin-ThinkPad-X220-Tablet serving janamesa.com.br.testing PaymentHelper: OrderNr 41591471, ServiceId 311, CustomerId 1339583036, Nachricht: Kreditkartenzahlung zugestimmt 
