[26-Oct-2012 14:51:31 UTC] Notice: Undefined index: HTTP_REFERER in /home/ydadmin/htdocs/lieferando/application/controllers/ErrorController.php on line 187
 0. handle_error() /home/ydadmin/htdocs/lieferando/application/controllers/ErrorController.php:187
 1. ErrorController->errorAction() /home/ydadmin/htdocs/lieferando/library/Zend/Controller/Action.php:513
 2. Zend_Controller_Action->dispatch() /home/ydadmin/htdocs/lieferando/library/Zend/Controller/Dispatcher/Standard.php:289
 3. Zend_Controller_Dispatcher_Standard->dispatch() /home/ydadmin/htdocs/lieferando/library/Zend/Controller/Front.php:954
 4. Zend_Controller_Front->dispatch() /home/ydadmin/htdocs/lieferando/library/Zend/Application/Bootstrap/Bootstrap.php:97
 5. Zend_Application_Bootstrap_Bootstrap->run() /home/ydadmin/htdocs/lieferando/library/Zend/Application.php:366
 6. Zend_Application->run() /home/ydadmin/htdocs/lieferando/public/index.php:118
Server: www.yourdeliverynew.test
User agent: Mozilla/5.0 (X11; Ubuntu; Linux x86_64; rv:16.0) Gecko/20100101 Firefox/16.0 FirePHP/0.7.1
Url: /yd/lieferando.de/index
[26-Oct-2012 14:51:31 UTC] Notice: Undefined index: GADocumentReady in /home/ydadmin/htdocs/lieferando/application/views/smarty/template_c/default/a8158007f2b45cd4729fc9111c2bd1621e73a8f5.file.analytics.htm.php on line 35
 0. handle_error() /home/ydadmin/htdocs/lieferando/application/views/smarty/template_c/default/a8158007f2b45cd4729fc9111c2bd1621e73a8f5.file.analytics.htm.php:35
 1. content_508907e2c62715_86849901() /home/ydadmin/htdocs/lieferando/library/Smarty/sysplugins/smarty_internal_templatebase.php:180
 2. Smarty_Internal_TemplateBase->fetch() /home/ydadmin/htdocs/lieferando/library/Smarty/sysplugins/smarty_internal_template.php:286
 3. Smarty_Internal_Template->getSubTemplate() /home/ydadmin/htdocs/lieferando/application/views/smarty/template_c/default/13e17b1192aeee8ab19deaba7ff187f6f200495f.file.notfound.htm.php:151
 4. content_508907e2c1b275_10137473() /home/ydadmin/htdocs/lieferando/library/Smarty/sysplugins/smarty_internal_templatebase.php:180
 5. Smarty_Internal_TemplateBase->fetch() /home/ydadmin/htdocs/lieferando/library/Default/View/Smarty.php:437
 6. Default_View_Smarty->render() /home/ydadmin/htdocs/lieferando/library/Zend/Controller/Action/Helper/ViewRenderer.php:897
 7. Zend_Controller_Action_Helper_ViewRenderer->renderScript() /home/ydadmin/htdocs/lieferando/library/Zend/Controller/Action/Helper/ViewRenderer.php:918
 8. Zend_Controller_Action_Helper_ViewRenderer->render() /home/ydadmin/htdocs/lieferando/library/Zend/Controller/Action/Helper/ViewRenderer.php:957
 9. Zend_Controller_Action_Helper_ViewRenderer->postDispatch() /home/ydadmin/htdocs/lieferando/library/Zend/Controller/Action/HelperBroker.php:277
 10. Zend_Controller_Action_HelperBroker->notifyPostDispatch() /home/ydadmin/htdocs/lieferando/library/Zend/Controller/Action.php:523
 11. Zend_Controller_Action->dispatch() /home/ydadmin/htdocs/lieferando/library/Zend/Controller/Dispatcher/Standard.php:289
 12. Zend_Controller_Dispatcher_Standard->dispatch() /home/ydadmin/htdocs/lieferando/library/Zend/Controller/Front.php:954
 13. Zend_Controller_Front->dispatch() /home/ydadmin/htdocs/lieferando/library/Zend/Application/Bootstrap/Bootstrap.php:97
 14. Zend_Application_Bootstrap_Bootstrap->run() /home/ydadmin/htdocs/lieferando/library/Zend/Application.php:366
 15. Zend_Application->run() /home/ydadmin/htdocs/lieferando/public/index.php:118
Server: www.yourdeliverynew.test
User agent: Mozilla/5.0 (X11; Ubuntu; Linux x86_64; rv:16.0) Gecko/20100101 Firefox/16.0 FirePHP/0.7.1
Url: /yd/lieferando.de/index
[26-Oct-2012 14:51:31 UTC] Notice: Trying to get property of non-object in /home/ydadmin/htdocs/lieferando/application/views/smarty/template_c/default/a8158007f2b45cd4729fc9111c2bd1621e73a8f5.file.analytics.htm.php on line 35
 0. handle_error() /home/ydadmin/htdocs/lieferando/application/views/smarty/template_c/default/a8158007f2b45cd4729fc9111c2bd1621e73a8f5.file.analytics.htm.php:35
 1. content_508907e2c62715_86849901() /home/ydadmin/htdocs/lieferando/library/Smarty/sysplugins/smarty_internal_templatebase.php:180
 2. Smarty_Internal_TemplateBase->fetch() /home/ydadmin/htdocs/lieferando/library/Smarty/sysplugins/smarty_internal_template.php:286
 3. Smarty_Internal_Template->getSubTemplate() /home/ydadmin/htdocs/lieferando/application/views/smarty/template_c/default/13e17b1192aeee8ab19deaba7ff187f6f200495f.file.notfound.htm.php:151
 4. content_508907e2c1b275_10137473() /home/ydadmin/htdocs/lieferando/library/Smarty/sysplugins/smarty_internal_templatebase.php:180
 5. Smarty_Internal_TemplateBase->fetch() /home/ydadmin/htdocs/lieferando/library/Default/View/Smarty.php:437
 6. Default_View_Smarty->render() /home/ydadmin/htdocs/lieferando/library/Zend/Controller/Action/Helper/ViewRenderer.php:897
 7. Zend_Controller_Action_Helper_ViewRenderer->renderScript() /home/ydadmin/htdocs/lieferando/library/Zend/Controller/Action/Helper/ViewRenderer.php:918
 8. Zend_Controller_Action_Helper_ViewRenderer->render() /home/ydadmin/htdocs/lieferando/library/Zend/Controller/Action/Helper/ViewRenderer.php:957
 9. Zend_Controller_Action_Helper_ViewRenderer->postDispatch() /home/ydadmin/htdocs/lieferando/library/Zend/Controller/Action/HelperBroker.php:277
 10. Zend_Controller_Action_HelperBroker->notifyPostDispatch() /home/ydadmin/htdocs/lieferando/library/Zend/Controller/Action.php:523
 11. Zend_Controller_Action->dispatch() /home/ydadmin/htdocs/lieferando/library/Zend/Controller/Dispatcher/Standard.php:289
 12. Zend_Controller_Dispatcher_Standard->dispatch() /home/ydadmin/htdocs/lieferando/library/Zend/Controller/Front.php:954
 13. Zend_Controller_Front->dispatch() /home/ydadmin/htdocs/lieferando/library/Zend/Application/Bootstrap/Bootstrap.php:97
 14. Zend_Application_Bootstrap_Bootstrap->run() /home/ydadmin/htdocs/lieferando/library/Zend/Application.php:366
 15. Zend_Application->run() /home/ydadmin/htdocs/lieferando/public/index.php:118
Server: www.yourdeliverynew.test
User agent: Mozilla/5.0 (X11; Ubuntu; Linux x86_64; rv:16.0) Gecko/20100101 Firefox/16.0 FirePHP/0.7.1
Url: /yd/lieferando.de/index
[26-Oct-2012 14:51:31 UTC] Notice: Undefined index: GADocumentReady in /home/ydadmin/htdocs/lieferando/application/views/smarty/template_c/default/a8158007f2b45cd4729fc9111c2bd1621e73a8f5.file.analytics.htm.php on line 70
 0. handle_error() /home/ydadmin/htdocs/lieferando/application/views/smarty/template_c/default/a8158007f2b45cd4729fc9111c2bd1621e73a8f5.file.analytics.htm.php:70
 1. content_508907e2c62715_86849901() /home/ydadmin/htdocs/lieferando/library/Smarty/sysplugins/smarty_internal_templatebase.php:180
 2. Smarty_Internal_TemplateBase->fetch() /home/ydadmin/htdocs/lieferando/library/Smarty/sysplugins/smarty_internal_template.php:286
 3. Smarty_Internal_Template->getSubTemplate() /home/ydadmin/htdocs/lieferando/application/views/smarty/template_c/default/13e17b1192aeee8ab19deaba7ff187f6f200495f.file.notfound.htm.php:151
 4. content_508907e2c1b275_10137473() /home/ydadmin/htdocs/lieferando/library/Smarty/sysplugins/smarty_internal_templatebase.php:180
 5. Smarty_Internal_TemplateBase->fetch() /home/ydadmin/htdocs/lieferando/library/Default/View/Smarty.php:437
 6. Default_View_Smarty->render() /home/ydadmin/htdocs/lieferando/library/Zend/Controller/Action/Helper/ViewRenderer.php:897
 7. Zend_Controller_Action_Helper_ViewRenderer->renderScript() /home/ydadmin/htdocs/lieferando/library/Zend/Controller/Action/Helper/ViewRenderer.php:918
 8. Zend_Controller_Action_Helper_ViewRenderer->render() /home/ydadmin/htdocs/lieferando/library/Zend/Controller/Action/Helper/ViewRenderer.php:957
 9. Zend_Controller_Action_Helper_ViewRenderer->postDispatch() /home/ydadmin/htdocs/lieferando/library/Zend/Controller/Action/HelperBroker.php:277
 10. Zend_Controller_Action_HelperBroker->notifyPostDispatch() /home/ydadmin/htdocs/lieferando/library/Zend/Controller/Action.php:523
 11. Zend_Controller_Action->dispatch() /home/ydadmin/htdocs/lieferando/library/Zend/Controller/Dispatcher/Standard.php:289
 12. Zend_Controller_Dispatcher_Standard->dispatch() /home/ydadmin/htdocs/lieferando/library/Zend/Controller/Front.php:954
 13. Zend_Controller_Front->dispatch() /home/ydadmin/htdocs/lieferando/library/Zend/Application/Bootstrap/Bootstrap.php:97
 14. Zend_Application_Bootstrap_Bootstrap->run() /home/ydadmin/htdocs/lieferando/library/Zend/Application.php:366
 15. Zend_Application->run() /home/ydadmin/htdocs/lieferando/public/index.php:118
Server: www.yourdeliverynew.test
User agent: Mozilla/5.0 (X11; Ubuntu; Linux x86_64; rv:16.0) Gecko/20100101 Firefox/16.0 FirePHP/0.7.1
Url: /yd/lieferando.de/index
[26-Oct-2012 14:51:31 UTC] Notice: Trying to get property of non-object in /home/ydadmin/htdocs/lieferando/application/views/smarty/template_c/default/a8158007f2b45cd4729fc9111c2bd1621e73a8f5.file.analytics.htm.php on line 70
 0. handle_error() /home/ydadmin/htdocs/lieferando/application/views/smarty/template_c/default/a8158007f2b45cd4729fc9111c2bd1621e73a8f5.file.analytics.htm.php:70
 1. content_508907e2c62715_86849901() /home/ydadmin/htdocs/lieferando/library/Smarty/sysplugins/smarty_internal_templatebase.php:180
 2. Smarty_Internal_TemplateBase->fetch() /home/ydadmin/htdocs/lieferando/library/Smarty/sysplugins/smarty_internal_template.php:286
 3. Smarty_Internal_Template->getSubTemplate() /home/ydadmin/htdocs/lieferando/application/views/smarty/template_c/default/13e17b1192aeee8ab19deaba7ff187f6f200495f.file.notfound.htm.php:151
 4. content_508907e2c1b275_10137473() /home/ydadmin/htdocs/lieferando/library/Smarty/sysplugins/smarty_internal_templatebase.php:180
 5. Smarty_Internal_TemplateBase->fetch() /home/ydadmin/htdocs/lieferando/library/Default/View/Smarty.php:437
 6. Default_View_Smarty->render() /home/ydadmin/htdocs/lieferando/library/Zend/Controller/Action/Helper/ViewRenderer.php:897
 7. Zend_Controller_Action_Helper_ViewRenderer->renderScript() /home/ydadmin/htdocs/lieferando/library/Zend/Controller/Action/Helper/ViewRenderer.php:918
 8. Zend_Controller_Action_Helper_ViewRenderer->render() /home/ydadmin/htdocs/lieferando/library/Zend/Controller/Action/Helper/ViewRenderer.php:957
 9. Zend_Controller_Action_Helper_ViewRenderer->postDispatch() /home/ydadmin/htdocs/lieferando/library/Zend/Controller/Action/HelperBroker.php:277
 10. Zend_Controller_Action_HelperBroker->notifyPostDispatch() /home/ydadmin/htdocs/lieferando/library/Zend/Controller/Action.php:523
 11. Zend_Controller_Action->dispatch() /home/ydadmin/htdocs/lieferando/library/Zend/Controller/Dispatcher/Standard.php:289
 12. Zend_Controller_Dispatcher_Standard->dispatch() /home/ydadmin/htdocs/lieferando/library/Zend/Controller/Front.php:954
 13. Zend_Controller_Front->dispatch() /home/ydadmin/htdocs/lieferando/library/Zend/Application/Bootstrap/Bootstrap.php:97
 14. Zend_Application_Bootstrap_Bootstrap->run() /home/ydadmin/htdocs/lieferando/library/Zend/Application.php:366
 15. Zend_Application->run() /home/ydadmin/htdocs/lieferando/public/index.php:118
Server: www.yourdeliverynew.test
User agent: Mozilla/5.0 (X11; Ubuntu; Linux x86_64; rv:16.0) Gecko/20100101 Firefox/16.0 FirePHP/0.7.1
Url: /yd/lieferando.de/index
[26-Oct-2012 14:51:31 UTC] Notice: Undefined index: trackGoogleEcomerce in /home/ydadmin/htdocs/lieferando/application/views/smarty/template_c/default/13e17b1192aeee8ab19deaba7ff187f6f200495f.file.notfound.htm.php on line 153
 0. handle_error() /home/ydadmin/htdocs/lieferando/application/views/smarty/template_c/default/13e17b1192aeee8ab19deaba7ff187f6f200495f.file.notfound.htm.php:153
 1. content_508907e2c1b275_10137473() /home/ydadmin/htdocs/lieferando/library/Smarty/sysplugins/smarty_internal_templatebase.php:180
 2. Smarty_Internal_TemplateBase->fetch() /home/ydadmin/htdocs/lieferando/library/Default/View/Smarty.php:437
 3. Default_View_Smarty->render() /home/ydadmin/htdocs/lieferando/library/Zend/Controller/Action/Helper/ViewRenderer.php:897
 4. Zend_Controller_Action_Helper_ViewRenderer->renderScript() /home/ydadmin/htdocs/lieferando/library/Zend/Controller/Action/Helper/ViewRenderer.php:918
 5. Zend_Controller_Action_Helper_ViewRenderer->render() /home/ydadmin/htdocs/lieferando/library/Zend/Controller/Action/Helper/ViewRenderer.php:957
 6. Zend_Controller_Action_Helper_ViewRenderer->postDispatch() /home/ydadmin/htdocs/lieferando/library/Zend/Controller/Action/HelperBroker.php:277
 7. Zend_Controller_Action_HelperBroker->notifyPostDispatch() /home/ydadmin/htdocs/lieferando/library/Zend/Controller/Action.php:523
 8. Zend_Controller_Action->dispatch() /home/ydadmin/htdocs/lieferando/library/Zend/Controller/Dispatcher/Standard.php:289
 9. Zend_Controller_Dispatcher_Standard->dispatch() /home/ydadmin/htdocs/lieferando/library/Zend/Controller/Front.php:954
 10. Zend_Controller_Front->dispatch() /home/ydadmin/htdocs/lieferando/library/Zend/Application/Bootstrap/Bootstrap.php:97
 11. Zend_Application_Bootstrap_Bootstrap->run() /home/ydadmin/htdocs/lieferando/library/Zend/Application.php:366
 12. Zend_Application->run() /home/ydadmin/htdocs/lieferando/public/index.php:118
Server: www.yourdeliverynew.test
User agent: Mozilla/5.0 (X11; Ubuntu; Linux x86_64; rv:16.0) Gecko/20100101 Firefox/16.0 FirePHP/0.7.1
Url: /yd/lieferando.de/index
[26-Oct-2012 14:51:31 UTC] Notice: Trying to get property of non-object in /home/ydadmin/htdocs/lieferando/application/views/smarty/template_c/default/13e17b1192aeee8ab19deaba7ff187f6f200495f.file.notfound.htm.php on line 153
 0. handle_error() /home/ydadmin/htdocs/lieferando/application/views/smarty/template_c/default/13e17b1192aeee8ab19deaba7ff187f6f200495f.file.notfound.htm.php:153
 1. content_508907e2c1b275_10137473() /home/ydadmin/htdocs/lieferando/library/Smarty/sysplugins/smarty_internal_templatebase.php:180
 2. Smarty_Internal_TemplateBase->fetch() /home/ydadmin/htdocs/lieferando/library/Default/View/Smarty.php:437
 3. Default_View_Smarty->render() /home/ydadmin/htdocs/lieferando/library/Zend/Controller/Action/Helper/ViewRenderer.php:897
 4. Zend_Controller_Action_Helper_ViewRenderer->renderScript() /home/ydadmin/htdocs/lieferando/library/Zend/Controller/Action/Helper/ViewRenderer.php:918
 5. Zend_Controller_Action_Helper_ViewRenderer->render() /home/ydadmin/htdocs/lieferando/library/Zend/Controller/Action/Helper/ViewRenderer.php:957
 6. Zend_Controller_Action_Helper_ViewRenderer->postDispatch() /home/ydadmin/htdocs/lieferando/library/Zend/Controller/Action/HelperBroker.php:277
 7. Zend_Controller_Action_HelperBroker->notifyPostDispatch() /home/ydadmin/htdocs/lieferando/library/Zend/Controller/Action.php:523
 8. Zend_Controller_Action->dispatch() /home/ydadmin/htdocs/lieferando/library/Zend/Controller/Dispatcher/Standard.php:289
 9. Zend_Controller_Dispatcher_Standard->dispatch() /home/ydadmin/htdocs/lieferando/library/Zend/Controller/Front.php:954
 10. Zend_Controller_Front->dispatch() /home/ydadmin/htdocs/lieferando/library/Zend/Application/Bootstrap/Bootstrap.php:97
 11. Zend_Application_Bootstrap_Bootstrap->run() /home/ydadmin/htdocs/lieferando/library/Zend/Application.php:366
 12. Zend_Application->run() /home/ydadmin/htdocs/lieferando/public/index.php:118
Server: www.yourdeliverynew.test
User agent: Mozilla/5.0 (X11; Ubuntu; Linux x86_64; rv:16.0) Gecko/20100101 Firefox/16.0 FirePHP/0.7.1
Url: /yd/lieferando.de/index
[26-Oct-2012 14:51:31 UTC] Notice: Undefined index: newCustomerDiscountError in /home/ydadmin/htdocs/lieferando/application/views/smarty/template_c/default/95d06f10ef6938c1459865387824278d9b27fa1d.file.form_order.htm.php on line 36
 0. handle_error() /home/ydadmin/htdocs/lieferando/application/views/smarty/template_c/default/95d06f10ef6938c1459865387824278d9b27fa1d.file.form_order.htm.php:36
 1. content_508907e2dc7c05_14235355() /home/ydadmin/htdocs/lieferando/library/Smarty/sysplugins/smarty_internal_templatebase.php:180
 2. Smarty_Internal_TemplateBase->fetch() /home/ydadmin/htdocs/lieferando/library/Smarty/sysplugins/smarty_internal_template.php:286
 3. Smarty_Internal_Template->getSubTemplate() /home/ydadmin/htdocs/lieferando/application/views/smarty/template_c/default/1b555a8babb5486899fb3d9eebeda2b4627107c5.file.login.htm.php:54
 4. content_508907e2cacad1_84738122() /home/ydadmin/htdocs/lieferando/library/Smarty/sysplugins/smarty_internal_templatebase.php:180
 5. Smarty_Internal_TemplateBase->fetch() /home/ydadmin/htdocs/lieferando/library/Smarty/sysplugins/smarty_internal_template.php:286
 6. Smarty_Internal_Template->getSubTemplate() /home/ydadmin/htdocs/lieferando/application/views/smarty/template_c/default/d89bc824c5aecb8146286aeaa38c5288a456af14.file.base_header.htm.php:27
 7. content_508907e2c6c630_71666462() /home/ydadmin/htdocs/lieferando/library/Smarty/sysplugins/smarty_internal_templatebase.php:180
 8. Smarty_Internal_TemplateBase->fetch() /home/ydadmin/htdocs/lieferando/library/Smarty/sysplugins/smarty_internal_template.php:286
 9. Smarty_Internal_Template->getSubTemplate() /home/ydadmin/htdocs/lieferando/application/views/smarty/template_c/default/13e17b1192aeee8ab19deaba7ff187f6f200495f.file.notfound.htm.php:162
 10. content_508907e2c1b275_10137473() /home/ydadmin/htdocs/lieferando/library/Smarty/sysplugins/smarty_internal_templatebase.php:180
 11. Smarty_Internal_TemplateBase->fetch() /home/ydadmin/htdocs/lieferando/library/Default/View/Smarty.php:437
 12. Default_View_Smarty->render() /home/ydadmin/htdocs/lieferando/library/Zend/Controller/Action/Helper/ViewRenderer.php:897
 13. Zend_Controller_Action_Helper_ViewRenderer->renderScript() /home/ydadmin/htdocs/lieferando/library/Zend/Controller/Action/Helper/ViewRenderer.php:918
 14. Zend_Controller_Action_Helper_ViewRenderer->render() /home/ydadmin/htdocs/lieferando/library/Zend/Controller/Action/Helper/ViewRenderer.php:957
 15. Zend_Controller_Action_Helper_ViewRenderer->postDispatch() /home/ydadmin/htdocs/lieferando/library/Zend/Controller/Action/HelperBroker.php:277
 16. Zend_Controller_Action_HelperBroker->notifyPostDispatch() /home/ydadmin/htdocs/lieferando/library/Zend/Controller/Action.php:523
 17. Zend_Controller_Action->dispatch() /home/ydadmin/htdocs/lieferando/library/Zend/Controller/Dispatcher/Standard.php:289
 18. Zend_Controller_Dispatcher_Standard->dispatch() /home/ydadmin/htdocs/lieferando/library/Zend/Controller/Front.php:954
 19. Zend_Controller_Front->dispatch() /home/ydadmin/htdocs/lieferando/library/Zend/Application/Bootstrap/Bootstrap.php:97
 20. Zend_Application_Bootstrap_Bootstrap->run() /home/ydadmin/htdocs/lieferando/library/Zend/Application.php:366
 21. Zend_Application->run() /home/ydadmin/htdocs/lieferando/public/index.php:118
Server: www.yourdeliverynew.test
User agent: Mozilla/5.0 (X11; Ubuntu; Linux x86_64; rv:16.0) Gecko/20100101 Firefox/16.0 FirePHP/0.7.1
Url: /yd/lieferando.de/index
[26-Oct-2012 14:51:31 UTC] Notice: Trying to get property of non-object in /home/ydadmin/htdocs/lieferando/application/views/smarty/template_c/default/95d06f10ef6938c1459865387824278d9b27fa1d.file.form_order.htm.php on line 36
 0. handle_error() /home/ydadmin/htdocs/lieferando/application/views/smarty/template_c/default/95d06f10ef6938c1459865387824278d9b27fa1d.file.form_order.htm.php:36
 1. content_508907e2dc7c05_14235355() /home/ydadmin/htdocs/lieferando/library/Smarty/sysplugins/smarty_internal_templatebase.php:180
 2. Smarty_Internal_TemplateBase->fetch() /home/ydadmin/htdocs/lieferando/library/Smarty/sysplugins/smarty_internal_template.php:286
 3. Smarty_Internal_Template->getSubTemplate() /home/ydadmin/htdocs/lieferando/application/views/smarty/template_c/default/1b555a8babb5486899fb3d9eebeda2b4627107c5.file.login.htm.php:54
 4. content_508907e2cacad1_84738122() /home/ydadmin/htdocs/lieferando/library/Smarty/sysplugins/smarty_internal_templatebase.php:180
 5. Smarty_Internal_TemplateBase->fetch() /home/ydadmin/htdocs/lieferando/library/Smarty/sysplugins/smarty_internal_template.php:286
 6. Smarty_Internal_Template->getSubTemplate() /home/ydadmin/htdocs/lieferando/application/views/smarty/template_c/default/d89bc824c5aecb8146286aeaa38c5288a456af14.file.base_header.htm.php:27
 7. content_508907e2c6c630_71666462() /home/ydadmin/htdocs/lieferando/library/Smarty/sysplugins/smarty_internal_templatebase.php:180
 8. Smarty_Internal_TemplateBase->fetch() /home/ydadmin/htdocs/lieferando/library/Smarty/sysplugins/smarty_internal_template.php:286
 9. Smarty_Internal_Template->getSubTemplate() /home/ydadmin/htdocs/lieferando/application/views/smarty/template_c/default/13e17b1192aeee8ab19deaba7ff187f6f200495f.file.notfound.htm.php:162
 10. content_508907e2c1b275_10137473() /home/ydadmin/htdocs/lieferando/library/Smarty/sysplugins/smarty_internal_templatebase.php:180
 11. Smarty_Internal_TemplateBase->fetch() /home/ydadmin/htdocs/lieferando/library/Default/View/Smarty.php:437
 12. Default_View_Smarty->render() /home/ydadmin/htdocs/lieferando/library/Zend/Controller/Action/Helper/ViewRenderer.php:897
 13. Zend_Controller_Action_Helper_ViewRenderer->renderScript() /home/ydadmin/htdocs/lieferando/library/Zend/Controller/Action/Helper/ViewRenderer.php:918
 14. Zend_Controller_Action_Helper_ViewRenderer->render() /home/ydadmin/htdocs/lieferando/library/Zend/Controller/Action/Helper/ViewRenderer.php:957
 15. Zend_Controller_Action_Helper_ViewRenderer->postDispatch() /home/ydadmin/htdocs/lieferando/library/Zend/Controller/Action/HelperBroker.php:277
 16. Zend_Controller_Action_HelperBroker->notifyPostDispatch() /home/ydadmin/htdocs/lieferando/library/Zend/Controller/Action.php:523
 17. Zend_Controller_Action->dispatch() /home/ydadmin/htdocs/lieferando/library/Zend/Controller/Dispatcher/Standard.php:289
 18. Zend_Controller_Dispatcher_Standard->dispatch() /home/ydadmin/htdocs/lieferando/library/Zend/Controller/Front.php:954
 19. Zend_Controller_Front->dispatch() /home/ydadmin/htdocs/lieferando/library/Zend/Application/Bootstrap/Bootstrap.php:97
 20. Zend_Application_Bootstrap_Bootstrap->run() /home/ydadmin/htdocs/lieferando/library/Zend/Application.php:366
 21. Zend_Application->run() /home/ydadmin/htdocs/lieferando/public/index.php:118
Server: www.yourdeliverynew.test
User agent: Mozilla/5.0 (X11; Ubuntu; Linux x86_64; rv:16.0) Gecko/20100101 Firefox/16.0 FirePHP/0.7.1
Url: /yd/lieferando.de/index
[26-Oct-2012 14:51:31 UTC] Notice: Trying to get property of non-object in /home/ydadmin/htdocs/lieferando/application/views/smarty/template_c/default/7008631132d2d23722b19c678fd7cfd0a379350d.file.plz-or-csh.htm.php on line 26
 0. handle_error() /home/ydadmin/htdocs/lieferando/application/views/smarty/template_c/default/7008631132d2d23722b19c678fd7cfd0a379350d.file.plz-or-csh.htm.php:26
 1. content_508907e2ddefc9_71958576() /home/ydadmin/htdocs/lieferando/library/Smarty/sysplugins/smarty_internal_templatebase.php:180
 2. Smarty_Internal_TemplateBase->fetch() /home/ydadmin/htdocs/lieferando/library/Smarty/sysplugins/smarty_internal_template.php:286
 3. Smarty_Internal_Template->getSubTemplate() /home/ydadmin/htdocs/lieferando/application/views/smarty/template_c/default/13e17b1192aeee8ab19deaba7ff187f6f200495f.file.notfound.htm.php:179
 4. content_508907e2c1b275_10137473() /home/ydadmin/htdocs/lieferando/library/Smarty/sysplugins/smarty_internal_templatebase.php:180
 5. Smarty_Internal_TemplateBase->fetch() /home/ydadmin/htdocs/lieferando/library/Default/View/Smarty.php:437
 6. Default_View_Smarty->render() /home/ydadmin/htdocs/lieferando/library/Zend/Controller/Action/Helper/ViewRenderer.php:897
 7. Zend_Controller_Action_Helper_ViewRenderer->renderScript() /home/ydadmin/htdocs/lieferando/library/Zend/Controller/Action/Helper/ViewRenderer.php:918
 8. Zend_Controller_Action_Helper_ViewRenderer->render() /home/ydadmin/htdocs/lieferando/library/Zend/Controller/Action/Helper/ViewRenderer.php:957
 9. Zend_Controller_Action_Helper_ViewRenderer->postDispatch() /home/ydadmin/htdocs/lieferando/library/Zend/Controller/Action/HelperBroker.php:277
 10. Zend_Controller_Action_HelperBroker->notifyPostDispatch() /home/ydadmin/htdocs/lieferando/library/Zend/Controller/Action.php:523
 11. Zend_Controller_Action->dispatch() /home/ydadmin/htdocs/lieferando/library/Zend/Controller/Dispatcher/Standard.php:289
 12. Zend_Controller_Dispatcher_Standard->dispatch() /home/ydadmin/htdocs/lieferando/library/Zend/Controller/Front.php:954
 13. Zend_Controller_Front->dispatch() /home/ydadmin/htdocs/lieferando/library/Zend/Application/Bootstrap/Bootstrap.php:97
 14. Zend_Application_Bootstrap_Bootstrap->run() /home/ydadmin/htdocs/lieferando/library/Zend/Application.php:366
 15. Zend_Application->run() /home/ydadmin/htdocs/lieferando/public/index.php:118
Server: www.yourdeliverynew.test
User agent: Mozilla/5.0 (X11; Ubuntu; Linux x86_64; rv:16.0) Gecko/20100101 Firefox/16.0 FirePHP/0.7.1
Url: /yd/lieferando.de/index
