[19-Aug-2012 18:40:17 UTC] PHP Notice:  Array to string conversion in /home/ydadmin/htdocs/lieferando/library/Zend/Session/Exception.php on line 58
[19-Aug-2012 18:40:17 UTC] PHP Stack trace:
[19-Aug-2012 18:40:17 UTC] PHP   1. {main}() /home/ydadmin/htdocs/lieferando/public/index.php:0
[19-Aug-2012 18:40:17 UTC] PHP   2. Zend_Application->bootstrap() /home/ydadmin/htdocs/lieferando/public/index.php:116
[19-Aug-2012 18:40:17 UTC] PHP   3. Zend_Application_Bootstrap_BootstrapAbstract->bootstrap() /home/ydadmin/htdocs/lieferando/library/Zend/Application.php:355
[19-Aug-2012 18:40:17 UTC] PHP   4. Zend_Application_Bootstrap_BootstrapAbstract->_bootstrap() /home/ydadmin/htdocs/lieferando/library/Zend/Application/Bootstrap/BootstrapAbstract.php:582
[19-Aug-2012 18:40:17 UTC] PHP   5. Zend_Application_Bootstrap_BootstrapAbstract->_executeResource() /home/ydadmin/htdocs/lieferando/library/Zend/Application/Bootstrap/BootstrapAbstract.php:618
[19-Aug-2012 18:40:17 UTC] PHP   6. Bootstrap->_initView() /home/ydadmin/htdocs/lieferando/library/Zend/Application/Bootstrap/BootstrapAbstract.php:665
[19-Aug-2012 18:40:17 UTC] PHP   7. Zend_Session_Namespace->__construct() /home/ydadmin/htdocs/lieferando/application/Bootstrap.php:818
[19-Aug-2012 18:40:17 UTC] PHP   8. Zend_Session::start() /home/ydadmin/htdocs/lieferando/library/Zend/Session/Namespace.php:143
[19-Aug-2012 18:40:17 UTC] PHP   9. session_start() /home/ydadmin/htdocs/lieferando/library/Zend/Session.php:480
[19-Aug-2012 18:40:17 UTC] PHP  10. Yourdelivery_Session_Handler->read() /home/ydadmin/htdocs/lieferando/library/Zend/Session.php:480
[19-Aug-2012 18:40:17 UTC] PHP  11. Zend_Session_SaveHandler_DbTable->read() /home/ydadmin/htdocs/lieferando/library/Yourdelivery/Session/Handler.php:33
[19-Aug-2012 18:40:17 UTC] PHP  12. Yourdelivery_Session_Handler->destroy() /home/ydadmin/htdocs/lieferando/library/Zend/Session/SaveHandler/DbTable.php:324
[19-Aug-2012 18:40:17 UTC] PHP  13. Zend_Session_SaveHandler_DbTable->destroy() /home/ydadmin/htdocs/lieferando/library/Yourdelivery/Session/Handler.php:72
[19-Aug-2012 18:40:17 UTC] PHP  14. Zend_Session_SaveHandler_DbTable->_getPrimary() /home/ydadmin/htdocs/lieferando/library/Zend/Session/SaveHandler/DbTable.php:374
[19-Aug-2012 18:40:17 UTC] PHP  15. Zend_Session_Exception::handleSessionStartError() /home/ydadmin/htdocs/lieferando/library/Zend/Session/SaveHandler/DbTable.php:536
[19-Aug-2012 18:40:17 UTC] PHP Notice:  Array to string conversion in /home/ydadmin/htdocs/lieferando/library/Zend/Session/Exception.php on line 71
[19-Aug-2012 18:40:17 UTC] PHP Stack trace:
[19-Aug-2012 18:40:17 UTC] PHP   1. {main}() /home/ydadmin/htdocs/lieferando/public/index.php:0
[19-Aug-2012 18:40:17 UTC] PHP   2. Zend_Application->bootstrap() /home/ydadmin/htdocs/lieferando/public/index.php:116
[19-Aug-2012 18:40:17 UTC] PHP   3. Zend_Application_Bootstrap_BootstrapAbstract->bootstrap() /home/ydadmin/htdocs/lieferando/library/Zend/Application.php:355
[19-Aug-2012 18:40:17 UTC] PHP   4. Zend_Application_Bootstrap_BootstrapAbstract->_bootstrap() /home/ydadmin/htdocs/lieferando/library/Zend/Application/Bootstrap/BootstrapAbstract.php:582
[19-Aug-2012 18:40:17 UTC] PHP   5. Zend_Application_Bootstrap_BootstrapAbstract->_executeResource() /home/ydadmin/htdocs/lieferando/library/Zend/Application/Bootstrap/BootstrapAbstract.php:618
[19-Aug-2012 18:40:17 UTC] PHP   6. Bootstrap->_initView() /home/ydadmin/htdocs/lieferando/library/Zend/Application/Bootstrap/BootstrapAbstract.php:665
[19-Aug-2012 18:40:17 UTC] PHP   7. Zend_Session_Namespace->__construct() /home/ydadmin/htdocs/lieferando/application/Bootstrap.php:818
[19-Aug-2012 18:40:17 UTC] PHP   8. Zend_Session::start() /home/ydadmin/htdocs/lieferando/library/Zend/Session/Namespace.php:143
[19-Aug-2012 18:40:17 UTC] PHP   9. session_write_close() /home/ydadmin/htdocs/lieferando/library/Zend/Session.php:490
[19-Aug-2012 18:40:17 UTC] PHP  10. Yourdelivery_Session_Handler->write() /home/ydadmin/htdocs/lieferando/library/Zend/Session.php:490
[19-Aug-2012 18:40:17 UTC] PHP  11. Zend_Session_Exception::handleSilentWriteClose() /home/ydadmin/htdocs/lieferando/library/Zend/Session.php:43
[19-Aug-2012 18:40:17 UTC] PHP Fatal error:  Uncaught exception 'Zend_Session_Exception' with message 'Zend_Session::start() - /home/ydadmin/htdocs/lieferando/library/Zend/Session/SaveHandler/DbTable.php(Line:536): Error #8 Array to string conversion Array
/home/ydadmin/htdocs/lieferando/library/Yourdelivery/Session/Handler.php(Line:43): Error #8 Array to string conversion Array' in /home/ydadmin/htdocs/lieferando/library/Zend/Session.php:493
Stack trace:
#0 /home/ydadmin/htdocs/lieferando/library/Zend/Session/Namespace.php(143): Zend_Session::start(true)
#1 /home/ydadmin/htdocs/lieferando/application/Bootstrap.php(818): Zend_Session_Namespace->__construct('Default')
#2 /home/ydadmin/htdocs/lieferando/library/Zend/Application/Bootstrap/BootstrapAbstract.php(665): Bootstrap->_initView()
#3 /home/ydadmin/htdocs/lieferando/library/Zend/Application/Bootstrap/BootstrapAbstract.php(618): Zend_Application_Bootstrap_BootstrapAbstract->_executeResource('view')
#4 /home/ydadmin/htdocs/lieferando/library/Zend/Application/Bootstrap/BootstrapAbstract.php(582): Zend_ in /home/ydadmin/htdocs/lieferando/library/Zend/Session.php on line 493
[19-Aug-2012 18:40:23 UTC] Notice: Array to string conversion in /home/ydadmin/htdocs/lieferando/library/Yourdelivery/Session/Handler.php on line 43
 0. handle_error() /home/ydadmin/htdocs/lieferando/library/Yourdelivery/Session/Handler.php:43
 1. Yourdelivery_Session_Handler->write() 
 2. session_write_close() /home/ydadmin/htdocs/lieferando/library/Zend/Session.php:701
 3. Zend_Session::writeClose() /home/ydadmin/htdocs/lieferando/library/Zend/Controller/Action/Helper/Redirector.php:480
 4. Zend_Controller_Action_Helper_Redirector->redirectAndExit() /home/ydadmin/htdocs/lieferando/library/Zend/Controller/Action/Helper/Redirector.php:453
 5. Zend_Controller_Action_Helper_Redirector->gotoUrl() /home/ydadmin/htdocs/lieferando/library/Zend/Controller/Action.php:686
 6. Zend_Controller_Action->_redirect() /home/ydadmin/htdocs/lieferando/application/controllers/Order/BasisController.php:152
 7. Order_BasisController->startAction() /home/ydadmin/htdocs/lieferando/library/Zend/Controller/Action.php:513
 8. Zend_Controller_Action->dispatch() /home/ydadmin/htdocs/lieferando/library/Zend/Controller/Dispatcher/Standard.php:289
 9. Zend_Controller_Dispatcher_Standard->dispatch() /home/ydadmin/htdocs/lieferando/library/Zend/Controller/Front.php:954
 10. Zend_Controller_Front->dispatch() /home/ydadmin/htdocs/lieferando/library/Zend/Application/Bootstrap/Bootstrap.php:97
 11. Zend_Application_Bootstrap_Bootstrap->run() /home/ydadmin/htdocs/lieferando/library/Zend/Application.php:366
 12. Zend_Application->run() /home/ydadmin/htdocs/lieferando/public/index.php:116
Server: www.yourdelivery.local
User agent: Mozilla/5.0 (X11; Ubuntu; Linux x86_64; rv:14.0) Gecko/20100101 Firefox/14.0.1
Url: /order_private/start
Referer: http://www.yourdelivery.local/servico-de-entega-steak-side-sao-paulo
[19-Aug-2012 18:40:23 UTC] User Notice: function call 'load_filter' is unknown or deprecated. in /home/ydadmin/htdocs/lieferando/library/Smarty/sysplugins/smarty_internal_wrapper.php on line 57
 0. handle_error() 
 1. trigger_error() /home/ydadmin/htdocs/lieferando/library/Smarty/sysplugins/smarty_internal_wrapper.php:57
 2. Smarty_Internal_Wrapper->convert() /home/ydadmin/htdocs/lieferando/library/Smarty/Smarty.php:765
 3. Smarty->__call() /home/ydadmin/htdocs/lieferando/library/Default/View/Smarty.php:216
 4. Smarty->load_filter() /home/ydadmin/htdocs/lieferando/library/Default/View/Smarty.php:216
 5. Default_View_Smarty->enableCache() /home/ydadmin/htdocs/lieferando/application/controllers/IndexController.php:16
 6. IndexController->indexAction() /home/ydadmin/htdocs/lieferando/library/Zend/Controller/Action.php:513
 7. Zend_Controller_Action->dispatch() /home/ydadmin/htdocs/lieferando/library/Zend/Controller/Dispatcher/Standard.php:289
 8. Zend_Controller_Dispatcher_Standard->dispatch() /home/ydadmin/htdocs/lieferando/library/Zend/Controller/Front.php:954
 9. Zend_Controller_Front->dispatch() /home/ydadmin/htdocs/lieferando/library/Zend/Application/Bootstrap/Bootstrap.php:97
 10. Zend_Application_Bootstrap_Bootstrap->run() /home/ydadmin/htdocs/lieferando/library/Zend/Application.php:366
 11. Zend_Application->run() /home/ydadmin/htdocs/lieferando/public/index.php:116
Server: www.yourdelivery.local
User agent: Mozilla/5.0 (X11; Ubuntu; Linux x86_64; rv:14.0) Gecko/20100101 Firefox/14.0.1
Url: /
Referer: http://www.yourdelivery.local/servico-de-entega-steak-side-sao-paulo
[19-Aug-2012 18:40:23 UTC] Notice: Undefined variable: GADocumentReady in /home/ydadmin/htdocs/lieferando/library/Smarty/sysplugins/smarty_internal_data.php on line 291
 0. handle_error() /home/ydadmin/htdocs/lieferando/library/Smarty/sysplugins/smarty_internal_data.php:291
 1. Smarty_Internal_Data->getVariable() /home/ydadmin/htdocs/lieferando/application/views/smarty/template_c/default/a8158007f2b45cd4729fc9111c2bd1621e73a8f5.file.analytics.htm.php:24
 2. include() /home/ydadmin/htdocs/lieferando/library/Smarty/sysplugins/smarty_internal_template.php:432
 3. Smarty_Internal_Template->renderTemplate() /home/ydadmin/htdocs/lieferando/library/Smarty/sysplugins/smarty_internal_template.php:567
 4. Smarty_Internal_Template->getRenderedTemplate() /home/ydadmin/htdocs/lieferando/application/views/smarty/template_c/default/dba42c7e27d09458b50efc99dd3b7b5dcf5925c0.file.index.htm.php:97
 5. include() /home/ydadmin/htdocs/lieferando/library/Smarty/sysplugins/smarty_internal_template.php:432
 6. Smarty_Internal_Template->renderTemplate() /home/ydadmin/htdocs/lieferando/library/Smarty/sysplugins/smarty_internal_template.php:567
 7. Smarty_Internal_Template->getRenderedTemplate() /home/ydadmin/htdocs/lieferando/library/Smarty/Smarty.php:336
 8. Smarty->fetch() /home/ydadmin/htdocs/lieferando/library/Default/View/Smarty.php:438
 9. Default_View_Smarty->render() /home/ydadmin/htdocs/lieferando/library/Zend/Controller/Action/Helper/ViewRenderer.php:897
 10. Zend_Controller_Action_Helper_ViewRenderer->renderScript() /home/ydadmin/htdocs/lieferando/library/Zend/Controller/Action/Helper/ViewRenderer.php:918
 11. Zend_Controller_Action_Helper_ViewRenderer->render() /home/ydadmin/htdocs/lieferando/library/Zend/Controller/Action/Helper/ViewRenderer.php:957
 12. Zend_Controller_Action_Helper_ViewRenderer->postDispatch() /home/ydadmin/htdocs/lieferando/library/Zend/Controller/Action/HelperBroker.php:277
 13. Zend_Controller_Action_HelperBroker->notifyPostDispatch() /home/ydadmin/htdocs/lieferando/library/Zend/Controller/Action.php:523
 14. Zend_Controller_Action->dispatch() /home/ydadmin/htdocs/lieferando/library/Zend/Controller/Dispatcher/Standard.php:289
 15. Zend_Controller_Dispatcher_Standard->dispatch() /home/ydadmin/htdocs/lieferando/library/Zend/Controller/Front.php:954
 16. Zend_Controller_Front->dispatch() /home/ydadmin/htdocs/lieferando/library/Zend/Application/Bootstrap/Bootstrap.php:97
 17. Zend_Application_Bootstrap_Bootstrap->run() /home/ydadmin/htdocs/lieferando/library/Zend/Application.php:366
 18. Zend_Application->run() /home/ydadmin/htdocs/lieferando/public/index.php:116
Server: www.yourdelivery.local
User agent: Mozilla/5.0 (X11; Ubuntu; Linux x86_64; rv:14.0) Gecko/20100101 Firefox/14.0.1
Url: /
Referer: http://www.yourdelivery.local/servico-de-entega-steak-side-sao-paulo
[19-Aug-2012 18:40:23 UTC] Notice: Undefined variable: GADocumentReady in /home/ydadmin/htdocs/lieferando/library/Smarty/sysplugins/smarty_internal_data.php on line 291
 0. handle_error() /home/ydadmin/htdocs/lieferando/library/Smarty/sysplugins/smarty_internal_data.php:291
 1. Smarty_Internal_Data->getVariable() /home/ydadmin/htdocs/lieferando/application/views/smarty/template_c/default/a8158007f2b45cd4729fc9111c2bd1621e73a8f5.file.analytics.htm.php:59
 2. include() /home/ydadmin/htdocs/lieferando/library/Smarty/sysplugins/smarty_internal_template.php:432
 3. Smarty_Internal_Template->renderTemplate() /home/ydadmin/htdocs/lieferando/library/Smarty/sysplugins/smarty_internal_template.php:567
 4. Smarty_Internal_Template->getRenderedTemplate() /home/ydadmin/htdocs/lieferando/application/views/smarty/template_c/default/dba42c7e27d09458b50efc99dd3b7b5dcf5925c0.file.index.htm.php:97
 5. include() /home/ydadmin/htdocs/lieferando/library/Smarty/sysplugins/smarty_internal_template.php:432
 6. Smarty_Internal_Template->renderTemplate() /home/ydadmin/htdocs/lieferando/library/Smarty/sysplugins/smarty_internal_template.php:567
 7. Smarty_Internal_Template->getRenderedTemplate() /home/ydadmin/htdocs/lieferando/library/Smarty/Smarty.php:336
 8. Smarty->fetch() /home/ydadmin/htdocs/lieferando/library/Default/View/Smarty.php:438
 9. Default_View_Smarty->render() /home/ydadmin/htdocs/lieferando/library/Zend/Controller/Action/Helper/ViewRenderer.php:897
 10. Zend_Controller_Action_Helper_ViewRenderer->renderScript() /home/ydadmin/htdocs/lieferando/library/Zend/Controller/Action/Helper/ViewRenderer.php:918
 11. Zend_Controller_Action_Helper_ViewRenderer->render() /home/ydadmin/htdocs/lieferando/library/Zend/Controller/Action/Helper/ViewRenderer.php:957
 12. Zend_Controller_Action_Helper_ViewRenderer->postDispatch() /home/ydadmin/htdocs/lieferando/library/Zend/Controller/Action/HelperBroker.php:277
 13. Zend_Controller_Action_HelperBroker->notifyPostDispatch() /home/ydadmin/htdocs/lieferando/library/Zend/Controller/Action.php:523
 14. Zend_Controller_Action->dispatch() /home/ydadmin/htdocs/lieferando/library/Zend/Controller/Dispatcher/Standard.php:289
 15. Zend_Controller_Dispatcher_Standard->dispatch() /home/ydadmin/htdocs/lieferando/library/Zend/Controller/Front.php:954
 16. Zend_Controller_Front->dispatch() /home/ydadmin/htdocs/lieferando/library/Zend/Application/Bootstrap/Bootstrap.php:97
 17. Zend_Application_Bootstrap_Bootstrap->run() /home/ydadmin/htdocs/lieferando/library/Zend/Application.php:366
 18. Zend_Application->run() /home/ydadmin/htdocs/lieferando/public/index.php:116
Server: www.yourdelivery.local
User agent: Mozilla/5.0 (X11; Ubuntu; Linux x86_64; rv:14.0) Gecko/20100101 Firefox/14.0.1
Url: /
Referer: http://www.yourdelivery.local/servico-de-entega-steak-side-sao-paulo
[19-Aug-2012 18:40:23 UTC] Notice: Undefined variable: newCustomerDiscountError in /home/ydadmin/htdocs/lieferando/library/Smarty/sysplugins/smarty_internal_data.php on line 291
 0. handle_error() /home/ydadmin/htdocs/lieferando/library/Smarty/sysplugins/smarty_internal_data.php:291
 1. Smarty_Internal_Data->getVariable() /home/ydadmin/htdocs/lieferando/application/views/smarty/template_c/default/95d06f10ef6938c1459865387824278d9b27fa1d.file.form_order.htm.php:20
 2. include() /home/ydadmin/htdocs/lieferando/library/Smarty/sysplugins/smarty_internal_template.php:432
 3. Smarty_Internal_Template->renderTemplate() /home/ydadmin/htdocs/lieferando/library/Smarty/sysplugins/smarty_internal_template.php:567
 4. Smarty_Internal_Template->getRenderedTemplate() /home/ydadmin/htdocs/lieferando/application/views/smarty/template_c/default/21f7aeade05861cc9d13dbe529b95a0cb6d5a138.file.login.htm.php:32
 5. include() /home/ydadmin/htdocs/lieferando/library/Smarty/sysplugins/smarty_internal_template.php:432
 6. Smarty_Internal_Template->renderTemplate() /home/ydadmin/htdocs/lieferando/library/Smarty/sysplugins/smarty_internal_template.php:567
 7. Smarty_Internal_Template->getRenderedTemplate() /home/ydadmin/htdocs/lieferando/application/views/smarty/template_c/default/49bf9610b91dbe993da1b0510a4afc454c654fa5.file.base_header.htm.php:28
 8. include() /home/ydadmin/htdocs/lieferando/library/Smarty/sysplugins/smarty_internal_template.php:432
 9. Smarty_Internal_Template->renderTemplate() /home/ydadmin/htdocs/lieferando/library/Smarty/sysplugins/smarty_internal_template.php:567
 10. Smarty_Internal_Template->getRenderedTemplate() /home/ydadmin/htdocs/lieferando/application/views/smarty/template_c/default/dba42c7e27d09458b50efc99dd3b7b5dcf5925c0.file.index.htm.php:107
 11. include() /home/ydadmin/htdocs/lieferando/library/Smarty/sysplugins/smarty_internal_template.php:432
 12. Smarty_Internal_Template->renderTemplate() /home/ydadmin/htdocs/lieferando/library/Smarty/sysplugins/smarty_internal_template.php:567
 13. Smarty_Internal_Template->getRenderedTemplate() /home/ydadmin/htdocs/lieferando/library/Smarty/Smarty.php:336
 14. Smarty->fetch() /home/ydadmin/htdocs/lieferando/library/Default/View/Smarty.php:438
 15. Default_View_Smarty->render() /home/ydadmin/htdocs/lieferando/library/Zend/Controller/Action/Helper/ViewRenderer.php:897
 16. Zend_Controller_Action_Helper_ViewRenderer->renderScript() /home/ydadmin/htdocs/lieferando/library/Zend/Controller/Action/Helper/ViewRenderer.php:918
 17. Zend_Controller_Action_Helper_ViewRenderer->render() /home/ydadmin/htdocs/lieferando/library/Zend/Controller/Action/Helper/ViewRenderer.php:957
 18. Zend_Controller_Action_Helper_ViewRenderer->postDispatch() /home/ydadmin/htdocs/lieferando/library/Zend/Controller/Action/HelperBroker.php:277
 19. Zend_Controller_Action_HelperBroker->notifyPostDispatch() /home/ydadmin/htdocs/lieferando/library/Zend/Controller/Action.php:523
 20. Zend_Controller_Action->dispatch() /home/ydadmin/htdocs/lieferando/library/Zend/Controller/Dispatcher/Standard.php:289
 21. Zend_Controller_Dispatcher_Standard->dispatch() /home/ydadmin/htdocs/lieferando/library/Zend/Controller/Front.php:954
 22. Zend_Controller_Front->dispatch() /home/ydadmin/htdocs/lieferando/library/Zend/Application/Bootstrap/Bootstrap.php:97
 23. Zend_Application_Bootstrap_Bootstrap->run() /home/ydadmin/htdocs/lieferando/library/Zend/Application.php:366
 24. Zend_Application->run() /home/ydadmin/htdocs/lieferando/public/index.php:116
Server: www.yourdelivery.local
User agent: Mozilla/5.0 (X11; Ubuntu; Linux x86_64; rv:14.0) Gecko/20100101 Firefox/14.0.1
Url: /
Referer: http://www.yourdelivery.local/servico-de-entega-steak-side-sao-paulo
[19-Aug-2012 18:40:23 UTC] Notice: Array to string conversion in /home/ydadmin/htdocs/lieferando/library/Yourdelivery/Session/Handler.php on line 43
 0. handle_error() /home/ydadmin/htdocs/lieferando/library/Yourdelivery/Session/Handler.php:43
 1. Yourdelivery_Session_Handler->write() 
 2. session_write_close() /home/ydadmin/htdocs/lieferando/library/Zend/Session.php:701
 3. Zend_Session::writeClose() /home/ydadmin/htdocs/lieferando/library/Zend/Session/SaveHandler/DbTable.php:217
 4. Zend_Session_SaveHandler_DbTable->__destruct() 
Server: www.yourdelivery.local
User agent: Mozilla/5.0 (X11; Ubuntu; Linux x86_64; rv:14.0) Gecko/20100101 Firefox/14.0.1
Url: /
Referer: http://www.yourdelivery.local/servico-de-entega-steak-side-sao-paulo
