[10-Sep-2012 07:27:29 UTC] PHP Notice:  Array to string conversion in /home/ydadmin/htdocs/lieferando/library/Zend/Session/Exception.php on line 58
[10-Sep-2012 07:27:29 UTC] PHP Stack trace:
[10-Sep-2012 07:27:29 UTC] PHP   1. {main}() /home/ydadmin/htdocs/lieferando/public/index.php:0
[10-Sep-2012 07:27:29 UTC] PHP   2. Zend_Application->bootstrap() /home/ydadmin/htdocs/lieferando/public/index.php:116
[10-Sep-2012 07:27:29 UTC] PHP   3. Zend_Application_Bootstrap_BootstrapAbstract->bootstrap() /home/ydadmin/htdocs/lieferando/library/Zend/Application.php:355
[10-Sep-2012 07:27:29 UTC] PHP   4. Zend_Application_Bootstrap_BootstrapAbstract->_bootstrap() /home/ydadmin/htdocs/lieferando/library/Zend/Application/Bootstrap/BootstrapAbstract.php:582
[10-Sep-2012 07:27:29 UTC] PHP   5. Zend_Application_Bootstrap_BootstrapAbstract->_executeResource() /home/ydadmin/htdocs/lieferando/library/Zend/Application/Bootstrap/BootstrapAbstract.php:618
[10-Sep-2012 07:27:29 UTC] PHP   6. Bootstrap->_initView() /home/ydadmin/htdocs/lieferando/library/Zend/Application/Bootstrap/BootstrapAbstract.php:665
[10-Sep-2012 07:27:29 UTC] PHP   7. Zend_Session_Namespace->__construct() /home/ydadmin/htdocs/lieferando/application/Bootstrap.php:828
[10-Sep-2012 07:27:29 UTC] PHP   8. Zend_Session::start() /home/ydadmin/htdocs/lieferando/library/Zend/Session/Namespace.php:143
[10-Sep-2012 07:27:29 UTC] PHP   9. session_start() /home/ydadmin/htdocs/lieferando/library/Zend/Session.php:480
[10-Sep-2012 07:27:29 UTC] PHP  10. Yourdelivery_Session_Handler->read() /home/ydadmin/htdocs/lieferando/library/Zend/Session.php:480
[10-Sep-2012 07:27:29 UTC] PHP  11. Zend_Session_SaveHandler_DbTable->read() /home/ydadmin/htdocs/lieferando/library/Yourdelivery/Session/Handler.php:33
[10-Sep-2012 07:27:29 UTC] PHP  12. Yourdelivery_Session_Handler->destroy() /home/ydadmin/htdocs/lieferando/library/Zend/Session/SaveHandler/DbTable.php:324
[10-Sep-2012 07:27:29 UTC] PHP  13. Zend_Session_SaveHandler_DbTable->destroy() /home/ydadmin/htdocs/lieferando/library/Yourdelivery/Session/Handler.php:72
[10-Sep-2012 07:27:29 UTC] PHP  14. Zend_Session_SaveHandler_DbTable->_getPrimary() /home/ydadmin/htdocs/lieferando/library/Zend/Session/SaveHandler/DbTable.php:374
[10-Sep-2012 07:27:29 UTC] PHP  15. Zend_Session_Exception::handleSessionStartError() /home/ydadmin/htdocs/lieferando/library/Zend/Session/SaveHandler/DbTable.php:536
[10-Sep-2012 07:27:29 UTC] PHP Notice:  Array to string conversion in /home/ydadmin/htdocs/lieferando/library/Zend/Session/Exception.php on line 71
[10-Sep-2012 07:27:29 UTC] PHP Stack trace:
[10-Sep-2012 07:27:29 UTC] PHP   1. {main}() /home/ydadmin/htdocs/lieferando/public/index.php:0
[10-Sep-2012 07:27:29 UTC] PHP   2. Zend_Application->bootstrap() /home/ydadmin/htdocs/lieferando/public/index.php:116
[10-Sep-2012 07:27:29 UTC] PHP   3. Zend_Application_Bootstrap_BootstrapAbstract->bootstrap() /home/ydadmin/htdocs/lieferando/library/Zend/Application.php:355
[10-Sep-2012 07:27:29 UTC] PHP   4. Zend_Application_Bootstrap_BootstrapAbstract->_bootstrap() /home/ydadmin/htdocs/lieferando/library/Zend/Application/Bootstrap/BootstrapAbstract.php:582
[10-Sep-2012 07:27:29 UTC] PHP   5. Zend_Application_Bootstrap_BootstrapAbstract->_executeResource() /home/ydadmin/htdocs/lieferando/library/Zend/Application/Bootstrap/BootstrapAbstract.php:618
[10-Sep-2012 07:27:29 UTC] PHP   6. Bootstrap->_initView() /home/ydadmin/htdocs/lieferando/library/Zend/Application/Bootstrap/BootstrapAbstract.php:665
[10-Sep-2012 07:27:29 UTC] PHP   7. Zend_Session_Namespace->__construct() /home/ydadmin/htdocs/lieferando/application/Bootstrap.php:828
[10-Sep-2012 07:27:29 UTC] PHP   8. Zend_Session::start() /home/ydadmin/htdocs/lieferando/library/Zend/Session/Namespace.php:143
[10-Sep-2012 07:27:29 UTC] PHP   9. session_write_close() /home/ydadmin/htdocs/lieferando/library/Zend/Session.php:490
[10-Sep-2012 07:27:29 UTC] PHP  10. Yourdelivery_Session_Handler->write() /home/ydadmin/htdocs/lieferando/library/Zend/Session.php:490
[10-Sep-2012 07:27:29 UTC] PHP  11. Zend_Session_Exception::handleSilentWriteClose() /home/ydadmin/htdocs/lieferando/library/Zend/Session.php:43
[10-Sep-2012 07:27:29 UTC] PHP Fatal error:  Uncaught exception 'Zend_Session_Exception' with message 'Zend_Session::start() - /home/ydadmin/htdocs/lieferando/library/Zend/Session/SaveHandler/DbTable.php(Line:536): Error #8 Array to string conversion Array
/home/ydadmin/htdocs/lieferando/library/Yourdelivery/Session/Handler.php(Line:43): Error #8 Array to string conversion Array' in /home/ydadmin/htdocs/lieferando/library/Zend/Session.php:493
Stack trace:
#0 /home/ydadmin/htdocs/lieferando/library/Zend/Session/Namespace.php(143): Zend_Session::start(true)
#1 /home/ydadmin/htdocs/lieferando/application/Bootstrap.php(828): Zend_Session_Namespace->__construct('Default')
#2 /home/ydadmin/htdocs/lieferando/library/Zend/Application/Bootstrap/BootstrapAbstract.php(665): Bootstrap->_initView()
#3 /home/ydadmin/htdocs/lieferando/library/Zend/Application/Bootstrap/BootstrapAbstract.php(618): Zend_Application_Bootstrap_BootstrapAbstract->_executeResource('view')
#4 /home/ydadmin/htdocs/lieferando/library/Zend/Application/Bootstrap/BootstrapAbstract.php(582): Zend_ in /home/ydadmin/htdocs/lieferando/library/Zend/Session.php on line 493
