[04-Jun-2012 16:28:48 UTC] Notice: Trying to get property of non-object in /home/ydadmin/htdocs/lieferando/public/index.php on line 82
 0. handle_error() /home/ydadmin/htdocs/lieferando/public/index.php:82
 1. isBaseUrl() /home/ydadmin/htdocs/lieferando/application/Bootstrap.php:371
 2. Bootstrap->__initSatelliteRoutes() /home/ydadmin/htdocs/lieferando/application/Bootstrap.php:189
 3. Bootstrap->_initRoutes() /home/ydadmin/htdocs/lieferando/library/Zend/Application/Bootstrap/BootstrapAbstract.php:665
 4. Zend_Application_Bootstrap_BootstrapAbstract->_executeResource() /home/ydadmin/htdocs/lieferando/library/Zend/Application/Bootstrap/BootstrapAbstract.php:618
 5. Zend_Application_Bootstrap_BootstrapAbstract->_bootstrap() /home/ydadmin/htdocs/lieferando/library/Zend/Application/Bootstrap/BootstrapAbstract.php:582
 6. Zend_Application_Bootstrap_BootstrapAbstract->bootstrap() /home/ydadmin/htdocs/lieferando/library/Zend/Application.php:355
 7. Zend_Application->bootstrap() /home/ydadmin/htdocs/lieferando/public/index.php:111
Server: www.yourdelivery.local
User agent: Mozilla/5.0 (X11; Ubuntu; Linux x86_64; rv:12.0) Gecko/20100101 Firefox/12.0
Url: /
[04-Jun-2012 16:28:48 UTC] Notice: Trying to get property of non-object in /home/ydadmin/htdocs/lieferando/public/index.php on line 82
 0. handle_error() /home/ydadmin/htdocs/lieferando/public/index.php:82
 1. isBaseUrl() /home/ydadmin/htdocs/lieferando/application/Bootstrap.php:277
 2. Bootstrap->__initDirectLinkRoutes() /home/ydadmin/htdocs/lieferando/application/Bootstrap.php:195
 3. Bootstrap->_initRoutes() /home/ydadmin/htdocs/lieferando/library/Zend/Application/Bootstrap/BootstrapAbstract.php:665
 4. Zend_Application_Bootstrap_BootstrapAbstract->_executeResource() /home/ydadmin/htdocs/lieferando/library/Zend/Application/Bootstrap/BootstrapAbstract.php:618
 5. Zend_Application_Bootstrap_BootstrapAbstract->_bootstrap() /home/ydadmin/htdocs/lieferando/library/Zend/Application/Bootstrap/BootstrapAbstract.php:582
 6. Zend_Application_Bootstrap_BootstrapAbstract->bootstrap() /home/ydadmin/htdocs/lieferando/library/Zend/Application.php:355
 7. Zend_Application->bootstrap() /home/ydadmin/htdocs/lieferando/public/index.php:111
Server: www.yourdelivery.local
User agent: Mozilla/5.0 (X11; Ubuntu; Linux x86_64; rv:12.0) Gecko/20100101 Firefox/12.0
Url: /
[04-Jun-2012 16:28:48 UTC] User Notice: function call 'load_filter' is unknown or deprecated. in /home/ydadmin/htdocs/lieferando/library/Smarty/sysplugins/smarty_internal_wrapper.php on line 57
 0. handle_error() 
 1. trigger_error() /home/ydadmin/htdocs/lieferando/library/Smarty/sysplugins/smarty_internal_wrapper.php:57
 2. Smarty_Internal_Wrapper->convert() /home/ydadmin/htdocs/lieferando/library/Smarty/Smarty.php:765
 3. Smarty->__call() /home/ydadmin/htdocs/lieferando/library/Default/View/Smarty.php:222
 4. Default_View_SmartyClass->load_filter() /home/ydadmin/htdocs/lieferando/library/Default/View/Smarty.php:222
 5. Default_View_Smarty->enableCache() /home/ydadmin/htdocs/lieferando/application/controllers/IndexController.php:16
 6. IndexController->indexAction() /home/ydadmin/htdocs/lieferando/library/Zend/Controller/Action.php:513
 7. Zend_Controller_Action->dispatch() /home/ydadmin/htdocs/lieferando/library/Zend/Controller/Dispatcher/Standard.php:289
 8. Zend_Controller_Dispatcher_Standard->dispatch() /home/ydadmin/htdocs/lieferando/library/Zend/Controller/Front.php:954
 9. Zend_Controller_Front->dispatch() /home/ydadmin/htdocs/lieferando/library/Zend/Application/Bootstrap/Bootstrap.php:97
 10. Zend_Application_Bootstrap_Bootstrap->run() /home/ydadmin/htdocs/lieferando/library/Zend/Application.php:366
 11. Zend_Application->run() /home/ydadmin/htdocs/lieferando/public/index.php:111
Server: www.yourdelivery.local
User agent: Mozilla/5.0 (X11; Ubuntu; Linux x86_64; rv:12.0) Gecko/20100101 Firefox/12.0
Url: /
[04-Jun-2012 16:28:48 UTC] Notice: Trying to get property of non-object in /home/ydadmin/htdocs/lieferando/application/views/smarty/template_c/default/227159eb25290be1b986f1e1296d66dc5e579d08.file.janamesa.com.br.htm.php on line 81
 0. handle_error() /home/ydadmin/htdocs/lieferando/application/views/smarty/template_c/default/227159eb25290be1b986f1e1296d66dc5e579d08.file.janamesa.com.br.htm.php:81
 1. include() /home/ydadmin/htdocs/lieferando/library/Smarty/sysplugins/smarty_internal_template.php:432
 2. Smarty_Internal_Template->renderTemplate() /home/ydadmin/htdocs/lieferando/library/Smarty/sysplugins/smarty_internal_template.php:567
 3. Smarty_Internal_Template->getRenderedTemplate() /home/ydadmin/htdocs/lieferando/application/views/smarty/template_c/default/44109004970e1efde07ba710795f1c560dc6e21a.file.index.htm.php:25
 4. include() /home/ydadmin/htdocs/lieferando/library/Smarty/sysplugins/smarty_internal_template.php:432
 5. Smarty_Internal_Template->renderTemplate() /home/ydadmin/htdocs/lieferando/library/Smarty/sysplugins/smarty_internal_template.php:567
 6. Smarty_Internal_Template->getRenderedTemplate() /home/ydadmin/htdocs/lieferando/library/Smarty/Smarty.php:336
 7. Smarty->fetch() /home/ydadmin/htdocs/lieferando/library/Default/View/Smarty.php:465
 8. Default_View_Smarty->render() /home/ydadmin/htdocs/lieferando/library/Zend/Controller/Action/Helper/ViewRenderer.php:897
 9. Zend_Controller_Action_Helper_ViewRenderer->renderScript() /home/ydadmin/htdocs/lieferando/library/Zend/Controller/Action/Helper/ViewRenderer.php:918
 10. Zend_Controller_Action_Helper_ViewRenderer->render() /home/ydadmin/htdocs/lieferando/library/Zend/Controller/Action/Helper/ViewRenderer.php:957
 11. Zend_Controller_Action_Helper_ViewRenderer->postDispatch() /home/ydadmin/htdocs/lieferando/library/Zend/Controller/Action/HelperBroker.php:277
 12. Zend_Controller_Action_HelperBroker->notifyPostDispatch() /home/ydadmin/htdocs/lieferando/library/Zend/Controller/Action.php:523
 13. Zend_Controller_Action->dispatch() /home/ydadmin/htdocs/lieferando/library/Zend/Controller/Dispatcher/Standard.php:289
 14. Zend_Controller_Dispatcher_Standard->dispatch() /home/ydadmin/htdocs/lieferando/library/Zend/Controller/Front.php:954
 15. Zend_Controller_Front->dispatch() /home/ydadmin/htdocs/lieferando/library/Zend/Application/Bootstrap/Bootstrap.php:97
 16. Zend_Application_Bootstrap_Bootstrap->run() /home/ydadmin/htdocs/lieferando/library/Zend/Application.php:366
 17. Zend_Application->run() /home/ydadmin/htdocs/lieferando/public/index.php:111
Server: www.yourdelivery.local
User agent: Mozilla/5.0 (X11; Ubuntu; Linux x86_64; rv:12.0) Gecko/20100101 Firefox/12.0
Url: /
[04-Jun-2012 16:28:48 UTC] Notice: Undefined variable: GADocumentReady in /home/ydadmin/htdocs/lieferando/library/Smarty/sysplugins/smarty_internal_data.php on line 291
 0. handle_error() /home/ydadmin/htdocs/lieferando/library/Smarty/sysplugins/smarty_internal_data.php:291
 1. Smarty_Internal_Data->getVariable() /home/ydadmin/htdocs/lieferando/application/views/smarty/template_c/default/a8158007f2b45cd4729fc9111c2bd1621e73a8f5.file.analytics.htm.php:24
 2. include() /home/ydadmin/htdocs/lieferando/library/Smarty/sysplugins/smarty_internal_template.php:432
 3. Smarty_Internal_Template->renderTemplate() /home/ydadmin/htdocs/lieferando/library/Smarty/sysplugins/smarty_internal_template.php:567
 4. Smarty_Internal_Template->getRenderedTemplate() /home/ydadmin/htdocs/lieferando/application/views/smarty/template_c/default/227159eb25290be1b986f1e1296d66dc5e579d08.file.janamesa.com.br.htm.php:112
 5. include() /home/ydadmin/htdocs/lieferando/library/Smarty/sysplugins/smarty_internal_template.php:432
 6. Smarty_Internal_Template->renderTemplate() /home/ydadmin/htdocs/lieferando/library/Smarty/sysplugins/smarty_internal_template.php:567
 7. Smarty_Internal_Template->getRenderedTemplate() /home/ydadmin/htdocs/lieferando/application/views/smarty/template_c/default/44109004970e1efde07ba710795f1c560dc6e21a.file.index.htm.php:25
 8. include() /home/ydadmin/htdocs/lieferando/library/Smarty/sysplugins/smarty_internal_template.php:432
 9. Smarty_Internal_Template->renderTemplate() /home/ydadmin/htdocs/lieferando/library/Smarty/sysplugins/smarty_internal_template.php:567
 10. Smarty_Internal_Template->getRenderedTemplate() /home/ydadmin/htdocs/lieferando/library/Smarty/Smarty.php:336
 11. Smarty->fetch() /home/ydadmin/htdocs/lieferando/library/Default/View/Smarty.php:465
 12. Default_View_Smarty->render() /home/ydadmin/htdocs/lieferando/library/Zend/Controller/Action/Helper/ViewRenderer.php:897
 13. Zend_Controller_Action_Helper_ViewRenderer->renderScript() /home/ydadmin/htdocs/lieferando/library/Zend/Controller/Action/Helper/ViewRenderer.php:918
 14. Zend_Controller_Action_Helper_ViewRenderer->render() /home/ydadmin/htdocs/lieferando/library/Zend/Controller/Action/Helper/ViewRenderer.php:957
 15. Zend_Controller_Action_Helper_ViewRenderer->postDispatch() /home/ydadmin/htdocs/lieferando/library/Zend/Controller/Action/HelperBroker.php:277
 16. Zend_Controller_Action_HelperBroker->notifyPostDispatch() /home/ydadmin/htdocs/lieferando/library/Zend/Controller/Action.php:523
 17. Zend_Controller_Action->dispatch() /home/ydadmin/htdocs/lieferando/library/Zend/Controller/Dispatcher/Standard.php:289
 18. Zend_Controller_Dispatcher_Standard->dispatch() /home/ydadmin/htdocs/lieferando/library/Zend/Controller/Front.php:954
 19. Zend_Controller_Front->dispatch() /home/ydadmin/htdocs/lieferando/library/Zend/Application/Bootstrap/Bootstrap.php:97
 20. Zend_Application_Bootstrap_Bootstrap->run() /home/ydadmin/htdocs/lieferando/library/Zend/Application.php:366
 21. Zend_Application->run() /home/ydadmin/htdocs/lieferando/public/index.php:111
Server: www.yourdelivery.local
User agent: Mozilla/5.0 (X11; Ubuntu; Linux x86_64; rv:12.0) Gecko/20100101 Firefox/12.0
Url: /
[04-Jun-2012 16:28:48 UTC] Notice: Undefined variable: GADocumentReady in /home/ydadmin/htdocs/lieferando/library/Smarty/sysplugins/smarty_internal_data.php on line 291
 0. handle_error() /home/ydadmin/htdocs/lieferando/library/Smarty/sysplugins/smarty_internal_data.php:291
 1. Smarty_Internal_Data->getVariable() /home/ydadmin/htdocs/lieferando/application/views/smarty/template_c/default/a8158007f2b45cd4729fc9111c2bd1621e73a8f5.file.analytics.htm.php:55
 2. include() /home/ydadmin/htdocs/lieferando/library/Smarty/sysplugins/smarty_internal_template.php:432
 3. Smarty_Internal_Template->renderTemplate() /home/ydadmin/htdocs/lieferando/library/Smarty/sysplugins/smarty_internal_template.php:567
 4. Smarty_Internal_Template->getRenderedTemplate() /home/ydadmin/htdocs/lieferando/application/views/smarty/template_c/default/227159eb25290be1b986f1e1296d66dc5e579d08.file.janamesa.com.br.htm.php:112
 5. include() /home/ydadmin/htdocs/lieferando/library/Smarty/sysplugins/smarty_internal_template.php:432
 6. Smarty_Internal_Template->renderTemplate() /home/ydadmin/htdocs/lieferando/library/Smarty/sysplugins/smarty_internal_template.php:567
 7. Smarty_Internal_Template->getRenderedTemplate() /home/ydadmin/htdocs/lieferando/application/views/smarty/template_c/default/44109004970e1efde07ba710795f1c560dc6e21a.file.index.htm.php:25
 8. include() /home/ydadmin/htdocs/lieferando/library/Smarty/sysplugins/smarty_internal_template.php:432
 9. Smarty_Internal_Template->renderTemplate() /home/ydadmin/htdocs/lieferando/library/Smarty/sysplugins/smarty_internal_template.php:567
 10. Smarty_Internal_Template->getRenderedTemplate() /home/ydadmin/htdocs/lieferando/library/Smarty/Smarty.php:336
 11. Smarty->fetch() /home/ydadmin/htdocs/lieferando/library/Default/View/Smarty.php:465
 12. Default_View_Smarty->render() /home/ydadmin/htdocs/lieferando/library/Zend/Controller/Action/Helper/ViewRenderer.php:897
 13. Zend_Controller_Action_Helper_ViewRenderer->renderScript() /home/ydadmin/htdocs/lieferando/library/Zend/Controller/Action/Helper/ViewRenderer.php:918
 14. Zend_Controller_Action_Helper_ViewRenderer->render() /home/ydadmin/htdocs/lieferando/library/Zend/Controller/Action/Helper/ViewRenderer.php:957
 15. Zend_Controller_Action_Helper_ViewRenderer->postDispatch() /home/ydadmin/htdocs/lieferando/library/Zend/Controller/Action/HelperBroker.php:277
 16. Zend_Controller_Action_HelperBroker->notifyPostDispatch() /home/ydadmin/htdocs/lieferando/library/Zend/Controller/Action.php:523
 17. Zend_Controller_Action->dispatch() /home/ydadmin/htdocs/lieferando/library/Zend/Controller/Dispatcher/Standard.php:289
 18. Zend_Controller_Dispatcher_Standard->dispatch() /home/ydadmin/htdocs/lieferando/library/Zend/Controller/Front.php:954
 19. Zend_Controller_Front->dispatch() /home/ydadmin/htdocs/lieferando/library/Zend/Application/Bootstrap/Bootstrap.php:97
 20. Zend_Application_Bootstrap_Bootstrap->run() /home/ydadmin/htdocs/lieferando/library/Zend/Application.php:366
 21. Zend_Application->run() /home/ydadmin/htdocs/lieferando/public/index.php:111
Server: www.yourdelivery.local
User agent: Mozilla/5.0 (X11; Ubuntu; Linux x86_64; rv:12.0) Gecko/20100101 Firefox/12.0
Url: /
[04-Jun-2012 16:28:49 UTC] Notice: Undefined variable: newCustomerDiscountError in /home/ydadmin/htdocs/lieferando/library/Smarty/sysplugins/smarty_internal_data.php on line 291
 0. handle_error() /home/ydadmin/htdocs/lieferando/library/Smarty/sysplugins/smarty_internal_data.php:291
 1. Smarty_Internal_Data->getVariable() /home/ydadmin/htdocs/lieferando/application/views/smarty/template_c/default/95d06f10ef6938c1459865387824278d9b27fa1d.file.form_order.htm.php:20
 2. include() /home/ydadmin/htdocs/lieferando/library/Smarty/sysplugins/smarty_internal_template.php:432
 3. Smarty_Internal_Template->renderTemplate() /home/ydadmin/htdocs/lieferando/library/Smarty/sysplugins/smarty_internal_template.php:567
 4. Smarty_Internal_Template->getRenderedTemplate() /home/ydadmin/htdocs/lieferando/application/views/smarty/template_c/default/1b555a8babb5486899fb3d9eebeda2b4627107c5.file.login.htm.php:37
 5. include() /home/ydadmin/htdocs/lieferando/library/Smarty/sysplugins/smarty_internal_template.php:432
 6. Smarty_Internal_Template->renderTemplate() /home/ydadmin/htdocs/lieferando/library/Smarty/sysplugins/smarty_internal_template.php:567
 7. Smarty_Internal_Template->getRenderedTemplate() /home/ydadmin/htdocs/lieferando/application/views/smarty/template_c/default/5fc73a72a27638a289f8e75f49c6ec7fd225a80a.file.janamesa.com.br.htm.php:28
 8. include() /home/ydadmin/htdocs/lieferando/library/Smarty/sysplugins/smarty_internal_template.php:432
 9. Smarty_Internal_Template->renderTemplate() /home/ydadmin/htdocs/lieferando/library/Smarty/sysplugins/smarty_internal_template.php:567
 10. Smarty_Internal_Template->getRenderedTemplate() /home/ydadmin/htdocs/lieferando/application/views/smarty/template_c/default/d89bc824c5aecb8146286aeaa38c5288a456af14.file.base_header.htm.php:25
 11. include() /home/ydadmin/htdocs/lieferando/library/Smarty/sysplugins/smarty_internal_template.php:432
 12. Smarty_Internal_Template->renderTemplate() /home/ydadmin/htdocs/lieferando/library/Smarty/sysplugins/smarty_internal_template.php:567
 13. Smarty_Internal_Template->getRenderedTemplate() /home/ydadmin/htdocs/lieferando/application/views/smarty/template_c/default/227159eb25290be1b986f1e1296d66dc5e579d08.file.janamesa.com.br.htm.php:122
 14. include() /home/ydadmin/htdocs/lieferando/library/Smarty/sysplugins/smarty_internal_template.php:432
 15. Smarty_Internal_Template->renderTemplate() /home/ydadmin/htdocs/lieferando/library/Smarty/sysplugins/smarty_internal_template.php:567
 16. Smarty_Internal_Template->getRenderedTemplate() /home/ydadmin/htdocs/lieferando/application/views/smarty/template_c/default/44109004970e1efde07ba710795f1c560dc6e21a.file.index.htm.php:25
 17. include() /home/ydadmin/htdocs/lieferando/library/Smarty/sysplugins/smarty_internal_template.php:432
 18. Smarty_Internal_Template->renderTemplate() /home/ydadmin/htdocs/lieferando/library/Smarty/sysplugins/smarty_internal_template.php:567
 19. Smarty_Internal_Template->getRenderedTemplate() /home/ydadmin/htdocs/lieferando/library/Smarty/Smarty.php:336
 20. Smarty->fetch() /home/ydadmin/htdocs/lieferando/library/Default/View/Smarty.php:465
 21. Default_View_Smarty->render() /home/ydadmin/htdocs/lieferando/library/Zend/Controller/Action/Helper/ViewRenderer.php:897
 22. Zend_Controller_Action_Helper_ViewRenderer->renderScript() /home/ydadmin/htdocs/lieferando/library/Zend/Controller/Action/Helper/ViewRenderer.php:918
 23. Zend_Controller_Action_Helper_ViewRenderer->render() /home/ydadmin/htdocs/lieferando/library/Zend/Controller/Action/Helper/ViewRenderer.php:957
 24. Zend_Controller_Action_Helper_ViewRenderer->postDispatch() /home/ydadmin/htdocs/lieferando/library/Zend/Controller/Action/HelperBroker.php:277
 25. Zend_Controller_Action_HelperBroker->notifyPostDispatch() /home/ydadmin/htdocs/lieferando/library/Zend/Controller/Action.php:523
 26. Zend_Controller_Action->dispatch() /home/ydadmin/htdocs/lieferando/library/Zend/Controller/Dispatcher/Standard.php:289
 27. Zend_Controller_Dispatcher_Standard->dispatch() /home/ydadmin/htdocs/lieferando/library/Zend/Controller/Front.php:954
 28. Zend_Controller_Front->dispatch() /home/ydadmin/htdocs/lieferando/library/Zend/Application/Bootstrap/Bootstrap.php:97
 29. Zend_Application_Bootstrap_Bootstrap->run() /home/ydadmin/htdocs/lieferando/library/Zend/Application.php:366
 30. Zend_Application->run() /home/ydadmin/htdocs/lieferando/public/index.php:111
Server: www.yourdelivery.local
User agent: Mozilla/5.0 (X11; Ubuntu; Linux x86_64; rv:12.0) Gecko/20100101 Firefox/12.0
Url: /
[04-Jun-2012 16:33:11 UTC] Notice: Trying to get property of non-object in /home/ydadmin/htdocs/lieferando/public/index.php on line 82
 0. handle_error() /home/ydadmin/htdocs/lieferando/public/index.php:82
 1. isBaseUrl() /home/ydadmin/htdocs/lieferando/application/Bootstrap.php:371
 2. Bootstrap->__initSatelliteRoutes() /home/ydadmin/htdocs/lieferando/application/Bootstrap.php:189
 3. Bootstrap->_initRoutes() /home/ydadmin/htdocs/lieferando/library/Zend/Application/Bootstrap/BootstrapAbstract.php:665
 4. Zend_Application_Bootstrap_BootstrapAbstract->_executeResource() /home/ydadmin/htdocs/lieferando/library/Zend/Application/Bootstrap/BootstrapAbstract.php:618
 5. Zend_Application_Bootstrap_BootstrapAbstract->_bootstrap() /home/ydadmin/htdocs/lieferando/library/Zend/Application/Bootstrap/BootstrapAbstract.php:582
 6. Zend_Application_Bootstrap_BootstrapAbstract->bootstrap() /home/ydadmin/htdocs/lieferando/library/Zend/Application.php:355
 7. Zend_Application->bootstrap() /home/ydadmin/htdocs/lieferando/public/index.php:111
Server: www.yourdelivery.local
User agent: Mozilla/5.0 (X11; Ubuntu; Linux x86_64; rv:12.0) Gecko/20100101 Firefox/12.0
Url: /request_cityverbose_autocomplete/cep?process=order
Referer: http://www.yourdelivery.local/
