[27-Nov-2012 16:11:03 UTC] Message: 0
Fatal error: Uncaught exception Exception in /home/ydadmin/htdocs/lieferando/cronjob_refactor/base.php line 155
Call Stack:
#0 /home/ydadmin/htdocs/lieferando/cronjob_refactor/seo/regions_and_districts.php(18): loadSqlFile('seo/sql/regions...')
#1 {main}

[27-Nov-2012 16:12:11 UTC] Message: 0
Fatal error: Uncaught exception Exception in /home/ydadmin/htdocs/lieferando/cronjob_refactor/base.php line 155
Call Stack:
#0 /home/ydadmin/htdocs/lieferando/cronjob_refactor/seo/regions_and_districts.php(18): loadSqlFile('seo/sql/regions...')
#1 {main}

[27-Nov-2012 16:14:17 UTC] Message: 0
Fatal error: Uncaught exception Exception in /home/ydadmin/htdocs/lieferando/cronjob_refactor/base.php line 155
Call Stack:
#0 /home/ydadmin/htdocs/lieferando/cronjob_refactor/seo/regions_and_districts.php(17): loadSqlFile('seo/sql/regions...')
#1 {main}

[27-Nov-2012 16:14:53 UTC] Message: 0
Fatal error: Uncaught exception Exception in /home/ydadmin/htdocs/lieferando/cronjob_refactor/base.php line 155
Call Stack:
#0 /home/ydadmin/htdocs/lieferando/cronjob_refactor/seo/regions_and_districts.php(17): loadSqlFile('seo/sql/regions...')
#1 {main}

[27-Nov-2012 16:15:48 UTC] Message: 0
Fatal error: Uncaught exception Exception in /home/ydadmin/htdocs/lieferando/cronjob_refactor/base.php line 155
Call Stack:
#0 /home/ydadmin/htdocs/lieferando/cronjob_refactor/seo/regions_and_districts.php(17): loadSqlFile('seo/sql/regions...')
#1 {main}

[27-Nov-2012 16:20:02 UTC] Message: 0
Fatal error: Uncaught exception Exception in /home/ydadmin/htdocs/lieferando/cronjob_refactor/base.php line 155
Call Stack:
#0 /home/ydadmin/htdocs/lieferando/cronjob_refactor/seo/regions_and_districts.php(17): loadSqlFile('seo/sql/regions...')
#1 {main}

[27-Nov-2012 16:21:07 UTC] Message: 0
Fatal error: Uncaught exception Exception in /home/ydadmin/htdocs/lieferando/cronjob_refactor/base.php line 155
Call Stack:
#0 /home/ydadmin/htdocs/lieferando/cronjob_refactor/seo/regions_and_districts.php(17): loadSqlFile('seo/sql/regions...')
#1 {main}

[27-Nov-2012 16:22:44 UTC] Message: 0
Fatal error: Uncaught exception Exception in /home/ydadmin/htdocs/lieferando/cronjob_refactor/base.php line 155
Call Stack:
#0 /home/ydadmin/htdocs/lieferando/cronjob_refactor/seo/regions_and_districts.php(16): loadSqlFile('seo/sql/regions...')
#1 {main}

[27-Nov-2012 16:29:11 UTC] Message: 0
Fatal error: Uncaught exception Exception in /home/ydadmin/htdocs/lieferando/cronjob_refactor/base.php line 155
Call Stack:
#0 /home/ydadmin/htdocs/lieferando/cronjob_refactor/seo/regions_and_districts.php(16): loadSqlFile('seo/sql/regions...')
#1 {main}

[27-Nov-2012 16:29:37 UTC] Message: 0
Fatal error: Uncaught exception Exception in /home/ydadmin/htdocs/lieferando/cronjob_refactor/base.php line 155
Call Stack:
#0 /home/ydadmin/htdocs/lieferando/cronjob_refactor/seo/regions_and_districts.php(16): loadSqlFile('seo/sql/regions...')
#1 {main}

[27-Nov-2012 16:30:16 UTC] Message: 0
Fatal error: Uncaught exception Exception in /home/ydadmin/htdocs/lieferando/cronjob_refactor/base.php line 155
Call Stack:
#0 /home/ydadmin/htdocs/lieferando/cronjob_refactor/seo/regions_and_districts.php(16): loadSqlFile('seo/sql/regions...')
#1 {main}

[27-Nov-2012 16:36:08 UTC] Message: 0
Fatal error: Uncaught exception Exception in /home/ydadmin/htdocs/lieferando/cronjob_refactor/base.php line 155
Call Stack:
#0 /home/ydadmin/htdocs/lieferando/cronjob_refactor/seo/regions_and_districts.php(17): loadSqlFile('seo/sql/regions...')
#1 {main}

[27-Nov-2012 16:36:21 UTC] Message: 0
Fatal error: Uncaught exception Exception in /home/ydadmin/htdocs/lieferando/cronjob_refactor/base.php line 155
Call Stack:
#0 /home/ydadmin/htdocs/lieferando/cronjob_refactor/seo/regions_and_districts.php(17): loadSqlFile('seo/sql/regions...')
#1 {main}

[27-Nov-2012 16:37:59 UTC] Message: 0
Fatal error: Uncaught exception Exception in /home/ydadmin/htdocs/lieferando/cronjob_refactor/base.php line 155
Call Stack:
#0 /home/ydadmin/htdocs/lieferando/cronjob_refactor/seo/regions_and_districts.php(18): loadSqlFile('seo/sql/regions...')
#1 {main}

[27-Nov-2012 16:38:25 UTC] Message: 0
Fatal error: Uncaught exception Exception in /home/ydadmin/htdocs/lieferando/cronjob_refactor/base.php line 155
Call Stack:
#0 /home/ydadmin/htdocs/lieferando/cronjob_refactor/seo/regions_and_districts.php(18): loadSqlFile('seo/sql/regions...')
#1 {main}

[27-Nov-2012 17:05:45 UTC] Strict: Declaration of Yourdelivery_Sender_Email_Template::send() should be compatible with Zend_Mail::send($transport = NULL) in /home/ydadmin/htdocs/lieferando/library/Yourdelivery/Sender/Email/Template.php on line 5
 0. handle_error() /home/ydadmin/htdocs/lieferando/library/Yourdelivery/Sender/Email/Template.php:5
 1. include_once() /home/ydadmin/htdocs/lieferando/library/Zend/Loader.php:146
 2. Zend_Loader::loadFile() /home/ydadmin/htdocs/lieferando/library/Zend/Loader.php:94
 3. Zend_Loader::loadClass() 
 4. call_user_func() /home/ydadmin/htdocs/lieferando/library/Zend/Loader/Autoloader.php:474
 5. Zend_Loader_Autoloader->_autoload() 
 6. call_user_func() /home/ydadmin/htdocs/lieferando/library/Zend/Loader/Autoloader.php:130
 7. Zend_Loader_Autoloader::autoload() 
 8. spl_autoload_call() /home/ydadmin/htdocs/lieferando/cronjob_refactor/service/satellites.php:39
[27-Nov-2012 17:05:45 UTC] Message: Unable to load template file 'satellites.htm'
Fatal error: Uncaught exception Yourdelivery_Sender_Email_Template_Exception in /home/ydadmin/htdocs/lieferando/library/Yourdelivery/Sender/Email/Template.php line 106
Call Stack:
#0 /home/ydadmin/htdocs/lieferando/cronjob_refactor/service/satellites.php(44): Yourdelivery_Sender_Email_Template->send('system')
#1 {main}

[27-Nov-2012 17:08:42 UTC] Strict: Declaration of Yourdelivery_Sender_Email_Template::send() should be compatible with Zend_Mail::send($transport = NULL) in /home/ydadmin/htdocs/lieferando/library/Yourdelivery/Sender/Email/Template.php on line 5
 0. handle_error() /home/ydadmin/htdocs/lieferando/library/Yourdelivery/Sender/Email/Template.php:5
 1. include_once() /home/ydadmin/htdocs/lieferando/library/Zend/Loader.php:146
 2. Zend_Loader::loadFile() /home/ydadmin/htdocs/lieferando/library/Zend/Loader.php:94
 3. Zend_Loader::loadClass() 
 4. call_user_func() /home/ydadmin/htdocs/lieferando/library/Zend/Loader/Autoloader.php:474
 5. Zend_Loader_Autoloader->_autoload() 
 6. call_user_func() /home/ydadmin/htdocs/lieferando/library/Zend/Loader/Autoloader.php:130
 7. Zend_Loader_Autoloader::autoload() 
 8. spl_autoload_call() /home/ydadmin/htdocs/lieferando/cronjob_refactor/service/satellites.php:42
[27-Nov-2012 17:08:42 UTC] Message: Unable to load template file 'satellites.htm'
Fatal error: Uncaught exception Yourdelivery_Sender_Email_Template_Exception in /home/ydadmin/htdocs/lieferando/library/Yourdelivery/Sender/Email/Template.php line 106
Call Stack:
#0 /home/ydadmin/htdocs/lieferando/cronjob_refactor/service/satellites.php(47): Yourdelivery_Sender_Email_Template->send('system')
#1 {main}

[27-Nov-2012 17:11:25 UTC] Strict: Declaration of Yourdelivery_Sender_Email_Template::send() should be compatible with Zend_Mail::send($transport = NULL) in /home/ydadmin/htdocs/lieferando/library/Yourdelivery/Sender/Email/Template.php on line 5
 0. handle_error() /home/ydadmin/htdocs/lieferando/library/Yourdelivery/Sender/Email/Template.php:5
 1. include_once() /home/ydadmin/htdocs/lieferando/library/Zend/Loader.php:146
 2. Zend_Loader::loadFile() /home/ydadmin/htdocs/lieferando/library/Zend/Loader.php:94
 3. Zend_Loader::loadClass() 
 4. call_user_func() /home/ydadmin/htdocs/lieferando/library/Zend/Loader/Autoloader.php:474
 5. Zend_Loader_Autoloader->_autoload() 
 6. call_user_func() /home/ydadmin/htdocs/lieferando/library/Zend/Loader/Autoloader.php:130
 7. Zend_Loader_Autoloader::autoload() 
 8. spl_autoload_call() /home/ydadmin/htdocs/lieferando/cronjob_refactor/service/satellites.php:41
[27-Nov-2012 17:11:25 UTC] Message: Unable to load template file 'satellites.htm'
Fatal error: Uncaught exception Yourdelivery_Sender_Email_Template_Exception in /home/ydadmin/htdocs/lieferando/library/Yourdelivery/Sender/Email/Template.php line 106
Call Stack:
#0 /home/ydadmin/htdocs/lieferando/cronjob_refactor/service/satellites.php(46): Yourdelivery_Sender_Email_Template->send('system')
#1 {main}

