[14-Jun-2012 08:44:14 UTC] Notice: Trying to get property of non-object in /home/ydadmin/htdocs/lieferando/public/index.php on line 82
 0. handle_error() /home/ydadmin/htdocs/lieferando/public/index.php:82
 1. isBaseUrl() /home/ydadmin/htdocs/lieferando/application/Bootstrap.php:432
 2. Bootstrap->__initSatelliteRoutes() /home/ydadmin/htdocs/lieferando/application/Bootstrap.php:250
 3. Bootstrap->_initRoutes() /home/ydadmin/htdocs/lieferando/library/Zend/Application/Bootstrap/BootstrapAbstract.php:665
 4. Zend_Application_Bootstrap_BootstrapAbstract->_executeResource() /home/ydadmin/htdocs/lieferando/library/Zend/Application/Bootstrap/BootstrapAbstract.php:618
 5. Zend_Application_Bootstrap_BootstrapAbstract->_bootstrap() /home/ydadmin/htdocs/lieferando/library/Zend/Application/Bootstrap/BootstrapAbstract.php:582
 6. Zend_Application_Bootstrap_BootstrapAbstract->bootstrap() /home/ydadmin/htdocs/lieferando/library/Zend/Application.php:355
 7. Zend_Application->bootstrap() /home/ydadmin/htdocs/lieferando/public/index.php:111
Server: www.yourdelivery.local
User agent: Mozilla/5.0 (X11; Ubuntu; Linux x86_64; rv:13.0) Gecko/20100101 Firefox/13.0
Url: /request_order/callmeal/id/29777/size/0/update/false
Referer: http://www.yourdelivery.local/servico-de-entrega-nacho-libre-sao-paulo
[14-Jun-2012 08:44:14 UTC] User Notice: function call 'load_filter' is unknown or deprecated. in /home/ydadmin/htdocs/lieferando/library/Smarty/sysplugins/smarty_internal_wrapper.php on line 57
 0. handle_error() 
 1. trigger_error() /home/ydadmin/htdocs/lieferando/library/Smarty/sysplugins/smarty_internal_wrapper.php:57
 2. Smarty_Internal_Wrapper->convert() /home/ydadmin/htdocs/lieferando/library/Smarty/Smarty.php:765
 3. Smarty->__call() /home/ydadmin/htdocs/lieferando/library/Default/View/Smarty.php:222
 4. Default_View_SmartyClass->load_filter() /home/ydadmin/htdocs/lieferando/library/Default/View/Smarty.php:222
 5. Default_View_Smarty->enableCache() /home/ydadmin/htdocs/lieferando/application/controllers/Request/OrderController.php:526
 6. Request_OrderController->callmealAction() /home/ydadmin/htdocs/lieferando/library/Zend/Controller/Action.php:513
 7. Zend_Controller_Action->dispatch() /home/ydadmin/htdocs/lieferando/library/Zend/Controller/Dispatcher/Standard.php:289
 8. Zend_Controller_Dispatcher_Standard->dispatch() /home/ydadmin/htdocs/lieferando/library/Zend/Controller/Front.php:954
 9. Zend_Controller_Front->dispatch() /home/ydadmin/htdocs/lieferando/library/Zend/Application/Bootstrap/Bootstrap.php:97
 10. Zend_Application_Bootstrap_Bootstrap->run() /home/ydadmin/htdocs/lieferando/library/Zend/Application.php:366
 11. Zend_Application->run() /home/ydadmin/htdocs/lieferando/public/index.php:111
Server: www.yourdelivery.local
User agent: Mozilla/5.0 (X11; Ubuntu; Linux x86_64; rv:13.0) Gecko/20100101 Firefox/13.0
Url: /request_order/callmeal/id/29777/size/0/update/false
Referer: http://www.yourdelivery.local/servico-de-entrega-nacho-libre-sao-paulo
[14-Jun-2012 08:44:14 UTC] Notice: Undefined offset: 3648 in /home/ydadmin/htdocs/lieferando/application/models/Meals.php on line 625
 0. handle_error() /home/ydadmin/htdocs/lieferando/application/models/Meals.php:625
 1. Yourdelivery_Model_Meals->hasExtras() /home/ydadmin/htdocs/lieferando/application/models/Meals.php:610
 2. Yourdelivery_Model_Meals->hasAnyExtras() /home/ydadmin/htdocs/lieferando/application/views/smarty/template_c/janamesa.com.br/56f1afe9b8021abb0e7dfcd646dd8f9dc38d801b.file.callmeal.htm.php:216
 3. include() /home/ydadmin/htdocs/lieferando/library/Smarty/sysplugins/smarty_internal_template.php:432
 4. Smarty_Internal_Template->renderTemplate() /home/ydadmin/htdocs/lieferando/library/Smarty/sysplugins/smarty_internal_template.php:567
 5. Smarty_Internal_Template->getRenderedTemplate() /home/ydadmin/htdocs/lieferando/library/Smarty/Smarty.php:336
 6. Smarty->fetch() /home/ydadmin/htdocs/lieferando/library/Default/View/Smarty.php:465
 7. Default_View_Smarty->render() /home/ydadmin/htdocs/lieferando/library/Zend/Controller/Action/Helper/ViewRenderer.php:897
 8. Zend_Controller_Action_Helper_ViewRenderer->renderScript() /home/ydadmin/htdocs/lieferando/library/Zend/Controller/Action/Helper/ViewRenderer.php:918
 9. Zend_Controller_Action_Helper_ViewRenderer->render() /home/ydadmin/htdocs/lieferando/library/Zend/Controller/Action/Helper/ViewRenderer.php:957
 10. Zend_Controller_Action_Helper_ViewRenderer->postDispatch() /home/ydadmin/htdocs/lieferando/library/Zend/Controller/Action/HelperBroker.php:277
 11. Zend_Controller_Action_HelperBroker->notifyPostDispatch() /home/ydadmin/htdocs/lieferando/library/Zend/Controller/Action.php:523
 12. Zend_Controller_Action->dispatch() /home/ydadmin/htdocs/lieferando/library/Zend/Controller/Dispatcher/Standard.php:289
 13. Zend_Controller_Dispatcher_Standard->dispatch() /home/ydadmin/htdocs/lieferando/library/Zend/Controller/Front.php:954
 14. Zend_Controller_Front->dispatch() /home/ydadmin/htdocs/lieferando/library/Zend/Application/Bootstrap/Bootstrap.php:97
 15. Zend_Application_Bootstrap_Bootstrap->run() /home/ydadmin/htdocs/lieferando/library/Zend/Application.php:366
 16. Zend_Application->run() /home/ydadmin/htdocs/lieferando/public/index.php:111
Server: www.yourdelivery.local
User agent: Mozilla/5.0 (X11; Ubuntu; Linux x86_64; rv:13.0) Gecko/20100101 Firefox/13.0
Url: /request_order/callmeal/id/29777/size/0/update/false
Referer: http://www.yourdelivery.local/servico-de-entrega-nacho-libre-sao-paulo
[14-Jun-2012 08:44:14 UTC] Notice: Undefined offset: 3649 in /home/ydadmin/htdocs/lieferando/application/models/Meals.php on line 625
 0. handle_error() /home/ydadmin/htdocs/lieferando/application/models/Meals.php:625
 1. Yourdelivery_Model_Meals->hasExtras() /home/ydadmin/htdocs/lieferando/application/models/Meals.php:610
 2. Yourdelivery_Model_Meals->hasAnyExtras() /home/ydadmin/htdocs/lieferando/application/views/smarty/template_c/janamesa.com.br/56f1afe9b8021abb0e7dfcd646dd8f9dc38d801b.file.callmeal.htm.php:216
 3. include() /home/ydadmin/htdocs/lieferando/library/Smarty/sysplugins/smarty_internal_template.php:432
 4. Smarty_Internal_Template->renderTemplate() /home/ydadmin/htdocs/lieferando/library/Smarty/sysplugins/smarty_internal_template.php:567
 5. Smarty_Internal_Template->getRenderedTemplate() /home/ydadmin/htdocs/lieferando/library/Smarty/Smarty.php:336
 6. Smarty->fetch() /home/ydadmin/htdocs/lieferando/library/Default/View/Smarty.php:465
 7. Default_View_Smarty->render() /home/ydadmin/htdocs/lieferando/library/Zend/Controller/Action/Helper/ViewRenderer.php:897
 8. Zend_Controller_Action_Helper_ViewRenderer->renderScript() /home/ydadmin/htdocs/lieferando/library/Zend/Controller/Action/Helper/ViewRenderer.php:918
 9. Zend_Controller_Action_Helper_ViewRenderer->render() /home/ydadmin/htdocs/lieferando/library/Zend/Controller/Action/Helper/ViewRenderer.php:957
 10. Zend_Controller_Action_Helper_ViewRenderer->postDispatch() /home/ydadmin/htdocs/lieferando/library/Zend/Controller/Action/HelperBroker.php:277
 11. Zend_Controller_Action_HelperBroker->notifyPostDispatch() /home/ydadmin/htdocs/lieferando/library/Zend/Controller/Action.php:523
 12. Zend_Controller_Action->dispatch() /home/ydadmin/htdocs/lieferando/library/Zend/Controller/Dispatcher/Standard.php:289
 13. Zend_Controller_Dispatcher_Standard->dispatch() /home/ydadmin/htdocs/lieferando/library/Zend/Controller/Front.php:954
 14. Zend_Controller_Front->dispatch() /home/ydadmin/htdocs/lieferando/library/Zend/Application/Bootstrap/Bootstrap.php:97
 15. Zend_Application_Bootstrap_Bootstrap->run() /home/ydadmin/htdocs/lieferando/library/Zend/Application.php:366
 16. Zend_Application->run() /home/ydadmin/htdocs/lieferando/public/index.php:111
Server: www.yourdelivery.local
User agent: Mozilla/5.0 (X11; Ubuntu; Linux x86_64; rv:13.0) Gecko/20100101 Firefox/13.0
Url: /request_order/callmeal/id/29777/size/0/update/false
Referer: http://www.yourdelivery.local/servico-de-entrega-nacho-libre-sao-paulo
